       0    99.971    99.981 
      10   104.970   106.366 
      20   104.970   104.905 
      30   104.970   104.970 
      40   104.970   104.988 
      50   104.970   104.994 
      60   104.970   104.999 
      70   105.078     0.000 
      80   105.002     0.000 
      90   104.955     0.000 
     100   104.955    89.424 
     110   104.975   104.995 
     120   105.092     0.000 
     130   104.968     0.000 
     140   104.968    54.767 
     150   105.018    54.445 
     160   105.013   104.981 
     170   104.976   104.994 
     180   104.976   104.995 
     190   104.955     0.000 
     200   104.951    11.469 
     210   104.961   106.953 
     220   104.975   104.995 
     230   104.977   104.992 
     240   104.978   104.992 
     250   104.964     0.000 
     260   104.963     0.000 
     270   104.964    25.205 
     280   104.965    80.772 
     290   105.123   104.994 
     300   104.978   104.993 
     310   104.979   104.987 
     320   104.332   -74.331 
     330   104.987     0.000 
     340   104.935     0.000 
     350   104.936    -1.906 
     360   104.794    87.737 
     370   104.726   104.386 
     380   104.975   104.960 
     390   104.998   103.776 
     400   104.976   104.866 
     410   117.589   104.476 
     420   104.970   104.975 
     430   104.968   104.962 
     440   104.756   104.652 
     450   104.984   104.970 
     460   104.788   105.139 
     470   104.978   104.977 
     480   104.982   104.984 
     490   104.997   104.986 
     500   105.081   104.324 
     510   104.983   104.975 
     520   104.956   104.992 
     530   104.982   104.992 
     540   104.981   104.992 
     550   104.984     0.000 
     560   105.097    19.905 
     570   105.187     0.000 
     580   105.116     0.000 
     590   104.980     0.000 
     600   104.982    27.192 
     610   104.982   118.818 
     620   100.612   -66.175 
     630   104.786   104.942 
     640   104.975   104.993 
     650   105.167   -32.572 
     660    98.296    33.551 
     670   102.614   101.633 
     680   109.365   114.578 
     690   112.294    99.899 
     700   118.137    96.841 
     710   119.745   103.829 
     720   128.489   104.616 
     730   104.782   104.990 
     740   104.789   103.015 
     750   104.948   105.032 
     760   104.697   104.620 
     770   104.899   104.768 
     780    20.333   114.184 
     790   105.287   104.959 
     800   103.576   104.936 
     810   105.235   105.461 
     820   104.936   105.156 
     830   104.564   105.027 
     840   105.425   105.586 
     850   104.526   105.295 
     860   105.271   104.696 
     870   109.017    87.050 
     880   104.954   104.963 
     890   104.893   104.952 
     900   104.961   104.984 
     910   104.973   104.956 
     920   104.988   105.004 
     930   104.977   104.946 
     940   105.015   104.910 
     950   104.966   104.961 
     960   104.981   104.971 
     970   104.978   105.037 
     980   104.910   104.997 
     990   105.031   104.969 
    1000   103.087   105.643 
    1010   104.964   104.978 
    1020   104.997   104.981 
    1030   104.914   104.944 
    1040   104.974   104.976 
    1050   100.594   103.158 
    1060   104.982   104.978 
    1070   104.989   104.939 
    1080   104.986   104.980 
    1090   104.985   104.979 
    1100   104.986   104.986 
    1110   104.911   104.756 
    1120   104.980   104.985 
    1130   104.987   104.984 
    1140   104.978   105.005 
    1150   104.967   104.972 
    1160   105.092   105.168 
    1170   104.976   105.007 
    1180   104.987   104.987 
    1190   104.987   104.987 
    1200   104.966   104.982 
    1210   104.974   105.004 
    1220   105.003   104.991 
    1230   104.992   104.989 
    1240   105.006   104.989 
    1250   104.999   104.993 
    1260   104.988   104.991 
    1270   104.988   104.993 
    1280   104.989   104.993 
    1290   104.998   104.994 
    1300   105.004   105.761 
    1310   104.989   104.989 
    1320   104.793     0.000 
    1330   104.990   104.991 
    1340   104.975   104.995 
    1350   105.006   104.994 
    1360   104.989     0.000 
    1370   104.886     0.000 
    1380   105.035     0.000 
    1390   104.987    91.247 
    1400   104.994    91.185 
    1410   104.989   104.995 
    1420   104.990     0.000 
    1430   104.988     0.000 
    1440   104.989     0.000 
    1450   104.991    62.624 
    1460   104.990   104.994 
    1470   104.986   104.997 
    1480   104.989   104.994 
    1490   104.989   104.978 
    1500   104.989    24.687 
    1510   111.053   104.428 
    1520   104.999   104.942 
    1530   104.990   104.966 
    1540   104.945   105.035 
    1550   105.049   105.216 
    1560   105.048   105.074 
    1570   104.995   104.954 
    1580   104.977   105.099 
    1590   105.150   105.026 
    1600   104.978   104.988 
    1610   104.990   104.987 
    1620   104.981   104.981 
    1630   104.983     0.000 
    1640   104.999     0.000 
    1650   104.946    94.921 
    1660   104.990   104.995 
    1670   104.992   105.579 
    1680   104.988   104.994 
    1690   104.976   104.995 
    1700   105.158     0.000 
    1710   104.992    76.066 
    1720   104.992    78.264 
    1730   104.942   103.490 
    1740   104.989   104.973 
    1750   104.754     0.000 
    1760   104.991     0.000 
    1770   104.991     0.000 
    1780   104.988   103.163 
    1790   104.990     0.000 
    1800   104.987     0.000 
    1810   105.010    38.755 
    1820   105.014     0.000 
    1830   104.993     0.000 
    1840   104.990     0.000 
    1850   104.992    56.489 
    1860   104.991   104.989 
    1870   104.987   104.992 
    1880   104.990   104.994 
    1890   104.981     0.000 
    1900   105.535   -68.640 
    1910   108.879    14.611 
    1920   118.956    75.841 
    1930    99.848   106.882 
    1940    89.800    92.744 
    1950   104.813   105.962 
    1960   104.985   104.641 
    1970   107.794   104.296 
    1980   104.530   104.919 
    1990   105.020   104.583 
    2000   105.002   104.785 
    2010   109.044   105.233 
    2020   104.975   104.550 
    2030   105.256   105.084 
    2040   104.812   105.369 
    2050   104.182   104.707 
    2060   104.938   104.924 
    2070   104.991   104.987 
    2080   104.972   104.807 
    2090   104.979   104.848 
    2100   104.979   104.987 
    2110   105.146   105.001 
    2120   104.974   104.983 
    2130   105.003   104.614 
    2140   104.990   104.965 
    2150   104.976   104.960 
    2160   104.703   104.948 
    2170   104.999   104.973 
    2180   104.591   105.465 
    2190   105.030   105.293 
    2200   104.989   104.977 
    2210   105.302   104.988 
    2220   104.994   104.992 
    2230   104.992   104.983 
    2240   104.994   104.977 
    2250   104.998   105.059 
    2260   104.995   104.984 
    2270   104.995   104.982 
    2280   104.994   104.977 
    2290     0.000   104.988 
    2300     0.000   104.994 
    2310     0.000   104.995 
    2320     0.000   104.995 
    2330    91.546   104.994 
    2340     0.000   104.995 
    2350    91.518   104.988 
    2360   104.995   104.916 
    2370     0.000   104.962 
    2380   104.773   104.982 
    2390   104.994   104.988 
    2400     0.000   104.986 
    2410    87.556   104.729 
    2420    89.251   104.757 
    2430   104.713   104.792 
    2440   105.181   104.982 
    2450     0.000   104.989 
    2460    33.182   105.054 
    2470     0.000   105.111 
    2480     0.000   105.008 
    2490     0.000   104.982 
    2500    72.701   104.992 
    2510   104.995   104.844 
    2520   104.994   104.988 
    2530     0.000   104.979 
    2540     0.000   104.980 
    2550    75.816   105.087 
    2560   104.825   100.980 
    2570   104.994   104.994 
    2580     0.000   104.984 
    2590     0.000   105.010 
    2600     0.000   104.981 
    2610   104.996   104.989 
    2620     0.000   105.025 
    2630     0.000   104.989 
    2640     0.000   105.123 
    2650    82.388   104.928 
    2660   105.002   104.989 
    2670     0.000   104.990 
    2680     0.000   104.996 
    2690     0.000   104.977 
    2700    59.934   105.110 
    2710   104.995   105.046 
    2720   104.994   104.989 
    2730   104.993   104.993 
    2740     0.000   104.966 
    2750    21.548   104.902 
    2760   102.872   105.019 
    2770   104.979   104.991 
    2780   104.990   104.991 
    2790   104.991   104.984 
    2800   104.991   105.033 
    2810   104.991   104.992 
    2820   104.994   104.994 
    2830     0.000   104.993 
    2840     0.000   104.991 
    2850    -7.342   105.210 
    2860    75.108   104.822 
    2870   105.137   103.804 
    2880   104.893   102.031 
    2890   111.618    94.393 
    2900   104.976   105.020 
    2910   104.980   105.373 
    2920   104.977   104.999 
    2930   104.987   104.993 
    2940   104.985   104.993 
    2950   104.994   104.957 
    2960   104.989   104.993 
    2970   104.836   104.959 
    2980   104.993   104.993 
    2990   104.993   105.001 
    3000   284.973     0.000 
    3010    75.979   -15.494 
    3020    75.090   -17.886 
    3030    74.628    28.975 
    3040   108.139   122.971 
    3050   109.693    95.605 
    3060   105.267   105.157 
    3070   106.296   104.235 
    3080   105.289   105.104 
    3090   106.390   105.711 
    3100   107.370   123.117 
    3110   104.904   104.970 
    3120   106.437   104.859 
    3130   105.133   104.988 
    3140   105.420   105.016 
    3150   104.402   104.340 
    3160   105.441   104.993 
    3170   104.233    43.739 
    3180   104.449    95.170 
    3190   105.613   104.652 
    3200   104.975   104.998 
    3210   105.097     0.000 
    3220   104.192     0.000 
    3230   105.907   -13.136 
    3240   105.580     0.000 
    3250   105.582   -16.708 
    3260   111.728    89.256 
    3270   106.621   103.780 
    3280   105.427   104.449 
    3290   106.625   106.300 
    3300   105.089   101.771 
    3310   105.730   104.729 
    3320   105.055   104.688 
    3330   105.081   104.621 
    3340   105.121   104.740 
    3350   105.324   104.930 
    3360   105.307   104.520 
    3370   105.342   104.567 
    3380   105.118   105.084 
    3390   105.208   104.941 
    3400   105.133   104.955 
    3410   105.147   104.946 
    3420   105.264   105.069 
    3430   105.233   105.162 
    3440   105.268   100.818 
    3450   105.119   104.963 
    3460   105.151   105.013 
    3470   105.195   105.577 
    3480   105.102   104.976 
    3490   105.119   104.976 
    3500   104.948     0.000 
    3510   105.161     0.000 
    3520   105.310     0.000 
    3530   104.897     7.679 
    3540   101.643    96.123 
    3550   105.504   105.806 
    3560   105.303   104.768 
    3570   104.975   104.787 
    3580   105.878   105.177 
    3590   105.163   104.951 
    3600   105.163   104.944 
    3610   105.072   104.930 
    3620   105.125   104.987 
    3630   104.982   104.946 
    3640   105.070   104.967 
    3650   105.164   104.948 
    3660   104.988   105.048 
    3670   105.019   104.969 
    3680   105.057   104.970 
    3690   105.071   104.978 
    3700   105.068   104.956 
    3710   104.966   104.991 
    3720   105.060   104.979 
    3730   105.087   104.981 
    3740   105.067   104.918 
    3750   105.066   104.913 
    3760   104.991   104.965 
    3770   105.070   104.990 
    3780   105.053   104.985 
    3790   105.062   104.988 
    3800   105.199     0.000 
    3810   104.818   106.376 
    3820   105.075   105.012 
    3830   105.062   104.990 
    3840   105.486     0.000 
    3850   105.435     0.000 
    3860   105.357     0.000 
    3870   105.348     0.000 
    3880   105.346    69.055 
    3890   104.979   104.987 
    3900   105.009   104.949 
    3910   105.147   104.996 
    3920   105.058   104.990 
    3930   104.940    15.454 
    3940   103.950   104.046 
    3950   107.907   106.591 
    3960   105.210   105.497 
    3970   105.250   104.204 
    3980   104.518   104.993 
    3990   107.222   105.005 
    4000   104.840   104.913 
    4010   105.049   104.897 
    4020   104.477   102.462 
    4030   105.084   104.913 
    4040   105.120   104.959 
    4050   104.796   105.493 
    4060   104.985   106.174 
    4070   105.055   104.949 
    4080   105.058   104.950 
    4090   105.046   102.203 
    4100   105.140   104.957 
    4110   105.044   104.966 
    4120   105.059   104.971 
    4130   105.128   104.930 
    4140   105.054   104.954 
    4150   105.071   104.983 
    4160   104.946   105.620 
    4170   105.236   105.227 
    4180   105.038   104.976 
    4190   104.997   104.979 
    4200   104.999   105.015 
    4210   105.038   104.985 
    4220   105.037   104.983 
    4230   105.070   104.983 
    4240   105.069   101.287 
    4250   105.095    99.889 
    4260   104.637   105.874 
    4270   105.105   104.992 
    4280   105.035   104.992 
    4290   105.059     0.000 
    4300   105.042   -20.303 
    4310   105.047   105.519 
    4320   106.416   108.276 
    4330   104.684   105.054 
    4340   105.023   104.570 
    4350   105.323   104.975 
    4360   105.120   115.488 
    4370   105.018   104.969 
    4380   105.080   104.982 
    4390   105.064   104.985 
    4400   105.018   105.402 
    4410   105.094   104.992 
    4420   105.052     0.000 
    4430   105.052     0.000 
    4440   105.053     0.000 
    4450   105.053    81.921 
    4460   105.053   104.993 
    4470   105.068    59.060 
    4480   105.062    97.974 
    4490   104.948   104.933 
    4500   104.967   104.994 
    4510   105.063     0.000 
    4520   105.033     0.000 
    4530   105.033    89.605 
    4540   105.100   104.981 
    4550   105.049   105.005 
    4560   105.128     0.000 
    4570   104.956     0.000 
    4580   104.977     0.000 
    4590   104.988     0.000 
    4600   104.990    61.455 
    4610   104.991   104.993 
    4620   105.056   104.965 
    4630   105.070   101.395 
    4640   105.013   104.984 
    4650   105.069     0.000 
    4660   105.013     0.000 
    4670   105.013     0.000 
    4680   105.013    96.364 
    4690   105.072   104.991 
    4700   104.995   -41.762 
    4710   105.177   108.255 
    4720   105.199   105.405 
    4730   105.329   104.794 
    4740   105.049   104.644 
    4750   104.977   105.920 
    4760   105.076   104.871 
    4770   105.074   104.928 
    4780   105.132   104.962 
    4790   105.077   105.100 
    4800   104.829   104.639 
    4810   104.958    95.226 
    4820   105.043   104.986 
    4830   105.033   104.977 
    4840   105.048   104.985 
    4850   105.272     0.000 
    4860   104.699    51.479 
    4870   104.689     0.000 
    4880   104.691    97.069 
    4890   105.070   104.992 
    4900   105.022     0.000 
    4910   105.037     0.000 
    4920   105.039     0.000 
    4930   105.040   104.495 
    4940   104.744    22.949 
    4950   104.900     0.000 
    4960   104.909   110.913 
    4970   105.099   105.029 
    4980   105.062     0.000 
    4990   105.047    88.424 
    5000   105.047    88.298 
    5010   105.059   104.994 
    5020   105.047     0.000 
    5030   105.043   102.816 
    5040   105.068    31.678 
    5050   105.051    36.921 
    5060   105.051   109.638 
    5070   105.153   104.984 
    5080   105.037   104.992 
    5090   105.044     0.000 
    5100   105.113     0.000 
    5110   104.581    90.136 
    5120   103.439   106.663 
    5130   106.519   103.770 
    5140   105.449   103.283 
    5150   105.286   104.766 
    5160   105.071   104.820 
    5170   104.930   104.572 
    5180   105.053   105.021 
    5190   105.038   104.867 
    5200   105.077   104.927 
    5210   105.072   104.053 
    5220   105.109   100.557 
    5230   104.973   104.917 
    5240   105.037   104.863 
    5250   105.038   102.607 
    5260   105.032   104.948 
    5270   105.045   104.198 
    5280   105.087   104.957 
    5290   105.037   104.917 
    5300   105.014   104.958 
    5310   105.034   104.947 
    5320   104.925   104.897 
    5330   104.937   105.000 
    5340   105.026   104.956 
    5350   105.037   104.958 
    5360   105.008   104.956 
    5370   105.122   104.951 
    5380   105.042   104.907 
    5390   105.024   104.966 
    5400   105.032   104.970 
    5410   105.032   104.965 
    5420   104.999   104.962 
    5430   105.094   104.966 
    5440   105.057   104.976 
    5450   105.113   104.955 
    5460   105.017   105.007 
    5470   104.955   104.973 
    5480   105.048   104.983 
    5490   105.171   105.028 
    5500   105.069   106.702 
    5510   105.101   111.809 
    5520   105.054   104.986 
    5530   104.985   104.988 
    5540   105.227    81.753 
    5550   105.253   103.280 
    5560   105.158   113.405 
    5570   105.058   104.990 
    5580   104.751     0.000 
    5590   105.218    78.538 
    5600   105.221    81.840 
    5610   105.189   104.994 
    5620   105.026    95.474 
    5630   105.016   104.976 
    5640   104.980    63.665 
    5650   105.056    72.025 
    5660   105.054   104.993 
    5670   105.050   104.993 
    5680   104.987     0.000 
    5690   105.169    55.345 
    5700   105.161    55.005 
    5710   105.160   104.983 
    5720   105.050   106.443 
    5730   105.044   104.993 
    5740   104.788   -18.427 
    5750   104.886     0.000 
    5760   106.754   102.810 
    5770   104.296   106.492 
    5780   104.881   104.642 
    5790   105.328   105.718 
    5800   105.170   104.962 
    5810   105.046   104.304 
    5820   105.095   104.967 
    5830   104.888   105.030 
    5840   105.049   104.945 
    5850   104.832   104.439 
    5860   105.045   104.960 
    5870   104.994   104.952 
    5880   104.992   104.972 
    5890   104.710   105.300 
    5900   105.057   104.975 
    5910   105.049   104.973 
    5920   105.003   105.084 
    5930   104.947   104.975 
    5940   105.057   104.983 
    5950   105.050   104.980 
    5960   105.057   104.987 
    5970   105.039   104.988 
    5980   105.124   104.987 
    5990   105.124   105.080 
    6000   105.108   105.028 
    6010   104.986   105.027 
    6020   105.061     0.000 
    6030   105.042     0.000 
    6040   105.045     0.000 
    6050   105.045    53.140 
    6060   105.045   104.948 
    6070   105.077   105.006 
    6080   105.077     0.000 
    6090   105.060    97.425 
    6100   105.060    97.671 
    6110   105.060    97.986 
    6120   105.060    97.946 
    6130   105.060   104.971 
    6140   105.052   104.995 
    6150   105.087     0.000 
    6160   105.079   105.904 
    6170   105.118     0.000 
    6180   105.040   104.992 
    6190   105.016     0.000 
    6200   105.087     0.000 
    6210   105.083   106.333 
    6220   104.989   104.996 
    6230   105.041   104.992 
    6240   105.040   104.994 
    6250   105.022   -23.137 
    6260   105.030   118.328 
    6270   105.188   105.371 
    6280   104.617   104.566 
    6290   105.009   104.771 
    6300   104.945   104.922 
    6310   105.035   104.941 
    6320   105.075   104.952 
    6330   105.040   104.929 
    6340   104.997   104.951 
    6350   105.201   105.372 
    6360   105.096   100.841 
    6370   105.021   104.996 
    6380   105.115   104.976 
    6390   105.047   104.988 
    6400   105.048   104.984 
    6410   105.036   104.993 
    6420   105.032   104.999 
    6430   104.976   104.993 
    6440   105.038     0.000 
    6450   105.059    77.498 
    6460   105.056   104.993 
    6470   105.052   104.994 
    6480   105.050     0.000 
    6490   105.049     0.000 
    6500   105.049   -30.175 
    6510   105.097   101.664 
    6520   105.248   104.634 
    6530   105.343   105.022 
    6540   104.497   105.106 
    6550   105.142   104.918 
    6560   104.964   104.992 
    6570   104.927   104.953 
    6580   104.847   105.012 
    6590   104.919   104.954 
    6600   105.080   104.914 
    6610   105.033   104.981 
    6620   105.001   105.021 
    6630   105.015   105.001 
    6640   105.046   104.987 
    6650   105.174   104.978 
    6660   105.092   105.001 
    6670   105.075   104.989 
    6680   105.060   104.992 
    6690   104.950     0.000 
    6700   104.908     0.000 
    6710   105.111    85.866 
    6720   105.085     0.000 
    6730   105.085   104.595 
    6740   105.052     0.000 
    6750   105.051    68.265 
    6760   105.051   104.993 
    6770   105.074   104.977 
    6780   105.094   104.994 
    6790   105.033     0.000 
    6800   105.154     0.000 
    6810   105.145   103.938 
    6820   104.990   104.992 
    6830   105.066   104.991 
    6840   105.155    -5.680 
    6850   105.125    -4.795 
    6860   105.150   104.889 
    6870   105.046   104.681 
    6880   105.198   105.233 
    6890   105.085   104.569 
    6900   104.957   104.880 
    6910   104.982   104.955 
    6920   104.730   104.327 
    6930   105.048   104.977 
    6940   105.057   104.755 
    6950   105.035   104.971 
    6960   105.032   103.723 
    6970   105.009   104.975 
    6980   105.165   104.988 
    6990   105.105   104.938 
    7000   105.133   104.952 
    7010   105.050   105.014 
    7020   105.054     0.000 
    7030   105.050     0.000 
    7040   105.052    35.904 
    7050   105.052    35.922 
    7060   105.052   110.416 
    7070   105.048   104.991 
    7080   105.049   104.989 
    7090   104.937     0.000 
    7100   105.334     0.000 
    7110   105.190    26.014 
    7120   105.218    26.380 
    7130   105.220    80.432 
    7140   105.187   104.987 
    7150   104.931   104.991 
    7160   105.049   105.013 
    7170   105.073    38.289 
    7180   105.070    90.597 
    7190   105.002   104.986 
    7200   105.046   105.500 
    7210   105.182     0.000 
    7220   105.097    97.662 
    7230   105.129     0.000 
    7240   105.129     0.000 
    7250   105.127   100.586 
    7260   104.962     0.000 
    7270   104.965     0.000 
    7280   104.966   104.775 
    7290   105.099     0.000 
    7300   105.087   -68.495 
    7310   105.144    60.920 
    7320   105.912    97.587 
    7330   106.044   103.703 
    7340   105.423   104.289 
    7350   105.439   105.880 
    7360   105.100   104.846 
    7370   104.961   104.891 
    7380   105.538   105.031 
    7390   105.113   104.997 
    7400   104.862   104.900 
    7410   105.047   104.938 
    7420   105.166   104.895 
    7430   105.076   104.970 
    7440   105.050   104.943 
    7450   105.023   104.955 
    7460   105.037   104.952 
    7470   105.206   105.096 
    7480   105.112   104.837 
    7490   105.037   104.819 
    7500   105.015   104.978 
    7510   105.045   104.971 
    7520   105.154   104.975 
    7530   104.982   104.982 
    7540   105.047   104.977 
    7550   105.015   104.999 
    7560   105.049   104.985 
    7570   105.037   104.987 
    7580   105.249   104.988 
    7590   105.053   104.992 
    7600   104.874     0.000 
    7610   105.321     0.000 
    7620   105.344     0.000 
    7630   105.340     0.000 
    7640   105.340     0.000 
    7650   105.337    75.050 
    7660   105.288   104.994 
    7670   105.055   104.994 
    7680   105.049     0.000 
    7690   105.059     0.000 
    7700   105.058    47.977 
    7710   105.058   104.932 
    7720   105.007   104.993 
    7730   105.069   104.993 
    7740   105.428     0.000 
    7750   105.449     0.000 
    7760   105.443   105.172 
    7770   105.231     0.000 
    7780   105.023   104.992 
    7790   105.034   104.993 
    7800   105.093   105.016 
    7810   105.057     0.000 
    7820   105.062     0.000 
    7830   105.047   103.920 
    7840   105.084     0.000 
    7850   104.941     0.000 
    7860   105.018    48.827 
    7870   104.975     0.000 
    7880   104.977    94.749 
    7890   105.092   104.992 
    7900   105.059   105.321 
    7910   104.827     0.000 
    7920   104.815     0.000 
    7930   104.852     0.000 
    7940   105.089     0.000 
    7950   105.089   -39.740 
    7960   100.345    29.225 
    7970   102.046   105.464 
    7980   105.429   106.169 
    7990   104.185   105.834 
    8000   105.611   104.914 
    8010   105.256   104.577 
    8020   105.005   104.847 
    8030   105.371   104.643 
    8040   104.408   101.776 
    8050   105.083   104.913 
    8060   105.385   104.878 
    8070   105.127   104.921 
    8080   104.908   104.805 
    8090   105.029   105.136 
    8100   104.831   104.833 
    8110   105.052   104.942 
    8120   105.020   104.809 
    8130   105.085   105.066 
    8140   105.105   104.952 
    8150   105.093   104.480 
    8160   105.068   104.956 
    8170   105.049   104.963 
    8180   105.024   104.965 
    8190   105.061   104.975 
    8200   105.007   105.003 
    8210   105.065   104.968 
    8220   105.069   105.019 
    8230   105.073   104.991 
    8240   105.054   104.925 
    8250   105.084   104.971 
    8260   105.057   104.983 
    8270   104.983   278.999 
    8280   105.054     3.827 
    8290   104.740   112.417 
    8300   104.976   107.140 
    8310   104.453   106.004 
    8320   103.809   100.228 
    8330   105.044   105.937 
    8340   104.993   105.614 
    8350   105.547   104.739 
    8360   105.042   105.455 
    8370   103.463   104.612 
    8380   104.844   105.233 
    8390   105.115   105.330 
    8400   105.121   105.617 
    8410   105.021   105.301 
    8420   104.398   104.935 
    8430   104.699   105.598 
    8440   105.006   105.202 
    8450   105.189   105.261 
    8460   105.005   105.208 
    8470   105.148   105.082 
    8480   105.019   104.981 
    8490   104.951   105.190 
    8500   105.102   105.165 
    8510   105.107   105.271 
    8520   105.159   105.243 
    8530   104.526   105.330 
    8540   105.002   105.179 
    8550   104.876   105.193 
    8560   105.019   105.226 
    8570   104.501   107.068 
    8580   105.036   105.014 
    8590   104.937   106.266 
    8600   105.059   105.321 
    8610   105.543   105.232 
    8620   105.035   105.207 
    8630   105.219   105.682 
    8640   105.118   105.193 
    8650   104.951   105.061 
    8660   105.038   105.237 
    8670   104.924   105.148 
    8680   104.864   105.112 
    8690   105.004   105.293 
    8700   105.239   105.442 
    8710   105.044   105.264 
    8720   105.002   105.103 
    8730   105.090   105.261 
    8740   105.140   105.300 
    8750   105.074   105.283 
    8760   105.293   105.853 
    8770   105.361   106.148 
    8780   105.189   105.667 
    8790   105.103   105.241 
    8800   105.111   105.282 
    8810   105.100   105.308 
    8820   105.112   105.293 
    8830   105.093   105.603 
    8840   105.131   105.281 
    8850   105.118   105.302 
    8860   105.120   105.262 
    8870   105.148   105.289 
    8880   105.081   105.139 
    8890   105.114   105.277 
    8900   104.969   105.324 
    8910   105.133   105.303 
    8920   105.144   105.318 
    8930   105.132   105.446 
    8940   105.138   105.278 
    8950   105.139   105.289 
    8960   105.180   105.342 
    8970   104.834   105.187 
    8980   105.177   105.124 
    8990   105.127   105.269 
    9000   105.168   105.258 
    9010   105.139   105.363 
    9020   105.142   105.331 
    9030   105.130   105.276 
    9040   105.137   105.266 
    9050   105.141   105.352 
    9060   105.306   105.262 
    9070   105.151   105.242 
    9080   105.137   105.263 
    9090   105.134   105.268 
    9100   105.127   105.267 
    9110   105.140   105.261 
    9120   105.116   105.249 
    9130   105.137   105.253 
    9140   105.155   105.260 
    9150   105.110   105.273 
    9160   105.146   105.278 
    9170   105.138   105.251 
    9180   105.146   105.245 
    9190   105.131   105.245 
    9200   105.133   105.214 
    9210   105.126   105.293 
    9220   105.139   105.222 
    9230   105.131   105.242 
    9240   105.124   105.253 
    9250   105.134   105.291 
    9260   105.125   105.238 
    9270   105.130   105.236 
    9280   105.148   105.256 
    9290   105.150   105.214 
    9300   105.124   105.236 
    9310   105.126   105.222 
    9320   105.125   105.228 
    9330   105.058   105.248 
    9340   105.152   105.233 
    9350   105.123   105.225 
    9360   105.142   105.429 
    9370   105.256   105.259 
    9380   105.119   105.316 
    9390   105.122   105.213 
    9400   105.124   105.210 
    9410   105.121   105.221 
    9420   105.125   105.217 
    9430   105.047   105.297 
    9440   104.779   104.996 
    9450   105.120   105.198 
    9460   105.128   105.182 
    9470   105.075   105.214 
    9480   105.119   105.248 
    9490   105.116   105.184 
    9500   105.113   105.187 
    9510   105.087   105.154 
    9520   105.086   105.196 
    9530   105.120   105.258 
    9540   105.115   105.174 
    9550   105.112   105.195 
    9560   105.069   105.161 
    9570   105.061   105.257 
    9580   105.174   105.250 
    9590   105.031   105.174 
    9600   105.238   105.140 
    9610   105.111   105.283 
    9620   105.165   105.158 
    9630   105.119   105.239 
    9640   105.112   105.145 
    9650   105.113   105.142 
    9660   105.110   105.213 
    9670   105.116   105.096 
    9680   105.107   105.091 
    9690   105.107   105.109 
    9700   105.112   105.120 
    9710   105.121   105.039 
    9720   105.137   105.161 
    9730   105.117   105.130 
    9740   105.115   105.115 
    9750   105.102   105.106 
    9760   105.118   105.124 
    9770   105.119   105.160 
    9780   105.121   105.170 
    9790   105.118   105.107 
    9800   105.114   105.102 
    9810   105.115   105.146 
    9820   105.114   105.221 
    9830   105.149   105.089 
    9840   105.117   105.114 
    9850   105.122   105.083 
    9860   105.122   105.045 
    9870   105.120   105.140 
    9880   105.109   105.080 
    9890   105.121   105.076 
    9900   105.125   105.077 
    9910   105.122   105.081 
    9920   105.124   105.081 
    9930   105.114   105.096 
    9940   105.138   105.033 
    9950   105.119   105.086 
    9960   105.060   105.027 
    9970   105.107   105.081 
    9980   105.135   105.068 
    9990   105.145   105.072 
   10000   105.139   105.091 
