       0   125.082   125.027 
      10   129.815   129.691 
      20   130.049   129.922 
      30   129.961   129.926 
      40   129.975   129.934 
      50   129.926   129.935 
      60   130.033   129.963 
      70   130.051   129.980 
      80   130.046   130.009 
      90   130.039   129.978 
     100   130.035   129.981 
     110   130.038   129.987 
     120   129.974   129.959 
     130   130.050   129.988 
     140   130.041   129.988 
     150   129.987   129.967 
     160   130.040   129.996 
     170   130.047   129.988 
     180   130.049   129.996 
     190   130.040   129.992 
     200   129.986   129.932 
     210   130.014   129.984 
     220   130.041   130.001 
     230   130.048   130.005 
     240   130.057   130.006 
     250   130.073   130.014 
     260   130.058   129.980 
     270   130.051   130.007 
     280   130.052   130.010 
     290   130.038   130.000 
     300   129.938   129.949 
     310   130.052   130.013 
     320   130.051   130.015 
     330   130.054   130.011 
     340   130.057   130.014 
     350   130.133   130.051 
     360   130.055   130.015 
     370   130.055   130.013 
     380   130.055   130.013 
     390   130.055   130.014 
     400   130.059   130.015 
     410   130.055   130.016 
     420   130.055   130.015 
     430   130.056   130.014 
     440   130.056   130.015 
     450   130.056   130.024 
     460   130.056   130.016 
     470   130.052   130.016 
     480   130.058   130.015 
     490   130.057   130.016 
     500   130.061   130.018 
     510   130.057   130.016 
     520   130.057   130.017 
     530   130.056   130.018 
     540   130.057   130.017 
     550   130.063   130.023 
     560   130.057   130.021 
     570   130.058   130.018 
     580   130.058   130.018 
     590   130.065   130.023 
     600   130.057   130.016 
     610   130.058   130.018 
     620   130.063   130.014 
     630   130.057   130.018 
     640   130.058   130.018 
     650   130.056   130.049 
     660   130.050   130.018 
     670   130.058   130.018 
     680   130.060   130.019 
     690   130.059   130.018 
     700   130.060   130.026 
     710   130.067   130.019 
     720   130.052   130.018 
     730   130.064   130.018 
     740   130.059   130.018 
     750   130.099   130.020 
     760   130.059   130.020 
     770   130.059   130.018 
     780   130.060   130.016 
     790   130.059   130.019 
     800   130.060   130.027 
     810   130.060   130.019 
     820   130.072   130.012 
     830   130.061   130.019 
     840   130.060   130.018 
     850   130.075   129.974 
     860   130.060   130.020 
     870   130.060   130.019 
     880   130.060   130.021 
     890   130.060   130.020 
     900   130.075   129.957 
     910   130.061   130.020 
     920   130.062   130.016 
     930   130.060   130.019 
     940   130.060   130.019 
     950   130.019   130.018 
     960   130.060   130.019 
     970   130.060   130.020 
     980   130.060   130.018 
     990   130.061   130.020 
    1000   130.064   130.018 
    1010   130.061   130.019 
    1020   130.060   130.019 
    1030   130.060   130.020 
    1040   130.061   130.020 
    1050   130.057   130.017 
    1060   130.061   130.020 
    1070   130.061   130.019 
    1080   130.061   130.019 
    1090   130.061   130.020 
    1100   130.058   129.994 
    1110   130.061   130.019 
    1120   130.061   130.020 
    1130   130.055   130.007 
    1140   130.061   130.021 
    1150   130.057   130.011 
    1160   130.060   130.020 
    1170   130.061   130.020 
    1180   130.061   130.019 
    1190   130.062   130.021 
    1200   130.068   130.075 
    1210   130.062   130.020 
    1220   130.061   130.020 
    1230   130.062   130.020 
    1240   130.062   130.020 
    1250   130.054   130.026 
    1260   130.062   130.020 
    1270   130.063   130.021 
    1280   130.062   130.020 
    1290   130.062   130.020 
    1300   130.087   130.005 
    1310   130.062   130.020 
    1320   130.062   130.020 
    1330   130.062   130.020 
    1340   130.062   130.020 
    1350   130.062   130.018 
    1360   130.062   130.020 
    1370   130.062   130.020 
    1380   186.506   233.212 
    1390   130.062   130.020 
    1400   130.058   130.018 
    1410   130.062   130.020 
    1420   130.062   130.020 
    1430   130.062   130.020 
    1440   130.062   130.020 
    1450   130.064   130.021 
    1460   130.062   130.020 
    1470   130.062   130.020 
    1480   130.061   130.020 
    1490   130.062   130.020 
    1500   130.063   130.015 
    1510   130.062   130.020 
    1520   130.062   130.020 
    1530   130.064   130.020 
    1540   130.062   130.019 
    1550   130.065   130.036 
    1560   130.062   130.020 
    1570   130.062   130.020 
    1580   130.062   130.020 
    1590   130.062   130.020 
    1600   130.144   130.021 
    1610   130.062   130.020 
    1620   130.062   130.019 
    1630   130.062   130.020 
    1640   130.062   130.020 
    1650   130.053   130.061 
    1660   130.062   130.020 
    1670   130.062   130.020 
    1680   130.062   130.020 
    1690   130.062   130.020 
    1700   130.066   130.017 
    1710   130.062   130.020 
    1720   130.062   130.020 
    1730   130.061   130.020 
    1740   130.062   130.020 
    1750   130.065   130.024 
    1760   130.062   130.020 
    1770   130.062   130.020 
    1780   130.062   130.021 
    1790   130.062   130.020 
    1800   130.021   130.050 
    1810   130.063   130.020 
    1820   130.063   130.020 
    1830   130.062   130.020 
    1840   130.063   130.020 
    1850   130.137   130.049 
    1860   130.064   130.021 
    1870   130.063   130.020 
    1880   130.062   130.021 
    1890   130.063   130.020 
    1900   130.029   130.020 
    1910   130.062   130.024 
    1920   130.063   130.020 
    1930   130.062   130.020 
    1940   130.063   130.020 
    1950   130.063   130.020 
    1960   130.063   130.026 
    1970   130.063   130.020 
    1980   130.063   130.021 
    1990   130.063   130.020 
    2000   130.059   130.024 
    2010   130.063   130.020 
    2020   130.062   130.020 
    2030   130.062   130.020 
    2040   130.063   130.020 
    2050   130.060   130.030 
    2060   130.063   130.020 
    2070   130.063   130.021 
    2080   130.062   130.020 
    2090   130.063   130.020 
    2100   130.064   130.020 
    2110   130.063   130.021 
    2120   130.062   130.020 
    2130   130.063   130.019 
    2140   130.063   130.020 
    2150   130.056   130.019 
    2160   130.062   130.022 
    2170   130.064   130.020 
    2180    74.682    52.199 
    2190   130.063   130.020 
    2200   130.053   130.025 
    2210   130.063   130.020 
    2220   130.062   130.020 
    2230   130.068   130.010 
    2240   130.063   130.019 
    2250   130.048   130.039 
    2260   130.063   130.020 
    2270   130.063   130.020 
    2280   130.063   130.020 
    2290   130.063   130.020 
    2300   130.087   130.025 
    2310   130.063   130.020 
    2320   130.063   130.020 
    2330   130.062   130.020 
    2340   130.063   130.020 
    2350   130.061   130.022 
    2360   130.062   130.020 
    2370   130.063   130.020 
    2380   130.063   130.022 
    2390   130.063   130.020 
    2400   130.063   130.029 
    2410   130.063   130.020 
    2420   130.062   130.020 
    2430   130.066   130.021 
    2440   130.063   130.019 
    2450   130.061   130.039 
    2460   130.063   130.020 
    2470   130.063   130.020 
    2480   130.062   130.020 
    2490   130.063   130.020 
    2500   130.061   130.020 
    2510   130.062   130.020 
    2520   130.063   130.020 
    2530   130.062   130.020 
    2540   130.063   130.020 
    2550   130.057   130.004 
    2560   130.063   130.020 
    2570   130.063   130.020 
    2580   130.056   130.022 
    2590   130.063   130.020 
    2600   130.066   130.028 
    2610   130.062   130.020 
    2620   130.063   130.020 
    2630   130.063   130.020 
    2640   130.063   130.020 
    2650   130.074   130.019 
    2660   130.062   130.019 
    2670   130.063   130.020 
    2680   130.063   130.020 
    2690   130.063   130.020 
    2700   130.056   129.955 
    2710   130.063   130.021 
    2720   130.063   130.020 
    2730   130.062   130.022 
    2740   130.063   130.020 
    2750   130.070   130.021 
    2760   130.063   130.021 
    2770   130.063   130.020 
    2780   130.063   130.020 
    2790   130.063   130.020 
    2800   130.061   130.020 
    2810   130.062   130.021 
    2820   130.063   130.020 
    2830   130.063   130.020 
    2840   130.063   130.020 
    2850   130.148   130.020 
    2860   130.063   130.020 
    2870   130.063   130.020 
    2880   130.063   130.020 
    2890   130.063   130.020 
    2900   130.063   130.024 
    2910   130.063   130.020 
    2920   130.063   130.020 
    2930   130.062   130.020 
    2940   130.063   130.020 
    2950   130.061   130.017 
    2960   130.062   130.020 
    2970   130.061   130.021 
    2980   130.063   130.020 
    2990   130.063   130.020 
    3000   130.058   129.971 
    3010   130.063   130.020 
    3020   130.063   130.020 
    3030   130.063   130.020 
    3040   130.063   130.020 
    3050   130.060   130.020 
    3060   130.063   130.020 
    3070   130.063   130.020 
    3080   130.062   130.020 
    3090   130.063   130.020 
    3100   130.058   130.021 
    3110   130.062   130.020 
    3120   130.063   130.020 
    3130   130.063   130.020 
    3140   130.063   130.020 
    3150   130.064   130.024 
    3160   130.063   130.020 
    3170   130.063   130.020 
    3180   130.067   130.019 
    3190   130.062   130.021 
    3200   130.062   130.014 
    3210   130.063   130.020 
    3220   130.063   130.020 
    3230   130.063   130.020 
    3240   130.063   130.020 
    3250   130.057   129.994 
    3260   130.063   130.020 
    3270   130.063   130.020 
    3280   130.064   130.027 
    3290   130.063   130.020 
    3300   130.185   129.990 
    3310   130.065   130.027 
    3320   130.063   130.020 
    3330   130.063   130.020 
    3340   130.063   130.020 
    3350   130.055   130.019 
    3360   130.063   130.023 
    3370   130.063   130.020 
    3380   130.061   130.011 
    3390   130.063   130.020 
    3400   130.067   130.020 
    3410   130.063   130.020 
    3420   130.063   130.020 
    3430   138.878   231.706 
    3440   130.063   130.020 
    3450   130.072   130.020 
    3460   130.063   130.020 
    3470   130.063   130.020 
    3480   133.630    33.651 
    3490   130.063   130.020 
    3500   130.042   130.020 
    3510   130.063   130.020 
    3520   130.063   130.020 
    3530    51.743   160.050 
    3540   130.063   130.020 
    3550   129.993   130.020 
    3560   130.063   130.020 
    3570   130.063   130.021 
    3580   130.063   130.021 
    3590   130.063   130.020 
    3600   130.060   130.021 
    3610   130.063   130.021 
    3620   130.063   130.020 
    3630   130.063   130.020 
    3640   130.063   130.020 
    3650   130.063   130.049 
    3660   130.075   130.020 
    3670   130.063   130.020 
    3680    87.624   218.805 
    3690   130.063   130.020 
    3700   130.061   130.011 
    3710   130.067   130.020 
    3720   130.065   130.021 
    3730   130.062   130.020 
    3740   130.063   130.021 
    3750   130.027   129.993 
    3760   130.064   130.023 
    3770   130.063   130.020 
    3780   130.062   130.020 
    3790   130.063   130.020 
    3800   130.083   130.018 
    3810   130.062   130.021 
    3820   130.063   130.020 
    3830   130.063   130.021 
    3840   130.063   130.020 
    3850   130.018   130.016 
    3860   130.063   130.020 
    3870   130.063   130.020 
    3880   130.064   130.022 
    3890   130.062   130.021 
    3900   130.064   130.016 
    3910   130.062   130.020 
    3920   130.063   130.020 
    3930   130.064   130.020 
    3940   130.063   130.020 
    3950   130.063   130.013 
    3960   130.063   130.020 
    3970   130.063   130.020 
    3980   130.063   130.020 
    3990   130.063   130.020 
    4000   130.047   129.977 
    4010   130.062   130.020 
    4020   130.063   130.020 
    4030   130.063   130.020 
    4040   130.063   130.021 
    4050   130.063   130.021 
    4060   130.063   130.020 
    4070   130.063   130.020 
    4080   130.064   130.020 
    4090   130.063   130.020 
    4100   130.078   130.003 
    4110   130.063   130.020 
    4120   130.062   130.019 
    4130   130.063   130.021 
    4140   130.063   130.020 
    4150   130.061   130.021 
    4160   130.063   130.020 
    4170   130.063   130.020 
    4180   130.062   130.021 
    4190   130.063   130.020 
    4200   130.064   130.015 
    4210   130.063   130.020 
    4220   130.063   130.020 
    4230   130.063   130.021 
    4240   130.063   130.021 
    4250   130.065   130.029 
    4260   130.063   130.020 
    4270   130.063   130.020 
    4280   130.063   130.020 
    4290   130.063   130.020 
    4300   130.069   129.981 
    4310   130.063   130.021 
    4320   130.063   130.020 
    4330   130.061   130.019 
    4340   130.063   130.020 
    4350   130.062   130.020 
    4360   130.063   130.020 
    4370   130.063   130.020 
    4380   130.061   130.020 
    4390   130.061   130.020 
    4400   130.038   130.012 
    4410   130.063   130.021 
    4420   130.063   130.020 
    4430   130.062   130.021 
    4440   130.063   130.020 
    4450   130.064   130.020 
    4460   130.062   130.021 
    4470   130.063   130.020 
    4480   130.062   130.020 
    4490   130.063   130.020 
    4500   130.066   130.025 
    4510   130.063   130.020 
    4520   130.063   130.020 
    4530   130.065   130.020 
    4540   130.063   130.020 
    4550   130.055   130.063 
    4560   130.063   130.020 
    4570   130.063   130.020 
    4580   130.064   130.020 
    4590   130.063   130.021 
    4600   130.071   130.024 
    4610   130.063   130.020 
    4620   130.063   130.020 
    4630   130.062   130.020 
    4640   130.062   130.020 
    4650   130.062   130.027 
    4660   130.064   130.021 
    4670   130.063   130.020 
    4680   130.063   130.020 
    4690   130.063   130.020 
    4700   130.087   130.001 
    4710   130.062   130.020 
    4720   130.063   130.020 
    4730   130.065   130.020 
    4740   130.063   130.020 
    4750   130.055   130.023 
    4760   130.063   130.020 
    4770   130.063   130.020 
    4780   130.063   130.020 
    4790   130.063   130.020 
    4800   130.107   129.997 
    4810   130.063   130.020 
    4820   130.063   130.020 
    4830   130.066   130.011 
    4840   130.063   130.020 
    4850   130.067   130.021 
    4860   130.063   130.021 
    4870   130.063   130.020 
    4880   130.064   130.021 
    4890   130.063   130.020 
    4900   130.066   130.015 
    4910   130.063   130.020 
    4920   130.063   130.020 
    4930   117.096   260.937 
    4940   130.063   130.020 
    4950   129.986   130.008 
    4960   130.064   130.020 
    4970   130.063   130.020 
    4980   130.063   130.020 
    4990   130.063   130.020 
    5000   130.068   130.026 
    5010   130.063   130.020 
    5020   130.063   130.020 
    5030   130.063   130.020 
    5040   130.063   130.020 
    5050   130.071   130.021 
    5060   130.063   130.020 
    5070   130.063   130.020 
    5080   124.820   261.700 
    5090   130.063   130.020 
    5100   130.058   130.020 
    5110   130.063   130.020 
    5120   130.063   130.020 
    5130   130.063   130.021 
    5140   130.063   130.020 
    5150   130.022   129.999 
    5160   130.064   130.020 
    5170   130.063   130.020 
    5180   130.063   130.021 
    5190   130.063   130.020 
    5200   130.039   130.021 
    5210   130.063   130.020 
    5220   130.063   130.020 
    5230   130.063   130.019 
    5240   130.063   130.020 
    5250   130.049   129.983 
    5260   130.063   130.020 
    5270   130.063   130.021 
    5280   130.061   130.020 
    5290   130.063   130.020 
    5300   130.067   130.016 
    5310   130.063   130.020 
    5320   130.063   130.020 
    5330   130.063   130.020 
    5340   130.063   130.020 
    5350   130.072   130.021 
    5360   130.063   130.020 
    5370   130.063   130.020 
    5380   130.062   130.023 
    5390   130.062   130.020 
    5400   130.105   130.027 
    5410   130.063   130.020 
    5420   130.063   130.020 
    5430   130.073   130.019 
    5440   130.063   130.022 
    5450   130.057   129.987 
    5460   130.063   130.020 
    5470   130.063   130.020 
    5480   130.062   130.020 
    5490   130.063   130.020 
    5500   130.053   130.032 
    5510   130.063   130.020 
    5520   130.063   130.020 
    5530   130.062   130.020 
    5540   130.063   130.020 
    5550   130.061   130.021 
    5560   130.063   130.020 
    5570   130.063   130.020 
    5580   130.060   130.018 
    5590   130.063   130.020 
    5600   130.060   130.018 
    5610   130.063   130.020 
    5620   130.063   130.020 
    5630   130.061   130.019 
    5640   130.063   130.020 
    5650   130.105   130.045 
    5660   130.063   130.021 
    5670   130.063   130.020 
    5680   130.063   130.021 
    5690   130.063   130.020 
    5700   130.059   130.021 
    5710   130.063   130.020 
    5720   130.063   130.020 
    5730   130.062   130.019 
    5740   130.063   130.020 
    5750   130.072   130.010 
    5760   130.063   130.021 
    5770   130.063   130.020 
    5780   130.063   130.021 
    5790   130.063   130.020 
    5800   130.066   130.021 
    5810   130.063   130.021 
    5820   130.063   130.020 
    5830   125.356   232.277 
    5840   130.063   130.020 
    5850   130.036   130.013 
    5860   130.064   130.020 
    5870   130.063   130.020 
    5880   130.063   130.021 
    5890   130.063   130.020 
    5900   130.062   130.019 
    5910   130.063   130.020 
    5920   130.063   130.020 
    5930   130.062   130.020 
    5940   130.063   130.020 
    5950   130.110   130.088 
    5960   130.063   130.020 
    5970   130.063   130.020 
    5980   130.063   130.020 
    5990   130.063   130.020 
    6000   130.063   130.019 
    6010   130.063   130.020 
    6020   130.063   130.020 
    6030   130.063   130.021 
    6040   130.063   130.020 
    6050   130.063   130.021 
    6060   130.063   130.020 
    6070   130.063   130.020 
    6080   130.063   130.020 
    6090   130.063   130.020 
    6100   130.062   130.020 
    6110   130.063   130.021 
    6120   130.063   130.020 
    6130   130.064   130.018 
    6140   130.063   130.020 
    6150   130.067   130.021 
    6160   130.063   130.021 
    6170   130.063   130.020 
    6180   130.061   130.020 
    6190   130.063   130.020 
    6200   130.073   129.962 
    6210   130.062   130.022 
    6220   130.063   130.020 
    6230   130.064   130.020 
    6240   130.063   130.020 
    6250   130.064   130.025 
    6260   130.063   130.020 
    6270   130.063   130.020 
    6280    43.572   150.355 
    6290   130.063   130.020 
    6300   130.058   129.990 
    6310   130.063   130.020 
    6320   130.063   130.020 
    6330   130.064   130.020 
    6340   130.063   130.020 
    6350   130.063   130.021 
    6360   130.063   130.021 
    6370   130.063   130.020 
    6380   130.064   130.019 
    6390   130.063   130.020 
    6400   130.095   130.036 
    6410   130.064   130.021 
    6420   130.063   130.020 
    6430   130.063   130.021 
    6440   130.063   130.020 
    6450   130.137   130.022 
    6460   130.063   130.021 
    6470   130.063   130.020 
    6480   130.063   130.021 
    6490   130.063   130.020 
    6500   130.068   129.941 
    6510   130.063   130.020 
    6520   130.063   130.020 
    6530   135.020    67.865 
    6540   130.063   130.020 
    6550   130.059   130.020 
    6560   130.063   130.020 
    6570   130.063   130.020 
    6580   130.062   130.020 
    6590   130.063   130.020 
    6600   130.062   130.021 
    6610   130.063   130.021 
    6620   130.063   130.020 
    6630   130.063   130.021 
    6640   130.063   130.020 
    6650   130.048   130.015 
    6660   130.063   130.020 
    6670   130.063   130.020 
    6680   130.061   130.019 
    6690   130.063   130.020 
    6700   130.089   129.972 
    6710   130.064   130.020 
    6720   130.063   130.020 
    6730   130.063   130.020 
    6740   130.063   130.020 
    6750   130.060   130.021 
    6760   130.063   130.021 
    6770   130.063   130.020 
    6780   140.476   236.204 
    6790   130.063   130.020 
    6800   130.055   130.021 
    6810   130.063   130.020 
    6820   130.063   130.020 
    6830   130.063   130.019 
    6840   130.063   130.020 
    6850   130.061   130.018 
    6860   130.063   130.020 
    6870   130.063   130.020 
    6880   130.063   130.021 
    6890   130.063   130.021 
    6900   130.071   130.027 
    6910   130.063   130.020 
    6920   130.063   130.020 
    6930   130.063   130.020 
    6940   130.063   130.020 
    6950   130.067   130.022 
    6960   130.063   130.020 
    6970   130.063   130.020 
    6980   130.062   130.020 
    6990   130.063   130.020 
    7000   130.078   129.996 
    7010   130.063   130.021 
    7020   130.063   130.020 
    7030   142.031   222.345 
    7040   130.063   130.020 
    7050   130.063   130.039 
    7060   130.063   130.020 
    7070   130.063   130.020 
    7080   130.062   130.021 
    7090   130.063   130.020 
    7100   130.070   130.015 
    7110   130.063   130.020 
    7120   130.063   130.020 
    7130   130.063   130.021 
    7140   130.063   130.020 
    7150   130.036   130.018 
    7160   130.063   130.020 
    7170   130.063   130.020 
    7180   130.063   130.023 
    7190   130.063   130.020 
    7200   130.031   130.010 
    7210   130.063   130.020 
    7220   130.063   130.020 
    7230   130.062   130.020 
    7240   130.063   130.020 
    7250   130.067   130.045 
    7260   130.063   130.020 
    7270   130.063   130.020 
    7280   130.064   130.021 
    7290   130.063   130.021 
    7300   130.063   130.020 
    7310   130.063   130.021 
    7320   130.063   130.020 
    7330   130.063   130.020 
    7340   130.063   130.020 
    7350   130.061   130.027 
    7360   130.063   130.021 
    7370   130.063   130.020 
    7380   130.064   130.022 
    7390   130.063   130.021 
    7400   130.042   129.994 
    7410   130.064   130.021 
    7420   130.063   130.020 
    7430   130.063   130.020 
    7440   130.063   130.020 
    7450   130.066   130.020 
    7460   130.063   130.020 
    7470   130.063   130.020 
    7480   130.063   130.020 
    7490   130.063   130.020 
    7500   130.063   130.029 
    7510   130.063   130.021 
    7520   130.063   130.020 
    7530   130.063   130.020 
    7540   130.063   130.020 
    7550   130.065   130.046 
    7560   130.063   130.020 
    7570   130.063   130.020 
    7580   130.063   130.020 
    7590   130.063   130.020 
    7600   130.061   130.004 
    7610   130.060   130.021 
    7620   130.063   130.020 
    7630   130.063   130.022 
    7640   130.063   130.020 
    7650   130.052   130.024 
    7660   130.063   130.021 
    7670   130.063   130.020 
    7680   130.063   130.020 
    7690   130.063   130.020 
    7700   130.062   130.021 
    7710   130.063   130.020 
    7720   130.063   130.020 
    7730   130.062   130.020 
    7740   130.063   130.020 
    7750   130.067   130.022 
    7760   130.063   130.020 
    7770   130.063   130.020 
    7780   130.065   130.022 
    7790   130.063   130.020 
    7800   130.059   130.024 
    7810   130.063   130.020 
    7820   130.063   130.021 
    7830   130.063   130.020 
    7840   130.063   130.020 
    7850   130.130   130.020 
    7860   130.063   130.022 
    7870   130.063   130.020 
    7880   139.328    94.406 
    7890   130.063   130.020 
    7900   130.072   130.023 
    7910   130.063   130.020 
    7920   130.063   130.020 
    7930   130.064   130.020 
    7940   130.063   130.020 
    7950   130.063   130.020 
    7960   130.063   130.021 
    7970   130.063   130.020 
    7980   130.063   130.019 
    7990   130.063   130.020 
    8000   130.054   130.017 
    8010   130.063   130.020 
    8020   130.063   130.020 
    8030   130.063   130.020 
    8040   130.063   130.020 
    8050   130.010   130.014 
    8060   130.063   130.020 
    8070   130.063   130.020 
    8080   130.063   130.020 
    8090   130.063   130.020 
    8100   130.058   130.020 
    8110   130.063   130.020 
    8120   130.063   130.020 
    8130   130.064   130.020 
    8140   130.063   130.020 
    8150   130.061   130.016 
    8160   130.063   130.020 
    8170   130.063   130.020 
    8180   130.062   130.020 
    8190   130.063   130.021 
    8200   130.068   130.013 
    8210   130.064   130.021 
    8220   130.063   130.020 
    8230   130.063   130.020 
    8240   130.065   130.020 
    8250   130.064   130.031 
    8260   130.063   130.020 
    8270   130.063   130.020 
    8280   130.063   130.021 
    8290   130.063   130.020 
    8300   130.058   130.015 
    8310   130.063   130.020 
    8320   130.063   130.020 
    8330   130.062   130.020 
    8340   130.063   130.020 
    8350   130.065   130.015 
    8360   130.063   130.020 
    8370   130.063   130.020 
    8380   130.062   130.020 
    8390   130.063   130.020 
    8400   130.070   130.006 
    8410   130.062   130.020 
    8420   130.063   130.020 
    8430   130.062   130.021 
    8440   130.063   130.020 
    8450   130.024   130.000 
    8460   130.063   130.020 
    8470   130.063   130.020 
    8480    74.044   115.664 
    8490   130.063   130.020 
    8500   130.007   129.981 
    8510   130.063   130.020 
    8520   130.063   130.020 
    8530   130.060   130.022 
    8540   130.063   130.020 
    8550   130.071   130.012 
    8560   130.063   130.020 
    8570   130.063   130.020 
    8580   130.061   130.020 
    8590   130.063   130.021 
    8600   130.064   130.023 
    8610   130.063   130.020 
    8620   130.063   130.020 
    8630   130.063   130.020 
    8640   130.063   130.020 
    8650   130.073   130.020 
    8660   130.063   130.021 
    8670   130.063   130.020 
    8680   130.063   130.021 
    8690   130.063   130.021 
    8700   130.074   130.020 
    8710   130.063   130.021 
    8720   130.063   130.020 
    8730   132.066   234.925 
    8740   130.063   130.020 
    8750   130.129   130.019 
    8760   130.063   130.020 
    8770   130.063   130.020 
    8780   130.064   130.020 
    8790   130.063   130.020 
    8800   130.059   130.022 
    8810   130.063   130.021 
    8820   130.063   130.020 
    8830   130.061   130.022 
    8840   130.063   130.020 
    8850   130.064   130.022 
    8860   130.063   130.020 
    8870   130.063   130.020 
    8880   145.294    71.773 
    8890   130.063   130.020 
    8900   130.120   130.037 
    8910   130.063   130.020 
    8920   130.063   130.020 
    8930   130.062   130.020 
    8940   130.063   130.021 
    8950   130.064   130.022 
    8960   130.063   130.020 
    8970   130.063   130.020 
    8980   130.062   130.020 
    8990   130.063   130.020 
    9000   130.057   130.019 
    9010   130.063   130.020 
    9020   130.063   130.020 
    9030   130.063   130.020 
    9040   130.063   130.021 
    9050   130.065   130.029 
    9060   130.063   130.020 
    9070   130.063   130.020 
    9080   130.062   130.020 
    9090   130.063   130.021 
    9100   129.981   129.936 
    9110   130.063   130.020 
    9120   130.063   130.020 
    9130   113.074   201.648 
    9140   130.063   130.020 
    9150   130.062   130.023 
    9160   130.063   130.020 
    9170   130.063   130.020 
    9180   130.064   130.020 
    9190   130.063   130.020 
    9200   130.072   130.018 
    9210   130.063   130.020 
    9220   130.063   130.020 
    9230   130.062   130.020 
    9240   130.063   130.020 
    9250   130.063   130.021 
    9260   130.063   130.021 
    9270   130.063   130.020 
    9280   130.061   130.023 
    9290   130.063   130.021 
    9300   130.066   130.023 
    9310   130.063   130.020 
    9320   130.063   130.020 
    9330   130.062   130.020 
    9340   130.063   130.021 
    9350   130.066   130.012 
    9360   130.063   130.020 
    9370   130.063   130.020 
    9380   130.063   130.020 
    9390   130.063   130.020 
    9400   130.074   130.008 
    9410   130.063   130.020 
    9420   130.063   130.020 
    9430   130.063   130.020 
    9440   130.063   130.020 
    9450   130.065   130.021 
    9460   130.063   130.020 
    9470   130.063   130.020 
    9480   130.063   130.021 
    9490   130.063   130.021 
    9500   130.084   130.135 
    9510   130.063   130.020 
    9520   130.063   130.020 
    9530   130.063   130.020 
    9540   130.063   130.020 
    9550   130.099   130.041 
    9560   130.063   130.021 
    9570   130.063   130.020 
    9580   130.063   130.020 
    9590   130.063   130.020 
    9600   130.020   130.009 
    9610   130.063   130.020 
    9620   130.063   130.020 
    9630   130.062   130.020 
    9640   130.063   130.020 
    9650   130.057   130.022 
    9660   130.063   130.020 
    9670   130.063   130.020 
    9680   130.065   130.023 
    9690   130.063   130.021 
    9700   130.066   130.015 
    9710   130.063   130.020 
    9720   130.063   130.020 
    9730   130.063   130.021 
    9740   130.063   130.020 
    9750   130.063   130.021 
    9760   130.063   130.020 
    9770   130.063   130.020 
    9780   130.062   130.020 
    9790   130.063   130.021 
    9800   130.064   130.013 
    9810   130.060   130.022 
    9820   130.063   130.020 
    9830   130.063   130.019 
    9840   130.063   130.020 
    9850   130.058   130.021 
    9860   130.063   130.020 
    9870   130.063   130.020 
    9880   130.062   130.019 
    9890   130.063   130.020 
    9900   130.049   130.025 
    9910   130.063   130.021 
    9920   130.063   130.020 
    9930   130.064   130.020 
    9940   130.063   130.020 
    9950   130.129   130.052 
    9960   130.063   130.020 
    9970   130.063   130.020 
    9980   130.062   130.020 
    9990   130.063   130.020 
   10000   130.063   130.020 
