       0    69.941    69.936 
      10    74.931    75.126 
      20    74.931    74.913 
      30    74.933    74.892 
      40    74.954    74.895 
      50    74.932    74.931 
      60    74.809    74.836 
      70    74.933    74.938 
      80    74.947    74.945 
      90    74.937    74.931 
     100    74.892    74.851 
     110    74.939    74.933 
     120    74.935    74.934 
     130    74.940    74.934 
     140    74.938    74.933 
     150    74.940    74.933 
     160    74.940    74.933 
     170    74.940    74.935 
     180    74.938    74.930 
     190    74.935    74.936 
     200    74.975    74.947 
     210    74.940    74.933 
     220    74.940    74.934 
     230    74.940    74.933 
     240    74.940    74.934 
     250    74.901    74.981 
     260    74.940    74.934 
     270    74.941    74.934 
     280    74.936    74.935 
     290    74.940    74.934 
     300    74.950    74.970 
     310    74.940    74.934 
     320    74.940    74.934 
     330    74.936    74.934 
     340    74.940    74.933 
     350    74.925    75.056 
     360    74.940    74.934 
     370    74.940    74.933 
     380    74.940    74.933 
     390    74.935    74.935 
     400    74.994    74.928 
     410    74.940    74.934 
     420    74.941    74.935 
     430    74.941    74.938 
     440    74.940    74.935 
     450    74.858    74.940 
     460    74.940    74.935 
     470    74.940    74.934 
     480    74.939    74.935 
     490    74.947    74.926 
     500    74.942    74.931 
     510    74.940    74.935 
     520    74.941    74.934 
     530    74.941    74.935 
     540    74.941    74.935 
     550    74.938    74.936 
     560    74.941    74.935 
     570    74.941    74.935 
     580    74.941    74.935 
     590    74.940    74.933 
     600    74.941    74.936 
     610    74.941    74.935 
     620    74.941    74.935 
     630    74.934    74.932 
     640    74.941    74.935 
     650    74.948    74.927 
     660    74.941    74.935 
     670    74.941    74.935 
     680    74.940    74.935 
     690    74.941    74.933 
     700    74.941    74.934 
     710    74.941    74.935 
     720    74.941    74.935 
     730    74.936    74.937 
     740    74.941    74.935 
     750    74.943    74.943 
     760    74.943    74.948 
     770    74.941    74.936 
     780    74.940    74.936 
     790    74.942    74.919 
     800    74.942    74.937 
     810    74.941    74.935 
     820    74.941    74.935 
     830    74.941    74.940 
     840    74.941    74.935 
     850    74.732    74.861 
     860    74.941    74.935 
     870    74.941    74.936 
     880    74.941    74.936 
     890    74.941    74.936 
     900    74.462    74.991 
     910    74.941    74.936 
     920    74.941    74.936 
     930    74.943    74.936 
     940    74.941    74.936 
     950    74.941    74.941 
     960    74.941    74.936 
     970    74.942    74.936 
     980    74.937    74.936 
     990    74.941    74.936 
    1000    74.946    75.105 
    1010    74.941    74.936 
    1020    74.941    74.936 
    1030    74.941    74.935 
    1040    74.941    74.934 
    1050    74.942    74.929 
    1060    74.940    74.936 
    1070    74.941    74.936 
    1080    74.941    74.937 
    1090    74.941    74.936 
    1100    74.941    74.935 
    1110    74.941    74.936 
    1120    74.941    74.936 
    1130    74.943    74.936 
    1140    74.941    74.937 
    1150    74.941    74.936 
    1160    74.941    74.936 
    1170    74.941    74.936 
    1180    74.942    74.937 
    1190    74.941    74.936 
    1200    74.945    74.940 
    1210    74.941    74.936 
    1220    74.941    74.936 
    1230    74.942    74.935 
    1240    74.942    74.936 
    1250    74.934    74.933 
    1260    74.941    74.936 
    1270    74.941    74.936 
    1280    74.935    74.932 
    1290    74.943    74.933 
    1300    74.943    74.935 
    1310    74.941    74.936 
    1320    74.941    74.936 
    1330    74.942    74.937 
    1340    74.942    74.936 
    1350    74.945    74.934 
    1360    74.941    74.936 
    1370    74.941    74.936 
    1380    74.942    74.936 
    1390    74.941    74.936 
    1400    75.125    74.359 
    1410    74.942    74.936 
    1420    74.940    74.938 
    1430    74.944    74.936 
    1440    74.941    74.934 
    1450    74.942    74.941 
    1460    74.941    74.936 
    1470    74.941    74.936 
    1480    74.943    74.936 
    1490    74.941    74.935 
    1500    74.940    74.934 
    1510    74.941    74.936 
    1520    74.941    74.936 
    1530    74.938    74.936 
    1540    74.941    74.937 
    1550    74.966    74.706 
    1560    74.941    74.937 
    1570    74.941    74.937 
    1580    74.944    74.939 
    1590    74.940    74.937 
    1600    74.490    75.324 
    1610    74.941    74.936 
    1620    74.941    74.936 
    1630    74.938    74.934 
    1640    74.953    74.924 
    1650    74.942    74.936 
    1660    74.941    74.937 
    1670    74.948    74.950 
    1680    74.941    74.937 
    1690    74.941    74.937 
    1700    74.938    74.937 
    1710    74.941    74.935 
    1720    74.941    74.936 
    1730    74.940    74.936 
    1740    74.941    74.936 
    1750    74.952    75.080 
    1760    74.941    74.937 
    1770    74.941    74.937 
    1780    74.943    74.936 
    1790    74.941    74.937 
    1800    74.932    74.932 
    1810    74.941    74.937 
    1820    74.941    74.936 
    1830    74.941    74.935 
    1840    74.942    74.937 
    1850    74.942    74.937 
    1860    74.941    74.937 
    1870    74.941    74.937 
    1880    74.941    74.940 
    1890    74.941    74.937 
    1900    75.332    74.939 
    1910    74.941    74.937 
    1920    74.935    74.937 
    1930    74.942    74.936 
    1940    74.941    74.937 
    1950    74.947    74.934 
    1960    74.941    74.937 
    1970    74.941    74.937 
    1980    74.941    74.936 
    1990    74.942    74.937 
    2000    74.949    74.949 
    2010    74.941    74.937 
    2020    74.941    74.937 
    2030    74.947    74.955 
    2040    74.942    74.937 
    2050    74.983    74.931 
    2060    74.941    74.937 
    2070    74.941    74.937 
    2080    74.940    74.939 
    2090    74.942    74.937 
    2100    74.948    74.938 
    2110    74.941    74.937 
    2120    74.941    74.937 
    2130    74.940    74.937 
    2140    74.941    74.937 
    2150    74.942    74.940 
    2160    74.942    74.937 
    2170    74.941    74.937 
    2180    74.934    74.937 
    2190    74.941    74.937 
    2200    74.952    75.317 
    2210    74.941    74.937 
    2220    74.941    74.937 
    2230    74.936    74.938 
    2240    74.942    74.937 
    2250    74.950    74.961 
    2260    74.941    74.937 
    2270    74.941    74.937 
    2280    74.939    74.950 
    2290    74.941    74.937 
    2300    74.994    74.945 
    2310    74.941    74.937 
    2320    74.941    74.937 
    2330    74.941    74.938 
    2340    74.941    74.937 
    2350    74.908    74.921 
    2360    74.941    74.937 
    2370    74.941    74.937 
    2380    74.943    74.937 
    2390    74.941    74.937 
    2400    74.941    74.938 
    2410    74.941    74.937 
    2420    74.941    74.937 
    2430    74.941    74.937 
    2440    74.941    74.937 
    2450    74.995    74.944 
    2460    74.941    74.937 
    2470    74.941    74.937 
    2480    74.947    74.938 
    2490    74.941    74.937 
    2500    74.943    74.925 
    2510    74.941    74.937 
    2520    74.941    74.937 
    2530    74.944    74.937 
    2540    74.941    74.937 
    2550    74.942    74.909 
    2560    74.941    74.937 
    2570    74.941    74.937 
    2580    74.941    74.937 
    2590    74.941    74.937 
    2600    74.910    74.850 
    2610    74.941    74.937 
    2620    74.944    74.940 
    2630    74.933    74.946 
    2640    74.942    74.937 
    2650    74.942    74.937 
    2660    74.941    74.937 
    2670    74.943    74.933 
    2680    74.938    74.937 
    2690    74.940    74.937 
    2700    74.851    74.910 
    2710    74.943    74.937 
    2720    74.940    74.937 
    2730    74.941    74.938 
    2740    74.941    74.937 
    2750    74.941    74.937 
    2760    74.941    74.937 
    2770    74.941    74.937 
    2780    74.942    74.929 
    2790    74.941    74.937 
    2800    74.946    74.937 
    2810    74.941    74.937 
    2820    74.941    74.937 
    2830   -66.686   -47.313 
    2840    74.942    74.937 
    2850    74.490    74.996 
    2860    74.943    74.937 
    2870    74.941    74.937 
    2880    74.942    74.937 
    2890    74.941    74.937 
    2900    74.927    74.876 
    2910    74.942    74.937 
    2920    74.941    74.937 
    2930    74.943    74.937 
    2940    74.941    74.937 
    2950    75.144    74.659 
    2960    74.941    74.937 
    2970    74.942    74.937 
    2980    74.933    74.944 
    2990    74.942    74.937 
    3000    74.942    74.938 
    3010    74.941    74.937 
    3020    74.941    74.937 
    3030    74.941    74.933 
    3040    74.942    74.937 
    3050    74.942    74.937 
    3060    74.941    74.937 
    3070    74.941    74.937 
    3080    74.940    74.937 
    3090    74.941    74.937 
    3100    75.013    75.454 
    3110    74.941    74.937 
    3120    74.945    74.936 
    3130    74.948    74.941 
    3140    74.941    74.937 
    3150    74.954    74.907 
    3160    74.941    74.937 
    3170    74.942    74.937 
    3180    74.941    74.936 
    3190    74.941    74.937 
    3200    74.937    74.940 
    3210    74.941    74.937 
    3220    74.941    74.937 
    3230    74.915    74.954 
    3240    74.941    74.937 
    3250    75.098    75.245 
    3260    74.941    74.937 
    3270    74.942    74.937 
    3280    74.942    74.938 
    3290    74.941    74.938 
    3300    74.942    74.937 
    3310    74.941    74.937 
    3320    74.944    74.944 
    3330    74.939    74.937 
    3340    74.941    74.937 
    3350    74.985    75.289 
    3360    74.942    74.938 
    3370    74.941    74.937 
    3380    74.941    74.935 
    3390    74.941    74.938 
    3400    74.938    74.938 
    3410    74.942    74.937 
    3420    74.941    74.937 
    3430    74.942    74.942 
    3440    74.941    74.937 
    3450    74.989    74.933 
    3460    74.942    74.937 
    3470    74.942    74.937 
    3480    74.940    74.932 
    3490    74.941    74.937 
    3500    74.942    74.937 
    3510    74.942    74.937 
    3520    74.941    74.937 
    3530    74.941    74.937 
    3540    74.941    74.937 
    3550    74.942    74.937 
    3560    74.942    74.937 
    3570    74.942    74.937 
    3580    74.936    74.945 
    3590    74.942    74.937 
    3600    74.933    74.955 
    3610    74.942    74.937 
    3620    74.942    74.937 
    3630    74.942    74.943 
    3640    74.941    74.937 
    3650    74.944    74.937 
    3660    74.942    74.937 
    3670    74.942    74.937 
    3680    74.942    74.939 
    3690    74.942    74.937 
    3700    74.935    74.936 
    3710    74.942    74.937 
    3720    74.947    74.925 
    3730    74.940    74.936 
    3740    74.945    74.932 
    3750    74.940    74.940 
    3760    74.942    74.937 
    3770    74.942    74.937 
    3780    74.941    74.937 
    3790    74.941    74.937 
    3800    74.957    74.922 
    3810    74.942    74.937 
    3820    74.942    74.937 
    3830    74.944    74.945 
    3840    74.942    74.937 
    3850    74.861    74.733 
    3860    74.942    74.937 
    3870    74.942    74.937 
    3880    74.943    74.935 
    3890    74.942    74.937 
    3900    74.906    74.920 
    3910    74.942    74.937 
    3920    74.942    74.937 
    3930    74.941    74.939 
    3940    74.941    74.938 
    3950    74.938    74.942 
    3960    74.942    74.937 
    3970    74.942    74.937 
    3980    74.938    74.946 
    3990    74.941    74.937 
    4000    74.946    74.939 
    4010    74.942    74.937 
    4020    74.942    74.937 
    4030    74.942    74.934 
    4040    74.942    74.937 
    4050    74.941    74.937 
    4060    74.942    74.937 
    4070    74.942    74.937 
    4080    74.942    74.937 
    4090    74.942    74.937 
    4100    75.380    74.941 
    4110    74.942    74.937 
    4120    74.942    74.937 
    4130    74.944    74.937 
    4140    74.942    74.937 
    4150    74.936    74.937 
    4160    74.941    74.937 
    4170    74.942    74.937 
    4180    74.941    74.937 
    4190    74.942    74.937 
    4200    74.768    75.075 
    4210    74.942    74.937 
    4220    74.941    74.937 
    4230    74.940    74.935 
    4240    74.941    74.937 
    4250    74.666    75.064 
    4260    74.942    74.937 
    4270    74.942    74.937 
    4280    74.941    74.938 
    4290    74.942    74.938 
    4300    74.947    74.937 
    4310    74.942    74.938 
    4320    74.942    74.937 
    4330    74.947    74.936 
    4340    74.942    74.937 
    4350    74.946    74.955 
    4360    74.942    74.937 
    4370    74.942    74.937 
    4380    74.942    74.936 
    4390    74.942    74.937 
    4400    75.000    74.961 
    4410    74.942    74.937 
    4420    74.942    74.937 
    4430    74.941    74.937 
    4440    74.942    74.937 
    4450    74.859    75.324 
    4460    74.942    74.937 
    4470    74.941    74.937 
    4480    74.943    74.942 
    4490    74.942    74.937 
    4500    74.946    74.936 
    4510    74.942    74.937 
    4520    74.942    74.937 
    4530    74.941    74.937 
    4540    74.941    74.937 
    4550    74.942    74.938 
    4560    74.942    74.937 
    4570    74.942    74.937 
    4580    74.941    74.939 
    4590    74.942    74.937 
    4600    74.944    74.932 
    4610    74.942    74.937 
    4620    74.942    74.937 
    4630    74.944    74.939 
    4640    74.942    74.937 
    4650    74.937    74.942 
    4660    74.941    74.937 
    4670    74.933    74.939 
    4680    74.941    74.937 
    4690    74.942    74.937 
    4700    74.950    74.935 
    4710    74.942    74.937 
    4720    74.942    74.937 
    4730    74.921    74.947 
    4740    74.942    74.937 
    4750    74.945    74.933 
    4760    74.942    74.937 
    4770    74.942    74.937 
    4780    74.942    74.939 
    4790    74.942    74.938 
    4800    75.218    74.943 
    4810    74.942    74.924 
    4820    74.942    74.937 
    4830    74.948    74.938 
    4840    74.942    74.938 
    4850    74.940    74.944 
    4860    74.942    74.937 
    4870    74.942    74.937 
    4880    74.937    74.931 
    4890    74.942    74.937 
    4900    74.937    74.939 
    4910    74.942    74.937 
    4920    74.942    74.937 
    4930    74.942    74.937 
    4940    74.944    74.937 
    4950    74.940    74.939 
    4960    74.942    74.937 
    4970    74.941    74.937 
    4980    74.942    74.935 
    4990    74.942    74.937 
    5000    74.928    74.942 
    5010    74.945    74.937 
    5020    74.941    74.937 
    5030    74.941    74.938 
    5040    74.942    74.937 
    5050    74.962    74.942 
    5060    74.943    74.938 
    5070    74.941    74.937 
    5080    74.941    74.937 
    5090    74.941    74.937 
    5100    74.942    74.938 
    5110    74.942    74.937 
    5120    74.942    74.937 
    5130    74.940    74.934 
    5140    74.942    74.937 
    5150    74.865    74.951 
    5160    74.942    74.937 
    5170    74.942    74.937 
    5180    74.945    74.939 
    5190    74.942    74.937 
    5200    74.944    74.936 
    5210    74.941    74.937 
    5220    74.942    74.937 
    5230    74.942    74.932 
    5240    74.942    74.937 
    5250    74.980    74.941 
    5260    74.944    74.938 
    5270    74.941    74.938 
    5280    74.939    74.936 
    5290    74.942    74.937 
    5300    74.971    74.908 
    5310    74.942    74.937 
    5320    74.942    74.937 
    5330    74.941    74.938 
    5340    74.942    74.937 
    5350    74.943    74.936 
    5360    74.942    74.937 
    5370    74.942    74.938 
    5380    74.941    74.935 
    5390    74.942    74.937 
    5400    74.948    74.937 
    5410    74.942    74.937 
    5420    74.942    74.937 
    5430    74.942    74.937 
    5440    74.942    74.937 
    5450    74.916    74.938 
    5460    74.941    74.938 
    5470    74.942    74.938 
    5480    74.939    74.935 
    5490    74.941    74.938 
    5500    74.942    74.935 
    5510    74.942    74.937 
    5520    74.942    74.937 
    5530    74.941    74.935 
    5540    74.942    74.933 
    5550    74.941    74.937 
    5560    74.942    74.937 
    5570    74.942    74.937 
    5580    74.944    74.937 
    5590    74.942    74.937 
    5600    74.915    74.932 
    5610    74.943    74.937 
    5620    74.942    74.937 
    5630    74.938    74.939 
    5640    74.942    74.937 
    5650    74.943    74.940 
    5660    74.942    74.937 
    5670    74.942    74.937 
    5680    74.942    74.929 
    5690    74.942    74.937 
    5700    74.874    74.699 
    5710    74.942    74.938 
    5720    74.941    74.937 
    5730    74.942    74.941 
    5740    74.942    74.937 
    5750    75.126    74.938 
    5760    74.942    74.937 
    5770    74.942    74.937 
    5780    74.942    74.937 
    5790    74.942    74.937 
    5800    74.964    74.937 
    5810    74.941    74.924 
    5820    74.942    74.937 
    5830    74.939    74.937 
    5840    74.942    74.937 
    5850    74.968    75.306 
    5860    74.942    74.937 
    5870    74.942    74.937 
    5880    74.941    74.937 
    5890    74.942    74.937 
    5900    74.956    74.928 
    5910    74.942    74.937 
    5920    74.942    74.937 
    5930    74.942    74.937 
    5940    74.942    74.937 
    5950    74.761    74.898 
    5960    74.942    74.937 
    5970    74.942    74.937 
    5980    74.944    74.939 
    5990    74.942    74.937 
    6000    74.954    74.952 
    6010    74.942    74.937 
    6020    74.942    74.937 
    6030    74.940    74.938 
    6040    74.942    74.937 
    6050    74.941    74.937 
    6060    74.942    74.937 
    6070    74.941    74.937 
    6080    74.942    74.937 
    6090    74.942    74.937 
    6100    74.940    74.942 
    6110    74.942    74.937 
    6120    74.942    74.937 
    6130    74.941    74.938 
    6140    74.942    74.937 
    6150    75.109    75.088 
    6160    74.942    74.937 
    6170    74.942    74.937 
    6180    74.940    74.937 
    6190    74.942    74.937 
    6200    74.947    75.013 
    6210    74.942    74.938 
    6220    74.942    74.937 
    6230    74.943    74.941 
    6240    74.942    74.938 
    6250    74.952    74.963 
    6260    74.942    74.938 
    6270    74.942    74.937 
    6280    74.941    74.925 
    6290    74.942    74.937 
    6300    74.876    74.938 
    6310    74.942    74.937 
    6320    74.942    74.937 
    6330    74.941    74.938 
    6340    74.942    74.937 
    6350    74.943    74.938 
    6360    74.942    74.937 
    6370    74.942    74.937 
    6380    74.945    74.940 
    6390    74.942    74.937 
    6400    74.935    74.936 
    6410    74.942    74.937 
    6420    74.942    74.937 
    6430    74.939    74.941 
    6440    74.944    74.933 
    6450    74.933    74.952 
    6460    74.942    74.937 
    6470    74.942    74.937 
    6480    74.944    74.936 
    6490    74.942    74.937 
    6500    74.942    74.938 
    6510    74.942    74.937 
    6520    74.942    74.937 
    6530    74.941    74.939 
    6540    74.942    74.937 
    6550    74.942    74.938 
    6560    74.942    74.937 
    6570    74.942    74.937 
    6580    74.949    74.934 
    6590    74.942    74.938 
    6600    74.966    74.978 
    6610    74.942    74.937 
    6620    74.942    74.937 
    6630    74.941    74.937 
    6640    74.942    74.937 
    6650    75.011    74.939 
    6660    74.942    74.938 
    6670    74.942    74.937 
    6680    74.942    74.944 
    6690    74.942    74.937 
    6700    75.253    74.941 
    6710    74.942    74.937 
    6720    74.942    74.937 
    6730    74.941    74.937 
    6740    74.942    74.937 
    6750    74.985    74.861 
    6760    74.941    74.938 
    6770    74.943    74.937 
    6780    74.942    74.937 
    6790    74.942    74.938 
    6800    74.939    74.934 
    6810    74.942    74.937 
    6820    74.942    74.937 
    6830    74.940    74.937 
    6840    74.942    74.937 
    6850    74.942    74.970 
    6860    74.942    74.937 
    6870    74.942    74.937 
    6880    74.943    74.933 
    6890    74.942    74.937 
    6900    74.942    74.938 
    6910    74.942    74.937 
    6920    74.942    74.937 
    6930    74.939    74.938 
    6940    74.942    74.937 
    6950    74.913    74.861 
    6960    74.942    74.937 
    6970    74.942    74.937 
    6980    74.942    74.934 
    6990    74.942    74.937 
    7000    74.942    74.937 
    7010    74.942    74.937 
    7020    74.942    74.937 
    7030    74.942    74.938 
    7040    74.942    74.937 
    7050    74.938    74.940 
    7060    74.942    74.937 
    7070    74.942    74.937 
    7080    74.939    74.937 
    7090    74.942    74.937 
    7100    74.948    74.492 
    7110    74.942    74.937 
    7120    74.942    74.937 
    7130    74.934    74.937 
    7140    74.942    74.937 
    7150    74.940    74.619 
    7160    74.942    74.938 
    7170    74.942    74.938 
    7180    74.941    74.937 
    7190    74.942    74.937 
    7200    74.945    74.930 
    7210    74.942    74.937 
    7220    74.942    74.937 
    7230    74.940    74.936 
    7240    74.941    74.938 
    7250    74.943    74.937 
    7260    74.942    74.937 
    7270    74.942    74.937 
    7280    74.943    74.939 
    7290    74.942    74.937 
    7300    74.931    74.945 
    7310    74.942    74.937 
    7320    74.942    74.937 
    7330    74.939    74.935 
    7340    74.942    74.937 
    7350    74.940    74.939 
    7360    74.942    74.937 
    7370    74.942    74.937 
    7380    74.940    74.937 
    7390    74.942    74.937 
    7400    74.943    74.923 
    7410    74.942    74.937 
    7420    74.942    74.937 
    7430    74.936    74.935 
    7440    74.941    74.938 
    7450    74.942    74.938 
    7460    74.942    74.937 
    7470    74.942    74.937 
    7480    74.947    74.936 
    7490    74.942    74.937 
    7500    74.942    74.934 
    7510    74.941    74.941 
    7520    74.942    74.937 
    7530    74.941    74.942 
    7540    74.942    74.937 
    7550    74.906    74.935 
    7560    74.942    74.937 
    7570    74.942    74.937 
    7580    74.943    74.940 
    7590    74.942    74.937 
    7600    74.966    74.928 
    7610    74.942    74.937 
    7620    74.942    74.937 
    7630    74.939    74.939 
    7640    74.942    74.937 
    7650    74.943    74.939 
    7660    74.942    74.937 
    7670    74.942    74.937 
    7680    74.938    74.939 
    7690    74.942    74.937 
    7700    74.944    74.937 
    7710    74.942    74.937 
    7720    74.942    74.937 
    7730    74.937    74.938 
    7740    74.942    74.937 
    7750    74.780    74.978 
    7760    74.942    74.937 
    7770    74.942    74.937 
    7780    74.942    74.936 
    7790    74.942    74.935 
    7800    74.984    74.792 
    7810    74.942    74.937 
    7820    74.942    74.937 
    7830    74.938    74.934 
    7840    74.942    74.937 
    7850    74.904    74.941 
    7860    74.942    74.938 
    7870    74.942    74.937 
    7880    74.942    74.936 
    7890    74.942    74.937 
    7900    74.937    74.936 
    7910    74.942    74.937 
    7920    74.942    74.937 
    7930    74.941    74.937 
    7940    74.944    74.937 
    7950    74.880    74.952 
    7960    74.942    74.937 
    7970    74.942    74.938 
    7980    74.944    74.937 
    7990    74.929    74.933 
    8000    74.950    74.941 
    8010    74.942    74.937 
    8020    74.942    74.937 
    8030    74.942    74.943 
    8040    74.942    74.937 
    8050    74.535    74.935 
    8060    74.942    74.937 
    8070    74.942    74.937 
    8080    74.941    74.937 
    8090    74.942    74.937 
    8100    74.951    74.981 
    8110    74.942    74.937 
    8120    74.942    74.937 
    8130    74.943    74.937 
    8140    74.942    74.937 
    8150    75.051    74.878 
    8160    74.942    74.937 
    8170    74.942    74.937 
    8180    74.942    74.937 
    8190    74.941    74.937 
    8200    74.942    74.938 
    8210    74.942    74.937 
    8220    74.942    74.937 
    8230    74.944    74.948 
    8240    74.942    74.937 
    8250    74.941    74.938 
    8260    74.942    74.937 
    8270    74.942    74.937 
    8280    74.942    74.935 
    8290    74.942    74.937 
    8300    75.254    75.010 
    8310    74.942    74.937 
    8320    74.942    74.937 
    8330    74.944    74.937 
    8340    74.942    74.937 
    8350    74.942    74.938 
    8360    74.942    74.937 
    8370    74.942    74.937 
    8380    74.941    74.938 
    8390    74.942    74.951 
    8400    74.936    74.938 
    8410    74.942    74.937 
    8420    74.942    74.937 
    8430    74.940    74.936 
    8440    74.941    74.937 
    8450    74.947    74.950 
    8460    74.942    74.937 
    8470    74.942    74.937 
    8480    74.943    74.933 
    8490    74.942    74.937 
    8500    74.912    74.914 
    8510    74.942    74.937 
    8520    74.942    74.937 
    8530    74.941    74.941 
    8540    74.942    74.937 
    8550    74.690    74.949 
    8560    74.942    74.937 
    8570    74.942    74.937 
    8580    74.946    74.937 
    8590    74.942    74.937 
    8600    74.907    74.533 
    8610    74.942    74.937 
    8620    74.942    74.937 
    8630    74.940    74.937 
    8640    74.942    74.937 
    8650    74.932    74.945 
    8660    74.942    74.937 
    8670    74.942    74.937 
    8680    74.943    74.937 
    8690    74.942    74.937 
    8700    74.942    74.954 
    8710    74.942    74.937 
    8720    74.942    74.937 
    8730    74.945    74.937 
    8740    74.942    74.937 
    8750    74.942    74.952 
    8760    74.942    74.938 
    8770    74.942    74.938 
    8780    74.943    74.934 
    8790    74.942    74.938 
    8800    74.935    74.935 
    8810    74.942    74.937 
    8820    74.942    74.937 
    8830    74.942    74.940 
    8840    74.942    74.937 
    8850    74.945    74.944 
    8860    74.942    74.937 
    8870    74.942    74.937 
    8880    74.948    74.937 
    8890    74.942    74.937 
    8900    74.946    74.957 
    8910    74.942    74.937 
    8920    74.942    74.937 
    8930    74.939    74.940 
    8940    74.942    74.937 
    8950    74.930    74.924 
    8960    74.941    74.937 
    8970    74.947    74.940 
    8980    74.942    74.938 
    8990    74.942    74.937 
    9000    74.943    74.938 
    9010    74.942    74.937 
    9020    74.942    74.937 
    9030    74.939    74.934 
    9040    74.942    74.937 
    9050    74.910    74.954 
    9060    74.942    74.937 
    9070    74.942    74.937 
    9080    74.937    74.937 
    9090    74.942    74.937 
    9100    74.958    74.944 
    9110    74.942    74.937 
    9120    74.942    74.937 
    9130    74.944    74.937 
    9140    74.942    74.937 
    9150    74.936    74.938 
    9160    74.942    74.937 
    9170    74.942    74.937 
    9180    74.939    74.937 
    9190    74.942    74.937 
    9200    74.936    74.936 
    9210    74.944    74.937 
    9220    74.942    74.937 
    9230    74.941    74.937 
    9240    74.941    74.937 
    9250    74.946    74.922 
    9260    74.942    74.937 
    9270    74.942    74.937 
    9280    74.942    74.937 
    9290    74.942    74.937 
    9300    74.974    74.965 
    9310    74.942    74.938 
    9320    74.942    74.938 
    9330    74.941    74.937 
    9340    74.942    74.931 
    9350    74.956    74.941 
    9360    74.942    74.937 
    9370    74.942    74.937 
    9380    74.941    74.937 
    9390    74.942    74.937 
    9400    74.902    74.963 
    9410    74.942    74.938 
    9420    74.942    74.937 
    9430    74.944    74.940 
    9440    74.941    74.938 
    9450    74.941    74.936 
    9460    74.942    74.937 
    9470    74.942    74.937 
    9480    74.941    74.937 
    9490    74.942    74.937 
    9500    74.939    74.937 
    9510    74.942    74.936 
    9520    74.942    74.937 
    9530    74.942    74.937 
    9540    74.942    74.937 
    9550    74.942    74.932 
    9560    74.942    74.937 
    9570    74.942    74.937 
    9580    74.941    74.937 
    9590    74.942    74.937 
    9600    74.927    74.879 
    9610    74.942    74.937 
    9620    74.942    74.937 
    9630    74.937    74.937 
    9640    74.942    74.937 
    9650    74.941    75.045 
    9660    74.941    74.937 
    9670    74.942    74.937 
    9680    74.941    74.943 
    9690    74.942    74.938 
    9700    74.938    74.937 
    9710    74.942    74.937 
    9720    74.942    74.937 
    9730    74.941    74.937 
    9740    74.942    74.937 
    9750    74.928    74.889 
    9760    74.942    74.938 
    9770    74.942    74.937 
    9780    74.940    74.937 
    9790    74.942    74.937 
    9800    74.930    74.949 
    9810    74.942    74.938 
    9820    74.942    74.937 
    9830    74.940    74.934 
    9840    74.942    74.937 
    9850    74.970    74.928 
    9860    74.942    74.937 
    9870    74.942    74.937 
    9880    74.942    74.938 
    9890    74.942    74.937 
    9900    74.929    74.936 
    9910    74.948    74.938 
    9920    74.942    74.937 
    9930    74.939    74.936 
    9940    74.942    74.937 
    9950    74.940    74.939 
    9960    74.942    74.937 
    9970    74.942    74.937 
    9980    74.942    74.933 
    9990    74.942    74.937 
   10000    74.942    74.937 
