       0   279.960   279.876 
      10   283.378   285.043 
      20   284.969   284.743 
      30   285.062   284.758 
      40   284.900   284.771 
      50   284.863   284.779 
      60   284.947   284.827 
      70   284.950   284.841 
      80   284.950   284.843 
      90   284.951   284.872 
     100   285.051   284.835 
     110   284.949   284.851 
     120   284.952   284.853 
     130   284.950   284.856 
     140   284.952   284.859 
     150   284.987   284.865 
     160   284.951   284.853 
     170   284.953   284.861 
     180   284.952   284.863 
     190   284.952   284.827 
     200   284.965   284.866 
     210   284.951   284.867 
     220   284.953   284.863 
     230   284.949   284.876 
     240   284.952   284.864 
     250   284.971   284.865 
     260   284.953   284.870 
     270   284.953   284.861 
     280   284.952   284.868 
     290   284.952   284.865 
     300   284.952   284.866 
     310   284.953   284.870 
     320   284.953   284.867 
     330   284.952   284.864 
     340   284.947   284.869 
     350   284.983   284.869 
     360   284.953   284.870 
     370   284.953   284.868 
     380   284.949   284.869 
     390   284.953   284.869 
     400   284.954   284.807 
     410   284.953   284.869 
     420   284.951   284.869 
     430   284.952   284.869 
     440   284.953   284.869 
     450   284.956   284.808 
     460   284.953   284.869 
     470   284.953   284.869 
     480   284.954   284.869 
     490   284.953   284.869 
     500   284.953   284.865 
     510   284.953   284.868 
     520   284.953   284.873 
     530   284.953   284.872 
     540   284.953   284.870 
     550   284.707   284.870 
     560   284.954   284.869 
     570   284.952   284.870 
     580   284.952   284.873 
     590   284.953   284.870 
     600   284.941   284.869 
     610   284.953   284.871 
     620   284.953   284.871 
     630   284.953   284.876 
     640   284.953   284.871 
     650   284.952   284.869 
     660   284.953   284.859 
     670   284.953   284.871 
     680   284.952   284.870 
     690   284.953   284.871 
     700   284.948   284.867 
     710   284.953   284.870 
     720   284.953   284.871 
     730   284.952   284.876 
     740   284.953   284.871 
     750   284.950   284.872 
     760   284.953   284.870 
     770   284.952   284.871 
     780   284.953   284.869 
     790   284.953   284.871 
     800   284.974   284.872 
     810   284.953   284.874 
     820   284.953   284.872 
     830   284.952   284.871 
     840   284.953   284.871 
     850   284.952   284.878 
     860   284.953   284.870 
     870   284.953   284.871 
     880   284.951   284.872 
     890   284.954   284.871 
     900   284.952   284.871 
     910   284.953   284.871 
     920   284.953   284.871 
     930   284.952   284.870 
     940   284.952   284.871 
     950   284.963   284.856 
     960   284.955   284.872 
     970   284.953   284.871 
     980   284.950   284.880 
     990   284.952   284.871 
    1000   285.174   284.878 
    1010   284.950   284.874 
    1020   284.952   284.871 
    1030   284.949   284.871 
    1040   284.952   284.871 
    1050   284.952   284.868 
    1060   284.954   284.872 
    1070   284.952   284.871 
    1080   284.948   284.871 
    1090   284.952   284.871 
    1100   284.953   284.879 
    1110   284.952   284.871 
    1120   284.952   284.871 
    1130   284.952   284.868 
    1140   284.952   284.872 
    1150   284.952   284.877 
    1160   284.971   284.871 
    1170   284.952   284.871 
    1180   284.950   284.871 
    1190   284.952   284.871 
    1200   284.934   284.885 
    1210   284.952   284.873 
    1220   284.952   284.871 
    1230   284.952   284.869 
    1240   284.953   284.871 
    1250   284.953   284.871 
    1260   284.952   284.871 
    1270   284.952   284.871 
    1280   284.955   284.871 
    1290   284.952   284.872 
    1300   284.987   284.931 
    1310   284.954   284.872 
    1320   284.952   284.871 
    1330   284.952   284.870 
    1340   284.952   284.871 
    1350   284.953   284.871 
    1360   284.952   284.872 
    1370   284.952   284.871 
    1380   284.952   284.872 
    1390   284.952   284.871 
    1400   284.958   284.871 
    1410   284.953   284.870 
    1420   284.952   284.871 
    1430   284.950   284.871 
    1440   284.952   284.871 
    1450   284.929   284.810 
    1460   284.952   284.873 
    1470   284.952   284.872 
    1480   284.953   284.871 
    1490   284.952   284.871 
    1500   284.956   284.871 
    1510   284.952   284.878 
    1520   284.952   284.871 
    1530   284.951   284.872 
    1540   284.952   284.872 
    1550   284.955   284.891 
    1560   284.953   284.872 
    1570   284.952   284.871 
    1580   284.960   284.880 
    1590   284.953   284.871 
    1600   284.956   284.874 
    1610   284.952   284.871 
    1620   284.952   284.871 
    1630   284.951   284.872 
    1640   284.952   284.871 
    1650   284.948   284.872 
    1660   284.952   284.871 
    1670   284.952   284.871 
    1680   284.951   284.865 
    1690   284.952   284.871 
    1700   284.919   284.872 
    1710   284.952   284.872 
    1720   284.952   284.872 
    1730   284.951   284.863 
    1740   284.952   284.871 
    1750   285.051   284.871 
    1760   284.952   284.872 
    1770   284.952   284.871 
    1780   284.952   284.871 
    1790   284.952   284.871 
    1800   284.871   284.960 
    1810   284.952   284.872 
    1820   284.952   284.872 
    1830   284.952   284.872 
    1840   284.952   284.871 
    1850   284.953   284.871 
    1860   284.952   284.871 
    1870   284.952   284.871 
    1880   284.948   284.871 
    1890   284.952   284.871 
    1900   284.951   284.871 
    1910   284.952   284.871 
    1920   284.952   284.872 
    1930   284.952   284.872 
    1940   284.952   284.871 
    1950   284.953   284.860 
    1960   284.954   284.871 
    1970   284.952   284.871 
    1980   284.952   284.871 
    1990   284.952   284.871 
    2000   284.887   284.733 
    2010   284.965   284.872 
    2020   284.953   284.871 
    2030   284.952   284.869 
    2040   284.952   284.871 
    2050   284.835   284.848 
    2060   284.963   284.871 
    2070   284.953   284.872 
    2080   284.952   284.871 
    2090   284.953   284.872 
    2100   284.957   284.871 
    2110   284.952   284.870 
    2120   284.952   284.871 
    2130   284.952   284.873 
    2140   284.952   284.871 
    2150   284.947   284.872 
    2160   284.952   284.872 
    2170   284.952   284.872 
    2180   284.950   284.868 
    2190   284.953   284.871 
    2200   285.012   284.867 
    2210   284.952   284.871 
    2220   284.952   284.871 
    2230   284.952   284.871 
    2240   284.952   284.871 
    2250   284.929   284.873 
    2260   284.954   284.871 
    2270   284.952   284.871 
    2280   284.950   284.863 
    2290   284.952   284.872 
    2300   285.101   284.867 
    2310   284.952   284.872 
    2320   284.952   284.872 
    2330   284.951   284.871 
    2340   284.952   284.871 
    2350   284.951   284.908 
    2360   284.958   284.871 
    2370   284.953   284.872 
    2380   284.951   284.871 
    2390   284.952   284.872 
    2400   284.954   284.795 
    2410   284.952   284.872 
    2420   284.952   284.872 
    2430   284.953   284.872 
    2440   284.952   284.871 
    2450   285.005   284.865 
    2460   284.951   284.869 
    2470   284.952   284.872 
    2480   284.951   284.867 
    2490   284.952   284.872 
    2500   284.929   284.831 
    2510   284.952   284.871 
    2520   284.952   284.872 
    2530   284.952   284.873 
    2540   284.952   284.871 
    2550   284.954   284.872 
    2560   284.952   284.871 
    2570   284.952   284.872 
    2580   284.951   284.872 
    2590   284.952   284.872 
    2600   284.951   284.875 
    2610   284.952   284.875 
    2620   284.952   284.871 
    2630   284.952   284.872 
    2640   284.953   284.872 
    2650   284.954   284.871 
    2660   284.952   284.871 
    2670   284.952   284.871 
    2680   284.941   284.901 
    2690   284.953   284.872 
    2700   284.950   284.871 
    2710   284.952   284.871 
    2720   284.952   284.872 
    2730   284.958   284.865 
    2740   284.953   284.872 
    2750   284.861   284.871 
    2760   284.953   284.872 
    2770   284.952   284.872 
    2780   284.952   284.872 
    2790   284.952   284.872 
    2800   284.950   284.841 
    2810   284.952   284.872 
    2820   284.952   284.872 
    2830   284.953   284.871 
    2840   284.952   284.871 
    2850   284.952   284.833 
    2860   284.953   284.871 
    2870   284.952   284.872 
    2880   284.952   284.871 
    2890   284.952   284.871 
    2900   284.958   284.882 
    2910   284.952   284.872 
    2920   284.952   284.872 
    2930   284.951   284.871 
    2940   284.952   284.872 
    2950   284.962   284.876 
    2960   284.952   284.872 
    2970   284.952   284.871 
    2980   284.951   284.872 
    2990   284.952   284.872 
    3000   284.949   284.874 
    3010   284.953   284.871 
    3020   284.952   284.871 
    3030   284.952   284.872 
    3040   284.952   284.871 
    3050   284.954   284.874 
    3060   284.952   284.872 
    3070   284.952   284.871 
    3080   284.951   284.873 
    3090   284.953   284.872 
    3100   284.945   284.870 
    3110   284.952   284.871 
    3120   284.952   284.871 
    3130   284.950   284.885 
    3140   284.952   284.872 
    3150   284.949   284.872 
    3160   284.953   284.872 
    3170   284.952   284.871 
    3180   284.953   284.871 
    3190   284.952   284.871 
    3200   284.951   284.877 
    3210   284.952   284.872 
    3220   284.952   284.871 
    3230   284.952   284.876 
    3240   284.952   284.872 
    3250   284.955   284.877 
    3260   284.952   284.872 
    3270   284.952   284.871 
    3280   284.940   284.880 
    3290   284.952   284.872 
    3300   285.038   284.893 
    3310   284.953   284.872 
    3320   284.952   284.871 
    3330   284.954   284.871 
    3340   284.953   284.871 
    3350   284.793   284.923 
    3360   284.955   284.871 
    3370   284.952   284.872 
    3380   284.952   284.871 
    3390   284.952   284.871 
    3400   284.951   284.833 
    3410   284.953   284.871 
    3420   284.952   284.871 
    3430   284.953   284.871 
    3440   284.952   284.872 
    3450   284.952   284.854 
    3460   284.952   284.871 
    3470   284.952   284.872 
    3480   284.951   284.874 
    3490   284.952   284.871 
    3500   284.960   284.878 
    3510   284.952   284.864 
    3520   284.952   284.871 
    3530   284.949   284.871 
    3540   284.953   284.872 
    3550   284.954   284.870 
    3560   284.952   284.872 
    3570   284.952   284.872 
    3580   284.951   284.872 
    3590   284.952   284.871 
    3600   284.955   284.865 
    3610   284.952   284.872 
    3620   284.952   284.871 
    3630   284.952   284.871 
    3640   284.952   284.872 
    3650   284.944   284.874 
    3660   284.953   284.872 
    3670   284.952   284.872 
    3680   284.952   284.875 
    3690   284.952   284.871 
    3700   284.956   284.871 
    3710   284.953   284.872 
    3720   284.952   284.872 
    3730   284.951   284.875 
    3740   284.952   284.871 
    3750   284.957   284.872 
    3760   284.952   284.872 
    3770   284.952   284.872 
    3780   284.951   284.875 
    3790   284.952   284.872 
    3800   284.954   284.868 
    3810   284.952   284.872 
    3820   284.953   284.872 
    3830   284.952   284.877 
    3840   284.952   284.871 
    3850   284.952   284.871 
    3860   284.952   284.866 
    3870   284.952   284.872 
    3880   284.952   284.871 
    3890   284.952   284.872 
    3900   284.952   284.869 
    3910   284.952   284.872 
    3920   284.952   284.871 
    3930   284.952   284.873 
    3940   284.953   284.871 
    3950   284.953   284.871 
    3960   284.952   284.871 
    3970   284.952   284.871 
    3980   310.376   340.187 
    3990   284.952   284.872 
    4000   284.950   284.872 
    4010   284.952   284.872 
    4020   284.952   284.872 
    4030   284.952   284.872 
    4040   284.953   284.871 
    4050   284.958   284.872 
    4060   284.952   284.873 
    4070   284.952   284.871 
    4080   284.952   284.870 
    4090   284.952   284.872 
    4100   284.949   284.871 
    4110   284.952   284.872 
    4120   284.952   284.872 
    4130   284.953   284.873 
    4140   284.952   284.872 
    4150   284.960   284.886 
    4160   284.951   284.868 
    4170   284.952   284.872 
    4180   284.954   284.872 
    4190   284.952   284.872 
    4200   284.952   284.864 
    4210   284.952   284.872 
    4220   284.952   284.872 
    4230   284.947   284.871 
    4240   284.952   284.872 
    4250   284.953   284.868 
    4260   284.952   284.871 
    4270   284.952   284.871 
    4280   284.953   284.864 
    4290   284.952   284.871 
    4300   284.817   284.870 
    4310   284.953   284.872 
    4320   284.952   284.871 
    4330   284.950   284.872 
    4340   284.952   284.872 
    4350   284.954   284.871 
    4360   284.954   284.872 
    4370   284.952   284.871 
    4380   284.953   284.871 
    4390   284.952   284.872 
    4400   284.940   284.873 
    4410   284.952   284.872 
    4420   284.952   284.872 
    4430   284.950   284.877 
    4440   284.952   284.871 
    4450   284.938   284.871 
    4460   284.952   284.872 
    4470   284.952   284.871 
    4480   284.951   284.880 
    4490   284.952   284.872 
    4500   285.027   284.873 
    4510   284.953   284.872 
    4520   284.952   284.871 
    4530   284.950   284.872 
    4540   284.952   284.872 
    4550   284.966   284.826 
    4560   284.952   284.871 
    4570   284.954   284.872 
    4580   284.950   284.872 
    4590   284.952   284.871 
    4600   284.952   284.783 
    4610   284.952   284.872 
    4620   284.952   284.871 
    4630   284.950   284.866 
    4640   284.952   284.872 
    4650   285.005   284.870 
    4660   284.953   284.872 
    4670   284.952   284.871 
    4680   284.952   284.871 
    4690   284.952   284.871 
    4700   284.948   284.834 
    4710   284.952   284.872 
    4720   284.952   284.872 
    4730   284.952   284.871 
    4740   284.952   284.872 
    4750   284.938   284.922 
    4760   284.952   284.873 
    4770   284.952   284.872 
    4780   284.952   284.872 
    4790   284.952   284.871 
    4800   284.967   284.920 
    4810   284.954   284.871 
    4820   284.952   284.872 
    4830   284.952   284.872 
    4840   284.952   284.871 
    4850   284.945   284.850 
    4860   284.955   284.871 
    4870   284.952   284.872 
    4880   284.951   284.872 
    4890   284.952   284.872 
    4900   284.954   284.861 
    4910   284.952   284.872 
    4920   284.952   284.871 
    4930   284.953   284.870 
    4940   284.952   284.872 
    4950   285.035   284.874 
    4960   284.954   284.871 
    4970   284.952   284.872 
    4980   284.949   284.862 
    4990   284.952   284.871 
    5000   285.068   284.867 
    5010   284.952   284.872 
    5020   284.952   284.872 
    5030   284.949   284.870 
    5040   284.952   284.872 
    5050   284.952   284.872 
    5060   284.952   284.872 
    5070   284.952   284.871 
    5080   284.952   284.873 
    5090   284.953   284.871 
    5100   284.965   284.871 
    5110   284.952   284.871 
    5120   284.952   284.871 
    5130   284.952   284.880 
    5140   284.952   284.871 
    5150   284.788   284.874 
    5160   284.952   284.873 
    5170   284.952   284.872 
    5180   284.954   284.871 
    5190   284.952   284.872 
    5200   284.952   284.877 
    5210   284.952   284.872 
    5220   284.952   284.872 
    5230   284.950   284.867 
    5240   284.952   284.871 
    5250   284.742   284.878 
    5260   284.952   284.872 
    5270   284.952   284.872 
    5280   284.951   284.872 
    5290   284.952   284.872 
    5300   284.953   284.876 
    5310   284.952   284.872 
    5320   284.952   284.872 
    5330   284.951   284.869 
    5340   284.952   284.871 
    5350   284.922   284.872 
    5360   284.952   284.872 
    5370   284.952   284.872 
    5380   284.952   284.871 
    5390   284.952   284.872 
    5400   284.947   284.874 
    5410   284.952   284.871 
    5420   284.953   284.871 
    5430   284.946   284.872 
    5440   284.953   284.871 
    5450   284.824   284.873 
    5460   284.953   284.871 
    5470   284.952   284.872 
    5480   284.949   284.871 
    5490   284.952   284.872 
    5500   284.947   284.866 
    5510   284.953   284.871 
    5520   284.952   284.871 
    5530   284.953   284.871 
    5540   284.952   284.872 
    5550   284.954   284.871 
    5560   284.953   284.871 
    5570   284.952   284.871 
    5580   284.951   284.871 
    5590   284.952   284.871 
    5600   284.989   284.868 
    5610   284.954   284.872 
    5620   284.952   284.872 
    5630   284.952   284.874 
    5640   284.952   284.872 
    5650   284.981   284.872 
    5660   284.955   284.872 
    5670   284.952   284.871 
    5680   284.951   284.871 
    5690   284.952   284.872 
    5700   284.950   284.865 
    5710   284.952   284.872 
    5720   284.952   284.872 
    5730   284.951   284.872 
    5740   284.952   284.872 
    5750   284.957   284.871 
    5760   284.952   284.872 
    5770   284.952   284.871 
    5780   284.950   284.894 
    5790   284.953   284.872 
    5800   284.946   284.872 
    5810   284.952   284.872 
    5820   284.952   284.872 
    5830   284.951   284.870 
    5840   284.952   284.872 
    5850   284.954   284.877 
    5860   284.952   284.868 
    5870   284.952   284.872 
    5880   284.951   284.892 
    5890   284.953   284.872 
    5900   284.946   284.872 
    5910   284.952   284.872 
    5920   284.952   284.872 
    5930   284.951   284.872 
    5940   284.952   284.871 
    5950   284.955   284.867 
    5960   284.952   284.872 
    5970   284.952   284.871 
    5980   284.952   284.872 
    5990   284.952   284.871 
    6000   284.941   284.876 
    6010   284.952   284.870 
    6020   284.952   284.872 
    6030   284.952   284.872 
    6040   284.952   284.873 
    6050   284.961   284.870 
    6060   284.953   284.871 
    6070   284.952   284.872 
    6080   284.963   284.850 
    6090   284.952   284.871 
    6100   284.952   284.873 
    6110   284.953   284.871 
    6120   284.952   284.871 
    6130   284.952   284.872 
    6140   284.952   284.872 
    6150   284.952   284.867 
    6160   284.952   284.871 
    6170   284.952   284.871 
    6180   284.937   284.889 
    6190   284.952   284.872 
    6200   284.956   284.872 
    6210   284.952   284.867 
    6220   284.952   284.871 
    6230   284.952   284.871 
    6240   284.952   284.872 
    6250   284.991   284.896 
    6260   284.954   284.872 
    6270   284.952   284.872 
    6280   284.953   284.869 
    6290   284.952   284.872 
    6300   284.860   284.869 
    6310   284.953   284.871 
    6320   284.952   284.871 
    6330   284.951   284.872 
    6340   284.952   284.872 
    6350   284.958   284.865 
    6360   284.952   284.872 
    6370   284.952   284.872 
    6380   284.950   284.875 
    6390   284.953   284.872 
    6400   284.995   284.832 
    6410   284.953   284.872 
    6420   284.952   284.871 
    6430   284.952   284.872 
    6440   284.952   284.871 
    6450   284.967   284.873 
    6460   284.953   284.871 
    6470   284.952   284.871 
    6480   284.947   284.860 
    6490   284.952   284.871 
    6500   284.794   284.882 
    6510   284.952   284.872 
    6520   284.952   284.872 
    6530   284.951   284.872 
    6540   284.953   284.872 
    6550   284.953   284.872 
    6560   284.952   284.872 
    6570   284.952   284.871 
    6580   284.959   284.881 
    6590   284.952   284.872 
    6600   284.956   284.871 
    6610   284.952   284.871 
    6620   284.952   284.872 
    6630   284.948   284.872 
    6640   284.952   284.872 
    6650   285.064   284.873 
    6660   284.964   284.871 
    6670   284.953   284.872 
    6680   284.951   284.877 
    6690   284.952   284.871 
    6700   285.084   284.871 
    6710   284.953   284.870 
    6720   284.952   284.872 
    6730   284.953   284.870 
    6740   284.952   284.871 
    6750   284.954   284.871 
    6760   284.952   284.876 
    6770   284.952   284.872 
    6780   284.952   284.871 
    6790   284.952   284.872 
    6800   284.953   284.923 
    6810   284.954   284.872 
    6820   284.952   284.871 
    6830   284.952   284.871 
    6840   284.952   284.872 
    6850   284.877   284.869 
    6860   284.954   284.871 
    6870   284.952   284.872 
    6880   284.952   284.878 
    6890   284.952   284.872 
    6900   284.952   284.872 
    6910   284.953   284.871 
    6920   284.952   284.872 
    6930   284.952   284.872 
    6940   284.952   284.872 
    6950   284.956   284.942 
    6960   284.954   284.872 
    6970   284.952   284.871 
    6980   284.952   284.872 
    6990   284.952   284.872 
    7000   284.911   284.953 
    7010   284.951   284.872 
    7020   284.952   284.872 
    7030   284.952   284.872 
    7040   284.952   284.872 
    7050   284.998   284.870 
    7060   284.955   284.872 
    7070   284.952   284.871 
    7080   284.945   284.879 
    7090   284.952   284.872 
    7100   284.941   284.861 
    7110   284.952   284.871 
    7120   284.952   284.872 
    7130   284.951   284.870 
    7140   284.952   284.872 
    7150   284.964   284.885 
    7160   284.954   284.872 
    7170   284.952   284.871 
    7180   284.950   284.872 
    7190   284.952   284.872 
    7200   284.948   284.879 
    7210   284.970   284.871 
    7220   284.951   284.872 
    7230   284.952   284.872 
    7240   284.954   284.871 
    7250   284.950   284.862 
    7260   284.952   284.871 
    7270   284.952   284.872 
    7280   284.955   284.883 
    7290   284.952   284.872 
    7300   284.826   284.878 
    7310   284.957   284.872 
    7320   284.952   284.871 
    7330   284.951   284.874 
    7340   284.952   284.872 
    7350   284.948   284.879 
    7360   284.968   284.872 
    7370   284.951   284.871 
    7380   284.952   284.872 
    7390   284.952   284.872 
    7400   284.962   284.924 
    7410   284.953   284.871 
    7420   284.952   284.872 
    7430   284.952   284.872 
    7440   284.953   284.872 
    7450   284.953   284.872 
    7460   284.952   284.871 
    7470   284.952   284.871 
    7480   284.954   284.873 
    7490   284.952   284.872 
    7500   284.996   284.911 
    7510   284.954   284.872 
    7520   284.952   284.872 
    7530   284.954   284.871 
    7540   284.952   284.872 
    7550   284.951   284.836 
    7560   284.953   284.871 
    7570   284.952   284.872 
    7580   284.952   284.871 
    7590   284.952   284.872 
    7600   284.968   284.870 
    7610   284.953   284.872 
    7620   284.952   284.872 
    7630   284.952   284.871 
    7640   284.952   284.872 
    7650   284.953   284.810 
    7660   284.952   284.872 
    7670   284.952   284.872 
    7680   284.952   284.871 
    7690   284.952   284.872 
    7700   284.974   284.935 
    7710   284.954   284.871 
    7720   284.952   284.872 
    7730   284.955   284.872 
    7740   284.952   284.872 
    7750   284.952   284.882 
    7760   284.952   284.872 
    7770   284.952   284.872 
    7780   284.954   284.865 
    7790   284.952   284.870 
    7800   284.952   284.871 
    7810   284.953   284.870 
    7820   284.952   284.872 
    7830   284.951   284.859 
    7840   284.952   284.871 
    7850   285.064   284.872 
    7860   284.952   284.871 
    7870   284.952   284.871 
    7880   284.953   284.871 
    7890   284.952   284.872 
    7900   284.937   284.783 
    7910   284.962   284.872 
    7920   284.952   284.872 
    7930   284.952   284.871 
    7940   284.952   284.872 
    7950   284.952   284.907 
    7960   284.952   284.871 
    7970   284.952   284.872 
    7980   284.952   284.871 
    7990   284.952   284.872 
    8000   284.950   284.927 
    8010   284.952   284.871 
    8020   284.952   284.871 
    8030   284.953   284.871 
    8040   284.953   284.871 
    8050   284.953   284.872 
    8060   284.952   284.869 
    8070   284.952   284.871 
    8080   284.954   284.873 
    8090   284.952   284.872 
    8100   285.035   284.905 
    8110   284.953   284.871 
    8120   284.952   284.872 
    8130   284.954   284.871 
    8140   284.952   284.872 
    8150   284.952   284.865 
    8160   284.952   284.872 
    8170   284.952   284.872 
    8180   284.952   284.878 
    8190   284.952   284.872 
    8200   284.948   284.872 
    8210   284.952   284.871 
    8220   284.952   284.871 
    8230   284.949   284.872 
    8240   284.952   284.871 
    8250   284.873   284.843 
    8260   284.953   284.872 
    8270   284.952   284.872 
    8280   284.954   284.872 
    8290   284.952   284.871 
    8300   284.955   284.807 
    8310   284.952   284.871 
    8320   284.952   284.871 
    8330   284.951   284.872 
    8340   284.952   284.872 
    8350   284.841   284.864 
    8360   284.953   284.873 
    8370   284.952   284.872 
    8380   284.953   284.872 
    8390   284.952   284.872 
    8400   284.957   284.872 
    8410   284.954   284.873 
    8420   284.952   284.871 
    8430   284.952   284.872 
    8440   284.952   284.871 
    8450   284.954   284.878 
    8460   284.952   284.872 
    8470   284.952   284.872 
    8480   284.949   284.885 
    8490   284.953   284.872 
    8500   285.000   284.873 
    8510   284.952   284.872 
    8520   284.952   284.872 
    8530   284.951   284.872 
    8540   284.952   284.871 
    8550   284.964   284.871 
    8560   284.952   284.871 
    8570   284.952   284.871 
    8580   284.950   284.897 
    8590   284.953   284.872 
    8600   284.946   284.872 
    8610   284.952   284.872 
    8620   284.952   284.872 
    8630   284.945   284.839 
    8640   284.952   284.872 
    8650   285.016   284.850 
    8660   284.952   284.872 
    8670   284.952   284.871 
    8680   284.951   284.871 
    8690   284.953   284.872 
    8700   284.798   284.871 
    8710   284.952   284.872 
    8720   284.952   284.872 
    8730   284.953   284.877 
    8740   284.952   284.872 
    8750   284.734   284.878 
    8760   284.952   284.872 
    8770   284.952   284.872 
    8780   284.952   284.872 
    8790   284.953   284.872 
    8800   284.953   284.872 
    8810   284.952   284.872 
    8820   284.952   284.872 
    8830   284.951   284.872 
    8840   284.952   284.871 
    8850   284.987   284.871 
    8860   284.952   284.877 
    8870   284.952   284.870 
    8880   284.952   284.872 
    8890   284.952   284.871 
    8900   284.955   284.809 
    8910   284.953   284.871 
    8920   284.952   284.872 
    8930   284.953   284.871 
    8940   284.952   284.872 
    8950   284.956   284.819 
    8960   284.953   284.871 
    8970   284.952   284.872 
    8980   284.953   284.872 
    8990   284.953   284.871 
    9000   284.946   284.874 
    9010   284.952   284.871 
    9020   284.952   284.872 
    9030   284.954   284.871 
    9040   284.952   284.871 
    9050   284.974   284.842 
    9060   284.954   284.871 
    9070   284.953   284.872 
    9080   284.952   284.866 
    9090   284.952   284.870 
    9100   284.952   284.871 
    9110   284.952   284.865 
    9120   284.952   284.871 
    9130   284.951   284.871 
    9140   284.952   284.872 
    9150   284.952   284.868 
    9160   284.952   284.872 
    9170   284.952   284.872 
    9180   284.952   284.872 
    9190   284.952   284.871 
    9200   284.975   284.803 
    9210   284.952   284.872 
    9220   284.952   284.872 
    9230   284.952   284.874 
    9240   284.952   284.871 
    9250   284.951   284.871 
    9260   284.952   284.872 
    9270   284.952   284.872 
    9280   284.952   284.872 
    9290   284.952   284.872 
    9300   284.950   284.873 
    9310   284.952   284.871 
    9320   284.952   284.871 
    9330   284.951   284.871 
    9340   284.952   284.872 
    9350   284.954   284.799 
    9360   284.953   284.872 
    9370   284.952   284.871 
    9380   284.952   284.871 
    9390   284.952   284.872 
    9400   284.956   284.869 
    9410   284.952   284.872 
    9420   284.952   284.872 
    9430   284.952   284.872 
    9440   284.952   284.871 
    9450   284.950   284.875 
    9460   284.952   284.872 
    9470   284.952   284.872 
    9480   284.952   284.872 
    9490   284.952   284.872 
    9500   284.952   284.869 
    9510   284.952   284.871 
    9520   284.952   284.872 
    9530   284.951   284.880 
    9540   284.952   284.870 
    9550   284.951   284.871 
    9560   284.953   284.872 
    9570   284.952   284.872 
    9580   284.957   284.863 
    9590   284.953   284.872 
    9600   284.975   284.873 
    9610   284.952   284.872 
    9620   284.952   284.871 
    9630   284.951   284.873 
    9640   284.952   284.871 
    9650   284.959   284.863 
    9660   284.957   284.872 
    9670   284.952   284.871 
    9680   284.951   284.873 
    9690   284.952   284.872 
    9700   284.923   284.906 
    9710   284.952   284.873 
    9720   284.952   284.871 
    9730   284.947   284.871 
    9740   284.952   284.871 
    9750   284.954   284.884 
    9760   284.967   284.872 
    9770   284.949   284.871 
    9780   284.952   284.872 
    9790   284.952   284.871 
    9800   284.954   284.878 
    9810   284.969   284.872 
    9820   284.953   284.872 
    9830   284.951   284.871 
    9840   284.952   284.872 
    9850   284.952   284.883 
    9860   284.953   284.872 
    9870   284.952   284.872 
    9880   284.952   284.872 
    9890   284.952   284.872 
    9900   285.029   284.916 
    9910   284.952   284.872 
    9920   284.952   284.871 
    9930   284.952   284.872 
    9940   284.952   284.872 
    9950   284.964   284.867 
    9960   284.952   284.871 
    9970   284.952   284.872 
    9980   284.953   284.872 
    9990   284.952   284.872 
   10000   284.952   284.872 
