       0   224.889   224.955 
      10   229.347   229.779 
      20   229.713   229.896 
      30   229.804   229.897 
      40   229.804   229.953 
      50   229.794   229.962 
      60   229.837   229.909 
      70   229.849   229.920 
      80   229.845   229.915 
      90   229.844   229.924 
     100   229.852   229.914 
     110   229.837   229.919 
     120   229.852   229.923 
     130   229.866   229.922 
     140   229.864   229.924 
     150   229.864   229.926 
     160   229.866   229.925 
     170   229.854   229.973 
     180   229.866   229.927 
     190   229.867   229.933 
     200   229.863   229.925 
     210   229.871   229.934 
     220   229.868   229.935 
     230   229.870   229.936 
     240   229.866   229.934 
     250   229.869   229.971 
     260   229.853   229.938 
     270   229.864   229.938 
     280   229.871   229.939 
     290   229.867   229.938 
     300   229.880   229.931 
     310   229.870   229.939 
     320   229.871   229.940 
     330   229.868   229.938 
     340   229.871   229.937 
     350   229.871   229.943 
     360   229.868   229.940 
     370   229.869   229.941 
     380   229.870   229.942 
     390   229.871   229.938 
     400   229.872   229.937 
     410   229.876   229.942 
     420   229.872   229.942 
     430   229.865   229.946 
     440   229.870   229.940 
     450   229.865   229.920 
     460   229.866   229.943 
     470   229.873   229.943 
     480   229.875   229.944 
     490   229.871   229.957 
     500   229.873   229.950 
     510   229.873   229.944 
     520   229.870   229.946 
     530   229.876   229.951 
     540   229.871   229.946 
     550   229.873   229.949 
     560   229.874   229.946 
     570   229.873   229.947 
     580   229.876   229.944 
     590   229.869   229.955 
     600   229.892   229.904 
     610   229.874   229.947 
     620   229.875   229.949 
     630   229.869   229.951 
     640   229.864   229.924 
     650   229.876   229.952 
     660   229.875   229.948 
     670   229.878   229.946 
     680   229.874   229.950 
     690   229.875   229.947 
     700   229.874   229.941 
     710   229.875   229.948 
     720   229.872   229.950 
     730   229.880   229.946 
     740   229.876   229.948 
     750   229.884   229.967 
     760   229.876   229.949 
     770   229.904   229.928 
     780   229.876   229.945 
     790   229.854   229.924 
     800   229.878   229.943 
     810   229.879   229.950 
     820   229.886   229.952 
     830   229.877   229.952 
     840   229.878   229.947 
     850   229.880   229.954 
     860   229.878   229.952 
     870   229.877   229.948 
     880   229.880   229.951 
     890   229.882   229.951 
     900   229.883   229.949 
     910   229.878   229.951 
     920   229.876   229.946 
     930   229.880   229.951 
     940   229.879   229.951 
     950   229.910   229.919 
     960   229.879   229.951 
     970   229.879   229.952 
     980   229.879   229.955 
     990   229.879   229.952 
    1000   229.878   229.952 
    1010   229.879   229.951 
    1020   229.880   229.953 
    1030   229.880   229.954 
    1040   229.881   229.953 
    1050   229.836   229.938 
    1060   229.880   229.949 
    1070   229.880   229.953 
    1080   229.880   229.952 
    1090   229.875   229.952 
    1100   229.809   229.940 
    1110   229.881   229.953 
    1120   229.881   229.956 
    1130   229.881   229.952 
    1140   229.880   229.954 
    1150   229.885   229.949 
    1160   229.881   229.953 
    1170   229.891   229.958 
    1180   229.882   229.955 
    1190   229.881   229.953 
    1200   229.885   229.945 
    1210   229.881   229.954 
    1220   229.886   229.955 
    1230   229.879   229.957 
    1240   229.884   229.955 
    1250   229.880   229.942 
    1260   229.886   229.955 
    1270   229.886   229.955 
    1280   229.882   229.955 
    1290   229.884   229.962 
    1300   229.891   229.951 
    1310   229.885   229.956 
    1320   229.884   229.954 
    1330   229.883   229.956 
    1340   229.885   229.955 
    1350   229.887   230.009 
    1360   229.889   229.956 
    1370   229.889   229.956 
    1380   229.885   229.956 
    1390   229.886   229.956 
    1400   229.907   229.952 
    1410   229.886   229.956 
    1420   229.888   229.956 
    1430   229.886   229.958 
    1440   229.886   229.956 
    1450   229.880   229.955 
    1460   229.886   229.955 
    1470   229.887   229.956 
    1480   229.886   229.956 
    1490   229.887   229.954 
    1500   229.909   229.975 
    1510   229.887   229.956 
    1520   229.884   229.958 
    1530   229.886   229.955 
    1540   229.886   229.957 
    1550   229.887   229.955 
    1560   229.887   229.957 
    1570   229.885   229.956 
    1580   229.889   229.957 
    1590   229.889   229.957 
    1600   229.889   229.966 
    1610   229.889   229.956 
    1620   229.888   229.958 
    1630   229.889   229.961 
    1640   229.888   229.957 
    1650   229.878   229.958 
    1660   229.889   229.954 
    1670   229.889   229.948 
    1680   229.889   229.958 
    1690   229.890   229.956 
    1700   229.865   229.968 
    1710   229.889   229.957 
    1720   229.891   229.960 
    1730   229.890   229.960 
    1740   229.890   229.958 
    1750   229.891   229.966 
    1760   229.891   229.957 
    1770   229.890   229.957 
    1780   229.889   229.957 
    1790   229.889   229.957 
    1800   229.930   229.990 
    1810   229.890   229.958 
    1820   229.890   229.958 
    1830   229.890   229.959 
    1840   229.890   229.958 
    1850   229.877   229.962 
    1860   229.892   229.976 
    1870   229.891   229.959 
    1880   229.892   229.962 
    1890   229.891   229.957 
    1900   229.885   229.954 
    1910   229.892   229.959 
    1920   229.892   229.960 
    1930   229.892   229.959 
    1940   229.892   229.959 
    1950   229.897   229.991 
    1960   229.892   229.959 
    1970   229.891   229.956 
    1980   229.892   229.961 
    1990   229.892   229.959 
    2000   229.900   229.958 
    2010   229.892   229.959 
    2020   229.894   229.959 
    2030   229.892   229.957 
    2040   229.892   229.959 
    2050   229.894   229.954 
    2060   229.889   229.959 
    2070   229.893   229.959 
    2080   229.893   229.958 
    2090   229.892   229.960 
    2100   229.891   229.950 
    2110   229.894   229.959 
    2120   229.892   229.959 
    2130   229.892   229.959 
    2140   229.894   229.960 
    2150   229.910   229.972 
    2160   229.893   229.959 
    2170   229.893   229.960 
    2180   229.896   229.960 
    2190   229.893   229.959 
    2200   229.894   229.955 
    2210   229.897   229.959 
    2220   229.893   229.959 
    2230   229.894   229.959 
    2240   229.894   229.959 
    2250   229.891   229.962 
    2260   229.894   229.960 
    2270   229.896   229.958 
    2280   229.894   229.960 
    2290   229.894   229.959 
    2300   229.903   229.958 
    2310   229.895   229.960 
    2320   229.896   229.960 
    2330   229.895   229.960 
    2340   229.896   229.960 
    2350   229.897   229.963 
    2360   229.896   229.959 
    2370   229.896   229.960 
    2380   229.896   229.961 
    2390   229.896   229.960 
    2400   229.906   229.960 
    2410   229.896   229.960 
    2420   229.896   229.960 
    2430   229.896   229.959 
    2440   229.896   229.959 
    2450   229.884   229.962 
    2460   229.896   229.960 
    2470   229.896   229.961 
    2480   229.897   229.969 
    2490   229.897   229.960 
    2500   229.901   229.922 
    2510   229.896   229.960 
    2520   229.901   229.960 
    2530   229.899   229.965 
    2540   229.899   229.961 
    2550   229.895   230.031 
    2560   229.899   229.961 
    2570   229.899   229.961 
    2580   229.899   229.961 
    2590   229.900   229.961 
    2600   229.899   229.963 
    2610   229.899   229.961 
    2620   229.899   229.961 
    2630   229.899   229.960 
    2640   229.900   229.962 
    2650   229.907   229.958 
    2660   229.899   229.961 
    2670   229.899   229.961 
    2680   229.900   229.963 
    2690   229.899   229.961 
    2700   229.899   229.952 
    2710   229.900   229.961 
    2720   229.899   229.961 
    2730   229.901   229.964 
    2740   229.899   229.961 
    2750   229.900   229.962 
    2760   229.900   229.960 
    2770   229.899   229.961 
    2780   229.903   229.958 
    2790   229.899   229.961 
    2800   229.900   229.962 
    2810   229.900   229.961 
    2820   229.900   229.961 
    2830   229.899   229.962 
    2840   229.899   229.961 
    2850   229.899   229.960 
    2860   229.899   229.961 
    2870   229.899   229.961 
    2880   229.899   229.962 
    2890   229.899   229.961 
    2900   229.898   229.963 
    2910   229.899   229.962 
    2920   229.900   229.961 
    2930   212.252   326.003 
    2940   229.900   229.961 
    2950   229.916   229.964 
    2960   229.899   229.961 
    2970   229.900   229.961 
    2980   229.899   229.962 
    2990   229.899   229.961 
    3000   229.923   229.988 
    3010   229.899   229.961 
    3020   229.900   229.961 
    3030   229.900   229.961 
    3040   229.900   229.961 
    3050   229.899   230.019 
    3060   229.900   229.961 
    3070   229.900   229.961 
    3080   229.900   229.961 
    3090   229.899   229.961 
    3100   229.898   229.960 
    3110   229.900   229.961 
    3120   229.900   229.961 
    3130   229.899   229.962 
    3140   229.900   229.961 
    3150   229.900   229.963 
    3160   229.899   229.960 
    3170   229.900   229.961 
    3180   229.900   229.962 
    3190   229.900   229.961 
    3200   229.894   229.954 
    3210   229.900   229.962 
    3220   229.901   229.962 
    3230   229.900   229.962 
    3240   229.900   229.961 
    3250   229.952   229.961 
    3260   229.900   229.961 
    3270   229.900   229.961 
    3280   229.898   229.963 
    3290   229.900   229.961 
    3300   229.898   229.959 
    3310   229.899   229.962 
    3320   229.902   229.961 
    3330   229.899   229.961 
    3340   229.900   229.961 
    3350   229.900   229.967 
    3360   229.900   229.961 
    3370   229.900   229.961 
    3380   229.901   229.961 
    3390   229.900   229.961 
    3400   229.905   229.961 
    3410   229.899   229.961 
    3420   229.900   229.961 
    3430   229.901   229.961 
    3440   229.900   229.961 
    3450   229.893   229.888 
    3460   229.899   229.961 
    3470   229.900   229.961 
    3480   229.899   229.961 
    3490   229.900   229.961 
    3500   229.901   229.959 
    3510   229.900   229.961 
    3520   229.900   229.961 
    3530   320.668   231.269 
    3540   229.900   229.961 
    3550   229.900   229.958 
    3560   229.900   229.961 
    3570   229.900   229.961 
    3580   229.901   229.961 
    3590   229.900   229.961 
    3600   229.906   230.047 
    3610   229.900   229.961 
    3620   229.900   229.961 
    3630   229.888   229.965 
    3640   229.900   229.962 
    3650   229.896   229.975 
    3660   229.899   229.962 
    3670   229.900   229.961 
    3680   229.898   229.962 
    3690   229.899   229.961 
    3700   229.900   229.908 
    3710   229.900   229.961 
    3720   229.900   229.961 
    3730   229.900   229.964 
    3740   229.899   229.962 
    3750   229.903   229.961 
    3760   229.900   229.962 
    3770   229.900   229.961 
    3780   229.899   229.961 
    3790   229.900   229.961 
    3800   229.900   229.962 
    3810   229.900   229.961 
    3820   229.900   229.960 
    3830   229.900   229.963 
    3840   229.900   229.961 
    3850   229.898   229.959 
    3860   229.900   229.960 
    3870   229.900   229.961 
    3880   229.900   229.962 
    3890   229.900   229.961 
    3900   229.900   229.961 
    3910   229.900   229.961 
    3920   229.900   229.961 
    3930   229.900   229.962 
    3940   229.900   229.961 
    3950   229.908   229.960 
    3960   229.900   229.961 
    3970   229.900   229.961 
    3980   229.900   229.963 
    3990   229.900   229.961 
    4000   229.952   229.961 
    4010   229.900   229.961 
    4020   229.900   229.961 
    4030   229.900   229.963 
    4040   229.900   229.961 
    4050   229.892   229.962 
    4060   229.900   229.961 
    4070   229.900   229.961 
    4080   229.900   229.964 
    4090   229.900   229.961 
    4100   229.935   229.972 
    4110   229.900   229.962 
    4120   229.900   229.961 
    4130   229.900   229.963 
    4140   229.900   229.962 
    4150   229.899   229.962 
    4160   229.900   229.961 
    4170   229.900   229.961 
    4180   229.901   229.961 
    4190   229.900   229.961 
    4200   229.895   229.875 
    4210   229.900   229.961 
    4220   229.900   229.961 
    4230   229.870   229.939 
    4240   229.900   229.961 
    4250   229.902   229.960 
    4260   229.900   229.961 
    4270   229.900   229.961 
    4280   229.898   229.961 
    4290   229.900   229.962 
    4300   229.915   229.905 
    4310   229.900   229.961 
    4320   229.900   229.961 
    4330   229.899   229.962 
    4340   229.901   229.961 
    4350   229.903   230.014 
    4360   229.900   229.961 
    4370   229.900   229.961 
    4380   229.900   229.961 
    4390   229.900   229.962 
    4400   229.899   229.959 
    4410   229.900   229.962 
    4420   229.900   229.961 
    4430   229.900   229.962 
    4440   229.900   229.961 
    4450   229.899   229.953 
    4460   229.900   229.962 
    4470   229.900   229.961 
    4480   229.900   229.960 
    4490   229.900   229.961 
    4500   229.890   229.975 
    4510   229.900   229.962 
    4520   229.900   229.961 
    4530   229.900   229.961 
    4540   229.900   229.961 
    4550   229.895   230.038 
    4560   229.900   229.961 
    4570   229.900   229.961 
    4580   229.901   229.961 
    4590   229.900   229.961 
    4600   229.907   230.004 
    4610   229.900   229.961 
    4620   229.900   229.962 
    4630   229.901   229.961 
    4640   229.900   229.962 
    4650   229.904   229.960 
    4660   229.900   229.961 
    4670   229.899   229.960 
    4680   229.900   229.961 
    4690   229.900   229.961 
    4700   229.900   229.957 
    4710   229.900   229.961 
    4720   229.900   229.961 
    4730   229.899   229.962 
    4740   229.900   229.961 
    4750   229.900   229.959 
    4760   229.900   229.961 
    4770   229.900   229.961 
    4780   229.899   229.961 
    4790   229.900   229.961 
    4800   229.902   229.958 
    4810   229.900   229.962 
    4820   229.900   229.962 
    4830   140.136   107.668 
    4840   229.900   229.961 
    4850   229.901   229.960 
    4860   229.900   229.961 
    4870   229.900   229.962 
    4880   229.900   229.963 
    4890   229.900   229.962 
    4900   229.899   229.965 
    4910   229.900   229.961 
    4920   229.900   229.961 
    4930   229.900   229.961 
    4940   229.900   229.962 
    4950   229.902   229.959 
    4960   229.900   229.961 
    4970   229.900   229.961 
    4980   229.900   229.962 
    4990   229.900   229.962 
    5000   229.899   229.963 
    5010   229.900   229.962 
    5020   229.900   229.962 
    5030   229.900   229.962 
    5040   229.900   229.962 
    5050   229.899   229.962 
    5060   229.900   229.962 
    5070   229.900   229.961 
    5080   310.697   214.182 
    5090   229.900   229.962 
    5100   229.975   229.936 
    5110   229.900   229.961 
    5120   229.900   229.962 
    5130   229.899   229.961 
    5140   229.900   229.961 
    5150   229.905   229.894 
    5160   229.900   229.962 
    5170   229.900   229.962 
    5180   229.901   229.963 
    5190   229.900   229.962 
    5200   229.900   229.961 
    5210   229.900   229.961 
    5220   229.900   229.962 
    5230   229.904   229.962 
    5240   229.900   229.961 
    5250   229.900   230.015 
    5260   229.900   229.962 
    5270   229.900   229.962 
    5280   229.900   229.961 
    5290   229.900   229.962 
    5300   229.899   230.002 
    5310   229.900   229.962 
    5320   229.900   229.962 
    5330   331.499   234.804 
    5340   229.900   229.962 
    5350   229.900   229.943 
    5360   229.900   229.962 
    5370   229.900   229.962 
    5380   229.898   229.962 
    5390   229.900   229.962 
    5400   229.899   229.955 
    5410   229.900   229.961 
    5420   229.900   229.962 
    5430   229.900   229.962 
    5440   229.900   229.962 
    5450   229.902   229.961 
    5460   229.900   229.962 
    5470   229.900   229.962 
    5480   229.904   229.966 
    5490   229.900   229.962 
    5500   229.901   229.961 
    5510   229.900   229.961 
    5520   229.900   229.963 
    5530   229.900   229.962 
    5540   229.900   229.961 
    5550   229.903   229.949 
    5560   229.900   229.962 
    5570   229.900   229.962 
    5580   229.900   229.964 
    5590   229.900   229.962 
    5600   229.901   230.008 
    5610   229.900   229.962 
    5620   229.900   229.962 
    5630   229.899   229.962 
    5640   229.900   229.962 
    5650   229.900   229.977 
    5660   229.900   229.962 
    5670   229.900   229.962 
    5680   229.898   229.962 
    5690   229.900   229.962 
    5700   229.900   229.987 
    5710   229.900   229.963 
    5720   229.900   229.962 
    5730   229.900   229.962 
    5740   229.900   229.962 
    5750   229.899   229.961 
    5760   229.900   229.961 
    5770   229.900   229.962 
    5780   229.900   229.962 
    5790   229.900   229.962 
    5800   229.907   229.960 
    5810   229.900   229.961 
    5820   229.900   229.962 
    5830   229.899   229.963 
    5840   229.901   229.962 
    5850   229.896   229.928 
    5860   229.900   229.962 
    5870   229.900   229.962 
    5880   229.899   229.961 
    5890   229.900   229.962 
    5900   229.896   229.960 
    5910   229.900   229.962 
    5920   229.900   229.961 
    5930   229.900   229.961 
    5940   229.900   229.962 
    5950   229.901   229.962 
    5960   229.901   229.961 
    5970   229.900   229.962 
    5980   229.900   229.963 
    5990   229.900   229.962 
    6000   229.901   229.962 
    6010   229.900   229.961 
    6020   229.900   229.961 
    6030   229.900   229.962 
    6040   229.900   229.962 
    6050   229.905   229.962 
    6060   229.900   229.962 
    6070   229.900   229.962 
    6080   229.900   229.963 
    6090   229.900   229.961 
    6100   229.896   230.074 
    6110   229.900   229.962 
    6120   229.900   229.962 
    6130   229.900   229.962 
    6140   229.900   229.962 
    6150   229.894   229.959 
    6160   229.900   229.961 
    6170   229.900   229.961 
    6180   229.899   229.963 
    6190   229.900   229.962 
    6200   229.902   229.963 
    6210   229.900   229.962 
    6220   229.900   229.962 
    6230   229.901   229.961 
    6240   229.900   229.962 
    6250   229.917   230.018 
    6260   229.900   229.961 
    6270   229.900   229.962 
    6280   229.900   229.962 
    6290   229.900   229.962 
    6300   229.927   229.960 
    6310   229.900   229.961 
    6320   229.900   229.961 
    6330   230.978   309.682 
    6340   229.900   229.962 
    6350   229.951   229.961 
    6360   229.900   229.962 
    6370   229.900   229.962 
    6380   229.900   229.960 
    6390   229.900   229.962 
    6400   229.904   229.991 
    6410   229.900   229.962 
    6420   229.900   229.962 
    6430   229.900   229.962 
    6440   229.900   229.961 
    6450   229.903   229.963 
    6460   229.900   229.962 
    6470   229.900   229.962 
    6480   331.129   233.554 
    6490   229.900   229.962 
    6500   229.900   229.958 
    6510   229.903   229.962 
    6520   229.900   229.962 
    6530   229.900   229.962 
    6540   229.900   229.962 
    6550   229.900   229.963 
    6560   229.900   229.961 
    6570   229.900   229.962 
    6580   229.900   229.960 
    6590   229.900   229.962 
    6600   229.895   229.962 
    6610   229.900   229.962 
    6620   229.900   229.962 
    6630   352.427   192.891 
    6640   229.900   229.962 
    6650   229.899   229.982 
    6660   229.900   229.962 
    6670   229.900   229.962 
    6680   229.897   229.967 
    6690   229.900   229.962 
    6700   229.897   229.959 
    6710   229.900   229.962 
    6720   229.900   229.962 
    6730   229.900   229.963 
    6740   229.900   229.962 
    6750   229.900   229.967 
    6760   229.900   229.962 
    6770   229.900   229.962 
    6780   229.900   229.962 
    6790   229.900   229.962 
    6800   229.912   229.962 
    6810   229.900   229.962 
    6820   229.900   229.962 
    6830   229.900   229.962 
    6840   229.900   229.962 
    6850   229.894   229.942 
    6860   229.900   229.962 
    6870   229.900   229.962 
    6880   229.900   229.961 
    6890   229.900   229.962 
    6900   229.893   230.040 
    6910   229.900   229.962 
    6920   229.900   229.962 
    6930   229.900   229.963 
    6940   229.900   229.962 
    6950   229.896   229.930 
    6960   229.900   229.962 
    6970   229.900   229.962 
    6980   229.899   229.962 
    6990   229.900   229.962 
    7000   229.900   230.040 
    7010   229.900   229.962 
    7020   229.900   229.962 
    7030   221.645   315.652 
    7040   229.900   229.962 
    7050   229.931   229.964 
    7060   229.900   229.962 
    7070   229.900   229.962 
    7080   229.899   229.961 
    7090   229.900   229.962 
    7100   229.902   229.959 
    7110   229.900   229.962 
    7120   229.900   229.962 
    7130   229.900   229.961 
    7140   229.900   229.962 
    7150   229.939   230.021 
    7160   229.900   229.962 
    7170   229.900   229.962 
    7180   229.899   229.961 
    7190   229.900   229.962 
    7200   229.896   229.979 
    7210   229.900   229.962 
    7220   229.900   229.962 
    7230   229.900   229.962 
    7240   229.900   229.962 
    7250   229.900   229.953 
    7260   229.900   229.962 
    7270   229.900   229.962 
    7280   229.899   229.963 
    7290   229.900   229.962 
    7300   229.907   229.967 
    7310   229.900   229.961 
    7320   229.900   229.962 
    7330   229.900   229.963 
    7340   229.900   229.962 
    7350   229.895   229.913 
    7360   229.900   229.962 
    7370   229.900   229.962 
    7380   229.900   229.963 
    7390   229.900   229.962 
    7400   229.901   229.961 
    7410   229.900   229.961 
    7420   229.901   229.961 
    7430   229.900   229.963 
    7440   229.900   229.961 
    7450   229.868   230.033 
    7460   229.900   229.962 
    7470   229.900   229.962 
    7480   229.899   229.964 
    7490   229.900   229.961 
    7500   229.879   229.974 
    7510   229.900   229.961 
    7520   229.901   229.961 
    7530   229.900   229.962 
    7540   229.900   229.962 
    7550   229.898   229.960 
    7560   229.900   229.961 
    7570   229.900   229.961 
    7580   229.900   229.963 
    7590   229.900   229.962 
    7600   229.904   229.959 
    7610   229.900   229.961 
    7620   229.900   229.962 
    7630   229.899   229.962 
    7640   229.900   229.962 
    7650   229.896   229.960 
    7660   229.900   229.962 
    7670   229.900   229.962 
    7680   229.900   229.961 
    7690   229.900   229.961 
    7700   229.970   229.976 
    7710   229.900   229.961 
    7720   229.900   229.962 
    7730   229.900   229.962 
    7740   229.900   229.962 
    7750   229.916   229.963 
    7760   229.900   229.962 
    7770   229.900   229.962 
    7780   334.557   227.280 
    7790   229.900   229.962 
    7800   229.900   229.965 
    7810   229.900   229.962 
    7820   229.900   229.962 
    7830   229.900   229.962 
    7840   229.900   229.962 
    7850   229.899   229.961 
    7860   229.900   229.962 
    7870   229.900   229.962 
    7880   229.900   229.962 
    7890   229.900   229.962 
    7900   229.900   229.965 
    7910   229.900   229.962 
    7920   229.900   229.962 
    7930   229.900   229.963 
    7940   229.900   229.962 
    7950   229.897   229.961 
    7960   229.900   229.961 
    7970   229.900   229.962 
    7980   229.900   229.962 
    7990   229.900   229.962 
    8000   229.900   229.961 
    8010   229.900   229.962 
    8020   229.900   229.962 
    8030   229.899   229.961 
    8040   229.900   229.962 
    8050   229.896   229.996 
    8060   229.900   229.962 
    8070   229.900   229.962 
    8080   229.899   229.961 
    8090   229.900   229.962 
    8100   229.896   229.966 
    8110   229.900   229.962 
    8120   229.900   229.962 
    8130   229.898   229.959 
    8140   229.900   229.962 
    8150   229.875   229.938 
    8160   229.900   229.961 
    8170   229.900   229.961 
    8180   229.900   229.961 
    8190   229.900   229.962 
    8200   229.862   229.953 
    8210   229.900   229.962 
    8220   229.900   229.962 
    8230   229.900   229.962 
    8240   229.900   229.962 
    8250   229.897   229.961 
    8260   229.900   229.962 
    8270   229.900   229.962 
    8280   229.899   229.962 
    8290   229.900   229.962 
    8300   229.910   230.067 
    8310   229.899   229.962 
    8320   229.900   229.962 
    8330   229.900   229.964 
    8340   229.900   229.962 
    8350   229.920   230.017 
    8360   229.900   229.962 
    8370   229.900   229.962 
    8380   229.900   229.962 
    8390   229.900   229.962 
    8400   229.900   229.960 
    8410   229.902   229.962 
    8420   229.900   229.962 
    8430   229.907   229.963 
    8440   229.900   229.962 
    8450   229.900   229.959 
    8460   229.900   229.962 
    8470   229.900   229.962 
    8480   229.899   229.962 
    8490   229.900   229.962 
    8500   229.900   229.963 
    8510   229.900   229.961 
    8520   229.900   229.962 
    8530   229.901   229.965 
    8540   229.900   229.962 
    8550   229.900   229.962 
    8560   229.900   229.962 
    8570   229.899   229.961 
    8580   229.900   229.962 
    8590   229.900   229.962 
    8600   229.904   229.963 
    8610   229.900   229.962 
    8620   229.900   229.962 
    8630   229.901   229.961 
    8640   229.900   229.962 
    8650   229.890   229.967 
    8660   229.900   229.961 
    8670   229.900   229.962 
    8680   229.900   229.960 
    8690   229.900   229.962 
    8700   229.900   229.956 
    8710   229.900   229.962 
    8720   229.900   229.962 
    8730   131.664   106.759 
    8740   229.900   229.962 
    8750   229.924   230.013 
    8760   229.900   229.961 
    8770   229.900   229.961 
    8780   234.165   309.558 
    8790   229.900   229.962 
    8800   229.863   229.964 
    8810   229.900   229.962 
    8820   229.900   229.962 
    8830   229.900   229.962 
    8840   229.900   229.961 
    8850   229.897   229.971 
    8860   229.900   229.962 
    8870   229.900   229.962 
    8880   229.903   229.954 
    8890   229.900   229.962 
    8900   229.897   229.966 
    8910   229.900   229.962 
    8920   229.900   229.962 
    8930   229.899   229.962 
    8940   229.900   229.962 
    8950   229.900   229.954 
    8960   229.900   229.962 
    8970   229.900   229.962 
    8980   229.901   229.963 
    8990   229.900   229.962 
    9000   229.906   229.980 
    9010   229.900   229.962 
    9020   229.900   229.962 
    9030   229.900   229.961 
    9040   229.900   229.962 
    9050   229.963   229.940 
    9060   229.900   229.961 
    9070   229.900   229.962 
    9080   229.899   229.961 
    9090   229.900   229.962 
    9100   229.888   229.913 
    9110   229.900   229.962 
    9120   229.900   229.962 
    9130   229.891   229.971 
    9140   229.900   229.962 
    9150   229.905   229.965 
    9160   229.900   229.962 
    9170   229.900   229.962 
    9180   229.900   229.961 
    9190   229.900   229.962 
    9200   229.896   229.963 
    9210   229.900   229.962 
    9220   229.900   229.962 
    9230   229.899   229.962 
    9240   229.901   229.962 
    9250   229.905   230.035 
    9260   229.900   229.962 
    9270   229.900   229.962 
    9280   229.902   229.962 
    9290   229.900   229.962 
    9300   229.907   229.959 
    9310   229.900   229.962 
    9320   229.900   229.962 
    9330   229.898   229.961 
    9340   229.900   229.962 
    9350   229.904   229.955 
    9360   229.900   229.962 
    9370   229.900   229.962 
    9380   229.901   229.953 
    9390   229.900   229.961 
    9400   229.857   230.047 
    9410   229.900   229.962 
    9420   229.900   229.962 
    9430   229.900   229.963 
    9440   229.900   229.962 
    9450   229.892   229.967 
    9460   229.900   229.961 
    9470   229.900   229.963 
    9480   229.900   229.962 
    9490   229.901   229.962 
    9500   229.893   229.960 
    9510   229.900   229.962 
    9520   229.900   229.962 
    9530   229.903   229.964 
    9540   229.900   229.962 
    9550   229.951   229.858 
    9560   229.900   229.959 
    9570   229.900   229.962 
    9580   229.900   229.962 
    9590   229.900   229.962 
    9600   229.895   229.963 
    9610   229.900   229.962 
    9620   229.900   229.961 
    9630   229.900   229.961 
    9640   229.900   229.962 
    9650   229.926   230.045 
    9660   229.900   229.960 
    9670   229.900   229.962 
    9680   229.900   229.962 
    9690   229.900   229.962 
    9700   229.902   229.958 
    9710   229.900   229.961 
    9720   229.900   229.962 
    9730   229.900   229.962 
    9740   229.900   229.962 
    9750   229.886   229.960 
    9760   229.900   229.962 
    9770   229.900   229.962 
    9780   229.901   229.963 
    9790   229.900   229.961 
    9800   229.903   229.933 
    9810   229.900   229.962 
    9820   229.900   229.962 
    9830   229.900   229.961 
    9840   229.900   229.961 
    9850   229.911   229.907 
    9860   229.900   229.962 
    9870   229.900   229.962 
    9880   229.894   229.957 
    9890   229.900   229.962 
    9900   229.884   230.028 
    9910   229.900   229.962 
    9920   229.900   229.962 
    9930   229.901   229.961 
    9940   229.900   229.961 
    9950   229.906   229.988 
    9960   229.900   229.962 
    9970   229.900   229.962 
    9980   229.900   229.963 
    9990   229.900   229.962 
   10000   229.900   229.962 
