       0   234.992   234.979 
      10   239.978   239.936 
      20   239.893   239.915 
      30   239.916   240.049 
      40   239.910   239.871 
      50   239.915   239.832 
      60   239.943   239.931 
      70   239.975   239.955 
      80   239.952   239.942 
      90   239.885   239.977 
     100   239.907   239.940 
     110   239.951   239.936 
     120   239.955   239.952 
     130   239.963   239.953 
     140   240.005   240.001 
     150   240.023   239.903 
     160   239.963   239.953 
     170   239.961   239.953 
     180   239.959   239.957 
     190   239.953   239.969 
     200   239.844   240.093 
     210   239.966   239.958 
     220   239.967   239.961 
     230   239.954   239.950 
     240   239.972   239.954 
     250   239.973   239.957 
     260   239.966   239.958 
     270   239.969   239.962 
     280   239.970   239.964 
     290   239.974   239.956 
     300   240.038   239.880 
     310   239.971   239.964 
     320   239.966   239.961 
     330   239.967   239.963 
     340   239.970   239.964 
     350   239.982   239.965 
     360   239.973   239.974 
     370   239.972   239.967 
     380   239.973   239.972 
     390   239.972   239.967 
     400   239.974   239.967 
     410   239.982   239.990 
     420   239.970   239.960 
     430   239.974   239.968 
     440   239.975   239.978 
     450   239.966   239.913 
     460   240.040   239.964 
     470   240.007   239.968 
     480   239.975   239.970 
     490   240.034   239.995 
     500   239.976   239.970 
     510   239.976   239.973 
     520   239.976   239.970 
     530   239.978   239.966 
     540   239.977   239.971 
     550   239.975   239.964 
     560   239.976   239.972 
     570   239.978   239.971 
     580   239.976   239.972 
     590   239.978   239.971 
     600   239.978   239.965 
     610   239.979   239.971 
     620   239.981   239.971 
     630   239.978   239.972 
     640   239.977   239.971 
     650   239.899   239.841 
     660   239.974   239.974 
     670   239.979   239.972 
     680   239.977   239.972 
     690   239.978   239.972 
     700   239.980   239.966 
     710   239.978   239.972 
     720   239.981   239.973 
     730   239.978   239.972 
     740   239.988   239.961 
     750   239.977   239.975 
     760   239.979   239.973 
     770   239.978   239.972 
     780   239.979   239.973 
     790   239.978   239.972 
     800   239.974   239.973 
     810   239.979   239.967 
     820   239.979   239.973 
     830   239.979   239.973 
     840   239.979   239.972 
     850   239.980   239.973 
     860   239.980   239.973 
     870   239.980   239.973 
     880   328.536   306.568 
     890   239.980   239.972 
     900   239.932   240.022 
     910   239.980   239.972 
     920   239.980   239.973 
     930   208.649   302.293 
     940   239.980   239.973 
     950   240.021   239.987 
     960   239.979   239.974 
     970   239.980   239.973 
     980   239.979   239.973 
     990   239.978   239.975 
    1000   240.014   239.885 
    1010   239.981   239.970 
    1020   239.980   239.973 
    1030   239.978   239.972 
    1040   239.981   239.973 
    1050   239.990   239.964 
    1060   239.980   239.972 
    1070   239.981   239.974 
    1080   239.980   239.973 
    1090   239.983   239.969 
    1100   239.961   240.001 
    1110   239.981   239.972 
    1120   239.980   239.974 
    1130   239.981   239.974 
    1140   239.981   239.974 
    1150   240.015   239.944 
    1160   239.981   239.972 
    1170   239.981   239.973 
    1180   239.981   239.973 
    1190   239.981   239.973 
    1200   239.956   239.955 
    1210   239.981   239.973 
    1220   239.981   239.973 
    1230   239.980   239.974 
    1240   239.981   239.974 
    1250   239.980   239.972 
    1260   239.981   239.974 
    1270   239.980   239.973 
    1280   239.982   239.974 
    1290   239.981   239.974 
    1300   239.984   239.971 
    1310   239.981   239.974 
    1320   239.981   239.974 
    1330   239.977   239.971 
    1340   239.982   239.973 
    1350   239.978   239.982 
    1360   239.981   239.974 
    1370   239.982   239.974 
    1380   239.982   239.975 
    1390   239.982   239.974 
    1400   240.008   239.895 
    1410   239.982   239.974 
    1420   239.982   239.973 
    1430   239.982   239.975 
    1440   239.982   239.974 
    1450   239.982   239.974 
    1460   239.982   239.974 
    1470   239.982   239.974 
    1480   239.983   239.975 
    1490   239.982   239.974 
    1500   239.974   239.983 
    1510   239.982   239.974 
    1520   239.982   239.974 
    1530   239.982   239.974 
    1540   239.982   239.974 
    1550   239.950   239.972 
    1560   239.982   239.974 
    1570   239.982   239.974 
    1580   365.920   198.037 
    1590   239.983   239.974 
    1600   239.931   239.973 
    1610   239.982   239.975 
    1620   239.982   239.974 
    1630   239.982   239.975 
    1640   239.982   239.974 
    1650   239.978   239.966 
    1660   239.982   239.975 
    1670   239.982   239.975 
    1680   239.981   239.975 
    1690   239.982   239.975 
    1700   239.984   239.979 
    1710   239.982   239.975 
    1720   239.982   239.975 
    1730   239.981   239.972 
    1740   239.982   239.975 
    1750   240.004   239.967 
    1760   239.983   239.974 
    1770   239.983   239.974 
    1780   239.981   239.976 
    1790   239.982   239.975 
    1800   240.018   240.005 
    1810   239.982   239.975 
    1820   239.983   239.975 
    1830   198.968   312.652 
    1840   239.982   239.975 
    1850   239.986   239.976 
    1860   239.982   239.975 
    1870   239.982   239.975 
    1880   239.986   239.976 
    1890   239.982   239.975 
    1900   239.981   239.967 
    1910   239.983   239.975 
    1920   239.983   239.975 
    1930   239.981   239.974 
    1940   239.982   239.975 
    1950   240.035   239.991 
    1960   239.986   239.976 
    1970   239.983   239.975 
    1980   239.982   239.974 
    1990   239.983   239.975 
    2000   239.985   239.975 
    2010   239.983   239.975 
    2020   239.982   239.974 
    2030   239.983   239.975 
    2040   239.983   239.975 
    2050   239.978   239.975 
    2060   239.983   239.975 
    2070   239.983   239.975 
    2080   239.983   239.974 
    2090   239.983   239.975 
    2100   239.990   239.974 
    2110   239.983   239.975 
    2120   239.983   239.975 
    2130   239.982   239.974 
    2140   239.983   239.975 
    2150   239.983   239.975 
    2160   239.983   239.975 
    2170   239.983   239.975 
    2180   239.982   239.975 
    2190   239.983   239.975 
    2200   239.983   239.979 
    2210   239.982   239.974 
    2220   239.983   239.975 
    2230   239.983   239.974 
    2240   239.983   239.975 
    2250   239.991   239.972 
    2260   239.984   239.974 
    2270   239.983   239.975 
    2280   239.983   239.975 
    2290   239.983   239.975 
    2300   239.982   239.971 
    2310   239.982   239.975 
    2320   239.983   239.975 
    2330   153.632   359.659 
    2340   239.983   239.975 
    2350   240.063   239.975 
    2360   239.983   239.975 
    2370   239.983   239.975 
    2380   239.982   239.974 
    2390   239.983   239.975 
    2400   239.978   239.975 
    2410   239.983   239.975 
    2420   239.983   239.975 
    2430   239.982   239.974 
    2440   239.983   239.975 
    2450   239.983   239.970 
    2460   239.982   239.974 
    2470   239.983   239.975 
    2480   342.142   312.555 
    2490   239.983   239.975 
    2500   239.983   239.974 
    2510   239.983   239.974 
    2520   239.983   239.975 
    2530   239.983   239.976 
    2540   239.983   239.975 
    2550   239.965   239.940 
    2560   239.986   239.974 
    2570   239.983   239.971 
    2580   239.983   239.975 
    2590   239.983   239.975 
    2600   240.015   239.937 
    2610   239.983   239.974 
    2620   239.983   239.975 
    2630   239.984   239.976 
    2640   239.983   239.975 
    2650   239.985   239.973 
    2660   239.982   239.975 
    2670   239.983   239.975 
    2680   239.983   239.977 
    2690   239.983   239.975 
    2700   239.981   239.975 
    2710   239.983   239.975 
    2720   239.983   239.975 
    2730   239.983   239.975 
    2740   239.984   239.975 
    2750   239.984   240.059 
    2760   239.983   239.975 
    2770   239.983   239.975 
    2780   239.984   239.976 
    2790   239.983   239.974 
    2800   239.988   239.972 
    2810   239.983   239.975 
    2820   239.983   239.975 
    2830   239.983   239.976 
    2840   239.983   239.975 
    2850   239.982   239.969 
    2860   239.983   239.974 
    2870   239.983   239.975 
    2880   239.982   239.975 
    2890   239.983   239.975 
    2900   239.980   240.008 
    2910   239.982   239.975 
    2920   239.983   239.975 
    2930   239.983   239.975 
    2940   239.983   239.975 
    2950   239.986   239.971 
    2960   239.983   239.975 
    2970   239.983   239.975 
    2980   239.984   239.975 
    2990   239.983   239.975 
    3000   240.001   239.964 
    3010   239.983   239.975 
    3020   239.983   239.975 
    3030   239.983   239.975 
    3040   239.983   239.975 
    3050   239.982   239.994 
    3060   239.983   239.974 
    3070   239.983   239.975 
    3080   239.982   239.974 
    3090   239.983   239.975 
    3100   239.982   239.975 
    3110   239.983   239.975 
    3120   239.983   239.975 
    3130   239.984   239.975 
    3140   239.983   239.975 
    3150   239.983   239.971 
    3160   239.983   239.975 
    3170   239.983   239.975 
    3180   239.982   239.975 
    3190   239.983   239.975 
    3200   239.983   239.975 
    3210   239.983   239.974 
    3220   239.983   239.975 
    3230   239.983   239.974 
    3240   239.983   239.975 
    3250   240.084   240.014 
    3260   239.982   239.975 
    3270   239.983   239.975 
    3280   239.983   239.975 
    3290   239.983   239.975 
    3300   239.932   240.019 
    3310   239.983   239.975 
    3320   239.982   239.975 
    3330   239.981   239.975 
    3340   239.983   239.975 
    3350   239.984   239.978 
    3360   239.983   239.975 
    3370   239.983   239.975 
    3380   239.983   239.975 
    3390   239.983   239.975 
    3400   239.985   239.973 
    3410   239.983   239.974 
    3420   239.983   239.975 
    3430   339.569   332.889 
    3440   239.983   239.975 
    3450   239.984   239.975 
    3460   239.982   239.975 
    3470   239.983   239.975 
    3480   239.983   239.975 
    3490   239.983   239.975 
    3500   239.998   240.071 
    3510   239.983   239.975 
    3520   239.983   239.975 
    3530   239.983   239.975 
    3540   239.983   239.975 
    3550   239.984   239.975 
    3560   239.984   239.975 
    3570   239.983   239.975 
    3580   239.982   239.974 
    3590   239.983   239.975 
    3600   239.983   239.974 
    3610   239.983   239.975 
    3620   239.983   239.975 
    3630   239.983   239.975 
    3640   239.983   239.975 
    3650   239.896   240.017 
    3660   239.983   239.975 
    3670   239.983   239.975 
    3680   239.982   239.975 
    3690   239.983   239.975 
    3700   239.992   239.973 
    3710   239.983   239.975 
    3720   239.983   239.975 
    3730   239.983   239.975 
    3740   239.983   239.975 
    3750   239.907   239.986 
    3760   239.983   239.974 
    3770   239.983   239.975 
    3780   239.982   239.975 
    3790   239.983   239.975 
    3800   239.982   239.985 
    3810   239.981   239.970 
    3820   239.983   239.975 
    3830   239.981   239.976 
    3840   239.983   239.975 
    3850   239.974   239.969 
    3860   239.983   239.974 
    3870   239.983   239.975 
    3880   239.985   239.974 
    3890   239.983   239.975 
    3900   239.961   239.947 
    3910   239.983   239.975 
    3920   239.983   239.975 
    3930   239.982   239.976 
    3940   239.983   239.975 
    3950   239.984   239.975 
    3960   239.983   239.975 
    3970   239.983   239.975 
    3980   239.982   239.975 
    3990   239.983   239.975 
    4000   239.977   239.972 
    4010   239.983   239.975 
    4020   239.983   239.975 
    4030   239.984   239.976 
    4040   239.983   239.975 
    4050   239.932   239.893 
    4060   239.983   239.975 
    4070   239.983   239.975 
    4080   239.982   239.976 
    4090   239.983   239.975 
    4100   239.980   239.974 
    4110   239.983   239.975 
    4120   239.983   239.975 
    4130   239.983   239.975 
    4140   239.982   239.975 
    4150   239.986   239.969 
    4160   239.983   239.975 
    4170   239.983   239.975 
    4180   239.983   239.975 
    4190   239.983   239.975 
    4200   239.997   239.972 
    4210   239.983   239.975 
    4220   239.983   239.975 
    4230   239.982   239.976 
    4240   239.983   239.975 
    4250   239.980   239.974 
    4260   239.983   239.975 
    4270   239.983   239.975 
    4280   239.983   239.974 
    4290   239.983   239.975 
    4300   239.983   239.975 
    4310   239.983   239.975 
    4320   239.983   239.975 
    4330   239.982   239.975 
    4340   239.983   239.975 
    4350   239.987   239.965 
    4360   239.983   239.975 
    4370   239.983   239.975 
    4380   239.981   239.974 
    4390   239.983   239.975 
    4400   239.983   239.972 
    4410   239.983   239.975 
    4420   239.983   239.975 
    4430   239.981   239.974 
    4440   239.983   239.975 
    4450   240.011   239.975 
    4460   239.983   239.975 
    4470   239.983   239.975 
    4480   239.982   239.975 
    4490   239.983   239.975 
    4500   239.942   239.967 
    4510   239.983   239.975 
    4520   239.983   239.975 
    4530   239.982   239.975 
    4540   239.983   239.975 
    4550   239.980   239.987 
    4560   239.983   239.974 
    4570   239.983   239.975 
    4580   239.982   239.975 
    4590   239.983   239.975 
    4600   239.992   240.028 
    4610   239.983   239.974 
    4620   239.983   239.975 
    4630   239.983   239.975 
    4640   239.983   239.975 
    4650   239.910   239.984 
    4660   239.985   239.974 
    4670   239.983   239.975 
    4680   239.982   239.974 
    4690   239.983   239.975 
    4700   239.936   239.975 
    4710   239.983   239.975 
    4720   239.983   239.975 
    4730   239.982   239.975 
    4740   239.982   239.975 
    4750   239.967   239.930 
    4760   239.983   239.975 
    4770   239.983   239.975 
    4780   239.983   239.975 
    4790   239.982   239.975 
    4800   239.993   239.988 
    4810   239.983   239.975 
    4820   239.983   239.975 
    4830   239.982   239.975 
    4840   239.983   239.975 
    4850   239.979   239.970 
    4860   239.983   239.974 
    4870   239.983   239.975 
    4880   254.360   347.657 
    4890   239.983   239.975 
    4900   239.987   239.975 
    4910   239.983   239.974 
    4920   239.983   239.975 
    4930   239.983   239.975 
    4940   239.983   239.975 
    4950   239.984   239.974 
    4960   239.983   239.975 
    4970   239.982   239.975 
    4980   239.983   239.975 
    4990   239.983   239.975 
    5000   239.982   239.976 
    5010   239.984   239.975 
    5020   239.983   239.975 
    5030   239.984   239.975 
    5040   239.983   239.975 
    5050   239.982   239.978 
    5060   239.983   239.974 
    5070   239.983   239.975 
    5080   239.983   239.975 
    5090   239.983   239.975 
    5100   239.983   239.975 
    5110   239.983   239.975 
    5120   239.983   239.975 
    5130   239.981   239.975 
    5140   239.983   239.975 
    5150   239.983   239.975 
    5160   239.983   239.975 
    5170   239.983   239.975 
    5180   239.983   239.974 
    5190   239.983   239.975 
    5200   239.990   239.966 
    5210   239.983   239.975 
    5220   239.983   239.975 
    5230   239.983   239.974 
    5240   239.983   239.974 
    5250   240.093   240.012 
    5260   239.983   239.975 
    5270   239.983   239.975 
    5280   239.981   239.974 
    5290   239.983   239.975 
    5300   239.983   239.971 
    5310   239.983   239.975 
    5320   239.983   239.975 
    5330   239.982   239.974 
    5340   239.983   239.975 
    5350   239.974   240.064 
    5360   239.983   239.975 
    5370   239.983   239.975 
    5380   239.982   239.976 
    5390   239.983   239.975 
    5400   239.980   239.963 
    5410   239.983   239.975 
    5420   239.983   239.975 
    5430   239.982   239.975 
    5440   239.983   239.975 
    5450   239.983   239.973 
    5460   239.983   239.974 
    5470   239.983   239.975 
    5480   239.981   239.975 
    5490   239.983   239.975 
    5500   239.987   239.985 
    5510   239.982   239.975 
    5520   239.983   239.975 
    5530   239.980   239.974 
    5540   239.983   239.975 
    5550   239.998   239.973 
    5560   239.983   239.974 
    5570   239.983   239.975 
    5580   239.982   239.975 
    5590   239.983   239.975 
    5600   239.983   239.976 
    5610   239.981   239.975 
    5620   239.983   239.975 
    5630   239.983   239.974 
    5640   239.983   239.975 
    5650   239.933   239.974 
    5660   239.983   239.975 
    5670   239.983   239.975 
    5680   239.983   239.975 
    5690   239.983   239.975 
    5700   239.984   239.976 
    5710   239.983   239.975 
    5720   239.983   239.975 
    5730   239.984   239.975 
    5740   239.983   239.975 
    5750   239.981   239.964 
    5760   239.983   239.975 
    5770   239.983   239.975 
    5780   239.983   239.974 
    5790   239.983   239.975 
    5800   239.992   239.973 
    5810   239.983   239.975 
    5820   239.983   239.975 
    5830   272.795   313.674 
    5840   239.983   239.975 
    5850   239.980   239.976 
    5860   239.983   239.975 
    5870   239.983   239.975 
    5880   239.982   239.974 
    5890   239.983   239.975 
    5900   239.979   239.929 
    5910   239.983   239.974 
    5920   239.983   239.975 
    5930   239.982   239.973 
    5940   239.983   239.975 
    5950   239.988   239.972 
    5960   239.983   239.974 
    5970   239.983   239.975 
    5980   239.982   239.974 
    5990   239.983   239.975 
    6000   239.983   239.975 
    6010   239.983   239.974 
    6020   239.983   239.975 
    6030   344.074   142.223 
    6040   239.983   239.975 
    6050   239.991   239.976 
    6060   239.983   239.975 
    6070   239.983   239.975 
    6080   239.983   239.975 
    6090   239.983   239.975 
    6100   239.983   239.975 
    6110   239.983   239.975 
    6120   239.983   239.975 
    6130   239.982   239.975 
    6140   239.983   239.975 
    6150   239.988   239.982 
    6160   239.983   239.975 
    6170   239.983   239.975 
    6180   239.982   239.975 
    6190   239.983   239.975 
    6200   239.985   239.971 
    6210   239.982   239.975 
    6220   239.983   239.975 
    6230   239.982   239.975 
    6240   239.983   239.975 
    6250   239.983   239.975 
    6260   239.983   239.975 
    6270   239.983   239.975 
    6280   239.982   239.975 
    6290   239.983   239.975 
    6300   239.982   239.977 
    6310   239.983   239.974 
    6320   239.983   239.975 
    6330   239.981   239.975 
    6340   239.983   239.975 
    6350   240.011   240.035 
    6360   239.982   239.975 
    6370   239.982   239.975 
    6380   239.983   239.975 
    6390   239.983   239.975 
    6400   239.994   239.932 
    6410   239.983   239.975 
    6420   239.983   239.975 
    6430   239.982   239.974 
    6440   239.983   239.975 
    6450   239.954   240.003 
    6460   239.983   239.974 
    6470   239.983   239.975 
    6480   239.981   239.975 
    6490   239.983   239.975 
    6500   239.982   239.971 
    6510   239.983   239.974 
    6520   239.983   239.975 
    6530   239.983   239.975 
    6540   239.983   239.975 
    6550   239.987   239.971 
    6560   239.982   239.975 
    6570   239.983   239.975 
    6580   239.985   239.972 
    6590   239.983   239.975 
    6600   239.958   239.965 
    6610   239.983   239.975 
    6620   239.983   239.975 
    6630   239.981   239.973 
    6640   239.983   239.975 
    6650   240.052   239.966 
    6660   239.983   239.975 
    6670   239.983   239.975 
    6680   246.736   319.781 
    6690   239.983   239.975 
    6700   239.989   239.974 
    6710   239.983   239.970 
    6720   239.983   239.975 
    6730   239.983   239.977 
    6740   239.983   239.975 
    6750   239.979   239.974 
    6760   239.983   239.975 
    6770   239.983   239.975 
    6780   239.981   239.975 
    6790   239.983   239.975 
    6800   239.982   239.921 
    6810   239.983   239.975 
    6820   239.983   239.975 
    6830   239.982   239.975 
    6840   239.983   239.975 
    6850   239.983   239.971 
    6860   239.983   239.975 
    6870   239.983   239.975 
    6880   239.982   239.975 
    6890   239.983   239.975 
    6900   239.983   239.986 
    6910   239.983   239.975 
    6920   239.983   239.975 
    6930   239.982   239.975 
    6940   239.983   239.975 
    6950   239.982   239.971 
    6960   239.983   239.974 
    6970   239.983   239.975 
    6980   239.984   239.976 
    6990   239.983   239.975 
    7000   239.982   239.976 
    7010   239.983   239.975 
    7020   239.983   239.975 
    7030   239.981   239.975 
    7040   239.983   239.974 
    7050   239.938   240.008 
    7060   239.983   239.975 
    7070   239.983   239.975 
    7080   239.984   239.975 
    7090   239.983   239.975 
    7100   240.035   239.973 
    7110   239.983   239.975 
    7120   239.983   239.975 
    7130   239.982   239.968 
    7140   239.983   239.975 
    7150   239.975   239.969 
    7160   239.983   239.975 
    7170   239.983   239.975 
    7180   239.984   239.975 
    7190   239.983   239.975 
    7200   240.027   239.953 
    7210   239.983   239.975 
    7220   239.983   239.975 
    7230   239.982   239.972 
    7240   239.983   239.975 
    7250   240.000   239.970 
    7260   239.983   239.975 
    7270   239.983   239.975 
    7280   239.983   239.975 
    7290   239.983   239.975 
    7300   239.983   239.976 
    7310   239.983   239.975 
    7320   239.983   239.975 
    7330   239.982   239.975 
    7340   239.983   239.975 
    7350   239.898   240.032 
    7360   239.983   239.975 
    7370   239.983   239.975 
    7380   239.982   239.974 
    7390   239.982   239.974 
    7400   240.031   239.957 
    7410   239.983   239.975 
    7420   239.983   239.975 
    7430   239.978   239.978 
    7440   239.983   239.975 
    7450   239.983   239.975 
    7460   239.983   239.975 
    7470   239.983   239.975 
    7480   239.985   239.975 
    7490   239.983   239.975 
    7500   239.984   239.974 
    7510   239.983   239.975 
    7520   239.983   239.975 
    7530   239.982   239.975 
    7540   239.983   239.975 
    7550   239.938   240.010 
    7560   239.983   239.974 
    7570   239.983   239.975 
    7580   239.982   239.974 
    7590   239.983   239.975 
    7600   240.021   240.057 
    7610   239.983   239.975 
    7620   239.983   239.975 
    7630   239.981   239.974 
    7640   239.983   239.975 
    7650   239.982   239.979 
    7660   239.983   239.975 
    7670   239.983   239.975 
    7680   239.981   239.974 
    7690   239.983   239.975 
    7700   239.984   239.977 
    7710   239.983   239.974 
    7720   239.983   239.975 
    7730   239.983   239.971 
    7740   239.983   239.975 
    7750   239.956   239.915 
    7760   239.983   239.975 
    7770   239.983   239.975 
    7780   239.983   239.974 
    7790   239.983   239.974 
    7800   240.084   239.956 
    7810   239.983   239.975 
    7820   239.983   239.975 
    7830   239.982   239.974 
    7840   239.983   239.975 
    7850   240.013   240.011 
    7860   239.983   239.974 
    7870   239.983   239.975 
    7880   253.012   323.876 
    7890   239.983   239.975 
    7900   239.992   239.974 
    7910   239.983   239.975 
    7920   239.983   239.975 
    7930   239.983   239.970 
    7940   239.983   239.975 
    7950   239.992   239.974 
    7960   239.983   239.975 
    7970   239.983   239.975 
    7980   239.983   239.975 
    7990   239.983   239.975 
    8000   239.982   239.975 
    8010   239.983   239.965 
    8020   239.983   239.975 
    8030   239.983   239.974 
    8040   239.983   239.975 
    8050   239.980   239.975 
    8060   239.983   239.975 
    8070   239.983   239.975 
    8080   232.988   348.685 
    8090   239.983   239.975 
    8100   239.901   239.955 
    8110   239.983   239.975 
    8120   239.983   239.975 
    8130   239.983   239.975 
    8140   239.983   239.975 
    8150   240.015   240.010 
    8160   239.982   239.973 
    8170   239.983   239.975 
    8180   239.982   239.974 
    8190   239.983   239.975 
    8200   239.946   240.025 
    8210   239.982   239.974 
    8220   239.983   239.975 
    8230   239.983   239.975 
    8240   239.983   239.975 
    8250   239.983   239.980 
    8260   239.983   239.975 
    8270   239.983   239.975 
    8280   239.984   239.975 
    8290   239.983   239.975 
    8300   239.983   239.973 
    8310   239.983   239.975 
    8320   239.983   239.975 
    8330   239.984   239.975 
    8340   239.983   239.975 
    8350   240.025   239.955 
    8360   239.983   239.975 
    8370   239.983   239.975 
    8380   239.982   239.974 
    8390   239.983   239.975 
    8400   239.985   239.970 
    8410   239.983   239.974 
    8420   239.983   239.975 
    8430   239.983   239.975 
    8440   239.983   239.975 
    8450   239.985   239.976 
    8460   239.983   239.975 
    8470   239.983   239.975 
    8480   239.982   239.974 
    8490   239.983   239.975 
    8500   239.983   239.972 
    8510   239.983   239.975 
    8520   239.983   239.975 
    8530   239.983   239.975 
    8540   239.983   239.975 
    8550   239.977   239.983 
    8560   239.983   239.975 
    8570   239.983   239.975 
    8580   239.983   239.974 
    8590   239.983   239.975 
    8600   239.978   239.975 
    8610   239.983   239.975 
    8620   239.983   239.975 
    8630   239.983   239.975 
    8640   239.983   239.975 
    8650   239.983   239.975 
    8660   239.983   239.976 
    8670   239.983   239.975 
    8680   239.982   239.974 
    8690   239.983   239.975 
    8700   239.989   239.953 
    8710   239.983   239.975 
    8720   239.983   239.975 
    8730   239.982   239.975 
    8740   239.983   239.975 
    8750   239.981   239.976 
    8760   239.983   239.974 
    8770   239.983   239.975 
    8780   239.983   239.976 
    8790   239.983   239.975 
    8800   239.942   240.020 
    8810   239.984   239.973 
    8820   239.983   239.975 
    8830   239.981   239.973 
    8840   239.983   239.975 
    8850   239.882   240.022 
    8860   239.985   239.974 
    8870   239.983   239.975 
    8880   239.982   239.974 
    8890   239.983   239.975 
    8900   239.982   239.974 
    8910   239.983   239.975 
    8920   239.983   239.975 
    8930   239.984   239.978 
    8940   239.983   239.975 
    8950   239.981   239.976 
    8960   239.983   239.975 
    8970   239.983   239.975 
    8980   239.983   239.975 
    8990   239.983   239.975 
    9000   239.981   239.972 
    9010   239.983   239.974 
    9020   239.983   239.975 
    9030   239.982   239.975 
    9040   239.983   239.975 
    9050   239.978   239.969 
    9060   239.983   239.975 
    9070   239.983   239.975 
    9080   328.499   131.578 
    9090   239.983   239.975 
    9100   239.987   239.984 
    9110   239.983   239.974 
    9120   239.983   239.975 
    9130   239.981   239.976 
    9140   239.983   239.975 
    9150   239.989   239.981 
    9160   239.983   239.975 
    9170   239.983   239.975 
    9180   239.979   239.977 
    9190   239.983   239.975 
    9200   239.958   239.949 
    9210   239.983   239.975 
    9220   239.983   239.975 
    9230   239.982   239.975 
    9240   239.983   239.975 
    9250   239.983   239.977 
    9260   239.983   239.975 
    9270   239.983   239.975 
    9280   239.984   239.975 
    9290   239.983   239.975 
    9300   239.983   239.968 
    9310   239.983   239.975 
    9320   239.983   239.975 
    9330   239.982   239.975 
    9340   239.983   239.975 
    9350   239.983   239.977 
    9360   239.983   239.975 
    9370   239.983   239.975 
    9380   239.983   239.975 
    9390   239.983   239.975 
    9400   239.972   240.000 
    9410   239.983   239.975 
    9420   239.983   239.975 
    9430   239.983   239.973 
    9440   239.983   239.975 
    9450   239.981   239.985 
    9460   239.983   239.975 
    9470   239.983   239.975 
    9480   370.458   230.860 
    9490   239.983   239.975 
    9500   239.972   239.976 
    9510   239.983   239.975 
    9520   239.983   239.975 
    9530   239.983   239.975 
    9540   239.983   239.975 
    9550   239.983   239.975 
    9560   239.983   239.975 
    9570   239.983   239.975 
    9580   239.973   239.968 
    9590   239.983   239.975 
    9600   239.983   239.974 
    9610   239.983   239.974 
    9620   239.983   239.975 
    9630   175.303   330.431 
    9640   239.983   239.975 
    9650   239.978   239.973 
    9660   239.983   239.975 
    9670   239.983   239.975 
    9680   239.983   239.975 
    9690   239.983   239.975 
    9700   239.981   239.974 
    9710   239.984   239.975 
    9720   239.983   239.975 
    9730   239.982   239.974 
    9740   239.983   239.975 
    9750   239.990   239.976 
    9760   239.983   239.975 
    9770   239.983   239.975 
    9780   239.983   239.975 
    9790   239.983   239.975 
    9800   239.975   239.984 
    9810   239.982   239.974 
    9820   239.983   239.975 
    9830   239.982   239.974 
    9840   239.983   239.975 
    9850   240.007   239.946 
    9860   239.982   239.973 
    9870   239.983   239.975 
    9880   239.983   239.975 
    9890   239.983   239.975 
    9900   240.005   239.975 
    9910   239.983   239.975 
    9920   239.983   239.975 
    9930   239.983   239.978 
    9940   239.983   239.975 
    9950   239.920   239.970 
    9960   239.983   239.975 
    9970   239.983   239.975 
    9980   239.983   239.975 
    9990   239.983   239.975 
   10000   239.983   239.975 
