       0   209.964   209.964 
      10   214.345   214.758 
      20   214.761   214.878 
      30   214.875   214.902 
      40   214.872   214.959 
      50   214.865   214.968 
      60   214.907   214.921 
      70   214.911   214.931 
      80   214.897   214.930 
      90   214.915   214.968 
     100   214.915   214.928 
     110   214.915   214.922 
     120   214.931   214.964 
     130   214.919   214.931 
     140   214.925   214.934 
     150   214.915   214.935 
     160   214.899   214.934 
     170   214.926   214.940 
     180   214.924   214.933 
     190   214.892   214.912 
     200   214.970   214.984 
     210   214.928   214.935 
     220   214.930   214.954 
     230   214.928   214.939 
     240   214.946   214.939 
     250   214.837   214.946 
     260   214.929   214.941 
     270   214.933   214.939 
     280   214.929   214.940 
     290   214.915   214.937 
     300   214.918   214.935 
     310   214.931   214.942 
     320   214.932   214.943 
     330   214.931   214.943 
     340   214.927   214.940 
     350   214.932   214.939 
     360   214.928   214.943 
     370   214.931   214.944 
     380   214.933   214.947 
     390   214.934   214.942 
     400   214.931   214.947 
     410   214.936   214.941 
     420   214.932   214.943 
     430   214.932   214.946 
     440   214.933   214.944 
     450   214.928   214.944 
     460   214.933   214.944 
     470   214.933   214.945 
     480   214.934   214.949 
     490   214.933   214.945 
     500   214.908   214.954 
     510   214.933   214.945 
     520   214.930   214.940 
     530   214.933   214.946 
     540   214.933   214.945 
     550   214.931   214.946 
     560   214.933   214.946 
     570   214.911   214.936 
     580   214.933   214.948 
     590   214.933   214.946 
     600   214.925   214.947 
     610   214.933   214.947 
     620   214.933   214.947 
     630   207.207   281.714 
     640   214.933   214.947 
     650   214.942   214.948 
     660   214.933   214.947 
     670   214.933   214.947 
     680   214.934   214.946 
     690   214.933   214.948 
     700   214.934   214.941 
     710   214.935   214.946 
     720   214.933   214.956 
     730   214.934   214.948 
     740   214.934   214.948 
     750   214.914   214.935 
     760   214.934   214.948 
     770   214.936   214.946 
     780   214.934   214.950 
     790   214.933   214.948 
     800   214.932   214.948 
     810   214.934   214.951 
     820   214.934   214.950 
     830   214.933   214.949 
     840   214.935   214.949 
     850   214.935   214.942 
     860   214.934   214.949 
     870   214.944   214.950 
     880   214.934   214.949 
     890   214.934   214.949 
     900   214.944   214.949 
     910   214.934   214.949 
     920   214.934   214.949 
     930   214.934   214.954 
     940   214.934   214.949 
     950   214.941   214.941 
     960   214.934   214.949 
     970   214.934   214.948 
     980   214.937   214.952 
     990   214.935   214.950 
    1000   214.939   214.945 
    1010   214.934   214.950 
    1020   214.933   214.950 
    1030   214.934   214.950 
    1040   214.934   214.950 
    1050   214.955   214.947 
    1060   214.934   214.950 
    1070   214.934   214.950 
    1080   214.934   214.951 
    1090   214.934   214.950 
    1100   214.934   214.951 
    1110   214.934   214.950 
    1120   214.934   214.950 
    1130   214.934   214.953 
    1140   214.934   214.950 
    1150   214.930   214.949 
    1160   214.934   214.950 
    1170   214.935   214.950 
    1180   214.935   214.957 
    1190   214.935   214.951 
    1200   214.931   214.952 
    1210   214.934   214.951 
    1220   214.934   214.951 
    1230   214.935   214.950 
    1240   214.935   214.951 
    1250   214.965   214.943 
    1260   214.934   214.952 
    1270   214.934   214.951 
    1280   214.934   214.950 
    1290   214.935   214.951 
    1300   214.975   214.945 
    1310   214.935   214.951 
    1320   214.935   214.952 
    1330   216.290   119.723 
    1340   214.934   214.951 
    1350   214.925   214.965 
    1360   214.934   214.952 
    1370   214.934   214.953 
    1380   214.934   214.950 
    1390   214.934   214.951 
    1400   214.913   214.957 
    1410   214.935   214.951 
    1420   214.935   214.952 
    1430   214.935   214.950 
    1440   214.935   214.951 
    1450   214.782   214.916 
    1460   214.935   214.951 
    1470   214.935   214.950 
    1480   214.935   214.951 
    1490   214.934   214.951 
    1500   214.934   214.959 
    1510   214.935   214.950 
    1520   214.935   214.951 
    1530   214.935   214.951 
    1540   214.935   214.951 
    1550   214.936   214.956 
    1560   214.935   214.951 
    1570   214.935   214.951 
    1580   214.936   214.953 
    1590   214.935   214.951 
    1600   214.935   214.945 
    1610   214.934   214.952 
    1620   214.935   214.951 
    1630   214.935   214.951 
    1640   214.935   214.952 
    1650   214.938   214.953 
    1660   214.935   214.952 
    1670   214.935   214.952 
    1680   214.935   214.952 
    1690   214.935   214.952 
    1700   214.937   214.952 
    1710   214.925   214.952 
    1720   214.934   214.952 
    1730   214.931   214.954 
    1740   214.935   214.952 
    1750   214.980   215.073 
    1760   214.935   214.951 
    1770   214.935   214.951 
    1780   292.098   163.836 
    1790   214.935   214.952 
    1800   214.934   214.950 
    1810   214.934   214.949 
    1820   214.935   214.952 
    1830   214.935   214.952 
    1840   214.935   214.952 
    1850   214.940   214.952 
    1860   214.935   214.952 
    1870   214.935   214.952 
    1880   214.934   214.952 
    1890   214.935   214.952 
    1900   214.938   214.943 
    1910   214.935   214.952 
    1920   214.935   214.952 
    1930   214.935   214.952 
    1940   214.935   214.952 
    1950   214.923   214.951 
    1960   214.935   214.951 
    1970   214.935   214.952 
    1980   214.935   214.952 
    1990   214.935   214.952 
    2000   214.937   214.952 
    2010   214.935   214.951 
    2020   214.935   214.952 
    2030   214.935   214.952 
    2040   214.935   214.952 
    2050   214.934   214.951 
    2060   214.935   214.958 
    2070   214.935   214.952 
    2080   215.652   110.312 
    2090   214.935   214.952 
    2100   214.987   214.966 
    2110   214.934   214.951 
    2120   214.935   214.952 
    2130   214.935   214.951 
    2140   214.935   214.952 
    2150   214.944   214.903 
    2160   214.934   214.952 
    2170   214.935   214.952 
    2180   214.935   214.954 
    2190   214.935   214.952 
    2200   214.908   215.036 
    2210   214.935   214.952 
    2220   214.935   214.952 
    2230   214.935   214.952 
    2240   214.935   214.952 
    2250   214.941   214.938 
    2260   214.935   214.952 
    2270   214.935   214.952 
    2280   214.935   214.951 
    2290   214.935   214.952 
    2300   214.938   214.937 
    2310   214.935   214.952 
    2320   214.935   214.952 
    2330   214.935   214.951 
    2340   214.934   214.951 
    2350   214.928   214.943 
    2360   214.935   214.952 
    2370   214.935   214.952 
    2380   214.934   214.952 
    2390   214.935   214.952 
    2400   214.936   215.031 
    2410   214.935   214.952 
    2420   214.935   214.952 
    2430   214.933   214.953 
    2440   214.935   214.952 
    2450   214.941   214.916 
    2460   214.935   214.952 
    2470   214.935   214.952 
    2480   214.926   214.949 
    2490   214.935   214.952 
    2500   214.932   214.951 
    2510   214.935   214.952 
    2520   214.935   214.952 
    2530   214.950   214.951 
    2540   214.935   214.952 
    2550   214.934   214.946 
    2560   214.935   214.952 
    2570   214.935   214.952 
    2580   214.935   214.952 
    2590   214.935   214.952 
    2600   214.961   214.952 
    2610   214.935   214.952 
    2620   214.935   214.952 
    2630   214.937   214.953 
    2640   214.935   214.952 
    2650   214.932   214.951 
    2660   214.935   214.950 
    2670   214.935   214.952 
    2680   214.933   214.951 
    2690   214.935   214.952 
    2700   214.933   215.020 
    2710   214.935   214.952 
    2720   214.935   214.952 
    2730   214.915   214.982 
    2740   214.935   214.951 
    2750   214.931   214.956 
    2760   214.935   214.952 
    2770   214.935   214.952 
    2780   214.936   214.953 
    2790   214.934   214.952 
    2800   214.928   215.024 
    2810   214.935   214.952 
    2820   214.935   214.952 
    2830   214.936   214.951 
    2840   214.935   214.952 
    2850   214.932   214.948 
    2860   214.935   214.952 
    2870   214.935   214.952 
    2880   214.934   214.953 
    2890   214.935   214.952 
    2900   214.927   214.958 
    2910   214.935   214.952 
    2920   214.935   214.952 
    2930   214.934   214.951 
    2940   214.935   214.952 
    2950   214.932   214.982 
    2960   214.935   214.952 
    2970   214.935   214.952 
    2980   214.933   214.952 
    2990   214.935   214.952 
    3000   214.934   215.021 
    3010   214.935   214.952 
    3020   214.935   214.952 
    3030   214.935   214.954 
    3040   214.935   214.952 
    3050   214.933   214.955 
    3060   214.934   214.952 
    3070   214.935   214.952 
    3080   214.935   214.951 
    3090   214.935   214.952 
    3100   214.934   214.962 
    3110   214.935   214.952 
    3120   214.935   214.952 
    3130   214.935   214.948 
    3140   214.935   214.952 
    3150   214.931   214.942 
    3160   214.935   214.952 
    3170   214.935   214.952 
    3180   214.935   214.953 
    3190   214.935   214.952 
    3200   214.955   215.034 
    3210   214.935   214.952 
    3220   214.935   214.952 
    3230   214.935   214.953 
    3240   214.935   214.952 
    3250   214.937   214.957 
    3260   214.935   214.952 
    3270   214.935   214.952 
    3280   214.935   214.952 
    3290   214.935   214.952 
    3300   214.827   214.951 
    3310   214.935   214.949 
    3320   214.934   214.952 
    3330   214.933   214.953 
    3340   214.935   214.952 
    3350   214.934   214.950 
    3360   214.935   214.950 
    3370   214.935   214.952 
    3380   214.935   214.952 
    3390   214.935   214.952 
    3400   214.935   214.973 
    3410   214.935   214.952 
    3420   214.935   214.952 
    3430   214.935   214.951 
    3440   214.935   214.952 
    3450   214.908   214.953 
    3460   214.935   214.952 
    3470   214.935   214.952 
    3480   214.935   214.952 
    3490   214.935   214.952 
    3500   214.937   214.953 
    3510   214.935   214.952 
    3520   214.935   214.952 
    3530   287.440   213.785 
    3540   214.935   214.952 
    3550   214.935   214.959 
    3560   214.935   214.952 
    3570   214.935   214.952 
    3580   214.935   214.952 
    3590   214.935   214.952 
    3600   214.937   214.957 
    3610   214.935   214.948 
    3620   214.935   214.952 
    3630   214.935   214.952 
    3640   214.935   214.952 
    3650   214.945   214.952 
    3660   214.934   214.952 
    3670   214.935   214.952 
    3680   214.935   214.952 
    3690   214.935   214.952 
    3700   214.935   214.958 
    3710   214.935   214.952 
    3720   214.935   214.952 
    3730   214.935   214.949 
    3740   214.935   214.952 
    3750   214.936   214.964 
    3760   214.931   214.952 
    3770   214.934   214.952 
    3780   214.935   214.953 
    3790   214.935   214.952 
    3800   214.893   214.956 
    3810   214.935   214.952 
    3820   214.935   214.952 
    3830   214.935   214.950 
    3840   214.935   214.952 
    3850   214.965   214.966 
    3860   214.935   214.952 
    3870   214.935   214.952 
    3880   214.933   214.951 
    3890   214.935   214.952 
    3900   214.942   214.847 
    3910   214.935   214.952 
    3920   214.935   214.952 
    3930   214.934   214.954 
    3940   214.935   214.952 
    3950   214.948   214.981 
    3960   214.935   214.952 
    3970   214.935   214.951 
    3980   214.935   214.954 
    3990   214.935   214.952 
    4000   214.940   214.949 
    4010   214.935   214.952 
    4020   214.935   214.952 
    4030   214.935   214.952 
    4040   214.935   214.952 
    4050   214.938   214.941 
    4060   214.935   214.952 
    4070   214.935   214.952 
    4080   214.935   214.952 
    4090   214.935   214.952 
    4100   214.890   214.951 
    4110   214.935   214.952 
    4120   214.935   214.952 
    4130   214.935   214.952 
    4140   214.935   214.952 
    4150   214.930   214.950 
    4160   214.935   214.952 
    4170   214.935   214.952 
    4180   214.937   214.953 
    4190   214.935   214.952 
    4200   214.936   214.936 
    4210   214.935   214.952 
    4220   214.935   214.952 
    4230   214.934   214.952 
    4240   214.935   214.952 
    4250   214.935   215.031 
    4260   214.935   214.952 
    4270   214.935   214.952 
    4280   214.935   214.952 
    4290   214.935   214.952 
    4300   214.921   214.976 
    4310   214.935   214.952 
    4320   214.935   214.952 
    4330   214.934   214.952 
    4340   214.935   214.951 
    4350   214.934   214.955 
    4360   214.935   214.952 
    4370   214.935   214.952 
    4380   214.935   214.952 
    4390   214.935   214.952 
    4400   214.935   214.953 
    4410   214.935   214.950 
    4420   214.935   214.952 
    4430   214.934   214.952 
    4440   214.935   214.952 
    4450   214.936   214.952 
    4460   214.935   214.952 
    4470   214.935   214.952 
    4480   151.280   182.982 
    4490   214.935   214.952 
    4500   214.931   214.957 
    4510   214.935   214.952 
    4520   214.935   214.952 
    4530   214.935   214.952 
    4540   214.935   214.952 
    4550   214.935   214.929 
    4560   214.935   214.952 
    4570   214.935   214.952 
    4580   214.935   214.952 
    4590   214.935   214.952 
    4600   214.993   214.912 
    4610   214.934   214.952 
    4620   214.935   214.952 
    4630   214.935   214.953 
    4640   214.935   214.952 
    4650   214.936   214.957 
    4660   214.935   214.952 
    4670   214.935   214.952 
    4680   214.935   214.951 
    4690   214.935   214.952 
    4700   214.925   214.948 
    4710   214.935   214.952 
    4720   214.935   214.952 
    4730   214.936   214.952 
    4740   214.935   214.952 
    4750   214.935   214.985 
    4760   214.935   214.952 
    4770   214.935   214.952 
    4780   214.935   214.951 
    4790   214.935   214.952 
    4800   214.936   214.945 
    4810   214.935   214.952 
    4820   214.935   214.952 
    4830   214.935   214.952 
    4840   214.935   214.952 
    4850   214.922   214.915 
    4860   214.935   214.952 
    4870   214.935   214.952 
    4880   214.936   214.953 
    4890   214.935   214.952 
    4900   214.926   214.880 
    4910   214.935   214.952 
    4920   214.935   214.952 
    4930   214.935   214.952 
    4940   214.935   214.952 
    4950   214.929   214.952 
    4960   214.935   214.952 
    4970   214.935   214.952 
    4980   214.936   214.952 
    4990   214.935   214.952 
    5000   214.931   214.870 
    5010   214.934   214.952 
    5020   214.935   214.952 
    5030   214.935   214.952 
    5040   214.935   214.952 
    5050   214.935   214.952 
    5060   214.935   214.952 
    5070   214.935   214.952 
    5080   214.935   214.953 
    5090   214.935   214.952 
    5100   214.942   214.933 
    5110   214.935   214.952 
    5120   214.935   214.952 
    5130   289.621   136.627 
    5140   214.935   214.952 
    5150   214.939   214.947 
    5160   214.934   214.952 
    5170   214.935   214.952 
    5180   214.934   214.952 
    5190   214.935   214.952 
    5200   214.932   215.017 
    5210   214.935   214.952 
    5220   214.935   214.952 
    5230   214.935   214.952 
    5240   214.935   214.952 
    5250   214.925   214.881 
    5260   214.935   214.951 
    5270   214.935   214.952 
    5280   214.935   214.952 
    5290   214.935   214.952 
    5300   214.927   214.952 
    5310   214.935   214.952 
    5320   214.935   214.952 
    5330   214.935   214.953 
    5340   214.935   214.952 
    5350   214.943   214.954 
    5360   214.935   214.952 
    5370   214.935   214.952 
    5380   214.935   214.951 
    5390   214.935   214.952 
    5400   214.934   214.947 
    5410   214.935   214.952 
    5420   214.935   214.952 
    5430   315.423    86.155 
    5440   214.935   214.952 
    5450   214.932   214.949 
    5460   214.935   214.952 
    5470   214.935   214.952 
    5480   214.936   214.953 
    5490   214.935   214.952 
    5500   214.937   214.954 
    5510   214.935   214.952 
    5520   214.935   214.952 
    5530   214.935   214.952 
    5540   214.935   214.952 
    5550   214.954   214.940 
    5560   214.935   214.952 
    5570   214.935   214.952 
    5580   214.936   214.953 
    5590   214.935   214.952 
    5600   214.937   214.913 
    5610   214.935   214.952 
    5620   214.935   214.952 
    5630   214.935   214.952 
    5640   214.935   214.952 
    5650   214.929   214.924 
    5660   214.935   214.952 
    5670   214.935   214.952 
    5680   214.934   214.952 
    5690   214.935   214.952 
    5700   214.937   214.942 
    5710   214.935   214.952 
    5720   214.935   214.952 
    5730   214.935   214.953 
    5740   214.935   214.952 
    5750   214.944   214.951 
    5760   214.935   214.952 
    5770   214.935   214.952 
    5780   214.940   214.951 
    5790   214.935   214.952 
    5800   214.934   214.948 
    5810   214.935   214.952 
    5820   214.935   214.952 
    5830   214.932   214.938 
    5840   214.935   214.952 
    5850   214.931   214.953 
    5860   214.935   214.952 
    5870   214.935   214.952 
    5880   214.935   214.952 
    5890   214.935   214.952 
    5900   214.935   214.961 
    5910   214.935   214.952 
    5920   214.935   214.952 
    5930   214.935   214.952 
    5940   214.935   214.952 
    5950   214.943   214.953 
    5960   214.935   214.953 
    5970   214.935   214.951 
    5980   214.935   214.953 
    5990   214.935   214.952 
    6000   214.953   214.949 
    6010   214.935   214.952 
    6020   214.935   214.952 
    6030   214.935   214.953 
    6040   214.935   214.952 
    6050   214.946   214.944 
    6060   214.935   214.952 
    6070   214.935   214.952 
    6080   214.934   214.954 
    6090   214.935   214.952 
    6100   214.952   214.961 
    6110   214.934   214.951 
    6120   214.935   214.952 
    6130   214.939   214.954 
    6140   214.935   214.952 
    6150   214.934   214.957 
    6160   214.935   214.952 
    6170   214.935   214.952 
    6180   209.531   121.542 
    6190   214.935   214.952 
    6200   215.016   214.970 
    6210   214.935   214.952 
    6220   214.935   214.952 
    6230   214.934   214.952 
    6240   214.935   214.952 
    6250   214.947   214.861 
    6260   214.935   214.952 
    6270   214.935   214.952 
    6280   214.936   214.952 
    6290   214.935   214.952 
    6300   214.930   214.909 
    6310   214.935   214.952 
    6320   214.935   214.952 
    6330   214.933   214.952 
    6340   214.935   214.952 
    6350   214.936   214.976 
    6360   214.934   214.959 
    6370   214.935   214.952 
    6380   214.935   214.952 
    6390   214.935   214.952 
    6400   214.930   214.951 
    6410   214.935   214.952 
    6420   214.935   214.952 
    6430   214.934   214.951 
    6440   214.935   214.952 
    6450   214.934   214.953 
    6460   214.934   214.952 
    6470   214.935   214.952 
    6480   214.935   214.951 
    6490   214.935   214.952 
    6500   214.933   214.910 
    6510   214.936   214.952 
    6520   214.935   214.952 
    6530   214.936   214.953 
    6540   214.935   214.952 
    6550   214.943   214.914 
    6560   214.934   214.952 
    6570   214.935   214.952 
    6580   214.935   214.951 
    6590   214.935   214.952 
    6600   214.931   214.953 
    6610   214.935   214.952 
    6620   214.935   214.952 
    6630   213.050   126.276 
    6640   214.935   214.952 
    6650   214.937   214.951 
    6660   214.935   214.952 
    6670   214.935   214.952 
    6680   214.935   214.951 
    6690   214.935   214.952 
    6700   214.901   214.950 
    6710   214.934   214.950 
    6720   214.935   214.952 
    6730   214.935   214.952 
    6740   214.935   214.952 
    6750   214.989   214.957 
    6760   214.935   214.952 
    6770   214.935   214.952 
    6780   214.935   214.951 
    6790   214.935   214.952 
    6800   214.927   214.954 
    6810   214.935   214.952 
    6820   214.935   214.952 
    6830   214.935   214.952 
    6840   214.935   214.952 
    6850   214.940   214.942 
    6860   214.935   214.952 
    6870   214.935   214.952 
    6880   214.937   214.953 
    6890   214.935   214.952 
    6900   214.929   214.960 
    6910   214.935   214.952 
    6920   214.935   214.952 
    6930   214.936   214.952 
    6940   214.935   214.952 
    6950   214.930   214.956 
    6960   214.935   214.952 
    6970   214.935   214.952 
    6980   214.935   214.952 
    6990   214.935   214.952 
    7000   214.934   214.949 
    7010   214.935   214.951 
    7020   214.935   214.952 
    7030   214.935   214.952 
    7040   214.935   214.952 
    7050   214.935   214.953 
    7060   214.935   214.951 
    7070   214.935   214.952 
    7080   214.935   214.952 
    7090   214.935   214.952 
    7100   214.933   214.952 
    7110   214.935   214.952 
    7120   214.935   214.952 
    7130   214.935   214.952 
    7140   214.935   214.952 
    7150   214.929   214.952 
    7160   214.935   214.952 
    7170   214.935   214.952 
    7180   214.935   214.951 
    7190   214.935   214.952 
    7200   214.934   214.948 
    7210   214.935   214.952 
    7220   214.935   214.952 
    7230   214.935   214.952 
    7240   214.935   214.952 
    7250   214.933   214.943 
    7260   214.935   214.952 
    7270   214.935   214.952 
    7280   214.935   214.951 
    7290   214.935   214.952 
    7300   214.931   214.958 
    7310   214.935   214.952 
    7320   214.935   214.952 
    7330   214.935   214.952 
    7340   214.935   214.952 
    7350   214.932   214.915 
    7360   214.935   214.952 
    7370   214.935   214.952 
    7380   214.936   214.952 
    7390   214.935   214.952 
    7400   214.936   214.956 
    7410   214.935   214.952 
    7420   214.935   214.952 
    7430   214.935   214.954 
    7440   214.935   214.952 
    7450   214.937   214.953 
    7460   214.935   214.952 
    7470   214.935   214.952 
    7480   214.934   214.952 
    7490   214.935   214.952 
    7500   214.932   214.925 
    7510   214.935   214.952 
    7520   214.935   214.952 
    7530   214.936   214.952 
    7540   214.935   214.952 
    7550   214.933   214.942 
    7560   214.934   214.952 
    7570   214.935   214.951 
    7580   214.935   214.952 
    7590   214.935   214.952 
    7600   214.934   214.950 
    7610   214.934   214.952 
    7620   214.935   214.952 
    7630   210.189   304.259 
    7640   214.935   214.952 
    7650   214.929   214.951 
    7660   214.935   214.952 
    7670   214.935   214.952 
    7680   214.934   214.951 
    7690   214.935   214.952 
    7700   214.873   214.896 
    7710   214.935   214.952 
    7720   214.935   214.952 
    7730   214.935   214.952 
    7740   214.935   214.952 
    7750   214.934   214.953 
    7760   214.935   214.952 
    7770   214.935   214.952 
    7780   214.934   214.953 
    7790   214.935   214.952 
    7800   214.938   214.957 
    7810   214.935   214.952 
    7820   214.935   214.952 
    7830   214.935   214.952 
    7840   214.935   214.952 
    7850   214.921   214.990 
    7860   214.935   214.952 
    7870   214.935   214.952 
    7880   214.935   214.951 
    7890   214.935   214.952 
    7900   214.946   214.954 
    7910   214.935   214.952 
    7920   214.935   214.952 
    7930   214.938   214.952 
    7940   214.935   214.952 
    7950   214.936   214.857 
    7960   214.935   214.952 
    7970   214.935   214.952 
    7980   214.935   214.952 
    7990   214.935   214.952 
    8000   214.933   214.952 
    8010   214.935   214.952 
    8020   214.935   214.952 
    8030   214.935   214.952 
    8040   214.935   214.952 
    8050   214.934   214.954 
    8060   214.935   214.952 
    8070   214.935   214.952 
    8080   214.937   214.951 
    8090   214.935   214.952 
    8100   214.932   214.950 
    8110   214.935   214.952 
    8120   214.935   214.952 
    8130   214.934   214.951 
    8140   214.935   214.952 
    8150   214.929   214.963 
    8160   214.935   214.952 
    8170   214.935   214.952 
    8180   214.935   214.952 
    8190   214.935   214.952 
    8200   214.876   214.903 
    8210   214.935   214.952 
    8220   214.935   214.952 
    8230   214.935   214.950 
    8240   214.935   214.952 
    8250   214.934   214.938 
    8260   214.935   214.952 
    8270   214.935   214.952 
    8280   297.378   246.335 
    8290   214.935   214.952 
    8300   214.936   214.953 
    8310   214.935   214.951 
    8320   214.935   214.952 
    8330   214.935   214.952 
    8340   214.935   214.952 
    8350   214.934   214.953 
    8360   214.934   214.951 
    8370   214.935   214.952 
    8380   214.935   214.952 
    8390   214.935   214.952 
    8400   214.933   214.952 
    8410   214.935   214.952 
    8420   214.935   214.952 
    8430   214.935   214.952 
    8440   214.935   214.952 
    8450   214.924   214.979 
    8460   214.934   214.952 
    8470   214.935   214.952 
    8480   214.934   214.952 
    8490   214.935   214.952 
    8500   214.933   214.935 
    8510   214.934   214.952 
    8520   214.935   214.952 
    8530   214.933   214.952 
    8540   214.935   214.952 
    8550   214.935   214.949 
    8560   214.935   214.952 
    8570   214.935   214.952 
    8580   298.761   235.162 
    8590   214.935   214.952 
    8600   214.936   214.950 
    8610   214.935   214.951 
    8620   214.935   214.952 
    8630   214.935   214.952 
    8640   214.935   214.952 
    8650   214.935   214.953 
    8660   214.935   214.952 
    8670   214.935   214.952 
    8680   214.935   214.952 
    8690   214.935   214.952 
    8700   214.934   214.951 
    8710   214.935   214.952 
    8720   214.935   214.952 
    8730   214.937   214.952 
    8740   214.935   214.952 
    8750   214.930   214.998 
    8760   214.935   214.950 
    8770   214.935   214.952 
    8780   214.935   214.952 
    8790   214.935   214.952 
    8800   214.930   214.951 
    8810   214.935   214.952 
    8820   214.935   214.951 
    8830   214.935   214.952 
    8840   214.935   214.952 
    8850   214.933   214.981 
    8860   214.935   214.952 
    8870   214.935   214.952 
    8880   214.937   214.951 
    8890   214.935   214.952 
    8900   214.933   214.954 
    8910   214.935   214.952 
    8920   214.935   214.952 
    8930   214.935   214.955 
    8940   214.935   214.952 
    8950   214.936   214.896 
    8960   214.935   214.952 
    8970   214.935   214.952 
    8980   214.934   214.951 
    8990   214.935   214.952 
    9000   214.941   214.942 
    9010   214.935   214.952 
    9020   214.935   214.952 
    9030   214.935   214.952 
    9040   214.935   214.952 
    9050   214.934   214.951 
    9060   214.935   214.952 
    9070   214.935   214.952 
    9080   214.935   214.952 
    9090   214.935   214.952 
    9100   214.934   214.952 
    9110   214.935   214.952 
    9120   214.935   214.952 
    9130   214.935   214.951 
    9140   214.935   214.952 
    9150   214.933   215.042 
    9160   214.935   214.952 
    9170   214.935   214.952 
    9180   214.937   214.953 
    9190   214.935   214.951 
    9200   214.930   214.954 
    9210   214.935   214.952 
    9220   214.935   214.952 
    9230   214.935   214.954 
    9240   214.935   214.952 
    9250   214.888   214.912 
    9260   214.935   214.952 
    9270   214.935   214.952 
    9280   214.935   214.953 
    9290   214.935   214.952 
    9300   214.933   214.959 
    9310   214.935   214.952 
    9320   214.935   214.952 
    9330   214.936   214.949 
    9340   214.935   214.952 
    9350   214.903   214.902 
    9360   214.935   214.952 
    9370   214.935   214.952 
    9380   214.932   214.945 
    9390   214.935   214.952 
    9400   214.930   214.932 
    9410   214.935   214.952 
    9420   214.935   214.952 
    9430   214.934   214.952 
    9440   214.935   214.952 
    9450   214.936   214.953 
    9460   214.935   214.950 
    9470   214.935   214.952 
    9480   214.935   214.952 
    9490   214.935   214.952 
    9500   214.971   214.951 
    9510   214.935   214.952 
    9520   214.935   214.952 
    9530   214.935   214.956 
    9540   214.935   214.952 
    9550   214.936   214.973 
    9560   214.935   214.952 
    9570   214.935   214.952 
    9580   214.935   214.952 
    9590   214.935   214.952 
    9600   214.946   214.893 
    9610   214.935   214.952 
    9620   214.935   214.951 
    9630   214.935   214.953 
    9640   214.935   214.952 
    9650   214.936   214.955 
    9660   214.935   214.952 
    9670   214.935   214.952 
    9680   214.936   214.951 
    9690   214.935   214.952 
    9700   214.936   214.951 
    9710   214.935   214.952 
    9720   214.935   214.952 
    9730   117.972   169.951 
    9740   214.935   214.952 
    9750   214.934   214.957 
    9760   214.935   214.952 
    9770   214.935   214.952 
    9780   214.934   214.951 
    9790   214.935   214.952 
    9800   214.924   214.947 
    9810   214.935   214.952 
    9820   214.935   214.952 
    9830   214.935   214.951 
    9840   214.935   214.952 
    9850   214.935   214.973 
    9860   214.935   214.952 
    9870   214.935   214.952 
    9880   214.935   214.951 
    9890   214.935   214.952 
    9900   214.946   214.951 
    9910   214.934   214.952 
    9920   214.935   214.952 
    9930   214.935   214.954 
    9940   214.935   214.952 
    9950   214.935   215.016 
    9960   214.935   214.952 
    9970   214.935   214.952 
    9980   214.935   214.951 
    9990   214.935   214.952 
   10000   214.935   214.952 
