       0   244.977   244.966 
      10   249.961   250.286 
      20   249.883   249.970 
      30   249.911   249.856 
      40   249.851   249.850 
      50   249.894   249.829 
      60   249.348   250.205 
      70   249.958   249.921 
      80   249.947   249.927 
      90   249.867   249.994 
     100   249.950   249.930 
     110   249.935   249.934 
     120   249.924   249.928 
     130   249.948   249.956 
     140   250.023   249.948 
     150   249.947   249.935 
     160   249.951   249.934 
     170   249.950   249.940 
     180   249.950   249.931 
     190   249.950   249.938 
     200   249.988   249.940 
     210   249.953   249.939 
     220   249.951   249.948 
     230   249.946   249.946 
     240   249.958   249.946 
     250   249.959   249.937 
     260   249.960   249.946 
     270   249.958   249.945 
     280   249.963   249.945 
     290   249.959   249.945 
     300   249.961   249.948 
     310   249.959   249.946 
     320   249.960   249.942 
     330   249.958   249.944 
     340   249.959   249.945 
     350   249.961   249.944 
     360   249.962   249.942 
     370   249.960   249.944 
     380   249.959   249.945 
     390   249.959   249.958 
     400   249.994   249.942 
     410   249.960   249.948 
     420   249.960   249.945 
     430   249.958   249.945 
     440   249.962   249.944 
     450   250.011   249.918 
     460   249.960   249.946 
     470   249.958   249.944 
     480   249.960   249.945 
     490   249.962   249.945 
     500   250.050   249.930 
     510   249.960   249.947 
     520   249.960   249.941 
     530   249.962   249.946 
     540   249.958   249.944 
     550   249.933   249.958 
     560   249.960   249.945 
     570   249.959   249.920 
     580   249.958   249.945 
     590   249.960   249.945 
     600   249.964   249.943 
     610   249.962   249.946 
     620   249.962   249.950 
     630   249.958   249.949 
     640   249.961   249.945 
     650   249.959   249.980 
     660   249.962   249.944 
     670   249.962   249.948 
     680   249.962   249.940 
     690   249.963   249.944 
     700   249.958   249.952 
     710   249.962   249.946 
     720   249.964   249.944 
     730   249.960   249.951 
     740   249.960   249.944 
     750   249.938   249.935 
     760   249.963   249.946 
     770   249.963   249.947 
     780   249.978   249.974 
     790   249.964   249.946 
     800   249.970   249.946 
     810   249.964   249.952 
     820   249.965   249.965 
     830   249.960   249.949 
     840   249.964   249.946 
     850   249.930   249.963 
     860   249.964   249.946 
     870   249.963   249.936 
     880   249.966   249.948 
     890   249.964   249.946 
     900   249.963   249.946 
     910   249.964   249.946 
     920   249.961   249.947 
     930   249.963   249.945 
     940   249.964   249.946 
     950   249.964   249.947 
     960   249.965   249.946 
     970   249.964   249.946 
     980   249.964   249.946 
     990   249.964   249.946 
    1000   249.964   249.950 
    1010   249.964   249.946 
    1020   249.964   249.946 
    1030   249.963   249.946 
    1040   249.964   249.946 
    1050   249.971   249.910 
    1060   249.964   249.946 
    1070   249.966   249.942 
    1080   249.964   249.949 
    1090   249.964   249.946 
    1100   249.979   249.944 
    1110   249.966   249.946 
    1120   249.964   249.946 
    1130   249.962   249.947 
    1140   249.964   249.946 
    1150   249.967   249.947 
    1160   249.965   249.947 
    1170   249.965   249.946 
    1180   249.964   249.946 
    1190   249.965   249.945 
    1200   249.964   249.884 
    1210   249.965   249.946 
    1220   249.964   249.946 
    1230   249.965   249.946 
    1240   249.965   249.946 
    1250   249.966   249.965 
    1260   249.965   249.946 
    1270   249.958   249.947 
    1280   249.964   249.946 
    1290   249.965   249.946 
    1300   249.916   249.940 
    1310   249.965   249.943 
    1320   249.965   249.944 
    1330   249.965   249.948 
    1340   249.965   249.946 
    1350   249.979   249.946 
    1360   249.965   249.947 
    1370   249.965   249.946 
    1380   249.965   249.947 
    1390   249.965   249.946 
    1400   249.897   249.946 
    1410   249.965   249.946 
    1420   249.965   249.946 
    1430   249.965   249.947 
    1440   249.965   249.946 
    1450   249.789   249.946 
    1460   249.965   249.946 
    1470   249.970   249.946 
    1480   249.963   249.946 
    1490   249.965   249.946 
    1500   249.965   249.941 
    1510   249.965   249.946 
    1520   249.964   249.947 
    1530   249.959   249.946 
    1540   249.964   249.947 
    1550   249.965   249.948 
    1560   249.963   249.942 
    1570   249.965   249.946 
    1580   249.963   249.946 
    1590   249.965   249.946 
    1600   249.965   249.950 
    1610   249.965   249.947 
    1620   249.965   249.947 
    1630   249.965   249.938 
    1640   249.965   249.946 
    1650   249.910   249.947 
    1660   249.965   249.944 
    1670   249.965   249.948 
    1680   249.965   249.946 
    1690   249.963   249.946 
    1700   249.950   249.946 
    1710   249.965   249.948 
    1720   249.965   249.946 
    1730   249.965   249.953 
    1740   249.965   249.946 
    1750   249.962   249.946 
    1760   249.965   249.943 
    1770   249.965   249.946 
    1780   249.965   249.949 
    1790   249.965   249.946 
    1800   249.959   249.946 
    1810   249.965   249.946 
    1820   249.965   249.944 
    1830   249.965   249.948 
    1840   249.965   249.946 
    1850   249.960   249.946 
    1860   249.965   249.946 
    1870   249.965   249.946 
    1880   249.964   249.947 
    1890   249.965   249.947 
    1900   249.985   249.949 
    1910   249.965   249.947 
    1920   249.966   249.947 
    1930   249.968   249.948 
    1940   249.965   249.947 
    1950   249.872   249.908 
    1960   249.972   249.947 
    1970   249.965   249.947 
    1980   249.965   249.946 
    1990   249.965   249.947 
    2000   249.965   249.892 
    2010   249.965   249.947 
    2020   249.965   249.947 
    2030   249.964   249.947 
    2040   249.965   249.947 
    2050   249.921   249.920 
    2060   249.965   249.947 
    2070   249.965   249.947 
    2080   249.965   249.948 
    2090   249.965   249.947 
    2100   250.121   249.881 
    2110   249.968   249.946 
    2120   249.965   249.947 
    2130   249.963   249.947 
    2140   249.965   249.947 
    2150   249.965   249.941 
    2160   249.950   249.946 
    2170   249.964   249.947 
    2180   249.964   249.947 
    2190   249.970   249.947 
    2200   250.004   249.946 
    2210   249.965   249.947 
    2220   249.965   249.946 
    2230   249.964   249.948 
    2240   249.965   249.947 
    2250   249.964   249.952 
    2260   249.965   249.947 
    2270   249.965   249.947 
    2280   181.095   324.762 
    2290   249.965   249.947 
    2300   249.971   249.951 
    2310   249.966   249.947 
    2320   249.968   249.948 
    2330   249.964   249.948 
    2340   249.965   249.946 
    2350   249.959   249.947 
    2360   249.965   249.949 
    2370   249.965   249.947 
    2380   249.966   249.948 
    2390   249.965   249.947 
    2400   249.961   249.950 
    2410   249.970   249.946 
    2420   249.965   249.947 
    2430   249.964   249.947 
    2440   249.965   249.947 
    2450   249.965   249.953 
    2460   249.965   249.948 
    2470   249.965   249.949 
    2480   249.964   249.948 
    2490   249.965   249.947 
    2500   249.965   249.948 
    2510   249.965   249.947 
    2520   249.965   249.947 
    2530   249.965   249.950 
    2540   249.965   249.946 
    2550   249.952   249.939 
    2560   249.965   249.946 
    2570   249.965   249.947 
    2580   249.965   249.947 
    2590   249.965   249.946 
    2600   249.971   249.947 
    2610   249.965   249.944 
    2620   249.965   249.947 
    2630   239.273   328.284 
    2640   249.965   249.947 
    2650   249.960   249.947 
    2660   249.965   249.949 
    2670   249.965   249.947 
    2680   249.964   249.948 
    2690   249.965   249.947 
    2700   249.963   249.947 
    2710   249.966   249.947 
    2720   249.962   249.948 
    2730   249.964   249.948 
    2740   249.965   249.947 
    2750   249.961   249.947 
    2760   249.965   249.948 
    2770   249.965   249.947 
    2780   249.963   249.950 
    2790   249.966   249.949 
    2800   249.970   249.960 
    2810   249.965   249.947 
    2820   249.966   249.947 
    2830   249.964   249.947 
    2840   249.965   249.947 
    2850   249.965   249.951 
    2860   249.959   249.947 
    2870   249.970   249.947 
    2880   249.964   249.947 
    2890   249.966   249.947 
    2900   249.969   249.947 
    2910   249.965   249.949 
    2920   249.965   249.948 
    2930   249.964   249.948 
    2940   249.965   249.947 
    2950   250.001   249.878 
    2960   249.965   249.947 
    2970   249.959   249.953 
    2980   249.964   249.949 
    2990   249.965   249.947 
    3000   249.961   249.949 
    3010   249.965   249.947 
    3020   249.965   249.947 
    3030   249.966   249.947 
    3040   249.967   249.948 
    3050   250.019   249.951 
    3060   249.965   249.948 
    3070   249.965   249.942 
    3080   249.966   249.949 
    3090   249.965   249.947 
    3100   249.964   249.947 
    3110   249.965   249.947 
    3120   249.965   249.946 
    3130   249.962   249.953 
    3140   249.966   249.947 
    3150   249.971   249.941 
    3160   249.966   249.948 
    3170   249.975   249.949 
    3180   249.963   249.948 
    3190   249.965   249.948 
    3200   249.965   249.948 
    3210   249.964   249.947 
    3220   249.965   249.949 
    3230   249.964   249.948 
    3240   249.965   249.948 
    3250   249.961   249.952 
    3260   249.980   249.949 
    3270   249.966   249.949 
    3280   249.965   249.949 
    3290   249.966   249.949 
    3300   249.953   249.957 
    3310   249.964   249.949 
    3320   249.966   249.949 
    3330   249.964   249.949 
    3340   249.965   249.949 
    3350   249.965   249.946 
    3360   249.965   249.949 
    3370   249.965   249.949 
    3380   249.964   249.949 
    3390   249.965   249.949 
    3400   249.965   249.952 
    3410   249.965   249.949 
    3420   249.965   249.949 
    3430   249.960   249.958 
    3440   249.965   249.949 
    3450   249.967   249.949 
    3460   249.965   249.950 
    3470   249.953   249.944 
    3480   249.962   249.943 
    3490   249.965   249.949 
    3500   250.136   249.899 
    3510   249.964   249.951 
    3520   249.973   249.958 
    3530   249.960   249.932 
    3540   249.965   249.949 
    3550   249.928   249.955 
    3560   249.964   249.950 
    3570   249.964   249.940 
    3580   249.964   249.949 
    3590   249.965   249.949 
    3600   249.963   249.951 
    3610   249.965   249.951 
    3620   249.964   249.949 
    3630   249.964   249.951 
    3640   249.965   249.950 
    3650   249.963   249.953 
    3660   249.965   249.950 
    3670   249.965   249.951 
    3680   249.965   249.950 
    3690   249.965   249.943 
    3700   249.965   249.955 
    3710   249.964   249.950 
    3720   249.965   249.950 
    3730   249.962   249.950 
    3740   249.965   249.950 
    3750   249.966   249.953 
    3760   249.965   249.951 
    3770   249.962   249.950 
    3780   249.961   249.947 
    3790   249.966   249.949 
    3800   250.054   249.929 
    3810   249.964   249.949 
    3820   249.965   249.950 
    3830   249.962   249.950 
    3840   249.965   249.950 
    3850   249.965   249.943 
    3860   249.965   249.950 
    3870   249.964   249.950 
    3880   249.963   249.950 
    3890   249.965   249.950 
    3900   249.965   249.953 
    3910   249.965   249.950 
    3920   249.967   249.950 
    3930   249.964   249.950 
    3940   249.965   249.950 
    3950   249.965   249.946 
    3960   249.964   249.951 
    3970   249.969   249.951 
    3980   249.964   249.951 
    3990   249.965   249.951 
    4000   249.967   249.952 
    4010   249.964   249.950 
    4020   249.963   249.954 
    4030   249.967   249.950 
    4040   249.964   249.951 
    4050   249.862   249.999 
    4060   249.966   249.949 
    4070   249.957   249.951 
    4080   249.963   249.950 
    4090   249.964   249.950 
    4100   249.962   249.943 
    4110   249.964   249.951 
    4120   249.964   249.951 
    4130   249.966   249.951 
    4140   249.964   249.951 
    4150   249.925   249.978 
    4160   249.966   249.949 
    4170   249.967   249.950 
    4180   249.962   249.954 
    4190   249.964   249.950 
    4200   250.017   249.958 
    4210   249.964   249.950 
    4220   249.965   249.951 
    4230   249.966   249.951 
    4240   249.966   249.949 
    4250   249.970   249.947 
    4260   249.964   249.950 
    4270   249.964   249.949 
    4280   249.963   249.950 
    4290   249.964   249.949 
    4300   249.967   249.952 
    4310   249.964   249.951 
    4320   249.964   249.954 
    4330   249.965   249.957 
    4340   249.963   249.950 
    4350   249.940   249.951 
    4360   249.964   249.980 
    4370   249.965   249.949 
    4380   249.964   249.950 
    4390   249.964   249.952 
    4400   249.871   249.937 
    4410   249.966   249.951 
    4420   249.959   249.951 
    4430   249.964   249.951 
    4440   249.964   249.956 
    4450   249.925   249.939 
    4460   249.965   249.950 
    4470   250.021   249.949 
    4480   249.964   249.954 
    4490   249.964   249.950 
    4500   249.957   249.953 
    4510   249.963   249.952 
    4520   249.959   249.937 
    4530   249.963   249.950 
    4540   249.965   249.929 
    4550   249.997   249.956 
    4560   249.965   249.952 
    4570   249.918   249.951 
    4580   249.959   249.960 
    4590   249.963   249.953 
    4600   249.965   249.947 
    4610   249.964   249.953 
    4620   249.893   249.958 
    4630   249.962   249.950 
    4640   249.962   249.949 
    4650   249.964   249.957 
    4660   249.957   249.953 
    4670   249.956   249.953 
    4680   249.968   249.948 
    4690   249.969   249.947 
    4700   249.970   249.949 
    4710   249.964   249.952 
    4720   249.964   249.953 
    4730   249.981   249.957 
    4740   249.963   249.953 
    4750   249.899   249.982 
    4760   249.964   249.953 
    4770   249.963   249.949 
    4780   249.965   249.953 
    4790   249.966   249.953 
    4800   249.960   249.926 
    4810   249.965   249.953 
    4820   249.970   249.963 
    4830   249.964   249.952 
    4840   249.963   249.953 
    4850   249.821   249.865 
    4860   249.963   249.952 
    4870   249.961   249.966 
    4880   249.962   249.953 
    4890   249.964   249.952 
    4900   249.974   249.927 
    4910   249.964   249.953 
    4920   249.961   249.952 
    4930   249.963   249.952 
    4940   249.963   249.953 
    4950   249.962   249.943 
    4960   249.963   249.953 
    4970   249.970   249.953 
    4980   249.960   249.953 
    4990   249.963   249.954 
    5000   249.969   249.964 
    5010   249.982   249.955 
    5020   249.962   249.954 
    5030   249.963   249.953 
    5040   249.979   249.954 
    5050   249.906   249.945 
    5060   249.939   249.954 
    5070   249.964   249.954 
    5080   249.963   249.953 
    5090   249.962   249.953 
    5100   249.983   249.958 
    5110   249.962   249.953 
    5120   249.963   249.947 
    5130   249.961   249.953 
    5140   249.963   249.954 
    5150   249.967   249.942 
    5160   249.963   249.952 
    5170   249.961   249.955 
    5180   249.963   249.953 
    5190   249.963   249.954 
    5200   249.954   249.953 
    5210   249.962   249.959 
    5220   249.962   249.958 
    5230   249.961   249.954 
    5240   249.963   249.953 
    5250   249.960   249.953 
    5260   249.963   249.952 
    5270   249.963   249.954 
    5280   249.963   249.948 
    5290   249.963   249.954 
    5300   249.964   249.890 
    5310   249.962   249.954 
    5320   249.963   249.954 
    5330   249.961   249.953 
    5340   249.963   249.953 
    5350   249.959   249.954 
    5360   249.963   249.950 
    5370   249.963   249.956 
    5380   249.962   249.958 
    5390   249.962   249.953 
    5400   250.010   249.967 
    5410   249.962   249.954 
    5420   249.962   249.952 
    5430   249.961   249.953 
    5440   249.959   249.957 
    5450   250.045   249.889 
    5460   249.962   249.953 
    5470   249.963   249.955 
    5480   249.961   249.955 
    5490   249.962   249.952 
    5500   249.966   249.958 
    5510   249.962   249.954 
    5520   249.959   249.960 
    5530   249.962   249.954 
    5540   249.962   249.956 
    5550   249.964   249.946 
    5560   249.962   249.954 
    5570   249.960   249.956 
    5580   249.960   249.953 
    5590   249.962   249.955 
    5600   249.986   249.976 
    5610   249.963   249.955 
    5620   249.960   249.956 
    5630   249.962   249.954 
    5640   249.962   249.982 
    5650   249.967   249.957 
    5660   249.962   249.955 
    5670   249.962   249.953 
    5680   249.967   249.954 
    5690   249.962   249.954 
    5700   249.961   249.955 
    5710   249.961   249.951 
    5720   249.961   249.956 
    5730   249.960   249.954 
    5740   249.962   249.955 
    5750   249.961   249.955 
    5760   249.962   249.955 
    5770   249.963   249.954 
    5780   249.962   249.955 
    5790   249.962   249.965 
    5800   249.962   249.952 
    5810   249.962   249.956 
    5820   249.961   249.953 
    5830   249.959   249.957 
    5840   249.956   249.953 
    5850   249.956   249.956 
    5860   249.962   249.956 
    5870   249.962   249.955 
    5880   249.963   249.951 
    5890   249.959   249.954 
    5900   249.938   249.954 
    5910   249.962   249.917 
    5920   249.961   249.973 
    5930   249.954   249.953 
    5940   249.960   249.958 
    5950   249.910   250.048 
    5960   249.961   249.953 
    5970   249.966   249.956 
    5980   249.962   249.957 
    5990   249.955   249.957 
    6000   249.964   249.955 
    6010   249.961   249.958 
    6020   249.961   249.950 
    6030   249.960   249.952 
    6040   249.961   249.956 
    6050   249.973   249.955 
    6060   249.961   249.932 
    6070   249.962   249.989 
    6080   249.968   249.951 
    6090   249.908   250.003 
    6100   249.963   249.955 
    6110   249.961   249.952 
    6120   249.962   249.962 
    6130   249.959   249.952 
    6140   249.960   249.956 
    6150   249.963   249.860 
    6160   249.961   249.956 
    6170   249.960   249.957 
    6180   249.960   249.956 
    6190   249.961   249.979 
    6200   249.964   249.953 
    6210   249.960   249.957 
    6220   249.984   249.958 
    6230   249.961   249.954 
    6240   249.959   249.960 
    6250   249.935   250.044 
    6260   249.960   249.955 
    6270   249.942   249.982 
    6280   249.961   249.957 
    6290   249.961   249.957 
    6300   249.958   249.920 
    6310   249.959   249.956 
    6320   249.965   249.958 
    6330   249.958   249.956 
    6340   249.961   249.956 
    6350   249.956   249.935 
    6360   249.960   249.956 
    6370   249.956   249.953 
    6380   249.961   249.957 
    6390   249.984   249.958 
    6400   249.900   249.941 
    6410   249.960   249.957 
    6420   249.959   249.954 
    6430   249.959   249.957 
    6440   249.961   249.957 
    6450   249.945   249.956 
    6460   249.960   249.950 
    6470   249.960   249.950 
    6480   249.957   249.957 
    6490   249.961   249.956 
    6500   249.955   249.907 
    6510   249.960   249.957 
    6520   249.961   249.958 
    6530   249.960   249.957 
    6540   249.961   249.957 
    6550   249.960   249.959 
    6560   249.960   249.958 
    6570   249.967   249.956 
    6580   249.961   249.958 
    6590   249.960   249.958 
    6600   250.029   249.966 
    6610   249.959   249.953 
    6620   249.959   249.959 
    6630   249.961   249.958 
    6640   249.960   249.956 
    6650   249.971   250.310 
    6660   249.967   249.959 
    6670   249.953   249.959 
    6680   249.958   249.958 
    6690   249.959   249.958 
    6700   249.959   249.955 
    6710   249.959   249.959 
    6720   249.966   249.960 
    6730   249.962   249.957 
    6740   249.962   249.956 
    6750   249.950   249.953 
    6760   249.958   249.958 
    6770   249.958   249.962 
    6780   249.957   249.958 
    6790   249.959   249.959 
    6800   249.891   249.981 
    6810   249.959   249.961 
    6820   249.959   249.961 
    6830   249.956   249.959 
    6840   249.958   249.958 
    6850   249.996   249.991 
    6860   249.958   249.960 
    6870   249.960   249.959 
    6880   249.957   249.959 
    6890   249.959   249.959 
    6900   249.958   249.957 
    6910   249.959   249.959 
    6920   249.953   249.959 
    6930   249.958   249.959 
    6940   249.958   249.962 
    6950   249.963   249.962 
    6960   249.958   249.959 
    6970   249.956   249.964 
    6980   249.958   249.959 
    6990   249.960   249.959 
    7000   249.854   249.961 
    7010   249.959   249.955 
    7020   249.959   249.962 
    7030   249.959   249.960 
    7040   249.956   249.958 
    7050   249.963   249.960 
    7060   249.959   249.964 
    7070   249.922   249.965 
    7080   249.959   249.962 
    7090   249.958   249.959 
    7100   249.984   249.958 
    7110   249.964   249.957 
    7120   249.941   249.960 
    7130   249.958   249.960 
    7140   249.957   249.956 
    7150   249.942   249.864 
    7160   249.957   249.957 
    7170   249.957   249.949 
    7180   249.953   249.960 
    7190   249.958   249.958 
    7200   249.950   249.962 
    7210   249.957   249.960 
    7220   249.957   249.959 
    7230   249.955   249.954 
    7240   249.958   249.960 
    7250   249.954   249.958 
    7260   249.958   249.955 
    7270   249.957   249.962 
    7280   249.959   249.959 
    7290   249.956   249.959 
    7300   249.862   249.935 
    7310   249.957   249.960 
    7320   249.938   249.938 
    7330   249.958   249.960 
    7340   249.952   249.955 
    7350   249.943   249.947 
    7360   249.956   249.959 
    7370   249.957   249.962 
    7380   249.955   249.962 
    7390   249.956   249.964 
    7400   250.036   249.964 
    7410   249.958   249.957 
    7420   249.958   249.956 
    7430   249.957   249.961 
    7440   249.958   249.960 
    7450   249.945   249.960 
    7460   249.956   249.965 
    7470   249.956   249.960 
    7480   249.958   249.963 
    7490   249.957   249.961 
    7500   250.005   249.951 
    7510   249.956   249.959 
    7520   249.936   249.961 
    7530   249.957   249.963 
    7540   249.958   249.961 
    7550   249.925   249.962 
    7560   249.956   249.970 
    7570   249.956   249.961 
    7580   249.957   249.963 
    7590   249.960   249.961 
    7600   250.021   249.953 
    7610   249.956   249.958 
    7620   249.956   249.966 
    7630   249.956   249.961 
    7640   249.952   249.961 
    7650   249.948   249.954 
    7660   249.956   249.960 
    7670   249.956   249.964 
    7680   249.955   249.961 
    7690   249.956   249.961 
    7700   249.956   249.956 
    7710   249.956   249.962 
    7720   249.954   249.959 
    7730   249.956   249.961 
    7740   249.956   249.964 
    7750   249.952   249.954 
    7760   249.956   249.961 
    7770   249.976   249.944 
    7780   249.955   249.960 
    7790   249.956   249.961 
    7800   249.956   249.962 
    7810   249.956   249.960 
    7820   249.954   249.963 
    7830   249.955   249.961 
    7840   249.956   249.961 
    7850   249.939   249.965 
    7860   249.956   249.961 
    7870   249.957   249.963 
    7880   249.954   249.962 
    7890   249.956   249.961 
    7900   249.953   249.958 
    7910   249.956   249.961 
    7920   249.954   249.965 
    7930   249.958   249.966 
    7940   249.957   249.965 
    7950   249.952   249.970 
    7960   249.936   249.961 
    7970   249.950   249.961 
    7980   249.955   249.962 
    7990   249.955   249.961 
    8000   249.955   249.958 
    8010   249.955   249.962 
    8020   249.955   249.962 
    8030   249.956   249.963 
    8040   249.956   249.959 
    8050   250.054   249.962 
    8060   249.956   249.962 
    8070   249.956   249.961 
    8080   249.955   249.953 
    8090   249.955   249.962 
    8100   249.958   249.961 
    8110   249.956   249.958 
    8120   249.955   249.962 
    8130   249.957   249.961 
    8140   249.956   249.962 
    8150   249.974   249.965 
    8160   249.956   249.961 
    8170   249.955   249.965 
    8180   249.951   249.959 
    8190   249.954   249.961 
    8200   249.925   249.976 
    8210   249.956   249.961 
    8220   249.956   249.976 
    8230   249.956   249.962 
    8240   249.956   249.963 
    8250   249.953   249.968 
    8260   249.956   249.962 
    8270   249.953   249.961 
    8280   249.954   249.964 
    8290   249.955   249.961 
    8300   249.856   249.941 
    8310   249.956   249.962 
    8320   249.955   249.962 
    8330   249.960   249.957 
    8340   249.956   249.962 
    8350   249.998   249.939 
    8360   249.957   249.963 
    8370   249.955   249.962 
    8380   249.956   249.966 
    8390   249.956   249.962 
    8400   250.013   250.069 
    8410   249.959   249.963 
    8420   249.956   249.962 
    8430   249.955   249.960 
    8440   249.956   249.960 
    8450   249.950   249.961 
    8460   249.955   249.961 
    8470   249.955   249.964 
    8480   249.954   249.961 
    8490   249.956   249.962 
    8500   249.955   249.961 
    8510   249.955   249.961 
    8520   249.956   249.962 
    8530   249.953   249.962 
    8540   249.956   249.962 
    8550   249.961   249.961 
    8560   249.956   249.963 
    8570   249.956   249.962 
    8580   249.956   249.962 
    8590   249.956   249.979 
    8600   249.933   249.960 
    8610   249.956   249.958 
    8620   249.955   249.973 
    8630   249.958   249.963 
    8640   249.956   249.963 
    8650   249.959   249.969 
    8660   249.953   249.962 
    8670   249.953   249.962 
    8680   249.956   249.962 
    8690   249.955   249.965 
    8700   249.961   249.975 
    8710   249.956   249.962 
    8720   249.956   249.962 
    8730   249.952   249.962 
    8740   249.956   249.962 
    8750   249.956   249.975 
    8760   249.957   249.961 
    8770   249.956   249.962 
    8780   249.958   249.964 
    8790   249.956   249.962 
    8800   249.952   249.963 
    8810   249.956   249.962 
    8820   249.958   249.986 
    8830   249.952   249.964 
    8840   249.955   249.963 
    8850   249.953   249.962 
    8860   249.956   249.968 
    8870   249.956   249.966 
    8880   249.956   249.963 
    8890   249.955   249.962 
    8900   249.951   249.963 
    8910   249.956   249.960 
    8920   249.956   249.962 
    8930   275.567   316.828 
    8940   249.956   249.962 
    8950   249.971   249.960 
    8960   249.957   249.962 
    8970   249.955   249.962 
    8980   249.956   249.962 
    8990   249.956   249.962 
    9000   249.956   249.957 
    9010   249.956   249.962 
    9020   249.956   249.962 
    9030   249.955   249.962 
    9040   249.956   249.962 
    9050   249.950   249.962 
    9060   249.956   249.957 
    9070   249.956   249.962 
    9080   249.956   249.963 
    9090   249.956   249.962 
    9100   249.956   249.961 
    9110   249.956   249.961 
    9120   249.952   249.962 
    9130   249.953   249.963 
    9140   249.956   249.962 
    9150   249.955   249.960 
    9160   249.956   249.962 
    9170   249.957   249.963 
    9180   249.954   249.966 
    9190   249.956   249.961 
    9200   249.950   249.962 
    9210   249.956   249.962 
    9220   249.956   249.960 
    9230   249.955   249.964 
    9240   249.956   249.962 
    9250   249.961   249.961 
    9260   249.956   249.962 
    9270   249.956   249.962 
    9280   249.956   249.965 
    9290   249.956   249.962 
    9300   250.064   249.970 
    9310   249.956   249.962 
    9320   249.956   249.961 
    9330   249.957   249.963 
    9340   249.956   249.962 
    9350   249.952   249.907 
    9360   249.956   249.962 
    9370   249.956   249.962 
    9380   249.958   249.962 
    9390   249.956   249.962 
    9400   249.956   249.957 
    9410   249.956   249.962 
    9420   249.956   249.962 
    9430   249.955   249.962 
    9440   249.956   249.962 
    9450   249.956   249.968 
    9460   249.956   249.962 
    9470   249.956   249.962 
    9480   249.956   249.962 
    9490   249.956   249.962 
    9500   249.956   249.962 
    9510   249.959   249.963 
    9520   249.956   249.962 
    9530   249.958   249.962 
    9540   249.956   249.962 
    9550   249.956   249.970 
    9560   249.958   249.962 
    9570   249.956   249.962 
    9580   249.957   249.962 
    9590   249.957   249.962 
    9600   249.957   249.966 
    9610   249.957   249.962 
    9620   249.957   249.962 
    9630   249.955   249.957 
    9640   249.957   249.963 
    9650   249.978   249.962 
    9660   249.957   249.962 
    9670   249.957   249.961 
    9680   249.957   249.966 
    9690   249.957   249.962 
    9700   249.963   249.891 
    9710   249.957   249.962 
    9720   249.957   249.962 
    9730   249.956   249.963 
    9740   249.957   249.962 
    9750   250.020   249.950 
    9760   249.957   249.962 
    9770   249.957   249.962 
    9780   249.957   249.963 
    9790   249.957   249.962 
    9800   249.960   249.962 
    9810   249.957   249.962 
    9820   249.957   249.961 
    9830   249.957   249.962 
    9840   249.957   249.962 
    9850   249.955   249.969 
    9860   249.957   249.962 
    9870   249.957   249.962 
    9880   249.958   249.967 
    9890   249.957   249.962 
    9900   249.960   249.963 
    9910   249.957   249.962 
    9920   249.957   249.961 
    9930   249.966   249.936 
    9940   249.957   249.961 
    9950   249.948   249.962 
    9960   249.957   249.962 
    9970   249.957   249.963 
    9980   249.960   249.961 
    9990   249.957   249.962 
   10000   249.957   249.962 
