       0   269.982   269.895 
      10   275.945   275.129 
      20   274.944   274.737 
      30   275.054   274.776 
      40   274.933   274.792 
      50   274.918   274.801 
      60   274.964   274.824 
      70   274.968   274.853 
      80   274.979   274.839 
      90   274.969   274.861 
     100   274.973   274.913 
     110   274.968   274.886 
     120   274.969   274.870 
     130   274.968   274.872 
     140   274.970   274.789 
     150   274.986   274.875 
     160   274.968   274.867 
     170   274.969   274.876 
     180   274.967   274.874 
     190   274.970   274.873 
     200   274.989   274.893 
     210   274.969   274.868 
     220   274.969   274.877 
     230   274.970   274.879 
     240   274.970   274.868 
     250   275.015   274.882 
     260   274.971   274.878 
     270   274.971   274.879 
     280   274.974   274.880 
     290   274.971   274.879 
     300   274.959   274.892 
     310   274.970   274.879 
     320   274.970   274.877 
     330   274.970   274.876 
     340   274.970   274.879 
     350   274.985   274.882 
     360   274.970   274.878 
     370   274.971   274.884 
     380   274.971   274.886 
     390   274.970   274.884 
     400   274.967   274.846 
     410   274.970   274.882 
     420   274.971   274.882 
     430   274.969   274.873 
     440   274.970   274.881 
     450   274.968   274.882 
     460   274.970   274.883 
     470   274.970   274.882 
     480   274.970   274.889 
     490   274.970   274.883 
     500   274.968   274.881 
     510   274.971   274.883 
     520   274.970   274.883 
     530   274.974   274.897 
     540   274.971   274.881 
     550   274.977   274.882 
     560   274.970   274.883 
     570   274.970   274.882 
     580   274.969   274.881 
     590   274.970   274.883 
     600   274.969   274.884 
     610   274.970   274.888 
     620   274.970   274.883 
     630   274.971   274.884 
     640   274.970   274.883 
     650   274.985   274.880 
     660   274.969   274.883 
     670   274.970   274.883 
     680   274.969   274.884 
     690   274.970   274.883 
     700   274.957   274.883 
     710   274.969   274.882 
     720   274.970   274.883 
     730   274.980   274.883 
     740   274.970   274.883 
     750   274.969   274.830 
     760   274.970   274.883 
     770   274.970   274.883 
     780   274.969   274.883 
     790   274.970   274.883 
     800   274.971   274.812 
     810   274.970   274.883 
     820   274.970   274.883 
     830   274.971   274.883 
     840   274.970   274.883 
     850   274.970   274.892 
     860   274.970   274.883 
     870   274.970   274.883 
     880   274.970   274.883 
     890   274.970   274.883 
     900   274.972   274.884 
     910   274.970   274.882 
     920   274.970   274.883 
     930   274.967   274.882 
     940   274.970   274.883 
     950   274.968   274.881 
     960   274.969   274.883 
     970   274.970   274.883 
     980   274.966   274.883 
     990   274.970   274.883 
    1000   274.970   274.891 
    1010   274.970   274.883 
    1020   274.970   274.883 
    1030   274.972   274.883 
    1040   274.970   274.883 
    1050   274.970   274.881 
    1060   274.970   274.883 
    1070   274.970   274.883 
    1080   274.969   274.883 
    1090   274.970   274.883 
    1100   274.970   274.893 
    1110   274.970   274.883 
    1120   274.970   274.883 
    1130   274.969   274.885 
    1140   274.970   274.883 
    1150   274.970   274.886 
    1160   274.978   274.883 
    1170   274.970   274.883 
    1180   274.970   274.883 
    1190   274.970   274.883 
    1200   274.971   274.830 
    1210   274.970   274.883 
    1220   274.970   274.883 
    1230   274.969   274.883 
    1240   274.970   274.883 
    1250   274.969   274.798 
    1260   274.970   274.883 
    1270   274.970   274.883 
    1280   274.967   274.883 
    1290   274.970   274.883 
    1300   274.979   274.873 
    1310   274.970   274.883 
    1320   274.970   274.883 
    1330   274.969   274.888 
    1340   274.970   274.884 
    1350   274.969   274.885 
    1360   274.977   274.883 
    1370   274.970   274.883 
    1380   274.970   274.883 
    1390   274.970   274.883 
    1400   274.970   274.937 
    1410   274.970   274.883 
    1420   274.970   274.883 
    1430   274.969   274.882 
    1440   274.970   274.883 
    1450   274.975   274.882 
    1460   274.973   274.883 
    1470   274.970   274.883 
    1480   274.969   274.883 
    1490   274.969   274.882 
    1500   274.963   274.883 
    1510   274.970   274.883 
    1520   274.970   274.883 
    1530   274.991   274.807 
    1540   274.969   274.883 
    1550   274.848   274.882 
    1560   274.970   274.885 
    1570   274.970   274.883 
    1580   274.969   274.883 
    1590   274.970   274.883 
    1600   274.969   274.889 
    1610   274.971   274.883 
    1620   274.970   274.883 
    1630   274.971   274.883 
    1640   274.970   274.883 
    1650   274.956   274.880 
    1660   274.970   274.883 
    1670   274.970   274.883 
    1680   274.975   274.880 
    1690   274.970   274.883 
    1700   274.916   274.864 
    1710   274.969   274.882 
    1720   274.970   274.883 
    1730   274.965   274.883 
    1740   274.970   274.883 
    1750   274.964   274.889 
    1760   274.969   274.883 
    1770   274.970   274.883 
    1780   274.969   274.883 
    1790   274.970   274.883 
    1800   274.967   274.861 
    1810   274.969   274.884 
    1820   274.968   274.882 
    1830   274.969   274.883 
    1840   274.970   274.883 
    1850   274.970   274.887 
    1860   274.970   274.883 
    1870   274.970   274.883 
    1880   274.970   274.885 
    1890   274.970   274.884 
    1900   274.970   274.883 
    1910   274.970   274.884 
    1920   274.970   274.883 
    1930   274.967   274.883 
    1940   274.970   274.883 
    1950   274.970   274.903 
    1960   274.970   274.883 
    1970   274.970   274.883 
    1980   274.969   274.882 
    1990   274.971   274.882 
    2000   274.835   274.883 
    2010   274.970   274.883 
    2020   274.970   274.883 
    2030   274.969   274.884 
    2040   274.970   274.883 
    2050   274.982   274.786 
    2060   274.973   274.883 
    2070   274.970   274.883 
    2080   274.969   274.883 
    2090   274.969   274.883 
    2100   274.768   274.886 
    2110   274.970   274.883 
    2120   274.970   274.883 
    2130   274.971   274.892 
    2140   274.970   274.883 
    2150   274.963   274.887 
    2160   274.972   274.883 
    2170   274.971   274.883 
    2180   274.969   274.883 
    2190   274.970   274.883 
    2200   274.976   274.818 
    2210   274.971   274.883 
    2220   274.970   274.883 
    2230   274.968   274.882 
    2240   274.970   274.884 
    2250   274.971   274.890 
    2260   274.970   274.883 
    2270   274.970   274.883 
    2280   274.969   274.884 
    2290   274.970   274.884 
    2300   274.971   274.881 
    2310   274.970   274.878 
    2320   274.970   274.884 
    2330   274.969   274.883 
    2340   274.970   274.883 
    2350   274.970   274.901 
    2360   274.970   274.883 
    2370   274.970   274.883 
    2380   274.971   274.883 
    2390   274.970   274.883 
    2400   274.956   274.846 
    2410   274.970   274.883 
    2420   274.970   274.883 
    2430   274.969   274.881 
    2440   274.970   274.883 
    2450   274.906   274.884 
    2460   274.969   274.883 
    2470   274.970   274.883 
    2480   274.965   274.883 
    2490   274.970   274.883 
    2500   275.072   274.871 
    2510   274.970   274.883 
    2520   274.970   274.883 
    2530   275.005   274.919 
    2540   274.970   274.887 
    2550   274.970   274.889 
    2560   274.970   274.883 
    2570   274.970   274.883 
    2580   274.969   274.882 
    2590   274.970   274.883 
    2600   274.961   274.885 
    2610   274.970   274.883 
    2620   274.970   274.883 
    2630   274.969   274.883 
    2640   274.970   274.883 
    2650   274.963   274.889 
    2660   274.969   274.884 
    2670   274.971   274.883 
    2680   274.966   274.883 
    2690   274.970   274.883 
    2700   274.976   274.886 
    2710   274.970   274.883 
    2720   274.970   274.883 
    2730   274.970   274.883 
    2740   274.970   274.883 
    2750   274.970   274.877 
    2760   274.970   274.883 
    2770   274.970   274.883 
    2780   274.969   274.884 
    2790   274.970   274.883 
    2800   274.972   274.833 
    2810   274.970   274.883 
    2820   274.970   274.883 
    2830   274.970   274.884 
    2840   274.970   274.883 
    2850   274.969   274.884 
    2860   274.970   274.883 
    2870   274.970   274.883 
    2880   274.975   274.895 
    2890   274.970   274.883 
    2900   274.957   274.885 
    2910   274.970   274.883 
    2920   274.970   274.883 
    2930   274.967   274.879 
    2940   274.970   274.883 
    2950   274.973   274.886 
    2960   274.970   274.883 
    2970   274.970   274.883 
    2980   274.971   274.882 
    2990   274.995   274.891 
    3000   275.061   274.883 
    3010   274.970   274.882 
    3020   274.970   274.882 
    3030   274.969   274.883 
    3040   274.970   274.883 
    3050   274.970   274.892 
    3060   274.970   274.883 
    3070   274.970   274.883 
    3080   274.969   274.884 
    3090   274.970   274.883 
    3100   274.964   274.882 
    3110   274.970   274.883 
    3120   274.970   274.883 
    3130   274.969   274.882 
    3140   274.970   274.883 
    3150   274.972   274.884 
    3160   274.971   274.884 
    3170   274.970   274.883 
    3180   274.969   274.883 
    3190   274.970   274.883 
    3200   274.936   274.896 
    3210   274.979   274.884 
    3220   274.968   274.883 
    3230   274.969   274.883 
    3240   274.970   274.883 
    3250   274.973   274.894 
    3260   274.970   274.883 
    3270   274.970   274.883 
    3280   274.968   274.882 
    3290   274.970   274.883 
    3300   275.055   274.881 
    3310   274.970   274.883 
    3320   274.970   274.883 
    3330   274.972   274.883 
    3340   274.970   274.883 
    3350   274.969   274.919 
    3360   274.970   274.883 
    3370   274.970   274.883 
    3380   274.970   274.883 
    3390   274.971   274.882 
    3400   274.976   274.883 
    3410   274.970   274.883 
    3420   274.970   274.883 
    3430   274.970   274.884 
    3440   274.970   274.883 
    3450   275.159   274.893 
    3460   274.970   274.883 
    3470   274.970   274.883 
    3480   274.969   274.883 
    3490   274.970   274.883 
    3500   274.974   274.855 
    3510   274.970   274.883 
    3520   274.970   274.883 
    3530   274.968   274.889 
    3540   274.970   274.882 
    3550   274.972   274.883 
    3560   274.970   274.883 
    3570   274.970   274.883 
    3580   274.967   274.883 
    3590   274.970   274.883 
    3600   274.982   274.900 
    3610   274.969   274.882 
    3620   274.970   274.883 
    3630   274.969   274.883 
    3640   274.970   274.881 
    3650   274.989   274.884 
    3660   274.970   274.883 
    3670   274.970   274.883 
    3680   274.969   274.883 
    3690   274.970   274.883 
    3700   274.971   274.891 
    3710   274.970   274.883 
    3720   274.970   274.883 
    3730   274.969   274.885 
    3740   274.970   274.883 
    3750   274.968   274.882 
    3760   274.969   274.883 
    3770   274.970   274.883 
    3780   274.969   274.883 
    3790   274.970   274.883 
    3800   274.964   274.955 
    3810   274.970   274.882 
    3820   274.970   274.883 
    3830   274.969   274.885 
    3840   274.970   274.883 
    3850   274.982   274.890 
    3860   274.965   274.879 
    3870   274.970   274.883 
    3880   274.971   274.883 
    3890   274.970   274.883 
    3900   274.971   274.883 
    3910   274.970   274.883 
    3920   274.970   274.883 
    3930   274.968   274.882 
    3940   274.970   274.883 
    3950   274.969   274.880 
    3960   274.970   274.883 
    3970   274.970   274.883 
    3980   274.970   274.879 
    3990   274.970   274.882 
    4000   274.968   274.884 
    4010   274.970   274.884 
    4020   274.970   274.883 
    4030   274.971   274.877 
    4040   274.970   274.882 
    4050   274.971   274.882 
    4060   274.970   274.878 
    4070   274.970   274.883 
    4080   274.971   274.884 
    4090   274.970   274.883 
    4100   274.847   274.728 
    4110   274.969   274.882 
    4120   274.970   274.883 
    4130   274.970   274.883 
    4140   274.970   274.883 
    4150   274.969   274.878 
    4160   274.970   274.883 
    4170   274.970   274.883 
    4180   274.968   274.884 
    4190   274.970   274.883 
    4200   274.970   274.878 
    4210   274.970   274.883 
    4220   274.970   274.883 
    4230   274.964   274.870 
    4240   274.970   274.883 
    4250   274.904   274.889 
    4260   274.970   274.883 
    4270   274.970   274.883 
    4280   274.964   274.828 
    4290   274.970   274.883 
    4300   274.916   274.882 
    4310   274.970   274.883 
    4320   274.970   274.883 
    4330   274.970   274.883 
    4340   274.970   274.883 
    4350   274.970   274.893 
    4360   274.970   274.883 
    4370   274.970   274.883 
    4380   274.969   274.883 
    4390   274.970   274.883 
    4400   275.102   274.883 
    4410   274.970   274.883 
    4420   274.970   274.883 
    4430   274.969   274.883 
    4440   274.970   274.884 
    4450   274.969   274.877 
    4460   274.970   274.884 
    4470   274.970   274.883 
    4480   274.968   274.889 
    4490   274.970   274.883 
    4500   274.795   274.878 
    4510   274.970   274.883 
    4520   274.970   274.883 
    4530   274.965   274.883 
    4540   274.970   274.883 
    4550   274.970   274.881 
    4560   274.971   274.883 
    4570   274.970   274.883 
    4580   274.969   274.883 
    4590   274.970   274.883 
    4600   274.954   274.813 
    4610   274.971   274.883 
    4620   274.970   274.883 
    4630   274.969   274.883 
    4640   274.969   274.884 
    4650   274.965   274.874 
    4660   274.970   274.883 
    4670   274.970   274.883 
    4680   274.969   274.886 
    4690   274.970   274.884 
    4700   274.971   274.883 
    4710   274.970   274.883 
    4720   274.970   274.883 
    4730   274.972   274.884 
    4740   274.970   274.883 
    4750   274.970   274.884 
    4760   274.970   274.883 
    4770   274.970   274.883 
    4780   274.970   274.886 
    4790   274.970   274.883 
    4800   274.969   274.888 
    4810   274.970   274.883 
    4820   274.970   274.883 
    4830   274.960   274.901 
    4840   274.970   274.883 
    4850   274.982   274.885 
    4860   274.970   274.883 
    4870   274.970   274.883 
    4880   274.969   274.884 
    4890   274.970   274.883 
    4900   274.970   274.879 
    4910   274.970   274.883 
    4920   274.970   274.883 
    4930   274.967   274.883 
    4940   274.970   274.883 
    4950   274.969   274.883 
    4960   274.970   274.882 
    4970   274.970   274.883 
    4980   274.970   274.884 
    4990   274.970   274.883 
    5000   274.971   274.883 
    5010   274.970   274.883 
    5020   274.970   274.883 
    5030   404.858   339.978 
    5040   274.970   274.883 
    5050   275.008   274.858 
    5060   274.970   274.883 
    5070   274.970   274.883 
    5080   274.969   274.883 
    5090   274.969   274.885 
    5100   274.966   274.883 
    5110   274.970   274.883 
    5120   274.970   274.883 
    5130   274.969   274.884 
    5140   274.969   274.884 
    5150   274.964   274.899 
    5160   274.971   274.882 
    5170   274.970   274.883 
    5180   274.969   274.883 
    5190   274.970   274.883 
    5200   275.031   274.871 
    5210   274.970   274.883 
    5220   274.970   274.883 
    5230   274.969   274.883 
    5240   274.970   274.883 
    5250   274.974   274.967 
    5260   274.970   274.883 
    5270   274.970   274.883 
    5280   274.972   274.883 
    5290   274.969   274.884 
    5300   274.969   274.883 
    5310   274.970   274.883 
    5320   274.970   274.883 
    5330   274.969   274.883 
    5340   274.970   274.883 
    5350   274.979   274.861 
    5360   274.970   274.883 
    5370   274.970   274.883 
    5380   274.972   274.883 
    5390   274.970   274.883 
    5400   274.968   274.876 
    5410   274.970   274.883 
    5420   274.970   274.883 
    5430   274.970   274.883 
    5440   274.970   274.883 
    5450   275.109   274.878 
    5460   274.970   274.883 
    5470   274.970   274.883 
    5480   274.971   274.883 
    5490   274.970   274.883 
    5500   274.976   274.882 
    5510   274.970   274.883 
    5520   274.970   274.883 
    5530   274.970   274.883 
    5540   274.970   274.883 
    5550   274.967   274.883 
    5560   274.970   274.883 
    5570   274.970   274.883 
    5580   274.969   274.883 
    5590   274.970   274.883 
    5600   274.969   274.882 
    5610   274.970   274.880 
    5620   274.970   274.883 
    5630   274.970   274.882 
    5640   274.970   274.883 
    5650   274.971   274.885 
    5660   274.968   274.886 
    5670   274.970   274.883 
    5680   274.971   274.883 
    5690   274.970   274.883 
    5700   274.918   274.881 
    5710   274.970   274.884 
    5720   274.970   274.883 
    5730   274.966   274.878 
    5740   274.970   274.883 
    5750   274.946   274.886 
    5760   274.970   274.883 
    5770   274.970   274.883 
    5780   274.977   274.869 
    5790   274.970   274.883 
    5800   275.113   274.901 
    5810   274.970   274.888 
    5820   274.970   274.884 
    5830   274.969   274.883 
    5840   274.970   274.883 
    5850   274.967   274.883 
    5860   274.970   274.883 
    5870   274.970   274.883 
    5880   274.969   274.884 
    5890   274.970   274.883 
    5900   274.973   274.877 
    5910   274.970   274.883 
    5920   274.970   274.883 
    5930   274.970   274.877 
    5940   274.970   274.883 
    5950   274.818   274.880 
    5960   274.970   274.883 
    5970   274.970   274.883 
    5980   274.970   274.884 
    5990   274.970   274.883 
    6000   275.116   274.883 
    6010   274.970   274.883 
    6020   274.970   274.883 
    6030   274.967   274.874 
    6040   274.970   274.883 
    6050   274.963   274.883 
    6060   274.970   274.883 
    6070   274.970   274.883 
    6080   274.967   274.877 
    6090   274.970   274.883 
    6100   274.976   274.883 
    6110   274.970   274.883 
    6120   274.970   274.883 
    6130   274.969   274.883 
    6140   274.970   274.883 
    6150   274.953   274.875 
    6160   274.969   274.885 
    6170   274.970   274.883 
    6180   274.965   274.883 
    6190   274.970   274.883 
    6200   274.970   274.878 
    6210   274.970   274.883 
    6220   274.970   274.883 
    6230   274.976   274.877 
    6240   274.969   274.885 
    6250   274.976   274.883 
    6260   274.970   274.883 
    6270   274.970   274.883 
    6280   274.966   274.870 
    6290   274.970   274.883 
    6300   274.762   274.894 
    6310   274.970   274.883 
    6320   274.970   274.883 
    6330   274.972   274.883 
    6340   274.970   274.883 
    6350   274.967   274.884 
    6360   274.970   274.883 
    6370   274.970   274.883 
    6380   274.968   274.885 
    6390   274.970   274.883 
    6400   274.969   274.882 
    6410   274.970   274.883 
    6420   274.970   274.883 
    6430   274.969   274.883 
    6440   274.970   274.883 
    6450   274.918   274.885 
    6460   274.971   274.885 
    6470   274.970   274.883 
    6480   274.972   274.883 
    6490   274.970   274.883 
    6500   274.971   274.883 
    6510   274.970   274.883 
    6520   274.970   274.883 
    6530   274.969   274.884 
    6540   274.970   274.883 
    6550   274.969   274.884 
    6560   274.970   274.883 
    6570   274.970   274.883 
    6580   274.970   274.883 
    6590   274.971   274.883 
    6600   274.765   274.878 
    6610   274.970   274.883 
    6620   274.970   274.883 
    6630   274.970   274.883 
    6640   274.970   274.884 
    6650   275.016   274.987 
    6660   274.954   274.884 
    6670   274.970   274.883 
    6680   274.968   274.884 
    6690   274.970   274.883 
    6700   274.973   274.883 
    6710   274.970   274.883 
    6720   274.970   274.883 
    6730   274.970   274.884 
    6740   274.970   274.883 
    6750   274.974   274.890 
    6760   274.967   274.882 
    6770   274.970   274.883 
    6780   274.969   274.883 
    6790   274.970   274.883 
    6800   274.970   274.846 
    6810   274.970   274.883 
    6820   274.970   274.883 
    6830   274.969   274.887 
    6840   274.970   274.883 
    6850   275.185   274.884 
    6860   274.970   274.877 
    6870   274.970   274.883 
    6880   274.969   274.879 
    6890   274.970   274.883 
    6900   274.974   274.882 
    6910   274.970   274.883 
    6920   274.970   274.883 
    6930   274.974   274.880 
    6940   274.970   274.883 
    6950   274.889   274.863 
    6960   274.970   274.883 
    6970   274.970   274.883 
    6980   274.968   274.883 
    6990   274.970   274.884 
    7000   274.985   274.965 
    7010   274.970   274.883 
    7020   274.970   274.883 
    7030   274.969   274.883 
    7040   274.970   274.883 
    7050   274.971   275.010 
    7060   274.970   274.883 
    7070   274.970   274.883 
    7080   274.969   274.884 
    7090   274.970   274.883 
    7100   274.948   274.910 
    7110   274.972   274.883 
    7120   274.970   274.883 
    7130   274.969   274.883 
    7140   274.971   274.883 
    7150   275.106   274.885 
    7160   274.970   274.883 
    7170   274.970   274.883 
    7180   274.969   274.883 
    7190   274.970   274.883 
    7200   274.972   275.008 
    7210   274.971   274.883 
    7220   274.970   274.883 
    7230   274.969   274.883 
    7240   274.970   274.883 
    7250   274.960   274.907 
    7260   274.969   274.884 
    7270   274.970   274.883 
    7280   274.971   274.883 
    7290   274.970   274.883 
    7300   274.957   274.831 
    7310   274.969   274.885 
    7320   274.970   274.883 
    7330   274.971   274.883 
    7340   274.970   274.883 
    7350   274.987   274.895 
    7360   274.970   274.882 
    7370   274.970   274.883 
    7380   274.969   274.882 
    7390   274.970   274.883 
    7400   274.968   274.885 
    7410   274.970   274.883 
    7420   274.970   274.883 
    7430   274.969   274.883 
    7440   274.970   274.883 
    7450   274.966   274.881 
    7460   274.970   274.883 
    7470   274.970   274.883 
    7480   274.968   274.883 
    7490   274.970   274.883 
    7500   274.970   274.881 
    7510   274.970   274.883 
    7520   274.970   274.883 
    7530   274.969   274.882 
    7540   274.970   274.883 
    7550   275.016   274.888 
    7560   274.971   274.883 
    7570   274.970   274.883 
    7580   274.969   274.878 
    7590   274.970   274.883 
    7600   275.035   274.882 
    7610   274.968   274.885 
    7620   274.970   274.883 
    7630   274.969   274.883 
    7640   274.970   274.883 
    7650   274.964   274.838 
    7660   274.981   274.883 
    7670   274.966   274.883 
    7680   274.969   274.883 
    7690   274.970   274.883 
    7700   274.973   274.887 
    7710   274.970   274.883 
    7720   274.970   274.883 
    7730   274.968   274.880 
    7740   274.970   274.883 
    7750   274.973   274.886 
    7760   274.970   274.883 
    7770   274.970   274.883 
    7780   274.967   274.883 
    7790   274.970   274.883 
    7800   274.915   274.877 
    7810   274.970   274.883 
    7820   274.970   274.883 
    7830   274.969   274.882 
    7840   274.970   274.887 
    7850   274.969   274.881 
    7860   274.970   274.883 
    7870   274.970   274.883 
    7880   274.969   274.883 
    7890   274.971   274.883 
    7900   274.778   274.879 
    7910   274.970   274.883 
    7920   274.970   274.883 
    7930   274.970   274.883 
    7940   274.971   274.883 
    7950   274.951   274.882 
    7960   274.970   274.883 
    7970   274.970   274.883 
    7980   274.969   274.883 
    7990   274.970   274.883 
    8000   274.972   274.883 
    8010   274.971   274.883 
    8020   274.970   274.883 
    8030   274.969   274.883 
    8040   274.970   274.883 
    8050   274.972   274.879 
    8060   274.970   274.883 
    8070   274.970   274.883 
    8080   274.967   274.883 
    8090   274.970   274.883 
    8100   274.969   274.868 
    8110   274.971   274.883 
    8120   274.970   274.883 
    8130   274.968   274.883 
    8140   274.969   274.882 
    8150   274.963   274.883 
    8160   274.970   274.883 
    8170   274.970   274.883 
    8180   274.968   274.884 
    8190   274.970   274.883 
    8200   274.968   274.884 
    8210   274.970   274.882 
    8220   274.970   274.883 
    8230   274.969   274.883 
    8240   274.970   274.883 
    8250   274.969   274.922 
    8260   274.970   274.883 
    8270   274.970   274.883 
    8280   274.969   274.883 
    8290   274.970   274.884 
    8300   274.968   274.874 
    8310   274.970   274.883 
    8320   274.970   274.883 
    8330   274.971   274.883 
    8340   274.970   274.883 
    8350   274.971   274.882 
    8360   274.970   274.883 
    8370   274.970   274.883 
    8380   274.969   274.883 
    8390   274.970   274.883 
    8400   274.977   274.907 
    8410   274.976   274.883 
    8420   274.968   274.883 
    8430   274.970   274.883 
    8440   274.970   274.883 
    8450   275.030   274.964 
    8460   274.970   274.883 
    8470   274.970   274.883 
    8480   274.969   274.882 
    8490   274.970   274.883 
    8500   274.964   274.880 
    8510   274.976   274.883 
    8520   274.967   274.883 
    8530   274.969   274.881 
    8540   274.970   274.883 
    8550   274.586   274.879 
    8560   274.971   274.883 
    8570   274.970   274.883 
    8580   274.969   274.884 
    8590   274.970   274.883 
    8600   274.969   274.884 
    8610   274.969   274.883 
    8620   274.970   274.883 
    8630   274.969   274.883 
    8640   274.970   274.883 
    8650   274.969   274.909 
    8660   274.970   274.883 
    8670   274.970   274.883 
    8680   274.969   274.881 
    8690   274.970   274.883 
    8700   274.952   274.883 
    8710   274.970   274.883 
    8720   274.970   274.883 
    8730   274.969   274.884 
    8740   274.970   274.883 
    8750   274.983   274.924 
    8760   274.969   274.885 
    8770   274.970   274.883 
    8780   396.599   104.966 
    8790   274.970   274.883 
    8800   275.005   274.891 
    8810   274.970   274.883 
    8820   274.970   274.883 
    8830   274.970   274.888 
    8840   274.970   274.883 
    8850   274.916   274.884 
    8860   274.970   274.883 
    8870   274.970   274.883 
    8880   274.967   274.885 
    8890   274.970   274.883 
    8900   275.034   274.841 
    8910   274.970   274.883 
    8920   274.970   274.883 
    8930   274.969   274.884 
    8940   274.970   274.883 
    8950   274.951   274.883 
    8960   274.969   274.881 
    8970   274.971   274.883 
    8980   274.968   274.897 
    8990   274.970   274.883 
    9000   274.803   274.880 
    9010   274.970   274.883 
    9020   274.970   274.883 
    9030   274.970   274.883 
    9040   274.970   274.884 
    9050   274.970   274.887 
    9060   274.970   274.883 
    9070   274.970   274.883 
    9080   274.966   274.891 
    9090   274.970   274.883 
    9100   274.845   274.876 
    9110   274.970   274.883 
    9120   274.970   274.883 
    9130   274.968   274.883 
    9140   274.969   274.883 
    9150   275.156   274.855 
    9160   274.973   274.883 
    9170   274.970   274.883 
    9180   274.972   274.883 
    9190   274.970   274.883 
    9200   274.821   274.855 
    9210   274.970   274.883 
    9220   274.970   274.883 
    9230   274.976   274.896 
    9240   274.970   274.883 
    9250   274.926   274.889 
    9260   274.970   274.883 
    9270   274.970   274.883 
    9280   146.719    97.305 
    9290   274.970   274.883 
    9300   274.975   274.882 
    9310   274.970   274.883 
    9320   274.970   274.883 
    9330   274.969   274.884 
    9340   274.970   274.883 
    9350   274.971   274.880 
    9360   274.971   274.883 
    9370   274.970   274.883 
    9380   274.968   274.883 
    9390   274.970   274.883 
    9400   274.959   274.883 
    9410   274.970   274.883 
    9420   274.970   274.883 
    9430   274.966   274.883 
    9440   274.970   274.883 
    9450   274.965   274.892 
    9460   274.971   274.882 
    9470   274.970   274.883 
    9480   274.969   274.883 
    9490   274.970   274.883 
    9500   274.917   274.881 
    9510   274.970   274.883 
    9520   274.970   274.883 
    9530   274.970   274.884 
    9540   274.970   274.883 
    9550   275.006   274.890 
    9560   274.970   274.883 
    9570   274.970   274.883 
    9580   274.969   274.883 
    9590   274.970   274.883 
    9600   274.969   274.965 
    9610   274.970   274.883 
    9620   274.970   274.883 
    9630   274.972   274.886 
    9640   274.970   274.883 
    9650   274.937   274.889 
    9660   274.970   274.883 
    9670   274.970   274.883 
    9680   274.970   274.885 
    9690   274.970   274.883 
    9700   274.970   274.883 
    9710   274.970   274.889 
    9720   274.970   274.883 
    9730   274.970   274.884 
    9740   274.970   274.883 
    9750   274.977   274.902 
    9760   274.969   274.884 
    9770   274.970   274.883 
    9780   274.972   274.883 
    9790   274.970   274.883 
    9800   274.970   274.878 
    9810   274.969   274.883 
    9820   274.970   274.883 
    9830   274.970   274.885 
    9840   274.970   274.884 
    9850   274.975   274.883 
    9860   274.970   274.883 
    9870   274.970   274.883 
    9880   274.977   274.855 
    9890   274.970   274.883 
    9900   274.968   274.885 
    9910   274.970   274.884 
    9920   274.970   274.883 
    9930   274.965   274.867 
    9940   274.970   274.883 
    9950   275.130   274.873 
    9960   274.970   274.883 
    9970   274.970   274.883 
    9980   274.969   274.884 
    9990   274.970   274.883 
   10000   274.970   274.883 
