       0   274.970   274.883 
      10   279.947   280.208 
      20   279.956   279.742 
      30   280.061   279.770 
      40   279.911   279.782 
      50   279.881   279.789 
      60   279.954   279.816 
      70   279.958   279.845 
      80   279.962   279.830 
      90   279.962   279.834 
     100   279.960   279.846 
     110   279.958   279.874 
     120   279.960   279.864 
     130   279.960   279.856 
     140   279.959   279.869 
     150   279.969   279.867 
     160   279.967   279.863 
     170   279.960   279.865 
     180   279.961   279.863 
     190   279.959   279.866 
     200   279.973   279.864 
     210   279.960   279.876 
     220   279.960   279.867 
     230   279.956   279.870 
     240   279.960   279.869 
     250   279.959   279.867 
     260   279.960   279.866 
     270   279.961   279.870 
     280   279.958   279.874 
     290   279.961   279.872 
     300   279.964   279.871 
     310   279.961   279.871 
     320   279.961   279.873 
     330   279.961   279.871 
     340   279.960   279.870 
     350   279.862   279.873 
     360   279.960   279.873 
     370   279.961   279.873 
     380   279.959   279.874 
     390   279.960   279.873 
     400   279.963   279.878 
     410   279.960   279.872 
     420   279.961   279.874 
     430   279.960   279.874 
     440   279.961   279.874 
     450   279.959   279.877 
     460   279.966   279.874 
     470   279.960   279.875 
     480   279.960   279.874 
     490   279.961   279.874 
     500   279.960   279.860 
     510   279.962   279.875 
     520   279.960   279.876 
     530   279.960   279.875 
     540   279.960   279.875 
     550   279.940   279.881 
     560   279.960   279.875 
     570   279.960   279.874 
     580   279.959   279.878 
     590   279.961   279.875 
     600   279.961   279.875 
     610   279.960   279.875 
     620   279.960   279.875 
     630   279.944   279.870 
     640   279.960   279.875 
     650   280.106   279.800 
     660   279.960   279.875 
     670   279.960   279.875 
     680   279.960   279.875 
     690   279.960   279.875 
     700   279.960   279.872 
     710   279.960   279.876 
     720   279.960   279.876 
     730   279.959   279.875 
     740   279.960   279.875 
     750   279.954   279.873 
     760   279.960   279.875 
     770   279.960   279.875 
     780   279.960   279.885 
     790   279.960   279.876 
     800   279.680   279.877 
     810   279.960   279.875 
     820   279.960   279.876 
     830   279.960   279.876 
     840   279.960   279.876 
     850   279.969   279.890 
     860   279.960   279.875 
     870   279.960   279.875 
     880   279.959   279.876 
     890   279.960   279.876 
     900   279.966   279.875 
     910   279.960   279.875 
     920   279.964   279.875 
     930   279.959   279.878 
     940   279.960   279.876 
     950   279.959   279.876 
     960   279.960   279.876 
     970   279.960   279.876 
     980   279.961   279.875 
     990   279.960   279.876 
    1000   279.953   279.876 
    1010   279.960   279.876 
    1020   279.960   279.875 
    1030   279.958   279.882 
    1040   279.960   279.876 
    1050   280.094   279.883 
    1060   279.967   279.876 
    1070   279.965   279.875 
    1080   279.959   279.876 
    1090   279.960   279.876 
    1100   279.961   279.881 
    1110   279.960   279.875 
    1120   279.960   279.876 
    1130   279.955   279.867 
    1140   279.960   279.876 
    1150   280.300   279.840 
    1160   279.963   279.875 
    1170   279.961   279.876 
    1180   279.960   279.875 
    1190   279.960   279.876 
    1200   279.932   279.877 
    1210   279.960   279.876 
    1220   279.960   279.876 
    1230   279.960   279.878 
    1240   279.960   279.876 
    1250   280.050   279.877 
    1260   279.965   279.877 
    1270   279.960   279.876 
    1280   279.961   279.867 
    1290   279.960   279.876 
    1300   280.029   279.878 
    1310   279.960   279.876 
    1320   279.960   279.876 
    1330   279.960   279.885 
    1340   279.960   279.876 
    1350   279.872   279.881 
    1360   279.961   279.875 
    1370   279.960   279.876 
    1380   279.958   279.876 
    1390   279.960   279.876 
    1400   279.960   279.867 
    1410   279.960   279.876 
    1420   279.960   279.876 
    1430   279.959   279.875 
    1440   279.960   279.876 
    1450   279.946   279.872 
    1460   279.960   279.876 
    1470   279.960   279.876 
    1480   279.959   279.876 
    1490   279.960   279.876 
    1500   279.960   279.884 
    1510   279.960   279.876 
    1520   279.960   279.876 
    1530   279.961   279.875 
    1540   279.960   279.876 
    1550   279.962   279.872 
    1560   279.960   279.875 
    1570   279.960   279.876 
    1580   279.960   279.883 
    1590   279.960   279.876 
    1600   279.814   279.879 
    1610   279.963   279.878 
    1620   279.960   279.876 
    1630   279.959   279.876 
    1640   279.960   279.876 
    1650   279.960   279.870 
    1660   279.960   279.876 
    1670   279.960   279.876 
    1680   279.959   279.871 
    1690   279.960   279.876 
    1700   279.965   279.876 
    1710   279.960   279.876 
    1720   279.960   279.876 
    1730   279.958   279.873 
    1740   279.960   279.876 
    1750   279.919   279.828 
    1760   279.969   279.876 
    1770   279.953   279.876 
    1780   279.959   279.876 
    1790   279.960   279.876 
    1800   279.959   279.878 
    1810   279.960   279.873 
    1820   279.960   279.876 
    1830   279.958   279.876 
    1840   279.960   279.876 
    1850   279.959   279.811 
    1860   279.960   279.876 
    1870   279.960   279.876 
    1880   279.959   279.875 
    1890   279.960   279.876 
    1900   279.982   279.852 
    1910   279.959   279.878 
    1920   279.960   279.876 
    1930   279.955   279.876 
    1940   279.960   279.876 
    1950   279.961   279.876 
    1960   279.960   279.878 
    1970   279.960   279.876 
    1980   279.959   279.876 
    1990   279.960   279.876 
    2000   279.964   279.942 
    2010   279.960   279.876 
    2020   279.960   279.876 
    2030   279.959   279.876 
    2040   279.960   279.876 
    2050   279.960   279.846 
    2060   279.960   279.876 
    2070   279.960   279.876 
    2080   279.959   279.876 
    2090   279.960   279.876 
    2100   279.958   279.900 
    2110   279.961   279.876 
    2120   279.960   279.876 
    2130   279.962   279.876 
    2140   279.960   279.876 
    2150   279.959   279.874 
    2160   279.959   279.875 
    2170   279.960   279.876 
    2180   279.956   279.880 
    2190   279.960   279.876 
    2200   279.953   279.877 
    2210   279.960   279.876 
    2220   279.960   279.876 
    2230   279.958   279.879 
    2240   279.960   279.876 
    2250   279.901   279.874 
    2260   279.962   279.875 
    2270   279.960   279.876 
    2280   279.959   279.876 
    2290   279.960   279.876 
    2300   279.961   279.878 
    2310   279.960   279.877 
    2320   279.960   279.876 
    2330   279.958   279.876 
    2340   279.960   279.876 
    2350   279.960   279.868 
    2360   279.960   279.876 
    2370   279.960   279.876 
    2380   279.958   279.886 
    2390   279.960   279.876 
    2400   280.037   279.877 
    2410   279.960   279.876 
    2420   279.960   279.876 
    2430   279.959   279.877 
    2440   279.960   279.876 
    2450   279.959   279.897 
    2460   279.960   279.876 
    2470   279.960   279.876 
    2480   279.959   279.869 
    2490   279.960   279.877 
    2500   279.959   279.876 
    2510   279.960   279.876 
    2520   279.960   279.876 
    2530   279.960   279.876 
    2540   279.960   279.876 
    2550   279.963   279.833 
    2560   279.961   279.876 
    2570   279.960   279.876 
    2580   279.958   279.875 
    2590   279.960   279.876 
    2600   279.961   279.870 
    2610   279.961   279.876 
    2620   279.960   279.876 
    2630   279.959   279.876 
    2640   279.960   279.876 
    2650   280.033   279.865 
    2660   279.960   279.876 
    2670   279.960   279.876 
    2680   279.960   279.876 
    2690   279.960   279.876 
    2700   279.964   279.933 
    2710   279.960   279.876 
    2720   279.960   279.876 
    2730   279.962   279.876 
    2740   279.960   279.876 
    2750   279.961   279.894 
    2760   279.960   279.876 
    2770   279.960   279.876 
    2780   279.959   279.876 
    2790   279.960   279.876 
    2800   279.957   279.875 
    2810   279.960   279.876 
    2820   279.960   279.876 
    2830   279.958   279.879 
    2840   279.960   279.876 
    2850   279.960   279.870 
    2860   279.960   279.876 
    2870   279.960   279.876 
    2880   279.959   279.876 
    2890   279.960   279.877 
    2900   280.027   279.874 
    2910   279.961   279.875 
    2920   279.960   279.876 
    2930   279.957   279.877 
    2940   279.960   279.876 
    2950   279.958   279.884 
    2960   279.961   279.876 
    2970   279.960   279.876 
    2980   279.964   279.882 
    2990   279.960   279.876 
    3000   279.910   279.883 
    3010   279.960   279.876 
    3020   279.960   279.876 
    3030   279.957   279.878 
    3040   279.960   279.876 
    3050   280.015   279.890 
    3060   279.964   279.876 
    3070   279.959   279.876 
    3080   279.965   279.871 
    3090   279.960   279.876 
    3100   279.953   279.875 
    3110   279.960   279.876 
    3120   279.960   279.876 
    3130   279.959   279.876 
    3140   279.960   279.876 
    3150   279.962   279.864 
    3160   279.960   279.878 
    3170   279.960   279.876 
    3180   279.960   279.877 
    3190   279.960   279.876 
    3200   279.974   279.895 
    3210   279.963   279.875 
    3220   279.960   279.876 
    3230   279.958   279.875 
    3240   279.959   279.875 
    3250   279.924   279.866 
    3260   279.960   279.876 
    3270   279.960   279.876 
    3280   279.959   279.876 
    3290   279.960   279.876 
    3300   279.960   279.965 
    3310   279.960   279.876 
    3320   279.960   279.876 
    3330   279.960   279.877 
    3340   279.960   279.876 
    3350   279.968   279.877 
    3360   279.960   279.876 
    3370   279.960   279.876 
    3380   279.955   279.889 
    3390   279.960   279.875 
    3400   279.877   279.880 
    3410   279.960   279.877 
    3420   279.960   279.876 
    3430   279.959   279.876 
    3440   279.960   279.876 
    3450   279.954   279.878 
    3460   279.960   279.876 
    3470   279.960   279.876 
    3480   279.973   279.921 
    3490   279.960   279.876 
    3500   279.991   279.889 
    3510   279.960   279.876 
    3520   279.960   279.876 
    3530   279.960   279.870 
    3540   279.960   279.876 
    3550   279.976   279.877 
    3560   279.961   279.876 
    3570   279.960   279.876 
    3580   279.960   279.876 
    3590   279.960   279.876 
    3600   279.960   279.869 
    3610   279.960   279.876 
    3620   279.960   279.876 
    3630   279.959   279.875 
    3640   279.960   279.876 
    3650   280.007   279.871 
    3660   279.960   279.878 
    3670   279.960   279.876 
    3680   279.956   279.876 
    3690   279.960   279.876 
    3700   279.942   279.862 
    3710   279.961   279.876 
    3720   279.959   279.876 
    3730   279.960   279.876 
    3740   279.960   279.876 
    3750   279.961   279.829 
    3760   279.960   279.876 
    3770   279.960   279.876 
    3780   279.959   279.877 
    3790   279.959   279.875 
    3800   279.957   279.876 
    3810   279.960   279.876 
    3820   279.960   279.876 
    3830   279.959   279.876 
    3840   279.960   279.875 
    3850   279.957   279.891 
    3860   279.960   279.873 
    3870   279.960   279.876 
    3880   279.959   279.877 
    3890   279.960   279.876 
    3900   279.960   279.886 
    3910   279.958   279.874 
    3920   279.960   279.876 
    3930   279.959   279.876 
    3940   279.960   279.876 
    3950   279.964   279.868 
    3960   279.964   279.875 
    3970   279.960   279.876 
    3980   279.959   279.876 
    3990   279.960   279.876 
    4000   279.956   279.875 
    4010   279.960   279.876 
    4020   279.960   279.876 
    4030   279.960   279.874 
    4040   279.960   279.875 
    4050   279.959   279.876 
    4060   279.960   279.880 
    4070   279.960   279.875 
    4080   279.959   279.876 
    4090   279.960   279.876 
    4100   279.960   279.937 
    4110   279.960   279.876 
    4120   279.960   279.876 
    4130   279.960   279.877 
    4140   279.960   279.875 
    4150   279.961   279.875 
    4160   279.960   279.875 
    4170   279.960   279.876 
    4180   279.959   279.866 
    4190   279.960   279.876 
    4200   279.805   279.878 
    4210   279.960   279.876 
    4220   279.960   279.876 
    4230   279.962   279.876 
    4240   279.960   279.876 
    4250   279.962   279.887 
    4260   279.960   279.877 
    4270   279.959   279.875 
    4280   279.962   279.876 
    4290   279.960   279.876 
    4300   279.962   279.879 
    4310   279.960   279.876 
    4320   279.960   279.876 
    4330   279.959   279.868 
    4340   279.960   279.876 
    4350   279.959   279.874 
    4360   279.960   279.876 
    4370   279.960   279.876 
    4380   279.956   279.882 
    4390   279.960   279.876 
    4400   279.977   279.877 
    4410   279.960   279.876 
    4420   279.960   279.876 
    4430   279.958   279.877 
    4440   279.960   279.876 
    4450   279.946   279.881 
    4460   279.960   279.876 
    4470   279.960   279.876 
    4480   279.959   279.876 
    4490   279.960   279.876 
    4500   279.924   279.883 
    4510   279.959   279.878 
    4520   279.960   279.876 
    4530   279.960   279.876 
    4540   279.960   279.876 
    4550   279.958   279.839 
    4560   279.973   279.876 
    4570   279.953   279.876 
    4580   279.959   279.876 
    4590   279.960   279.876 
    4600   279.950   279.877 
    4610   279.960   279.876 
    4620   279.960   279.876 
    4630   279.959   279.874 
    4640   279.960   279.876 
    4650   279.961   279.874 
    4660   279.968   279.876 
    4670   279.960   279.875 
    4680   279.958   279.876 
    4690   279.960   279.876 
    4700   279.965   279.877 
    4710   279.960   279.876 
    4720   279.960   279.876 
    4730   279.959   279.874 
    4740   279.960   279.875 
    4750   279.959   279.874 
    4760   279.973   279.876 
    4770   279.958   279.876 
    4780   279.959   279.874 
    4790   279.960   279.876 
    4800   279.969   279.874 
    4810   279.960   279.876 
    4820   279.960   279.876 
    4830   279.959   279.876 
    4840   279.960   279.876 
    4850   279.960   279.935 
    4860   279.962   279.876 
    4870   279.960   279.876 
    4880   279.959   279.876 
    4890   279.960   279.876 
    4900   280.017   279.875 
    4910   279.963   279.876 
    4920   279.960   279.876 
    4930   279.959   279.876 
    4940   279.960   279.876 
    4950   279.961   279.883 
    4960   279.960   279.876 
    4970   279.960   279.876 
    4980   279.959   279.879 
    4990   279.960   279.876 
    5000   279.959   279.874 
    5010   279.961   279.876 
    5020   279.960   279.876 
    5030   279.960   279.876 
    5040   279.960   279.876 
    5050   279.962   279.878 
    5060   279.961   279.876 
    5070   279.960   279.876 
    5080   279.959   279.879 
    5090   279.960   279.876 
    5100   279.774   279.879 
    5110   279.960   279.876 
    5120   279.960   279.876 
    5130   279.959   279.876 
    5140   279.960   279.876 
    5150   279.967   279.918 
    5160   279.960   279.876 
    5170   279.960   279.876 
    5180   279.959   279.877 
    5190   279.960   279.876 
    5200   279.961   279.875 
    5210   279.961   279.875 
    5220   279.960   279.876 
    5230   279.958   279.876 
    5240   279.960   279.876 
    5250   279.960   279.871 
    5260   279.960   279.876 
    5270   279.960   279.876 
    5280   279.958   279.867 
    5290   279.960   279.877 
    5300   279.961   279.876 
    5310   279.960   279.876 
    5320   279.960   279.876 
    5330   279.957   279.874 
    5340   279.960   279.876 
    5350   280.012   279.907 
    5360   279.960   279.875 
    5370   279.960   279.876 
    5380   279.959   279.876 
    5390   279.960   279.876 
    5400   279.965   279.879 
    5410   279.960   279.876 
    5420   279.960   279.876 
    5430   279.959   279.871 
    5440   279.960   279.876 
    5450   279.808   279.879 
    5460   279.961   279.877 
    5470   279.960   279.876 
    5480   279.959   279.876 
    5490   279.960   279.876 
    5500   279.958   279.878 
    5510   279.960   279.875 
    5520   279.960   279.876 
    5530   279.962   279.876 
    5540   279.960   279.876 
    5550   279.964   279.907 
    5560   279.960   279.876 
    5570   279.960   279.876 
    5580   279.957   279.875 
    5590   279.960   279.876 
    5600   280.073   279.976 
    5610   279.959   279.876 
    5620   279.961   279.876 
    5630   279.959   279.876 
    5640   279.960   279.876 
    5650   279.959   279.788 
    5660   279.960   279.876 
    5670   279.960   279.876 
    5680   279.960   279.876 
    5690   279.960   279.876 
    5700   279.979   279.876 
    5710   279.961   279.876 
    5720   279.960   279.876 
    5730   279.961   279.876 
    5740   279.960   279.876 
    5750   279.961   279.848 
    5760   279.961   279.876 
    5770   279.960   279.876 
    5780   279.956   279.876 
    5790   279.960   279.876 
    5800   279.959   279.877 
    5810   279.971   279.876 
    5820   279.959   279.877 
    5830   279.960   279.880 
    5840   279.960   279.876 
    5850   279.901   279.876 
    5860   279.960   279.876 
    5870   279.960   279.876 
    5880   279.957   279.876 
    5890   279.960   279.876 
    5900   279.957   279.868 
    5910   279.961   279.876 
    5920   279.960   279.876 
    5930   279.959   279.877 
    5940   279.960   279.876 
    5950   279.962   279.874 
    5960   279.959   279.876 
    5970   279.960   279.876 
    5980   279.961   279.883 
    5990   279.960   279.877 
    6000   279.869   279.876 
    6010   279.960   279.875 
    6020   279.960   279.876 
    6030   279.961   279.875 
    6040   279.960   279.876 
    6050   279.962   279.875 
    6060   279.960   279.876 
    6070   279.960   279.876 
    6080   279.962   279.876 
    6090   279.960   279.876 
    6100   280.107   279.919 
    6110   279.972   279.876 
    6120   279.960   279.876 
    6130   279.956   279.876 
    6140   279.960   279.876 
    6150   279.959   279.877 
    6160   279.960   279.889 
    6170   279.960   279.873 
    6180   279.960   279.877 
    6190   279.960   279.876 
    6200   279.960   279.876 
    6210   279.961   279.877 
    6220   279.960   279.876 
    6230   279.959   279.876 
    6240   279.960   279.876 
    6250   279.959   279.909 
    6260   279.960   279.876 
    6270   279.960   279.876 
    6280   279.959   279.876 
    6290   279.960   279.876 
    6300   279.959   279.859 
    6310   279.962   279.877 
    6320   279.960   279.876 
    6330   279.959   279.876 
    6340   279.960   279.876 
    6350   279.978   279.875 
    6360   279.960   279.876 
    6370   279.960   279.876 
    6380   279.961   279.871 
    6390   279.960   279.876 
    6400   279.966   279.876 
    6410   279.960   279.876 
    6420   279.960   279.876 
    6430   279.958   279.878 
    6440   279.960   279.876 
    6450   279.955   279.876 
    6460   279.970   279.876 
    6470   279.956   279.875 
    6480   279.959   279.876 
    6490   279.960   279.876 
    6500   279.960   279.905 
    6510   279.960   279.876 
    6520   279.960   279.876 
    6530   279.959   279.876 
    6540   279.959   279.875 
    6550   279.957   279.876 
    6560   279.960   279.876 
    6570   279.960   279.876 
    6580   279.959   279.874 
    6590   279.960   279.876 
    6600   280.038   279.955 
    6610   279.968   279.876 
    6620   279.967   279.876 
    6630   279.959   279.876 
    6640   279.960   279.876 
    6650   279.965   279.941 
    6660   279.961   279.876 
    6670   279.960   279.876 
    6680   279.959   279.877 
    6690   279.960   279.876 
    6700   279.914   279.874 
    6710   279.961   279.875 
    6720   279.960   279.876 
    6730   279.959   279.870 
    6740   279.960   279.876 
    6750   279.967   279.878 
    6760   279.960   279.875 
    6770   279.960   279.876 
    6780   279.957   279.876 
    6790   279.960   279.876 
    6800   279.960   279.864 
    6810   279.960   279.876 
    6820   279.960   279.876 
    6830   279.959   279.874 
    6840   279.960   279.876 
    6850   279.903   279.842 
    6860   279.964   279.875 
    6870   279.955   279.876 
    6880   279.959   279.875 
    6890   279.960   279.876 
    6900   279.966   279.956 
    6910   279.960   279.876 
    6920   279.960   279.876 
    6930   279.959   279.876 
    6940   279.960   279.876 
    6950   279.953   279.871 
    6960   279.960   279.876 
    6970   279.960   279.876 
    6980   279.959   279.880 
    6990   279.960   279.876 
    7000   280.053   279.875 
    7010   279.963   279.876 
    7020   279.960   279.876 
    7030   279.959   279.875 
    7040   279.960   279.876 
    7050   279.963   279.794 
    7060   279.960   279.876 
    7070   279.960   279.876 
    7080   279.960   279.876 
    7090   279.961   279.875 
    7100   279.959   279.884 
    7110   279.960   279.876 
    7120   279.960   279.876 
    7130   279.960   279.876 
    7140   279.960   279.881 
    7150   279.961   279.877 
    7160   279.960   279.885 
    7170   279.960   279.876 
    7180   279.960   279.877 
    7190   279.960   279.876 
    7200   279.969   279.874 
    7210   279.960   279.876 
    7220   279.960   279.876 
    7230   279.959   279.876 
    7240   279.960   279.876 
    7250   279.960   279.880 
    7260   279.960   279.876 
    7270   279.960   279.876 
    7280   279.959   279.876 
    7290   279.960   279.876 
    7300   279.969   279.809 
    7310   279.959   279.875 
    7320   279.960   279.876 
    7330   279.958   279.876 
    7340   279.960   279.876 
    7350   279.962   279.938 
    7360   279.961   279.876 
    7370   279.960   279.876 
    7380   279.958   279.876 
    7390   279.960   279.876 
    7400   279.960   279.881 
    7410   279.960   279.876 
    7420   279.960   279.876 
    7430   279.962   279.876 
    7440   279.960   279.876 
    7450   279.960   279.871 
    7460   279.960   279.875 
    7470   279.960   279.876 
    7480   279.963   279.903 
    7490   279.959   279.876 
    7500   279.958   279.876 
    7510   279.960   279.876 
    7520   279.960   279.876 
    7530   279.961   279.877 
    7540   279.960   279.876 
    7550   279.948   279.880 
    7560   279.959   279.874 
    7570   279.960   279.876 
    7580   279.959   279.876 
    7590   279.960   279.876 
    7600   279.960   279.881 
    7610   279.960   279.876 
    7620   279.960   279.876 
    7630   279.960   279.879 
    7640   279.960   279.876 
    7650   279.960   279.867 
    7660   279.960   279.876 
    7670   279.960   279.876 
    7680   279.957   279.886 
    7690   279.960   279.876 
    7700   280.166   279.884 
    7710   279.960   279.876 
    7720   279.960   279.876 
    7730   279.959   279.876 
    7740   279.960   279.876 
    7750   279.961   279.808 
    7760   279.960   279.876 
    7770   279.960   279.876 
    7780   279.958   279.876 
    7790   279.960   279.876 
    7800   279.954   279.925 
    7810   279.966   279.876 
    7820   279.960   279.876 
    7830   279.959   279.875 
    7840   279.960   279.876 
    7850   279.955   279.861 
    7860   279.962   279.876 
    7870   279.960   279.876 
    7880   279.959   279.876 
    7890   279.960   279.875 
    7900   279.960   279.885 
    7910   279.960   279.876 
    7920   279.960   279.876 
    7930   279.958   279.871 
    7940   279.960   279.876 
    7950   279.899   279.887 
    7960   279.958   279.873 
    7970   279.960   279.876 
    7980   279.959   279.881 
    7990   279.960   279.876 
    8000   280.029   279.877 
    8010   279.960   279.876 
    8020   279.960   279.876 
    8030   279.964   279.866 
    8040   279.960   279.875 
    8050   279.956   279.876 
    8060   279.960   279.876 
    8070   279.960   279.876 
    8080   279.961   279.877 
    8090   279.960   279.876 
    8100   279.999   279.865 
    8110   279.956   279.873 
    8120   279.960   279.876 
    8130   279.959   279.868 
    8140   279.960   279.876 
    8150   279.987   279.876 
    8160   279.960   279.876 
    8170   279.960   279.876 
    8180   279.961   279.888 
    8190   279.960   279.874 
    8200   279.961   279.876 
    8210   279.960   279.876 
    8220   279.960   279.876 
    8230   279.959   279.876 
    8240   279.960   279.876 
    8250   279.961   279.899 
    8260   279.960   279.876 
    8270   279.960   279.876 
    8280   279.958   279.876 
    8290   279.960   279.876 
    8300   279.966   279.884 
    8310   279.960   279.876 
    8320   279.960   279.876 
    8330   279.958   279.869 
    8340   279.960   279.876 
    8350   279.940   279.875 
    8360   279.960   279.875 
    8370   279.960   279.875 
    8380   279.959   279.876 
    8390   279.960   279.876 
    8400   279.975   279.797 
    8410   279.959   279.876 
    8420   279.960   279.876 
    8430   279.959   279.868 
    8440   279.960   279.876 
    8450   280.044   279.876 
    8460   279.963   279.876 
    8470   279.960   279.876 
    8480   279.962   279.879 
    8490   279.961   279.875 
    8500   280.017   279.873 
    8510   279.960   279.876 
    8520   279.960   279.876 
    8530   279.963   279.878 
    8540   279.961   279.875 
    8550   280.002   279.872 
    8560   279.960   279.876 
    8570   279.960   279.876 
    8580   279.960   279.876 
    8590   279.960   279.876 
    8600   279.979   279.895 
    8610   279.961   279.875 
    8620   279.960   279.876 
    8630   428.547   384.759 
    8640   279.960   279.876 
    8650   279.961   279.877 
    8660   279.959   279.876 
    8670   279.960   279.876 
    8680   279.960   279.873 
    8690   279.960   279.875 
    8700   279.958   279.876 
    8710   279.960   279.876 
    8720   279.959   279.876 
    8730   279.960   279.884 
    8740   279.960   279.876 
    8750   279.862   279.877 
    8760   279.960   279.876 
    8770   279.960   279.876 
    8780   279.963   279.865 
    8790   279.960   279.875 
    8800   279.958   279.876 
    8810   279.960   279.872 
    8820   279.960   279.876 
    8830   279.958   279.876 
    8840   279.960   279.876 
    8850   279.959   279.886 
    8860   279.960   279.876 
    8870   279.960   279.876 
    8880   279.957   279.878 
    8890   279.960   279.876 
    8900   280.002   279.845 
    8910   279.958   279.875 
    8920   279.960   279.876 
    8930   279.961   279.876 
    8940   279.960   279.876 
    8950   279.960   279.970 
    8960   279.960   279.876 
    8970   279.960   279.876 
    8980   279.958   279.877 
    8990   279.960   279.876 
    9000   279.963   279.872 
    9010   279.960   279.879 
    9020   279.960   279.875 
    9030   279.959   279.876 
    9040   279.959   279.877 
    9050   279.973   279.876 
    9060   279.960   279.876 
    9070   279.960   279.876 
    9080   279.960   279.877 
    9090   279.960   279.876 
    9100   279.957   279.876 
    9110   279.960   279.876 
    9120   279.960   279.876 
    9130   279.953   279.887 
    9140   279.960   279.876 
    9150   279.954   279.875 
    9160   279.960   279.876 
    9170   279.960   279.876 
    9180   279.960   279.876 
    9190   279.960   279.875 
    9200   279.984   279.936 
    9210   279.961   279.876 
    9220   279.960   279.876 
    9230   279.962   279.880 
    9240   279.960   279.876 
    9250   279.959   279.877 
    9260   279.965   279.876 
    9270   279.960   279.876 
    9280   196.584   367.911 
    9290   279.960   279.876 
    9300   279.961   279.876 
    9310   279.960   279.883 
    9320   279.960   279.878 
    9330   279.959   279.876 
    9340   279.960   279.876 
    9350   279.960   279.924 
    9360   279.960   279.876 
    9370   279.960   279.876 
    9380   279.955   279.876 
    9390   279.960   279.876 
    9400   279.960   279.886 
    9410   279.960   279.876 
    9420   279.960   279.876 
    9430   279.956   279.875 
    9440   279.960   279.876 
    9450   279.997   279.868 
    9460   279.958   279.879 
    9470   279.962   279.876 
    9480   279.962   279.876 
    9490   279.960   279.876 
    9500   279.958   279.872 
    9510   279.960   279.876 
    9520   279.960   279.876 
    9530   279.960   279.875 
    9540   279.960   279.876 
    9550   279.962   279.876 
    9560   279.960   279.875 
    9570   279.960   279.876 
    9580   279.959   279.875 
    9590   279.960   279.876 
    9600   279.964   279.867 
    9610   279.963   279.875 
    9620   279.960   279.876 
    9630   279.959   279.876 
    9640   279.960   279.876 
    9650   279.960   279.840 
    9660   279.960   279.876 
    9670   279.960   279.876 
    9680   279.959   279.875 
    9690   279.960   279.876 
    9700   279.931   279.874 
    9710   279.961   279.875 
    9720   279.960   279.876 
    9730   279.960   279.876 
    9740   279.960   279.876 
    9750   279.985   280.214 
    9760   279.960   279.874 
    9770   279.960   279.876 
    9780   279.961   279.876 
    9790   279.960   279.876 
    9800   279.960   279.831 
    9810   279.960   279.876 
    9820   279.960   279.876 
    9830   279.959   279.876 
    9840   279.960   279.876 
    9850   279.960   279.807 
    9860   279.960   279.876 
    9870   279.960   279.876 
    9880   279.960   279.884 
    9890   279.960   279.876 
    9900   279.956   279.875 
    9910   279.960   279.876 
    9920   279.960   279.876 
    9930   279.961   279.867 
    9940   279.960   279.876 
    9950   279.977   279.876 
    9960   279.960   279.876 
    9970   279.960   279.876 
    9980   279.961   279.874 
    9990   279.960   279.876 
   10000   279.960   279.876 
