       0   264.992   264.900 
      10   271.082   270.092 
      20   269.989   269.768 
      30   270.066   269.790 
      40   269.944   269.801 
      50   269.902   269.809 
      60   269.974   269.830 
      70   269.978   269.857 
      80   269.993   269.837 
      90   269.974   269.878 
     100   269.883   269.916 
     110   269.978   269.870 
     120   270.031   269.894 
     130   269.978   269.878 
     140   269.980   269.868 
     150   269.978   269.875 
     160   269.979   269.875 
     170   269.979   269.866 
     180   269.976   269.876 
     190   269.978   269.875 
     200   269.991   269.885 
     210   269.980   269.877 
     220   269.979   269.877 
     230   269.980   269.885 
     240   269.979   269.897 
     250   269.975   269.857 
     260   269.980   269.883 
     270   269.982   269.891 
     280   269.977   269.883 
     290   269.974   269.880 
     300   269.985   269.883 
     310   269.980   269.880 
     320   269.979   269.879 
     330   269.978   269.881 
     340   269.979   269.883 
     350   270.058   269.868 
     360   269.980   269.881 
     370   269.980   269.881 
     380   269.977   269.883 
     390   269.980   269.885 
     400   269.979   269.903 
     410   269.980   269.887 
     420   269.979   269.885 
     430   269.978   269.885 
     440   269.980   269.885 
     450   269.978   269.887 
     460   269.988   269.885 
     470   269.978   269.885 
     480   269.981   269.888 
     490   269.983   269.894 
     500   269.985   269.854 
     510   269.979   269.888 
     520   269.979   269.884 
     530   269.978   269.887 
     540   269.980   269.882 
     550   269.979   269.885 
     560   269.979   269.891 
     570   269.983   269.889 
     580   269.979   269.888 
     590   269.980   269.887 
     600   269.969   269.897 
     610   269.979   269.889 
     620   269.980   269.909 
     630   269.979   269.888 
     640   269.980   269.888 
     650   269.979   269.894 
     660   269.980   269.889 
     670   269.980   269.892 
     680   269.979   269.889 
     690   269.980   269.889 
     700   269.980   269.886 
     710   269.980   269.890 
     720   269.981   269.888 
     730   269.980   269.884 
     740   269.979   269.889 
     750   269.999   269.850 
     760   269.981   269.894 
     770   269.980   269.891 
     780   269.980   269.889 
     790   269.983   269.890 
     800   270.028   269.894 
     810   269.980   269.889 
     820   269.980   269.890 
     830   269.979   269.890 
     840   269.980   269.876 
     850   269.984   269.887 
     860   269.980   269.911 
     870   269.980   269.888 
     880   269.979   269.890 
     890   269.980   269.890 
     900   269.982   269.888 
     910   269.980   269.889 
     920   269.980   269.892 
     930   269.977   269.890 
     940   269.981   269.891 
     950   269.981   269.895 
     960   269.980   269.894 
     970   269.980   269.888 
     980   269.980   269.890 
     990   269.981   269.889 
    1000   269.960   269.892 
    1010   269.980   269.897 
    1020   269.979   269.891 
    1030   269.975   269.883 
    1040   269.983   269.891 
    1050   269.929   269.897 
    1060   269.981   269.893 
    1070   269.980   269.891 
    1080   269.981   269.892 
    1090   269.980   269.874 
    1100   269.997   269.891 
    1110   269.981   269.892 
    1120   269.981   269.931 
    1130   269.980   269.891 
    1140   269.980   269.893 
    1150   269.977   269.902 
    1160   269.981   269.893 
    1170   269.980   269.893 
    1180   269.980   269.893 
    1190   269.976   269.894 
    1200   269.987   269.893 
    1210   269.981   269.895 
    1220   269.981   269.893 
    1230   269.980   269.895 
    1240   269.979   269.893 
    1250   270.039   269.892 
    1260   269.982   269.893 
    1270   269.980   269.893 
    1280   269.982   269.873 
    1290   269.981   269.893 
    1300   269.979   269.893 
    1310   269.981   269.893 
    1320   269.981   269.893 
    1330   269.980   269.894 
    1340   269.981   269.893 
    1350   269.980   269.904 
    1360   269.982   269.894 
    1370   269.981   269.894 
    1380   269.982   269.894 
    1390   269.981   269.893 
    1400   269.981   269.889 
    1410   269.981   269.882 
    1420   269.981   269.892 
    1430   269.977   269.897 
    1440   269.981   269.893 
    1450   269.974   269.892 
    1460   269.981   269.890 
    1470   269.981   269.891 
    1480   269.980   269.894 
    1490   269.981   269.894 
    1500   269.981   269.898 
    1510   269.981   269.893 
    1520   269.981   269.896 
    1530   269.981   269.899 
    1540   269.981   269.894 
    1550   269.981   269.893 
    1560   269.982   269.894 
    1570   269.981   269.894 
    1580   269.980   269.894 
    1590   269.983   269.894 
    1600   269.978   269.894 
    1610   269.981   269.893 
    1620   269.982   269.906 
    1630   269.980   269.894 
    1640   269.975   269.896 
    1650   269.975   269.886 
    1660   269.981   269.894 
    1670   269.981   269.893 
    1680   269.981   269.891 
    1690   269.981   269.894 
    1700   269.984   269.894 
    1710   269.982   269.894 
    1720   269.981   269.894 
    1730   269.981   269.899 
    1740   269.981   269.892 
    1750   269.976   269.894 
    1760   269.981   269.894 
    1770   269.980   269.895 
    1780   269.989   269.894 
    1790   269.982   269.894 
    1800   269.981   269.887 
    1810   269.982   269.894 
    1820   269.981   269.894 
    1830   269.977   269.904 
    1840   269.981   269.894 
    1850   269.797   269.875 
    1860   269.982   269.894 
    1870   269.982   269.894 
    1880   269.981   269.894 
    1890   269.981   269.898 
    1900   269.903   269.893 
    1910   269.981   269.894 
    1920   269.981   269.894 
    1930   269.981   269.893 
    1940   270.005   269.892 
    1950   269.938   269.913 
    1960   269.981   269.894 
    1970   269.981   269.894 
    1980   269.980   269.894 
    1990   269.980   269.895 
    2000   269.819   269.897 
    2010   269.981   269.894 
    2020   269.981   269.898 
    2030   269.981   269.895 
    2040   269.983   269.894 
    2050   269.990   269.895 
    2060   269.981   269.895 
    2070   269.981   269.894 
    2080   269.981   269.888 
    2090   269.981   269.895 
    2100   269.983   269.894 
    2110   269.981   269.894 
    2120   269.982   269.894 
    2130   269.981   269.895 
    2140   269.981   269.894 
    2150   269.984   269.896 
    2160   269.984   269.895 
    2170   269.981   269.895 
    2180   269.979   269.894 
    2190   269.982   269.895 
    2200   269.976   269.891 
    2210   269.985   269.895 
    2220   269.982   269.895 
    2230   269.980   269.895 
    2240   269.981   269.894 
    2250   270.014   270.018 
    2260   269.981   269.893 
    2270   269.981   269.894 
    2280   269.981   269.895 
    2290   269.981   269.894 
    2300   269.982   269.904 
    2310   269.982   269.894 
    2320   269.981   269.894 
    2330   269.976   269.895 
    2340   269.981   269.894 
    2350   269.969   269.960 
    2360   269.981   269.895 
    2370   269.981   269.895 
    2380   269.979   269.894 
    2390   269.981   269.894 
    2400   269.982   269.890 
    2410   269.982   269.895 
    2420   269.981   269.894 
    2430   269.980   269.894 
    2440   269.980   269.895 
    2450   269.945   269.896 
    2460   269.981   269.894 
    2470   269.981   269.893 
    2480   269.981   269.893 
    2490   269.981   269.894 
    2500   269.982   269.893 
    2510   269.982   269.895 
    2520   269.982   269.895 
    2530   269.981   269.894 
    2540   269.981   269.895 
    2550   269.985   269.894 
    2560   269.982   269.892 
    2570   269.981   269.894 
    2580   269.982   269.895 
    2590   269.981   269.895 
    2600   269.975   269.895 
    2610   269.982   269.895 
    2620   269.982   269.895 
    2630   269.977   269.895 
    2640   269.981   269.895 
    2650   269.984   269.893 
    2660   269.983   269.895 
    2670   269.981   269.895 
    2680   269.988   269.894 
    2690   269.981   269.894 
    2700   269.752   269.884 
    2710   269.982   269.894 
    2720   269.981   269.895 
    2730   269.980   269.895 
    2740   269.982   269.893 
    2750   269.984   269.897 
    2760   269.982   269.894 
    2770   269.981   269.895 
    2780   269.984   269.895 
    2790   269.981   269.895 
    2800   269.981   269.963 
    2810   269.981   269.894 
    2820   269.981   269.895 
    2830   269.982   269.895 
    2840   269.982   269.895 
    2850   269.981   269.887 
    2860   269.981   269.895 
    2870   269.982   269.894 
    2880   269.981   269.899 
    2890   269.981   269.895 
    2900   270.075   269.894 
    2910   269.985   269.895 
    2920   269.979   269.894 
    2930   269.983   269.893 
    2940   269.981   269.895 
    2950   269.981   269.894 
    2960   269.981   269.895 
    2970   269.982   269.895 
    2980   269.980   269.893 
    2990   269.981   269.895 
    3000   269.989   269.907 
    3010   269.981   269.895 
    3020   269.982   269.895 
    3030   269.983   269.895 
    3040   269.981   269.895 
    3050   269.984   269.903 
    3060   269.983   269.895 
    3070   269.982   269.895 
    3080   269.984   269.880 
    3090   269.982   269.895 
    3100   270.051   269.899 
    3110   269.982   269.895 
    3120   269.981   269.893 
    3130   269.976   269.908 
    3140   269.982   269.895 
    3150   270.113   269.907 
    3160   269.982   269.895 
    3170   269.982   269.895 
    3180   269.979   269.894 
    3190   269.977   269.892 
    3200   269.954   269.894 
    3210   269.982   269.893 
    3220   269.982   269.895 
    3230   269.977   269.895 
    3240   269.982   269.895 
    3250   269.981   269.894 
    3260   269.982   269.895 
    3270   269.982   269.895 
    3280   269.977   269.895 
    3290   269.982   269.895 
    3300   270.006   269.891 
    3310   269.982   269.895 
    3320   269.981   269.895 
    3330   269.972   269.885 
    3340   269.983   269.894 
    3350   270.154   269.880 
    3360   269.982   269.895 
    3370   269.982   269.895 
    3380   269.981   269.890 
    3390   269.981   269.897 
    3400   269.982   269.895 
    3410   269.982   269.895 
    3420   269.982   269.895 
    3430   269.983   269.895 
    3440   269.982   269.894 
    3450   269.967   269.884 
    3460   269.982   269.895 
    3470   269.981   269.896 
    3480   269.981   269.893 
    3490   269.982   269.895 
    3500   270.003   269.901 
    3510   269.982   269.895 
    3520   269.982   269.895 
    3530   269.981   269.895 
    3540   269.982   269.895 
    3550   269.977   269.896 
    3560   269.994   269.895 
    3570   269.977   269.895 
    3580   269.981   269.894 
    3590   269.982   269.895 
    3600   269.986   269.896 
    3610   269.981   269.894 
    3620   269.982   269.895 
    3630   269.981   269.897 
    3640   269.982   269.895 
    3650   270.016   269.894 
    3660   269.984   269.895 
    3670   269.981   269.895 
    3680   269.981   269.895 
    3690   269.981   269.895 
    3700   269.948   269.896 
    3710   269.984   269.895 
    3720   269.982   269.895 
    3730   269.981   269.895 
    3740   269.981   269.895 
    3750   269.946   269.899 
    3760   269.987   269.895 
    3770   269.982   269.895 
    3780   269.983   269.895 
    3790   269.982   269.895 
    3800   270.006   269.893 
    3810   269.982   269.895 
    3820   269.982   269.894 
    3830   269.981   269.895 
    3840   269.982   269.895 
    3850   270.240   269.896 
    3860   269.982   269.895 
    3870   269.982   269.895 
    3880   269.982   269.893 
    3890   269.982   269.895 
    3900   269.981   269.896 
    3910   269.981   269.892 
    3920   269.982   269.895 
    3930   269.979   269.895 
    3940   269.982   269.895 
    3950   269.980   269.903 
    3960   269.984   269.896 
    3970   269.981   269.894 
    3980   269.980   269.895 
    3990   269.982   269.895 
    4000   269.981   269.895 
    4010   269.986   269.895 
    4020   269.982   269.895 
    4030   269.984   269.895 
    4040   269.981   269.894 
    4050   269.947   269.797 
    4060   269.982   269.895 
    4070   269.982   269.895 
    4080   269.987   269.921 
    4090   269.981   269.895 
    4100   269.987   269.894 
    4110   269.982   269.895 
    4120   269.982   269.896 
    4130   269.980   269.894 
    4140   269.980   269.896 
    4150   269.975   269.894 
    4160   269.982   269.895 
    4170   269.982   269.895 
    4180   269.981   269.889 
    4190   269.982   269.895 
    4200   269.976   269.897 
    4210   269.986   269.895 
    4220   269.982   269.895 
    4230   269.982   269.895 
    4240   269.982   269.895 
    4250   269.982   269.898 
    4260   269.982   269.901 
    4270   269.982   269.895 
    4280   269.980   269.895 
    4290   269.981   269.895 
    4300   269.983   269.895 
    4310   269.982   269.895 
    4320   269.982   269.895 
    4330   269.980   269.896 
    4340   269.982   269.895 
    4350   270.014   269.908 
    4360   269.982   269.895 
    4370   269.982   269.895 
    4380   269.981   269.904 
    4390   269.982   269.896 
    4400   269.982   269.895 
    4410   269.982   269.895 
    4420   269.982   269.895 
    4430   269.981   269.896 
    4440   269.982   269.895 
    4450   269.981   269.896 
    4460   269.983   269.894 
    4470   269.982   269.895 
    4480   269.981   269.894 
    4490   269.982   269.895 
    4500   269.966   269.820 
    4510   269.981   269.894 
    4520   269.982   269.895 
    4530   269.981   269.895 
    4540   269.981   269.895 
    4550   270.084   269.896 
    4560   269.982   269.896 
    4570   269.982   269.895 
    4580   269.983   269.895 
    4590   269.982   269.895 
    4600   269.977   269.913 
    4610   269.981   269.895 
    4620   269.982   269.895 
    4630   269.984   269.895 
    4640   269.982   269.895 
    4650   269.972   269.891 
    4660   269.982   269.895 
    4670   269.982   269.895 
    4680   269.981   269.898 
    4690   269.982   269.895 
    4700   269.989   269.897 
    4710   269.982   269.895 
    4720   269.982   269.895 
    4730   269.981   269.895 
    4740   269.982   269.895 
    4750   269.983   269.838 
    4760   269.982   269.895 
    4770   269.982   269.895 
    4780   269.980   269.895 
    4790   269.982   269.895 
    4800   269.980   269.928 
    4810   269.982   269.895 
    4820   269.982   269.895 
    4830   269.981   269.889 
    4840   269.982   269.895 
    4850   269.979   269.895 
    4860   269.981   269.895 
    4870   269.982   269.895 
    4880   269.981   269.894 
    4890   269.982   269.895 
    4900   269.963   270.352 
    4910   269.982   269.895 
    4920   269.982   269.895 
    4930   177.594   446.829 
    4940   269.982   269.895 
    4950   269.986   269.889 
    4960   269.982   269.895 
    4970   269.982   269.895 
    4980   269.980   269.896 
    4990   269.982   269.895 
    5000   269.992   269.895 
    5010   269.982   269.895 
    5020   269.982   269.895 
    5030   269.983   269.896 
    5040   269.982   269.895 
    5050   270.088   269.955 
    5060   269.995   269.895 
    5070   269.981   269.895 
    5080   269.983   269.895 
    5090   269.982   269.895 
    5100   269.977   269.893 
    5110   269.982   269.895 
    5120   269.982   269.895 
    5130   269.982   269.898 
    5140   269.982   269.895 
    5150   269.980   269.897 
    5160   269.981   269.895 
    5170   269.982   269.895 
    5180   269.980   269.894 
    5190   269.982   269.895 
    5200   269.980   269.912 
    5210   269.994   269.894 
    5220   269.977   269.895 
    5230   269.981   269.891 
    5240   269.982   269.895 
    5250   269.828   269.894 
    5260   269.982   269.895 
    5270   269.982   269.895 
    5280   269.981   269.896 
    5290   269.982   269.895 
    5300   269.980   269.900 
    5310   269.982   269.884 
    5320   269.982   269.894 
    5330   269.981   269.896 
    5340   269.981   269.894 
    5350   269.984   269.896 
    5360   269.982   269.895 
    5370   269.982   269.895 
    5380   269.979   269.894 
    5390   269.982   269.895 
    5400   269.951   269.906 
    5410   269.983   269.893 
    5420   269.982   269.895 
    5430   269.981   269.895 
    5440   269.982   269.895 
    5450   269.983   269.893 
    5460   269.982   269.894 
    5470   269.982   269.894 
    5480   269.980   269.895 
    5490   269.982   269.895 
    5500   270.049   269.888 
    5510   269.983   269.895 
    5520   269.982   269.895 
    5530   269.981   269.894 
    5540   269.982   269.895 
    5550   269.978   269.889 
    5560   269.985   269.895 
    5570   269.981   269.895 
    5580   269.981   269.894 
    5590   269.982   269.895 
    5600   269.986   269.894 
    5610   269.988   269.895 
    5620   269.978   269.894 
    5630   269.981   269.895 
    5640   269.981   269.895 
    5650   270.153   269.895 
    5660   269.982   269.895 
    5670   269.982   269.895 
    5680   269.983   269.896 
    5690   269.982   269.895 
    5700   269.862   269.916 
    5710   269.982   269.895 
    5720   269.982   269.895 
    5730   269.981   269.900 
    5740   269.982   269.893 
    5750   269.984   269.895 
    5760   269.982   269.895 
    5770   269.982   269.895 
    5780   269.980   269.895 
    5790   269.982   269.895 
    5800   269.981   269.910 
    5810   269.982   269.895 
    5820   269.982   269.895 
    5830   269.980   269.893 
    5840   269.982   269.895 
    5850   269.981   269.896 
    5860   269.983   269.894 
    5870   269.982   269.895 
    5880   269.981   269.896 
    5890   269.982   269.895 
    5900   269.888   269.894 
    5910   269.982   269.898 
    5920   269.982   269.895 
    5930   269.981   269.895 
    5940   269.982   269.895 
    5950   270.058   269.896 
    5960   269.981   269.894 
    5970   269.982   269.895 
    5980   269.981   269.898 
    5990   269.982   269.895 
    6000   269.980   269.895 
    6010   269.981   269.895 
    6020   269.982   269.895 
    6030   269.981   269.899 
    6040   269.981   269.895 
    6050   269.863   269.897 
    6060   269.982   269.895 
    6070   269.982   269.895 
    6080   269.982   269.901 
    6090   269.982   269.895 
    6100   269.919   269.898 
    6110   269.982   269.895 
    6120   269.982   269.895 
    6130   269.997   269.909 
    6140   269.981   269.895 
    6150   270.142   269.845 
    6160   269.982   269.895 
    6170   269.982   269.895 
    6180   269.980   269.894 
    6190   269.982   269.895 
    6200   269.983   269.895 
    6210   269.982   269.895 
    6220   269.982   269.895 
    6230   269.978   269.898 
    6240   269.982   269.895 
    6250   269.997   269.897 
    6260   269.982   269.895 
    6270   269.981   269.895 
    6280   378.151   153.392 
    6290   269.982   269.895 
    6300   270.131   269.953 
    6310   269.982   269.894 
    6320   269.982   269.895 
    6330   269.982   269.896 
    6340   269.981   269.896 
    6350   269.928   269.894 
    6360   269.982   269.895 
    6370   269.982   269.895 
    6380   269.978   269.895 
    6390   269.982   269.895 
    6400   269.986   269.895 
    6410   269.982   269.895 
    6420   269.982   269.895 
    6430   269.988   269.895 
    6440   269.982   269.895 
    6450   270.031   269.997 
    6460   269.982   269.894 
    6470   269.982   269.895 
    6480   269.983   269.895 
    6490   269.982   269.895 
    6500   270.076   269.880 
    6510   269.982   269.895 
    6520   269.982   269.895 
    6530   269.981   269.895 
    6540   269.981   269.895 
    6550   269.891   269.880 
    6560   269.992   269.895 
    6570   269.978   269.895 
    6580   269.981   269.895 
    6590   269.981   269.895 
    6600   269.980   269.876 
    6610   269.982   269.895 
    6620   269.982   269.895 
    6630   269.981   269.891 
    6640   269.982   269.895 
    6650   269.877   269.896 
    6660   269.982   269.895 
    6670   269.982   269.895 
    6680   269.982   269.893 
    6690   269.982   269.895 
    6700   269.982   269.893 
    6710   269.982   269.895 
    6720   269.982   269.895 
    6730   269.983   269.894 
    6740   269.981   269.895 
    6750   270.054   269.898 
    6760   269.982   269.895 
    6770   269.982   269.895 
    6780   269.981   269.894 
    6790   269.981   269.895 
    6800   269.832   269.897 
    6810   269.982   269.895 
    6820   269.982   269.895 
    6830   269.981   269.889 
    6840   269.982   269.894 
    6850   269.885   269.894 
    6860   269.982   269.895 
    6870   269.982   269.895 
    6880   269.981   269.897 
    6890   269.981   269.894 
    6900   269.980   269.893 
    6910   269.982   269.895 
    6920   269.982   269.895 
    6930   269.982   269.903 
    6940   269.982   269.896 
    6950   269.979   269.895 
    6960   269.982   269.895 
    6970   269.982   269.895 
    6980   269.981   269.895 
    6990   269.982   269.895 
    7000   269.988   269.894 
    7010   269.982   269.895 
    7020   269.982   269.895 
    7030   269.990   269.903 
    7040   269.982   269.895 
    7050   269.845   269.928 
    7060   269.985   269.895 
    7070   269.981   269.895 
    7080   269.982   269.895 
    7090   269.982   269.895 
    7100   269.980   269.905 
    7110   269.982   269.895 
    7120   269.982   269.895 
    7130   269.977   269.909 
    7140   269.982   269.893 
    7150   269.979   269.897 
    7160   269.987   269.895 
    7170   269.980   269.895 
    7180   269.981   269.895 
    7190   269.982   269.895 
    7200   269.978   269.895 
    7210   269.982   269.895 
    7220   269.982   269.895 
    7230   269.981   269.894 
    7240   269.982   269.895 
    7250   269.983   269.895 
    7260   269.982   269.895 
    7270   269.982   269.895 
    7280   269.983   269.896 
    7290   269.982   269.895 
    7300   270.001   269.915 
    7310   269.983   269.895 
    7320   269.982   269.895 
    7330   269.981   269.895 
    7340   269.982   269.895 
    7350   270.140   269.894 
    7360   269.982   269.895 
    7370   269.982   269.895 
    7380   269.981   269.895 
    7390   269.982   269.895 
    7400   269.969   269.898 
    7410   269.982   269.895 
    7420   269.982   269.895 
    7430   269.980   269.897 
    7440   269.982   269.895 
    7450   269.981   269.890 
    7460   269.982   269.895 
    7470   269.982   269.895 
    7480   269.981   269.894 
    7490   269.982   269.895 
    7500   269.970   269.923 
    7510   269.982   269.897 
    7520   269.982   269.895 
    7530   269.981   269.895 
    7540   269.982   269.895 
    7550   269.957   269.900 
    7560   269.982   269.895 
    7570   269.982   269.895 
    7580   144.309   336.731 
    7590   269.982   269.895 
    7600   269.955   269.849 
    7610   269.981   269.894 
    7620   269.982   269.895 
    7630   269.977   269.895 
    7640   269.982   269.895 
    7650   269.987   269.892 
    7660   269.982   269.895 
    7670   269.982   269.895 
    7680   269.982   269.896 
    7690   269.982   269.895 
    7700   269.992   269.898 
    7710   269.982   269.895 
    7720   269.982   269.895 
    7730   269.984   269.900 
    7740   269.982   269.895 
    7750   269.988   269.894 
    7760   269.982   269.895 
    7770   269.982   269.895 
    7780   269.972   269.909 
    7790   269.981   269.895 
    7800   270.099   269.915 
    7810   269.982   269.895 
    7820   269.982   269.895 
    7830   269.983   269.877 
    7840   269.981   269.893 
    7850   269.943   269.894 
    7860   269.982   269.895 
    7870   269.982   269.895 
    7880   269.981   269.896 
    7890   269.982   269.895 
    7900   269.926   269.889 
    7910   269.982   269.894 
    7920   269.982   269.895 
    7930   269.975   269.894 
    7940   269.982   269.895 
    7950   269.954   269.918 
    7960   269.985   269.894 
    7970   269.981   269.895 
    7980   269.983   269.895 
    7990   269.982   269.895 
    8000   269.887   269.885 
    8010   269.982   269.895 
    8020   269.982   269.895 
    8030   269.983   269.894 
    8040   269.982   269.895 
    8050   269.981   269.878 
    8060   269.983   269.895 
    8070   269.982   269.895 
    8080   269.981   269.895 
    8090   269.982   269.895 
    8100   269.981   269.893 
    8110   269.982   269.895 
    8120   269.982   269.895 
    8130   269.981   269.890 
    8140   269.982   269.895 
    8150   269.975   269.895 
    8160   269.982   269.895 
    8170   269.982   269.895 
    8180   269.981   269.895 
    8190   269.982   269.895 
    8200   269.946   269.916 
    8210   269.977   269.891 
    8220   269.982   269.895 
    8230   269.981   269.895 
    8240   269.982   269.895 
    8250   269.984   269.884 
    8260   269.982   269.895 
    8270   269.982   269.895 
    8280   269.981   269.890 
    8290   269.981   269.894 
    8300   269.979   269.891 
    8310   269.982   269.895 
    8320   269.982   269.895 
    8330   269.982   269.895 
    8340   269.983   269.895 
    8350   269.932   269.861 
    8360   269.987   269.895 
    8370   269.979   269.895 
    8380   269.981   269.896 
    8390   269.982   269.895 
    8400   269.979   269.894 
    8410   269.982   269.895 
    8420   269.982   269.895 
    8430   269.980   269.902 
    8440   269.982   269.895 
    8450   269.996   269.896 
    8460   269.982   269.895 
    8470   269.981   269.895 
    8480   269.978   269.896 
    8490   269.982   269.895 
    8500   269.986   269.899 
    8510   269.986   269.895 
    8520   269.984   269.895 
    8530   269.980   269.895 
    8540   269.982   269.895 
    8550   269.982   269.891 
    8560   269.981   269.895 
    8570   269.982   269.895 
    8580   269.981   269.895 
    8590   269.982   269.895 
    8600   269.981   269.894 
    8610   269.987   269.895 
    8620   269.977   269.894 
    8630   269.981   269.894 
    8640   269.982   269.895 
    8650   269.974   269.896 
    8660   269.982   269.895 
    8670   269.982   269.895 
    8680   269.974   269.881 
    8690   269.982   269.895 
    8700   269.926   269.902 
    8710   269.982   269.895 
    8720   269.982   269.895 
    8730   269.981   269.892 
    8740   269.982   269.895 
    8750   270.099   269.897 
    8760   269.982   269.895 
    8770   269.982   269.895 
    8780   269.981   269.896 
    8790   269.982   269.895 
    8800   269.980   269.893 
    8810   269.983   269.895 
    8820   269.982   269.895 
    8830   269.981   269.895 
    8840   269.982   269.895 
    8850   269.982   269.817 
    8860   269.982   269.895 
    8870   269.982   269.895 
    8880   269.981   269.895 
    8890   269.982   269.895 
    8900   269.995   269.968 
    8910   269.975   269.890 
    8920   269.982   269.895 
    8930   269.981   269.895 
    8940   269.982   269.895 
    8950   269.988   269.929 
    8960   269.986   269.895 
    8970   269.977   269.894 
    8980   269.981   269.894 
    8990   269.982   269.895 
    9000   269.983   269.893 
    9010   269.982   269.895 
    9020   269.982   269.895 
    9030   269.981   269.894 
    9040   269.981   269.895 
    9050   269.983   269.896 
    9060   269.982   269.895 
    9070   269.982   269.895 
    9080   269.983   269.895 
    9090   269.982   269.895 
    9100   269.982   269.899 
    9110   269.983   269.895 
    9120   269.981   269.895 
    9130   269.981   269.891 
    9140   269.982   269.894 
    9150   269.984   269.895 
    9160   269.982   269.895 
    9170   269.982   269.895 
    9180   269.981   269.896 
    9190   269.982   269.895 
    9200   269.978   269.895 
    9210   269.982   269.895 
    9220   269.982   269.895 
    9230   269.981   269.892 
    9240   269.982   269.895 
    9250   269.984   269.893 
    9260   269.977   269.889 
    9270   269.982   269.895 
    9280   269.983   269.895 
    9290   269.982   269.895 
    9300   269.868   269.884 
    9310   269.984   269.894 
    9320   269.982   269.895 
    9330   269.981   269.895 
    9340   269.982   269.895 
    9350   270.007   269.892 
    9360   269.983   269.895 
    9370   269.982   269.895 
    9380   269.984   269.896 
    9390   269.982   269.895 
    9400   270.108   269.896 
    9410   269.982   269.895 
    9420   269.982   269.895 
    9430   269.981   269.895 
    9440   269.982   269.895 
    9450   269.822   269.894 
    9460   269.982   269.895 
    9470   269.982   269.895 
    9480   269.981   269.895 
    9490   269.982   269.895 
    9500   269.987   269.905 
    9510   269.982   269.895 
    9520   269.982   269.895 
    9530   269.984   269.909 
    9540   269.982   269.894 
    9550   269.967   269.895 
    9560   269.982   269.897 
    9570   269.982   269.895 
    9580   269.979   269.894 
    9590   269.982   269.895 
    9600   269.981   269.896 
    9610   269.982   269.895 
    9620   269.982   269.895 
    9630   269.984   269.895 
    9640   269.982   269.895 
    9650   269.986   269.831 
    9660   269.982   269.895 
    9670   269.982   269.895 
    9680   269.980   269.896 
    9690   269.982   269.895 
    9700   269.982   269.894 
    9710   269.983   269.896 
    9720   269.982   269.895 
    9730   269.981   269.895 
    9740   269.982   269.894 
    9750   269.981   269.885 
    9760   269.982   269.895 
    9770   269.982   269.895 
    9780   269.981   269.896 
    9790   269.982   269.895 
    9800   269.980   269.895 
    9810   269.982   269.895 
    9820   269.982   269.895 
    9830   269.983   269.903 
    9840   269.982   269.895 
    9850   269.979   269.894 
    9860   269.982   269.895 
    9870   269.982   269.895 
    9880   269.981   269.895 
    9890   269.982   269.895 
    9900   269.963   269.898 
    9910   269.983   269.896 
    9920   269.982   269.895 
    9930   269.981   269.892 
    9940   269.982   269.895 
    9950   269.976   269.895 
    9960   269.982   269.895 
    9970   269.982   269.895 
    9980   269.981   269.893 
    9990   269.982   269.895 
   10000   269.982   269.895 
