       0     4.990     4.994 
      10     9.674     9.291 
      20     9.966     9.969 
      30     9.957     9.961 
      40     9.953     9.958 
      50     9.956     9.963 
      60     9.968     9.974 
      70     9.976     9.971 
      80     9.976     9.975 
      90     9.978     9.981 
     100     9.969     9.975 
     110     9.967     9.972 
     120     9.974     9.978 
     130     9.982     9.972 
     140     9.975     9.978 
     150    10.041    10.021 
     160     9.975     9.980 
     170     9.988     9.938 
     180     9.977     9.981 
     190     9.977     9.987 
     200     9.977     9.982 
     210     9.973     9.982 
     220     9.984     9.978 
     230     9.979     9.981 
     240     9.972     9.975 
     250     9.977    10.015 
     260     9.977     9.981 
     270     9.978     9.982 
     280     9.975     9.982 
     290     9.978     9.984 
     300     9.993     9.817 
     310     9.979     9.983 
     320     9.979     9.983 
     330    57.302   -11.635 
     340     9.977     9.976 
     350     9.950     9.979 
     360     9.979     9.984 
     370     9.979     9.984 
     380     9.980     9.982 
     390     9.979     9.984 
     400    10.010     9.986 
     410     9.979     9.983 
     420     9.979     9.983 
     430     9.981     9.985 
     440     9.980     9.984 
     450     9.959    10.011 
     460     9.980     9.984 
     470     9.980     9.984 
     480     9.980     9.984 
     490     9.979     9.985 
     500    10.023     9.943 
     510     9.981     9.985 
     520     9.981     9.985 
     530     9.982     9.986 
     540     9.981     9.985 
     550     9.977     9.989 
     560     9.981     9.985 
     570     9.981     9.985 
     580     9.978     9.984 
     590     9.981     9.985 
     600     9.975     9.994 
     610     9.981     9.985 
     620     9.980     9.985 
     630     9.984     9.987 
     640     9.981     9.985 
     650     9.988     9.937 
     660     9.981     9.985 
     670     9.980     9.985 
     680     9.984     9.985 
     690     9.981     9.985 
     700     9.980     9.984 
     710     9.981     9.985 
     720     9.983     9.985 
     730     9.979     9.985 
     740     9.981     9.985 
     750     9.981     9.986 
     760     9.981     9.985 
     770     9.982     9.985 
     780     9.979     9.985 
     790     9.981     9.985 
     800     9.980     9.988 
     810     9.981     9.985 
     820     9.978     9.985 
     830     9.981     9.985 
     840     9.981     9.985 
     850     9.981     9.989 
     860     9.980     9.984 
     870     9.981     9.986 
     880     9.979     9.983 
     890     9.977     9.981 
     900     9.984     9.989 
     910     9.975     9.991 
     920     9.980     9.987 
     930     9.981     9.985 
     940     9.981     9.985 
     950     9.962     9.971 
     960     9.981     9.986 
     970     9.982     9.985 
     980     9.981     9.985 
     990     9.981     9.985 
    1000     9.957     9.995 
    1010     9.981     9.986 
    1020     9.981     9.985 
    1030     9.978     9.986 
    1040     9.981     9.985 
    1050     9.984    10.001 
    1060     9.981     9.985 
    1070     9.980     9.986 
    1080     9.981     9.985 
    1090     9.981     9.986 
    1100     9.980     9.989 
    1110     9.968     9.984 
    1120     9.979     9.985 
    1130     9.981     9.986 
    1140     9.981     9.986 
    1150     9.975     9.984 
    1160     9.981     9.986 
    1170     9.979     9.998 
    1180     9.981     9.985 
    1190     9.980     9.985 
    1200     9.985     9.987 
    1210     9.982     9.979 
    1220     9.981     9.986 
    1230     9.981     9.986 
    1240     9.982     9.986 
    1250     9.979     9.986 
    1260     9.979     9.967 
    1270     9.981     9.986 
    1280     9.981     9.986 
    1290     9.981     9.986 
    1300     9.982    10.005 
    1310     9.982     9.986 
    1320     9.980     9.986 
    1330     9.981     9.985 
    1340     9.981     9.986 
    1350    10.011     9.992 
    1360     9.981     9.986 
    1370     9.984     9.986 
    1380     9.980     9.986 
    1390     9.981     9.986 
    1400     9.981     9.987 
    1410     9.976     9.986 
    1420     9.981     9.986 
    1430     9.975     9.986 
    1440     9.981     9.986 
    1450     9.983     9.987 
    1460     9.981     9.986 
    1470     9.981     9.986 
    1480     9.981     9.986 
    1490     9.983     9.987 
    1500     9.964     9.973 
    1510     9.981     9.986 
    1520     9.982     9.987 
    1530     9.981     9.986 
    1540     9.973     9.988 
    1550     9.987     9.988 
    1560     9.981     9.987 
    1570     9.981     9.987 
    1580     9.982     9.986 
    1590     9.982     9.986 
    1600     9.980     9.980 
    1610     9.982     9.986 
    1620     9.981     9.986 
    1630     9.982     9.987 
    1640     9.981     9.986 
    1650     9.979     9.980 
    1660     9.981     9.986 
    1670     9.981     9.986 
    1680     9.979     9.987 
    1690     9.981     9.986 
    1700     9.977     9.976 
    1710     9.981     9.986 
    1720     9.981     9.986 
    1730     9.981     9.986 
    1740     9.982     9.986 
    1750     9.947     9.988 
    1760     9.982     9.986 
    1770     9.981     9.986 
    1780     9.981     9.985 
    1790     9.986     9.983 
    1800     9.946    10.007 
    1810     9.981     9.986 
    1820     9.981     9.986 
    1830     9.981     9.985 
    1840     9.981     9.986 
    1850     9.981     9.986 
    1860     9.981     9.986 
    1870     9.982     9.986 
    1880     9.981     9.986 
    1890     9.982     9.983 
    1900     9.980     9.988 
    1910     9.982     9.986 
    1920     9.980     9.985 
    1930     9.982     9.986 
    1940     9.983     9.984 
    1950     9.895    10.102 
    1960     9.981     9.986 
    1970     9.981     9.986 
    1980    76.959    11.717 
    1990     9.981     9.986 
    2000     9.982     9.984 
    2010     9.981     9.986 
    2020     9.982     9.986 
    2030     9.981     9.985 
    2040     9.981     9.986 
    2050     9.987     9.978 
    2060     9.981     9.986 
    2070     9.981     9.986 
    2080    73.746    68.592 
    2090     9.981     9.986 
    2100     9.976     9.998 
    2110     9.981     9.986 
    2120     9.982     9.986 
    2130    76.891    35.441 
    2140     9.981     9.986 
    2150     9.982     9.985 
    2160     9.982     9.986 
    2170     9.981     9.986 
    2180     9.978     9.981 
    2190     9.982     9.986 
    2200     9.981     9.988 
    2210     9.974     9.985 
    2220     9.981     9.986 
    2230     9.982     9.986 
    2240     9.982     9.986 
    2250    10.034     9.772 
    2260     9.982     9.986 
    2270     9.982     9.986 
    2280    21.636    69.479 
    2290     9.982     9.986 
    2300    10.044     9.977 
    2310     9.982     9.986 
    2320     9.982     9.986 
    2330     9.982     9.986 
    2340     9.982     9.986 
    2350     9.967     9.923 
    2360     9.982     9.986 
    2370     9.982     9.986 
    2380     9.981     9.986 
    2390     9.982     9.986 
    2400     9.977     9.988 
    2410     9.981     9.986 
    2420     9.982     9.986 
    2430     9.982     9.986 
    2440     9.982     9.986 
    2450    10.202    10.053 
    2460     9.981     9.986 
    2470     9.982     9.986 
    2480     9.982     9.984 
    2490     9.982     9.986 
    2500     9.927    10.201 
    2510     9.982     9.986 
    2520     9.982     9.986 
    2530    60.405    -0.576 
    2540     9.982     9.986 
    2550     9.983     9.996 
    2560     9.982     9.986 
    2570     9.982     9.986 
    2580     9.985     9.990 
    2590     9.985     9.988 
    2600     9.811     9.893 
    2610     9.981     9.986 
    2620     9.982     9.986 
    2630     9.981     9.986 
    2640     9.982     9.986 
    2650     9.988     9.987 
    2660     9.982     9.985 
    2670     9.981     9.986 
    2680     9.981     9.986 
    2690     9.982     9.986 
    2700    10.194    10.018 
    2710     9.981     9.986 
    2720     9.982     9.986 
    2730     9.981     9.986 
    2740     9.981     9.987 
    2750     9.976     9.986 
    2760     9.982     9.988 
    2770     9.982     9.986 
    2780     9.982     9.987 
    2790     9.981     9.986 
    2800     9.988    10.091 
    2810     9.982     9.986 
    2820     9.982     9.987 
    2830     9.981     9.987 
    2840     9.981     9.986 
    2850     9.992     9.973 
    2860     9.982     9.986 
    2870     9.982     9.986 
    2880     9.982     9.986 
    2890     9.982     9.986 
    2900     9.981     9.983 
    2910     9.982     9.986 
    2920     9.981     9.986 
    2930     9.986     9.988 
    2940     9.982     9.986 
    2950     9.955     9.968 
    2960     9.982     9.986 
    2970     9.982     9.986 
    2980    78.253   -19.512 
    2990     9.982     9.986 
    3000     9.985     9.985 
    3010     9.982     9.986 
    3020     9.982     9.986 
    3030     9.982     9.986 
    3040     9.982     9.986 
    3050     9.982     9.985 
    3060     9.982     9.986 
    3070     9.982     9.986 
    3080     9.982     9.987 
    3090     9.982     9.986 
    3100     9.992     9.976 
    3110     9.982     9.986 
    3120     9.983     9.987 
    3130     9.982     9.986 
    3140     9.982     9.986 
    3150     9.985     9.987 
    3160     9.982     9.986 
    3170     9.981     9.986 
    3180     9.982     9.987 
    3190     9.982     9.986 
    3200     9.986     9.990 
    3210     9.982     9.986 
    3220     9.982     9.986 
    3230     9.982     9.985 
    3240     9.981     9.986 
    3250     9.987     9.990 
    3260     9.981     9.987 
    3270     9.982     9.986 
    3280     9.982     9.987 
    3290     9.982     9.987 
    3300     9.980     9.986 
    3310     9.981     9.988 
    3320     9.982     9.986 
    3330     9.981     9.986 
    3340     9.982     9.986 
    3350     9.978     9.986 
    3360     9.982     9.986 
    3370     9.982     9.986 
    3380     9.980     9.984 
    3390     9.982     9.986 
    3400    10.785     9.207 
    3410     9.991     9.992 
    3420     9.981     9.987 
    3430     9.982     9.987 
    3440     9.978     9.989 
    3450     9.980     9.985 
    3460     9.982     9.986 
    3470     9.982     9.986 
    3480     9.981     9.987 
    3490     9.982     9.986 
    3500    10.052    10.028 
    3510     9.983     9.987 
    3520     9.982     9.986 
    3530    95.146    16.253 
    3540     9.982     9.986 
    3550     9.981     9.992 
    3560     9.981     9.986 
    3570     9.982     9.986 
    3580     9.981     9.986 
    3590     9.982     9.986 
    3600    10.066     9.986 
    3610     9.982     9.988 
    3620     9.982     9.986 
    3630     9.982     9.980 
    3640     9.982     9.986 
    3650    10.014    10.047 
    3660     9.982     9.987 
    3670     9.982     9.986 
    3680     9.981     9.986 
    3690     9.982     9.986 
    3700     9.975     9.993 
    3710     9.981     9.986 
    3720     9.982     9.986 
    3730     9.982     9.987 
    3740     9.982     9.986 
    3750     9.985     9.984 
    3760     9.982     9.986 
    3770     9.982     9.986 
    3780     9.982     9.986 
    3790     9.984     9.986 
    3800     9.982     9.979 
    3810     9.981     9.986 
    3820     9.982     9.986 
    3830     9.982     9.986 
    3840     9.982     9.986 
    3850     9.787     9.772 
    3860     9.982     9.986 
    3870     9.982     9.986 
    3880     9.982     9.986 
    3890     9.982     9.986 
    3900     9.892     9.910 
    3910     9.982     9.986 
    3920     9.981     9.986 
    3930     9.981     9.987 
    3940     9.982     9.986 
    3950     9.979     9.982 
    3960     9.982     9.986 
    3970     9.982     9.986 
    3980     9.983     9.984 
    3990     9.981     9.986 
    4000     9.988     9.996 
    4010     9.982     9.986 
    4020     9.982     9.986 
    4030     9.982     9.988 
    4040     9.982     9.986 
    4050     9.981     9.987 
    4060     9.981     9.985 
    4070     9.982     9.986 
    4080     9.982     9.987 
    4090     9.982     9.986 
    4100     9.976     9.985 
    4110     9.982     9.986 
    4120     9.982     9.986 
    4130     9.982     9.986 
    4140     9.982     9.986 
    4150     9.980     9.988 
    4160     9.982     9.986 
    4170     9.982     9.986 
    4180     9.982     9.988 
    4190     9.982     9.986 
    4200     9.855    10.001 
    4210     9.982     9.987 
    4220     9.982     9.986 
    4230     9.981     9.986 
    4240     9.982     9.986 
    4250    10.004     9.960 
    4260     9.982     9.986 
    4270     9.982     9.986 
    4280     9.982     9.987 
    4290     9.982     9.986 
    4300     9.986     9.985 
    4310     9.981     9.985 
    4320     9.982     9.986 
    4330     9.981     9.985 
    4340     9.982     9.986 
    4350     9.997     9.915 
    4360     9.984     9.987 
    4370     9.981     9.987 
    4380     9.981     9.986 
    4390     9.981     9.986 
    4400    10.025     9.972 
    4410     9.982     9.987 
    4420     9.982     9.986 
    4430     9.983     9.986 
    4440     9.982     9.986 
    4450    10.022    10.072 
    4460     9.982     9.986 
    4470     9.982     9.986 
    4480     9.981     9.986 
    4490     9.982     9.986 
    4500     9.986     9.989 
    4510     9.981     9.987 
    4520     9.982     9.986 
    4530     9.982     9.986 
    4540     9.982     9.986 
    4550     9.920     9.988 
    4560     9.982     9.986 
    4570     9.982     9.986 
    4580     9.982     9.986 
    4590     9.982     9.986 
    4600     9.984     9.986 
    4610     9.982     9.986 
    4620     9.982     9.986 
    4630     9.981     9.981 
    4640     9.982     9.986 
    4650     9.928     9.932 
    4660     9.981     9.987 
    4670     9.982     9.986 
    4680     9.981     9.983 
    4690     9.982     9.987 
    4700     9.988     9.995 
    4710     9.982     9.986 
    4720     9.982     9.986 
    4730     9.982     9.986 
    4740     9.982     9.986 
    4750     9.987     9.984 
    4760     9.982     9.986 
    4770     9.982     9.986 
    4780    63.411    84.922 
    4790     9.982     9.987 
    4800     9.980     9.996 
    4810     9.981     9.986 
    4820     9.982     9.986 
    4830     9.982     9.986 
    4840     9.982     9.986 
    4850     9.983     9.984 
    4860     9.982     9.986 
    4870     9.982     9.986 
    4880     9.982     9.986 
    4890     9.982     9.986 
    4900     9.976     9.989 
    4910     9.982     9.986 
    4920     9.982     9.986 
    4930     9.981     9.986 
    4940     9.981     9.986 
    4950     9.982     9.988 
    4960     9.982     9.986 
    4970     9.982     9.986 
    4980     9.980     9.987 
    4990     9.982     9.986 
    5000     9.982     9.986 
    5010     9.982     9.986 
    5020     9.982     9.986 
    5030     9.983     9.986 
    5040     9.982     9.986 
    5050    10.009    10.080 
    5060     9.981     9.986 
    5070     9.982     9.986 
    5080     9.981     9.986 
    5090     9.982     9.986 
    5100    10.050     9.969 
    5110     9.983     9.986 
    5120     9.982     9.986 
    5130     9.982     9.985 
    5140     9.982     9.986 
    5150     8.687     9.963 
    5160     9.982     9.986 
    5170     9.982     9.986 
    5180     9.982     9.986 
    5190     9.984     9.989 
    5200     9.985     9.991 
    5210     9.982     9.986 
    5220     9.982     9.986 
    5230    71.580   -34.600 
    5240     9.982     9.986 
    5250     9.978     9.981 
    5260     9.982     9.986 
    5270     9.982     9.986 
    5280     9.982     9.987 
    5290     9.982     9.986 
    5300     9.984     9.999 
    5310     9.982     9.986 
    5320     9.982     9.986 
    5330     9.981     9.987 
    5340     9.981     9.986 
    5350     9.980     9.985 
    5360     9.982     9.986 
    5370     9.982     9.986 
    5380     9.983     9.987 
    5390     9.982     9.986 
    5400     9.984     9.995 
    5410     9.980     9.987 
    5420     9.982     9.986 
    5430   -33.805   -64.544 
    5440     9.982     9.986 
    5450     9.981     9.981 
    5460     9.982     9.986 
    5470     9.982     9.986 
    5480     9.981     9.986 
    5490     9.982     9.986 
    5500     9.986    10.013 
    5510     9.982     9.987 
    5520     9.981     9.986 
    5530     9.982     9.986 
    5540     9.982     9.986 
    5550    10.253    10.206 
    5560     9.982     9.986 
    5570     9.982     9.986 
    5580     9.981     9.985 
    5590     9.984     9.988 
    5600     9.983     9.980 
    5610     9.982     9.986 
    5620     9.982     9.986 
    5630    69.020    27.520 
    5640     9.982     9.986 
    5650     9.982     9.984 
    5660     9.982     9.986 
    5670     9.982     9.986 
    5680     9.980     9.986 
    5690     9.982     9.986 
    5700     9.957    10.094 
    5710     9.981     9.988 
    5720     9.982     9.986 
    5730     9.982     9.987 
    5740     9.982     9.986 
    5750    10.065     9.957 
    5760     9.982     9.986 
    5770     9.982     9.986 
    5780     9.985     9.993 
    5790     9.982     9.986 
    5800     9.983     9.991 
    5810     9.982     9.986 
    5820     9.982     9.986 
    5830    42.811    75.022 
    5840     9.982     9.987 
    5850    10.033    10.149 
    5860     9.982     9.986 
    5870     9.982     9.986 
    5880    69.219   -67.421 
    5890     9.982     9.986 
    5900     9.905     9.990 
    5910     9.981     9.984 
    5920     9.982     9.986 
    5930     9.982     9.986 
    5940     9.982     9.986 
    5950     9.817     9.967 
    5960     9.982     9.986 
    5970     9.982     9.986 
    5980     9.982     9.987 
    5990     9.982     9.986 
    6000     9.890     9.990 
    6010     9.982     9.986 
    6020     9.981     9.985 
    6030     9.981     9.986 
    6040     9.982     9.986 
    6050    10.269    10.001 
    6060     9.982     9.986 
    6070     9.982     9.986 
    6080     9.982     9.986 
    6090     9.982     9.986 
    6100    10.113     9.984 
    6110     9.982     9.987 
    6120     9.982     9.986 
    6130     9.982     9.986 
    6140     9.982     9.986 
    6150     9.981     9.988 
    6160     9.974     9.985 
    6170     9.982     9.986 
    6180     9.981     9.986 
    6190     9.982     9.986 
    6200     9.978     9.987 
    6210     9.982     9.986 
    6220     9.982     9.986 
    6230     9.982     9.986 
    6240     9.982     9.986 
    6250     9.982     9.985 
    6260     9.984     9.987 
    6270     9.982     9.986 
    6280     9.982     9.985 
    6290     9.982     9.987 
    6300     9.976     9.984 
    6310     9.981     9.987 
    6320     9.983     9.987 
    6330     9.982     9.986 
    6340     9.983     9.987 
    6350     9.979     9.989 
    6360     9.982     9.986 
    6370     9.982     9.986 
    6380     9.981     9.986 
    6390     9.982     9.986 
    6400     9.888     9.833 
    6410     9.982     9.986 
    6420     9.982     9.986 
    6430     9.985     9.984 
    6440     9.982     9.986 
    6450     9.986     9.983 
    6460     9.982     9.986 
    6470     9.982     9.986 
    6480     9.981     9.986 
    6490     9.981     9.986 
    6500    10.051     9.965 
    6510     9.982     9.986 
    6520     9.982     9.986 
    6530     9.981     9.986 
    6540     9.982     9.986 
    6550     9.983     9.990 
    6560     9.982     9.986 
    6570     9.982     9.986 
    6580     9.982     9.987 
    6590     9.982     9.986 
    6600     9.979     9.988 
    6610     9.982     9.986 
    6620     9.982     9.986 
    6630     9.981     9.986 
    6640     9.982     9.986 
    6650     9.985     9.985 
    6660     9.982     9.986 
    6670     9.982     9.986 
    6680     9.980     9.982 
    6690     9.982     9.986 
    6700     9.982     9.987 
    6710     9.982     9.986 
    6720     9.982     9.986 
    6730     9.980     9.985 
    6740     9.982     9.986 
    6750     9.979     9.989 
    6760     9.982     9.986 
    6770     9.981     9.986 
    6780    71.880    -7.638 
    6790     9.982     9.986 
    6800    10.046     9.972 
    6810     9.982     9.986 
    6820     9.982     9.986 
    6830    68.971    49.389 
    6840     9.982     9.986 
    6850     9.981     9.988 
    6860     9.982     9.986 
    6870     9.982     9.986 
    6880     9.982     9.987 
    6890     9.982     9.986 
    6900     9.964     9.974 
    6910     9.982     9.987 
    6920     9.982     9.986 
    6930     9.981     9.986 
    6940     9.982     9.986 
    6950     9.961    10.018 
    6960     9.982     9.986 
    6970     9.982     9.986 
    6980     9.981     9.986 
    6990     9.982     9.986 
    7000     9.977     9.986 
    7010     9.982     9.987 
    7020     9.982     9.986 
    7030     9.982     9.986 
    7040     9.982     9.986 
    7050     9.962     9.976 
    7060     9.982     9.986 
    7070     9.982     9.986 
    7080     9.981     9.986 
    7090     9.982     9.986 
    7100     9.983     9.984 
    7110     9.983     9.987 
    7120     9.982     9.986 
    7130     9.981     9.987 
    7140     9.981     9.987 
    7150     9.968     9.997 
    7160     9.981     9.987 
    7170     9.982     9.986 
    7180     9.982     9.986 
    7190     9.982     9.986 
    7200     9.977     9.986 
    7210     9.982     9.985 
    7220     9.982     9.986 
    7230     9.980     9.986 
    7240     9.982     9.986 
    7250     9.983     9.990 
    7260     9.982     9.986 
    7270     9.982     9.986 
    7280     9.981     9.986 
    7290     9.982     9.986 
    7300     9.983     9.968 
    7310     9.982     9.986 
    7320     9.982     9.986 
    7330     9.981     9.986 
    7340     9.982     9.986 
    7350     9.957     9.952 
    7360     9.981     9.986 
    7370     9.982     9.986 
    7380    17.226    76.432 
    7390     9.982     9.986 
    7400     9.983     9.986 
    7410     9.982     9.986 
    7420     9.982     9.986 
    7430     9.982     9.986 
    7440     9.980     9.989 
    7450     9.985     9.985 
    7460     9.982     9.986 
    7470     9.982     9.986 
    7480     9.982     9.990 
    7490     9.982     9.986 
    7500    10.000     9.972 
    7510     9.982     9.986 
    7520     9.982     9.986 
    7530     9.981     9.991 
    7540     9.982     9.986 
    7550     9.979     9.986 
    7560     9.982     9.987 
    7570     9.982     9.986 
    7580     9.977     9.984 
    7590     9.982     9.986 
    7600     9.970    10.018 
    7610     9.981     9.987 
    7620     9.982     9.986 
    7630     9.978     9.988 
    7640     9.982     9.986 
    7650     9.985     9.992 
    7660     9.982     9.986 
    7670     9.982     9.986 
    7680     9.982     9.986 
    7690     9.982     9.986 
    7700     9.847     9.947 
    7710     9.982     9.986 
    7720     9.982     9.986 
    7730     9.982     9.986 
    7740     9.982     9.986 
    7750     9.932     9.935 
    7760     9.982     9.987 
    7770     9.982     9.986 
    7780     9.982     9.987 
    7790     9.982     9.986 
    7800     9.971     9.998 
    7810     9.982     9.986 
    7820     9.982     9.986 
    7830     9.983     9.986 
    7840     9.981     9.987 
    7850     9.984     9.972 
    7860     9.982     9.986 
    7870     9.982     9.986 
    7880     9.982     9.986 
    7890     9.982     9.986 
    7900     9.981     9.985 
    7910     9.979     9.987 
    7920     9.982     9.986 
    7930     9.979     9.984 
    7940     9.982     9.986 
    7950     9.980     9.989 
    7960     9.982     9.986 
    7970     9.982     9.986 
    7980     9.981     9.986 
    7990     9.982     9.986 
    8000     9.982     9.986 
    8010     9.982     9.986 
    8020     9.982     9.986 
    8030     9.981     9.986 
    8040     9.981     9.986 
    8050     9.983     9.993 
    8060     9.982     9.986 
    8070     9.982     9.986 
    8080     9.982     9.987 
    8090     9.982     9.986 
    8100     9.934     9.981 
    8110     9.982     9.986 
    8120     9.982     9.986 
    8130     9.982     9.987 
    8140     9.982     9.986 
    8150     9.983     9.984 
    8160     9.984     9.988 
    8170     9.982     9.986 
    8180     9.981     9.990 
    8190     9.982     9.986 
    8200     9.973     9.991 
    8210     9.982     9.987 
    8220     9.982     9.986 
    8230     9.983     9.988 
    8240     9.982     9.986 
    8250     9.988     9.979 
    8260     9.982     9.986 
    8270     9.982     9.986 
    8280     9.972     9.988 
    8290     9.982     9.986 
    8300     9.979     9.986 
    8310     9.982     9.986 
    8320     9.982     9.986 
    8330     9.982     9.986 
    8340     9.982     9.986 
    8350     9.983     9.977 
    8360     9.982     9.986 
    8370     9.982     9.986 
    8380     9.974     9.985 
    8390     9.982     9.986 
    8400     9.954    10.163 
    8410     9.982     9.986 
    8420     9.982     9.986 
    8430     9.982     9.981 
    8440     9.982     9.986 
    8450     9.955     9.906 
    8460     9.982     9.986 
    8470     9.981     9.986 
    8480     9.982     9.986 
    8490     9.982     9.986 
    8500     9.979     9.985 
    8510     9.982     9.986 
    8520     9.982     9.986 
    8530     9.981     9.987 
    8540     9.982     9.986 
    8550     9.893    10.028 
    8560     9.982     9.986 
    8570     9.982     9.986 
    8580     9.982     9.987 
    8590     9.982     9.986 
    8600     9.981     9.985 
    8610     9.982     9.986 
    8620     9.982     9.986 
    8630     9.982     9.987 
    8640     9.982     9.986 
    8650     9.979     9.997 
    8660     9.982     9.986 
    8670     9.982     9.986 
    8680     9.981     9.988 
    8690     9.982     9.986 
    8700     9.985     9.970 
    8710     9.982     9.986 
    8720     9.982     9.986 
    8730    77.004   -19.655 
    8740     9.982     9.987 
    8750    10.017    10.034 
    8760     9.982     9.987 
    8770     9.982     9.986 
    8780     9.981     9.987 
    8790     9.982     9.986 
    8800     9.969     9.898 
    8810     9.982     9.986 
    8820     9.982     9.986 
    8830     9.980     9.987 
    8840     9.982     9.986 
    8850     9.982     9.988 
    8860     9.989     9.985 
    8870     9.982     9.986 
    8880     9.981     9.986 
    8890     9.982     9.986 
    8900     9.850     9.997 
    8910     9.982     9.987 
    8920     9.981     9.986 
    8930     9.982     9.987 
    8940     9.982     9.986 
    8950     9.984     9.981 
    8960     9.982     9.986 
    8970     9.982     9.986 
    8980     9.985     9.987 
    8990     9.982     9.987 
    9000    10.043     9.970 
    9010     9.982     9.986 
    9020     9.982     9.986 
    9030     9.981     9.986 
    9040     9.982     9.986 
    9050     9.982     9.987 
    9060     9.982     9.986 
    9070     9.982     9.986 
    9080     9.982     9.986 
    9090     9.981     9.986 
    9100     9.971     9.981 
    9110     9.982     9.986 
    9120     9.982     9.986 
    9130   -37.439    78.361 
    9140     9.982     9.986 
    9150     9.983     9.984 
    9160     9.982     9.987 
    9170     9.982     9.986 
    9180     9.981     9.987 
    9190     9.982     9.986 
    9200     9.982     9.985 
    9210     9.982     9.986 
    9220     9.982     9.986 
    9230     9.981     9.986 
    9240     9.982     9.986 
    9250     9.982     9.986 
    9260     9.982     9.986 
    9270     9.982     9.986 
    9280     9.975     9.993 
    9290     9.982     9.986 
    9300     9.985     9.995 
    9310     9.982     9.986 
    9320     9.981     9.986 
    9330    75.134     5.682 
    9340     9.982     9.986 
    9350     9.984    10.036 
    9360     9.982     9.987 
    9370     9.982     9.986 
    9380     9.981     9.987 
    9390     9.982     9.986 
    9400     9.976     9.961 
    9410     9.981     9.986 
    9420     9.982     9.986 
    9430     9.982     9.981 
    9440     9.982     9.986 
    9450    10.074     9.986 
    9460     9.982     9.988 
    9470     9.982     9.986 
    9480     9.981     9.987 
    9490     9.982     9.986 
    9500     9.976     9.976 
    9510     9.981     9.986 
    9520     9.982     9.986 
    9530     9.982     9.986 
    9540     9.982     9.986 
    9550     9.846     9.965 
    9560     9.982     9.986 
    9570     9.982     9.986 
    9580     9.976     9.985 
    9590     9.982     9.986 
    9600     9.981     9.990 
    9610     9.982     9.986 
    9620     9.982     9.986 
    9630     9.986     9.986 
    9640     9.982     9.986 
    9650     9.957     9.989 
    9660     9.982     9.986 
    9670     9.982     9.986 
    9680     9.982     9.986 
    9690     9.980     9.981 
    9700     9.976     9.989 
    9710     9.982     9.986 
    9720     9.982     9.986 
    9730     9.981     9.985 
    9740     9.982     9.986 
    9750     9.980     9.987 
    9760     9.982     9.986 
    9770     9.982     9.986 
    9780     9.982     9.986 
    9790     9.982     9.986 
    9800     9.981     9.984 
    9810     9.982     9.986 
    9820     9.982     9.986 
    9830     9.982     9.986 
    9840     9.981     9.986 
    9850    10.023    10.007 
    9860     9.982     9.986 
    9870     9.982     9.986 
    9880     9.982     9.986 
    9890     9.978     9.975 
    9900     9.985     9.991 
    9910     9.982     9.986 
    9920     9.982     9.986 
    9930     9.981     9.986 
    9940     9.982     9.986 
    9950    10.074     9.888 
    9960     9.982     9.986 
    9970     9.982     9.986 
    9980     9.982     9.987 
    9990     9.982     9.986 
   10000     9.982     9.986 
