       0   110.136   110.039 
      10   114.959   114.657 
      20   115.106   114.899 
      30   115.015   114.936 
      40   114.982   114.942 
      50   114.982   114.946 
      60   115.083   114.971 
      70   115.101   114.995 
      80   115.097   114.986 
      90   115.086   114.979 
     100   115.093   114.993 
     110   115.078   114.986 
     120   115.097   114.991 
     130   115.099   115.004 
     140   115.086   114.998 
     150   115.074   115.006 
     160   115.093   114.982 
     170   115.097   115.021 
     180   115.095   115.004 
     190   115.017   114.952 
     200   115.106   115.019 
     210   115.098   115.002 
     220   115.103   115.011 
     230   115.101   115.011 
     240   115.100   115.013 
     250   115.103   115.015 
     260   115.099   115.013 
     270   115.074   115.013 
     280   115.109   115.017 
     290   115.101   115.034 
     300   115.122   114.971 
     310   115.102   115.019 
     320   115.103   115.020 
     330   115.107   115.026 
     340   115.106   115.025 
     350   115.228   114.690 
     360   115.106   115.019 
     370   115.106   115.019 
     380   115.108   115.022 
     390   115.107   115.021 
     400   115.109   115.017 
     410   115.107   115.022 
     420   115.110   115.024 
     430   115.113   115.023 
     440   115.112   115.021 
     450   115.112   115.023 
     460   115.109   115.022 
     470   115.111   115.026 
     480   115.108   115.024 
     490   115.110   115.025 
     500   115.112   115.027 
     510   115.110   115.027 
     520   115.113   115.027 
     530   115.114   115.025 
     540   115.104   115.026 
     550   115.113   115.037 
     560   115.112   115.028 
     570   115.115   115.029 
     580   115.110   115.039 
     590   115.113   115.033 
     600   115.108   115.036 
     610   115.114   115.030 
     620   115.132   115.036 
     630   115.117   115.026 
     640   115.117   115.031 
     650   115.057   115.017 
     660   115.115   115.032 
     670   115.115   115.029 
     680   115.112   115.034 
     690   115.114   115.031 
     700   115.075   115.005 
     710   115.115   115.032 
     720   115.114   115.032 
     730   115.119   115.036 
     740   115.118   115.031 
     750   115.121   115.040 
     760   115.116   115.033 
     770   115.171   115.002 
     780   115.120   115.036 
     790   115.119   115.038 
     800   115.129   115.061 
     810   115.120   115.035 
     820   115.137   115.036 
     830   115.119   115.036 
     840   115.120   115.036 
     850   115.112   115.018 
     860   115.119   115.035 
     870   115.109   115.024 
     880   115.119   115.035 
     890   115.119   115.033 
     900   115.119   115.036 
     910   115.119   115.035 
     920   115.119   115.035 
     930   115.118   115.035 
     940   115.119   115.035 
     950   115.121   115.034 
     960   115.120   115.036 
     970   115.119   115.035 
     980   115.120   115.035 
     990   115.118   115.035 
    1000   115.081   115.053 
    1010   115.120   115.036 
    1020   115.121   115.037 
    1030   115.116   115.036 
    1040   115.120   115.036 
    1050   115.134   115.039 
    1060   115.120   115.038 
    1070   115.120   115.035 
    1080   115.118   114.936 
    1090   115.120   115.036 
    1100   115.121   115.036 
    1110   115.120   115.031 
    1120   115.120   115.036 
    1130   115.120   115.035 
    1140   115.120   115.036 
    1150   115.149   115.037 
    1160   115.119   115.036 
    1170   115.120   115.036 
    1180   115.119   115.036 
    1190   115.120   115.036 
    1200   115.120   115.040 
    1210   115.127   115.036 
    1220   115.113   115.036 
    1230   115.120   115.036 
    1240   115.120   115.036 
    1250   115.121   115.125 
    1260   115.121   115.036 
    1270   115.123   115.036 
    1280    39.413   115.708 
    1290   115.120   115.036 
    1300   115.120   115.032 
    1310   115.122   115.036 
    1320   115.119   115.036 
    1330    53.410   115.298 
    1340   115.120   115.037 
    1350   115.120   115.417 
    1360   115.120   115.036 
    1370   115.120   115.036 
    1380   115.120   115.036 
    1390   115.120   115.036 
    1400   115.139   115.092 
    1410   115.121   115.037 
    1420   115.121   115.037 
    1430   115.122   115.037 
    1440   115.121   115.036 
    1450   115.123   115.032 
    1460   115.121   115.036 
    1470   115.121   115.037 
    1480    84.075    21.546 
    1490   115.121   115.037 
    1500   115.249   115.018 
    1510   115.121   115.036 
    1520   115.121   115.037 
    1530   106.196   206.363 
    1540   115.119   115.036 
    1550   115.118   115.037 
    1560   115.121   115.037 
    1570   115.121   115.037 
    1580   115.121   115.036 
    1590   115.121   115.037 
    1600   115.123   115.066 
    1610   115.121   115.036 
    1620   115.121   115.037 
    1630   115.122   115.037 
    1640   115.120   115.037 
    1650   115.102   115.033 
    1660   115.121   115.036 
    1670   115.121   115.037 
    1680   115.121   115.037 
    1690   115.126   115.037 
    1700   115.127   115.041 
    1710   115.121   115.037 
    1720   115.121   115.037 
    1730   115.121   115.037 
    1740   115.114   115.036 
    1750   115.099   115.042 
    1760   115.121   115.037 
    1770   115.122   115.038 
    1780   115.118   115.038 
    1790   115.121   115.037 
    1800   115.119   115.032 
    1810   115.122   115.037 
    1820   115.121   115.038 
    1830   115.124   115.038 
    1840   115.122   115.038 
    1850   115.117   115.030 
    1860   115.122   115.037 
    1870   115.121   115.037 
    1880   115.122   115.037 
    1890   115.122   115.038 
    1900   115.079   115.060 
    1910   115.122   115.037 
    1920   115.119   115.038 
    1930   115.122   115.038 
    1940   115.122   115.037 
    1950   115.093   115.216 
    1960   115.121   115.037 
    1970   115.119   115.037 
    1980   115.114   115.056 
    1990   115.122   115.038 
    2000   115.121   115.037 
    2010   115.122   115.038 
    2020   115.122   115.038 
    2030   115.124   115.037 
    2040   115.122   115.037 
    2050   115.122   115.051 
    2060   115.122   115.038 
    2070   115.123   115.038 
    2080   115.122   115.037 
    2090   115.122   115.037 
    2100   115.122   115.053 
    2110   115.122   115.038 
    2120   115.122   115.038 
    2130   115.122   115.038 
    2140   115.122   115.038 
    2150   115.116   115.068 
    2160   115.123   115.038 
    2170   115.122   115.038 
    2180   115.122   115.038 
    2190   115.122   115.038 
    2200   115.121   115.031 
    2210   115.122   115.038 
    2220   115.121   115.038 
    2230   115.126   115.038 
    2240   115.122   115.038 
    2250   115.129   115.031 
    2260   115.122   115.038 
    2270   115.122   115.038 
    2280   115.123   115.037 
    2290   115.122   115.038 
    2300   115.136   114.955 
    2310   115.122   115.038 
    2320   115.122   115.038 
    2330   115.123   115.036 
    2340   115.122   115.038 
    2350   115.127   115.039 
    2360   115.122   115.038 
    2370   115.122   115.038 
    2380    89.764   237.498 
    2390   115.122   115.038 
    2400   115.098   115.038 
    2410   115.122   115.038 
    2420   115.121   115.038 
    2430   261.867   180.328 
    2440   115.122   115.038 
    2450   115.133   115.036 
    2460   115.122   115.038 
    2470   115.122   115.038 
    2480   115.122   115.039 
    2490   115.122   115.038 
    2500   115.166   115.037 
    2510   115.122   115.038 
    2520   115.122   115.036 
    2530   115.122   115.038 
    2540   115.122   115.038 
    2550   114.968   115.048 
    2560   115.122   115.038 
    2570   115.122   115.038 
    2580   113.595   218.397 
    2590   115.122   115.038 
    2600   115.060   115.038 
    2610   115.122   115.038 
    2620   115.122   115.038 
    2630   115.122   115.038 
    2640   115.122   115.038 
    2650   115.101   115.029 
    2660   115.123   115.038 
    2670   115.122   115.038 
    2680   115.122   115.038 
    2690   115.122   115.038 
    2700   115.123   115.033 
    2710   115.122   115.038 
    2720   115.124   115.039 
    2730   115.123   115.040 
    2740   115.122   115.038 
    2750   115.124   115.038 
    2760   115.123   115.038 
    2770   115.122   115.038 
    2780   115.125   115.043 
    2790   115.122   115.038 
    2800   115.129   115.047 
    2810   115.122   115.038 
    2820   115.122   115.038 
    2830   115.120   115.040 
    2840   115.122   115.038 
    2850   115.128   115.042 
    2860   115.122   115.038 
    2870   115.122   115.038 
    2880   115.124   115.036 
    2890   115.122   115.038 
    2900   115.118   115.041 
    2910   115.122   115.038 
    2920   115.122   115.038 
    2930   115.122   115.037 
    2940   115.122   115.038 
    2950   115.103   114.996 
    2960   115.122   115.038 
    2970   115.123   115.038 
    2980   115.121   115.039 
    2990   115.122   115.038 
    3000   115.123   115.035 
    3010   115.123   115.038 
    3020   115.122   115.038 
    3030   115.121   115.040 
    3040   115.122   115.039 
    3050   115.087   115.032 
    3060   115.122   115.039 
    3070   115.122   115.038 
    3080    50.420   247.377 
    3090   115.122   115.038 
    3100   115.117   115.036 
    3110   115.122   115.038 
    3120   115.122   115.038 
    3130   115.121   115.037 
    3140   115.122   115.038 
    3150   115.122   115.038 
    3160   115.124   115.038 
    3170   115.122   115.038 
    3180   115.122   115.038 
    3190   115.122   115.038 
    3200   115.120   115.032 
    3210   115.121   115.037 
    3220   115.122   115.038 
    3230   115.122   115.039 
    3240   115.122   115.038 
    3250   115.138   115.038 
    3260   115.122   115.039 
    3270   115.122   115.038 
    3280    54.254   108.220 
    3290   115.122   115.038 
    3300   115.121   115.048 
    3310   115.123   115.038 
    3320   115.122   115.038 
    3330   115.122   115.038 
    3340   115.122   115.038 
    3350   115.123   115.040 
    3360   115.125   115.039 
    3370   115.122   115.038 
    3380   115.123   115.038 
    3390   115.122   115.038 
    3400   115.082   115.014 
    3410   115.122   115.038 
    3420   115.122   115.038 
    3430   115.121   115.040 
    3440   115.122   115.038 
    3450   115.167   115.050 
    3460   115.122   115.037 
    3470   115.122   115.038 
    3480   115.123   115.038 
    3490   115.122   115.038 
    3500   115.122   115.040 
    3510   115.122   115.038 
    3520   115.122   115.038 
    3530   115.123   115.038 
    3540   115.122   115.038 
    3550   115.124   115.035 
    3560   115.123   115.038 
    3570   115.122   115.038 
    3580   115.124   115.038 
    3590   115.122   115.038 
    3600   115.121   115.035 
    3610   115.122   115.039 
    3620   115.123   115.038 
    3630   115.123   115.038 
    3640   115.122   115.038 
    3650   115.125   115.017 
    3660   115.122   115.038 
    3670   115.122   115.038 
    3680   115.293    54.337 
    3690   115.122   115.038 
    3700   115.163   115.069 
    3710   115.122   115.038 
    3720   115.122   115.038 
    3730   115.122   115.041 
    3740   115.122   115.038 
    3750   115.117   115.039 
    3760   115.122   115.038 
    3770   115.122   115.038 
    3780   115.120   115.035 
    3790   115.124   115.038 
    3800   115.181   115.032 
    3810   115.123   115.038 
    3820   115.122   115.038 
    3830   249.718    18.814 
    3840   115.122   115.038 
    3850   115.118   115.034 
    3860   115.122   115.038 
    3870   115.122   115.038 
    3880   115.122   115.037 
    3890   115.122   115.038 
    3900   115.190   115.039 
    3910   115.123   115.038 
    3920   115.122   115.038 
    3930   115.122   115.038 
    3940   115.122   115.038 
    3950   115.120   115.044 
    3960   115.122   115.031 
    3970   115.122   115.038 
    3980   115.122   115.039 
    3990   115.122   115.038 
    4000   115.119   115.038 
    4010   115.122   115.038 
    4020   115.122   115.038 
    4030   115.122   115.038 
    4040   115.122   115.038 
    4050   115.124   115.037 
    4060   115.122   115.039 
    4070   115.122   115.038 
    4080   115.122   115.040 
    4090   115.122   115.038 
    4100   115.126   115.038 
    4110   115.123   115.038 
    4120   115.122   115.038 
    4130   115.124   115.038 
    4140   115.122   115.038 
    4150   115.122   115.051 
    4160   115.122   115.038 
    4170   115.122   115.038 
    4180   115.122   115.038 
    4190   115.122   115.038 
    4200   115.129   115.038 
    4210   115.122   115.038 
    4220   115.122   115.038 
    4230   115.114   115.040 
    4240   115.123   115.038 
    4250   115.113   115.040 
    4260   115.122   115.038 
    4270   115.122   115.038 
    4280   115.120   115.038 
    4290   115.122   115.038 
    4300   115.124   115.037 
    4310   115.122   115.039 
    4320   115.122   115.038 
    4330   115.121   115.038 
    4340   115.122   115.038 
    4350   115.123   115.042 
    4360   115.122   115.038 
    4370   115.122   115.038 
    4380   115.122   115.042 
    4390   115.122   115.038 
    4400   115.121   115.092 
    4410   115.123   115.042 
    4420   115.122   115.038 
    4430   115.122   115.038 
    4440   115.122   115.038 
    4450   115.126   115.038 
    4460   115.122   115.038 
    4470   115.122   115.038 
    4480   115.122   115.037 
    4490   115.122   115.038 
    4500   115.119   115.038 
    4510   115.122   115.038 
    4520   115.122   115.038 
    4530   115.122   115.038 
    4540   115.122   115.038 
    4550   115.114   115.108 
    4560   115.122   115.038 
    4570   115.122   115.038 
    4580   115.122   115.037 
    4590   115.123   115.038 
    4600   115.172   115.092 
    4610   115.122   115.038 
    4620   115.123   115.038 
    4630   115.122   115.038 
    4640   115.122   115.038 
    4650   115.182   115.041 
    4660   115.122   115.038 
    4670   115.122   115.038 
    4680   115.122   115.042 
    4690   115.122   115.038 
    4700   115.124   115.037 
    4710   115.125   115.038 
    4720   115.122   115.038 
    4730   115.122   115.038 
    4740   115.122   115.038 
    4750   115.121   115.037 
    4760   115.122   115.039 
    4770   115.122   115.039 
    4780   115.123   115.039 
    4790   115.122   115.038 
    4800   115.118   115.079 
    4810   115.122   115.039 
    4820   115.122   115.038 
    4830   115.124   115.038 
    4840   115.122   115.038 
    4850   115.124   115.073 
    4860   115.122   115.038 
    4870   115.122   115.038 
    4880   115.121   115.038 
    4890   115.122   115.039 
    4900   115.126   115.088 
    4910   115.122   115.038 
    4920   115.122   115.038 
    4930   126.034   188.195 
    4940   115.122   115.038 
    4950   115.127   115.038 
    4960   115.122   115.038 
    4970   115.122   115.038 
    4980   115.122   115.038 
    4990   115.122   115.038 
    5000   115.132   115.038 
    5010   115.122   115.038 
    5020   115.122   115.038 
    5030   115.122   115.040 
    5040   115.121   115.038 
    5050   115.057   115.033 
    5060   115.122   115.038 
    5070   115.122   115.038 
    5080    86.065   135.207 
    5090   115.122   115.038 
    5100   115.140   115.053 
    5110   115.124   115.039 
    5120   115.122   115.038 
    5130   115.122   115.038 
    5140   115.122   115.038 
    5150   115.123   115.027 
    5160   115.122   115.038 
    5170   115.122   115.038 
    5180    31.254   114.568 
    5190   115.122   115.038 
    5200   115.122   115.091 
    5210   115.122   115.038 
    5220   115.122   115.038 
    5230   115.123   115.041 
    5240   115.122   115.038 
    5250   115.183   115.063 
    5260   115.122   115.038 
    5270   115.122   115.039 
    5280    44.656   181.869 
    5290   115.122   115.038 
    5300   115.119   115.035 
    5310   115.123   115.038 
    5320   115.122   115.038 
    5330   115.124   115.038 
    5340   115.122   115.038 
    5350   115.123   115.043 
    5360   115.124   115.039 
    5370   115.122   115.038 
    5380   115.124   115.038 
    5390   115.122   115.038 
    5400   115.122   115.032 
    5410   115.122   115.038 
    5420   115.122   115.038 
    5430   115.115   115.035 
    5440   115.122   115.039 
    5450   115.121   115.040 
    5460   115.122   115.038 
    5470   115.122   115.038 
    5480   115.124   115.038 
    5490   115.122   115.038 
    5500   115.091   114.967 
    5510   115.122   115.038 
    5520   115.122   115.038 
    5530   115.122   115.039 
    5540   115.122   115.038 
    5550   115.141   115.041 
    5560   115.122   115.038 
    5570   115.122   115.038 
    5580   115.121   115.036 
    5590   115.122   115.038 
    5600   115.115   115.044 
    5610   115.122   115.038 
    5620   115.122   115.038 
    5630   115.122   115.038 
    5640   115.122   115.038 
    5650   115.134   115.039 
    5660   115.122   115.038 
    5670   115.122   115.038 
    5680   115.122   115.037 
    5690   115.122   115.038 
    5700   115.107   115.043 
    5710   115.122   115.038 
    5720   115.122   115.038 
    5730   115.120   115.035 
    5740   115.122   115.039 
    5750   115.118   115.028 
    5760   115.122   115.038 
    5770   115.122   115.038 
    5780   115.124   115.038 
    5790   115.122   115.038 
    5800   115.122   115.049 
    5810   115.122   115.038 
    5820   115.122   115.038 
    5830   115.124   115.038 
    5840   115.122   115.038 
    5850   115.122   115.032 
    5860   115.122   115.038 
    5870   115.122   115.038 
    5880   115.122   115.042 
    5890   115.122   115.039 
    5900   115.126   115.039 
    5910   115.123   115.039 
    5920   115.122   115.038 
    5930   115.123   115.038 
    5940   115.122   115.038 
    5950   115.080   115.013 
    5960   115.123   115.042 
    5970   115.122   115.038 
    5980   115.122   115.038 
    5990   115.122   115.038 
    6000   115.133   115.038 
    6010   115.122   115.038 
    6020   115.122   115.038 
    6030   115.122   115.037 
    6040   115.123   115.038 
    6050   115.142   115.039 
    6060   115.122   115.039 
    6070   115.122   115.038 
    6080   114.696   219.332 
    6090   115.122   115.038 
    6100   115.112   115.038 
    6110   115.122   115.038 
    6120   115.122   115.038 
    6130   115.122   115.037 
    6140   115.122   115.038 
    6150   115.082   115.038 
    6160   115.122   115.038 
    6170   115.122   115.038 
    6180   161.815   117.749 
    6190   115.122   115.038 
    6200   115.098   114.994 
    6210   115.123   115.039 
    6220   115.122   115.038 
    6230   115.121   115.037 
    6240   115.122   115.038 
    6250   115.097   115.056 
    6260   115.122   115.039 
    6270   115.122   115.038 
    6280   115.122   115.038 
    6290   115.123   115.038 
    6300   115.099   115.015 
    6310   115.122   115.038 
    6320   115.122   115.038 
    6330   115.123   115.037 
    6340   115.122   115.038 
    6350   115.119   115.036 
    6360   115.122   115.038 
    6370   115.122   115.038 
    6380   115.122   115.038 
    6390   115.122   115.038 
    6400   115.164   115.044 
    6410   115.122   115.030 
    6420   115.122   115.038 
    6430    -5.739    20.738 
    6440   115.122   115.038 
    6450   115.089   115.095 
    6460   115.122   115.038 
    6470   115.122   115.038 
    6480   115.125   115.038 
    6490   115.122   115.038 
    6500   115.067   115.026 
    6510   115.122   115.038 
    6520   115.122   115.038 
    6530   115.123   115.038 
    6540   115.122   115.038 
    6550   115.132   115.037 
    6560   115.122   115.038 
    6570   115.122   115.038 
    6580   115.131   115.030 
    6590   115.122   115.038 
    6600   115.124   115.036 
    6610   115.128   115.038 
    6620   115.122   115.038 
    6630   115.125   115.039 
    6640   115.123   115.038 
    6650   115.122   115.035 
    6660   115.122   115.038 
    6670   115.122   115.038 
    6680   115.123   115.037 
    6690   115.122   115.038 
    6700   115.111   115.038 
    6710   115.122   115.038 
    6720   115.122   115.038 
    6730   115.123   115.038 
    6740   115.122   115.038 
    6750   115.133   115.038 
    6760   115.122   115.039 
    6770   115.122   115.038 
    6780   115.122   115.038 
    6790   115.122   115.038 
    6800   115.125   115.038 
    6810   115.123   115.038 
    6820   115.122   115.038 
    6830   115.122   115.038 
    6840   115.122   115.038 
    6850   115.122   115.036 
    6860   115.122   115.039 
    6870   115.122   115.038 
    6880   115.121   115.037 
    6890   115.122   115.038 
    6900   115.125   115.122 
    6910   115.122   115.038 
    6920   115.122   115.038 
    6930   115.122   115.038 
    6940   115.122   115.038 
    6950   115.142   115.035 
    6960   115.123   115.038 
    6970   115.122   115.038 
    6980   115.122   115.038 
    6990   115.122   115.038 
    7000   115.122   115.050 
    7010   115.122   115.039 
    7020   115.122   115.038 
    7030   115.128   115.039 
    7040   115.122   115.038 
    7050   115.123   115.035 
    7060   115.122   115.038 
    7070   115.122   115.038 
    7080    26.715    86.349 
    7090   115.122   115.038 
    7100   115.132   115.006 
    7110   115.122   115.038 
    7120   115.122   115.038 
    7130   115.123   115.040 
    7140   115.123   115.040 
    7150   115.115   115.024 
    7160   115.122   115.038 
    7170   115.122   115.038 
    7180    56.266   227.320 
    7190   115.123   115.038 
    7200   115.130   115.047 
    7210   115.122   115.038 
    7220   115.122   115.038 
    7230   115.122   115.038 
    7240   115.122   115.038 
    7250   115.120   115.039 
    7260   115.122   115.038 
    7270   115.122   115.038 
    7280   115.124   115.033 
    7290   115.122   115.039 
    7300   115.118   115.040 
    7310   115.122   115.039 
    7320   115.123   115.038 
    7330    54.782    19.802 
    7340   115.122   115.038 
    7350   115.126   115.037 
    7360   115.122   115.038 
    7370   115.122   115.038 
    7380   115.224   208.688 
    7390   115.123   115.038 
    7400   115.277   115.011 
    7410   115.122   115.038 
    7420   115.123   115.038 
    7430   115.123   115.038 
    7440   115.122   115.038 
    7450   115.196   115.000 
    7460   115.124   115.038 
    7470   115.122   115.038 
    7480   115.123   115.040 
    7490   115.122   115.039 
    7500   115.124   115.049 
    7510   115.122   115.038 
    7520   115.122   115.038 
    7530   115.122   115.038 
    7540   115.123   115.038 
    7550   115.132   115.037 
    7560   115.122   115.044 
    7570   115.122   115.038 
    7580   115.122   115.038 
    7590   115.122   115.038 
    7600   115.131   115.038 
    7610   115.122   115.039 
    7620   115.122   115.038 
    7630   115.122   115.039 
    7640   115.122   115.038 
    7650   115.122   115.038 
    7660   115.123   115.038 
    7670   115.122   115.038 
    7680   115.123   115.038 
    7690   115.122   115.038 
    7700   115.105   115.029 
    7710   115.122   115.038 
    7720   115.122   115.038 
    7730   115.122   115.039 
    7740   115.122   115.038 
    7750   115.123   115.033 
    7760   115.122   115.038 
    7770   115.122   115.038 
    7780   115.123   115.039 
    7790   115.122   115.038 
    7800   115.163   115.012 
    7810   115.123   115.038 
    7820   115.122   115.038 
    7830   115.122   115.038 
    7840   115.122   115.038 
    7850   115.113   115.039 
    7860   115.122   115.038 
    7870   115.122   115.038 
    7880   115.122   115.038 
    7890   115.122   115.038 
    7900   115.123   115.030 
    7910   115.122   115.038 
    7920   115.122   115.038 
    7930   115.122   115.038 
    7940   115.123   115.038 
    7950   115.122   115.039 
    7960   115.122   115.039 
    7970   115.122   115.038 
    7980   115.122   115.037 
    7990   115.122   115.039 
    8000   115.117   115.039 
    8010   115.122   115.038 
    8020   115.122   115.038 
    8030   115.119   115.037 
    8040   115.122   115.038 
    8050   115.123   115.038 
    8060   115.122   115.038 
    8070   115.122   115.039 
    8080   115.122   115.041 
    8090   115.122   115.038 
    8100   115.120   115.038 
    8110   115.122   115.038 
    8120   115.122   115.039 
    8130   115.124   115.039 
    8140   115.122   115.038 
    8150   115.121   115.036 
    8160   115.124   115.040 
    8170   115.122   115.038 
    8180   115.122   115.038 
    8190   115.122   115.038 
    8200   115.131   115.037 
    8210   115.122   115.038 
    8220   115.122   115.038 
    8230   115.124   115.038 
    8240   115.122   115.038 
    8250   115.123   115.036 
    8260   115.123   115.038 
    8270   115.122   115.038 
    8280   115.122   115.037 
    8290   115.122   115.038 
    8300   115.121   115.038 
    8310   115.123   115.039 
    8320   115.122   115.038 
    8330   115.123   115.037 
    8340   115.122   115.039 
    8350   115.027   115.000 
    8360   115.122   115.038 
    8370   115.122   115.038 
    8380   115.125   115.038 
    8390   115.122   115.038 
    8400   115.171   115.060 
    8410   115.122   115.038 
    8420   115.122   115.038 
    8430   115.121   115.039 
    8440   115.122   115.039 
    8450   115.142   115.039 
    8460   115.122   115.039 
    8470   115.122   115.038 
    8480   115.122   115.039 
    8490   115.122   115.038 
    8500   115.131   115.038 
    8510   115.122   115.038 
    8520   115.122   115.038 
    8530   115.123   115.038 
    8540   115.122   115.038 
    8550   115.120   115.036 
    8560   115.122   115.038 
    8570   115.122   115.038 
    8580   115.124   115.039 
    8590   115.122   115.038 
    8600   115.121   115.044 
    8610   115.122   115.038 
    8620   115.122   115.038 
    8630   115.122   115.038 
    8640   115.122   115.038 
    8650   115.181   115.040 
    8660   115.122   115.039 
    8670   115.122   115.038 
    8680   115.125   115.039 
    8690   115.123   115.039 
    8700   115.126   115.035 
    8710   115.122   115.038 
    8720   115.122   115.038 
    8730   115.123   115.038 
    8740   115.122   115.038 
    8750   115.121   115.041 
    8760   115.122   115.038 
    8770   115.122   115.038 
    8780   115.124   115.038 
    8790   115.122   115.038 
    8800   115.084   115.043 
    8810   115.122   115.039 
    8820   115.122   115.038 
    8830   115.122   115.036 
    8840   115.122   115.039 
    8850   115.120   115.031 
    8860   115.123   115.038 
    8870   115.122   115.038 
    8880   115.122   115.037 
    8890   115.123   115.038 
    8900   115.121   115.038 
    8910   115.122   115.038 
    8920   115.122   115.038 
    8930   115.123   115.040 
    8940   115.122   115.038 
    8950   115.119   115.039 
    8960   115.122   115.039 
    8970   115.122   115.038 
    8980   115.122   115.038 
    8990   115.122   115.038 
    9000   115.122   115.038 
    9010   115.122   115.039 
    9020   115.122   115.039 
    9030   120.179   220.737 
    9040   115.122   115.038 
    9050   115.120   115.040 
    9060   115.122   115.039 
    9070   115.122   115.038 
    9080   115.121   115.038 
    9090   115.122   115.038 
    9100   115.196   115.091 
    9110   115.122   115.038 
    9120   115.122   115.038 
    9130   115.120   115.039 
    9140   115.122   115.038 
    9150   115.178   115.008 
    9160   115.122   115.038 
    9170   115.122   115.038 
    9180   115.123   115.038 
    9190   115.122   115.038 
    9200   115.122   115.033 
    9210   115.123   115.038 
    9220   115.122   115.038 
    9230   115.123   115.038 
    9240   115.122   115.038 
    9250   115.123   115.041 
    9260   115.123   115.038 
    9270   115.122   115.038 
    9280   115.121   115.038 
    9290   115.122   115.038 
    9300   115.123   115.029 
    9310   115.122   115.038 
    9320   115.122   115.038 
    9330   115.123   115.038 
    9340   115.122   115.038 
    9350   115.121   115.037 
    9360   115.122   115.038 
    9370   115.122   115.038 
    9380   115.122   115.039 
    9390   115.122   115.038 
    9400   115.123   115.039 
    9410   115.122   115.038 
    9420   115.122   115.038 
    9430   115.124   115.039 
    9440   115.122   115.038 
    9450   115.130   115.044 
    9460   115.122   115.038 
    9470   115.122   115.038 
    9480   115.123   115.039 
    9490   115.122   115.038 
    9500   115.121   115.040 
    9510   115.122   115.038 
    9520   115.123   115.039 
    9530   115.122   115.039 
    9540   115.122   115.038 
    9550   115.095   115.039 
    9560   115.122   115.035 
    9570   115.122   115.039 
    9580   123.649    40.909 
    9590   115.122   115.038 
    9600   115.126   115.039 
    9610   115.122   115.039 
    9620   115.122   115.038 
    9630   167.579    39.312 
    9640   115.122   115.038 
    9650   115.114   115.036 
    9660   115.122   115.038 
    9670   115.122   115.038 
    9680   115.124   115.038 
    9690   115.122   115.038 
    9700   115.119   115.034 
    9710   115.122   115.038 
    9720   115.122   115.038 
    9730   115.124   115.039 
    9740   115.122   115.038 
    9750   115.122   115.051 
    9760   115.122   115.039 
    9770   115.122   115.038 
    9780   115.122   115.038 
    9790   115.122   115.038 
    9800   115.184   115.040 
    9810   115.122   115.038 
    9820   115.122   115.038 
    9830   115.121   115.040 
    9840   115.122   115.038 
    9850   115.139   115.002 
    9860   115.122   115.039 
    9870   115.122   115.038 
    9880   160.250    45.547 
    9890   115.122   115.038 
    9900   115.122   115.039 
    9910   115.122   115.039 
    9920   115.122   115.038 
    9930   115.123   115.038 
    9940   115.122   115.038 
    9950   115.122   115.038 
    9960   115.122   115.038 
    9970   115.122   115.038 
    9980   115.122   115.037 
    9990   115.122   115.038 
   10000   115.122   115.038 
