       0   154.978   154.973 
      10   159.678   159.792 
      20   159.912   159.929 
      30   159.859   159.880 
      40   159.835   159.871 
      50   159.824   159.872 
      60   159.927   159.926 
      70   159.963   159.909 
      80   159.937   159.919 
      90   159.974   159.943 
     100   159.939   159.929 
     110   159.941   159.913 
     120   159.948   159.911 
     130   159.945   159.936 
     140   159.940   159.939 
     150   159.938   159.937 
     160   159.936   159.935 
     170   159.946   159.942 
     180   159.946   159.944 
     190   159.945   159.943 
     200   159.944   159.942 
     210   159.939   159.931 
     220   159.946   159.947 
     230   159.947   159.945 
     240   159.945   159.946 
     250   159.945   159.946 
     260   159.948   159.942 
     270   159.949   159.948 
     280   159.947   159.949 
     290   159.948   159.947 
     300   159.952   159.951 
     310   159.947   159.945 
     320   159.948   159.950 
     330   159.950   159.945 
     340   159.949   159.948 
     350   159.943   159.931 
     360   159.943   159.950 
     370   159.951   159.949 
     380   159.949   159.951 
     390   159.950   159.951 
     400   159.956   159.969 
     410   159.950   159.951 
     420   159.947   159.952 
     430   159.949   159.953 
     440   159.950   159.952 
     450   159.939   159.924 
     460   159.952   159.951 
     470   159.948   159.953 
     480   159.950   159.953 
     490   159.950   159.952 
     500   159.960   159.960 
     510   159.951   159.951 
     520   159.951   159.953 
     530   159.951   159.953 
     540   159.949   159.952 
     550   159.955   159.961 
     560   159.951   159.953 
     570   159.951   159.954 
     580   159.945   159.954 
     590   159.952   159.953 
     600   159.950   159.951 
     610   159.945   159.954 
     620   159.954   159.955 
     630   159.952   159.954 
     640   159.956   159.956 
     650   159.992   159.970 
     660   159.950   159.958 
     670   159.951   159.957 
     680   159.952   159.956 
     690   159.951   159.958 
     700   159.950   159.960 
     710   159.982   159.961 
     720   159.960   159.958 
     730   159.952   159.956 
     740   159.951   159.957 
     750   159.958   159.946 
     760   159.955   159.958 
     770   159.953   159.957 
     780   159.951   159.956 
     790   159.952   159.956 
     800   159.954   159.953 
     810   159.955   159.958 
     820   159.953   159.957 
     830   159.952   159.960 
     840   159.951   159.959 
     850   159.940   159.979 
     860   159.949   159.955 
     870   159.953   159.958 
     880   159.955   159.957 
     890   159.953   159.957 
     900   159.969   159.950 
     910   159.952   159.957 
     920   159.953   159.958 
     930   159.953   159.957 
     940   159.953   159.958 
     950   159.965   159.977 
     960   159.953   159.958 
     970   159.953   159.958 
     980   159.953   159.958 
     990   159.953   159.957 
    1000   159.950   159.953 
    1010   159.952   159.959 
    1020   159.953   159.959 
    1030    96.878   209.660 
    1040   159.955   159.957 
    1050   159.913   160.001 
    1060   159.954   159.959 
    1070   159.953   159.959 
    1080   159.953   159.959 
    1090   159.952   159.960 
    1100   159.948   159.964 
    1110   159.967   159.978 
    1120   159.953   159.959 
    1130   159.954   159.960 
    1140   159.954   159.959 
    1150   159.948   159.969 
    1160   159.954   159.959 
    1170   159.954   159.959 
    1180   159.955   159.960 
    1190   159.955   159.958 
    1200   159.946   159.967 
    1210   159.956   159.962 
    1220   159.955   159.961 
    1230   159.954   159.960 
    1240   159.952   159.961 
    1250   159.948   159.966 
    1260   159.955   159.961 
    1270   159.956   159.961 
    1280   108.766   106.992 
    1290   159.962   159.959 
    1300   159.945   159.936 
    1310   159.955   159.959 
    1320   159.954   159.960 
    1330   159.954   159.960 
    1340   159.954   159.960 
    1350   159.976   160.032 
    1360   159.954   159.960 
    1370   159.954   159.960 
    1380   159.960   159.959 
    1390   159.954   159.960 
    1400   159.950   159.966 
    1410   159.956   159.960 
    1420   159.954   159.960 
    1430   159.953   159.960 
    1440   159.954   159.961 
    1450   159.966   159.936 
    1460   159.955   159.960 
    1470   159.955   159.960 
    1480   159.954   159.961 
    1490   159.953   159.962 
    1500   159.923   160.034 
    1510   159.954   159.960 
    1520   159.954   159.960 
    1530   159.953   159.960 
    1540   159.954   159.960 
    1550   159.956   159.952 
    1560   159.947   159.959 
    1570   159.955   159.961 
    1580   159.956   159.961 
    1590   159.954   159.961 
    1600   159.953   159.970 
    1610   159.958   159.961 
    1620   159.955   159.961 
    1630   101.669   139.496 
    1640   159.954   159.961 
    1650   159.968   159.913 
    1660   159.955   159.961 
    1670   159.956   159.961 
    1680   159.954   159.960 
    1690   159.954   159.961 
    1700   159.957   159.958 
    1710   159.955   159.962 
    1720   159.954   159.960 
    1730   159.955   159.961 
    1740   159.951   159.965 
    1750   159.962   159.962 
    1760   159.955   159.960 
    1770   159.955   159.961 
    1780   147.270   230.269 
    1790   159.954   159.961 
    1800   159.960   159.962 
    1810   159.955   159.960 
    1820   159.955   159.961 
    1830   159.953   159.970 
    1840   159.954   159.961 
    1850   159.962   159.949 
    1860   159.954   159.960 
    1870   159.955   159.961 
    1880   159.955   159.961 
    1890   159.956   159.960 
    1900   159.946   159.966 
    1910   159.954   159.961 
    1920   159.955   159.961 
    1930   159.954   159.961 
    1940   159.954   159.961 
    1950   159.947   159.968 
    1960   159.956   159.962 
    1970   159.955   159.961 
    1980   159.953   159.959 
    1990   159.955   159.961 
    2000   159.959   159.957 
    2010   159.955   159.962 
    2020   159.955   159.961 
    2030   159.954   159.960 
    2040   159.955   159.961 
    2050   159.960   159.970 
    2060   159.954   159.962 
    2070   159.955   159.961 
    2080   244.502    90.869 
    2090   159.955   159.961 
    2100   159.952   159.957 
    2110   159.953   159.962 
    2120   159.955   159.961 
    2130   159.955   159.961 
    2140   159.955   159.961 
    2150   159.967   159.954 
    2160   159.955   159.961 
    2170   159.955   159.961 
    2180   159.955   159.961 
    2190   159.950   159.962 
    2200   159.960   159.966 
    2210   159.955   159.961 
    2220   159.956   159.960 
    2230   159.955   159.962 
    2240   159.955   159.961 
    2250   159.985   159.990 
    2260   159.956   159.960 
    2270   159.955   159.961 
    2280   159.955   159.961 
    2290   159.956   159.962 
    2300   159.964   159.968 
    2310   159.954   159.963 
    2320   159.955   159.961 
    2330   102.928   264.345 
    2340   159.956   159.962 
    2350   159.959   159.969 
    2360   159.954   159.962 
    2370   159.955   159.961 
    2380   159.955   159.961 
    2390   159.955   159.962 
    2400   159.949   159.957 
    2410   159.962   159.951 
    2420   159.955   159.961 
    2430    93.735   256.190 
    2440   159.955   159.962 
    2450   159.893   160.014 
    2460   159.955   159.961 
    2470   159.955   159.962 
    2480   159.955   159.962 
    2490   159.955   159.961 
    2500   159.929   159.979 
    2510   159.955   159.962 
    2520   159.955   159.962 
    2530   159.955   159.961 
    2540   159.955   159.962 
    2550   159.952   159.967 
    2560   159.954   159.961 
    2570   159.955   159.962 
    2580   159.956   159.962 
    2590   159.955   159.962 
    2600   159.955   159.961 
    2610   159.955   159.962 
    2620   159.956   159.962 
    2630   159.954   159.960 
    2640   159.955   159.962 
    2650   159.960   159.969 
    2660   159.955   159.962 
    2670   159.958   159.960 
    2680   159.955   159.962 
    2690   159.954   159.960 
    2700   159.910   159.880 
    2710   159.955   159.962 
    2720   159.955   159.962 
    2730   159.955   159.962 
    2740   159.955   159.962 
    2750   159.970   159.949 
    2760   159.956   159.962 
    2770   159.955   159.962 
    2780   159.955   159.963 
    2790   159.955   159.962 
    2800   159.952   159.959 
    2810   159.955   159.962 
    2820   159.955   159.962 
    2830   159.955   159.962 
    2840   159.955   159.962 
    2850   159.983   160.022 
    2860   159.955   159.962 
    2870   159.955   159.962 
    2880   159.955   159.962 
    2890   159.955   159.962 
    2900   159.955   159.962 
    2910   159.956   159.962 
    2920   159.955   159.962 
    2930   159.955   159.962 
    2940   159.955   159.962 
    2950   159.958   159.971 
    2960   159.955   159.962 
    2970   159.955   159.962 
    2980   159.955   159.962 
    2990   159.955   159.962 
    3000   159.947   159.865 
    3010   159.954   159.963 
    3020   159.955   159.961 
    3030   159.955   159.962 
    3040   159.956   159.962 
    3050   159.944   159.959 
    3060   159.956   159.962 
    3070   159.955   159.962 
    3080   159.956   159.962 
    3090   159.955   159.962 
    3100   159.972   159.956 
    3110   159.956   159.963 
    3120   159.955   159.962 
    3130   159.955   159.961 
    3140   159.955   159.962 
    3150   159.948   159.964 
    3160   159.955   159.962 
    3170   159.955   159.962 
    3180   159.955   159.960 
    3190   159.955   159.962 
    3200   159.948   159.965 
    3210   159.956   159.962 
    3220   159.955   159.962 
    3230   159.956   159.963 
    3240   159.955   159.962 
    3250   159.965   159.961 
    3260   159.955   159.962 
    3270   159.956   159.962 
    3280   159.955   159.962 
    3290   159.955   159.962 
    3300   159.994   159.949 
    3310   159.955   159.962 
    3320   159.956   159.962 
    3330   159.956   159.962 
    3340   159.955   159.962 
    3350   160.070   160.014 
    3360   159.955   159.962 
    3370   159.956   159.962 
    3380   159.955   159.962 
    3390   159.956   159.962 
    3400   159.957   159.960 
    3410   159.956   159.962 
    3420   159.955   159.962 
    3430   159.956   159.962 
    3440   159.955   159.962 
    3450   159.952   159.942 
    3460   159.967   159.961 
    3470   159.955   159.962 
    3480   159.955   159.962 
    3490   159.955   159.962 
    3500   160.014   160.043 
    3510   159.955   159.962 
    3520   159.956   159.963 
    3530   159.955   159.962 
    3540   159.956   159.963 
    3550   159.962   159.964 
    3560   159.956   159.962 
    3570   159.956   159.962 
    3580    93.372   111.901 
    3590   159.956   159.963 
    3600   159.958   159.958 
    3610   159.956   159.963 
    3620   159.956   159.963 
    3630   159.956   159.963 
    3640   159.955   159.963 
    3650   159.917   160.027 
    3660   159.956   159.962 
    3670   159.956   159.963 
    3680   159.955   159.963 
    3690   159.956   159.963 
    3700   159.961   159.960 
    3710   159.956   159.963 
    3720   159.955   159.962 
    3730   116.531    50.333 
    3740   159.956   159.963 
    3750   159.963   159.960 
    3760   159.956   159.963 
    3770   159.956   159.963 
    3780   159.955   159.962 
    3790   159.955   159.964 
    3800   159.951   159.962 
    3810   159.956   159.963 
    3820   159.956   159.962 
    3830   159.956   159.962 
    3840   159.955   159.962 
    3850   159.942   160.025 
    3860   159.955   159.962 
    3870   159.955   159.963 
    3880   159.955   159.962 
    3890   159.956   159.963 
    3900   159.952   159.962 
    3910   159.955   159.963 
    3920   159.956   159.963 
    3930   159.948   159.961 
    3940   159.956   159.963 
    3950   159.945   159.984 
    3960   159.955   159.963 
    3970   159.956   159.963 
    3980   159.957   159.962 
    3990   159.956   159.963 
    4000   159.956   159.968 
    4010   159.956   159.962 
    4020   159.956   159.964 
    4030    93.069   126.270 
    4040   159.956   159.963 
    4050   159.941   159.943 
    4060   159.959   159.959 
    4070   159.956   159.963 
    4080    66.334    47.283 
    4090   159.956   159.963 
    4100   159.989   160.014 
    4110   159.956   159.963 
    4120   159.956   159.963 
    4130   159.955   159.965 
    4140   159.956   159.962 
    4150   159.955   159.955 
    4160   159.956   159.963 
    4170   159.956   159.963 
    4180   159.955   159.963 
    4190   159.956   159.963 
    4200   159.957   159.964 
    4210   159.956   159.962 
    4220   159.956   159.963 
    4230   159.954   159.962 
    4240   159.956   159.963 
    4250   159.953   159.967 
    4260   159.955   159.963 
    4270   159.956   159.963 
    4280   159.956   159.962 
    4290   159.956   159.963 
    4300   159.961   159.972 
    4310   159.956   159.963 
    4320   159.956   159.963 
    4330   159.955   159.962 
    4340   159.956   159.963 
    4350   159.951   159.965 
    4360   159.955   159.962 
    4370   159.956   159.963 
    4380   159.956   159.962 
    4390   159.956   159.963 
    4400   159.957   159.955 
    4410   159.954   159.962 
    4420   159.956   159.963 
    4430   278.573   246.534 
    4440   159.956   159.963 
    4450   159.953   159.969 
    4460   159.955   159.963 
    4470   159.956   159.963 
    4480   159.955   159.963 
    4490   159.956   159.963 
    4500   159.947   159.959 
    4510   159.956   159.963 
    4520   159.955   159.963 
    4530   159.955   159.962 
    4540   159.956   159.963 
    4550   159.919   159.942 
    4560   159.955   159.963 
    4570   159.956   159.963 
    4580   159.957   159.962 
    4590   159.956   159.963 
    4600   159.955   159.959 
    4610   159.956   159.963 
    4620   159.956   159.964 
    4630    79.435   120.622 
    4640   159.956   159.963 
    4650   159.960   159.960 
    4660   159.956   159.963 
    4670   159.956   159.963 
    4680   159.956   159.963 
    4690   159.956   159.963 
    4700   159.965   159.958 
    4710   159.955   159.960 
    4720   159.956   159.963 
    4730   159.955   159.963 
    4740   159.956   159.963 
    4750   159.961   159.947 
    4760   159.956   159.964 
    4770   159.955   159.963 
    4780   159.956   159.963 
    4790   159.956   159.963 
    4800   159.951   159.963 
    4810   159.956   159.963 
    4820   159.956   159.963 
    4830   159.955   159.963 
    4840   159.956   159.963 
    4850   159.965   159.963 
    4860   159.956   159.963 
    4870   159.956   159.963 
    4880    77.543   160.377 
    4890   159.956   159.963 
    4900   159.957   160.035 
    4910   159.952   159.963 
    4920   159.956   159.963 
    4930   159.955   159.963 
    4940   159.956   159.963 
    4950   159.956   159.957 
    4960   159.955   159.963 
    4970   159.956   159.963 
    4980   159.955   159.963 
    4990   159.956   159.963 
    5000   159.961   159.970 
    5010   159.956   159.963 
    5020   159.956   159.963 
    5030   159.956   159.962 
    5040   159.956   159.963 
    5050   159.971   159.999 
    5060   159.954   159.963 
    5070   159.956   159.963 
    5080    60.150   266.867 
    5090   159.956   159.963 
    5100   160.001   160.000 
    5110   159.956   159.963 
    5120   159.956   159.963 
    5130   159.955   159.963 
    5140   159.956   159.963 
    5150   159.949   159.960 
    5160   159.956   159.963 
    5170   159.956   159.963 
    5180   159.956   159.962 
    5190   159.956   159.963 
    5200   159.959   159.963 
    5210   159.956   159.961 
    5220   159.956   159.963 
    5230   159.955   159.963 
    5240   159.956   159.963 
    5250   159.946   159.996 
    5260   159.955   159.963 
    5270   159.956   159.963 
    5280   159.955   159.963 
    5290   159.955   159.963 
    5300   159.925   159.986 
    5310   159.956   159.963 
    5320   159.956   159.963 
    5330   159.955   159.963 
    5340   159.956   159.963 
    5350   159.963   159.945 
    5360   159.956   159.963 
    5370   159.956   159.963 
    5380   159.955   159.963 
    5390   159.956   159.963 
    5400   159.929   160.049 
    5410   159.955   159.963 
    5420   159.956   159.963 
    5430   159.955   159.962 
    5440   159.956   159.963 
    5450   159.929   159.984 
    5460   159.956   159.963 
    5470   159.956   159.963 
    5480    62.145    63.446 
    5490   159.956   159.963 
    5500   159.950   159.970 
    5510   159.956   159.963 
    5520   159.955   159.963 
    5530   159.956   159.963 
    5540   159.955   159.963 
    5550   159.971   159.944 
    5560   159.955   159.963 
    5570   159.956   159.963 
    5580   159.955   159.963 
    5590   159.956   159.963 
    5600   159.954   159.957 
    5610   159.956   159.963 
    5620   159.955   159.963 
    5630   159.962   159.962 
    5640   159.955   159.963 
    5650   159.923   159.993 
    5660   159.956   159.963 
    5670   159.956   159.963 
    5680   159.958   159.963 
    5690   159.956   159.963 
    5700   159.955   159.910 
    5710   159.956   159.963 
    5720   159.956   159.963 
    5730   159.956   159.963 
    5740   159.956   159.963 
    5750   159.953   159.968 
    5760   159.955   159.963 
    5770   159.956   159.963 
    5780   219.223   258.802 
    5790   159.956   159.963 
    5800   159.957   159.953 
    5810   159.956   159.963 
    5820   159.956   159.963 
    5830   159.955   159.963 
    5840   159.956   159.963 
    5850   159.951   159.965 
    5860   159.955   159.963 
    5870   159.956   159.963 
    5880   159.956   159.963 
    5890   159.956   159.963 
    5900   159.986   160.016 
    5910   159.956   159.963 
    5920   159.956   159.963 
    5930   159.955   159.963 
    5940   159.956   159.963 
    5950   159.952   159.963 
    5960   159.956   159.963 
    5970   159.956   159.963 
    5980   159.956   159.961 
    5990   159.956   159.963 
    6000   159.950   159.963 
    6010   159.956   159.963 
    6020   159.956   159.963 
    6030   173.519    73.388 
    6040   159.956   159.963 
    6050   159.971   159.965 
    6060   159.956   159.963 
    6070   159.956   159.963 
    6080   159.955   159.961 
    6090   159.956   159.963 
    6100   159.956   159.952 
    6110   159.954   159.963 
    6120   159.956   159.963 
    6130   171.188   157.977 
    6140   159.956   159.963 
    6150   159.940   159.954 
    6160   159.955   159.963 
    6170   159.956   159.963 
    6180   159.956   159.963 
    6190   159.956   159.963 
    6200   159.966   159.962 
    6210   159.956   159.963 
    6220   159.956   159.963 
    6230   159.956   159.965 
    6240   159.956   159.963 
    6250   159.676   159.975 
    6260   159.955   159.962 
    6270   159.956   159.963 
    6280   159.955   159.963 
    6290   159.956   159.963 
    6300   159.958   159.970 
    6310   159.955   159.963 
    6320   159.956   159.963 
    6330   159.955   159.963 
    6340   159.956   159.963 
    6350   159.956   159.966 
    6360   159.960   159.962 
    6370   159.955   159.963 
    6380   159.955   159.963 
    6390   159.956   159.963 
    6400   159.942   159.963 
    6410   159.956   159.965 
    6420   159.956   159.964 
    6430   159.956   159.963 
    6440   159.956   159.963 
    6450   159.964   159.925 
    6460   159.956   159.963 
    6470   159.955   159.963 
    6480   159.956   159.963 
    6490   159.956   159.963 
    6500   159.958   159.959 
    6510   159.956   159.963 
    6520   159.955   159.964 
    6530   231.746   160.380 
    6540   159.956   159.963 
    6550   159.944   159.994 
    6560   159.964   159.967 
    6570   159.956   159.963 
    6580   159.956   159.962 
    6590   159.956   159.963 
    6600   159.872   159.944 
    6610   159.951   159.965 
    6620   159.956   159.963 
    6630   159.955   159.963 
    6640   159.956   159.963 
    6650   159.927   160.015 
    6660   159.956   159.963 
    6670   159.956   159.963 
    6680   159.956   159.963 
    6690   159.956   159.963 
    6700   159.927   159.854 
    6710   159.948   159.962 
    6720   159.956   159.963 
    6730   159.956   159.963 
    6740   159.956   159.963 
    6750   159.955   159.963 
    6760   159.956   159.962 
    6770   159.956   159.963 
    6780    84.520   157.859 
    6790   159.956   159.963 
    6800   159.956   159.987 
    6810   159.956   159.963 
    6820   159.956   159.963 
    6830   159.954   159.977 
    6840   159.956   159.963 
    6850   159.962   159.969 
    6860   159.956   159.963 
    6870   159.956   159.963 
    6880   159.955   159.963 
    6890   159.956   159.963 
    6900   160.016   160.008 
    6910   159.955   159.963 
    6920   159.956   159.963 
    6930   159.955   159.964 
    6940   159.955   159.963 
    6950   159.949   159.969 
    6960   159.956   159.963 
    6970   159.956   159.963 
    6980   159.955   159.964 
    6990   159.955   159.963 
    7000   159.959   159.964 
    7010   159.956   159.963 
    7020   159.956   159.963 
    7030   159.956   159.963 
    7040   159.956   159.963 
    7050   159.958   159.953 
    7060   159.955   159.963 
    7070   159.956   159.963 
    7080   159.955   159.963 
    7090   159.956   159.963 
    7100   159.934   159.898 
    7110   159.955   159.963 
    7120   159.956   159.963 
    7130   159.954   159.964 
    7140   159.956   159.963 
    7150   159.955   159.963 
    7160   159.956   159.963 
    7170   159.956   159.963 
    7180   159.956   159.964 
    7190   159.956   159.963 
    7200   159.956   159.963 
    7210   159.956   159.963 
    7220   159.955   159.963 
    7230   159.956   159.963 
    7240   159.955   159.963 
    7250   159.952   159.956 
    7260   159.956   159.963 
    7270   159.956   159.963 
    7280   159.956   159.964 
    7290   159.956   159.963 
    7300   159.978   159.964 
    7310   159.956   159.963 
    7320   159.956   159.963 
    7330   159.955   159.963 
    7340   159.956   159.963 
    7350   159.906   159.880 
    7360   159.956   159.963 
    7370   159.956   159.963 
    7380   159.955   159.963 
    7390   159.956   159.963 
    7400   159.926   159.939 
    7410   159.956   159.963 
    7420   159.956   159.963 
    7430   159.955   159.963 
    7440   159.956   159.963 
    7450   159.961   159.959 
    7460   159.956   159.962 
    7470   159.956   159.963 
    7480   159.956   159.962 
    7490   159.956   159.963 
    7500   160.036   159.970 
    7510   159.956   159.963 
    7520   159.956   159.963 
    7530   159.955   159.963 
    7540   159.956   159.963 
    7550   159.954   159.960 
    7560   159.955   159.963 
    7570   159.956   159.963 
    7580   159.955   159.961 
    7590   159.956   159.963 
    7600   159.982   159.923 
    7610   159.956   159.963 
    7620   159.956   159.963 
    7630   159.956   159.963 
    7640   159.956   159.963 
    7650   159.931   159.997 
    7660   159.956   159.963 
    7670   159.956   159.963 
    7680   159.956   159.963 
    7690   159.955   159.963 
    7700   159.936   159.976 
    7710   159.956   159.963 
    7720   159.956   159.963 
    7730    74.416   122.967 
    7740   159.956   159.963 
    7750   159.954   159.971 
    7760   159.956   159.963 
    7770   159.956   159.963 
    7780   159.953   159.963 
    7790   159.956   159.963 
    7800   159.954   159.945 
    7810   159.956   159.963 
    7820   159.956   159.963 
    7830   159.955   159.963 
    7840   159.956   159.963 
    7850   159.948   159.956 
    7860   159.956   159.963 
    7870   159.956   159.963 
    7880   159.954   159.962 
    7890   159.956   159.963 
    7900   159.970   159.958 
    7910   159.956   159.963 
    7920   159.956   159.963 
    7930   159.956   159.963 
    7940   159.956   159.963 
    7950   159.962   159.983 
    7960   159.956   159.963 
    7970   159.956   159.963 
    7980   159.955   159.962 
    7990   159.956   159.963 
    8000   159.960   159.962 
    8010   159.956   159.964 
    8020   159.956   159.963 
    8030   159.956   159.963 
    8040   159.956   159.963 
    8050   159.962   159.963 
    8060   159.956   159.963 
    8070   159.956   159.963 
    8080   159.956   159.963 
    8090   159.956   159.963 
    8100   159.989   159.907 
    8110   159.955   159.963 
    8120   159.956   159.963 
    8130   159.956   159.963 
    8140   159.956   159.963 
    8150   160.040   159.930 
    8160   159.955   159.963 
    8170   159.956   159.963 
    8180   159.955   159.963 
    8190   159.956   159.963 
    8200   159.955   159.966 
    8210   159.955   159.963 
    8220   159.956   159.963 
    8230   159.953   159.961 
    8240   159.956   159.963 
    8250   159.991   159.927 
    8260   159.956   159.963 
    8270   159.956   159.963 
    8280   159.958   159.962 
    8290   159.955   159.963 
    8300   159.946   159.965 
    8310   159.956   159.964 
    8320   159.956   159.963 
    8330   186.399   275.372 
    8340   159.956   159.963 
    8350   159.965   159.962 
    8360   159.956   159.963 
    8370   159.956   159.963 
    8380   159.955   159.961 
    8390   159.955   159.963 
    8400   159.952   159.964 
    8410   159.956   159.963 
    8420   159.956   159.963 
    8430    82.789   137.349 
    8440   159.956   159.963 
    8450   159.946   159.887 
    8460   159.954   159.961 
    8470   159.956   159.963 
    8480   159.955   159.963 
    8490   159.956   159.963 
    8500   159.954   159.963 
    8510   159.956   159.970 
    8520   159.956   159.963 
    8530   159.955   159.963 
    8540   159.956   159.963 
    8550   159.957   159.960 
    8560   159.956   159.963 
    8570   159.955   159.964 
    8580   159.956   159.963 
    8590   159.956   159.963 
    8600   160.060   159.953 
    8610   159.956   159.963 
    8620   159.956   159.963 
    8630   159.957   159.963 
    8640   159.956   159.963 
    8650   159.956   159.958 
    8660   159.957   159.963 
    8670   159.955   159.963 
    8680   159.957   159.963 
    8690   159.956   159.963 
    8700   159.955   159.964 
    8710   159.956   159.963 
    8720   159.956   159.964 
    8730   159.954   159.963 
    8740   159.956   159.963 
    8750   159.956   159.968 
    8760   159.956   159.963 
    8770   159.956   159.963 
    8780   159.956   159.964 
    8790   159.956   159.963 
    8800   160.012   160.010 
    8810   159.956   159.964 
    8820   159.956   159.963 
    8830   159.955   159.963 
    8840   159.956   159.963 
    8850   159.955   159.963 
    8860   159.956   159.963 
    8870   159.956   159.963 
    8880   159.956   159.964 
    8890   159.956   159.963 
    8900   160.024   160.006 
    8910   159.955   159.963 
    8920   159.955   159.963 
    8930   159.955   159.963 
    8940   159.955   159.963 
    8950   159.875   159.862 
    8960   159.956   159.964 
    8970   159.956   159.963 
    8980   159.956   159.963 
    8990   159.955   159.963 
    9000   159.941   160.033 
    9010   159.950   159.962 
    9020   159.956   159.963 
    9030   233.541   142.695 
    9040   159.956   159.963 
    9050   159.965   160.049 
    9060   159.956   159.963 
    9070   159.956   159.963 
    9080   159.956   159.963 
    9090   159.956   159.963 
    9100   159.966   159.963 
    9110   159.955   159.960 
    9120   159.956   159.964 
    9130   159.956   159.963 
    9140   159.956   159.963 
    9150   159.952   159.902 
    9160   159.955   159.963 
    9170   159.956   159.963 
    9180    68.686   153.392 
    9190   159.956   159.963 
    9200   159.956   159.953 
    9210   159.955   159.963 
    9220   159.956   159.963 
    9230    66.209   155.374 
    9240   159.956   159.963 
    9250   159.955   159.981 
    9260   159.956   159.963 
    9270   159.956   159.963 
    9280    90.316   122.126 
    9290   159.956   159.963 
    9300   159.949   159.980 
    9310   159.955   159.963 
    9320   159.956   159.963 
    9330   159.956   159.962 
    9340   159.956   159.963 
    9350   159.959   159.967 
    9360   159.956   159.963 
    9370   159.956   159.963 
    9380    86.164   248.279 
    9390   159.956   159.963 
    9400   159.963   159.979 
    9410   159.956   159.963 
    9420   159.956   159.963 
    9430   100.121    94.102 
    9440   159.956   159.963 
    9450   159.957   159.964 
    9460   159.956   159.964 
    9470   159.956   159.963 
    9480   159.955   159.964 
    9490   159.956   159.963 
    9500   159.959   159.959 
    9510   159.955   159.963 
    9520   159.956   159.963 
    9530   159.955   159.963 
    9540   159.956   159.963 
    9550   159.955   159.961 
    9560   159.956   159.963 
    9570   159.956   159.963 
    9580   159.955   159.963 
    9590   159.956   159.963 
    9600   159.981   159.960 
    9610   159.956   159.963 
    9620   159.956   159.963 
    9630   193.802   171.427 
    9640   159.956   159.963 
    9650   159.884   159.868 
    9660   159.955   159.963 
    9670   159.956   159.963 
    9680   159.955   159.962 
    9690   159.955   159.963 
    9700   159.904   159.880 
    9710   159.955   159.963 
    9720   159.955   159.963 
    9730   159.954   159.963 
    9740   159.956   159.963 
    9750   159.957   159.856 
    9760   159.956   159.963 
    9770   159.956   159.963 
    9780   159.955   159.963 
    9790   159.956   159.963 
    9800   159.964   159.958 
    9810   159.955   159.963 
    9820   159.956   159.963 
    9830   159.956   159.963 
    9840   159.956   159.963 
    9850   159.903   159.987 
    9860   159.960   159.973 
    9870   159.956   159.964 
    9880   159.957   159.963 
    9890   159.956   159.963 
    9900   159.952   159.961 
    9910   159.955   159.964 
    9920   159.956   159.963 
    9930   159.956   159.963 
    9940   159.955   159.963 
    9950   160.004   159.984 
    9960   159.955   159.963 
    9970   159.956   159.963 
    9980   159.956   159.963 
    9990   159.955   159.964 
   10000   159.956   159.963 
