       0   149.995   149.993 
      10   154.681   154.797 
      20   154.930   154.948 
      30   154.874   154.896 
      40   154.852   154.888 
      50   154.864   154.899 
      60   154.946   154.939 
      70   154.974   154.936 
      80   154.921   154.956 
      90   154.953   154.946 
     100   154.956   154.950 
     110   155.033   154.914 
     120   154.954   154.954 
     130   154.973   154.944 
     140   154.956   154.954 
     150   154.960   154.958 
     160   154.943   154.958 
     170   154.957   154.957 
     180   154.964   154.958 
     190   154.960   154.958 
     200   154.956   154.951 
     210   154.954   154.961 
     220   154.961   154.962 
     230   154.965   154.963 
     240   154.957   154.952 
     250   154.960   154.960 
     260   154.971   154.960 
     270   154.963   154.966 
     280   154.965   154.966 
     290   154.963   154.965 
     300   154.962   154.965 
     310   154.962   154.965 
     320   154.965   154.969 
     330   154.964   154.964 
     340   154.963   154.966 
     350   154.957   154.938 
     360   154.973   154.964 
     370   154.950   154.972 
     380   154.966   154.968 
     390   154.964   154.967 
     400   154.964   154.964 
     410   154.964   154.968 
     420   154.965   154.967 
     430   154.966   154.968 
     440   154.966   154.969 
     450   154.977   154.974 
     460   154.966   154.968 
     470   154.968   154.970 
     480   154.967   154.971 
     490   154.966   154.969 
     500   154.970   154.972 
     510   154.967   154.968 
     520   154.967   154.971 
     530   154.968   154.970 
     540   154.970   154.972 
     550   154.913   154.947 
     560   154.967   154.970 
     570   154.968   154.970 
     580   154.968   154.973 
     590   154.967   154.971 
     600   154.978   154.985 
     610   154.968   154.971 
     620   154.968   154.972 
     630   154.968   154.974 
     640   154.967   154.972 
     650   154.970   154.973 
     660   154.968   154.971 
     670   154.969   154.972 
     680   154.969   154.975 
     690   154.970   154.974 
     700   154.983   154.988 
     710   154.968   154.973 
     720   154.968   154.974 
     730   154.970   154.974 
     740   154.968   154.973 
     750   154.959   154.956 
     760   154.969   154.974 
     770   154.968   154.975 
     780   154.972   154.974 
     790   154.969   154.975 
     800   154.972   154.968 
     810   154.970   154.975 
     820   154.971   154.976 
     830   154.967   154.974 
     840   154.970   154.976 
     850   154.970   154.976 
     860   154.970   154.975 
     870   154.970   154.977 
     880   154.970   154.978 
     890   154.970   154.977 
     900   154.970   154.975 
     910   154.971   154.976 
     920   154.971   154.977 
     930   154.969   154.977 
     940   154.970   154.977 
     950   154.912   154.978 
     960   154.970   154.976 
     970   154.970   154.975 
     980   154.969   154.977 
     990   154.971   154.978 
    1000   154.956   155.049 
    1010   154.970   154.977 
    1020   154.970   154.977 
    1030   154.971   154.977 
    1040   154.970   154.977 
    1050   154.971   154.969 
    1060   154.970   154.977 
    1070   154.971   154.977 
    1080   154.971   154.977 
    1090   154.971   154.977 
    1100   154.971   154.948 
    1110   154.971   154.977 
    1120   154.971   154.977 
    1130   154.971   154.978 
    1140   154.970   154.977 
    1150   154.989   154.885 
    1160   154.972   154.977 
    1170   154.971   154.978 
    1180   154.971   154.978 
    1190   154.970   154.977 
    1200   154.923   154.917 
    1210   154.971   154.979 
    1220   154.971   154.978 
    1230   154.970   154.978 
    1240   154.971   154.981 
    1250   154.948   154.895 
    1260   154.971   154.978 
    1270   154.970   154.978 
    1280   154.971   154.978 
    1290   154.971   154.978 
    1300   154.972   154.973 
    1310   154.971   154.978 
    1320   154.971   154.978 
    1330   154.973   154.978 
    1340   154.971   154.978 
    1350   154.968   154.985 
    1360   154.971   154.978 
    1370   154.971   154.978 
    1380   154.971   154.979 
    1390   154.970   154.978 
    1400   154.969   154.991 
    1410   154.971   154.978 
    1420   154.971   154.978 
    1430   154.973   154.979 
    1440   154.971   154.978 
    1450   154.969   154.987 
    1460   154.971   154.978 
    1470   154.971   154.978 
    1480    75.328   131.193 
    1490   154.971   154.978 
    1500   154.981   154.936 
    1510   154.971   154.978 
    1520   154.973   154.979 
    1530   154.970   154.978 
    1540   154.971   154.978 
    1550   154.970   154.979 
    1560   154.971   154.978 
    1570   154.971   154.978 
    1580   154.971   154.978 
    1590   154.971   154.978 
    1600   154.972   154.978 
    1610   154.971   154.978 
    1620   154.971   154.977 
    1630   154.971   154.980 
    1640   154.971   154.978 
    1650   154.947   155.007 
    1660   154.971   154.978 
    1670   154.971   154.978 
    1680   154.971   154.978 
    1690   154.971   154.978 
    1700   154.967   154.973 
    1710   154.971   154.979 
    1720   154.971   154.978 
    1730   154.971   154.979 
    1740   154.971   154.978 
    1750   154.944   155.016 
    1760   154.972   154.979 
    1770   154.971   154.979 
    1780   154.971   154.978 
    1790   154.971   154.979 
    1800   154.916   154.971 
    1810   154.971   154.979 
    1820   154.971   154.979 
    1830   154.971   154.979 
    1840   154.971   154.979 
    1850   154.972   154.977 
    1860   154.972   154.979 
    1870   154.971   154.979 
    1880   154.972   154.979 
    1890   154.971   154.979 
    1900   154.983   154.924 
    1910   154.971   154.979 
    1920   154.971   154.979 
    1930   154.974   154.979 
    1940   154.971   154.979 
    1950   154.982   154.914 
    1960   154.971   154.979 
    1970   154.971   154.979 
    1980   154.971   154.979 
    1990   154.971   154.978 
    2000   154.978   154.949 
    2010   154.970   154.978 
    2020   154.971   154.979 
    2030   154.973   154.979 
    2040   154.971   154.979 
    2050   154.970   154.986 
    2060   154.971   154.979 
    2070   154.971   154.979 
    2080   154.971   154.979 
    2090   154.971   154.979 
    2100   154.969   154.988 
    2110   154.971   154.978 
    2120   154.971   154.979 
    2130   150.681   116.549 
    2140   150.362   153.859 
    2150   169.045   151.712 
    2160   150.390   148.124 
    2170   156.258   158.349 
    2180   155.849   153.923 
    2190   154.043   155.045 
    2200   157.618   153.707 
    2210   155.092   154.125 
    2220   155.230   154.570 
    2230   154.871   154.452 
    2240   154.731   154.767 
    2250   156.616   154.105 
    2260   155.012   154.665 
    2270   155.020   154.771 
    2280   155.014   154.871 
    2290   154.967   154.839 
    2300   154.877   154.761 
    2310   154.968   154.911 
    2320   155.040   154.841 
    2330   154.981   154.875 
    2340   154.895   154.879 
    2350   154.987   154.848 
    2360   154.668   155.000 
    2370   155.004   154.932 
    2380   154.991   154.961 
    2390   154.995   154.942 
    2400   155.003   154.958 
    2410   154.917   154.915 
    2420   155.008   154.985 
    2430   154.984   154.965 
    2440   154.996   154.950 
    2450   155.059   154.937 
    2460   154.971   154.954 
    2470   155.029   154.977 
    2480   154.946   154.933 
    2490   154.953   154.984 
    2500   154.970   154.965 
    2510   154.990   154.965 
    2520   154.976   154.961 
    2530   154.948   154.929 
    2540   154.985   154.966 
    2550   154.909   155.035 
    2560   154.928   154.911 
    2570   155.045   154.897 
    2580   155.000   154.988 
    2590   154.982   154.969 
    2600   154.984   154.970 
    2610   154.989   154.957 
    2620   154.979   155.058 
    2630   154.980   154.970 
    2640   154.965   154.968 
    2650   154.980   154.975 
    2660   154.981   154.969 
    2670   154.982   154.974 
    2680   154.981   154.957 
    2690   154.983   154.969 
    2700   154.989   154.970 
    2710   154.991   154.970 
    2720   154.988   154.970 
    2730   155.019   154.966 
    2740   154.982   154.972 
    2750   154.982   154.994 
    2760   154.980   154.968 
    2770   154.969   154.956 
    2780   154.981   154.973 
    2790   154.988   154.968 
    2800   154.984   154.971 
    2810   155.000   154.844 
    2820   154.997   154.839 
    2830   154.981   154.968 
    2840   154.980   154.969 
    2850   154.930   154.976 
    2860   154.979   154.951 
    2870   154.981   154.969 
    2880   154.980   154.971 
    2890   154.979   154.971 
    2900   154.971   154.980 
    2910   154.998   154.980 
    2920   154.979   154.971 
    2930   154.994   154.979 
    2940   154.983   154.971 
    2950   154.976   154.978 
    2960   154.976   154.968 
    2970   154.979   154.972 
    2980   154.981   154.972 
    2990   154.977   154.976 
    3000   155.000   154.960 
    3010   154.982   154.974 
    3020   154.980   154.974 
    3030   154.980   154.973 
    3040   154.980   154.974 
    3050   154.922   155.015 
    3060   154.985   154.982 
    3070   154.965   154.946 
    3080   154.980   154.974 
    3090   154.981   154.974 
    3100   154.989   154.974 
    3110   154.982   154.983 
    3120   154.979   154.970 
    3130   154.980   154.975 
    3140   154.980   154.974 
    3150   154.982   154.975 
    3160   154.981   154.977 
    3170   154.979   154.975 
    3180   154.978   154.974 
    3190   154.978   154.977 
    3200   154.920   155.022 
    3210   154.986   154.985 
    3220   154.977   154.972 
    3230   154.979   154.976 
    3240   154.980   154.975 
    3250   154.988   154.817 
    3260   155.012   154.978 
    3270   154.961   154.976 
    3280   154.981   154.977 
    3290   154.980   154.977 
    3300   154.975   154.892 
    3310   154.953   154.979 
    3320   154.981   154.978 
    3330   154.979   154.978 
    3340   154.978   154.976 
    3350   154.961   154.928 
    3360   154.990   154.972 
    3370   154.978   154.978 
    3380   154.978   154.977 
    3390   154.978   154.978 
    3400   154.967   154.990 
    3410   154.978   154.976 
    3420   154.979   154.977 
    3430   154.979   154.978 
    3440   154.978   154.979 
    3450   154.925   155.059 
    3460   154.983   154.980 
    3470   154.980   154.978 
    3480   154.978   154.977 
    3490   154.979   154.978 
    3500   154.925   155.037 
    3510   154.969   154.959 
    3520   154.980   154.981 
    3530   154.979   154.977 
    3540   154.984   154.974 
    3550   154.983   154.974 
    3560   154.982   154.982 
    3570   154.979   154.977 
    3580   154.978   154.976 
    3590   154.981   154.974 
    3600   154.983   154.970 
    3610   154.981   154.977 
    3620   154.981   154.977 
    3630   154.979   154.977 
    3640   154.979   154.977 
    3650   154.982   154.983 
    3660   154.974   154.978 
    3670   154.977   154.978 
    3680   154.979   154.977 
    3690   154.979   154.977 
    3700   154.980   154.976 
    3710   154.977   154.979 
    3720   154.979   154.977 
    3730   154.980   154.974 
    3740   154.979   154.977 
    3750   154.976   154.979 
    3760   154.977   154.974 
    3770   154.980   154.977 
    3780   154.979   154.976 
    3790   154.979   154.977 
    3800   154.991   154.994 
    3810   154.980   154.975 
    3820   154.979   154.976 
    3830   154.978   154.976 
    3840   154.979   154.978 
    3850   155.033   155.010 
    3860   154.983   154.963 
    3870   154.979   154.977 
    3880   154.979   154.975 
    3890   154.979   154.976 
    3900   154.983   154.973 
    3910   154.978   154.972 
    3920   154.979   154.976 
    3930   154.980   154.975 
    3940   154.979   154.975 
    3950   154.980   154.971 
    3960   154.980   154.975 
    3970   154.979   154.975 
    3980   154.978   154.974 
    3990   154.979   154.975 
    4000   154.938   155.021 
    4010   154.979   154.975 
    4020   154.984   154.980 
    4030   154.979   154.975 
    4040   154.978   154.977 
    4050   154.983   154.971 
    4060   154.980   154.976 
    4070   154.976   154.972 
    4080   154.978   154.976 
    4090   154.979   154.975 
    4100   155.035   154.958 
    4110   154.979   154.975 
    4120   154.979   154.975 
    4130   154.979   154.975 
    4140   154.978   154.975 
    4150   154.976   154.979 
    4160   154.977   154.973 
    4170   154.981   154.977 
    4180   154.978   154.974 
    4190   154.979   154.975 
    4200   154.984   154.969 
    4210   154.979   154.975 
    4220   154.979   154.975 
    4230   154.979   154.975 
    4240   154.978   154.977 
    4250   154.983   154.961 
    4260   154.975   154.974 
    4270   154.979   154.975 
    4280   154.979   154.974 
    4290   154.979   154.975 
    4300   154.984   154.965 
    4310   154.979   154.974 
    4320   154.979   154.975 
    4330   154.978   154.974 
    4340   154.979   154.975 
    4350   154.979   154.972 
    4360   154.979   154.974 
    4370   154.979   154.974 
    4380   154.980   154.975 
    4390   154.979   154.975 
    4400   155.025   154.904 
    4410   154.979   154.974 
    4420   154.979   154.974 
    4430   154.979   154.974 
    4440   154.979   154.974 
    4450   154.979   154.975 
    4460   154.979   154.974 
    4470   154.979   154.974 
    4480   154.978   154.973 
    4490   154.979   154.974 
    4500   154.968   154.981 
    4510   154.982   154.980 
    4520   154.979   154.974 
    4530   154.979   154.975 
    4540   154.979   154.974 
    4550   154.975   154.977 
    4560   154.978   154.973 
    4570   154.979   154.974 
    4580   154.979   154.974 
    4590   154.978   154.975 
    4600   155.006   154.960 
    4610   154.979   154.975 
    4620   154.979   154.974 
    4630   154.981   154.977 
    4640   154.979   154.974 
    4650   154.949   154.928 
    4660   154.978   154.974 
    4670   154.977   154.977 
    4680   154.979   154.973 
    4690   154.979   154.974 
    4700   154.970   154.971 
    4710   154.980   154.972 
    4720   154.979   154.974 
    4730   154.979   154.974 
    4740   154.979   154.974 
    4750   154.938   154.968 
    4760   154.979   154.974 
    4770   154.979   154.974 
    4780    65.736   181.506 
    4790   154.979   154.974 
    4800   155.017   154.961 
    4810   154.979   154.974 
    4820   154.979   154.974 
    4830   154.979   154.974 
    4840   154.978   154.974 
    4850   154.955   154.984 
    4860   154.979   154.974 
    4870   154.979   154.974 
    4880   154.977   154.976 
    4890   154.979   154.974 
    4900   154.989   154.991 
    4910   154.979   154.974 
    4920   154.979   154.974 
    4930   154.980   154.974 
    4940   154.979   154.974 
    4950   155.039   155.033 
    4960   154.979   154.974 
    4970   154.979   154.974 
    4980   154.979   154.974 
    4990   154.978   154.974 
    5000   154.996   154.981 
    5010   154.979   154.973 
    5020   154.979   154.974 
    5030   154.979   154.974 
    5040   154.980   154.975 
    5050   154.996   154.985 
    5060   154.977   154.978 
    5070   154.979   154.974 
    5080   154.979   154.973 
    5090   154.979   154.974 
    5100   154.972   154.970 
    5110   154.984   154.965 
    5120   154.979   154.974 
    5130   154.979   154.974 
    5140   154.979   154.974 
    5150   154.977   154.970 
    5160   154.979   154.974 
    5170   154.979   154.974 
    5180   154.979   154.974 
    5190   154.978   154.974 
    5200   155.015   155.033 
    5210   154.979   154.972 
    5220   154.979   154.974 
    5230   154.979   154.973 
    5240   154.978   154.974 
    5250   154.987   154.969 
    5260   154.979   154.974 
    5270   154.979   154.973 
    5280   154.981   154.975 
    5290   154.979   154.974 
    5300   154.972   154.993 
    5310   154.979   154.974 
    5320   154.979   154.974 
    5330   154.980   154.974 
    5340   154.979   154.973 
    5350   154.921   154.949 
    5360   154.978   154.974 
    5370   154.980   154.973 
    5380   154.977   154.974 
    5390   154.979   154.974 
    5400   155.008   155.064 
    5410   154.979   154.974 
    5420   154.978   154.974 
    5430   154.979   154.973 
    5440   154.979   154.974 
    5450   155.041   154.977 
    5460   154.978   154.973 
    5470   154.979   154.972 
    5480   154.977   154.973 
    5490   154.979   154.974 
    5500   154.989   154.867 
    5510   154.964   154.971 
    5520   154.978   154.974 
    5530   154.979   154.973 
    5540   154.979   154.974 
    5550   154.977   154.973 
    5560   154.977   154.976 
    5570   154.978   154.973 
    5580   154.978   154.973 
    5590   154.978   154.973 
    5600   155.099   155.033 
    5610   154.978   154.973 
    5620   154.979   154.973 
    5630   154.978   154.973 
    5640   154.978   154.973 
    5650   154.972   154.865 
    5660   154.978   154.973 
    5670   154.979   154.974 
    5680   154.978   154.973 
    5690   154.978   154.973 
    5700   154.978   154.977 
    5710   154.977   154.973 
    5720   154.978   154.973 
    5730   154.979   154.972 
    5740   154.978   154.973 
    5750   154.916   154.964 
    5760   154.978   154.973 
    5770   154.978   154.973 
    5780   154.978   154.973 
    5790   154.978   154.973 
    5800   154.980   154.975 
    5810   154.979   154.973 
    5820   154.979   154.973 
    5830   154.978   154.974 
    5840   154.979   154.973 
    5850   154.973   155.015 
    5860   154.979   154.973 
    5870   154.979   154.973 
    5880   182.266   126.202 
    5890   154.978   154.973 
    5900   155.030   155.006 
    5910   154.978   154.973 
    5920   154.978   154.973 
    5930   154.978   154.973 
    5940   154.978   154.973 
    5950   154.977   154.982 
    5960   154.979   154.973 
    5970   154.978   154.973 
    5980   154.978   154.973 
    5990   154.979   154.973 
    6000   154.976   154.972 
    6010   154.978   154.973 
    6020   154.978   154.973 
    6030   154.978   154.974 
    6040   154.979   154.973 
    6050   155.011   154.911 
    6060   154.978   154.973 
    6070   154.978   154.973 
    6080   154.979   154.973 
    6090   154.978   154.973 
    6100   154.983   154.976 
    6110   154.979   154.973 
    6120   154.978   154.973 
    6130   154.979   154.973 
    6140   154.979   154.973 
    6150   154.981   154.974 
    6160   154.978   154.973 
    6170   154.978   154.973 
    6180   154.978   154.973 
    6190   154.979   154.973 
    6200   154.982   154.978 
    6210   154.979   154.973 
    6220   154.978   154.973 
    6230   154.975   154.972 
    6240   154.979   154.973 
    6250   155.002   154.977 
    6260   154.979   154.973 
    6270   154.978   154.973 
    6280    72.154   169.845 
    6290   154.978   154.973 
    6300   154.980   154.985 
    6310   154.978   154.973 
    6320   154.978   154.973 
    6330    61.060   175.574 
    6340   154.978   154.973 
    6350   154.960   154.869 
    6360   154.989   154.975 
    6370   154.978   154.973 
    6380   154.978   154.973 
    6390   154.978   154.973 
    6400   154.970   154.975 
    6410   154.978   154.973 
    6420   154.978   154.973 
    6430   154.978   154.973 
    6440   154.978   154.973 
    6450   154.982   154.979 
    6460   154.979   154.973 
    6470   154.978   154.973 
    6480   154.978   154.973 
    6490   154.978   154.973 
    6500   154.968   154.982 
    6510   154.983   154.978 
    6520   154.978   154.973 
    6530   154.977   154.973 
    6540   154.978   154.973 
    6550   154.968   155.019 
    6560   154.978   154.973 
    6570   154.978   154.973 
    6580   154.978   154.973 
    6590   154.978   154.973 
    6600   154.973   154.970 
    6610   154.979   154.969 
    6620   154.979   154.973 
    6630   154.978   154.973 
    6640   154.978   154.973 
    6650   154.933   155.049 
    6660   154.978   154.973 
    6670   154.978   154.973 
    6680   154.978   154.973 
    6690   154.978   154.973 
    6700   154.979   154.975 
    6710   154.982   154.973 
    6720   154.978   154.973 
    6730   154.978   154.973 
    6740   154.978   154.973 
    6750   154.971   154.910 
    6760   154.978   154.973 
    6770   154.978   154.973 
    6780   154.983   154.973 
    6790   154.978   154.973 
    6800   154.970   154.971 
    6810   154.978   154.973 
    6820   154.978   154.973 
    6830   154.978   154.972 
    6840   154.978   154.973 
    6850   154.975   154.973 
    6860   154.978   154.972 
    6870   154.978   154.973 
    6880   154.978   154.971 
    6890   154.978   154.973 
    6900   154.982   154.972 
    6910   154.978   154.973 
    6920   154.978   154.973 
    6930   154.978   154.973 
    6940   154.978   154.973 
    6950   154.978   154.969 
    6960   154.978   154.973 
    6970   154.978   154.973 
    6980   239.178   140.768 
    6990   154.978   154.973 
    7000   154.978   154.962 
    7010   154.978   154.973 
    7020   154.978   154.973 
    7030   154.979   154.973 
    7040   154.978   154.973 
    7050   154.979   154.989 
    7060   154.978   154.973 
    7070   154.978   154.973 
    7080   154.978   154.973 
    7090   154.978   154.973 
    7100   155.088   154.969 
    7110   154.978   154.971 
    7120   154.978   154.973 
    7130   154.978   154.974 
    7140   154.978   154.973 
    7150   155.106   154.967 
    7160   154.978   154.969 
    7170   154.978   154.973 
    7180   154.978   154.973 
    7190   154.978   154.973 
    7200   154.985   154.973 
    7210   154.978   154.973 
    7220   154.978   154.973 
    7230   154.978   154.974 
    7240   154.978   154.973 
    7250   154.956   154.974 
    7260   154.978   154.973 
    7270   154.978   154.973 
    7280   154.978   154.974 
    7290   154.978   154.973 
    7300   154.988   154.973 
    7310   154.978   154.973 
    7320   154.978   154.973 
    7330   154.979   154.972 
    7340   154.978   154.973 
    7350   155.076   155.037 
    7360   154.978   154.973 
    7370   154.978   154.973 
    7380   154.978   154.973 
    7390   154.978   154.973 
    7400   154.973   154.974 
    7410   154.979   154.976 
    7420   154.979   154.973 
    7430    83.492   161.542 
    7440   154.978   154.973 
    7450   154.974   154.894 
    7460   154.978   154.973 
    7470   154.978   154.973 
    7480   154.978   154.973 
    7490   154.978   154.973 
    7500   154.937   154.954 
    7510   154.978   154.973 
    7520   154.978   154.973 
    7530   154.980   154.970 
    7540   154.979   154.973 
    7550   154.981   154.963 
    7560   154.978   154.973 
    7570   154.978   154.973 
    7580   154.979   154.973 
    7590   154.978   154.973 
    7600   154.982   155.022 
    7610   154.979   154.973 
    7620   154.978   154.973 
    7630   171.879    44.394 
    7640   154.978   154.973 
    7650   154.980   154.973 
    7660   154.979   154.973 
    7670   154.978   154.973 
    7680   154.981   154.976 
    7690   154.979   154.973 
    7700   155.004   154.918 
    7710   154.978   154.973 
    7720   154.978   154.973 
    7730   154.978   154.973 
    7740   154.978   154.973 
    7750   154.996   154.915 
    7760   154.982   154.974 
    7770   154.977   154.973 
    7780   154.979   154.971 
    7790   154.979   154.973 
    7800   155.029   154.922 
    7810   154.978   154.973 
    7820   154.978   154.973 
    7830   154.978   154.973 
    7840   154.978   154.973 
    7850   154.983   154.966 
    7860   154.979   154.973 
    7870   154.978   154.973 
    7880   154.979   154.973 
    7890   154.978   154.973 
    7900   154.973   154.978 
    7910   154.980   154.974 
    7920   154.978   154.973 
    7930   154.979   154.974 
    7940   154.978   154.973 
    7950   154.983   154.968 
    7960   154.977   154.972 
    7970   154.978   154.973 
    7980   154.979   154.973 
    7990   154.978   154.973 
    8000   154.981   154.974 
    8010   154.979   154.973 
    8020   154.978   154.973 
    8030   154.978   154.973 
    8040   154.978   154.973 
    8050   154.982   154.967 
    8060   154.978   154.972 
    8070   154.978   154.973 
    8080   201.119   270.413 
    8090   154.978   154.973 
    8100   154.988   154.968 
    8110   154.978   154.973 
    8120   154.978   154.973 
    8130   154.980   154.976 
    8140   154.978   154.973 
    8150   154.988   154.972 
    8160   154.978   154.973 
    8170   154.978   154.973 
    8180   154.978   154.973 
    8190   154.978   154.973 
    8200   154.983   154.972 
    8210   154.978   154.973 
    8220   154.978   154.973 
    8230   154.978   154.973 
    8240   154.978   154.973 
    8250   154.967   154.972 
    8260   154.978   154.973 
    8270   154.978   154.973 
    8280   147.644   249.365 
    8290   154.978   154.973 
    8300   155.008   154.975 
    8310   154.978   154.973 
    8320   154.978   154.973 
    8330   154.979   154.973 
    8340   154.978   154.973 
    8350   154.961   154.971 
    8360   154.978   154.973 
    8370   154.978   154.973 
    8380   154.978   154.973 
    8390   154.978   154.973 
    8400   155.000   154.965 
    8410   154.978   154.974 
    8420   154.978   154.973 
    8430   154.983   154.971 
    8440   154.979   154.973 
    8450   154.971   154.944 
    8460   154.978   154.973 
    8470   154.978   154.973 
    8480   154.981   154.972 
    8490   154.978   154.973 
    8500   154.976   154.964 
    8510   154.979   154.973 
    8520   154.978   154.973 
    8530   154.978   154.973 
    8540   154.978   154.973 
    8550   154.961   154.976 
    8560   154.979   154.974 
    8570   154.978   154.973 
    8580   154.978   154.973 
    8590   154.978   154.973 
    8600   155.054   155.001 
    8610   154.980   154.967 
    8620   154.978   154.973 
    8630   154.978   154.973 
    8640   154.978   154.973 
    8650   154.987   154.969 
    8660   154.978   154.973 
    8670   154.978   154.973 
    8680   154.978   154.973 
    8690   154.978   154.973 
    8700   154.974   154.970 
    8710   154.979   154.972 
    8720   154.978   154.973 
    8730    98.074   129.079 
    8740   154.978   154.973 
    8750   154.982   154.964 
    8760   154.978   154.973 
    8770   154.978   154.973 
    8780   154.978   154.972 
    8790   154.978   154.973 
    8800   154.973   155.045 
    8810   154.978   154.970 
    8820   154.978   154.973 
    8830   154.979   154.973 
    8840   154.978   154.973 
    8850   154.979   154.973 
    8860   154.979   154.973 
    8870   154.978   154.973 
    8880   241.289   168.193 
    8890   154.978   154.973 
    8900   154.976   154.996 
    8910   154.978   154.973 
    8920   154.978   154.973 
    8930   154.978   154.973 
    8940   154.979   154.973 
    8950   154.978   154.972 
    8960   154.978   154.973 
    8970   154.978   154.973 
    8980   154.979   154.973 
    8990   154.979   154.973 
    9000   154.976   154.976 
    9010   154.978   154.973 
    9020   154.978   154.973 
    9030   154.979   154.973 
    9040   154.978   154.973 
    9050   154.989   154.959 
    9060   154.978   154.973 
    9070   154.978   154.973 
    9080   154.978   154.973 
    9090   154.979   154.973 
    9100   154.982   154.970 
    9110   154.979   154.973 
    9120   154.978   154.973 
    9130   154.979   154.973 
    9140   154.978   154.973 
    9150   154.982   154.971 
    9160   154.979   154.973 
    9170   154.978   154.973 
    9180   154.978   154.973 
    9190   154.978   154.973 
    9200   154.978   154.971 
    9210   154.977   154.973 
    9220   154.978   154.973 
    9230   154.978   154.973 
    9240   154.978   154.973 
    9250   154.978   154.972 
    9260   154.981   154.972 
    9270   154.978   154.973 
    9280   154.978   154.973 
    9290   154.978   154.973 
    9300   154.974   154.972 
    9310   154.979   154.977 
    9320   154.978   154.973 
    9330   154.978   154.973 
    9340   154.978   154.973 
    9350   154.982   154.972 
    9360   154.978   154.973 
    9370   154.978   154.973 
    9380   154.979   154.973 
    9390   154.978   154.973 
    9400   154.955   155.036 
    9410   154.978   154.973 
    9420   154.978   154.973 
    9430   154.978   154.973 
    9440   154.978   154.973 
    9450   154.978   154.973 
    9460   154.979   154.973 
    9470   154.978   154.973 
    9480   154.978   154.973 
    9490   154.978   154.973 
    9500   155.069   155.027 
    9510   154.978   154.973 
    9520   154.979   154.973 
    9530   154.978   154.973 
    9540   154.978   154.973 
    9550   154.872   154.930 
    9560   154.978   154.973 
    9570   154.978   154.973 
    9580   154.978   154.971 
    9590   154.978   154.973 
    9600   154.970   154.901 
    9610   154.979   154.972 
    9620   154.978   154.973 
    9630   154.979   154.973 
    9640   154.978   154.973 
    9650   154.963   154.877 
    9660   154.978   154.973 
    9670   154.979   154.973 
    9680   154.981   154.973 
    9690   154.978   154.973 
    9700   154.978   154.970 
    9710   154.978   154.973 
    9720   154.978   154.973 
    9730   154.978   154.973 
    9740   154.978   154.973 
    9750   154.979   154.972 
    9760   154.979   154.970 
    9770   154.978   154.973 
    9780   154.978   154.973 
    9790   154.978   154.973 
    9800   154.976   154.972 
    9810   154.979   154.968 
    9820   154.978   154.973 
    9830   154.979   154.971 
    9840   154.978   154.973 
    9850   154.980   154.973 
    9860   154.979   154.972 
    9870   154.978   154.973 
    9880   154.979   154.973 
    9890   154.978   154.973 
    9900   154.971   154.970 
    9910   154.978   154.973 
    9920   154.978   154.973 
    9930   154.978   154.973 
    9940   154.978   154.973 
    9950   154.973   154.966 
    9960   154.978   154.973 
    9970   154.978   154.973 
    9980   154.978   154.973 
    9990   154.978   154.973 
   10000   154.978   154.973 
