       0   159.956   159.963 
      10   164.673   164.817 
      20   164.885   164.914 
      30   164.834   164.875 
      40   164.808   164.874 
      50   164.797   164.879 
      60   164.905   164.919 
      70   164.935   164.908 
      80   164.914   164.916 
      90   164.926   164.917 
     100   164.916   164.921 
     110   164.913   164.926 
     120   164.928   164.818 
     130   164.918   164.934 
     140   164.915   164.930 
     150   164.918   164.929 
     160   164.914   164.939 
     170   164.922   164.917 
     180   164.922   164.929 
     190   164.918   164.931 
     200   164.920   164.934 
     210   164.920   164.932 
     220   164.921   164.937 
     230   164.922   164.936 
     240   164.920   164.935 
     250   164.944   164.947 
     260   164.924   164.922 
     270   164.922   164.943 
     280   164.923   164.938 
     290   164.927   164.942 
     300   164.925   164.940 
     310   164.922   164.937 
     320   164.922   164.942 
     330   164.918   164.946 
     340   164.924   164.940 
     350   164.910   164.958 
     360   164.916   164.935 
     370   164.927   164.942 
     380   164.925   164.941 
     390   164.918   164.951 
     400   164.873   165.027 
     410   164.913   164.930 
     420   164.927   164.943 
     430   164.926   164.941 
     440   164.924   164.945 
     450   164.984   164.760 
     460   164.926   164.942 
     470   164.926   164.943 
     480   164.927   164.943 
     490   164.925   164.946 
     500   164.922   164.945 
     510   164.922   164.942 
     520   164.925   164.943 
     530   164.927   164.944 
     540   164.926   164.944 
     550   164.912   164.947 
     560   164.926   164.944 
     570   164.928   164.947 
     580   164.928   164.946 
     590   164.927   164.946 
     600   164.928   164.945 
     610   164.925   164.943 
     620   164.928   164.946 
     630   164.929   164.946 
     640   164.925   164.948 
     650   164.903   164.954 
     660   164.926   164.941 
     670   164.928   164.946 
     680   164.929   164.947 
     690   164.926   164.947 
     700   164.954   164.946 
     710   164.928   164.962 
     720   164.928   164.947 
     730   164.929   164.948 
     740   164.926   164.951 
     750   164.962   164.892 
     760   164.938   164.983 
     770   164.926   164.940 
     780   164.933   164.948 
     790   164.928   164.946 
     800   164.925   164.951 
     810   164.942   164.949 
     820   164.932   164.950 
     830   164.929   164.950 
     840   164.935   164.954 
     850   165.051   165.030 
     860   164.930   164.946 
     870   164.929   164.952 
     880   164.930   164.951 
     890   164.930   164.951 
     900   164.930   164.950 
     910   164.931   164.952 
     920   164.931   164.951 
     930   164.932   164.955 
     940   164.925   164.954 
     950   164.907   164.966 
     960   164.930   164.951 
     970   164.931   164.952 
     980   164.931   164.953 
     990   164.929   164.954 
    1000   164.870   164.964 
    1010   164.936   164.955 
    1020   164.930   164.952 
    1030   164.932   164.954 
    1040   164.929   164.956 
    1050   164.931   164.944 
    1060   164.957   164.964 
    1070   164.940   164.954 
    1080   164.932   164.954 
    1090   164.931   164.954 
    1100   164.921   164.951 
    1110   164.928   164.964 
    1120   164.932   164.958 
    1130   164.933   164.954 
    1140   164.948   164.962 
    1150   164.882   164.928 
    1160   164.938   164.946 
    1170   164.933   164.956 
    1180   164.933   164.956 
    1190   164.943   164.967 
    1200   164.956   164.973 
    1210   164.931   164.954 
    1220   164.933   164.956 
    1230   164.935   164.953 
    1240   164.933   164.954 
    1250   164.896   164.918 
    1260   164.938   164.946 
    1270   164.934   164.955 
    1280   164.934   164.955 
    1290   164.928   164.952 
    1300   164.912   164.941 
    1310   164.931   164.959 
    1320   164.934   164.955 
    1330   164.927   164.952 
    1340   164.931   164.958 
    1350   164.928   164.961 
    1360   164.945   164.959 
    1370   164.938   164.957 
    1380   164.931   164.955 
    1390   164.937   164.946 
    1400   164.932   164.955 
    1410   164.958   164.963 
    1420   164.940   164.961 
    1430   164.934   164.956 
    1440   164.933   164.955 
    1450   164.932   164.957 
    1460   164.932   164.956 
    1470   164.929   164.952 
    1480   164.933   164.953 
    1490   164.932   164.958 
    1500   164.904   164.983 
    1510   164.930   164.937 
    1520   164.933   164.958 
    1530   164.934   164.957 
    1540   164.932   164.957 
    1550   164.932   164.961 
    1560   164.937   164.958 
    1570   164.927   164.957 
    1580   164.934   164.956 
    1590   164.936   164.967 
    1600   164.929   164.947 
    1610   164.931   164.957 
    1620   164.934   164.955 
    1630   164.934   164.955 
    1640   164.933   164.958 
    1650   164.925   164.929 
    1660   164.928   164.956 
    1670   164.933   164.958 
    1680   164.937   164.956 
    1690   164.932   164.957 
    1700   164.933   164.954 
    1710   164.913   164.955 
    1720   164.937   164.956 
    1730   164.933   164.958 
    1740   164.935   164.970 
    1750   164.933   164.963 
    1760   164.926   164.956 
    1770   164.929   164.958 
    1780   164.935   164.958 
    1790   164.934   164.958 
    1800   164.934   164.959 
    1810   164.933   164.956 
    1820   164.935   164.957 
    1830   164.932   164.960 
    1840   164.933   164.957 
    1850   164.933   164.959 
    1860   164.936   164.954 
    1870   164.934   164.957 
    1880   164.936   164.961 
    1890   164.930   164.955 
    1900   164.934   164.961 
    1910   164.930   164.962 
    1920   164.934   164.961 
    1930   164.934   164.963 
    1940   164.985   165.006 
    1950   164.926   164.952 
    1960   164.917   164.963 
    1970   164.969   164.938 
    1980   164.946   164.977 
    1990   164.932   164.958 
    2000   164.942   164.956 
    2010   164.943   165.009 
    2020   164.938   164.966 
    2030   164.939   164.950 
    2040   164.934   164.962 
    2050   164.930   164.960 
    2060   164.935   164.992 
    2070   164.939   164.960 
    2080   164.937   164.948 
    2090   164.938   164.960 
    2100   164.933   164.957 
    2110   164.914   164.966 
    2120   164.947   164.955 
    2130   164.930   164.961 
    2140   164.939   164.996 
    2150   164.933   164.960 
    2160   164.933   164.958 
    2170   164.940   164.966 
    2180   164.936   164.959 
    2190   164.934   164.960 
    2200   164.934   164.949 
    2210   164.937   164.958 
    2220   164.933   164.956 
    2230   164.934   164.960 
    2240   164.934   164.960 
    2250   164.937   164.962 
    2260   164.934   164.960 
    2270   164.934   164.960 
    2280   164.937   164.961 
    2290   164.935   164.961 
    2300   164.856   164.942 
    2310   164.933   164.960 
    2320   164.934   164.959 
    2330   164.934   164.960 
    2340   164.932   164.962 
    2350   164.920   164.973 
    2360   164.932   164.960 
    2370   164.934   164.961 
    2380   164.935   164.962 
    2390   164.933   164.961 
    2400   164.927   164.968 
    2410   164.933   164.960 
    2420   164.934   164.961 
    2430   164.937   164.962 
    2440   164.934   164.961 
    2450   164.954   164.919 
    2460   164.936   164.961 
    2470   164.934   164.961 
    2480   164.936   164.962 
    2490   164.934   164.960 
    2500   164.955   164.897 
    2510   164.934   164.961 
    2520   164.934   164.961 
    2530   164.934   164.961 
    2540   164.932   164.962 
    2550   164.908   164.975 
    2560   164.933   164.960 
    2570   164.935   164.962 
    2580   164.934   164.962 
    2590   164.932   164.961 
    2600   164.957   164.957 
    2610   164.934   164.959 
    2620   164.934   164.961 
    2630   164.935   164.963 
    2640   164.934   164.961 
    2650   164.935   164.961 
    2660   164.934   164.961 
    2670   164.934   164.961 
    2680   164.937   164.961 
    2690   164.934   164.963 
    2700   164.931   164.975 
    2710   164.933   164.961 
    2720   164.934   164.961 
    2730   106.007   153.046 
    2740   164.934   164.961 
    2750   164.949   164.904 
    2760   164.935   164.961 
    2770   164.934   164.961 
    2780   164.933   164.960 
    2790   164.932   164.959 
    2800   164.928   164.955 
    2810   164.934   164.961 
    2820   164.934   164.961 
    2830   101.861   189.496 
    2840   164.934   164.960 
    2850   164.948   165.012 
    2860   164.934   164.962 
    2870   164.934   164.961 
    2880   164.934   164.961 
    2890   164.934   164.961 
    2900   164.907   165.011 
    2910   164.934   164.961 
    2920   164.934   164.961 
    2930   164.935   164.960 
    2940   164.932   164.964 
    2950   164.967   164.906 
    2960   164.935   164.961 
    2970   164.934   164.961 
    2980   164.935   164.961 
    2990   164.934   164.961 
    3000   164.936   164.956 
    3010   164.943   164.963 
    3020   164.934   164.961 
    3030   164.934   164.961 
    3040   164.934   164.962 
    3050   164.932   164.968 
    3060   164.950   164.965 
    3070   164.935   164.961 
    3080   164.934   164.960 
    3090   164.933   164.965 
    3100   164.969   164.866 
    3110   164.934   164.961 
    3120   164.934   164.961 
    3130   164.934   164.961 
    3140   164.934   164.962 
    3150   164.953   164.905 
    3160   164.934   164.961 
    3170   164.934   164.961 
    3180   164.934   164.960 
    3190   164.934   164.961 
    3200   164.932   164.971 
    3210   164.936   164.961 
    3220   164.935   164.961 
    3230   164.935   164.961 
    3240   164.934   164.960 
    3250   164.926   165.033 
    3260   164.934   164.961 
    3270   164.934   164.961 
    3280   164.934   164.961 
    3290   164.934   164.961 
    3300   164.941   165.003 
    3310   164.934   164.961 
    3320   164.934   164.961 
    3330   164.934   164.961 
    3340   164.934   164.961 
    3350   164.934   164.963 
    3360   164.935   164.961 
    3370   164.935   164.961 
    3380   164.935   164.961 
    3390   164.935   164.961 
    3400   164.926   164.966 
    3410   164.934   164.961 
    3420   164.934   164.961 
    3430   164.934   164.961 
    3440   164.934   164.961 
    3450   164.950   164.961 
    3460   164.931   164.961 
    3470   164.934   164.961 
    3480   164.934   164.960 
    3490   164.934   164.961 
    3500   164.935   164.962 
    3510   164.934   164.961 
    3520   164.935   164.960 
    3530   164.935   164.960 
    3540   164.934   164.961 
    3550   164.936   164.964 
    3560   164.935   164.960 
    3570   164.935   164.960 
    3580   164.934   164.961 
    3590   164.935   164.961 
    3600   164.934   164.965 
    3610   164.935   164.961 
    3620   164.935   164.961 
    3630   164.935   164.961 
    3640   164.934   164.961 
    3650   164.930   165.041 
    3660   164.934   164.961 
    3670   164.935   164.960 
    3680   164.935   164.961 
    3690   164.934   164.961 
    3700   164.972   164.908 
    3710   164.935   164.961 
    3720   164.935   164.961 
    3730   164.935   164.961 
    3740   164.934   164.959 
    3750   164.937   164.962 
    3760   164.935   164.960 
    3770   164.935   164.960 
    3780   164.936   164.960 
    3790   164.933   164.957 
    3800   164.934   164.958 
    3810   164.932   164.962 
    3820   164.935   164.961 
    3830   104.755   195.143 
    3840   164.935   164.961 
    3850   164.999   164.965 
    3860   164.935   164.960 
    3870   164.935   164.960 
    3880   164.935   164.961 
    3890   164.935   164.961 
    3900   164.929   164.955 
    3910   164.935   164.960 
    3920   164.934   164.962 
    3930   164.935   164.959 
    3940   164.935   164.961 
    3950   164.955   164.936 
    3960   164.935   164.961 
    3970   164.935   164.961 
    3980   164.935   164.961 
    3990   164.935   164.961 
    4000   164.939   164.971 
    4010   164.935   164.961 
    4020   164.936   164.959 
    4030   164.935   164.961 
    4040   164.935   164.961 
    4050   164.932   164.881 
    4060   164.935   164.960 
    4070   164.934   164.960 
    4080   164.935   164.960 
    4090   164.935   164.961 
    4100   164.937   164.967 
    4110   164.935   164.960 
    4120   164.935   164.961 
    4130   164.935   164.960 
    4140   164.935   164.960 
    4150   164.934   164.956 
    4160   164.935   164.960 
    4170   164.935   164.961 
    4180   164.935   164.961 
    4190   164.935   164.960 
    4200   164.941   164.964 
    4210   164.935   164.961 
    4220   164.935   164.960 
    4230   246.678    41.729 
    4240   164.935   164.961 
    4250   164.943   164.964 
    4260   164.935   164.961 
    4270   164.935   164.960 
    4280   164.935   164.962 
    4290   164.936   164.961 
    4300   164.943   164.968 
    4310   164.935   164.961 
    4320   164.935   164.960 
    4330   164.935   164.962 
    4340   164.936   164.961 
    4350   164.904   164.946 
    4360   164.936   164.961 
    4370   164.935   164.961 
    4380   164.935   164.961 
    4390   164.935   164.961 
    4400   164.950   164.954 
    4410   164.935   164.960 
    4420   164.935   164.962 
    4430   164.937   164.961 
    4440   164.935   164.961 
    4450   164.925   164.960 
    4460   164.935   164.960 
    4470   164.935   164.960 
    4480   164.935   164.962 
    4490   164.935   164.961 
    4500   164.941   164.923 
    4510   164.935   164.961 
    4520   164.935   164.961 
    4530   164.935   164.960 
    4540   164.935   164.961 
    4550   164.945   164.961 
    4560   164.935   164.960 
    4570   164.935   164.960 
    4580   164.935   164.960 
    4590   164.935   164.960 
    4600   164.935   164.965 
    4610   164.935   164.961 
    4620   164.935   164.960 
    4630   164.935   164.960 
    4640   164.935   164.960 
    4650   165.002   164.956 
    4660   164.935   164.961 
    4670   164.935   164.960 
    4680   164.935   164.960 
    4690   164.935   164.960 
    4700   164.926   164.962 
    4710   164.935   164.961 
    4720   164.935   164.961 
    4730   164.936   164.960 
    4740   164.935   164.960 
    4750   164.926   164.921 
    4760   164.935   164.961 
    4770   164.935   164.961 
    4780   164.934   164.959 
    4790   164.935   164.960 
    4800   164.945   164.953 
    4810   164.935   164.960 
    4820   164.935   164.961 
    4830   164.936   164.961 
    4840   164.935   164.960 
    4850   164.951   164.950 
    4860   164.935   164.961 
    4870   164.935   164.961 
    4880   164.935   164.960 
    4890   164.935   164.960 
    4900   164.944   164.965 
    4910   164.935   164.960 
    4920   164.935   164.961 
    4930   164.931   164.958 
    4940   164.936   164.961 
    4950   164.843   164.905 
    4960   164.935   164.960 
    4970   164.935   164.960 
    4980   164.932   164.961 
    4990   164.935   164.961 
    5000   165.005   164.982 
    5010   164.935   164.960 
    5020   164.935   164.960 
    5030   164.935   164.961 
    5040   164.935   164.960 
    5050   164.945   164.963 
    5060   164.935   164.961 
    5070   164.935   164.960 
    5080    77.683   170.232 
    5090   164.935   164.960 
    5100   164.940   165.098 
    5110   164.935   164.960 
    5120   164.935   164.960 
    5130   164.935   164.959 
    5140   164.935   164.960 
    5150   164.930   164.961 
    5160   164.935   164.961 
    5170   164.935   164.960 
    5180   164.935   164.961 
    5190   164.935   164.961 
    5200   164.937   164.960 
    5210   164.935   164.961 
    5220   164.935   164.960 
    5230   164.935   164.961 
    5240   164.935   164.960 
    5250   164.919   164.975 
    5260   164.935   164.960 
    5270   164.935   164.960 
    5280   164.935   164.961 
    5290   164.935   164.960 
    5300   164.930   164.963 
    5310   164.935   164.960 
    5320   164.935   164.960 
    5330   164.936   164.960 
    5340   164.935   164.961 
    5350   165.022   164.937 
    5360   164.935   164.961 
    5370   164.936   164.960 
    5380   164.935   164.960 
    5390   164.935   164.960 
    5400   164.941   164.958 
    5410   164.935   164.960 
    5420   164.935   164.960 
    5430   130.684   275.686 
    5440   164.935   164.960 
    5450   164.922   164.957 
    5460   164.935   164.960 
    5470   164.935   164.960 
    5480   164.936   164.957 
    5490   164.935   164.960 
    5500   164.939   164.961 
    5510   164.936   164.957 
    5520   164.935   164.961 
    5530   245.658   223.379 
    5540   164.935   164.960 
    5550   164.932   164.965 
    5560   164.935   164.960 
    5570   164.935   164.960 
    5580   164.935   164.961 
    5590   164.935   164.960 
    5600   164.942   164.959 
    5610   164.935   164.961 
    5620   164.935   164.960 
    5630   164.935   164.961 
    5640   164.935   164.960 
    5650   164.937   164.961 
    5660   164.935   164.960 
    5670   164.935   164.960 
    5680   164.932   164.956 
    5690   164.935   164.960 
    5700   164.925   164.961 
    5710   164.935   164.961 
    5720   164.935   164.960 
    5730   164.935   164.960 
    5740   164.935   164.960 
    5750   164.960   164.958 
    5760   164.935   164.960 
    5770   164.935   164.960 
    5780   164.935   164.961 
    5790   164.935   164.960 
    5800   164.934   164.957 
    5810   164.935   164.961 
    5820   164.935   164.960 
    5830   164.935   164.960 
    5840   164.935   164.961 
    5850   164.928   164.959 
    5860   164.935   164.960 
    5870   164.935   164.961 
    5880   164.936   164.957 
    5890   164.935   164.960 
    5900   164.937   164.930 
    5910   164.935   164.961 
    5920   164.935   164.960 
    5930   164.935   164.961 
    5940   164.935   164.960 
    5950   164.934   164.961 
    5960   164.937   164.961 
    5970   164.935   164.960 
    5980   164.935   164.961 
    5990   164.935   164.961 
    6000   164.857   164.930 
    6010   164.936   164.961 
    6020   164.935   164.960 
    6030   164.936   164.961 
    6040   164.935   164.960 
    6050   164.956   165.001 
    6060   164.935   164.961 
    6070   164.935   164.961 
    6080   164.935   164.960 
    6090   164.935   164.960 
    6100   164.870   164.980 
    6110   164.936   164.960 
    6120   164.935   164.960 
    6130   164.935   164.961 
    6140   164.935   164.961 
    6150   164.906   164.975 
    6160   164.935   164.960 
    6170   164.935   164.960 
    6180   164.936   164.960 
    6190   164.935   164.961 
    6200   164.872   164.981 
    6210   164.935   164.960 
    6220   164.935   164.960 
    6230   164.935   164.960 
    6240   164.935   164.960 
    6250   164.935   164.954 
    6260   164.935   164.961 
    6270   164.935   164.961 
    6280   164.935   164.960 
    6290   164.935   164.960 
    6300   164.948   164.937 
    6310   164.936   164.960 
    6320   164.935   164.961 
    6330    65.936   141.113 
    6340   164.935   164.960 
    6350   164.938   164.964 
    6360   164.936   164.960 
    6370   164.935   164.960 
    6380   109.087   209.403 
    6390   164.935   164.961 
    6400   164.898   164.992 
    6410   164.936   164.961 
    6420   164.936   164.960 
    6430   164.936   164.962 
    6440   164.935   164.960 
    6450   164.931   164.963 
    6460   164.935   164.960 
    6470   164.935   164.960 
    6480   164.936   164.959 
    6490   164.936   164.961 
    6500   164.939   164.951 
    6510   164.935   164.961 
    6520   164.935   164.960 
    6530   164.936   164.960 
    6540   164.935   164.960 
    6550   164.935   164.959 
    6560   164.935   164.960 
    6570   164.935   164.960 
    6580   164.935   164.960 
    6590   164.935   164.961 
    6600   164.941   165.056 
    6610   164.935   164.961 
    6620   164.935   164.961 
    6630   164.935   164.963 
    6640   164.935   164.960 
    6650   164.943   164.962 
    6660   164.935   164.961 
    6670   164.936   164.960 
    6680   164.935   164.959 
    6690   164.935   164.962 
    6700   164.938   164.964 
    6710   164.916   164.961 
    6720   164.935   164.961 
    6730   164.935   164.960 
    6740   164.935   164.960 
    6750   164.935   164.960 
    6760   164.935   164.961 
    6770   164.935   164.960 
    6780   164.936   164.961 
    6790   164.935   164.960 
    6800   164.938   164.959 
    6810   164.935   164.961 
    6820   164.935   164.960 
    6830   164.935   164.960 
    6840   164.935   164.960 
    6850   164.914   164.889 
    6860   164.935   164.960 
    6870   164.935   164.960 
    6880   164.936   164.962 
    6890   164.935   164.960 
    6900   164.990   164.982 
    6910   164.936   164.961 
    6920   164.935   164.960 
    6930   164.935   164.960 
    6940   164.935   164.960 
    6950   164.886   164.993 
    6960   164.935   164.961 
    6970   164.935   164.961 
    6980   164.936   164.960 
    6990   164.935   164.960 
    7000   164.922   164.940 
    7010   164.936   164.960 
    7020   164.935   164.960 
    7030   164.936   164.960 
    7040   164.936   164.961 
    7050   165.024   164.941 
    7060   164.936   164.960 
    7070   164.935   164.960 
    7080   164.936   164.960 
    7090   164.935   164.960 
    7100   164.942   164.871 
    7110   164.935   164.960 
    7120   164.936   164.960 
    7130   164.935   164.961 
    7140   164.935   164.960 
    7150   164.928   164.904 
    7160   164.935   164.960 
    7170   164.935   164.960 
    7180   164.934   164.962 
    7190   164.935   164.960 
    7200   164.944   164.954 
    7210   164.935   164.960 
    7220   164.935   164.960 
    7230   164.935   164.960 
    7240   164.935   164.960 
    7250   164.889   164.945 
    7260   164.936   164.961 
    7270   164.935   164.960 
    7280   164.936   164.961 
    7290   164.935   164.960 
    7300   164.941   164.966 
    7310   164.936   164.960 
    7320   164.935   164.961 
    7330   164.935   164.960 
    7340   164.935   164.960 
    7350   164.930   164.968 
    7360   164.935   164.961 
    7370   164.935   164.960 
    7380   164.936   164.960 
    7390   164.935   164.960 
    7400   164.923   164.969 
    7410   164.935   164.960 
    7420   164.935   164.961 
    7430   240.936   189.448 
    7440   164.935   164.960 
    7450   164.938   164.951 
    7460   164.935   164.960 
    7470   164.935   164.960 
    7480   164.937   164.960 
    7490   164.936   164.961 
    7500   164.925   164.964 
    7510   164.936   164.961 
    7520   164.935   164.961 
    7530   164.935   164.960 
    7540   164.935   164.961 
    7550   164.940   164.959 
    7560   164.935   164.961 
    7570   164.935   164.960 
    7580   164.936   164.960 
    7590   164.935   164.960 
    7600   164.871   164.984 
    7610   164.935   164.961 
    7620   164.935   164.961 
    7630   164.935   164.961 
    7640   164.935   164.961 
    7650   164.935   164.960 
    7660   164.935   164.961 
    7670   164.935   164.961 
    7680   164.935   164.960 
    7690   164.935   164.961 
    7700   164.939   164.969 
    7710   164.935   164.961 
    7720   164.935   164.960 
    7730   164.935   164.961 
    7740   164.935   164.961 
    7750   164.936   164.961 
    7760   164.936   164.960 
    7770   164.935   164.961 
    7780   164.935   164.960 
    7790   164.935   164.960 
    7800   164.933   164.962 
    7810   164.935   164.960 
    7820   164.936   164.960 
    7830   164.936   164.960 
    7840   164.935   164.961 
    7850   164.921   165.070 
    7860   164.935   164.961 
    7870   164.935   164.960 
    7880   164.935   164.961 
    7890   164.935   164.960 
    7900   164.927   164.966 
    7910   164.935   164.960 
    7920   164.935   164.960 
    7930   164.935   164.961 
    7940   164.935   164.960 
    7950   164.908   164.938 
    7960   164.935   164.960 
    7970   164.935   164.960 
    7980   164.934   164.960 
    7990   164.935   164.961 
    8000   164.871   164.994 
    8010   164.936   164.960 
    8020   164.935   164.960 
    8030   164.936   164.960 
    8040   164.935   164.960 
    8050   164.989   164.944 
    8060   164.936   164.960 
    8070   164.935   164.960 
    8080   164.935   164.961 
    8090   164.935   164.961 
    8100   164.835   165.011 
    8110   164.935   164.960 
    8120   164.935   164.960 
    8130   164.935   164.960 
    8140   164.935   164.960 
    8150   164.948   164.961 
    8160   164.935   164.964 
    8170   164.935   164.960 
    8180    87.971   173.168 
    8190   164.935   164.960 
    8200   164.935   164.951 
    8210   164.935   164.960 
    8220   164.935   164.960 
    8230   164.934   164.961 
    8240   164.935   164.960 
    8250   164.936   164.958 
    8260   164.938   164.960 
    8270   164.935   164.960 
    8280   164.935   164.961 
    8290   164.935   164.960 
    8300   164.939   164.963 
    8310   164.936   164.960 
    8320   164.935   164.960 
    8330   138.453   306.441 
    8340   164.935   164.960 
    8350   164.939   164.961 
    8360   164.935   164.960 
    8370   164.935   164.960 
    8380   170.576    45.450 
    8390   164.935   164.960 
    8400   164.941   164.961 
    8410   164.935   164.961 
    8420   164.935   164.960 
    8430   164.936   164.960 
    8440   164.935   164.960 
    8450   164.919   164.896 
    8460   164.935   164.960 
    8470   164.935   164.960 
    8480   164.935   164.961 
    8490   164.935   164.960 
    8500   164.992   164.944 
    8510   164.935   164.961 
    8520   164.935   164.961 
    8530   164.935   164.960 
    8540   164.935   164.961 
    8550   164.930   164.952 
    8560   164.935   164.961 
    8570   164.935   164.960 
    8580   164.935   164.961 
    8590   164.935   164.960 
    8600   164.933   164.958 
    8610   164.935   164.961 
    8620   164.935   164.961 
    8630   164.935   164.961 
    8640   164.935   164.961 
    8650   164.888   164.964 
    8660   164.935   164.960 
    8670   164.935   164.960 
    8680   164.935   164.960 
    8690   164.935   164.960 
    8700   164.921   164.963 
    8710   164.936   164.965 
    8720   164.935   164.960 
    8730   164.937   164.960 
    8740   164.935   164.960 
    8750   164.933   164.954 
    8760   164.935   164.960 
    8770   164.935   164.960 
    8780   164.938   164.960 
    8790   164.936   164.960 
    8800   164.935   164.963 
    8810   164.935   164.960 
    8820   164.935   164.960 
    8830   164.936   164.961 
    8840   164.935   164.961 
    8850   164.930   164.968 
    8860   164.935   164.961 
    8870   164.935   164.960 
    8880   164.936   164.961 
    8890   164.935   164.960 
    8900   164.917   165.011 
    8910   164.935   164.960 
    8920   164.936   164.961 
    8930   164.934   164.962 
    8940   164.935   164.960 
    8950   164.937   164.965 
    8960   164.936   164.960 
    8970   164.936   164.960 
    8980   164.935   164.961 
    8990   164.935   164.961 
    9000   164.873   164.972 
    9010   164.936   164.960 
    9020   164.935   164.960 
    9030   164.935   164.960 
    9040   164.935   164.960 
    9050   164.931   164.963 
    9060   164.935   164.960 
    9070   164.935   164.960 
    9080   164.935   164.961 
    9090   164.935   164.960 
    9100   164.875   165.007 
    9110   164.935   164.960 
    9120   164.935   164.960 
    9130   164.935   164.961 
    9140   164.935   164.961 
    9150   164.916   165.031 
    9160   164.935   164.961 
    9170   164.935   164.960 
    9180   164.935   164.960 
    9190   164.935   164.960 
    9200   164.941   164.922 
    9210   164.929   164.960 
    9220   164.935   164.960 
    9230   164.935   164.960 
    9240   164.935   164.961 
    9250   165.004   164.829 
    9260   164.935   164.960 
    9270   164.935   164.960 
    9280   164.935   164.961 
    9290   164.935   164.960 
    9300   164.943   164.962 
    9310   164.936   164.960 
    9320   164.935   164.960 
    9330   164.936   164.962 
    9340   164.935   164.960 
    9350   164.941   164.959 
    9360   164.936   164.961 
    9370   164.935   164.960 
    9380   164.935   164.960 
    9390   164.935   164.960 
    9400   164.934   164.971 
    9410   164.936   164.961 
    9420   164.935   164.960 
    9430   164.934   164.960 
    9440   164.935   164.960 
    9450   164.934   164.967 
    9460   164.935   164.960 
    9470   164.935   164.960 
    9480   164.934   164.963 
    9490   164.935   164.961 
    9500   164.942   164.954 
    9510   164.935   164.960 
    9520   164.935   164.960 
    9530    82.077    56.783 
    9540   164.935   164.960 
    9550   164.929   164.965 
    9560   164.936   164.961 
    9570   164.935   164.960 
    9580   164.935   164.960 
    9590   164.935   164.961 
    9600   164.908   165.033 
    9610   164.935   164.960 
    9620   164.935   164.960 
    9630   164.936   164.960 
    9640   164.935   164.960 
    9650   164.908   164.973 
    9660   164.936   164.960 
    9670   164.935   164.960 
    9680   164.935   164.961 
    9690   164.935   164.961 
    9700   164.897   164.910 
    9710   164.936   164.961 
    9720   164.935   164.960 
    9730   164.936   164.960 
    9740   164.935   164.961 
    9750   164.935   164.953 
    9760   164.935   164.960 
    9770   164.936   164.960 
    9780   164.936   164.960 
    9790   164.935   164.961 
    9800   164.960   164.953 
    9810   164.935   164.959 
    9820   164.935   164.960 
    9830   164.936   164.961 
    9840   164.936   164.961 
    9850   165.017   164.984 
    9860   164.935   164.960 
    9870   164.935   164.960 
    9880   164.935   164.960 
    9890   164.935   164.960 
    9900   164.921   165.022 
    9910   164.935   164.961 
    9920   164.935   164.960 
    9930   164.935   164.960 
    9940   164.935   164.960 
    9950   164.935   165.016 
    9960   164.935   164.963 
    9970   164.935   164.960 
    9980   164.935   164.960 
    9990   164.935   164.960 
   10000   164.935   164.961 
