       0   140.040   140.020 
      10   144.710   144.765 
      20   145.004   144.991 
      30   144.925   144.918 
      40   144.935   144.925 
      50   144.908   144.889 
      60   144.993   144.961 
      70   145.046   144.941 
      80   144.997   144.966 
      90   145.031   144.991 
     100   144.994   144.973 
     110   145.017   145.022 
     120   144.996   144.970 
     130   145.002   144.991 
     140   144.997   144.980 
     150   144.969   145.013 
     160   145.004   144.987 
     170   144.996   144.978 
     180   145.004   144.984 
     190   145.000   144.987 
     200   145.009   144.941 
     210   144.995   144.984 
     220   144.997   144.987 
     230   145.006   144.988 
     240   145.005   144.987 
     250   145.012   144.994 
     260   144.999   144.997 
     270   145.009   144.990 
     280   145.007   144.992 
     290   145.008   144.991 
     300   145.000   144.985 
     310   145.012   144.983 
     320   145.010   144.990 
     330   145.009   144.992 
     340   145.009   144.993 
     350   145.024   144.983 
     360   145.005   144.988 
     370   145.012   144.995 
     380   145.009   144.992 
     390   145.011   144.994 
     400   145.009   144.997 
     410   145.002   144.993 
     420   145.011   144.994 
     430   145.011   144.995 
     440   145.012   144.995 
     450   144.942   144.986 
     460   145.017   144.981 
     470   145.011   144.996 
     480   145.013   144.991 
     490   145.011   144.996 
     500   145.008   144.996 
     510   145.012   145.002 
     520   145.013   144.998 
     530   145.013   144.997 
     540   145.012   144.997 
     550   145.007   144.998 
     560   145.013   145.000 
     570   145.013   144.998 
     580   145.012   144.995 
     590   145.012   144.995 
     600   145.007   144.997 
     610   145.013   145.002 
     620   145.014   145.004 
     630   145.014   145.000 
     640   145.013   144.998 
     650   145.011   145.007 
     660   145.010   144.998 
     670   145.010   144.998 
     680   145.014   144.998 
     690   145.014   144.999 
     700   145.012   145.010 
     710   145.014   144.999 
     720   145.015   144.999 
     730   145.014   144.999 
     740   145.013   144.999 
     750   145.017   145.003 
     760   145.013   145.000 
     770   145.014   145.000 
     780   145.016   144.998 
     790   145.013   144.999 
     800   145.106   145.049 
     810   145.013   145.000 
     820   145.014   145.000 
     830   145.014   145.000 
     840   145.011   144.998 
     850   145.040   145.018 
     860   145.015   144.998 
     870   145.015   145.000 
     880   145.013   145.001 
     890   145.014   145.001 
     900   145.066   145.057 
     910   145.013   145.002 
     920   145.015   145.001 
     930   145.015   145.000 
     940   145.015   145.001 
     950   145.022   145.006 
     960   145.014   145.002 
     970   145.015   145.002 
     980   145.015   145.001 
     990   145.015   145.001 
    1000   144.988   144.918 
    1010   145.012   145.002 
    1020   145.015   145.001 
    1030   145.016   145.000 
    1040   145.015   145.001 
    1050   144.929   144.998 
    1060   145.015   144.999 
    1070   145.015   145.002 
    1080   145.012   145.004 
    1090   145.015   145.002 
    1100   144.970   144.929 
    1110   145.012   145.004 
    1120   145.016   145.002 
    1130   145.016   145.000 
    1140   145.017   145.002 
    1150   144.993   144.954 
    1160   145.016   145.003 
    1170   145.016   145.003 
    1180   145.016   145.002 
    1190   145.016   145.002 
    1200   145.013   145.081 
    1210   145.017   145.003 
    1220   145.016   145.002 
    1230   145.017   145.003 
    1240   145.016   145.002 
    1250   144.991   145.060 
    1260   145.017   145.003 
    1270   145.016   145.003 
    1280   145.023   145.005 
    1290   145.017   145.003 
    1300   145.018   144.995 
    1310   145.016   145.003 
    1320   145.016   145.003 
    1330   145.018   145.005 
    1340   145.017   145.004 
    1350   145.009   145.000 
    1360   145.017   145.005 
    1370   145.017   145.005 
    1380   145.017   145.004 
    1390   145.017   145.004 
    1400   145.019   145.008 
    1410   145.016   145.005 
    1420   145.017   145.005 
    1430   145.018   145.004 
    1440   145.017   145.005 
    1450   145.014   145.000 
    1460   145.018   145.004 
    1470   145.017   145.005 
    1480   145.018   145.004 
    1490   145.017   145.005 
    1500   145.021   145.010 
    1510   145.017   145.004 
    1520   145.016   145.005 
    1530   242.626    57.166 
    1540   145.017   145.005 
    1550   145.023   145.011 
    1560   145.018   145.004 
    1570   145.017   145.005 
    1580    83.591   215.125 
    1590   145.017   145.005 
    1600   144.991   144.977 
    1610   145.017   145.005 
    1620   145.017   145.004 
    1630   145.017   145.004 
    1640   145.019   145.003 
    1650   145.022   145.006 
    1660   145.017   145.005 
    1670   145.017   145.005 
    1680   145.017   145.007 
    1690   145.017   145.005 
    1700   145.015   145.031 
    1710   145.017   145.005 
    1720   145.017   145.005 
    1730   145.017   145.005 
    1740   145.017   145.005 
    1750   145.007   145.004 
    1760   145.017   145.005 
    1770   145.017   145.005 
    1780   126.895   248.793 
    1790   145.017   145.005 
    1800   145.014   145.022 
    1810   145.017   145.005 
    1820   145.016   145.005 
    1830   145.016   145.005 
    1840   145.017   145.005 
    1850   145.014   145.008 
    1860   145.017   145.005 
    1870   145.018   145.006 
    1880   145.016   145.004 
    1890   145.017   145.005 
    1900   144.918   145.090 
    1910   145.016   145.004 
    1920   145.017   145.005 
    1930   145.017   145.005 
    1940   145.017   145.005 
    1950   145.011   145.004 
    1960   145.017   145.005 
    1970   145.017   145.004 
    1980   145.017   145.005 
    1990   145.017   145.005 
    2000   144.975   145.004 
    2010   145.017   145.005 
    2020   145.017   145.004 
    2030   145.017   145.003 
    2040   145.017   145.005 
    2050   145.017   144.999 
    2060   145.017   145.005 
    2070   145.017   145.005 
    2080   145.017   145.005 
    2090   145.016   145.005 
    2100   145.017   145.017 
    2110   145.017   145.005 
    2120   145.017   145.005 
    2130   145.017   145.005 
    2140   145.017   145.005 
    2150   145.006   145.002 
    2160   145.016   145.009 
    2170   145.017   145.005 
    2180   145.018   145.006 
    2190   145.017   145.005 
    2200   144.991   145.076 
    2210   145.017   145.005 
    2220   145.017   145.005 
    2230   145.016   145.004 
    2240   145.017   145.005 
    2250   145.014   145.089 
    2260   145.017   145.005 
    2270   145.017   145.005 
    2280   145.017   145.005 
    2290   145.017   145.006 
    2300   145.037   145.035 
    2310   145.021   145.002 
    2320   145.015   145.007 
    2330   145.017   145.005 
    2340   145.017   145.005 
    2350   145.016   145.003 
    2360   145.017   145.005 
    2370   145.017   145.006 
    2380   145.017   145.004 
    2390   145.017   145.005 
    2400   145.010   145.005 
    2410   145.017   145.005 
    2420   145.017   145.005 
    2430   145.016   145.005 
    2440   145.017   145.006 
    2450   145.008   145.005 
    2460   145.017   145.006 
    2470   145.017   145.005 
    2480   145.017   145.005 
    2490   145.017   145.005 
    2500   145.174   145.018 
    2510   145.017   145.006 
    2520   145.017   145.005 
    2530   145.017   145.005 
    2540   145.017   145.005 
    2550   145.026   144.793 
    2560   145.017   144.997 
    2570   145.017   145.005 
    2580   145.017   145.005 
    2590   145.017   145.005 
    2600   144.997   145.020 
    2610   145.017   145.006 
    2620   145.017   145.006 
    2630    71.831   226.699 
    2640   145.017   145.005 
    2650   145.023   145.013 
    2660   145.017   145.005 
    2670   145.017   145.005 
    2680   145.017   145.006 
    2690   145.017   145.005 
    2700   145.032   145.013 
    2710   145.020   144.999 
    2720   145.017   145.005 
    2730   145.014   145.004 
    2740   145.017   145.005 
    2750   145.013   145.011 
    2760   145.016   145.005 
    2770   145.018   145.006 
    2780   145.016   145.005 
    2790   145.017   145.005 
    2800   145.025   145.002 
    2810   145.017   145.005 
    2820   145.017   145.005 
    2830   145.017   145.005 
    2840   145.017   145.005 
    2850   145.013   145.006 
    2860   145.017   145.007 
    2870   145.017   145.006 
    2880   145.017   145.005 
    2890   145.017   145.005 
    2900   145.014   145.003 
    2910   145.017   145.013 
    2920   145.017   145.007 
    2930   145.017   145.006 
    2940   145.017   145.005 
    2950   145.015   145.025 
    2960   145.019   145.005 
    2970   145.017   145.006 
    2980   145.016   145.006 
    2990   145.017   145.006 
    3000   144.945   145.003 
    3010   145.017   145.005 
    3020   145.017   145.006 
    3030   145.017   145.005 
    3040   145.017   145.006 
    3050   145.027   145.015 
    3060   145.017   145.005 
    3070   145.017   145.006 
    3080   145.016   145.006 
    3090   145.017   145.006 
    3100   145.014   145.003 
    3110   145.017   145.005 
    3120   145.017   145.006 
    3130   145.017   145.006 
    3140   145.017   145.006 
    3150   145.016   145.007 
    3160   145.017   145.005 
    3170   145.017   145.006 
    3180   145.016   145.005 
    3190   145.018   145.006 
    3200   144.960   144.949 
    3210   145.017   145.006 
    3220   145.017   145.006 
    3230   145.017   145.006 
    3240   145.017   145.006 
    3250   145.018   145.006 
    3260   145.017   145.006 
    3270   145.017   145.006 
    3280   145.017   145.006 
    3290   145.017   145.006 
    3300   145.024   145.010 
    3310   145.017   145.006 
    3320   145.017   145.006 
    3330   145.016   145.007 
    3340   145.017   145.005 
    3350   144.980   144.962 
    3360   145.017   145.006 
    3370   145.017   145.006 
    3380   145.015   145.008 
    3390   145.017   145.006 
    3400   145.014   145.004 
    3410   145.017   145.005 
    3420   145.017   145.006 
    3430    92.769   231.067 
    3440   145.017   145.006 
    3450   145.021   145.076 
    3460   145.017   145.006 
    3470   145.017   145.006 
    3480   145.017   145.006 
    3490   145.017   145.006 
    3500   145.026   145.018 
    3510   145.017   145.006 
    3520   145.017   145.006 
    3530   145.018   145.005 
    3540   145.017   145.006 
    3550   145.022   145.011 
    3560   145.017   145.006 
    3570   145.017   145.006 
    3580   145.015   145.007 
    3590   145.017   145.006 
    3600   145.031   144.998 
    3610   145.017   145.006 
    3620   145.017   145.006 
    3630   145.017   145.006 
    3640   145.017   145.006 
    3650   145.019   145.006 
    3660   145.017   145.005 
    3670   145.017   145.006 
    3680   145.017   145.005 
    3690   145.017   145.006 
    3700   145.031   145.008 
    3710   145.017   145.006 
    3720   145.017   145.006 
    3730   145.017   145.005 
    3740   145.017   145.006 
    3750   145.015   145.015 
    3760   145.017   145.006 
    3770   145.017   145.006 
    3780   145.017   145.006 
    3790   145.017   145.006 
    3800   145.017   145.010 
    3810   145.017   145.006 
    3820   145.017   145.006 
    3830   145.034   145.007 
    3840   145.017   145.006 
    3850   145.017   145.010 
    3860   145.017   145.006 
    3870   145.017   145.006 
    3880   145.017   145.006 
    3890   145.017   145.006 
    3900   144.971   145.000 
    3910   145.017   145.006 
    3920   145.017   145.006 
    3930   145.017   145.006 
    3940   145.017   145.006 
    3950   145.064   145.031 
    3960   145.017   145.006 
    3970   145.017   145.006 
    3980   145.017   145.006 
    3990   145.017   145.006 
    4000   144.968   144.982 
    4010   145.017   145.006 
    4020   145.017   145.006 
    4030   145.017   145.005 
    4040   145.017   145.006 
    4050   144.926   144.971 
    4060   145.017   145.006 
    4070   145.017   145.006 
    4080   145.017   145.006 
    4090   145.017   145.006 
    4100   145.011   145.019 
    4110   145.031   145.012 
    4120   145.017   145.006 
    4130   145.017   145.006 
    4140   145.017   145.006 
    4150   145.026   145.000 
    4160   145.017   145.005 
    4170   145.017   145.006 
    4180   145.018   145.005 
    4190   145.017   145.006 
    4200   145.013   145.002 
    4210   145.017   145.006 
    4220   145.017   145.006 
    4230   145.017   145.005 
    4240   145.017   145.006 
    4250   145.015   145.005 
    4260   145.017   145.005 
    4270   145.017   145.006 
    4280   145.017   145.006 
    4290   145.017   145.005 
    4300   144.993   144.995 
    4310   145.017   145.006 
    4320   145.017   145.006 
    4330   145.016   145.006 
    4340   145.017   145.006 
    4350   145.008   145.003 
    4360   145.017   145.006 
    4370   145.017   145.006 
    4380   145.017   145.005 
    4390   145.017   145.006 
    4400   145.017   145.006 
    4410   145.016   145.006 
    4420   145.017   145.006 
    4430   145.017   145.005 
    4440   145.017   145.006 
    4450   145.018   145.049 
    4460   145.017   145.006 
    4470   145.017   145.006 
    4480   145.017   145.005 
    4490   145.017   145.006 
    4500   145.105   145.057 
    4510   145.017   145.006 
    4520   145.017   145.006 
    4530   145.017   145.005 
    4540   145.017   145.006 
    4550   145.019   145.010 
    4560   145.024   145.003 
    4570   145.017   145.006 
    4580   145.017   145.006 
    4590   145.017   145.006 
    4600   145.016   145.003 
    4610   145.017   145.006 
    4620   145.017   145.006 
    4630   145.016   145.006 
    4640   145.017   145.006 
    4650   145.017   145.007 
    4660   145.017   145.006 
    4670   145.017   145.006 
    4680   145.017   145.006 
    4690   145.017   145.006 
    4700   145.017   145.004 
    4710   145.017   145.006 
    4720   145.017   145.006 
    4730   145.017   145.005 
    4740   145.017   145.006 
    4750   145.109   145.039 
    4760   145.017   145.006 
    4770   145.017   145.006 
    4780   145.018   145.007 
    4790   145.017   145.006 
    4800   145.093   144.998 
    4810   145.017   145.006 
    4820   145.017   145.006 
    4830   145.017   145.006 
    4840   145.017   145.006 
    4850   145.081   144.953 
    4860   145.014   145.002 
    4870   145.017   145.006 
    4880   145.016   145.005 
    4890   145.017   145.006 
    4900   145.010   145.011 
    4910   145.017   145.006 
    4920   145.017   145.006 
    4930    81.684    64.764 
    4940   145.017   145.006 
    4950   145.025   144.999 
    4960   145.017   145.006 
    4970   145.017   145.006 
    4980   145.018   145.007 
    4990   145.017   145.006 
    5000   145.013   145.009 
    5010   145.017   145.006 
    5020   145.017   145.006 
    5030   145.017   145.005 
    5040   145.017   145.006 
    5050   145.024   144.998 
    5060   145.017   145.006 
    5070   145.017   145.006 
    5080   145.017   145.006 
    5090   145.017   145.006 
    5100   145.020   145.007 
    5110   145.017   145.006 
    5120   145.017   145.006 
    5130   145.018   145.006 
    5140   145.017   145.006 
    5150   145.016   145.010 
    5160   145.017   145.006 
    5170   145.017   145.006 
    5180   145.017   145.006 
    5190   145.017   145.006 
    5200   145.017   145.007 
    5210   145.017   145.006 
    5220   145.017   145.006 
    5230   145.017   145.006 
    5240   145.017   145.006 
    5250   144.986   145.070 
    5260   145.017   145.005 
    5270   145.018   145.006 
    5280   145.018   145.006 
    5290   145.017   145.006 
    5300   145.007   145.018 
    5310   145.017   145.006 
    5320   145.017   145.006 
    5330   145.017   145.006 
    5340   145.017   145.006 
    5350   145.014   145.003 
    5360   145.017   145.006 
    5370   145.017   145.006 
    5380   145.016   145.006 
    5390   145.017   145.006 
    5400   145.086   144.933 
    5410   145.017   145.006 
    5420   145.017   145.006 
    5430   145.017   145.006 
    5440   145.017   145.006 
    5450   145.009   145.008 
    5460   145.017   145.006 
    5470   145.017   145.006 
    5480   145.017   145.006 
    5490   145.017   145.006 
    5500   145.024   145.019 
    5510   145.017   145.006 
    5520   145.017   145.006 
    5530   145.017   145.006 
    5540   145.017   145.006 
    5550   145.017   145.004 
    5560   145.017   145.006 
    5570   145.017   145.006 
    5580   127.643   238.543 
    5590   145.017   145.006 
    5600   145.057   145.036 
    5610   145.017   145.005 
    5620   145.017   145.006 
    5630   145.017   145.005 
    5640   145.017   145.006 
    5650   145.016   144.992 
    5660   145.015   145.006 
    5670   145.017   145.006 
    5680   145.017   145.006 
    5690   145.017   145.006 
    5700   144.987   145.086 
    5710   145.017   145.006 
    5720   145.017   145.006 
    5730   145.017   145.006 
    5740   145.017   145.006 
    5750   144.958   144.989 
    5760   145.017   145.006 
    5770   145.017   145.006 
    5780   145.017   145.006 
    5790   145.017   145.006 
    5800   144.930   145.027 
    5810   145.017   145.006 
    5820   145.017   145.006 
    5830   145.013   145.008 
    5840   145.017   145.006 
    5850   145.016   145.002 
    5860   145.017   145.006 
    5870   145.016   145.006 
    5880   145.017   145.006 
    5890   145.017   145.006 
    5900   145.010   145.010 
    5910   145.017   145.006 
    5920   145.017   145.006 
    5930   145.017   145.006 
    5940   145.017   145.006 
    5950   145.016   145.016 
    5960   145.017   145.006 
    5970   145.017   145.006 
    5980   145.018   145.006 
    5990   145.017   145.006 
    6000   145.011   145.086 
    6010   145.017   145.006 
    6020   145.017   145.006 
    6030   145.016   145.003 
    6040   145.017   145.006 
    6050   144.951   145.024 
    6060   145.017   145.006 
    6070   145.017   145.006 
    6080   145.017   145.006 
    6090   145.018   145.007 
    6100   145.016   145.008 
    6110   145.017   145.006 
    6120   145.017   145.006 
    6130   145.017   145.006 
    6140   145.017   145.005 
    6150   145.019   145.004 
    6160   145.017   145.006 
    6170   145.017   145.006 
    6180   145.017   145.006 
    6190   145.017   145.006 
    6200   145.011   145.012 
    6210   145.017   145.006 
    6220   145.017   145.006 
    6230   145.016   145.006 
    6240   145.017   145.006 
    6250   145.016   145.005 
    6260   145.017   145.006 
    6270   145.017   145.006 
    6280   214.883   108.552 
    6290   145.017   145.006 
    6300   145.021   145.062 
    6310   145.017   145.006 
    6320   145.017   145.006 
    6330   145.017   145.006 
    6340   145.016   145.007 
    6350   145.021   145.009 
    6360   145.017   145.006 
    6370   145.017   145.006 
    6380   145.017   145.006 
    6390   145.017   145.006 
    6400   145.019   145.009 
    6410   145.017   145.006 
    6420   145.017   145.006 
    6430   145.017   145.006 
    6440   145.017   145.006 
    6450   145.068   145.066 
    6460   145.017   145.006 
    6470   145.017   145.006 
    6480   145.017   145.006 
    6490   145.017   145.006 
    6500   145.021   145.002 
    6510   145.017   145.006 
    6520   145.017   145.006 
    6530   230.527   232.121 
    6540   145.017   145.006 
    6550   145.060   144.943 
    6560   145.017   145.006 
    6570   145.017   145.006 
    6580   145.018   145.007 
    6590   145.017   145.006 
    6600   145.020   145.008 
    6610   145.017   145.006 
    6620   145.017   145.006 
    6630   145.017   145.005 
    6640   145.017   145.006 
    6650   145.045   144.973 
    6660   145.017   145.006 
    6670   145.017   145.006 
    6680   226.536    78.403 
    6690   145.017   145.006 
    6700   145.024   145.014 
    6710   145.017   145.006 
    6720   145.017   145.006 
    6730   145.017   145.006 
    6740   145.017   145.006 
    6750   145.019   145.004 
    6760   145.017   145.007 
    6770   145.017   145.006 
    6780   145.017   145.006 
    6790   145.017   145.006 
    6800   145.014   145.007 
    6810   145.017   145.006 
    6820   145.017   145.006 
    6830   183.851   248.279 
    6840   145.017   145.006 
    6850   145.003   145.010 
    6860   145.017   145.006 
    6870   145.017   145.006 
    6880   145.017   145.005 
    6890   145.017   145.006 
    6900   145.011   145.009 
    6910   145.017   145.005 
    6920   145.017   145.006 
    6930   145.017   145.006 
    6940   145.017   145.006 
    6950   145.016   145.005 
    6960   145.017   145.006 
    6970   145.017   145.006 
    6980   145.017   145.005 
    6990   145.017   145.006 
    7000   145.130   144.947 
    7010   145.017   145.006 
    7020   145.017   145.006 
    7030   145.017   145.006 
    7040   145.017   145.006 
    7050   145.057   145.053 
    7060   145.017   145.006 
    7070   145.017   145.006 
    7080   145.017   145.006 
    7090   145.017   145.006 
    7100   145.016   145.004 
    7110   145.017   145.006 
    7120   145.017   145.006 
    7130   145.019   145.007 
    7140   145.017   145.006 
    7150   144.993   145.093 
    7160   145.017   145.006 
    7170   145.017   145.006 
    7180   145.017   145.006 
    7190   145.017   145.006 
    7200   145.026   144.983 
    7210   145.017   145.006 
    7220   145.017   145.006 
    7230   145.018   145.006 
    7240   145.018   145.006 
    7250   145.018   145.003 
    7260   145.017   145.006 
    7270   145.017   145.006 
    7280   145.016   145.002 
    7290   145.017   145.006 
    7300   145.012   145.009 
    7310   145.017   145.006 
    7320   145.017   145.006 
    7330   145.017   145.006 
    7340   145.017   145.006 
    7350   145.020   145.032 
    7360   145.017   145.006 
    7370   145.017   145.006 
    7380   145.017   145.006 
    7390   145.017   145.006 
    7400   145.018   145.012 
    7410   145.017   145.006 
    7420   145.017   145.006 
    7430   145.017   145.006 
    7440   145.017   145.006 
    7450   145.019   145.009 
    7460   145.017   145.006 
    7470   145.017   145.006 
    7480   145.017   145.006 
    7490   145.017   145.006 
    7500   145.030   145.008 
    7510   145.017   145.006 
    7520   145.017   145.006 
    7530   145.017   145.005 
    7540   145.017   145.006 
    7550   145.017   145.007 
    7560   145.017   145.006 
    7570   145.017   145.006 
    7580   145.017   145.006 
    7590   145.017   145.006 
    7600   145.007   145.005 
    7610   145.017   145.006 
    7620   145.017   145.006 
    7630   145.017   145.006 
    7640   145.017   145.006 
    7650   145.005   145.005 
    7660   145.017   145.006 
    7670   145.017   145.006 
    7680   145.017   145.004 
    7690   145.017   145.006 
    7700   145.007   145.005 
    7710   145.017   145.006 
    7720   145.017   145.006 
    7730   145.017   145.006 
    7740   145.017   145.006 
    7750   145.015   145.008 
    7760   145.017   145.006 
    7770   145.017   145.006 
    7780   145.017   145.008 
    7790   145.017   145.006 
    7800   145.029   145.006 
    7810   145.017   145.006 
    7820   145.017   145.006 
    7830   145.017   145.005 
    7840   145.017   145.006 
    7850   144.962   145.054 
    7860   145.017   145.006 
    7870   145.017   145.006 
    7880   145.017   145.005 
    7890   145.017   145.006 
    7900   144.996   144.981 
    7910   145.017   145.006 
    7920   145.017   145.006 
    7930   145.017   145.005 
    7940   145.017   145.006 
    7950   145.012   145.003 
    7960   145.016   145.007 
    7970   145.017   145.006 
    7980   145.017   145.005 
    7990   145.017   145.006 
    8000   145.018   145.006 
    8010   145.017   145.006 
    8020   145.017   145.007 
    8030   163.888    69.722 
    8040   145.017   145.006 
    8050   144.962   144.995 
    8060   145.017   145.006 
    8070   145.017   145.006 
    8080   208.857    65.414 
    8090   145.017   145.006 
    8100   145.009   145.000 
    8110   145.017   145.006 
    8120   145.017   145.006 
    8130   145.016   145.007 
    8140   145.017   145.006 
    8150   145.014   145.005 
    8160   145.017   145.005 
    8170   145.017   145.006 
    8180   145.017   145.006 
    8190   145.017   145.006 
    8200   145.018   145.008 
    8210   145.017   145.006 
    8220   145.017   145.006 
    8230   145.017   145.006 
    8240   145.017   145.006 
    8250   145.011   145.011 
    8260   145.016   145.004 
    8270   145.017   145.006 
    8280   160.903    69.369 
    8290   145.017   145.006 
    8300   145.046   145.011 
    8310   145.017   145.006 
    8320   145.017   145.006 
    8330   145.017   145.007 
    8340   145.017   145.006 
    8350   145.020   144.996 
    8360   145.017   145.006 
    8370   145.017   145.006 
    8380   254.615   201.794 
    8390   145.017   145.006 
    8400   145.018   145.003 
    8410   145.017   145.006 
    8420   145.017   145.006 
    8430   145.017   145.005 
    8440   145.017   145.006 
    8450   145.014   145.007 
    8460   145.017   145.006 
    8470   145.017   145.006 
    8480   145.017   145.006 
    8490   145.017   145.006 
    8500   145.019   145.007 
    8510   145.017   145.005 
    8520   145.017   145.006 
    8530   145.017   145.004 
    8540   145.017   145.006 
    8550   145.060   145.013 
    8560   145.017   145.006 
    8570   145.017   145.006 
    8580   145.017   145.006 
    8590   145.017   145.006 
    8600   145.028   145.006 
    8610   145.017   145.006 
    8620   145.017   145.006 
    8630   145.017   145.004 
    8640   145.017   145.006 
    8650   145.012   145.006 
    8660   145.017   145.006 
    8670   145.017   145.006 
    8680   145.017   145.006 
    8690   145.017   145.006 
    8700   145.017   145.005 
    8710   145.017   145.006 
    8720   145.016   145.006 
    8730   145.017   145.006 
    8740   145.019   145.005 
    8750   145.016   145.001 
    8760   145.017   145.006 
    8770   145.017   145.006 
    8780   145.018   145.006 
    8790   145.017   145.006 
    8800   145.017   145.008 
    8810   145.016   145.005 
    8820   145.017   145.006 
    8830   145.017   145.006 
    8840   145.017   145.006 
    8850   145.019   145.007 
    8860   145.017   145.006 
    8870   145.017   145.006 
    8880   145.018   145.005 
    8890   145.017   145.006 
    8900   144.984   145.104 
    8910   145.017   145.006 
    8920   145.017   145.006 
    8930   145.017   145.006 
    8940   145.017   145.006 
    8950   145.017   145.003 
    8960   145.017   145.006 
    8970   145.017   145.006 
    8980   145.017   145.005 
    8990   145.017   145.006 
    9000   145.018   145.007 
    9010   145.017   145.006 
    9020   145.016   145.005 
    9030   145.017   145.006 
    9040   145.017   145.006 
    9050   145.038   145.023 
    9060   145.020   145.002 
    9070   145.017   145.006 
    9080   145.018   145.005 
    9090   145.017   145.006 
    9100   145.019   145.008 
    9110   145.017   145.006 
    9120   145.017   145.006 
    9130   145.017   145.006 
    9140   145.017   145.006 
    9150   145.070   144.977 
    9160   145.017   145.006 
    9170   145.017   145.006 
    9180   145.017   145.006 
    9190   145.017   145.006 
    9200   145.019   145.015 
    9210   145.020   145.005 
    9220   145.016   145.006 
    9230   145.017   145.006 
    9240   145.017   145.006 
    9250   145.020   145.008 
    9260   145.017   145.006 
    9270   145.017   145.006 
    9280   145.017   145.006 
    9290   145.017   145.006 
    9300   145.015   145.004 
    9310   145.017   145.006 
    9320   145.017   145.006 
    9330   145.020   145.008 
    9340   145.017   145.006 
    9350   145.037   144.964 
    9360   145.017   145.006 
    9370   145.017   145.006 
    9380   145.017   145.006 
    9390   145.017   145.006 
    9400   145.013   145.006 
    9410   145.017   145.003 
    9420   145.017   145.006 
    9430   156.251    73.902 
    9440   145.017   145.006 
    9450   144.962   145.000 
    9460   145.017   145.006 
    9470   145.017   145.006 
    9480   145.017   145.006 
    9490   145.017   145.006 
    9500   145.014   145.008 
    9510   145.017   145.006 
    9520   145.017   145.006 
    9530   145.017   145.006 
    9540   145.017   145.006 
    9550   145.015   145.007 
    9560   145.017   145.004 
    9570   145.017   145.006 
    9580   145.017   145.006 
    9590   145.017   145.006 
    9600   145.015   145.005 
    9610   145.017   145.006 
    9620   145.017   145.006 
    9630   164.796    57.066 
    9640   145.017   145.006 
    9650   145.003   145.004 
    9660   145.017   145.008 
    9670   145.017   145.006 
    9680   145.017   145.005 
    9690   145.018   145.006 
    9700   145.015   145.009 
    9710   145.018   145.006 
    9720   145.017   145.006 
    9730    80.172   105.844 
    9740   145.017   145.006 
    9750   145.015   145.011 
    9760   145.017   145.006 
    9770   145.017   145.006 
    9780    55.262    86.256 
    9790   145.017   145.006 
    9800   145.049   144.976 
    9810   145.017   145.006 
    9820   145.017   145.006 
    9830   145.017   145.006 
    9840   145.017   145.006 
    9850   145.007   145.009 
    9860   145.017   145.006 
    9870   145.017   145.006 
    9880   145.017   145.006 
    9890   145.017   145.006 
    9900   145.039   145.075 
    9910   145.017   145.006 
    9920   145.017   145.006 
    9930   145.015   145.006 
    9940   145.017   145.006 
    9950   145.016   145.002 
    9960   145.017   145.006 
    9970   145.017   145.006 
    9980   145.017   145.006 
    9990   145.017   145.006 
   10000   145.017   145.006 
