       0   179.878   179.911 
      10   184.544   184.825 
      20   184.808   184.867 
      30   184.745   184.835 
      40   184.729   184.839 
      50   184.743   184.839 
      60   184.785   184.871 
      70   184.824   184.857 
      80   184.847   184.873 
      90   184.833   184.889 
     100   184.833   184.917 
     110   184.830   184.875 
     120   184.858   184.879 
     130   184.845   184.881 
     140   184.848   184.869 
     150   184.829   184.921 
     160   184.846   184.885 
     170   184.845   184.883 
     180   184.858   184.881 
     190   184.848   184.892 
     200   184.837   184.865 
     210   184.852   184.885 
     220   184.849   184.886 
     230   184.848   184.887 
     240   184.845   184.883 
     250   184.848   184.891 
     260   184.856   184.888 
     270   184.848   184.888 
     280   184.851   184.890 
     290   184.848   184.888 
     300   184.846   184.885 
     310   184.849   184.889 
     320   184.852   184.889 
     330   184.854   184.889 
     340   184.850   184.882 
     350   184.850   184.887 
     360   184.861   184.890 
     370   184.853   184.890 
     380   184.851   184.890 
     390   184.855   184.860 
     400   184.852   184.888 
     410   184.842   184.890 
     420   184.856   184.891 
     430   184.853   184.891 
     440   184.852   184.890 
     450   184.850   184.887 
     460   184.851   184.891 
     470   184.855   184.892 
     480   184.855   184.894 
     490   184.857   184.902 
     500   184.835   184.836 
     510   184.855   184.891 
     520   184.853   184.893 
     530   184.856   184.894 
     540   184.851   184.891 
     550   184.857   184.894 
     560   184.856   184.890 
     570   184.857   184.892 
     580   184.855   184.891 
     590   184.845   184.887 
     600   184.885   184.915 
     610   184.854   184.892 
     620   184.856   184.893 
     630   184.857   184.890 
     640   184.835   184.883 
     650   184.807   184.862 
     660   184.858   184.894 
     670   184.856   184.893 
     680   184.857   184.892 
     690   184.848   184.900 
     700   184.858   184.884 
     710   184.860   184.894 
     720   184.856   184.894 
     730   184.856   184.894 
     740   184.856   184.894 
     750   184.856   184.899 
     760   184.859   184.894 
     770   184.858   184.895 
     780   184.859   184.895 
     790   184.857   184.894 
     800   184.855   184.888 
     810   184.856   184.895 
     820   184.859   184.895 
     830   184.858   184.901 
     840   184.859   184.895 
     850   184.859   184.897 
     860   184.857   184.899 
     870   184.857   184.894 
     880   184.859   184.898 
     890   184.860   184.895 
     900   184.862   184.912 
     910   184.861   184.897 
     920   184.862   184.897 
     930   184.858   184.895 
     940   184.851   184.892 
     950   184.920   184.934 
     960   184.859   184.896 
     970   184.862   184.899 
     980   184.861   184.896 
     990   184.862   184.897 
    1000   184.866   184.895 
    1010   184.861   184.897 
    1020   184.861   184.897 
    1030   184.861   184.893 
    1040   184.864   184.897 
    1050   184.861   184.900 
    1060   184.861   184.897 
    1070   184.863   184.898 
    1080   184.860   184.899 
    1090   184.863   184.896 
    1100   184.861   184.872 
    1110   184.848   184.899 
    1120   184.874   184.899 
    1130   184.869   184.897 
    1140   184.876   184.894 
    1150   184.843   184.907 
    1160   184.859   184.905 
    1170   184.864   184.898 
    1180   184.864   184.898 
    1190   184.841   184.896 
    1200   184.860   184.898 
    1210   184.868   184.894 
    1220   184.900   184.875 
    1230   184.864   184.896 
    1240   184.874   184.900 
    1250   184.869   184.898 
    1260   184.865   184.901 
    1270   184.864   184.900 
    1280   184.866   184.900 
    1290   184.865   184.901 
    1300   184.865   184.902 
    1310   184.864   184.900 
    1320   184.869   184.903 
    1330   184.853   184.889 
    1340   184.859   184.909 
    1350   184.868   184.896 
    1360   184.868   184.901 
    1370   184.864   184.901 
    1380   184.873   184.899 
    1390   184.867   184.902 
    1400   184.874   184.900 
    1410   184.867   184.900 
    1420   184.866   184.904 
    1430   184.867   184.911 
    1440   184.867   184.903 
    1450   184.868   184.865 
    1460   184.858   184.902 
    1470   184.858   184.903 
    1480   184.868   184.904 
    1490   184.858   184.901 
    1500   184.867   184.891 
    1510   184.865   184.903 
    1520   184.866   184.905 
    1530   184.866   184.903 
    1540   184.868   184.903 
    1550   184.869   184.902 
    1560   184.867   184.903 
    1570   184.859   184.904 
    1580   184.867   184.903 
    1590   184.869   184.904 
    1600   184.871   184.892 
    1610   184.861   184.903 
    1620   184.871   184.903 
    1630   184.873   184.903 
    1640   184.870   184.908 
    1650   184.865   184.850 
    1660   184.874   184.903 
    1670   184.859   184.904 
    1680   184.868   184.903 
    1690   184.877   184.904 
    1700   184.867   184.903 
    1710   184.870   184.903 
    1720   184.869   184.902 
    1730   184.867   184.895 
    1740   184.866   184.906 
    1750   184.869   184.900 
    1760   184.870   184.904 
    1770   184.871   184.904 
    1780   184.870   184.906 
    1790   184.866   184.903 
    1800   184.871   184.901 
    1810   184.870   184.904 
    1820   184.870   184.904 
    1830   184.871   184.906 
    1840   184.873   184.906 
    1850   184.868   184.901 
    1860   184.871   184.904 
    1870   184.871   184.904 
    1880   184.872   184.907 
    1890   184.859   184.898 
    1900   184.869   184.902 
    1910   184.871   184.906 
    1920   184.871   184.905 
    1930   184.868   184.908 
    1940   184.864   184.896 
    1950   184.873   184.906 
    1960   184.883   184.905 
    1970   184.870   184.906 
    1980   184.872   184.904 
    1990   184.870   184.892 
    2000   184.872   184.897 
    2010   184.865   184.906 
    2020   184.871   184.906 
    2030   184.875   184.908 
    2040   184.871   184.906 
    2050   184.876   184.908 
    2060   184.872   184.905 
    2070   184.871   184.907 
    2080   184.872   184.904 
    2090   184.872   184.905 
    2100   184.850   184.899 
    2110   184.873   184.907 
    2120   184.872   184.906 
    2130   184.872   184.911 
    2140   184.876   184.906 
    2150   184.822   184.884 
    2160   184.875   184.901 
    2170   184.872   184.906 
    2180   184.874   184.907 
    2190   184.874   184.906 
    2200   184.870   184.902 
    2210   184.874   184.907 
    2220   184.873   184.907 
    2230   184.874   184.909 
    2240   184.875   184.902 
    2250   184.869   184.827 
    2260   184.874   184.907 
    2270   184.866   184.908 
    2280   184.870   184.906 
    2290   184.872   184.906 
    2300   184.867   184.901 
    2310   184.876   184.908 
    2320   184.876   184.908 
    2330   184.878   184.914 
    2340   184.890   184.899 
    2350   184.846   184.935 
    2360   184.879   184.907 
    2370   184.876   184.909 
    2380   184.876   184.898 
    2390   184.877   184.908 
    2400   184.883   184.908 
    2410   184.878   184.913 
    2420   184.877   184.910 
    2430   184.878   184.910 
    2440   184.875   184.935 
    2450   184.878   184.913 
    2460   184.872   184.908 
    2470   184.877   184.909 
    2480   184.873   184.910 
    2490   184.879   184.909 
    2500   184.879   184.912 
    2510   184.880   184.908 
    2520   184.876   184.911 
    2530   184.874   184.938 
    2540   184.882   184.907 
    2550   184.858   184.906 
    2560   184.879   184.910 
    2570   184.878   184.910 
    2580   184.880   184.916 
    2590   184.870   184.903 
    2600   184.876   184.906 
    2610   184.881   184.912 
    2620   184.881   184.906 
    2630   184.878   184.916 
    2640   184.884   184.913 
    2650   184.917   184.940 
    2660   184.881   184.921 
    2670   184.880   184.983 
    2680   184.880   184.908 
    2690   184.883   184.911 
    2700   184.895   184.908 
    2710   184.882   184.911 
    2720   184.880   184.911 
    2730   184.880   184.914 
    2740   184.889   184.911 
    2750   184.876   184.908 
    2760   184.883   184.912 
    2770   184.882   184.912 
    2780   184.886   184.916 
    2790   184.857   184.899 
    2800   185.052   185.004 
    2810   184.883   184.910 
    2820   184.882   184.911 
    2830   184.883   184.911 
    2840   184.884   184.913 
    2850   184.889   184.910 
    2860   184.885   184.913 
    2870   184.897   184.898 
    2880   184.896   184.896 
    2890   184.873   184.904 
    2900   184.883   184.911 
    2910   184.885   184.914 
    2920   184.885   184.914 
    2930   184.884   184.910 
    2940   184.885   184.914 
    2950   184.927   184.927 
    2960   184.887   184.910 
    2970   184.885   184.914 
    2980   184.886   184.918 
    2990   184.891   184.915 
    3000   184.919   184.906 
    3010   184.890   184.917 
    3020   184.889   184.917 
    3030   184.889   184.914 
    3040   184.893   184.916 
    3050   184.901   184.909 
    3060   184.891   184.916 
    3070   184.892   184.920 
    3080   184.891   184.895 
    3090   184.888   184.918 
    3100   184.891   184.926 
    3110   184.904   184.916 
    3120   184.894   184.918 
    3130   184.878   184.911 
    3140   184.891   184.907 
    3150   184.892   184.980 
    3160   184.887   184.916 
    3170   184.895   184.918 
    3180   184.895   184.918 
    3190   184.892   184.916 
    3200   184.889   184.886 
    3210   184.887   184.918 
    3220   184.895   184.917 
    3230   184.889   184.917 
    3240   184.894   184.914 
    3250   184.892   184.912 
    3260   184.891   184.918 
    3270   184.895   184.918 
    3280   184.888   184.917 
    3290   184.895   184.917 
    3300   184.894   184.909 
    3310   184.893   184.917 
    3320   184.894   184.917 
    3330   184.888   184.916 
    3340   184.899   184.903 
    3350   184.896   184.923 
    3360   184.897   184.917 
    3370   184.885   184.916 
    3380   184.896   184.920 
    3390   184.897   184.909 
    3400   184.913   184.760 
    3410   184.890   184.916 
    3420   184.899   184.919 
    3430   184.888   184.919 
    3440   184.896   184.912 
    3450   184.840   184.909 
    3460   184.958   184.596 
    3470   184.902   184.956 
    3480   184.995   184.924 
    3490   184.908   184.928 
    3500   184.911   184.919 
    3510   184.894   184.932 
    3520   184.881   184.902 
    3530   184.891   184.916 
    3540   184.895   184.920 
    3550   184.893   184.920 
    3560   184.892   184.917 
    3570   184.878   184.916 
    3580   184.891   184.908 
    3590   184.880   184.918 
    3600   184.893   184.913 
    3610   184.890   184.916 
    3620   184.891   184.916 
    3630   184.863   184.916 
    3640   184.891   184.910 
    3650   184.887   184.823 
    3660   184.895   184.912 
    3670   184.894   184.912 
    3680   184.884   184.909 
    3690   184.878   184.908 
    3700   184.914   184.925 
    3710   184.895   184.911 
    3720   184.891   184.912 
    3730   184.880   184.910 
    3740   184.891   184.924 
    3750   184.894   184.911 
    3760   184.896   184.913 
    3770   184.890   184.912 
    3780   184.900   184.908 
    3790   184.892   184.912 
    3800   184.887   184.912 
    3810   184.893   184.912 
    3820   184.891   184.913 
    3830   184.898   184.915 
    3840   184.883   184.910 
    3850   184.900   184.911 
    3860   184.896   184.910 
    3870   184.894   184.912 
    3880   184.893   184.914 
    3890   184.894   184.913 
    3900   184.894   184.910 
    3910   184.894   184.913 
    3920   184.894   184.913 
    3930   184.895   184.919 
    3940   184.898   184.913 
    3950   184.894   184.911 
    3960   184.896   184.914 
    3970   184.896   184.914 
    3980   184.892   184.915 
    3990   184.897   184.914 
    4000   184.897   184.916 
    4010   184.895   184.914 
    4020   184.894   184.914 
    4030   184.901   184.913 
    4040   184.898   184.912 
    4050   184.909   184.994 
    4060   184.902   184.915 
    4070   184.906   184.916 
    4080   184.897   184.910 
    4090   184.911   184.909 
    4100   184.898   184.918 
    4110   184.900   184.915 
    4120   184.900   184.916 
    4130   184.903   184.904 
    4140   184.864   184.902 
    4150   184.897   184.909 
    4160   184.902   184.916 
    4170   184.903   184.916 
    4180   184.898   184.913 
    4190   184.893   184.907 
    4200   184.901   184.913 
    4210   184.901   184.916 
    4220   184.896   184.920 
    4230   184.908   184.913 
    4240   184.902   184.915 
    4250   184.880   184.843 
    4260   184.902   184.916 
    4270   184.903   184.916 
    4280   184.903   184.920 
    4290   184.899   184.906 
    4300   184.914   184.956 
    4310   184.902   184.917 
    4320   184.859   184.946 
    4330   184.904   184.917 
    4340   184.899   184.916 
    4350   184.908   184.918 
    4360   184.904   184.916 
    4370   184.903   184.915 
    4380   184.903   184.917 
    4390   184.904   184.917 
    4400   184.903   184.915 
    4410   184.904   184.917 
    4420   184.901   184.918 
    4430   184.909   184.912 
    4440   184.899   184.911 
    4450   184.902   184.911 
    4460   184.902   184.918 
    4470   184.894   184.922 
    4480   184.905   184.919 
    4490   184.898   184.922 
    4500   184.904   184.919 
    4510   184.901   184.917 
    4520   184.904   184.917 
    4530   184.904   184.918 
    4540   184.904   184.924 
    4550   184.897   185.004 
    4560   184.909   184.918 
    4570   184.918   184.920 
    4580   184.898   184.920 
    4590   184.908   184.919 
    4600   184.902   184.922 
    4610   184.905   184.917 
    4620   184.905   184.918 
    4630   184.905   184.916 
    4640   184.910   184.917 
    4650   184.949   184.911 
    4660   184.907   184.917 
    4670   184.904   184.922 
    4680   184.904   184.918 
    4690   184.906   184.921 
    4700   184.895   184.798 
    4710   184.904   184.917 
    4720   184.907   184.917 
    4730   184.905   184.918 
    4740   184.906   184.917 
    4750   184.910   184.917 
    4760   184.907   184.918 
    4770   184.907   184.941 
    4780   184.906   184.917 
    4790   184.907   184.918 
    4800   184.915   184.917 
    4810   184.906   184.918 
    4820   184.908   184.918 
    4830   184.906   184.917 
    4840   184.903   184.918 
    4850   184.879   184.915 
    4860   184.907   184.917 
    4870   184.907   184.918 
    4880   184.906   184.918 
    4890   184.909   184.918 
    4900   184.909   184.918 
    4910   184.908   184.918 
    4920   184.908   184.919 
    4930   184.905   184.918 
    4940   184.908   184.918 
    4950   184.910   184.909 
    4960   184.911   184.919 
    4970   184.923   184.920 
    4980   184.908   184.919 
    4990   184.909   184.919 
    5000   184.930   184.916 
    5010   184.909   184.919 
    5020   184.909   184.920 
    5030   184.910   184.919 
    5040   184.904   184.918 
    5050   184.932   184.924 
    5060   184.910   184.919 
    5070   184.910   184.919 
    5080   184.909   184.919 
    5090   184.912   184.919 
    5100   184.905   184.918 
    5110   184.910   184.920 
    5120   184.910   184.921 
    5130   184.910   184.920 
    5140   184.911   184.919 
    5150   184.909   184.918 
    5160   184.912   184.919 
    5170   184.911   184.919 
    5180   184.910   184.923 
    5190   184.909   184.923 
    5200   184.903   184.946 
    5210   184.911   184.920 
    5220   184.919   184.924 
    5230   184.912   184.918 
    5240   184.903   184.930 
    5250   184.925   184.892 
    5260   184.912   184.920 
    5270   184.910   184.919 
    5280   184.913   184.919 
    5290   184.915   184.937 
    5300   184.910   184.892 
    5310   184.911   184.920 
    5320   184.912   184.920 
    5330   184.911   184.920 
    5340   184.907   184.919 
    5350   184.911   184.920 
    5360   184.912   184.927 
    5370   184.913   184.919 
    5380   184.913   184.921 
    5390   184.913   184.921 
    5400   184.924   184.916 
    5410   184.914   184.921 
    5420   184.914   184.922 
    5430   184.914   184.920 
    5440   184.915   184.920 
    5450   184.954   184.914 
    5460   184.912   184.919 
    5470   184.910   184.913 
    5480   184.914   184.921 
    5490   184.916   184.921 
    5500   184.906   184.921 
    5510   184.915   184.921 
    5520   184.915   184.921 
    5530   184.915   184.920 
    5540   184.915   184.921 
    5550   184.915   184.922 
    5560   184.916   184.923 
    5570   184.915   184.921 
    5580   184.915   184.921 
    5590   184.899   184.920 
    5600   184.912   184.920 
    5610   184.916   184.921 
    5620   184.916   184.922 
    5630   184.917   184.921 
    5640   184.918   184.922 
    5650   184.853   184.925 
    5660   184.916   184.922 
    5670   184.917   184.921 
    5680   184.917   184.922 
    5690   184.920   184.922 
    5700   184.876   184.925 
    5710   184.917   184.915 
    5720   184.917   184.921 
    5730   184.918   184.923 
    5740   184.906   184.919 
    5750   184.921   184.923 
    5760   184.917   184.922 
    5770   184.919   184.924 
    5780   184.917   184.920 
    5790   184.919   184.922 
    5800   184.911   184.864 
    5810   184.918   184.922 
    5820   184.919   184.922 
    5830   184.917   184.923 
    5840   184.911   184.885 
    5850   184.918   184.926 
    5860   184.919   184.922 
    5870   184.916   184.923 
    5880   184.918   184.922 
    5890   184.919   184.927 
    5900   184.921   184.854 
    5910   184.916   184.922 
    5920   184.920   184.922 
    5930   184.919   184.921 
    5940   184.917   184.925 
    5950   184.848   185.043 
    5960   184.918   184.943 
    5970   184.919   184.913 
    5980   184.919   184.923 
    5990   184.919   184.922 
    6000   184.917   184.922 
    6010   184.920   184.923 
    6020   184.920   184.923 
    6030   184.915   184.920 
    6040   184.918   184.927 
    6050   184.919   184.915 
    6060   184.920   184.923 
    6070   184.920   184.923 
    6080   184.920   184.922 
    6090   184.922   184.923 
    6100   184.874   184.917 
    6110   184.920   184.924 
    6120   184.919   184.923 
    6130   184.914   184.928 
    6140   184.925   184.921 
    6150   184.920   184.924 
    6160   184.921   184.924 
    6170   184.922   184.924 
    6180   184.921   184.925 
    6190   184.926   184.922 
    6200   184.917   184.927 
    6210   184.922   184.924 
    6220   184.922   184.923 
    6230   184.923   184.923 
    6240   184.921   184.917 
    6250   184.919   184.891 
    6260   184.921   184.924 
    6270   184.923   184.923 
    6280   184.924   184.923 
    6290   184.928   184.923 
    6300   185.025   184.908 
    6310   184.922   184.924 
    6320   184.923   184.924 
    6330   184.923   184.926 
    6340   184.919   184.924 
    6350   184.923   184.922 
    6360   184.920   184.924 
    6370   184.923   184.924 
    6380   184.919   184.924 
    6390   184.922   184.924 
    6400   184.921   184.899 
    6410   184.928   184.925 
    6420   184.923   184.924 
    6430   184.925   184.924 
    6440   184.924   184.924 
    6450   184.924   184.921 
    6460   184.926   184.925 
    6470   184.924   184.924 
    6480   184.922   184.925 
    6490   184.925   184.927 
    6500   184.923   184.878 
    6510   184.927   184.925 
    6520   184.926   184.925 
    6530   184.926   184.926 
    6540   184.925   184.921 
    6550   184.923   184.887 
    6560   184.928   184.925 
    6570   184.925   184.925 
    6580   184.925   184.925 
    6590   184.923   184.957 
    6600   184.926   184.921 
    6610   184.927   184.926 
    6620   184.927   184.926 
    6630   184.928   184.921 
    6640   184.920   184.923 
    6650   184.919   184.922 
    6660   184.927   184.927 
    6670   184.925   184.919 
    6680   184.927   184.927 
    6690   184.950   184.924 
    6700   184.921   184.926 
    6710   184.927   184.929 
    6720   184.927   184.926 
    6730   184.927   184.924 
    6740   184.927   184.925 
    6750   184.933   184.929 
    6760   184.927   184.925 
    6770   184.931   184.920 
    6780   184.928   184.927 
    6790   184.898   184.919 
    6800   184.934   184.928 
    6810   184.927   184.926 
    6820   184.929   184.928 
    6830   184.930   184.925 
    6840   184.931   184.925 
    6850   184.945   184.910 
    6860   184.928   184.924 
    6870   184.928   184.921 
    6880   184.928   184.927 
    6890   184.928   184.927 
    6900   184.897   184.927 
    6910   184.928   184.927 
    6920   184.928   184.927 
    6930   184.926   184.928 
    6940   184.929   184.926 
    6950   184.925   184.927 
    6960   184.929   184.926 
    6970   184.929   184.927 
    6980   184.930   184.928 
    6990   184.929   184.927 
    7000   184.928   184.926 
    7010   184.930   184.927 
    7020   184.957   184.925 
    7030   184.930   184.928 
    7040   184.921   184.904 
    7050   184.931   184.934 
    7060   184.928   184.927 
    7070   184.931   184.927 
    7080   184.931   184.928 
    7090   184.930   184.929 
    7100   184.936   184.904 
    7110   184.930   184.928 
    7120   184.931   184.927 
    7130   184.929   184.928 
    7140   184.931   184.928 
    7150   184.931   184.928 
    7160   184.931   184.928 
    7170   184.932   184.928 
    7180   184.911   184.904 
    7190   184.929   184.924 
    7200   184.932   184.930 
    7210   184.931   184.928 
    7220   184.931   184.931 
    7230   184.933   184.922 
    7240   184.932   184.928 
    7250   184.937   184.927 
    7260   184.932   184.928 
    7270   184.932   184.931 
    7280   184.934   184.929 
    7290   184.931   184.928 
    7300   184.935   184.927 
    7310   184.932   184.929 
    7320   184.933   184.928 
    7330   184.930   184.924 
    7340   184.935   184.928 
    7350   184.958   184.890 
    7360   184.933   184.928 
    7370   184.936   184.936 
    7380   184.934   184.930 
    7390   184.932   184.930 
    7400   185.019   184.877 
    7410   184.934   184.929 
    7420   184.935   184.929 
    7430   184.945   184.926 
    7440   184.936   184.929 
    7450   184.843   184.969 
    7460   184.935   184.929 
    7470   184.945   184.932 
    7480   184.934   184.930 
    7490   184.932   184.919 
    7500   184.936   184.925 
    7510   184.936   184.930 
    7520   184.938   184.930 
    7530   184.935   184.931 
    7540   184.935   184.929 
    7550   184.934   184.914 
    7560   184.935   184.930 
    7570   184.936   184.930 
    7580   184.937   184.932 
    7590   184.935   184.925 
    7600   184.971   185.169 
    7610   184.935   184.930 
    7620   184.930   184.932 
    7630   184.936   184.929 
    7640   184.934   184.930 
    7650   184.957   184.940 
    7660   184.937   184.931 
    7670   184.938   184.930 
    7680   184.938   184.931 
    7690   184.931   184.929 
    7700   184.941   184.931 
    7710   184.938   184.931 
    7720   184.938   184.931 
    7730   184.944   184.929 
    7740   184.937   184.935 
    7750   184.938   184.924 
    7760   184.939   184.931 
    7770   184.938   184.931 
    7780   184.942   184.931 
    7790   184.939   184.931 
    7800   184.914   184.930 
    7810   184.938   184.930 
    7820   184.939   184.928 
    7830   184.939   184.933 
    7840   184.940   184.932 
    7850   184.937   184.923 
    7860   184.939   184.931 
    7870   184.937   184.933 
    7880   184.939   184.930 
    7890   184.940   184.932 
    7900   184.945   184.938 
    7910   184.939   184.931 
    7920   184.942   184.933 
    7930   184.937   184.933 
    7940   184.948   184.927 
    7950   184.738   185.082 
    7960   184.940   184.932 
    7970   184.941   184.932 
    7980   184.938   184.930 
    7990   184.946   184.925 
    8000   184.941   184.929 
    8010   184.941   184.932 
    8020   184.941   184.932 
    8030   184.942   184.933 
    8040   184.922   184.919 
    8050   184.975   184.966 
    8060   184.941   184.932 
    8070   184.942   184.932 
    8080   184.941   184.930 
    8090   184.938   184.935 
    8100   184.945   184.929 
    8110   184.941   184.932 
    8120   184.942   184.932 
    8130   184.942   184.934 
    8140   184.945   184.930 
    8150   184.937   184.938 
    8160   184.942   184.933 
    8170   184.942   184.933 
    8180   184.938   184.934 
    8190   184.942   184.931 
    8200   184.940   184.913 
    8210   184.942   184.933 
    8220   184.943   184.933 
    8230   184.940   184.932 
    8240   184.942   184.933 
    8250   184.908   184.920 
    8260   184.942   184.933 
    8270   184.935   184.930 
    8280   184.943   184.934 
    8290   184.947   184.932 
    8300   184.935   184.939 
    8310   184.944   184.934 
    8320   184.943   184.936 
    8330   184.945   184.932 
    8340   184.944   184.934 
    8350   184.950   184.933 
    8360   184.944   184.935 
    8370   184.945   184.934 
    8380   184.945   184.931 
    8390   184.944   184.934 
    8400   184.950   184.933 
    8410   184.945   184.935 
    8420   184.946   184.934 
    8430   184.946   184.934 
    8440   184.945   184.935 
    8450   184.946   184.930 
    8460   184.942   184.935 
    8470   184.949   184.935 
    8480   184.945   184.939 
    8490   184.937   184.953 
    8500   184.968   184.878 
    8510   184.946   184.935 
    8520   184.948   184.935 
    8530   184.950   184.934 
    8540   184.954   184.933 
    8550   184.907   184.956 
    8560   184.947   184.935 
    8570   184.949   184.941 
    8580   184.948   184.935 
    8590   184.946   184.936 
    8600   184.835   184.935 
    8610   184.948   184.940 
    8620   184.948   184.936 
    8630   184.949   184.936 
    8640   184.949   184.936 
    8650   184.939   184.936 
    8660   184.949   184.936 
    8670   184.949   184.926 
    8680   184.949   184.936 
    8690   184.949   184.937 
    8700   184.949   184.937 
    8710   184.949   184.936 
    8720   184.949   184.938 
    8730   184.950   184.937 
    8740   184.943   184.936 
    8750   184.950   184.938 
    8760   184.949   184.938 
    8770   184.950   184.938 
    8780   184.951   184.935 
    8790   184.949   184.927 
    8800   184.959   184.992 
    8810   184.950   184.939 
    8820   184.938   184.942 
    8830   184.952   184.939 
    8840   184.949   184.937 
    8850   184.955   184.942 
    8860   184.953   184.938 
    8870   184.962   184.932 
    8880   184.951   184.938 
    8890   184.937   184.933 
    8900   184.968   184.947 
    8910   184.953   184.939 
    8920   184.953   184.939 
    8930   184.956   184.938 
    8940   184.954   184.945 
    8950   184.954   184.940 
    8960   184.954   184.939 
    8970   184.954   184.939 
    8980   184.953   184.940 
    8990   184.954   184.938 
    9000   184.955   184.943 
    9010   184.954   184.939 
    9020   184.954   184.939 
    9030   184.954   184.940 
    9040   184.954   184.936 
    9050   184.953   184.897 
    9060   184.957   184.939 
    9070   184.955   184.939 
    9080   184.957   184.940 
    9090   184.955   184.941 
    9100   184.953   184.973 
    9110   184.957   184.940 
    9120   184.954   184.943 
    9130   184.955   184.939 
    9140   184.956   184.940 
    9150   184.956   184.940 
    9160   184.955   184.940 
    9170   184.956   184.940 
    9180   184.955   184.942 
    9190   184.956   184.940 
    9200   184.959   184.934 
    9210   184.956   184.940 
    9220   184.958   184.937 
    9230   184.956   184.940 
    9240   184.956   184.940 
    9250   184.931   184.937 
    9260   184.956   184.940 
    9270   184.951   184.923 
    9280   184.957   184.941 
    9290   184.956   184.941 
    9300   184.989   184.939 
    9310   184.957   184.940 
    9320   184.958   184.939 
    9330   184.959   184.939 
    9340   184.959   184.943 
    9350   185.007   184.994 
    9360   184.957   184.941 
    9370   184.957   184.942 
    9380   184.957   184.942 
    9390   184.964   184.939 
    9400   184.932   184.953 
    9410   184.958   184.942 
    9420   184.955   184.939 
    9430   184.958   184.941 
    9440   184.963   184.944 
    9450   184.954   184.939 
    9460   184.957   184.943 
    9470   184.959   184.941 
    9480   184.959   184.942 
    9490   184.952   184.942 
    9500   184.923   184.943 
    9510   184.962   184.944 
    9520   184.963   184.945 
    9530   184.962   184.943 
    9540   184.963   184.944 
    9550   184.959   184.947 
    9560   184.964   184.953 
    9570   184.964   184.946 
    9580   184.963   184.943 
    9590   184.966   184.945 
    9600   184.963   184.941 
    9610   184.963   184.945 
    9620   184.964   184.945 
    9630   184.964   184.944 
    9640   184.964   184.943 
    9650   184.963   184.923 
    9660   184.975   184.945 
    9670   184.963   184.945 
    9680   184.966   184.945 
    9690   184.964   184.945 
    9700   184.965   184.940 
    9710   184.964   184.946 
    9720   184.964   184.946 
    9730   184.964   184.945 
    9740   184.964   184.945 
    9750   184.966   184.973 
    9760   184.962   184.945 
    9770   184.964   184.945 
    9780   184.964   184.945 
    9790   184.954   184.941 
    9800   184.956   184.938 
    9810   184.964   184.946 
    9820   184.963   184.947 
    9830   184.964   184.945 
    9840   184.965   184.946 
    9850   184.964   184.948 
    9860   184.966   184.947 
    9870   184.966   184.947 
    9880   184.966   184.947 
    9890   184.966   184.946 
    9900   184.971   184.945 
    9910   184.966   184.947 
    9920   184.966   184.947 
    9930   184.967   184.948 
    9940   184.960   184.946 
    9950   184.973   184.933 
    9960   184.967   184.947 
    9970   184.966   184.947 
    9980   184.965   184.948 
    9990   184.966   184.947 
   10000   184.970   184.951 
