       0   249.957   249.962 
      10   254.405   255.304 
      20   254.780   254.988 
      30   254.903   254.842 
      40   254.910   254.897 
      50   254.936   254.892 
      60   254.923   254.910 
      70   254.930   254.704 
      80   254.937   254.919 
      90   254.931   254.926 
     100   254.851   254.902 
     110   254.929   254.927 
     120   254.927   254.918 
     130   254.935   254.930 
     140   254.932   254.959 
     150   254.943   254.890 
     160   254.934   254.930 
     170   254.929   254.929 
     180   254.940   254.930 
     190   254.937   254.930 
     200   254.973   254.898 
     210   254.935   254.932 
     220   254.931   254.920 
     230   254.938   254.939 
     240   254.967   254.937 
     250   254.940   254.935 
     260   254.938   254.935 
     270   254.941   254.934 
     280   254.943   254.937 
     290   254.941   254.927 
     300   254.965   254.946 
     310   254.939   254.936 
     320   254.940   254.948 
     330   254.946   254.937 
     340   254.977   254.901 
     350   254.944   254.937 
     360   254.941   254.945 
     370   254.943   254.949 
     380   254.941   254.942 
     390   254.942   254.936 
     400   254.969   254.894 
     410   254.943   254.939 
     420   254.942   254.936 
     430   254.943   254.941 
     440   254.944   254.936 
     450   254.958   254.942 
     460   254.944   254.938 
     470   254.944   254.939 
     480   254.948   254.944 
     490   254.946   254.939 
     500   254.970   255.003 
     510   254.948   254.940 
     520   254.960   254.934 
     530   254.946   254.941 
     540   254.948   254.945 
     550   254.945   254.937 
     560   254.948   254.940 
     570   254.951   254.940 
     580   254.944   254.940 
     590   254.950   254.937 
     600   254.976   254.894 
     610   254.950   254.940 
     620   254.951   254.941 
     630   254.953   254.942 
     640   254.950   254.951 
     650   254.954   254.943 
     660   254.951   254.941 
     670   254.953   254.935 
     680   254.960   254.940 
     690   254.957   254.939 
     700   255.243   254.868 
     710   254.951   254.939 
     720   254.952   254.944 
     730   254.953   254.941 
     740   254.952   254.944 
     750   254.959   254.937 
     760   254.953   254.941 
     770   254.955   254.944 
     780   254.952   254.933 
     790   254.954   254.943 
     800   254.990   254.959 
     810   254.956   254.943 
     820   254.956   254.944 
     830   254.954   254.944 
     840   254.955   254.942 
     850   254.981   254.931 
     860   254.955   254.942 
     870   254.962   254.996 
     880   254.956   254.943 
     890   254.956   254.942 
     900   254.995   254.966 
     910   254.958   254.943 
     920   254.954   254.938 
     930   254.955   254.944 
     940   254.958   254.943 
     950   254.966   254.941 
     960   254.956   254.936 
     970   254.958   254.945 
     980   254.957   254.943 
     990   254.958   254.942 
    1000   254.962   254.943 
    1010   254.959   254.942 
    1020   254.963   254.919 
    1030   254.958   254.947 
    1040   254.958   254.946 
    1050   254.955   254.988 
    1060   254.960   254.944 
    1070   254.960   254.942 
    1080   254.952   254.948 
    1090   254.961   254.943 
    1100   254.993   254.940 
    1110   254.960   254.943 
    1120   254.962   254.942 
    1130   254.954   254.962 
    1140   254.959   254.954 
    1150   254.945   254.975 
    1160   254.964   254.945 
    1170   254.966   254.940 
    1180   254.963   254.946 
    1190   254.965   254.939 
    1200   254.967   254.950 
    1210   254.966   254.946 
    1220   254.966   254.932 
    1230   254.981   254.939 
    1240   254.971   254.947 
    1250   255.002   254.934 
    1260   254.970   254.947 
    1270   254.972   254.950 
    1280   254.988   254.947 
    1290   254.972   254.946 
    1300   254.968   255.015 
    1310   254.972   254.948 
    1320   254.971   254.949 
    1330   254.973   254.946 
    1340   254.973   254.920 
    1350   254.986   254.972 
    1360   254.973   254.950 
    1370   254.972   254.945 
    1380   254.974   254.948 
    1390   254.973   254.952 
    1400   254.996   255.049 
    1410   254.977   254.946 
    1420   254.974   254.948 
    1430   254.972   254.948 
    1440   254.974   254.953 
    1450   254.978   254.951 
    1460   254.975   254.949 
    1470   254.975   254.949 
    1480   254.979   254.954 
    1490   254.975   254.949 
    1500   254.991   254.955 
    1510   254.975   254.950 
    1520   254.976   254.942 
    1530   254.975   254.949 
    1540   254.976   254.933 
    1550   255.004   255.003 
    1560   254.976   254.949 
    1570   254.976   254.940 
    1580   254.976   254.949 
    1590   254.976   254.933 
    1600   254.983   255.063 
    1610   254.978   254.948 
    1620   254.974   254.954 
    1630   254.977   254.949 
    1640   254.977   254.953 
    1650   254.993   254.841 
    1660   254.978   254.952 
    1670   254.976   254.944 
    1680   254.977   254.949 
    1690   254.978   254.921 
    1700   254.981   254.951 
    1710   254.979   254.943 
    1720   254.979   254.952 
    1730   254.984   254.956 
    1740   254.977   254.949 
    1750   254.570   254.677 
    1760   254.979   254.950 
    1770   254.980   254.950 
    1780   254.981   254.950 
    1790   254.978   254.945 
    1800   254.935   254.849 
    1810   254.984   254.949 
    1820   254.980   254.951 
    1830   254.982   254.949 
    1840   254.979   254.950 
    1850   255.011   254.951 
    1860   254.985   254.950 
    1870   254.972   254.951 
    1880   254.980   254.954 
    1890   254.981   254.943 
    1900   254.985   254.954 
    1910   254.982   254.944 
    1920   254.988   254.870 
    1930   254.988   254.938 
    1940   254.980   254.955 
    1950   254.841   255.144 
    1960   254.955   254.943 
    1970   254.986   254.953 
    1980   254.982   254.951 
    1990   254.983   254.970 
    2000   254.984   254.969 
    2010   254.984   254.953 
    2020   254.933   254.904 
    2030   254.984   254.951 
    2040   254.984   254.938 
    2050   254.988   254.976 
    2060   254.984   254.952 
    2070   255.007   254.989 
    2080   254.983   254.948 
    2090   254.983   254.948 
    2100   255.013   254.948 
    2110   254.985   254.953 
    2120   254.985   254.952 
    2130   254.982   254.950 
    2140   254.985   254.952 
    2150   254.987   254.953 
    2160   254.984   255.011 
    2170   254.985   254.947 
    2180   254.988   254.958 
    2190   254.986   254.953 
    2200   255.015   254.999 
    2210   254.987   254.953 
    2220   254.978   254.940 
    2230   254.987   254.955 
    2240   254.987   254.954 
    2250   254.996   254.961 
    2260   254.987   254.953 
    2270   254.995   254.883 
    2280   254.986   254.952 
    2290   254.987   254.954 
    2300   255.043   254.968 
    2310   254.987   254.954 
    2320   254.987   254.963 
    2330   254.983   254.952 
    2340   254.988   254.953 
    2350   254.989   254.954 
    2360   254.988   254.954 
    2370   254.990   254.953 
    2380   254.987   254.953 
    2390   254.988   254.956 
    2400   255.011   254.899 
    2410   254.989   254.953 
    2420   254.990   254.971 
    2430   254.985   254.953 
    2440   254.990   254.953 
    2450   254.989   254.954 
    2460   254.990   254.953 
    2470   254.983   254.963 
    2480   254.997   254.938 
    2490   254.990   254.952 
    2500   255.018   254.957 
    2510   254.990   254.967 
    2520   254.989   254.949 
    2530   254.985   254.959 
    2540   254.988   254.958 
    2550   254.946   255.004 
    2560   254.990   254.953 
    2570   254.989   254.959 
    2580   254.991   254.953 
    2590   254.990   254.953 
    2600   255.021   254.955 
    2610   254.991   254.966 
    2620   254.990   254.943 
    2630   254.990   254.950 
    2640   254.991   254.963 
    2650   254.994   254.958 
    2660   254.992   254.941 
    2670   254.992   254.954 
    2680   254.991   254.954 
    2690   254.998   254.954 
    2700   254.992   254.955 
    2710   254.992   254.957 
    2720   254.991   254.951 
    2730   254.995   254.952 
    2740   254.998   254.960 
    2750   254.996   254.956 
    2760   254.992   254.955 
    2770   254.992   254.955 
    2780   254.996   254.947 
    2790   255.002   254.949 
    2800   254.993   254.955 
    2810   254.995   254.955 
    2820   254.997   254.977 
    2830   255.012   254.961 
    2840   254.951   254.945 
    2850   254.983   254.956 
    2860   254.999   254.956 
    2870   255.003   254.931 
    2880   255.021   254.966 
    2890   255.003   254.961 
    2900   255.002   254.953 
    2910   255.003   254.957 
    2920   254.983   254.914 
    2930   255.007   254.954 
    2940   255.006   254.895 
    2950   255.010   254.893 
    2960   255.006   254.957 
    2970   254.989   254.954 
    2980   255.015   254.944 
    2990   255.004   254.947 
    3000   255.012   254.950 
    3010   255.004   254.958 
    3020   254.968   254.955 
    3030   255.006   254.956 
    3040   255.005   254.945 
    3050   255.001   254.910 
    3060   255.006   254.953 
    3070   254.994   254.943 
    3080   255.008   254.961 
    3090   255.006   254.958 
    3100   255.011   254.927 
    3110   255.005   254.953 
    3120   255.005   254.962 
    3130   255.006   254.952 
    3140   255.008   255.069 
    3150   255.011   254.973 
    3160   255.137   254.946 
    3170   254.996   254.977 
    3180   255.020   254.954 
    3190   255.006   254.901 
    3200   255.015   254.954 
    3210   254.998   254.955 
    3220   255.009   254.953 
    3230   255.012   254.946 
    3240   255.010   254.954 
    3250   254.898   254.949 
    3260   255.009   254.964 
    3270   255.009   254.953 
    3280   255.010   254.957 
    3290   255.012   254.957 
    3300   255.009   254.954 
    3310   255.011   254.950 
    3320   255.011   254.929 
    3330   255.010   254.953 
    3340   255.011   254.949 
    3350   255.016   254.915 
    3360   255.011   254.951 
    3370   255.010   254.954 
    3380   255.012   254.947 
    3390   255.012   254.946 
    3400   255.018   254.944 
    3410   255.012   254.953 
    3420   254.996   254.924 
    3430   255.014   254.952 
    3440   255.013   254.913 
    3450   255.019   254.888 
    3460   255.012   254.953 
    3470   255.025   254.834 
    3480   255.018   254.951 
    3490   255.020   254.854 
    3500   255.013   254.955 
    3510   255.013   254.954 
    3520   255.012   254.936 
    3530   255.026   254.978 
    3540   255.007   254.942 
    3550   254.795   254.818 
    3560   255.014   254.953 
    3570   255.018   254.948 
    3580   255.012   254.950 
    3590   255.013   254.952 
    3600   255.031   254.949 
    3610   255.013   254.952 
    3620   255.012   254.958 
    3630   255.009   254.950 
    3640   255.015   254.902 
    3650   255.042   254.973 
    3660   255.013   254.940 
    3670   255.013   254.951 
    3680   255.011   254.950 
    3690   255.014   254.938 
    3700   255.024   254.958 
    3710   255.014   254.953 
    3720   255.014   254.951 
    3730   255.012   254.947 
    3740   255.014   254.951 
    3750   255.049   255.000 
    3760   255.013   254.948 
    3770   255.014   254.952 
    3780   255.013   254.949 
    3790   255.014   254.944 
    3800   255.037   254.945 
    3810   255.014   254.954 
    3820   255.014   254.949 
    3830   255.012   254.944 
    3840   255.014   254.949 
    3850   255.047   254.971 
    3860   255.015   254.947 
    3870   255.014   254.949 
    3880   255.015   254.946 
    3890   255.014   254.946 
    3900   255.028   254.918 
    3910   255.015   254.951 
    3920   255.015   254.939 
    3930   255.013   254.948 
    3940   255.015   254.948 
    3950   255.016   254.951 
    3960   255.015   254.948 
    3970   255.017   254.954 
    3980   255.009   254.936 
    3990   255.014   254.946 
    4000   254.981   254.904 
    4010   255.015   254.947 
    4020   255.015   254.948 
    4030   255.013   254.948 
    4040   255.015   254.946 
    4050   255.025   254.941 
    4060   255.016   254.935 
    4070   255.015   254.948 
    4080   255.010   254.933 
    4090   255.016   254.952 
    4100   255.017   254.944 
    4110   255.016   254.950 
    4120   255.016   254.948 
    4130   255.015   254.946 
    4140   255.016   254.947 
    4150   255.073   254.944 
    4160   255.020   254.946 
    4170   255.019   254.948 
    4180   255.012   254.946 
    4190   255.016   254.942 
    4200   255.017   254.926 
    4210   255.017   254.947 
    4220   255.017   254.947 
    4230   255.018   254.946 
    4240   255.017   254.950 
    4250   254.993   254.879 
    4260   255.016   254.948 
    4270   255.016   254.941 
    4280   255.015   254.948 
    4290   255.017   254.944 
    4300   255.028   254.953 
    4310   255.017   254.946 
    4320   255.017   254.946 
    4330   255.017   254.946 
    4340   255.017   254.940 
    4350   255.021   254.944 
    4360   255.017   254.920 
    4370   255.017   254.961 
    4380   255.017   254.947 
    4390   255.017   254.946 
    4400   255.018   254.962 
    4410   255.021   254.944 
    4420   255.017   254.945 
    4430   255.018   254.945 
    4440   255.018   254.921 
    4450   255.023   254.944 
    4460   255.018   254.944 
    4470   255.017   254.947 
    4480   255.018   254.947 
    4490   255.020   254.946 
    4500   255.217   254.944 
    4510   255.017   254.952 
    4520   255.017   254.943 
    4530   255.017   254.945 
    4540   255.017   254.950 
    4550   255.034   254.943 
    4560   255.018   254.950 
    4570   255.018   254.950 
    4580   255.002   254.965 
    4590   255.018   254.945 
    4600   255.021   254.946 
    4610   255.020   254.946 
    4620   255.017   254.946 
    4630   255.019   254.946 
    4640   255.018   254.944 
    4650   255.014   254.944 
    4660   255.018   254.946 
    4670   255.017   254.942 
    4680   255.018   254.945 
    4690   255.018   254.945 
    4700   255.060   254.907 
    4710   255.026   254.946 
    4720   254.965   254.944 
    4730   255.018   254.945 
    4740   255.018   254.946 
    4750   255.021   254.952 
    4760   255.018   254.946 
    4770   255.018   254.945 
    4780   255.015   254.945 
    4790   255.019   254.946 
    4800   255.004   254.930 
    4810   255.020   254.946 
    4820   255.021   254.946 
    4830   255.019   254.946 
    4840   255.018   254.945 
    4850   255.351   254.909 
    4860   255.022   254.946 
    4870   254.995   254.945 
    4880   255.018   254.944 
    4890   255.019   254.946 
    4900   255.019   254.924 
    4910   255.026   254.948 
    4920   255.019   254.944 
    4930   255.016   254.944 
    4940   255.019   254.944 
    4950   255.021   254.947 
    4960   255.019   254.945 
    4970   255.019   254.944 
    4980   255.019   254.946 
    4990   255.019   254.944 
    5000   255.128   254.941 
    5010   255.019   254.951 
    5020   255.019   254.944 
    5030   255.018   254.944 
    5040   255.020   254.944 
    5050   255.019   254.917 
    5060   255.020   254.943 
    5070   255.020   254.943 
    5080   255.019   254.946 
    5090   255.020   254.945 
    5100   254.970   254.944 
    5110   255.020   254.949 
    5120   255.020   254.943 
    5130   255.019   254.943 
    5140   255.019   254.944 
    5150   255.014   254.955 
    5160   255.020   254.944 
    5170   255.020   254.945 
    5180   255.020   254.943 
    5190   255.020   254.944 
    5200   255.020   254.940 
    5210   255.020   254.943 
    5220   255.020   254.944 
    5230   255.019   254.951 
    5240   255.020   254.941 
    5250   255.028   254.953 
    5260   255.020   254.944 
    5270   255.020   254.946 
    5280   255.016   254.934 
    5290   255.020   254.944 
    5300   254.997   254.946 
    5310   255.020   254.944 
    5320   255.019   254.940 
    5330   255.018   254.944 
    5340   255.020   254.944 
    5350   255.016   254.929 
    5360   255.020   254.944 
    5370   255.018   254.943 
    5380   255.015   254.943 
    5390   255.019   254.943 
    5400   255.022   254.945 
    5410   255.020   254.944 
    5420   255.020   254.945 
    5430   255.015   254.927 
    5440   255.020   254.944 
    5450   255.017   254.942 
    5460   255.020   254.944 
    5470   255.020   254.944 
    5480   255.019   254.944 
    5490   255.020   254.945 
    5500   255.010   254.972 
    5510   255.020   254.944 
    5520   255.020   254.945 
    5530   255.019   254.944 
    5540   255.020   254.944 
    5550   255.020   254.938 
    5560   255.020   254.944 
    5570   255.021   254.945 
    5580   255.019   254.943 
    5590   255.020   254.944 
    5600   255.018   254.946 
    5610   255.020   254.944 
    5620   255.021   254.943 
    5630   255.020   254.944 
    5640   255.021   254.944 
    5650   255.026   254.946 
    5660   255.020   254.944 
    5670   255.020   254.944 
    5680   255.016   254.944 
    5690   255.020   254.944 
    5700   255.037   254.962 
    5710   255.020   254.941 
    5720   255.020   254.946 
    5730   255.019   254.945 
    5740   255.020   254.944 
    5750   255.020   254.947 
    5760   255.019   254.943 
    5770   255.020   254.944 
    5780   255.019   254.944 
    5790   255.020   254.944 
    5800   255.023   254.944 
    5810   255.020   254.932 
    5820   255.020   254.948 
    5830   255.019   254.945 
    5840   255.020   254.944 
    5850   255.020   254.942 
    5860   255.023   254.944 
    5870   255.027   254.944 
    5880   255.018   254.948 
    5890   255.020   254.944 
    5900   255.022   254.944 
    5910   255.020   254.938 
    5920   255.020   254.943 
    5930   255.022   254.948 
    5940   255.020   254.944 
    5950   255.068   254.974 
    5960   255.020   254.945 
    5970   255.020   254.944 
    5980   255.023   254.940 
    5990   255.019   254.944 
    6000   254.974   254.974 
    6010   255.024   254.950 
    6020   255.019   254.943 
    6030   255.020   254.942 
    6040   255.021   254.944 
    6050   254.891   254.950 
    6060   255.020   254.944 
    6070   255.019   254.943 
    6080   255.014   254.929 
    6090   255.019   254.944 
    6100   255.028   254.943 
    6110   255.020   254.944 
    6120   255.019   254.945 
    6130   255.019   254.944 
    6140   255.019   254.944 
    6150   255.020   254.942 
    6160   255.020   254.944 
    6170   255.019   254.944 
    6180   255.018   254.948 
    6190   255.019   254.946 
    6200   255.021   254.944 
    6210   255.019   254.944 
    6220   255.019   254.944 
    6230   255.030   254.942 
    6240   255.019   254.944 
    6250   254.964   254.870 
    6260   255.023   254.944 
    6270   255.017   254.945 
    6280   255.019   254.945 
    6290   255.019   254.944 
    6300   255.014   254.940 
    6310   255.028   254.944 
    6320   255.013   254.945 
    6330   255.019   254.944 
    6340   255.019   254.944 
    6350   255.020   254.940 
    6360   255.020   254.945 
    6370   255.019   254.944 
    6380   255.019   254.944 
    6390   255.019   254.944 
    6400   255.020   254.957 
    6410   255.019   254.944 
    6420   255.019   254.944 
    6430   255.018   254.943 
    6440   255.019   254.944 
    6450   255.018   254.940 
    6460   255.019   254.944 
    6470   255.019   254.944 
    6480   255.022   254.944 
    6490   255.019   254.944 
    6500   255.019   254.952 
    6510   255.019   254.945 
    6520   255.019   254.945 
    6530   255.018   254.945 
    6540   255.019   254.944 
    6550   255.020   254.919 
    6560   255.019   254.945 
    6570   255.019   254.944 
    6580   255.019   254.945 
    6590   255.019   254.945 
    6600   255.022   254.972 
    6610   255.018   254.946 
    6620   255.019   254.945 
    6630   255.016   254.945 
    6640   255.019   254.944 
    6650   255.041   254.946 
    6660   255.020   254.944 
    6670   255.019   254.945 
    6680   255.019   254.945 
    6690   255.019   254.945 
    6700   255.010   255.109 
    6710   255.019   254.944 
    6720   255.019   254.945 
    6730   255.016   254.945 
    6740   255.019   254.945 
    6750   255.040   254.985 
    6760   255.019   254.945 
    6770   255.019   254.945 
    6780   255.018   254.945 
    6790   255.019   254.945 
    6800   255.019   254.935 
    6810   255.019   254.945 
    6820   255.019   254.945 
    6830   255.019   254.942 
    6840   255.019   254.944 
    6850   255.025   254.945 
    6860   255.019   254.945 
    6870   255.019   254.945 
    6880   255.021   254.941 
    6890   255.019   254.945 
    6900   254.935   254.928 
    6910   255.025   254.945 
    6920   255.019   254.945 
    6930   255.022   254.945 
    6940   255.019   254.945 
    6950   255.025   255.149 
    6960   254.993   254.954 
    6970   255.019   254.945 
    6980   255.018   254.945 
    6990   255.019   254.945 
    7000   255.019   254.951 
    7010   255.020   254.944 
    7020   255.019   254.945 
    7030   255.018   254.942 
    7040   255.019   254.945 
    7050   255.019   254.945 
    7060   255.019   254.942 
    7070   255.019   254.944 
    7080   255.017   254.945 
    7090   255.019   254.945 
    7100   255.022   254.942 
    7110   255.018   254.944 
    7120   255.019   254.945 
    7130   255.021   254.943 
    7140   255.019   254.945 
    7150   255.013   254.942 
    7160   255.018   254.944 
    7170   255.019   254.945 
    7180   255.018   254.945 
    7190   255.019   254.945 
    7200   255.019   254.939 
    7210   255.019   254.945 
    7220   255.019   254.945 
    7230   255.018   254.945 
    7240   255.019   254.944 
    7250   255.022   254.862 
    7260   255.020   254.945 
    7270   255.019   254.945 
    7280   255.018   254.941 
    7290   255.019   254.945 
    7300   255.018   254.945 
    7310   255.019   254.944 
    7320   255.019   254.945 
    7330   255.011   254.941 
    7340   255.019   254.945 
    7350   255.021   254.945 
    7360   255.019   254.945 
    7370   255.019   254.944 
    7380   255.017   254.950 
    7390   255.019   254.946 
    7400   255.014   254.945 
    7410   255.019   254.945 
    7420   255.019   254.945 
    7430   255.024   254.934 
    7440   255.019   254.945 
    7450   254.911   254.926 
    7460   255.017   254.944 
    7470   255.019   254.945 
    7480   255.022   254.945 
    7490   255.019   254.945 
    7500   254.995   254.943 
    7510   255.019   254.945 
    7520   255.019   254.945 
    7530   255.023   254.946 
    7540   255.019   254.945 
    7550   255.007   254.949 
    7560   255.019   254.945 
    7570   255.019   254.945 
    7580   255.005   254.952 
    7590   255.019   254.945 
    7600   254.965   254.908 
    7610   255.019   254.945 
    7620   255.019   254.945 
    7630   255.014   254.960 
    7640   255.020   254.946 
    7650   255.012   254.944 
    7660   255.019   254.945 
    7670   255.019   254.945 
    7680   254.996   254.993 
    7690   255.019   254.945 
    7700   254.951   254.943 
    7710   255.024   254.945 
    7720   255.018   254.945 
    7730   255.020   254.945 
    7740   255.019   254.945 
    7750   255.019   254.953 
    7760   255.019   254.945 
    7770   255.019   254.945 
    7780   255.016   254.945 
    7790   255.019   254.945 
    7800   255.019   254.939 
    7810   255.019   254.944 
    7820   255.019   254.945 
    7830   255.019   254.941 
    7840   255.019   254.943 
    7850   255.015   254.945 
    7860   255.019   254.945 
    7870   255.019   254.943 
    7880   255.018   254.943 
    7890   255.019   254.944 
    7900   255.017   254.944 
    7910   255.019   254.945 
    7920   255.019   254.945 
    7930   255.018   254.945 
    7940   255.019   254.944 
    7950   254.923   254.941 
    7960   255.019   254.945 
    7970   255.019   254.945 
    7980   255.019   254.945 
    7990   255.019   254.945 
    8000   255.030   254.958 
    8010   255.024   254.945 
    8020   255.019   254.945 
    8030   255.021   254.945 
    8040   255.019   254.945 
    8050   254.969   254.944 
    8060   255.019   254.945 
    8070   255.019   254.945 
    8080   255.025   254.947 
    8090   255.019   254.945 
    8100   255.018   254.945 
    8110   255.020   254.944 
    8120   255.019   254.945 
    8130   255.018   254.945 
    8140   255.019   254.945 
    8150   255.018   254.941 
    8160   255.019   254.945 
    8170   255.019   254.945 
    8180   255.018   254.945 
    8190   255.019   254.945 
    8200   255.108   255.036 
    8210   255.021   254.945 
    8220   255.019   254.945 
    8230   255.018   254.946 
    8240   255.019   254.945 
    8250   255.018   254.940 
    8260   255.018   254.943 
    8270   255.019   254.944 
    8280   255.018   254.945 
    8290   255.019   254.945 
    8300   255.017   254.945 
    8310   255.019   254.945 
    8320   255.019   254.945 
    8330   255.019   254.945 
    8340   255.019   254.945 
    8350   254.878   254.944 
    8360   255.019   254.945 
    8370   255.020   254.945 
    8380   255.018   254.944 
    8390   255.019   254.945 
    8400   255.019   254.944 
    8410   255.019   254.945 
    8420   255.019   254.945 
    8430   255.018   254.943 
    8440   255.032   254.945 
    8450   255.017   254.947 
    8460   255.019   254.945 
    8470   255.019   254.945 
    8480   255.018   254.945 
    8490   255.019   254.944 
    8500   255.019   254.938 
    8510   255.019   254.945 
    8520   255.019   254.945 
    8530   255.018   254.944 
    8540   255.018   254.945 
    8550   255.025   254.943 
    8560   255.019   254.945 
    8570   255.019   254.945 
    8580   255.016   254.945 
    8590   255.019   254.945 
    8600   254.993   254.980 
    8610   255.018   254.944 
    8620   255.019   254.945 
    8630   255.019   254.945 
    8640   255.019   254.945 
    8650   255.019   254.954 
    8660   255.019   254.945 
    8670   255.019   254.945 
    8680   255.018   254.944 
    8690   255.019   254.945 
    8700   255.018   254.940 
    8710   255.019   254.941 
    8720   255.019   254.945 
    8730   255.019   254.949 
    8740   255.019   254.945 
    8750   254.935   254.948 
    8760   255.019   254.945 
    8770   255.019   254.945 
    8780   255.009   254.941 
    8790   255.019   254.945 
    8800   255.025   254.945 
    8810   255.019   254.945 
    8820   255.019   254.945 
    8830   255.018   254.944 
    8840   255.019   254.945 
    8850   255.048   254.946 
    8860   255.019   254.945 
    8870   255.019   254.945 
    8880   255.018   254.940 
    8890   255.019   254.945 
    8900   255.182   254.944 
    8910   255.019   254.945 
    8920   255.019   254.945 
    8930   255.018   254.945 
    8940   255.017   254.945 
    8950   255.011   254.949 
    8960   255.019   254.946 
    8970   255.019   254.945 
    8980   255.021   254.946 
    8990   255.019   254.945 
    9000   255.018   254.946 
    9010   255.019   254.935 
    9020   255.019   254.944 
    9030   255.017   254.943 
    9040   255.019   254.945 
    9050   254.952   254.813 
    9060   255.018   254.946 
    9070   255.019   254.945 
    9080   255.014   254.945 
    9090   255.019   254.945 
    9100   255.047   254.943 
    9110   255.019   254.945 
    9120   255.019   254.945 
    9130   255.026   254.956 
    9140   255.019   254.944 
    9150   255.100   254.932 
    9160   255.019   254.945 
    9170   255.019   254.945 
    9180   255.018   254.944 
    9190   255.019   254.945 
    9200   255.020   254.942 
    9210   255.019   254.945 
    9220   255.019   254.945 
    9230   255.020   254.948 
    9240   255.018   254.945 
    9250   254.831   254.946 
    9260   255.019   254.945 
    9270   255.019   254.945 
    9280   255.001   254.922 
    9290   255.019   254.945 
    9300   255.016   254.944 
    9310   255.019   254.945 
    9320   255.019   254.944 
    9330   255.021   254.957 
    9340   255.019   254.945 
    9350   255.119   254.944 
    9360   255.019   254.945 
    9370   255.019   254.945 
    9380   255.030   254.951 
    9390   255.020   254.943 
    9400   254.924   254.986 
    9410   255.019   254.945 
    9420   255.019   254.945 
    9430   255.010   254.926 
    9440   255.019   254.945 
    9450   255.187   254.922 
    9460   255.027   254.945 
    9470   255.019   254.945 
    9480   255.015   254.945 
    9490   255.019   254.945 
    9500   255.019   254.965 
    9510   255.019   254.945 
    9520   255.019   254.945 
    9530   255.021   254.945 
    9540   255.019   254.945 
    9550   255.019   254.940 
    9560   255.020   254.945 
    9570   255.019   254.945 
    9580   255.018   254.942 
    9590   255.019   254.945 
    9600   255.020   254.945 
    9610   255.019   254.945 
    9620   255.019   254.945 
    9630   255.017   254.946 
    9640   255.019   254.945 
    9650   254.996   254.938 
    9660   255.019   254.945 
    9670   255.019   254.945 
    9680   255.016   254.953 
    9690   255.020   254.946 
    9700   255.029   254.945 
    9710   255.019   254.945 
    9720   255.019   254.945 
    9730   255.018   254.945 
    9740   255.019   254.945 
    9750   255.018   254.936 
    9760   255.019   254.945 
    9770   255.019   254.945 
    9780   255.018   254.944 
    9790   255.019   254.944 
    9800   255.020   254.945 
    9810   255.019   254.944 
    9820   255.019   254.945 
    9830   255.016   254.944 
    9840   255.019   254.945 
    9850   255.022   254.959 
    9860   255.018   254.945 
    9870   255.019   254.945 
    9880   255.018   254.943 
    9890   255.019   254.945 
    9900   255.006   254.825 
    9910   255.019   254.946 
    9920   255.019   254.945 
    9930   255.020   254.945 
    9940   255.019   254.945 
    9950   255.026   254.945 
    9960   255.019   254.945 
    9970   255.019   254.945 
    9980   255.020   254.959 
    9990   255.019   254.944 
   10000   255.019   254.945 
