       0   304.939   304.874 
      10   312.895   309.208 
      20   309.832   309.610 
      30   309.740   309.684 
      40   309.928   309.711 
      50   310.005   309.733 
      60   309.929   310.104 
      70   309.933   309.703 
      80   309.937   309.832 
      90   309.936   309.822 
     100   309.972   309.816 
     110   309.935   309.845 
     120   309.937   309.846 
     130   309.937   309.852 
     140   309.936   309.858 
     150   310.018   309.936 
     160   309.937   309.855 
     170   309.939   309.851 
     180   309.938   309.862 
     190   309.938   309.844 
     200   309.961   309.917 
     210   309.938   309.862 
     220   309.938   309.869 
     230   309.938   309.864 
     240   309.938   309.888 
     250   309.949   309.861 
     260   309.938   309.865 
     270   309.938   309.869 
     280   309.937   309.866 
     290   309.938   309.867 
     300   309.972   309.921 
     310   309.938   309.869 
     320   309.938   309.870 
     330   309.935   309.872 
     340   309.938   309.869 
     350   309.958   309.858 
     360   309.938   309.866 
     370   309.938   309.872 
     380   309.937   309.875 
     390   309.938   309.874 
     400   309.936   309.879 
     410   309.939   309.874 
     420   309.938   309.874 
     430   309.935   309.874 
     440   309.938   309.878 
     450   309.929   309.849 
     460   309.938   309.874 
     470   309.955   309.873 
     480   309.937   309.875 
     490   309.938   309.874 
     500   309.652   309.857 
     510   309.937   309.874 
     520   309.939   309.875 
     530   309.938   309.875 
     540   309.938   309.873 
     550   309.936   309.884 
     560   309.938   309.877 
     570   309.939   309.875 
     580   309.938   309.875 
     590   309.938   309.867 
     600   309.936   309.840 
     610   309.938   309.875 
     620   309.937   309.881 
     630   309.932   309.876 
     640   309.938   309.877 
     650   309.939   309.866 
     660   309.938   309.876 
     670   309.938   309.877 
     680   309.937   309.869 
     690   309.938   309.876 
     700   309.934   309.877 
     710   309.938   309.880 
     720   309.938   309.877 
     730   309.938   309.871 
     740   309.922   309.876 
     750   309.938   309.877 
     760   309.938   309.876 
     770   309.938   309.877 
     780   309.938   309.877 
     790   309.938   309.877 
     800   309.934   309.873 
     810   309.944   309.877 
     820   309.941   309.878 
     830   309.937   309.878 
     840   309.938   309.877 
     850   309.934   309.901 
     860   309.947   309.877 
     870   309.940   309.876 
     880   309.937   309.877 
     890   309.938   309.877 
     900   310.140   309.893 
     910   309.938   309.877 
     920   309.938   309.877 
     930   309.938   309.877 
     940   309.938   309.877 
     950   309.901   309.871 
     960   309.939   309.877 
     970   309.934   309.879 
     980   309.939   309.877 
     990   309.938   309.877 
    1000   309.927   309.924 
    1010   309.938   309.879 
    1020   309.938   309.879 
    1030   309.937   309.869 
    1040   309.938   309.879 
    1050   309.862   309.879 
    1060   309.937   309.880 
    1070   309.939   309.879 
    1080   309.937   309.879 
    1090   309.938   309.879 
    1100   309.941   309.959 
    1110   309.947   309.879 
    1120   309.937   309.879 
    1130   309.940   309.879 
    1140   309.938   309.880 
    1150   309.935   309.878 
    1160   309.939   309.878 
    1170   309.938   309.879 
    1180   309.937   309.879 
    1190   309.938   309.879 
    1200   309.937   309.874 
    1210   309.938   309.879 
    1220   309.938   309.879 
    1230   309.937   309.879 
    1240   309.938   309.880 
    1250   309.931   309.894 
    1260   309.953   309.879 
    1270   309.938   309.879 
    1280   309.937   309.878 
    1290   309.939   309.880 
    1300   309.927   309.879 
    1310   309.938   309.881 
    1320   309.938   309.879 
    1330   309.938   309.879 
    1340   309.938   309.879 
    1350   309.937   309.871 
    1360   309.938   309.878 
    1370   309.938   309.879 
    1380   309.937   309.880 
    1390   309.938   309.879 
    1400   309.936   309.873 
    1410   309.939   309.878 
    1420   309.938   309.879 
    1430   309.937   309.879 
    1440   309.938   309.879 
    1450   309.931   309.923 
    1460   309.938   309.880 
    1470   309.938   309.880 
    1480   309.937   309.880 
    1490   309.938   309.880 
    1500   309.938   309.885 
    1510   309.939   309.880 
    1520   309.938   309.880 
    1530   309.937   309.880 
    1540   309.938   309.880 
    1550   309.938   309.871 
    1560   309.938   309.877 
    1570   309.938   309.880 
    1580   309.937   309.881 
    1590   309.938   309.880 
    1600   309.946   309.880 
    1610   309.938   309.880 
    1620   309.938   309.880 
    1630   309.938   309.880 
    1640   309.938   309.880 
    1650   309.976   309.881 
    1660   309.938   309.880 
    1670   309.938   309.880 
    1680   309.938   309.872 
    1690   309.938   309.880 
    1700   310.230   309.880 
    1710   309.938   309.882 
    1720   309.938   309.879 
    1730   309.939   309.880 
    1740   309.938   309.880 
    1750   309.938   309.878 
    1760   309.939   309.881 
    1770   309.938   309.880 
    1780   309.938   309.880 
    1790   309.938   309.880 
    1800   310.238   309.878 
    1810   309.938   309.880 
    1820   309.938   309.880 
    1830   309.937   309.886 
    1840   309.938   309.880 
    1850   309.937   309.878 
    1860   309.939   309.878 
    1870   309.938   309.880 
    1880   309.937   309.878 
    1890   309.938   309.880 
    1900   309.948   309.883 
    1910   309.938   309.878 
    1920   309.937   309.879 
    1930   309.934   309.880 
    1940   309.938   309.880 
    1950   309.937   309.944 
    1960   309.938   309.880 
    1970   309.938   309.880 
    1980   309.937   309.880 
    1990   309.938   309.880 
    2000   310.156   309.890 
    2010   309.938   309.880 
    2020   309.938   309.880 
    2030   309.938   309.880 
    2040   309.938   309.880 
    2050   309.967   309.887 
    2060   309.937   309.880 
    2070   309.938   309.880 
    2080   309.933   309.881 
    2090   309.938   309.880 
    2100   309.941   309.882 
    2110   309.937   309.881 
    2120   309.937   309.880 
    2130   309.935   309.881 
    2140   309.944   309.884 
    2150   310.184   309.893 
    2160   309.938   309.880 
    2170   309.938   309.880 
    2180   309.938   309.880 
    2190   309.938   309.880 
    2200   309.916   309.884 
    2210   309.938   309.881 
    2220   309.938   309.880 
    2230   309.937   309.881 
    2240   309.938   309.880 
    2250   310.000   309.887 
    2260   309.938   309.881 
    2270   309.938   309.879 
    2280   309.940   309.880 
    2290   309.938   309.880 
    2300   309.939   309.899 
    2310   309.938   309.880 
    2320   309.938   309.880 
    2330   309.937   309.880 
    2340   309.938   309.880 
    2350   310.238   309.871 
    2360   309.938   309.880 
    2370   309.938   309.880 
    2380   309.937   309.880 
    2390   309.938   309.879 
    2400   309.976   309.880 
    2410   309.938   309.880 
    2420   309.938   309.880 
    2430   309.938   309.883 
    2440   309.938   309.880 
    2450   309.951   309.879 
    2460   309.938   309.877 
    2470   309.938   309.881 
    2480   309.937   309.880 
    2490   309.938   309.880 
    2500   309.963   309.878 
    2510   309.937   309.879 
    2520   309.938   309.880 
    2530   309.937   309.880 
    2540   309.938   309.880 
    2550   310.128   309.876 
    2560   309.938   309.880 
    2570   309.938   309.880 
    2580   309.937   309.882 
    2590   309.938   309.880 
    2600   309.754   309.903 
    2610   309.954   309.880 
    2620   309.938   309.880 
    2630   309.937   309.881 
    2640   309.938   309.880 
    2650   309.942   309.889 
    2660   309.938   309.880 
    2670   309.938   309.881 
    2680   309.939   309.880 
    2690   309.938   309.880 
    2700   309.937   309.873 
    2710   309.938   309.881 
    2720   309.938   309.880 
    2730   309.930   309.880 
    2740   309.938   309.880 
    2750   309.844   309.878 
    2760   309.937   309.880 
    2770   309.938   309.880 
    2780   309.937   309.880 
    2790   309.938   309.880 
    2800   309.934   309.874 
    2810   309.938   309.881 
    2820   309.938   309.880 
    2830   309.936   309.880 
    2840   309.938   309.880 
    2850   309.937   309.874 
    2860   309.938   309.880 
    2870   309.938   309.880 
    2880   309.937   309.884 
    2890   309.938   309.880 
    2900   309.947   309.886 
    2910   309.937   309.880 
    2920   309.938   309.880 
    2930   309.937   309.876 
    2940   309.936   309.880 
    2950   309.967   309.880 
    2960   309.938   309.880 
    2970   309.938   309.880 
    2980   309.937   309.880 
    2990   309.937   309.881 
    3000   310.110   309.880 
    3010   309.938   309.880 
    3020   309.938   309.880 
    3030   309.937   309.872 
    3040   309.938   309.880 
    3050   309.937   309.880 
    3060   309.938   309.880 
    3070   309.938   309.880 
    3080   309.937   309.884 
    3090   309.938   309.880 
    3100   309.949   309.876 
    3110   309.939   309.879 
    3120   309.938   309.880 
    3130   309.937   309.882 
    3140   309.938   309.880 
    3150   309.999   309.879 
    3160   309.939   309.881 
    3170   309.938   309.880 
    3180   309.937   309.881 
    3190   309.938   309.880 
    3200   309.970   309.883 
    3210   309.937   309.884 
    3220   309.938   309.879 
    3230   309.940   309.880 
    3240   309.939   309.880 
    3250   309.966   309.871 
    3260   309.938   309.881 
    3270   309.938   309.880 
    3280   309.937   309.881 
    3290   309.938   309.880 
    3300   309.948   309.878 
    3310   309.940   309.880 
    3320   309.938   309.880 
    3330   309.938   309.879 
    3340   309.938   309.880 
    3350   309.835   309.888 
    3360   309.937   309.880 
    3370   309.938   309.880 
    3380   309.938   309.883 
    3390   309.938   309.880 
    3400   309.937   309.881 
    3410   309.938   309.880 
    3420   309.938   309.880 
    3430   309.936   309.895 
    3440   309.938   309.880 
    3450   310.086   309.880 
    3460   309.938   309.880 
    3470   309.938   309.880 
    3480   309.937   309.878 
    3490   309.938   309.880 
    3500   309.935   309.904 
    3510   309.937   309.878 
    3520   309.938   309.880 
    3530   309.935   309.880 
    3540   309.938   309.880 
    3550   309.937   309.885 
    3560   309.938   309.879 
    3570   309.938   309.880 
    3580   309.937   309.884 
    3590   309.937   309.880 
    3600   310.036   309.888 
    3610   309.938   309.880 
    3620   309.938   309.880 
    3630   309.938   309.880 
    3640   309.938   309.880 
    3650   310.000   309.880 
    3660   309.938   309.880 
    3670   309.938   309.880 
    3680   309.936   309.863 
    3690   309.937   309.880 
    3700   309.943   309.880 
    3710   309.938   309.880 
    3720   309.938   309.880 
    3730   309.938   309.880 
    3740   309.938   309.880 
    3750   309.932   309.875 
    3760   309.945   309.880 
    3770   309.938   309.880 
    3780   309.937   309.881 
    3790   309.938   309.880 
    3800   309.922   309.878 
    3810   309.937   309.877 
    3820   309.938   309.880 
    3830   309.940   309.880 
    3840   309.938   309.880 
    3850   309.936   309.838 
    3860   309.938   309.880 
    3870   309.938   309.880 
    3880   309.938   309.880 
    3890   309.938   309.880 
    3900   309.941   309.880 
    3910   309.938   309.880 
    3920   309.938   309.880 
    3930   309.937   309.881 
    3940   309.938   309.880 
    3950   309.927   309.880 
    3960   309.938   309.880 
    3970   309.938   309.880 
    3980   309.938   309.880 
    3990   309.936   309.880 
    4000   309.924   309.890 
    4010   309.938   309.879 
    4020   309.938   309.880 
    4030   309.941   309.880 
    4040   309.938   309.880 
    4050   309.939   309.865 
    4060   309.939   309.880 
    4070   309.936   309.879 
    4080   309.936   309.881 
    4090   309.938   309.879 
    4100   309.940   309.880 
    4110   309.938   309.880 
    4120   309.938   309.880 
    4130   309.938   309.880 
    4140   309.938   309.880 
    4150   310.031   309.880 
    4160   309.938   309.880 
    4170   309.938   309.880 
    4180   309.938   309.881 
    4190   309.938   309.880 
    4200   309.943   309.880 
    4210   309.938   309.881 
    4220   309.938   309.880 
    4230   309.939   309.882 
    4240   309.938   309.880 
    4250   309.938   309.885 
    4260   309.964   309.880 
    4270   309.938   309.880 
    4280   309.938   309.880 
    4290   309.938   309.880 
    4300   309.946   309.888 
    4310   309.938   309.880 
    4320   309.938   309.880 
    4330   309.938   309.883 
    4340   309.938   309.880 
    4350   309.890   309.952 
    4360   309.940   309.879 
    4370   309.938   309.880 
    4380   309.938   309.880 
    4390   309.938   309.880 
    4400   309.939   309.884 
    4410   309.938   309.880 
    4420   309.938   309.880 
    4430   309.940   309.871 
    4440   309.937   309.880 
    4450   309.945   309.880 
    4460   309.938   309.880 
    4470   309.938   309.880 
    4480   309.937   309.880 
    4490   309.938   309.880 
    4500   309.937   309.879 
    4510   309.938   309.880 
    4520   309.938   309.880 
    4530   309.936   309.853 
    4540   309.937   309.880 
    4550   309.933   309.876 
    4560   309.938   309.881 
    4570   309.938   309.880 
    4580   309.933   309.880 
    4590   309.938   309.880 
    4600   309.938   309.879 
    4610   309.938   309.880 
    4620   309.938   309.880 
    4630   309.937   309.880 
    4640   309.938   309.880 
    4650   309.955   309.880 
    4660   309.939   309.880 
    4670   309.938   309.880 
    4680   309.937   309.878 
    4690   309.938   309.880 
    4700   309.831   309.887 
    4710   309.938   309.881 
    4720   309.938   309.880 
    4730   309.938   309.880 
    4740   309.938   309.879 
    4750   310.062   309.877 
    4760   309.938   309.880 
    4770   309.938   309.880 
    4780   309.937   309.879 
    4790   309.938   309.880 
    4800   309.900   309.925 
    4810   309.939   309.879 
    4820   309.937   309.880 
    4830   309.937   309.880 
    4840   309.938   309.880 
    4850   309.925   309.878 
    4860   309.938   309.880 
    4870   309.938   309.880 
    4880   309.938   309.881 
    4890   309.938   309.880 
    4900   309.900   309.880 
    4910   309.939   309.880 
    4920   309.938   309.880 
    4930   309.938   309.880 
    4940   309.938   309.881 
    4950   309.939   309.890 
    4960   309.938   309.880 
    4970   309.938   309.880 
    4980   309.933   309.816 
    4990   309.938   309.879 
    5000   309.938   309.880 
    5010   309.938   309.880 
    5020   309.938   309.880 
    5030   309.938   309.881 
    5040   309.938   309.880 
    5050   309.943   309.877 
    5060   309.938   309.876 
    5070   309.938   309.880 
    5080   309.938   309.879 
    5090   309.938   309.880 
    5100   310.132   309.888 
    5110   309.938   309.880 
    5120   309.938   309.880 
    5130   309.941   309.880 
    5140   309.938   309.880 
    5150   309.938   309.883 
    5160   309.939   309.879 
    5170   309.938   309.880 
    5180   309.938   309.880 
    5190   309.938   309.880 
    5200   309.937   309.939 
    5210   309.938   309.880 
    5220   309.938   309.880 
    5230   309.937   309.880 
    5240   309.938   309.880 
    5250   309.956   309.879 
    5260   309.938   309.880 
    5270   309.938   309.880 
    5280   309.937   309.883 
    5290   309.938   309.880 
    5300   309.969   309.848 
    5310   309.950   309.881 
    5320   309.938   309.880 
    5330   309.937   309.876 
    5340   309.937   309.880 
    5350   310.003   309.878 
    5360   309.938   309.880 
    5370   309.938   309.880 
    5380   309.937   309.880 
    5390   309.938   309.880 
    5400   310.138   309.862 
    5410   309.938   309.880 
    5420   309.938   309.880 
    5430   309.938   309.880 
    5440   309.938   309.880 
    5450   310.097   309.873 
    5460   309.938   309.880 
    5470   309.938   309.880 
    5480   309.937   309.880 
    5490   309.938   309.880 
    5500   310.091   309.836 
    5510   309.938   309.881 
    5520   309.938   309.880 
    5530   309.937   309.880 
    5540   309.938   309.880 
    5550   310.183   309.887 
    5560   309.938   309.880 
    5570   309.938   309.880 
    5580   309.937   309.880 
    5590   309.938   309.880 
    5600   309.931   309.880 
    5610   309.939   309.880 
    5620   309.938   309.880 
    5630   309.933   309.880 
    5640   309.938   309.880 
    5650   309.939   309.891 
    5660   309.938   309.880 
    5670   309.938   309.880 
    5680   309.937   309.880 
    5690   309.937   309.881 
    5700   310.188   309.880 
    5710   309.938   309.880 
    5720   309.938   309.880 
    5730   309.935   309.860 
    5740   309.938   309.880 
    5750   309.901   309.881 
    5760   309.938   309.882 
    5770   309.938   309.880 
    5780   309.938   309.881 
    5790   309.938   309.879 
    5800   309.880   309.830 
    5810   309.939   309.880 
    5820   309.938   309.880 
    5830   309.937   309.880 
    5840   309.938   309.880 
    5850   309.935   309.948 
    5860   309.951   309.880 
    5870   309.938   309.880 
    5880   309.937   309.883 
    5890   309.938   309.880 
    5900   310.101   309.880 
    5910   309.938   309.880 
    5920   309.938   309.880 
    5930   309.937   309.880 
    5940   309.938   309.880 
    5950   309.975   309.875 
    5960   309.939   309.882 
    5970   309.938   309.880 
    5980   309.933   309.880 
    5990   309.938   309.880 
    6000   309.927   309.799 
    6010   309.939   309.880 
    6020   309.938   309.880 
    6030   309.932   309.880 
    6040   309.938   309.880 
    6050   309.938   309.881 
    6060   309.938   309.879 
    6070   309.938   309.880 
    6080   309.937   309.880 
    6090   309.938   309.880 
    6100   309.938   309.967 
    6110   309.945   309.880 
    6120   309.938   309.880 
    6130   309.937   309.878 
    6140   309.938   309.880 
    6150   309.732   309.887 
    6160   309.947   309.880 
    6170   309.938   309.880 
    6180   309.937   309.880 
    6190   309.938   309.880 
    6200   309.958   309.842 
    6210   309.939   309.880 
    6220   309.938   309.880 
    6230   309.941   309.880 
    6240   309.938   309.880 
    6250   309.938   309.875 
    6260   309.938   309.880 
    6270   309.938   309.880 
    6280   309.937   309.882 
    6290   309.938   309.880 
    6300   309.707   309.877 
    6310   309.938   309.880 
    6320   309.939   309.880 
    6330   309.937   309.879 
    6340   309.938   309.880 
    6350   309.993   309.938 
    6360   309.937   309.882 
    6370   309.936   309.880 
    6380   309.937   309.879 
    6390   309.938   309.880 
    6400   309.972   309.888 
    6410   309.938   309.880 
    6420   309.938   309.880 
    6430   309.938   309.880 
    6440   309.938   309.879 
    6450   309.912   309.844 
    6460   309.963   309.880 
    6470   309.938   309.880 
    6480   309.937   309.879 
    6490   309.938   309.880 
    6500   309.938   309.880 
    6510   309.938   309.877 
    6520   309.938   309.880 
    6530   309.938   309.881 
    6540   309.938   309.880 
    6550   309.926   309.877 
    6560   309.938   309.880 
    6570   309.938   309.880 
    6580   309.937   309.881 
    6590   309.938   309.880 
    6600   309.933   309.880 
    6610   309.938   309.879 
    6620   309.938   309.880 
    6630   309.937   309.879 
    6640   309.938   309.880 
    6650   309.947   309.878 
    6660   309.938   309.870 
    6670   309.938   309.882 
    6680   309.937   309.879 
    6690   309.938   309.880 
    6700   310.110   309.909 
    6710   309.938   309.880 
    6720   309.938   309.880 
    6730   309.938   309.880 
    6740   309.938   309.880 
    6750   309.941   309.883 
    6760   309.939   309.881 
    6770   309.938   309.880 
    6780   309.938   309.876 
    6790   309.938   309.880 
    6800   309.932   309.880 
    6810   309.938   309.880 
    6820   309.938   309.880 
    6830   309.937   309.878 
    6840   309.938   309.880 
    6850   310.290   309.880 
    6860   309.938   309.880 
    6870   309.938   309.880 
    6880   309.938   309.880 
    6890   309.938   309.880 
    6900   309.938   309.887 
    6910   309.938   309.880 
    6920   309.938   309.880 
    6930   309.938   309.883 
    6940   309.938   309.880 
    6950   310.125   309.879 
    6960   309.938   309.880 
    6970   309.938   309.880 
    6980   309.938   309.863 
    6990   309.938   309.880 
    7000   309.938   309.880 
    7010   309.938   309.880 
    7020   309.938   309.880 
    7030   309.937   309.879 
    7040   309.938   309.880 
    7050   309.900   309.876 
    7060   309.937   309.879 
    7070   309.938   309.880 
    7080   309.937   309.880 
    7090   309.938   309.880 
    7100   309.945   309.893 
    7110   309.938   309.879 
    7120   309.938   309.880 
    7130   309.934   309.880 
    7140   309.938   309.880 
    7150   309.938   309.877 
    7160   309.938   309.880 
    7170   309.938   309.880 
    7180   309.937   309.882 
    7190   309.938   309.880 
    7200   309.953   309.880 
    7210   309.939   309.879 
    7220   309.938   309.880 
    7230   309.938   309.884 
    7240   309.938   309.880 
    7250   310.160   309.880 
    7260   309.938   309.880 
    7270   309.938   309.880 
    7280   309.937   309.878 
    7290   309.938   309.880 
    7300   309.930   309.883 
    7310   309.939   309.880 
    7320   309.937   309.880 
    7330   309.938   309.884 
    7340   309.938   309.880 
    7350   309.823   309.880 
    7360   309.938   309.880 
    7370   309.938   309.880 
    7380   309.939   309.875 
    7390   309.938   309.880 
    7400   309.944   309.880 
    7410   309.938   309.880 
    7420   309.938   309.880 
    7430   309.937   309.879 
    7440   309.938   309.880 
    7450   310.193   309.914 
    7460   309.938   309.880 
    7470   309.938   309.880 
    7480   309.937   309.880 
    7490   309.938   309.880 
    7500   309.901   309.852 
    7510   309.937   309.880 
    7520   309.940   309.880 
    7530   309.937   309.878 
    7540   309.938   309.880 
    7550   309.977   309.882 
    7560   309.938   309.880 
    7570   309.938   309.880 
    7580   309.938   309.880 
    7590   309.938   309.880 
    7600   309.994   309.881 
    7610   309.938   309.880 
    7620   309.938   309.880 
    7630   309.936   309.880 
    7640   309.938   309.880 
    7650   309.944   309.890 
    7660   309.938   309.880 
    7670   309.938   309.880 
    7680   309.937   309.885 
    7690   309.938   309.880 
    7700   309.866   309.892 
    7710   309.938   309.880 
    7720   309.944   309.880 
    7730   309.937   309.880 
    7740   309.938   309.880 
    7750   309.952   309.881 
    7760   309.938   309.880 
    7770   309.938   309.880 
    7780   309.938   309.882 
    7790   309.938   309.880 
    7800   310.080   309.880 
    7810   309.938   309.879 
    7820   309.938   309.880 
    7830   309.937   309.880 
    7840   309.938   309.880 
    7850   309.914   309.839 
    7860   309.950   309.880 
    7870   309.938   309.880 
    7880   309.938   309.880 
    7890   309.938   309.880 
    7900   309.730   309.894 
    7910   309.938   309.880 
    7920   309.938   309.880 
    7930   309.938   309.880 
    7940   309.938   309.880 
    7950   309.949   309.879 
    7960   309.938   309.880 
    7970   309.938   309.880 
    7980   309.935   309.881 
    7990   309.938   309.880 
    8000   309.961   309.880 
    8010   309.939   309.880 
    8020   309.938   309.880 
    8030   309.937   309.878 
    8040   309.938   309.880 
    8050   309.939   309.880 
    8060   309.938   309.880 
    8070   309.938   309.880 
    8080   309.937   309.880 
    8090   309.938   309.880 
    8100   309.941   309.888 
    8110   309.938   309.880 
    8120   309.938   309.880 
    8130   309.938   309.879 
    8140   309.938   309.880 
    8150   309.936   309.875 
    8160   309.938   309.880 
    8170   309.938   309.880 
    8180   309.938   309.880 
    8190   309.938   309.880 
    8200   310.185   309.866 
    8210   309.938   309.880 
    8220   309.938   309.880 
    8230   309.938   309.879 
    8240   309.938   309.880 
    8250   310.141   309.880 
    8260   309.938   309.880 
    8270   309.938   309.880 
    8280   309.937   309.878 
    8290   309.938   309.880 
    8300   309.650   309.880 
    8310   309.938   309.880 
    8320   309.938   309.880 
    8330   309.937   309.889 
    8340   309.937   309.880 
    8350   309.941   309.880 
    8360   309.938   309.879 
    8370   309.938   309.880 
    8380   309.938   309.879 
    8390   309.938   309.880 
    8400   310.073   309.880 
    8410   309.938   309.881 
    8420   309.938   309.880 
    8430   309.939   309.884 
    8440   309.938   309.880 
    8450   310.125   309.878 
    8460   309.938   309.880 
    8470   309.938   309.880 
    8480   309.943   309.904 
    8490   309.937   309.880 
    8500   309.913   309.881 
    8510   309.938   309.880 
    8520   309.938   309.880 
    8530   309.937   309.877 
    8540   309.937   309.880 
    8550   309.933   309.882 
    8560   309.938   309.880 
    8570   309.938   309.880 
    8580   309.937   309.878 
    8590   309.938   309.880 
    8600   309.939   309.883 
    8610   309.938   309.881 
    8620   309.938   309.880 
    8630   309.938   309.880 
    8640   309.938   309.880 
    8650   309.712   309.919 
    8660   309.951   309.880 
    8670   309.937   309.880 
    8680   309.938   309.888 
    8690   309.937   309.880 
    8700   309.933   309.880 
    8710   309.938   309.880 
    8720   309.938   309.880 
    8730   309.938   309.879 
    8740   309.938   309.880 
    8750   309.941   309.879 
    8760   309.939   309.879 
    8770   309.938   309.880 
    8780   309.937   309.860 
    8790   309.938   309.880 
    8800   309.825   309.881 
    8810   309.938   309.880 
    8820   309.938   309.880 
    8830   309.938   309.880 
    8840   309.938   309.880 
    8850   309.948   309.890 
    8860   309.938   309.880 
    8870   309.938   309.880 
    8880   309.932   309.854 
    8890   309.937   309.880 
    8900   309.939   309.876 
    8910   309.938   309.879 
    8920   309.938   309.880 
    8930   309.938   309.881 
    8940   309.938   309.880 
    8950   309.939   309.850 
    8960   309.939   309.879 
    8970   309.938   309.880 
    8980   309.936   309.880 
    8990   309.938   309.880 
    9000   309.948   309.881 
    9010   309.938   309.882 
    9020   309.938   309.880 
    9030   309.937   309.879 
    9040   309.938   309.880 
    9050   309.973   309.880 
    9060   309.938   309.877 
    9070   309.938   309.880 
    9080   309.937   309.882 
    9090   309.937   309.880 
    9100   309.931   309.880 
    9110   309.938   309.880 
    9120   309.938   309.880 
    9130   309.938   309.879 
    9140   309.938   309.880 
    9150   309.926   309.880 
    9160   309.937   309.880 
    9170   309.939   309.880 
    9180   309.936   309.880 
    9190   309.938   309.880 
    9200   309.939   309.901 
    9210   309.938   309.880 
    9220   309.938   309.880 
    9230   309.937   309.878 
    9240   309.938   309.880 
    9250   309.943   309.929 
    9260   309.937   309.881 
    9270   309.938   309.880 
    9280   309.938   309.879 
    9290   309.938   309.880 
    9300   309.944   309.878 
    9310   309.938   309.880 
    9320   309.938   309.880 
    9330   309.937   309.880 
    9340   309.938   309.880 
    9350   309.959   309.863 
    9360   309.938   309.881 
    9370   309.938   309.880 
    9380   309.937   309.880 
    9390   309.938   309.880 
    9400   309.933   309.906 
    9410   309.938   309.880 
    9420   309.938   309.880 
    9430   309.938   309.880 
    9440   309.938   309.880 
    9450   309.985   309.878 
    9460   309.938   309.880 
    9470   309.938   309.880 
    9480   309.938   309.880 
    9490   309.938   309.880 
    9500   309.822   309.804 
    9510   309.938   309.880 
    9520   309.938   309.880 
    9530   309.938   309.881 
    9540   309.938   309.880 
    9550   309.937   309.880 
    9560   309.938   309.880 
    9570   309.938   309.880 
    9580   309.937   309.881 
    9590   309.938   309.880 
    9600   309.942   309.880 
    9610   309.937   309.884 
    9620   309.938   309.880 
    9630   309.940   309.881 
    9640   309.938   309.880 
    9650   309.942   309.885 
    9660   309.937   309.880 
    9670   309.937   309.880 
    9680   309.937   309.880 
    9690   309.938   309.880 
    9700   309.929   309.869 
    9710   309.939   309.881 
    9720   309.938   309.880 
    9730   309.937   309.880 
    9740   309.938   309.880 
    9750   309.970   309.877 
    9760   309.938   309.881 
    9770   309.938   309.880 
    9780   309.937   309.877 
    9790   309.938   309.880 
    9800   310.191   309.880 
    9810   309.938   309.880 
    9820   309.938   309.880 
    9830   309.944   309.854 
    9840   309.938   309.880 
    9850   309.925   309.881 
    9860   309.938   309.879 
    9870   309.938   309.880 
    9880   309.937   309.886 
    9890   309.938   309.880 
    9900   309.687   309.880 
    9910   309.938   309.880 
    9920   309.938   309.880 
    9930   309.936   309.878 
    9940   309.938   309.880 
    9950   309.931   309.878 
    9960   309.938   309.883 
    9970   309.938   309.881 
    9980   309.940   309.880 
    9990   309.938   309.880 
   10000   309.938   309.880 
