       0  -150.415  -150.427 
      10  -145.432  -145.446 
      20  -115.981  -116.005 
      30   -17.521   -16.803 
      40    -3.118    -1.329 
      50    -6.448    -0.683 
      60    -0.351     0.039 
      70    -0.498     0.786 
      80    -0.106    -0.080 
      90    -0.359     0.066 
     100    -1.901    -0.481 
     110    -0.207    -0.369 
     120    -0.506    -0.215 
     130    -0.227    -0.121 
     140    -0.405    -0.314 
     150    -0.689    -0.600 
     160    -0.142    -0.135 
     170    -0.172    -0.260 
     180    -0.306    -0.149 
     190    -0.067    -0.071 
     200    -0.131    -0.158 
     210     0.252    -0.140 
     220     0.040    -0.315 
     230    -0.406    -0.213 
     240    -0.144    -0.293 
     250     0.709     0.816 
     260    -0.093    -0.096 
     270    -0.097    -0.150 
     280    -0.208    -0.064 
     290     0.494     3.484 
     300     0.017     0.021 
     310    -0.064    -0.076 
     320    -0.148    -0.027 
     330    -0.056     0.115 
     340     0.258    -0.113 
     350     0.034    -0.593 
     360    -0.054    -0.051 
     370     0.016    -1.353 
     380    -0.041    -0.061 
     390    -0.089    -0.388 
     400    -0.032    -0.021 
     410    -0.034    -0.049 
     420    -0.283     0.303 
     430    -0.086    -0.044 
     440    -0.067    -0.035 
     450     0.035    -0.140 
     460    -0.041    -0.035 
     470    -0.020    -0.019 
     480     0.012    -0.042 
     490     0.199    -0.150 
     500     0.366    -0.663 
     510    -0.043    -0.024 
     520    -0.027    -0.044 
     530    -0.032    -0.026 
     540    -0.044    -0.024 
     550    -0.028    -0.024 
     560    -0.040    -0.019 
     570    -0.026    -0.019 
     580    -0.036    -0.020 
     590    -0.044     0.352 
     600    -0.029    -0.047 
     610     0.019    -0.015 
     620    -0.031    -0.015 
     630    -0.022    -0.021 
     640    -0.018    -0.009 
     650    -0.011    -0.011 
     660    -0.032     0.024 
     670    -0.017    -0.012 
     680    -0.019    -0.012 
     690     0.042    -0.010 
     700    -0.875    -0.014 
     710    -0.015     0.007 
     720    -0.013    -0.007 
     730    -0.014    -0.007 
     740    -0.014    -0.005 
     750    -0.004    -0.018 
     760    -0.013    -0.005 
     770    -0.026    -0.010 
     780    -0.017    -0.006 
     790    -0.012    -0.012 
     800    -0.013    -0.004 
     810    -0.027    -0.004 
     820    -0.018    -0.004 
     830     0.003     0.000 
     840    -0.014    -0.005 
     850    -0.015    -0.002 
     860    -0.013    -0.005 
     870     0.002     0.014 
     880    -0.011     0.006 
     890    -0.111     0.010 
     900    -0.012    -0.005 
     910    -0.003    -0.004 
     920    -0.028    -0.002 
     930    -0.012    -0.003 
     940    -0.011     0.000 
     950    -0.011     0.012 
     960    -0.014    -0.003 
     970    -0.011    -0.003 
     980    -0.011    -0.004 
     990    -0.012     0.009 
    1000    -0.010    -0.001 
    1010    -0.003     0.006 
    1020    -0.007    -0.001 
    1030    -0.010    -0.005 
    1040    -0.026    -0.010 
    1050    -0.010    -0.001 
    1060    -0.007    -0.004 
    1070    -0.009    -0.003 
    1080    -0.009    -0.006 
    1090    -0.022    -0.009 
    1100     0.002     0.027 
    1110    -0.010    -0.003 
    1120    -0.011    -0.003 
    1130    -0.013    -0.001 
    1140    -0.012    -0.010 
    1150    -0.011    -0.003 
    1160    -0.005    -0.001 
    1170    -0.008    -0.006 
    1180    -0.010    -0.001 
    1190    -0.004     0.022 
    1200    -0.009    -0.001 
    1210    -0.011    -0.006 
    1220     0.024     0.037 
    1230    -0.009    -0.004 
    1240    -0.020    -0.022 
    1250    -0.009    -0.001 
    1260    -0.011    -0.001 
    1270    -0.010    -0.001 
    1280    -0.002    -0.009 
    1290    -0.008    -0.008 
    1300    -0.009    -0.000 
    1310    -0.005    -0.001 
    1320    -0.014    -0.005 
    1330    -0.009    -0.001 
    1340    -0.016    -0.004 
    1350    -0.185    -0.042 
    1360    -0.009    -0.001 
    1370    -0.012     0.009 
    1380    -0.009    -0.002 
    1390    -0.013    -0.004 
    1400    -0.002     0.002 
    1410    -0.005    -0.012 
    1420    -0.017    -0.002 
    1430    -0.006    -0.006 
    1440    -0.008    -0.000 
    1450    -0.036     0.130 
    1460    -0.006     0.000 
    1470    -0.008    -0.000 
    1480    -0.007    -0.002 
    1490     0.022    -0.079 
    1500    -0.007    -0.000 
    1510    -0.013    -0.000 
    1520    -0.007    -0.000 
    1530    -0.008    -0.001 
    1540     0.006    -0.006 
    1550    -0.012     0.015 
    1560    -0.007     0.001 
    1570    -0.007     0.000 
    1580    -0.004     0.001 
    1590    -0.006     0.001 
    1600    -0.090    -0.036 
    1610    -0.013     0.012 
    1620    -0.007     0.000 
    1630    -0.009     0.002 
    1640    -0.041     0.036 
    1650    -0.164     0.160 
    1660    -0.004     0.005 
    1670    -0.005     0.009 
    1680    -0.005     0.002 
    1690    -0.008     0.009 
    1700    -0.007     0.000 
    1710    -0.004     0.000 
    1720    -0.006     0.001 
    1730    -0.006     0.001 
    1740    -0.013    -0.001 
    1750    -0.005     0.002 
    1760    -0.006     0.002 
    1770    -0.007     0.002 
    1780    -0.006     0.002 
    1790    -0.009     0.002 
    1800    -0.009     0.002 
    1810    -0.005     0.005 
    1820    -0.006     0.001 
    1830    -0.006     0.002 
    1840    -0.000     0.006 
    1850    -0.007     0.001 
    1860    -0.006     0.001 
    1870    -0.061     0.037 
    1880    -0.006     0.001 
    1890    -0.002     0.017 
    1900    -0.004     0.001 
    1910    -0.007     0.001 
    1920    -0.007     0.001 
    1930    -0.006     0.001 
    1940     0.045     0.011 
    1950     0.005     0.005 
    1960    -0.003     0.003 
    1970     0.005     0.004 
    1980    -0.006     0.002 
    1990    -0.045    -0.003 
    2000    -0.004     0.002 
    2010    -0.018     0.005 
    2020    -0.039     0.107 
    2030    -0.008     0.002 
    2040    -0.003    -0.004 
    2050     0.017    -0.095 
    2060    -0.004     0.003 
    2070    -0.004     0.003 
    2080    -0.004     0.003 
    2090     0.006    -0.024 
    2100    -0.005     0.004 
    2110    -0.003     0.004 
    2120    -0.004     0.003 
    2130    -0.005     0.005 
    2140    -0.004     0.003 
    2150    -0.056     0.004 
    2160    -0.005     0.011 
    2170    -0.005     0.006 
    2180    -0.006     0.006 
    2190    -0.003     0.005 
    2200    -0.035    -0.051 
    2210    -0.004     0.003 
    2220    -0.005     0.003 
    2230    -0.007     0.004 
    2240    -0.007    -0.002 
    2250    -0.001    -0.003 
    2260    -0.004     0.003 
    2270    -0.005     0.003 
    2280    -0.003     0.004 
    2290    -0.008     0.010 
    2300    -0.017    -0.016 
    2310    -0.005     0.003 
    2320    -0.004     0.003 
    2330     0.004    -0.003 
    2340    -0.007     0.000 
    2350    -0.005     0.002 
    2360    -0.006     0.006 
    2370    -0.006     0.002 
    2380    -0.004     0.003 
    2390    -0.004     0.003 
    2400    -0.005     0.001 
    2410    -0.002     0.002 
    2420    -0.005     0.003 
    2430    -0.005     0.004 
    2440    -0.000     0.010 
    2450    -0.004     0.003 
    2460     0.002     0.007 
    2470     0.002     0.006 
    2480    -0.003     0.004 
    2490    -0.021    -0.005 
    2500     0.041     0.023 
    2510    -0.004     0.003 
    2520    -0.006     0.008 
    2530    -0.004     0.004 
    2540    -0.001     0.005 
    2550    -0.006     0.002 
    2560    -0.002     0.000 
    2570    -0.004     0.004 
    2580    -0.003     0.003 
    2590    -0.001     0.011 
    2600    -0.004     0.003 
    2610    -0.004     0.004 
    2620    -0.004     0.004 
    2630    -0.002     0.003 
    2640    -0.001     0.008 
    2650     0.021     0.003 
    2660    -0.004    -0.019 
    2670    -0.004     0.026 
    2680    -0.004     0.003 
    2690    -0.003     0.004 
    2700    -0.035     0.012 
    2710    -0.004     0.002 
    2720    -0.002     0.003 
    2730    -0.007     0.005 
    2740    -0.004     0.004 
    2750    -0.030    -0.098 
    2760    -0.004     0.004 
    2770    -0.004     0.004 
    2780    -0.003     0.004 
    2790    -0.002     0.010 
    2800     0.043     0.214 
    2810    -0.003     0.004 
    2820    -0.004     0.004 
    2830     0.003     0.002 
    2840    -0.002     0.004 
    2850    -0.030    -0.124 
    2860     0.032    -0.006 
    2870    -0.012     0.007 
    2880    -0.004     0.003 
    2890    -0.004     0.002 
    2900     0.056     0.088 
    2910    -0.013     0.004 
    2920    -0.005     0.029 
    2930    -0.005     0.004 
    2940    -0.004     0.004 
    2950     0.017     0.000 
    2960    -0.003     0.006 
    2970    -0.003     0.004 
    2980    -0.002     0.004 
    2990     0.001     0.025 
    3000     0.007     0.058 
    3010     0.008     0.008 
    3020    -0.001    -0.000 
    3030    -0.004     0.004 
    3040    -0.005     0.003 
    3050     0.220     0.093 
    3060    -0.003     0.004 
    3070    -0.006     0.011 
    3080    -0.002     0.002 
    3090    -0.003     0.004 
    3100    -0.008     0.005 
    3110    -0.003     0.005 
    3120    -0.000     0.001 
    3130    -0.003     0.004 
    3140    -0.003     0.005 
    3150    -0.310     0.393 
    3160    -0.003     0.004 
    3170    -0.002     0.005 
    3180    -0.003     0.004 
    3190    -0.002     0.005 
    3200     0.003     0.008 
    3210    -0.001     0.000 
    3220    -0.007     0.005 
    3230    -0.003     0.004 
    3240    -0.003     0.004 
    3250     0.118     0.383 
    3260    -0.009     0.005 
    3270     0.002     0.003 
    3280    -0.003     0.005 
    3290    -0.003     0.003 
    3300    -0.008    -0.010 
    3310     0.000     0.003 
    3320    -0.005    -0.002 
    3330     0.007     0.000 
    3340    -0.045    -0.096 
    3350    -0.006     0.030 
    3360    -0.027     0.001 
    3370    -0.003     0.003 
    3380     0.025     0.007 
    3390    -0.015     0.043 
    3400    -0.012     0.036 
    3410    -0.012     0.001 
    3420     0.010    -0.003 
    3430     0.002     0.015 
    3440    -0.002     0.005 
    3450    -0.002     0.001 
    3460    -0.008     0.000 
    3470     0.012     0.005 
    3480    -0.003     0.003 
    3490    -0.000     0.009 
    3500     0.012     0.016 
    3510     0.003    -0.002 
    3520    -0.005    -0.000 
    3530    -0.003     0.005 
    3540     0.055     0.014 
    3550    -0.008     0.001 
    3560     0.004    -0.048 
    3570    -0.002     0.002 
    3580    -0.003     0.005 
    3590    -0.049    -0.003 
    3600     0.329     0.041 
    3610    -0.002    -0.005 
    3620    -0.003     0.007 
    3630    -0.002     0.003 
    3640     0.009     0.004 
    3650    -0.026    -0.002 
    3660    -0.004     0.007 
    3670     0.001     0.000 
    3680    -0.003     0.002 
    3690    -0.012    -0.005 
    3700    -0.007    -0.002 
    3710    -0.008     0.008 
    3720    -0.007    -0.001 
    3730    -0.005     0.004 
    3740    -0.041    -0.043 
    3750    -0.003     0.001 
    3760    -0.006    -0.000 
    3770     0.005    -0.003 
    3780    -0.003     0.002 
    3790     0.055    -0.021 
    3800     0.113    -0.042 
    3810    -0.005    -0.004 
    3820    -0.003     0.002 
    3830    -0.003     0.001 
    3840    -0.001     0.001 
    3850    -0.014     0.007 
    3860    -0.006    -0.007 
    3870    -0.002     0.004 
    3880    -0.003     0.002 
    3890    -0.003     0.002 
    3900     0.000     0.004 
    3910    -0.003     0.002 
    3920    -0.003     0.004 
    3930    -0.003     0.002 
    3940    -0.053    -0.001 
    3950    -0.002     0.003 
    3960     0.003    -0.016 
    3970    -0.001    -0.004 
    3980    -0.002     0.002 
    3990     0.010    -0.003 
    4000    -0.053     0.022 
    4010    -0.003     0.001 
    4020    -0.003     0.003 
    4030    -0.003     0.002 
    4040    -0.003     0.003 
    4050    -0.005    -0.002 
    4060    -0.003     0.002 
    4070    -0.003     0.002 
    4080    -0.002     0.002 
    4090     0.011     0.048 
    4100     0.012     0.089 
    4110    -0.002     0.002 
    4120    -0.003     0.003 
    4130    -0.002     0.002 
    4140    -0.003     0.003 
    4150    -0.003    -0.000 
    4160     0.000     0.002 
    4170    -0.003     0.002 
    4180    -0.006     0.002 
    4190    -0.003     0.003 
    4200    -0.003    -0.010 
    4210     0.003     0.002 
    4220    -0.003     0.004 
    4230    -0.003     0.002 
    4240    -0.006     0.003 
    4250    -0.082     0.005 
    4260    -0.003     0.004 
    4270    -0.003     0.003 
    4280    -0.003     0.002 
    4290     0.054     0.001 
    4300    -0.003     0.002 
    4310     0.003     0.003 
    4320     0.002     0.002 
    4330    -0.003     0.004 
    4340    -0.013     0.001 
    4350    -0.004     0.004 
    4360    -0.001     0.004 
    4370    -0.003     0.003 
    4380    -0.001     0.004 
    4390     0.007    -0.004 
    4400    -0.003     0.003 
    4410     0.001    -0.000 
    4420    -0.000     0.005 
    4430    -0.003     0.003 
    4440     0.002     0.010 
    4450    -0.003     0.002 
    4460    -0.021     0.007 
    4470    -0.003    -0.000 
    4480    -0.002     0.001 
    4490    -0.003     0.002 
    4500    -0.013     0.004 
    4510    -0.003     0.002 
    4520    -0.002     0.003 
    4530    -0.002     0.004 
    4540    -0.000     0.000 
    4550     0.007    -0.007 
    4560    -0.002     0.003 
    4570    -0.003     0.003 
    4580    -0.002     0.003 
    4590    -0.002     0.002 
    4600     0.043    -0.035 
    4610    -0.002     0.003 
    4620    -0.002     0.003 
    4630    -0.000     0.004 
    4640    -0.003     0.003 
    4650     0.018    -0.020 
    4660    -0.002     0.003 
    4670    -0.002     0.002 
    4680    -0.003     0.002 
    4690    -0.001    -0.002 
    4700    -0.003     0.003 
    4710    -0.001    -0.002 
    4720    -0.004     0.005 
    4730    -0.003     0.002 
    4740    -0.003     0.002 
    4750    -0.001     0.004 
    4760    -0.002     0.002 
    4770    -0.002     0.003 
    4780    -0.004     0.007 
    4790    -0.003     0.003 
    4800     0.003     0.003 
    4810     0.004    -0.035 
    4820    -0.003     0.008 
    4830    -0.002     0.003 
    4840    -0.002     0.002 
    4850     0.009     0.012 
    4860    -0.002     0.002 
    4870    -0.002     0.002 
    4880     0.002    -0.003 
    4890    -0.001     0.004 
    4900     0.005     0.016 
    4910    -0.002     0.002 
    4920    -0.001     0.002 
    4930    -0.004     0.003 
    4940    -0.003     0.001 
    4950    -0.010    -0.014 
    4960    -0.003     0.002 
    4970    -0.003     0.003 
    4980    -0.008     0.002 
    4990    -0.002     0.002 
    5000     0.062     0.002 
    5010    -0.002    -0.001 
    5020    -0.002    -0.001 
    5030    -0.003     0.003 
    5040     0.008    -0.027 
    5050    -0.003     0.003 
    5060     0.001     0.004 
    5070    -0.011     0.001 
    5080    -0.002     0.001 
    5090    -0.002     0.002 
    5100    -0.001     0.003 
    5110    -0.002     0.002 
    5120    -0.003     0.002 
    5130    -0.003     0.003 
    5140    -0.001     0.004 
    5150    -0.005    -0.001 
    5160    -0.017     0.019 
    5170    -0.005     0.006 
    5180    -0.002     0.002 
    5190    -0.004     0.002 
    5200    -0.005     0.003 
    5210    -0.003     0.003 
    5220    -0.003     0.002 
    5230    -0.003     0.004 
    5240    -0.003     0.002 
    5250    -0.012    -0.002 
    5260    -0.002     0.002 
    5270    -0.002     0.002 
    5280    -0.002     0.001 
    5290    -0.008     0.000 
    5300    -0.009     0.000 
    5310    -0.002     0.002 
    5320    -0.002     0.003 
    5330    -0.002     0.002 
    5340    -0.004     0.004 
    5350     0.006    -0.008 
    5360    -0.004     0.001 
    5370     0.000     0.003 
    5380    -0.002     0.002 
    5390    -0.002     0.002 
    5400    -0.151     0.385 
    5410    -0.003     0.002 
    5420    -0.002     0.002 
    5430    -0.002     0.003 
    5440    -0.007     0.004 
    5450    -0.002    -0.000 
    5460    -0.002     0.003 
    5470    -0.002     0.003 
    5480    -0.003     0.003 
    5490    -0.009     0.001 
    5500    -0.007     0.005 
    5510    -0.011    -0.012 
    5520    -0.003     0.001 
    5530    -0.003     0.002 
    5540     0.047    -0.027 
    5550    -0.005     0.004 
    5560     0.004     0.010 
    5570    -0.003     0.001 
    5580    -0.004     0.002 
    5590    -0.003     0.002 
    5600    -0.002     0.010 
    5610    -0.002     0.002 
    5620    -0.003     0.002 
    5630     0.001     0.002 
    5640    -0.003     0.002 
    5650    -0.291    -0.022 
    5660    -0.002     0.002 
    5670    -0.003     0.002 
    5680    -0.002     0.000 
    5690     0.003     0.002 
    5700    -0.000    -0.003 
    5710    -0.004     0.001 
    5720    -0.001     0.009 
    5730    -0.000     0.001 
    5740    -0.002     0.002 
    5750    -0.000     0.015 
    5760    -0.002     0.002 
    5770    -0.003     0.002 
    5780     0.000     0.001 
    5790    -0.003     0.002 
    5800     0.008     0.050 
    5810    -0.002     0.002 
    5820    -0.002     0.002 
    5830    -0.003     0.001 
    5840    -0.003     0.002 
    5850     0.006     0.050 
    5860    -0.003     0.002 
    5870    -0.004     0.002 
    5880    -0.005     0.003 
    5890     0.053     0.091 
    5900    -0.031    -0.009 
    5910    -0.003     0.002 
    5920    -0.003     0.003 
    5930     0.004    -0.027 
    5940    -0.003     0.002 
    5950    -0.008     0.006 
    5960    -0.002     0.002 
    5970    -0.003     0.002 
    5980    -0.002    -0.002 
    5990     0.001     0.003 
    6000    -0.015    -0.006 
    6010    -0.002    -0.000 
    6020    -0.003     0.002 
    6030    -0.001     0.002 
    6040    -0.047    -0.016 
    6050    -0.007    -0.001 
    6060    -0.009     0.014 
    6070    -0.003     0.002 
    6080    -0.003     0.002 
    6090     0.036     0.017 
    6100    -0.006     0.000 
    6110    -0.002    -0.001 
    6120    -0.009     0.022 
    6130    -0.005    -0.000 
    6140    -0.004     0.000 
    6150    -0.006    -0.000 
    6160    -0.003     0.001 
    6170    -0.003     0.001 
    6180    -0.003     0.001 
    6190    -0.002     0.001 
    6200    -0.329     0.249 
    6210    -0.003     0.001 
    6220    -0.003     0.001 
    6230    -0.004     0.000 
    6240    -0.003     0.001 
    6250     0.009    -0.012 
    6260    -0.003     0.001 
    6270    -0.003     0.001 
    6280    66.693   -11.638 
    6290    -0.003     0.001 
    6300     0.004     0.093 
    6310    -0.016     0.002 
    6320    -0.005     0.001 
    6330    -0.003     0.002 
    6340    -0.001     0.013 
    6350    -0.004    -0.002 
    6360    -0.003     0.001 
    6370    -0.003     0.001 
    6380    -0.004     0.001 
    6390    -0.025    -0.013 
    6400    -0.114    -0.068 
    6410    -0.001    -0.003 
    6420    -0.004     0.004 
    6430    -0.006     0.001 
    6440    -0.003     0.001 
    6450    -0.080    -0.004 
    6460    -0.003     0.001 
    6470    -0.003     0.001 
    6480    -0.003     0.001 
    6490    -0.003     0.002 
    6500    -0.004     0.000 
    6510    -0.002    -0.001 
    6520    -0.003     0.001 
    6530    -0.003     0.001 
    6540    -0.016    -0.006 
    6550    -0.006    -0.001 
    6560    -0.008     0.010 
    6570    -0.004     0.002 
    6580    -0.005     0.003 
    6590    -0.004     0.001 
    6600    -0.012     0.022 
    6610    -0.003     0.000 
    6620    -0.007    -0.001 
    6630    -0.005    -0.000 
    6640    -0.002    -0.003 
    6650     0.001     0.004 
    6660    -0.003     0.002 
    6670    -0.003     0.001 
    6680    -0.004    -0.000 
    6690     0.002    -0.003 
    6700     0.003     0.012 
    6710    -0.004     0.001 
    6720    -0.003     0.002 
    6730    -0.003     0.000 
    6740    -0.008    -0.001 
    6750    -0.002     0.001 
    6760     0.020    -0.042 
    6770    -0.003     0.000 
    6780    -0.002     0.002 
    6790    -0.005    -0.000 
    6800    -0.002     0.001 
    6810    -0.003     0.001 
    6820    -0.003     0.001 
    6830     0.002    -0.005 
    6840     0.007     0.010 
    6850    -0.009     0.004 
    6860    -0.003     0.001 
    6870    -0.003     0.001 
    6880     0.000     0.004 
    6890    -0.003     0.000 
    6900     0.062    -0.074 
    6910    -0.003     0.000 
    6920    -0.003     0.001 
    6930    -0.004    -0.000 
    6940    -0.003     0.000 
    6950    -0.007     0.004 
    6960    -0.003     0.000 
    6970    -0.003     0.001 
    6980    -0.003     0.002 
    6990    -0.003     0.000 
    7000    -0.003     0.001 
    7010    -0.001    -0.001 
    7020    -0.004     0.001 
    7030    -0.003     0.003 
    7040     0.005    -0.002 
    7050    -0.003    -0.002 
    7060    -0.000     0.001 
    7070    -0.003     0.000 
    7080    -0.003     0.000 
    7090    -0.003     0.000 
    7100     0.012     0.022 
    7110    -0.003     0.000 
    7120    -0.004     0.001 
    7130    -0.002    -0.001 
    7140    -0.005    -0.004 
    7150    -0.006    -0.006 
    7160    -0.008     0.003 
    7170    -0.005     0.001 
    7180    -0.003     0.002 
    7190     0.004     0.015 
    7200     0.060     0.129 
    7210    -0.003     0.000 
    7220    -0.004     0.000 
    7230    -0.004     0.002 
    7240    -0.007    -0.014 
    7250    -0.005    -0.004 
    7260    -0.007     0.001 
    7270    -0.005     0.000 
    7280    -0.003    -0.000 
    7290     0.008     0.039 
    7300    -0.003     0.003 
    7310     0.028    -0.008 
    7320    -0.005     0.004 
    7330    -0.002     0.000 
    7340    -0.003    -0.000 
    7350    -0.003    -0.003 
    7360    -0.003    -0.000 
    7370    -0.011    -0.001 
    7380    -0.002     0.001 
    7390    -0.003    -0.000 
    7400    -0.003    -0.003 
    7410    -0.003    -0.000 
    7420    -0.004     0.000 
    7430    -0.012    -0.005 
    7440    -0.003     0.000 
    7450     0.028     0.043 
    7460    -0.003    -0.000 
    7470    -0.013    -0.010 
    7480    -0.008    -0.010 
    7490     0.001    -0.003 
    7500     0.012    -0.011 
    7510    -0.004    -0.000 
    7520    -0.003     0.000 
    7530    -0.003     0.000 
    7540    -0.007     0.002 
    7550     0.039     0.047 
    7560    -0.003    -0.000 
    7570    -0.004    -0.000 
    7580    -0.001    -0.003 
    7590    -0.004    -0.000 
    7600     0.017     0.003 
    7610    -0.004    -0.000 
    7620    -0.004    -0.000 
    7630    -0.003    -0.005 
    7640    -0.002    -0.003 
    7650    -0.195    -0.000 
    7660    -0.004    -0.000 
    7670    -0.004    -0.001 
    7680    -0.004     0.005 
    7690    -0.004    -0.000 
    7700    -0.002     0.006 
    7710    -0.003    -0.000 
    7720    -0.004    -0.000 
    7730    -0.003    -0.002 
    7740     0.027    -0.007 
    7750    -0.005    -0.001 
    7760    -0.004    -0.001 
    7770    -0.003    -0.001 
    7780    -0.004    -0.001 
    7790     0.034     0.019 
    7800    -0.005    -0.001 
    7810    -0.004     0.000 
    7820    -0.004    -0.000 
    7830    -0.003    -0.000 
    7840    -0.011    -0.004 
    7850    -0.007    -0.002 
    7860    -0.008     0.007 
    7870    -0.004    -0.001 
    7880    -0.004    -0.000 
    7890    -0.006    -0.001 
    7900    -0.006    -0.002 
    7910    -0.011     0.012 
    7920    -0.004    -0.001 
    7930    -0.003    -0.000 
    7940    -0.014    -0.005 
    7950    -0.003    -0.000 
    7960    -0.003    -0.000 
    7970    -0.001     0.000 
    7980    -0.004    -0.000 
    7990    -0.004    -0.000 
    8000    -0.005    -0.002 
    8010    -0.008     0.003 
    8020    -0.004    -0.000 
    8030    -0.004    -0.001 
    8040    -0.004    -0.002 
    8050    -0.004    -0.002 
    8060    -0.006     0.001 
    8070    -0.004    -0.001 
    8080    -0.004    -0.001 
    8090    -0.003    -0.001 
    8100    -0.007    -0.003 
    8110    -0.010     0.008 
    8120    -0.004    -0.001 
    8130    -0.003    -0.000 
    8140    -0.016    -0.007 
    8150    -0.007    -0.002 
    8160    -0.007     0.006 
    8170    -0.004    -0.001 
    8180    -0.006    -0.002 
    8190    -0.004    -0.001 
    8200    -0.007     0.004 
    8210    -0.003    -0.000 
    8220    -0.004    -0.001 
    8230    -0.006    -0.002 
    8240    -0.004    -0.001 
    8250    -0.008     0.002 
    8260    -0.004    -0.001 
    8270    -0.004    -0.001 
    8280    -0.004    -0.001 
    8290    -0.004    -0.001 
    8300    -0.003     0.000 
    8310    -0.004    -0.001 
    8320    -0.003    -0.002 
    8330    -0.005    -0.000 
    8340    -0.004    -0.001 
    8350     0.002     0.011 
    8360    -0.004    -0.001 
    8370    -0.004    -0.001 
    8380    -0.003    -0.001 
    8390    -0.004    -0.001 
    8400     0.001     0.009 
    8410    -0.004    -0.001 
    8420    -0.004    -0.001 
    8430     0.000    -0.002 
    8440    -0.003    -0.002 
    8450    -0.001    -0.005 
    8460    -0.003    -0.000 
    8470    -0.024    -0.021 
    8480    -0.003     0.001 
    8490    -0.008     0.004 
    8500    -0.010     0.005 
    8510    -0.003     0.001 
    8520    -0.004    -0.000 
    8530    -0.004    -0.000 
    8540    -0.003    -0.001 
    8550     0.900    -0.672 
    8560    -0.004    -0.001 
    8570    -0.005    -0.003 
    8580    -0.004    -0.001 
    8590    -0.004     0.004 
    8600    -0.004    -0.001 
    8610    -0.004    -0.001 
    8620    -0.004    -0.001 
    8630    -0.003    -0.001 
    8640    -0.003    -0.001 
    8650    -0.061     0.006 
    8660    -0.004    -0.000 
    8670    -0.004    -0.001 
    8680    -0.003    -0.000 
    8690    -0.015    -0.003 
    8700    -0.041    -0.009 
    8710    -0.004    -0.003 
    8720    -0.002    -0.000 
    8730    -0.004    -0.001 
    8740    -0.000     0.005 
    8750    -0.013     0.000 
    8760    -0.004    -0.002 
    8770    -0.006    -0.001 
    8780    -0.005    -0.005 
    8790    -0.001    -0.002 
    8800    -0.003    -0.001 
    8810    -0.006    -0.001 
    8820    -0.005    -0.001 
    8830    17.977    46.970 
    8840    -0.010     0.001 
    8850    -0.033    -0.018 
    8860    -0.004    -0.001 
    8870    -0.004    -0.001 
    8880    -0.003    -0.002 
    8890    -0.007    -0.003 
    8900    -0.011     0.022 
    8910    -0.004    -0.001 
    8920    -0.008     0.002 
    8930    -0.001    -0.001 
    8940    -0.004    -0.001 
    8950    -0.007     0.003 
    8960    -0.004    -0.001 
    8970    -0.004    -0.001 
    8980     0.001     0.000 
    8990    -0.004    -0.000 
    9000    -0.039     0.188 
    9010    -0.004    -0.001 
    9020    -0.003    -0.001 
    9030    -0.007    -0.001 
    9040    -0.004     0.002 
    9050    -0.007     0.006 
    9060    -0.002    -0.004 
    9070    -0.004    -0.001 
    9080    -0.003    -0.001 
    9090    -0.004    -0.001 
    9100    -0.006     0.002 
    9110    -0.004    -0.001 
    9120    -0.004    -0.001 
    9130    -0.005     0.000 
    9140    -0.003    -0.003 
    9150    -0.002    -0.005 
    9160    -0.005    -0.002 
    9170    -0.004    -0.002 
    9180    -0.005     0.000 
    9190    -0.037     0.033 
    9200    -0.005    -0.000 
    9210    -0.006    -0.003 
    9220    -0.002     0.002 
    9230    -0.005    -0.000 
    9240    -0.004    -0.002 
    9250    -0.007     0.004 
    9260    -0.008    -0.004 
    9270    -0.004    -0.001 
    9280     0.003     0.011 
    9290    -0.004    -0.001 
    9300    -0.023     0.011 
    9310    -0.004    -0.002 
    9320    -0.004    -0.001 
    9330    -0.008    -0.000 
    9340    -0.005    -0.004 
    9350    -0.007    -0.005 
    9360    -0.006    -0.006 
    9370    -0.004    -0.001 
    9380    -0.004    -0.002 
    9390    -0.005    -0.001 
    9400    -0.576     0.262 
    9410    -0.005    -0.003 
    9420    -0.003    -0.000 
    9430    50.579   -15.880 
    9440    -0.003     0.001 
    9450    -0.004     0.000 
    9460    -0.015    -0.004 
    9470    -0.004    -0.001 
    9480    -0.004    -0.002 
    9490    -0.007     0.010 
    9500    -0.004    -0.003 
    9510    -0.005    -0.001 
    9520    -0.019    -0.005 
    9530    -0.004    -0.001 
    9540    -0.003    -0.005 
    9550    -0.004    -0.004 
    9560     0.021     0.001 
    9570    -0.002    -0.001 
    9580    -0.001    -0.012 
    9590    -0.003    -0.001 
    9600    -0.004    -0.009 
    9610    -0.004    -0.001 
    9620     0.084     0.002 
    9630    -0.003    -0.003 
    9640    -0.004    -0.002 
    9650    -0.014    -0.007 
    9660    -0.004    -0.001 
    9670    -0.004    -0.001 
    9680    -0.002    -0.005 
    9690    -0.004    -0.002 
    9700     0.003     0.020 
    9710    -0.004    -0.001 
    9720    -0.006    -0.000 
    9730    -0.005    -0.001 
    9740    -0.000     0.005 
    9750     0.000    -0.007 
    9760    -0.004    -0.001 
    9770    -0.015    -0.010 
    9780    -0.004    -0.002 
    9790    -0.005    -0.004 
    9800    -0.003     0.003 
    9810     0.006    -0.005 
    9820    -0.004    -0.001 
    9830    -0.004    -0.001 
    9840    -0.006    -0.005 
    9850    -0.004    -0.003 
    9860    -0.003    -0.002 
    9870    -0.031     0.006 
    9880    -0.004    -0.002 
    9890     0.003    -0.051 
    9900    -0.005     0.005 
    9910    -0.002    -0.001 
    9920    -0.005    -0.004 
    9930    -0.004    -0.001 
    9940    -0.004    -0.001 
    9950    -0.004    -0.002 
    9960     0.001     0.006 
    9970    -0.004    -0.002 
    9980    -0.004    -0.000 
    9990     0.001    -0.002 
   10000    -0.083     0.015 
