       0   319.937   319.879 
      10   325.041   322.933 
      20   324.980   324.354 
      30   325.153   324.605 
      40   324.846   324.666 
      50   324.818   324.695 
      60   324.930   324.825 
      70   324.931   324.832 
      80   324.933   324.843 
      90   324.934   324.796 
     100   324.990   324.792 
     110   324.935   324.838 
     120   324.935   324.832 
     130   324.936   324.842 
     140   324.935   324.843 
     150   324.962   324.844 
     160   324.936   324.867 
     170   324.936   324.836 
     180   324.935   324.850 
     190   324.936   324.848 
     200   325.057   324.857 
     210   324.936   324.852 
     220   324.936   324.853 
     230   324.935   324.856 
     240   324.936   324.837 
     250   324.955   324.865 
     260   324.938   324.852 
     270   324.937   324.855 
     280   324.933   324.855 
     290   324.936   324.850 
     300   324.940   324.792 
     310   324.936   324.855 
     320   324.936   324.857 
     330   324.936   324.840 
     340   324.935   324.856 
     350   324.935   324.855 
     360   324.936   324.848 
     370   324.937   324.847 
     380   324.936   324.861 
     390   324.867   324.856 
     400   324.934   324.856 
     410   324.936   324.857 
     420   324.936   324.858 
     430   324.936   324.850 
     440   324.936   324.870 
     450   324.909   324.864 
     460   324.937   324.857 
     470   324.936   324.858 
     480   324.936   324.858 
     490   324.937   324.857 
     500   324.986   324.858 
     510   324.936   324.859 
     520   324.936   324.864 
     530   324.936   324.860 
     540   324.937   324.859 
     550   324.940   324.859 
     560   324.936   324.858 
     570   324.937   324.859 
     580   324.936   324.857 
     590   324.936   324.851 
     600   324.931   324.859 
     610   324.937   324.859 
     620   324.937   324.859 
     630   324.937   324.879 
     640   324.936   324.860 
     650   324.893   324.856 
     660   324.937   324.860 
     670   324.937   324.868 
     680   324.936   324.857 
     690   324.936   324.861 
     700   325.039   324.817 
     710   324.936   324.861 
     720   324.937   324.860 
     730   324.934   324.860 
     740   324.937   324.861 
     750   324.893   324.843 
     760   324.937   324.860 
     770   324.925   324.859 
     780   324.937   324.861 
     790   324.937   324.861 
     800   324.950   324.763 
     810   324.949   324.861 
     820   324.935   324.862 
     830   324.937   324.861 
     840   324.937   324.861 
     850   324.826   324.881 
     860   324.950   324.861 
     870   324.937   324.860 
     880   324.936   324.865 
     890   324.937   324.862 
     900   324.938   324.861 
     910   324.936   324.861 
     920   324.944   324.861 
     930   324.936   324.847 
     940   324.937   324.861 
     950   324.935   324.861 
     960   324.937   324.861 
     970   324.937   324.852 
     980   324.937   324.859 
     990   324.974   324.858 
    1000   324.937   324.862 
    1010   324.937   324.862 
    1020   324.937   324.862 
    1030   324.936   324.860 
    1040   324.937   324.862 
    1050   324.937   324.891 
    1060   324.952   324.862 
    1070   324.937   324.863 
    1080   324.936   324.858 
    1090   324.937   324.862 
    1100   324.944   324.877 
    1110   324.936   324.861 
    1120   324.937   324.862 
    1130   324.938   324.862 
    1140   324.937   324.862 
    1150   324.905   324.866 
    1160   324.937   324.865 
    1170   324.937   324.864 
    1180   324.936   324.865 
    1190   324.937   324.864 
    1200   324.924   324.876 
    1210   324.936   324.861 
    1220   324.937   324.864 
    1230   324.936   324.864 
    1240   324.937   324.864 
    1250   324.914   324.865 
    1260   324.936   324.866 
    1270   324.936   324.862 
    1280   324.929   324.864 
    1290   324.937   324.864 
    1300   325.016   324.898 
    1310   324.936   324.880 
    1320   324.937   324.862 
    1330   457.839   301.936 
    1340   324.937   324.864 
    1350   324.962   324.893 
    1360   324.937   324.863 
    1370   324.937   324.864 
    1380   324.932   324.864 
    1390   324.937   324.864 
    1400   324.938   324.866 
    1410   324.969   324.864 
    1420   324.937   324.865 
    1430   324.937   324.864 
    1440   324.937   324.864 
    1450   324.942   324.864 
    1460   324.936   324.864 
    1470   324.937   324.864 
    1480   324.936   324.864 
    1490   324.937   324.864 
    1500   324.939   324.898 
    1510   324.937   324.863 
    1520   324.937   324.864 
    1530   324.936   324.864 
    1540   324.937   324.864 
    1550   324.930   324.859 
    1560   324.957   324.864 
    1570   324.937   324.867 
    1580   324.936   324.867 
    1590   324.937   324.864 
    1600   325.182   324.866 
    1610   324.937   324.864 
    1620   324.937   324.864 
    1630   324.932   324.864 
    1640   324.937   324.864 
    1650   324.935   324.854 
    1660   324.937   324.863 
    1670   324.937   324.865 
    1680   324.936   324.865 
    1690   324.937   324.864 
    1700   325.121   324.874 
    1710   324.952   324.864 
    1720   324.936   324.864 
    1730   324.938   324.863 
    1740   324.937   324.864 
    1750   324.936   324.863 
    1760   324.937   324.865 
    1770   324.937   324.865 
    1780   324.936   324.865 
    1790   324.937   324.864 
    1800   324.942   324.874 
    1810   324.937   324.864 
    1820   324.937   324.865 
    1830   324.938   324.865 
    1840   324.937   324.865 
    1850   324.937   324.903 
    1860   324.951   324.865 
    1870   324.937   324.864 
    1880   324.937   324.866 
    1890   324.937   324.865 
    1900   324.932   324.865 
    1910   324.937   324.864 
    1920   324.937   324.865 
    1930   324.936   324.859 
    1940   324.936   324.865 
    1950   324.697   324.865 
    1960   324.937   324.866 
    1970   324.937   324.863 
    1980   324.936   324.856 
    1990   324.955   324.864 
    2000   324.935   324.865 
    2010   324.937   324.864 
    2020   324.937   324.867 
    2030   324.937   324.866 
    2040   324.937   324.865 
    2050   324.665   324.865 
    2060   324.937   324.866 
    2070   324.937   324.866 
    2080   324.936   324.867 
    2090   324.937   324.865 
    2100   324.932   324.865 
    2110   324.937   324.865 
    2120   324.937   324.866 
    2130   324.936   324.866 
    2140   324.937   324.865 
    2150   324.936   324.860 
    2160   324.937   324.865 
    2170   324.937   324.865 
    2180   324.933   324.865 
    2190   324.937   324.865 
    2200   324.936   324.868 
    2210   324.937   324.867 
    2220   324.937   324.865 
    2230   324.934   324.865 
    2240   324.937   324.865 
    2250   324.937   324.848 
    2260   324.937   324.865 
    2270   324.936   324.866 
    2280   324.929   324.866 
    2290   324.937   324.865 
    2300   324.934   324.904 
    2310   324.937   324.865 
    2320   324.937   324.866 
    2330   324.936   324.866 
    2340   324.937   324.866 
    2350   324.931   324.873 
    2360   324.937   324.866 
    2370   324.937   324.866 
    2380   324.931   324.866 
    2390   324.937   324.866 
    2400   325.090   324.933 
    2410   324.939   324.866 
    2420   324.936   324.866 
    2430   324.932   324.866 
    2440   324.937   324.866 
    2450   324.933   324.855 
    2460   324.954   324.866 
    2470   324.937   324.868 
    2480   324.936   324.864 
    2490   324.937   324.866 
    2500   324.939   324.841 
    2510   324.953   324.866 
    2520   324.937   324.867 
    2530   324.936   324.865 
    2540   324.960   324.866 
    2550   324.856   324.866 
    2560   324.937   324.865 
    2570   324.936   324.862 
    2580   324.938   324.858 
    2590   324.936   324.861 
    2600   325.007   324.820 
    2610   324.936   324.870 
    2620   324.936   324.872 
    2630   324.937   324.867 
    2640   324.936   324.871 
    2650   324.937   324.869 
    2660   324.936   324.871 
    2670   324.930   324.872 
    2680   324.937   324.870 
    2690   324.936   324.870 
    2700   324.937   324.875 
    2710   324.937   324.871 
    2720   324.936   324.870 
    2730   324.936   324.870 
    2740   324.936   324.869 
    2750   324.963   324.921 
    2760   324.936   324.870 
    2770   324.937   324.870 
    2780   324.941   324.870 
    2790   324.936   324.870 
    2800   324.940   324.864 
    2810   324.936   324.871 
    2820   324.936   324.870 
    2830   324.936   324.868 
    2840   324.936   324.871 
    2850   324.937   324.872 
    2860   324.936   324.870 
    2870   325.027   324.866 
    2880   324.936   324.871 
    2890   324.936   324.871 
    2900   324.937   324.875 
    2910   324.936   324.871 
    2920   324.937   324.871 
    2930   324.936   324.872 
    2940   324.968   324.870 
    2950   324.933   324.872 
    2960   324.936   324.872 
    2970   324.936   324.872 
    2980   324.936   324.854 
    2990   324.936   324.867 
    3000   324.952   324.836 
    3010   324.937   324.871 
    3020   324.936   324.871 
    3030   324.936   324.873 
    3040   324.834   324.870 
    3050   324.932   324.872 
    3060   324.936   324.872 
    3070   324.937   324.867 
    3080   324.936   324.896 
    3090   324.936   324.872 
    3100   324.998   324.916 
    3110   324.937   324.871 
    3120   324.936   324.871 
    3130   324.936   324.871 
    3140   324.936   324.871 
    3150   325.008   324.872 
    3160   324.936   324.874 
    3170   324.936   324.868 
    3180   324.936   324.873 
    3190   324.936   324.871 
    3200   324.938   324.871 
    3210   324.936   324.870 
    3220   324.936   324.871 
    3230   324.936   324.874 
    3240   324.936   324.890 
    3250   324.927   324.871 
    3260   324.936   324.869 
    3270   324.936   324.872 
    3280   324.936   324.874 
    3290   324.936   324.866 
    3300   324.899   324.869 
    3310   324.936   324.873 
    3320   324.936   324.859 
    3330   324.936   324.875 
    3340   324.936   324.863 
    3350   324.911   324.869 
    3360   324.936   324.872 
    3370   324.936   324.860 
    3380   324.936   324.874 
    3390   324.936   324.869 
    3400   325.053   324.925 
    3410   324.951   324.873 
    3420   324.936   324.877 
    3430   324.936   324.872 
    3440   324.936   324.882 
    3450   324.989   324.798 
    3460   324.936   324.874 
    3470   324.936   324.885 
    3480   324.934   324.897 
    3490   324.931   324.873 
    3500   324.840   324.877 
    3510   324.936   324.874 
    3520   324.936   324.873 
    3530   324.935   324.876 
    3540   324.884   324.873 
    3550   324.928   324.873 
    3560   324.936   324.875 
    3570   324.936   324.886 
    3580   324.936   324.872 
    3590   324.936   324.876 
    3600   325.045   324.839 
    3610   324.936   324.874 
    3620   324.935   324.871 
    3630   324.935   324.874 
    3640   324.935   324.874 
    3650   324.932   324.874 
    3660   324.936   324.875 
    3670   324.932   324.907 
    3680   324.936   324.876 
    3690   324.935   324.890 
    3700   324.981   324.775 
    3710   324.938   324.875 
    3720   324.939   324.874 
    3730   324.933   324.875 
    3740   324.936   324.874 
    3750   324.936   324.871 
    3760   324.937   324.873 
    3770   324.936   324.874 
    3780   324.938   324.875 
    3790   324.936   324.875 
    3800   324.936   324.870 
    3810   324.935   324.881 
    3820   324.935   324.873 
    3830   324.935   324.878 
    3840   324.935   324.867 
    3850   324.948   324.889 
    3860   324.935   324.875 
    3870   324.936   324.875 
    3880   324.941   324.976 
    3890   324.936   324.870 
    3900   324.928   324.891 
    3910   324.877   324.862 
    3920   324.936   324.873 
    3930   324.937   324.879 
    3940   324.935   324.876 
    3950   324.384   324.836 
    3960   324.935   324.884 
    3970   324.943   324.949 
    3980   324.935   324.880 
    3990   324.935   324.901 
    4000   324.944   324.882 
    4010   324.935   324.884 
    4020   324.935   324.880 
    4030   324.934   324.902 
    4040   324.898   324.879 
    4050   324.935   324.880 
    4060   324.935   324.880 
    4070   324.935   324.880 
    4080   324.935   324.880 
    4090   324.934   324.881 
    4100   324.931   324.881 
    4110   324.935   324.881 
    4120   324.935   324.881 
    4130   324.935   324.880 
    4140   324.935   324.883 
    4150   324.885   324.881 
    4160   324.935   324.883 
    4170   324.935   324.880 
    4180   324.935   324.895 
    4190   324.935   324.891 
    4200   325.017   324.942 
    4210   324.937   324.880 
    4220   324.935   324.880 
    4230   324.929   324.881 
    4240   324.935   324.881 
    4250   324.932   324.895 
    4260   324.962   324.881 
    4270   324.935   324.880 
    4280   324.935   324.880 
    4290   324.935   324.881 
    4300   324.935   324.887 
    4310   324.935   324.881 
    4320   324.935   324.884 
    4330   324.935   324.885 
    4340   324.935   324.881 
    4350   324.904   324.953 
    4360   324.935   324.881 
    4370   324.909   324.881 
    4380   324.935   324.882 
    4390   324.935   324.881 
    4400   324.937   324.887 
    4410   324.937   324.884 
    4420   324.935   324.881 
    4430   324.930   324.881 
    4440   324.935   324.881 
    4450   325.043   324.899 
    4460   324.944   324.881 
    4470   324.935   324.881 
    4480   324.935   324.877 
    4490   324.935   324.881 
    4500   324.928   324.879 
    4510   324.935   324.880 
    4520   324.935   324.882 
    4530   324.935   324.878 
    4540   324.934   324.881 
    4550   324.956   324.882 
    4560   324.936   324.880 
    4570   324.935   324.881 
    4580   324.935   324.883 
    4590   324.935   324.881 
    4600   324.610   324.881 
    4610   324.935   324.881 
    4620   324.935   324.882 
    4630   324.933   324.891 
    4640   324.933   324.882 
    4650   325.066   324.884 
    4660   324.935   324.883 
    4670   324.935   324.882 
    4680   324.932   324.881 
    4690   324.935   324.882 
    4700   324.776   324.883 
    4710   324.934   324.882 
    4720   324.934   324.883 
    4730   324.935   324.883 
    4740   324.935   324.883 
    4750   324.934   324.872 
    4760   324.935   324.883 
    4770   324.935   324.883 
    4780   324.935   324.886 
    4790   324.935   324.882 
    4800   325.511   324.880 
    4810   324.935   324.878 
    4820   324.935   324.882 
    4830   324.937   324.882 
    4840   324.935   324.883 
    4850   324.908   324.884 
    4860   324.935   324.886 
    4870   324.924   324.878 
    4880   324.936   324.883 
    4890   324.935   324.883 
    4900   324.934   324.888 
    4910   324.935   324.883 
    4920   324.935   324.883 
    4930   324.935   324.883 
    4940   324.935   324.883 
    4950   324.936   324.835 
    4960   324.935   324.883 
    4970   324.935   324.884 
    4980   324.935   324.883 
    4990   324.935   324.883 
    5000   324.966   324.888 
    5010   324.935   324.883 
    5020   324.935   324.883 
    5030   324.935   324.887 
    5040   324.934   324.882 
    5050   324.947   324.883 
    5060   324.935   324.882 
    5070   324.935   324.883 
    5080   324.935   324.887 
    5090   324.934   324.883 
    5100   324.981   324.883 
    5110   324.935   324.882 
    5120   324.935   324.883 
    5130   324.935   324.884 
    5140   324.935   324.883 
    5150   324.959   324.884 
    5160   324.935   324.884 
    5170   324.935   324.883 
    5180   324.938   324.883 
    5190   324.935   324.883 
    5200   324.934   324.889 
    5210   324.935   324.884 
    5220   324.934   324.883 
    5230   324.938   324.883 
    5240   324.935   324.883 
    5250   324.924   324.839 
    5260   324.936   324.883 
    5270   324.935   324.883 
    5280   324.935   324.883 
    5290   324.935   324.883 
    5300   324.938   324.833 
    5310   324.936   324.883 
    5320   324.935   324.883 
    5330   324.938   324.883 
    5340   324.935   324.883 
    5350   324.928   324.900 
    5360   324.936   324.884 
    5370   324.935   324.883 
    5380   324.935   324.886 
    5390   324.935   324.884 
    5400   324.924   324.883 
    5410   324.936   324.884 
    5420   324.935   324.883 
    5430   324.930   324.883 
    5440   324.935   324.883 
    5450   324.942   324.879 
    5460   324.935   324.883 
    5470   324.935   324.883 
    5480   324.934   324.893 
    5490   324.935   324.883 
    5500   324.941   324.883 
    5510   324.935   324.882 
    5520   324.935   324.883 
    5530   324.935   324.884 
    5540   324.935   324.883 
    5550   324.947   324.883 
    5560   324.937   324.883 
    5570   324.935   324.883 
    5580   324.935   324.883 
    5590   324.935   324.883 
    5600   324.912   324.858 
    5610   324.935   324.883 
    5620   324.935   324.883 
    5630   324.929   324.883 
    5640   324.935   324.883 
    5650   324.935   324.873 
    5660   324.935   324.883 
    5670   324.935   324.884 
    5680   324.935   324.884 
    5690   324.936   324.883 
    5700   324.935   324.882 
    5710   324.935   324.884 
    5720   324.935   324.883 
    5730   324.935   324.881 
    5740   324.935   324.883 
    5750   324.936   324.883 
    5760   324.935   324.883 
    5770   324.935   324.883 
    5780   324.935   324.890 
    5790   324.935   324.883 
    5800   324.789   324.885 
    5810   324.935   324.887 
    5820   324.935   324.882 
    5830   324.938   324.884 
    5840   324.935   324.883 
    5850   324.935   324.884 
    5860   324.935   324.884 
    5870   324.932   324.881 
    5880   324.937   324.884 
    5890   324.935   324.883 
    5900   324.936   324.883 
    5910   324.935   324.881 
    5920   324.935   324.883 
    5930   324.931   324.883 
    5940   324.935   324.884 
    5950   324.927   324.835 
    5960   324.953   324.883 
    5970   324.935   324.883 
    5980   324.935   324.883 
    5990   324.935   324.883 
    6000   324.928   324.876 
    6010   324.947   324.883 
    6020   324.935   324.883 
    6030   324.935   324.885 
    6040   324.935   324.883 
    6050   324.927   324.903 
    6060   324.948   324.883 
    6070   324.935   324.883 
    6080   324.935   324.884 
    6090   324.935   324.883 
    6100   324.652   324.879 
    6110   324.935   324.884 
    6120   324.935   324.883 
    6130   324.938   324.883 
    6140   324.935   324.883 
    6150   324.934   324.878 
    6160   324.935   324.886 
    6170   324.935   324.883 
    6180   324.934   324.880 
    6190   324.935   324.883 
    6200   324.924   324.869 
    6210   324.935   324.883 
    6220   324.935   324.883 
    6230   324.935   324.882 
    6240   324.935   324.883 
    6250   324.899   324.974 
    6260   324.935   324.884 
    6270   324.937   324.883 
    6280   324.932   324.883 
    6290   324.935   324.883 
    6300   324.935   324.890 
    6310   324.935   324.882 
    6320   324.935   324.883 
    6330   324.935   324.882 
    6340   324.935   324.883 
    6350   324.948   324.888 
    6360   324.936   324.882 
    6370   324.935   324.883 
    6380   324.939   324.883 
    6390   324.935   324.883 
    6400   324.936   324.976 
    6410   324.935   324.883 
    6420   324.935   324.883 
    6430   324.933   324.883 
    6440   324.935   324.883 
    6450   324.937   324.875 
    6460   324.963   324.883 
    6470   324.935   324.883 
    6480   324.935   324.884 
    6490   324.935   324.883 
    6500   324.958   324.883 
    6510   324.935   324.883 
    6520   324.935   324.883 
    6530   324.935   324.886 
    6540   324.935   324.883 
    6550   324.743   324.883 
    6560   324.936   324.883 
    6570   324.935   324.883 
    6580   324.935   324.883 
    6590   324.935   324.883 
    6600   324.940   324.919 
    6610   324.954   324.883 
    6620   324.935   324.883 
    6630   324.935   324.883 
    6640   324.935   324.883 
    6650   325.066   324.883 
    6660   324.935   324.883 
    6670   324.935   324.883 
    6680   324.935   324.879 
    6690   324.935   324.883 
    6700   324.939   324.883 
    6710   324.935   324.883 
    6720   324.935   324.883 
    6730   324.935   324.881 
    6740   324.935   324.883 
    6750   324.932   324.884 
    6760   324.935   324.883 
    6770   324.935   324.883 
    6780   324.935   324.882 
    6790   324.932   324.883 
    6800   324.983   324.889 
    6810   324.935   324.883 
    6820   324.935   324.883 
    6830   324.935   324.883 
    6840   324.935   324.883 
    6850   324.977   324.789 
    6860   324.934   324.889 
    6870   324.935   324.885 
    6880   324.936   324.883 
    6890   324.935   324.883 
    6900   324.935   324.894 
    6910   324.935   324.883 
    6920   324.935   324.883 
    6930   324.935   324.884 
    6940   324.936   324.883 
    6950   324.934   324.884 
    6960   324.935   324.883 
    6970   324.935   324.883 
    6980   324.935   324.880 
    6990   324.936   324.883 
    7000   324.940   324.883 
    7010   324.935   324.884 
    7020   324.935   324.883 
    7030   324.935   324.880 
    7040   324.935   324.883 
    7050   324.901   324.860 
    7060   324.954   324.883 
    7070   324.935   324.884 
    7080   324.935   324.885 
    7090   324.935   324.883 
    7100   324.936   324.914 
    7110   324.936   324.882 
    7120   324.935   324.883 
    7130   324.935   324.883 
    7140   324.935   324.883 
    7150   325.020   324.892 
    7160   324.950   324.883 
    7170   324.935   324.884 
    7180   324.935   324.883 
    7190   324.935   324.883 
    7200   325.057   324.883 
    7210   324.935   324.883 
    7220   324.935   324.883 
    7230   324.935   324.881 
    7240   324.935   324.883 
    7250   325.140   324.883 
    7260   324.935   324.884 
    7270   324.935   324.883 
    7280   324.935   324.863 
    7290   324.935   324.883 
    7300   324.935   324.883 
    7310   324.935   324.883 
    7320   324.935   324.884 
    7330   324.934   324.876 
    7340   324.933   324.883 
    7350   325.119   324.883 
    7360   324.935   324.883 
    7370   324.935   324.883 
    7380   324.935   324.879 
    7390   324.935   324.883 
    7400   324.936   324.883 
    7410   324.935   324.883 
    7420   324.935   324.883 
    7430   324.935   324.882 
    7440   324.935   324.883 
    7450   324.860   324.880 
    7460   324.935   324.881 
    7470   324.935   324.884 
    7480   324.938   324.883 
    7490   324.935   324.883 
    7500   324.950   324.811 
    7510   324.935   324.883 
    7520   324.934   324.884 
    7530   324.935   324.884 
    7540   324.935   324.883 
    7550   324.940   324.883 
    7560   324.935   324.883 
    7570   324.935   324.883 
    7580   324.935   324.870 
    7590   324.935   324.882 
    7600   324.936   324.884 
    7610   324.935   324.884 
    7620   324.935   324.883 
    7630   324.935   324.883 
    7640   324.935   324.883 
    7650   324.906   324.887 
    7660   324.935   324.884 
    7670   324.935   324.883 
    7680   324.935   324.878 
    7690   324.935   324.883 
    7700   324.934   324.883 
    7710   324.935   324.883 
    7720   324.935   324.883 
    7730   324.935   324.884 
    7740   324.935   324.883 
    7750   324.964   324.911 
    7760   324.935   324.883 
    7770   324.943   324.883 
    7780   324.932   324.885 
    7790   324.936   324.884 
    7800   324.943   324.884 
    7810   324.935   324.883 
    7820   324.935   324.883 
    7830   324.935   324.897 
    7840   324.935   324.883 
    7850   324.966   324.883 
    7860   324.935   324.883 
    7870   324.935   324.883 
    7880   324.935   324.886 
    7890   324.935   324.883 
    7900   325.035   324.875 
    7910   324.935   324.883 
    7920   324.935   324.883 
    7930   324.924   324.883 
    7940   324.935   324.883 
    7950   324.936   324.886 
    7960   324.935   324.883 
    7970   324.935   324.883 
    7980   324.935   324.884 
    7990   324.935   324.883 
    8000   325.295   324.885 
    8010   324.935   324.883 
    8020   324.935   324.883 
    8030   324.934   324.871 
    8040   324.935   324.883 
    8050   325.007   324.862 
    8060   324.930   324.879 
    8070   324.935   324.883 
    8080   324.935   324.885 
    8090   324.935   324.883 
    8100   324.872   324.932 
    8110   324.951   324.883 
    8120   324.935   324.883 
    8130   324.935   324.882 
    8140   324.935   324.883 
    8150   324.936   324.883 
    8160   324.935   324.883 
    8170   324.935   324.883 
    8180   324.935   324.879 
    8190   324.936   324.883 
    8200   324.935   324.883 
    8210   324.935   324.883 
    8220   324.935   324.883 
    8230   324.935   324.878 
    8240   324.933   324.883 
    8250   324.947   324.883 
    8260   324.935   324.883 
    8270   324.935   324.883 
    8280   324.935   324.884 
    8290   324.935   324.883 
    8300   325.023   324.874 
    8310   324.948   324.883 
    8320   324.935   324.883 
    8330   324.935   324.876 
    8340   324.935   324.883 
    8350   324.942   324.882 
    8360   324.935   324.883 
    8370   324.935   324.883 
    8380   324.936   324.836 
    8390   324.935   324.884 
    8400   324.911   324.840 
    8410   324.935   324.883 
    8420   324.941   324.883 
    8430   324.935   324.886 
    8440   324.932   324.883 
    8450   324.943   324.881 
    8460   324.936   324.884 
    8470   324.935   324.883 
    8480   324.935   324.883 
    8490   324.935   324.883 
    8500   324.951   324.889 
    8510   324.935   324.883 
    8520   324.935   324.883 
    8530   324.935   324.884 
    8540   324.935   324.883 
    8550   324.932   324.883 
    8560   324.935   324.884 
    8570   324.935   324.883 
    8580   324.934   324.878 
    8590   324.935   324.883 
    8600   324.919   324.888 
    8610   324.935   324.888 
    8620   324.935   324.884 
    8630   324.937   324.884 
    8640   324.935   324.883 
    8650   324.935   324.891 
    8660   324.936   324.884 
    8670   324.935   324.883 
    8680   324.935   324.882 
    8690   324.935   324.883 
    8700   324.938   324.845 
    8710   324.935   324.883 
    8720   324.935   324.883 
    8730   324.937   324.880 
    8740   324.935   324.884 
    8750   324.881   324.883 
    8760   324.935   324.883 
    8770   324.935   324.883 
    8780   324.935   324.887 
    8790   324.935   324.883 
    8800   325.248   324.883 
    8810   324.935   324.884 
    8820   324.935   324.883 
    8830   324.933   324.883 
    8840   324.935   324.883 
    8850   324.934   324.841 
    8860   324.936   324.884 
    8870   324.935   324.883 
    8880   324.933   324.883 
    8890   324.935   324.883 
    8900   324.935   324.890 
    8910   324.935   324.883 
    8920   324.935   324.883 
    8930   324.944   324.883 
    8940   324.935   324.883 
    8950   324.935   324.894 
    8960   324.935   324.882 
    8970   324.935   324.883 
    8980   324.935   324.887 
    8990   324.935   324.883 
    9000   324.753   324.884 
    9010   324.935   324.883 
    9020   324.935   324.883 
    9030   324.935   324.903 
    9040   324.935   324.883 
    9050   324.947   324.883 
    9060   324.935   324.884 
    9070   324.935   324.883 
    9080   324.934   324.872 
    9090   324.912   324.884 
    9100   324.930   324.883 
    9110   324.935   324.883 
    9120   324.935   324.883 
    9130   324.935   324.885 
    9140   324.935   324.884 
    9150   324.942   324.883 
    9160   324.935   324.883 
    9170   324.935   324.883 
    9180   324.935   324.883 
    9190   324.935   324.883 
    9200   325.037   324.883 
    9210   324.935   324.884 
    9220   324.935   324.883 
    9230   324.935   324.885 
    9240   324.935   324.883 
    9250   324.934   324.897 
    9260   324.935   324.883 
    9270   324.935   324.883 
    9280   324.935   324.884 
    9290   324.935   324.883 
    9300   324.970   324.884 
    9310   324.935   324.883 
    9320   324.935   324.883 
    9330   324.935   324.884 
    9340   324.935   324.883 
    9350   324.933   324.878 
    9360   324.935   324.884 
    9370   324.935   324.883 
    9380   324.936   324.883 
    9390   324.935   324.883 
    9400   324.940   324.880 
    9410   324.935   324.883 
    9420   324.935   324.883 
    9430   324.935   324.881 
    9440   324.935   324.883 
    9450   324.723   324.886 
    9460   324.935   324.885 
    9470   324.933   324.882 
    9480   324.938   324.884 
    9490   324.935   324.883 
    9500   324.928   324.879 
    9510   324.935   324.886 
    9520   324.935   324.883 
    9530   324.938   324.884 
    9540   324.935   324.884 
    9550   324.970   324.971 
    9560   324.955   324.883 
    9570   324.936   324.884 
    9580   324.935   324.884 
    9590   324.935   324.883 
    9600   325.018   324.889 
    9610   324.935   324.885 
    9620   324.935   324.884 
    9630   324.938   324.883 
    9640   324.935   324.883 
    9650   324.943   324.825 
    9660   324.954   324.883 
    9670   324.935   324.884 
    9680   324.935   324.884 
    9690   324.935   324.883 
    9700   324.945   324.883 
    9710   324.935   324.883 
    9720   324.935   324.883 
    9730   324.935   324.883 
    9740   324.935   324.883 
    9750   324.812   324.855 
    9760   324.935   324.883 
    9770   324.936   324.883 
    9780   324.935   324.888 
    9790   324.935   324.883 
    9800   324.999   324.883 
    9810   324.935   324.883 
    9820   324.935   324.883 
    9830   324.935   324.881 
    9840   324.936   324.883 
    9850   324.953   324.883 
    9860   324.935   324.883 
    9870   324.935   324.883 
    9880   324.934   324.898 
    9890   324.935   324.883 
    9900   324.936   324.883 
    9910   324.935   324.883 
    9920   324.935   324.883 
    9930   324.934   324.872 
    9940   324.927   324.884 
    9950   324.930   324.883 
    9960   324.935   324.883 
    9970   324.935   324.883 
    9980   324.935   324.872 
    9990   324.935   324.883 
   10000   324.935   324.883 
