       0   260.005   259.921 
      10   266.203   265.069 
      20   264.897   264.793 
      30   264.845   264.814 
      40   264.973   264.825 
      50   264.993   264.832 
      60   264.987   264.868 
      70   264.991   264.878 
      80   265.014   264.862 
      90   264.995   264.877 
     100   264.895   264.917 
     110   264.989   264.889 
     120   264.990   264.904 
     130   265.005   264.879 
     140   264.985   264.904 
     150   264.891   264.959 
     160   264.990   264.896 
     170   264.990   264.894 
     180   264.992   264.900 
     190   264.991   264.898 
     200   265.045   264.908 
     210   264.993   264.896 
     220   264.991   264.896 
     230   265.003   264.890 
     240   264.991   264.897 
     250   264.998   264.891 
     260   264.992   264.899 
     270   264.992   264.896 
     280   264.990   264.896 
     290   264.992   264.898 
     300   265.001   264.909 
     310   264.993   264.898 
     320   264.992   264.897 
     330   264.994   264.907 
     340   264.988   264.899 
     350   264.821   264.909 
     360   264.992   264.898 
     370   264.992   264.899 
     380   265.007   264.877 
     390   264.992   264.898 
     400   264.872   264.897 
     410   264.993   264.898 
     420   264.991   264.899 
     430   264.993   264.906 
     440   264.992   264.899 
     450   264.852   264.914 
     460   264.990   264.894 
     470   264.992   264.899 
     480   264.990   264.899 
     490   264.992   264.899 
     500   264.980   264.899 
     510   264.990   264.899 
     520   264.992   264.899 
     530   264.994   264.899 
     540   264.992   264.900 
     550   264.997   264.895 
     560   265.000   264.899 
     570   264.989   264.900 
     580   264.991   264.900 
     590   264.992   264.899 
     600   264.996   264.951 
     610   264.994   264.899 
     620   264.992   264.900 
     630   264.991   264.899 
     640   264.992   264.899 
     650   264.991   264.900 
     660   264.992   264.898 
     670   264.992   264.900 
     680   264.991   264.898 
     690   264.992   264.900 
     700   264.996   264.902 
     710   264.990   264.903 
     720   264.992   264.899 
     730   264.994   264.900 
     740   264.992   264.900 
     750   264.992   264.890 
     760   264.992   264.900 
     770   264.992   264.900 
     780   264.993   264.912 
     790   264.992   264.901 
     800   264.993   264.900 
     810   264.995   264.899 
     820   264.991   264.900 
     830   264.992   264.903 
     840   264.992   264.900 
     850   264.993   264.900 
     860   264.992   264.900 
     870   264.992   264.900 
     880   264.991   264.901 
     890   264.992   264.900 
     900   264.964   264.910 
     910   264.990   264.902 
     920   264.992   264.900 
     930   264.991   264.899 
     940   264.992   264.900 
     950   264.989   264.899 
     960   264.993   264.898 
     970   264.991   264.901 
     980   264.992   264.899 
     990   264.992   264.900 
    1000   264.987   264.895 
    1010   264.993   264.900 
    1020   264.992   264.900 
    1030   264.991   264.900 
    1040   264.992   264.899 
    1050   264.995   264.829 
    1060   264.992   264.900 
    1070   264.992   264.900 
    1080   264.993   264.900 
    1090   264.992   264.900 
    1100   265.009   264.911 
    1110   264.991   264.899 
    1120   264.992   264.900 
    1130   264.992   264.900 
    1140   264.992   264.900 
    1150   264.992   264.928 
    1160   264.993   264.899 
    1170   264.992   264.900 
    1180   264.990   264.900 
    1190   264.992   264.900 
    1200   264.995   264.963 
    1210   264.993   264.900 
    1220   264.992   264.900 
    1230   264.991   264.900 
    1240   264.991   264.899 
    1250   264.913   264.899 
    1260   264.992   264.900 
    1270   264.992   264.900 
    1280   264.992   264.901 
    1290   264.993   264.900 
    1300   264.994   264.900 
    1310   264.992   264.900 
    1320   264.992   264.900 
    1330   264.988   264.908 
    1340   264.992   264.900 
    1350   265.026   264.900 
    1360   264.992   264.900 
    1370   264.992   264.900 
    1380   264.989   264.900 
    1390   264.992   264.900 
    1400   264.984   264.918 
    1410   264.991   264.900 
    1420   264.993   264.900 
    1430   264.986   264.900 
    1440   264.992   264.900 
    1450   264.992   264.787 
    1460   264.992   264.900 
    1470   264.992   264.900 
    1480   264.991   264.899 
    1490   264.992   264.900 
    1500   264.976   264.885 
    1510   264.987   264.895 
    1520   264.993   264.900 
    1530   264.991   264.905 
    1540   264.992   264.899 
    1550   264.991   264.900 
    1560   264.992   264.900 
    1570   264.992   264.900 
    1580   264.991   264.900 
    1590   264.992   264.900 
    1600   265.189   265.011 
    1610   264.992   264.900 
    1620   264.992   264.900 
    1630   264.990   264.900 
    1640   264.992   264.900 
    1650   264.992   264.894 
    1660   264.992   264.900 
    1670   264.992   264.900 
    1680   264.992   264.900 
    1690   264.992   264.900 
    1700   265.061   264.898 
    1710   264.992   264.900 
    1720   264.992   264.900 
    1730   264.989   264.904 
    1740   264.992   264.899 
    1750   264.991   264.899 
    1760   264.992   264.901 
    1770   264.992   264.900 
    1780   264.994   264.900 
    1790   264.992   264.900 
    1800   264.991   264.899 
    1810   264.993   264.900 
    1820   264.992   264.900 
    1830   264.991   264.898 
    1840   264.992   264.900 
    1850   264.990   264.900 
    1860   264.992   264.900 
    1870   264.992   264.900 
    1880   264.991   264.900 
    1890   264.992   264.900 
    1900   264.985   264.898 
    1910   264.993   264.899 
    1920   264.992   264.900 
    1930   264.992   264.891 
    1940   264.992   264.900 
    1950   264.991   264.898 
    1960   264.992   264.900 
    1970   264.992   264.900 
    1980   264.994   264.900 
    1990   264.992   264.900 
    2000   264.899   264.898 
    2010   264.992   264.900 
    2020   264.992   264.900 
    2030   264.992   264.899 
    2040   264.992   264.900 
    2050   264.993   264.833 
    2060   264.992   264.900 
    2070   264.992   264.900 
    2080   264.992   264.899 
    2090   264.993   264.900 
    2100   265.127   264.902 
    2110   264.992   264.900 
    2120   264.992   264.900 
    2130   264.990   264.900 
    2140   264.992   264.900 
    2150   264.986   264.916 
    2160   265.001   264.900 
    2170   264.992   264.900 
    2180   264.988   264.900 
    2190   264.992   264.900 
    2200   264.997   264.897 
    2210   264.992   264.900 
    2220   264.992   264.900 
    2230   264.988   264.900 
    2240   264.992   264.900 
    2250   264.990   264.900 
    2260   264.992   264.900 
    2270   264.992   264.900 
    2280   264.991   264.899 
    2290   264.992   264.900 
    2300   264.992   264.896 
    2310   264.993   264.899 
    2320   264.992   264.900 
    2330   264.993   264.900 
    2340   264.992   264.900 
    2350   265.028   264.800 
    2360   264.992   264.899 
    2370   264.992   264.900 
    2380   264.991   264.903 
    2390   264.992   264.900 
    2400   264.971   264.901 
    2410   264.994   264.899 
    2420   264.992   264.900 
    2430   264.988   264.900 
    2440   264.992   264.900 
    2450   264.992   264.897 
    2460   264.992   264.900 
    2470   264.992   264.900 
    2480   264.990   264.893 
    2490   264.992   264.900 
    2500   265.016   264.898 
    2510   264.993   264.900 
    2520   264.992   264.899 
    2530   264.994   264.900 
    2540   264.992   264.899 
    2550   265.026   264.852 
    2560   264.992   264.900 
    2570   264.992   264.900 
    2580   264.990   264.904 
    2590   264.992   264.900 
    2600   264.922   264.893 
    2610   264.993   264.899 
    2620   264.992   264.900 
    2630   264.991   264.901 
    2640   264.992   264.900 
    2650   265.047   264.959 
    2660   264.992   264.900 
    2670   264.992   264.900 
    2680   264.991   264.899 
    2690   264.992   264.900 
    2700   264.972   264.900 
    2710   264.993   264.900 
    2720   264.992   264.900 
    2730   264.992   264.900 
    2740   264.992   264.900 
    2750   264.992   264.830 
    2760   264.992   264.900 
    2770   264.992   264.900 
    2780   264.991   264.901 
    2790   264.992   264.900 
    2800   265.032   264.955 
    2810   264.996   264.900 
    2820   264.990   264.899 
    2830   264.992   264.900 
    2840   264.992   264.900 
    2850   264.992   264.905 
    2860   264.992   264.900 
    2870   264.992   264.900 
    2880   264.993   264.897 
    2890   264.992   264.901 
    2900   264.989   264.900 
    2910   264.992   264.899 
    2920   264.992   264.900 
    2930   264.992   264.900 
    2940   264.992   264.900 
    2950   264.982   264.900 
    2960   264.992   264.900 
    2970   264.992   264.900 
    2980   264.992   264.900 
    2990   264.992   264.900 
    3000   264.990   264.902 
    3010   264.995   264.900 
    3020   264.991   264.899 
    3030   264.992   264.895 
    3040   264.992   264.900 
    3050   265.115   264.903 
    3060   264.992   264.900 
    3070   264.992   264.900 
    3080   264.987   264.874 
    3090   264.992   264.900 
    3100   264.980   264.900 
    3110   264.992   264.900 
    3120   264.992   264.900 
    3130   264.990   264.901 
    3140   264.992   264.900 
    3150   264.990   264.913 
    3160   264.992   264.901 
    3170   264.992   264.900 
    3180   264.991   264.900 
    3190   264.992   264.900 
    3200   265.016   264.940 
    3210   264.991   264.901 
    3220   264.992   264.900 
    3230   264.988   264.900 
    3240   264.992   264.900 
    3250   264.978   264.814 
    3260   264.992   264.900 
    3270   264.992   264.900 
    3280   264.991   264.900 
    3290   264.992   264.900 
    3300   264.992   264.894 
    3310   264.992   264.900 
    3320   264.992   264.900 
    3330   264.991   264.891 
    3340   264.992   264.900 
    3350   264.990   264.899 
    3360   264.992   264.900 
    3370   264.992   264.900 
    3380   264.991   264.900 
    3390   264.992   264.900 
    3400   265.001   264.893 
    3410   264.993   264.900 
    3420   264.992   264.900 
    3430   264.991   264.900 
    3440   264.992   264.900 
    3450   264.987   264.900 
    3460   264.992   264.900 
    3470   264.992   264.899 
    3480   264.988   264.900 
    3490   264.992   264.900 
    3500   264.863   264.782 
    3510   264.987   264.901 
    3520   264.992   264.900 
    3530   264.991   264.900 
    3540   264.992   264.900 
    3550   264.985   264.914 
    3560   264.992   264.903 
    3570   264.992   264.900 
    3580   264.991   264.900 
    3590   264.993   264.900 
    3600   264.818   264.899 
    3610   264.992   264.900 
    3620   264.992   264.900 
    3630   264.995   264.898 
    3640   264.992   264.899 
    3650   264.993   264.889 
    3660   264.990   264.896 
    3670   264.992   264.899 
    3680   264.991   264.900 
    3690   264.991   264.900 
    3700   264.825   264.904 
    3710   264.992   264.900 
    3720   264.992   264.900 
    3730   264.992   264.899 
    3740   264.993   264.900 
    3750   264.819   264.894 
    3760   264.992   264.900 
    3770   264.992   264.900 
    3780   264.989   264.901 
    3790   264.992   264.900 
    3800   265.053   264.900 
    3810   264.992   264.900 
    3820   264.992   264.900 
    3830   264.991   264.903 
    3840   264.992   264.899 
    3850   264.896   264.899 
    3860   264.992   264.900 
    3870   264.992   264.900 
    3880   264.991   264.900 
    3890   264.991   264.899 
    3900   264.986   264.899 
    3910   264.992   264.900 
    3920   264.992   264.900 
    3930   264.993   264.890 
    3940   264.992   264.896 
    3950   264.993   264.900 
    3960   264.992   264.900 
    3970   264.992   264.900 
    3980   264.991   264.898 
    3990   264.994   264.899 
    4000   264.994   264.894 
    4010   264.992   264.899 
    4020   264.992   264.900 
    4030   202.309   329.621 
    4040   264.992   264.900 
    4050   264.990   264.900 
    4060   264.997   264.900 
    4070   264.990   264.899 
    4080   264.992   264.898 
    4090   264.992   264.899 
    4100   264.990   264.899 
    4110   264.992   264.904 
    4120   264.992   264.900 
    4130   264.993   264.900 
    4140   264.992   264.900 
    4150   264.992   264.896 
    4160   264.993   264.900 
    4170   264.992   264.900 
    4180   264.987   264.900 
    4190   264.992   264.900 
    4200   264.991   264.888 
    4210   264.994   264.899 
    4220   264.992   264.900 
    4230   264.991   264.899 
    4240   264.992   264.899 
    4250   264.997   264.799 
    4260   264.993   264.900 
    4270   264.992   264.900 
    4280   264.991   264.898 
    4290   264.992   264.900 
    4300   265.016   264.959 
    4310   264.992   264.901 
    4320   264.992   264.900 
    4330   264.993   264.901 
    4340   264.992   264.900 
    4350   264.994   264.901 
    4360   264.995   264.900 
    4370   264.990   264.900 
    4380   264.991   264.900 
    4390   264.992   264.900 
    4400   265.013   264.897 
    4410   264.993   264.900 
    4420   264.992   264.900 
    4430   264.991   264.901 
    4440   264.992   264.900 
    4450   265.007   264.899 
    4460   264.993   264.900 
    4470   264.992   264.900 
    4480   264.993   264.900 
    4490   264.992   264.900 
    4500   264.992   264.904 
    4510   264.992   264.900 
    4520   264.992   264.900 
    4530   264.991   264.900 
    4540   264.992   264.900 
    4550   264.993   264.952 
    4560   264.992   264.900 
    4570   264.992   264.900 
    4580   264.994   264.900 
    4590   264.992   264.900 
    4600   264.994   264.900 
    4610   264.991   264.900 
    4620   264.992   264.900 
    4630   264.991   264.900 
    4640   264.992   264.900 
    4650   264.991   264.970 
    4660   264.992   264.900 
    4670   264.992   264.900 
    4680   264.991   264.897 
    4690   264.992   264.900 
    4700   264.997   264.896 
    4710   264.990   264.897 
    4720   264.993   264.900 
    4730   264.991   264.900 
    4740   264.992   264.900 
    4750   264.991   264.904 
    4760   264.992   264.900 
    4770   264.992   264.900 
    4780   264.991   264.898 
    4790   264.992   264.900 
    4800   264.990   264.907 
    4810   264.992   264.899 
    4820   264.992   264.900 
    4830   264.994   264.900 
    4840   264.992   264.900 
    4850   265.001   264.902 
    4860   264.994   264.900 
    4870   264.992   264.900 
    4880   264.994   264.900 
    4890   264.992   264.900 
    4900   264.999   264.923 
    4910   264.985   264.904 
    4920   264.992   264.900 
    4930   264.992   264.899 
    4940   264.992   264.900 
    4950   264.991   264.900 
    4960   264.992   264.900 
    4970   264.992   264.900 
    4980   264.993   264.900 
    4990   264.992   264.900 
    5000   265.001   264.928 
    5010   264.992   264.900 
    5020   264.992   264.900 
    5030   264.991   264.900 
    5040   264.992   264.900 
    5050   264.818   264.869 
    5060   264.994   264.900 
    5070   264.992   264.900 
    5080   264.988   264.900 
    5090   264.992   264.900 
    5100   264.994   264.890 
    5110   265.003   264.899 
    5120   264.997   264.900 
    5130   264.991   264.900 
    5140   264.992   264.900 
    5150   264.979   264.900 
    5160   264.993   264.900 
    5170   264.992   264.900 
    5180   264.991   264.900 
    5190   264.992   264.900 
    5200   264.990   264.832 
    5210   264.992   264.900 
    5220   264.992   264.900 
    5230   264.991   264.899 
    5240   264.992   264.900 
    5250   264.993   264.869 
    5260   264.992   264.900 
    5270   264.992   264.900 
    5280   264.992   264.900 
    5290   264.992   264.899 
    5300   265.037   264.899 
    5310   264.995   264.900 
    5320   264.992   264.900 
    5330   264.989   264.899 
    5340   264.992   264.900 
    5350   264.970   264.890 
    5360   264.994   264.899 
    5370   264.992   264.900 
    5380   264.992   264.900 
    5390   264.992   264.900 
    5400   264.992   264.907 
    5410   264.992   264.900 
    5420   264.992   264.900 
    5430   264.991   264.898 
    5440   264.992   264.899 
    5450   265.015   264.961 
    5460   264.990   264.898 
    5470   264.992   264.900 
    5480   264.991   264.900 
    5490   264.992   264.900 
    5500   264.992   264.860 
    5510   264.992   264.900 
    5520   264.992   264.900 
    5530   264.991   264.900 
    5540   264.992   264.900 
    5550   264.992   264.895 
    5560   264.992   264.900 
    5570   264.992   264.900 
    5580   264.991   264.903 
    5590   264.992   264.899 
    5600   265.024   264.900 
    5610   264.992   264.899 
    5620   264.992   264.900 
    5630   264.990   264.900 
    5640   264.992   264.900 
    5650   264.994   264.901 
    5660   264.992   264.900 
    5670   264.992   264.900 
    5680   264.991   264.900 
    5690   264.992   264.900 
    5700   264.972   264.679 
    5710   265.001   264.900 
    5720   264.985   264.900 
    5730   264.991   264.900 
    5740   264.992   264.900 
    5750   264.990   264.936 
    5760   264.992   264.900 
    5770   264.992   264.900 
    5780   264.992   264.900 
    5790   264.992   264.900 
    5800   264.980   264.905 
    5810   264.993   264.900 
    5820   264.992   264.900 
    5830   265.000   264.878 
    5840   264.992   264.900 
    5850   264.960   264.904 
    5860   264.997   264.900 
    5870   264.989   264.900 
    5880   264.991   264.900 
    5890   264.992   264.900 
    5900   264.989   264.897 
    5910   264.992   264.899 
    5920   264.992   264.900 
    5930   265.007   264.928 
    5940   264.992   264.900 
    5950   264.977   264.902 
    5960   264.992   264.900 
    5970   264.992   264.900 
    5980   264.990   264.898 
    5990   264.992   264.900 
    6000   265.014   264.930 
    6010   264.991   264.900 
    6020   264.992   264.900 
    6030   264.988   264.900 
    6040   264.992   264.900 
    6050   264.992   264.890 
    6060   264.992   264.900 
    6070   264.992   264.900 
    6080   264.992   264.900 
    6090   264.992   264.900 
    6100   264.993   264.900 
    6110   264.992   264.900 
    6120   264.992   264.900 
    6130   264.987   264.909 
    6140   264.992   264.900 
    6150   264.829   264.880 
    6160   264.992   264.900 
    6170   264.992   264.900 
    6180   264.992   264.900 
    6190   264.992   264.901 
    6200   264.990   264.950 
    6210   264.992   264.900 
    6220   264.992   264.900 
    6230   264.992   264.899 
    6240   264.993   264.900 
    6250   264.857   264.901 
    6260   264.992   264.900 
    6270   264.992   264.900 
    6280   264.991   264.900 
    6290   264.992   264.903 
    6300   264.994   264.901 
    6310   264.992   264.900 
    6320   264.992   264.900 
    6330   264.992   264.900 
    6340   264.992   264.899 
    6350   264.991   264.897 
    6360   265.003   264.900 
    6370   264.992   264.900 
    6380   264.988   264.900 
    6390   264.992   264.900 
    6400   264.992   264.903 
    6410   264.992   264.900 
    6420   264.992   264.900 
    6430   264.991   264.900 
    6440   264.992   264.900 
    6450   265.008   264.831 
    6460   264.996   264.900 
    6470   264.987   264.900 
    6480   264.991   264.900 
    6490   264.992   264.900 
    6500   264.991   264.893 
    6510   264.993   264.900 
    6520   264.992   264.900 
    6530   264.991   264.900 
    6540   264.991   264.900 
    6550   264.952   264.896 
    6560   264.992   264.900 
    6570   264.992   264.900 
    6580   264.991   264.902 
    6590   264.992   264.900 
    6600   264.991   264.900 
    6610   264.992   264.900 
    6620   264.992   264.900 
    6630   264.992   264.900 
    6640   264.992   264.900 
    6650   264.993   264.900 
    6660   264.992   264.900 
    6670   264.992   264.900 
    6680   264.992   264.900 
    6690   264.992   264.900 
    6700   265.014   264.896 
    6710   264.992   264.900 
    6720   264.992   264.900 
    6730   264.992   264.900 
    6740   264.992   264.900 
    6750   264.992   264.907 
    6760   264.992   264.900 
    6770   264.992   264.900 
    6780   264.991   264.900 
    6790   264.992   264.900 
    6800   264.994   264.833 
    6810   264.992   264.900 
    6820   264.992   264.900 
    6830   264.991   264.898 
    6840   264.992   264.900 
    6850   265.013   264.953 
    6860   264.992   264.900 
    6870   264.992   264.900 
    6880   264.993   264.900 
    6890   264.992   264.900 
    6900   265.008   265.070 
    6910   264.996   264.900 
    6920   264.992   264.900 
    6930   264.994   264.900 
    6940   264.992   264.900 
    6950   264.992   264.867 
    6960   264.992   264.900 
    6970   264.992   264.900 
    6980   264.991   264.899 
    6990   264.992   264.900 
    7000   264.997   264.904 
    7010   264.994   264.899 
    7020   264.992   264.900 
    7030   264.991   264.901 
    7040   264.992   264.900 
    7050   264.958   264.908 
    7060   264.992   264.902 
    7070   264.992   264.900 
    7080   264.988   264.900 
    7090   264.992   264.899 
    7100   264.990   264.916 
    7110   264.989   264.901 
    7120   264.992   264.900 
    7130   264.991   264.900 
    7140   264.991   264.900 
    7150   265.068   264.904 
    7160   264.992   264.900 
    7170   264.992   264.900 
    7180   264.994   264.900 
    7190   264.992   264.900 
    7200   264.994   264.904 
    7210   264.999   264.900 
    7220   264.986   264.899 
    7230   264.991   264.898 
    7240   264.992   264.899 
    7250   264.993   264.899 
    7260   264.992   264.900 
    7270   264.992   264.900 
    7280   264.991   264.894 
    7290   264.992   264.899 
    7300   264.843   264.869 
    7310   264.992   264.900 
    7320   264.992   264.900 
    7330   264.992   264.900 
    7340   264.992   264.900 
    7350   264.990   264.900 
    7360   264.992   264.900 
    7370   264.992   264.900 
    7380   264.991   264.898 
    7390   264.992   264.899 
    7400   264.993   264.899 
    7410   264.993   264.900 
    7420   264.992   264.900 
    7430   264.991   264.899 
    7440   264.992   264.900 
    7450   264.984   264.905 
    7460   264.996   264.900 
    7470   264.989   264.900 
    7480   264.990   264.902 
    7490   264.992   264.900 
    7500   264.950   264.886 
    7510   264.992   264.899 
    7520   264.992   264.900 
    7530   264.987   264.900 
    7540   264.992   264.900 
    7550   265.012   264.896 
    7560   264.992   264.900 
    7570   264.992   264.900 
    7580   264.988   264.915 
    7590   264.992   264.900 
    7600   264.803   264.891 
    7610   264.993   264.901 
    7620   264.992   264.900 
    7630   264.991   264.904 
    7640   264.992   264.900 
    7650   264.988   264.899 
    7660   264.993   264.900 
    7670   264.993   264.900 
    7680   264.991   264.903 
    7690   264.992   264.900 
    7700   264.988   264.902 
    7710   264.991   264.900 
    7720   264.992   264.900 
    7730   264.994   264.900 
    7740   264.992   264.900 
    7750   264.992   265.000 
    7760   264.992   264.899 
    7770   264.992   264.900 
    7780   264.991   264.902 
    7790   264.992   264.900 
    7800   264.858   264.900 
    7810   264.992   264.900 
    7820   264.992   264.900 
    7830   264.995   264.900 
    7840   264.992   264.900 
    7850   264.993   264.902 
    7860   264.992   264.900 
    7870   264.992   264.900 
    7880   264.994   264.906 
    7890   264.992   264.900 
    7900   264.843   264.915 
    7910   264.992   264.900 
    7920   264.992   264.900 
    7930   264.992   264.900 
    7940   264.992   264.900 
    7950   264.998   264.956 
    7960   264.992   264.900 
    7970   264.992   264.900 
    7980   264.994   264.901 
    7990   264.992   264.899 
    8000   264.995   264.900 
    8010   264.992   264.900 
    8020   264.992   264.900 
    8030   264.989   264.900 
    8040   264.992   264.900 
    8050   264.931   264.959 
    8060   264.993   264.899 
    8070   264.992   264.900 
    8080   264.991   264.900 
    8090   264.992   264.899 
    8100   265.000   264.875 
    8110   264.993   264.899 
    8120   264.992   264.900 
    8130   264.995   264.912 
    8140   264.992   264.900 
    8150   264.852   264.912 
    8160   264.989   264.903 
    8170   264.992   264.900 
    8180   264.995   264.900 
    8190   264.992   264.900 
    8200   264.993   264.904 
    8210   264.993   264.900 
    8220   264.992   264.900 
    8230   264.992   264.900 
    8240   264.993   264.899 
    8250   264.983   264.898 
    8260   264.992   264.900 
    8270   264.992   264.900 
    8280   264.991   264.900 
    8290   264.992   264.900 
    8300   264.992   264.889 
    8310   264.992   264.900 
    8320   264.992   264.900 
    8330   264.991   264.897 
    8340   264.992   264.900 
    8350   264.991   264.900 
    8360   264.992   264.900 
    8370   264.992   264.900 
    8380   264.991   264.899 
    8390   264.992   264.900 
    8400   264.985   264.900 
    8410   264.992   264.900 
    8420   264.992   264.900 
    8430   264.991   264.900 
    8440   264.992   264.900 
    8450   264.994   264.908 
    8460   264.992   264.900 
    8470   264.992   264.900 
    8480   264.990   264.913 
    8490   264.992   264.900 
    8500   264.984   264.899 
    8510   264.993   264.900 
    8520   264.992   264.900 
    8530   264.990   264.900 
    8540   264.992   264.900 
    8550   264.988   264.899 
    8560   264.991   264.899 
    8570   264.992   264.900 
    8580   264.988   264.900 
    8590   264.992   264.900 
    8600   264.992   264.903 
    8610   264.992   264.900 
    8620   264.992   264.900 
    8630   264.994   264.906 
    8640   264.992   264.900 
    8650   265.127   264.887 
    8660   264.992   264.900 
    8670   264.992   264.900 
    8680   264.991   264.900 
    8690   264.992   264.900 
    8700   264.995   264.908 
    8710   264.992   264.900 
    8720   264.992   264.900 
    8730   264.999   264.891 
    8740   264.992   264.900 
    8750   265.118   264.929 
    8760   264.992   264.900 
    8770   264.992   264.900 
    8780   264.991   264.899 
    8790   264.992   264.900 
    8800   264.992   264.918 
    8810   264.992   264.900 
    8820   264.992   264.900 
    8830   264.992   264.899 
    8840   264.992   264.900 
    8850   264.995   264.899 
    8860   264.992   264.900 
    8870   264.992   264.900 
    8880   264.989   264.900 
    8890   264.992   264.900 
    8900   265.007   264.882 
    8910   264.991   264.900 
    8920   264.991   264.900 
    8930   264.994   264.900 
    8940   264.992   264.900 
    8950   264.992   264.965 
    8960   264.992   264.899 
    8970   264.992   264.900 
    8980   264.991   264.897 
    8990   264.992   264.900 
    9000   265.057   264.900 
    9010   264.992   264.900 
    9020   264.992   264.900 
    9030   264.993   264.899 
    9040   264.992   264.900 
    9050   264.992   264.901 
    9060   265.023   264.901 
    9070   264.992   264.900 
    9080   264.991   264.899 
    9090   264.992   264.900 
    9100   265.011   264.895 
    9110   264.993   264.900 
    9120   264.992   264.900 
    9130   264.991   264.899 
    9140   264.992   264.900 
    9150   265.129   264.901 
    9160   264.992   264.900 
    9170   264.992   264.900 
    9180   264.992   264.902 
    9190   264.992   264.899 
    9200   264.989   264.896 
    9210   264.991   264.899 
    9220   264.993   264.900 
    9230   264.991   264.900 
    9240   264.992   264.900 
    9250   264.991   264.890 
    9260   264.991   264.900 
    9270   264.992   264.900 
    9280   264.991   264.899 
    9290   264.992   264.900 
    9300   264.984   264.898 
    9310   264.992   264.900 
    9320   264.992   264.900 
    9330   264.991   264.899 
    9340   264.992   264.900 
    9350   264.997   264.979 
    9360   264.992   264.900 
    9370   264.992   264.900 
    9380   264.991   264.900 
    9390   264.992   264.900 
    9400   264.990   264.842 
    9410   264.992   264.900 
    9420   264.992   264.900 
    9430   264.993   264.901 
    9440   264.992   264.900 
    9450   264.964   264.884 
    9460   264.995   264.899 
    9470   264.993   264.900 
    9480   264.988   264.896 
    9490   264.992   264.900 
    9500   265.091   264.879 
    9510   264.992   264.900 
    9520   264.992   264.900 
    9530   264.991   264.901 
    9540   264.992   264.900 
    9550   264.997   264.883 
    9560   264.991   264.899 
    9570   264.992   264.900 
    9580   264.988   264.900 
    9590   264.992   264.900 
    9600   264.992   264.893 
    9610   264.992   264.900 
    9620   264.992   264.900 
    9630   264.991   264.900 
    9640   264.992   264.900 
    9650   264.896   264.899 
    9660   264.992   264.900 
    9670   264.992   264.900 
    9680   264.993   264.899 
    9690   264.992   264.900 
    9700   265.010   264.854 
    9710   264.992   264.899 
    9720   264.992   264.900 
    9730   126.015   260.912 
    9740   264.992   264.900 
    9750   264.992   264.923 
    9760   264.992   264.900 
    9770   264.992   264.900 
    9780   264.991   264.900 
    9790   264.992   264.900 
    9800   264.989   264.884 
    9810   265.000   264.900 
    9820   264.993   264.900 
    9830   264.989   264.900 
    9840   264.992   264.900 
    9850   264.992   264.889 
    9860   264.992   264.900 
    9870   264.992   264.900 
    9880   264.988   264.899 
    9890   264.992   264.900 
    9900   264.992   264.891 
    9910   264.992   264.900 
    9920   264.992   264.900 
    9930   264.991   264.900 
    9940   264.992   264.900 
    9950   264.990   264.900 
    9960   264.992   264.900 
    9970   264.992   264.900 
    9980   264.991   264.899 
    9990   264.992   264.900 
   10000   264.992   264.900 
