       0   289.947   289.869 
      10   293.594   295.084 
      20   294.804   294.688 
      30   294.767   294.722 
      40   294.930   294.742 
      50   294.998   294.757 
      60   294.936   294.931 
      70   294.939   294.807 
      80   294.940   294.844 
      90   294.942   294.784 
     100   294.962   294.860 
     110   294.941   294.840 
     120   294.943   294.850 
     130   294.942   294.853 
     140   294.942   294.799 
     150   294.956   294.864 
     160   294.942   294.850 
     170   294.943   294.857 
     180   294.942   294.856 
     190   294.942   294.852 
     200   295.254   294.864 
     210   294.942   294.876 
     220   294.943   294.862 
     230   294.943   294.859 
     240   294.943   294.888 
     250   294.958   294.856 
     260   294.943   294.864 
     270   294.946   294.891 
     280   294.943   294.855 
     290   294.942   294.861 
     300   295.175   294.862 
     310   294.943   294.856 
     320   294.943   294.862 
     330   294.942   294.858 
     340   294.944   294.863 
     350   294.900   294.866 
     360   294.943   294.863 
     370   294.943   294.855 
     380   294.941   294.866 
     390   294.944   294.864 
     400   294.975   294.866 
     410   294.943   294.865 
     420   294.944   294.866 
     430   294.943   294.865 
     440   294.943   294.864 
     450   295.173   294.866 
     460   294.944   294.875 
     470   294.944   294.856 
     480   294.943   294.870 
     490   294.910   294.867 
     500   294.944   294.866 
     510   294.943   294.866 
     520   294.943   294.867 
     530   294.943   294.868 
     540   294.929   294.871 
     550   294.942   294.867 
     560   294.943   294.865 
     570   294.943   294.868 
     580   294.947   294.869 
     590   294.943   294.864 
     600   294.949   294.867 
     610   294.943   294.869 
     620   294.943   294.867 
     630   294.943   294.866 
     640   294.943   294.867 
     650   294.941   294.867 
     660   294.943   294.868 
     670   294.943   294.867 
     680   294.941   294.885 
     690   294.960   294.869 
     700   294.924   294.867 
     710   294.943   294.868 
     720   294.943   294.869 
     730   294.943   294.867 
     740   294.944   294.869 
     750   295.067   294.868 
     760   294.943   294.868 
     770   294.943   294.868 
     780   294.942   294.864 
     790   294.943   294.868 
     800   295.092   294.868 
     810   294.943   294.866 
     820   294.943   294.862 
     830   294.942   294.867 
     840   294.943   294.868 
     850   294.946   294.868 
     860   294.943   294.868 
     870   294.943   294.868 
     880   294.943   294.868 
     890   294.943   294.868 
     900   294.944   294.868 
     910   294.943   294.868 
     920   294.943   294.868 
     930   294.942   294.864 
     940   294.943   294.869 
     950   295.121   294.869 
     960   294.943   294.869 
     970   294.943   294.868 
     980   294.941   294.868 
     990   294.943   294.868 
    1000   294.942   294.868 
    1010   294.943   294.869 
    1020   294.943   294.869 
    1030   294.942   294.866 
    1040   294.943   294.869 
    1050   294.940   294.846 
    1060   294.943   294.868 
    1070   294.955   294.869 
    1080   294.942   294.869 
    1090   294.943   294.869 
    1100   294.943   294.875 
    1110   294.943   294.869 
    1120   294.943   294.869 
    1130   294.943   294.868 
    1140   294.944   294.868 
    1150   294.914   294.869 
    1160   294.943   294.869 
    1170   294.943   294.869 
    1180   294.943   294.867 
    1190   294.941   294.869 
    1200   294.943   294.865 
    1210   294.943   294.869 
    1220   294.943   294.868 
    1230   294.942   294.867 
    1240   294.943   294.869 
    1250   294.943   294.894 
    1260   294.943   294.869 
    1270   294.943   294.869 
    1280   294.942   294.869 
    1290   294.943   294.869 
    1300   294.980   294.931 
    1310   294.944   294.869 
    1320   294.942   294.869 
    1330   294.942   294.869 
    1340   294.943   294.869 
    1350   294.939   294.858 
    1360   294.944   294.870 
    1370   294.943   294.869 
    1380   294.943   294.869 
    1390   294.943   294.869 
    1400   294.943   294.875 
    1410   294.944   294.869 
    1420   294.943   294.869 
    1430   294.942   294.869 
    1440   294.943   294.869 
    1450   294.946   294.862 
    1460   294.942   294.870 
    1470   294.942   294.869 
    1480   294.941   294.870 
    1490   294.943   294.869 
    1500   294.945   294.870 
    1510   294.943   294.869 
    1520   294.943   294.869 
    1530   294.941   294.869 
    1540   294.943   294.869 
    1550   294.943   294.875 
    1560   294.944   294.869 
    1570   294.943   294.869 
    1580   294.942   294.868 
    1590   294.943   294.869 
    1600   294.968   294.871 
    1610   294.943   294.869 
    1620   294.943   294.869 
    1630   294.942   294.869 
    1640   294.943   294.869 
    1650   294.956   294.947 
    1660   294.944   294.869 
    1670   294.943   294.869 
    1680   294.942   294.869 
    1690   294.943   294.869 
    1700   294.938   294.876 
    1710   294.942   294.867 
    1720   294.943   294.869 
    1730   294.942   294.870 
    1740   294.943   294.869 
    1750   294.944   294.869 
    1760   294.943   294.869 
    1770   294.943   294.869 
    1780   294.941   294.865 
    1790   294.943   294.869 
    1800   294.932   294.853 
    1810   294.942   294.869 
    1820   294.943   294.869 
    1830   294.940   294.869 
    1840   294.943   294.869 
    1850   294.943   294.870 
    1860   294.943   294.869 
    1870   294.943   294.869 
    1880   294.942   294.868 
    1890   294.943   294.870 
    1900   294.944   294.869 
    1910   294.943   294.869 
    1920   294.943   294.869 
    1930   294.940   294.866 
    1940   294.943   294.869 
    1950   294.938   294.867 
    1960   294.956   294.869 
    1970   294.943   294.870 
    1980   294.942   294.869 
    1990   294.943   294.867 
    2000   295.183   294.871 
    2010   294.943   294.868 
    2020   294.943   294.869 
    2030   294.943   294.868 
    2040   294.943   294.869 
    2050   294.943   294.869 
    2060   294.952   294.869 
    2070   294.943   294.869 
    2080   294.942   294.870 
    2090   294.943   294.869 
    2100   294.944   294.828 
    2110   294.943   294.869 
    2120   294.943   294.869 
    2130   294.942   294.868 
    2140   294.943   294.869 
    2150   294.947   294.924 
    2160   294.943   294.869 
    2170   294.943   294.869 
    2180   294.942   294.869 
    2190   294.943   294.869 
    2200   294.946   294.906 
    2210   294.943   294.869 
    2220   294.943   294.869 
    2230   294.942   294.869 
    2240   294.943   294.870 
    2250   295.124   294.886 
    2260   294.944   294.869 
    2270   294.943   294.869 
    2280   294.940   294.869 
    2290   294.943   294.869 
    2300   294.942   294.898 
    2310   294.944   294.869 
    2320   294.943   294.869 
    2330   294.942   294.869 
    2340   294.943   294.869 
    2350   294.935   294.865 
    2360   294.943   294.869 
    2370   294.943   294.869 
    2380   294.942   294.871 
    2390   294.943   294.869 
    2400   294.942   294.869 
    2410   294.943   294.869 
    2420   294.943   294.869 
    2430   294.942   294.868 
    2440   294.943   294.869 
    2450   294.946   294.870 
    2460   294.944   294.869 
    2470   294.943   294.869 
    2480   294.941   294.876 
    2490   294.942   294.869 
    2500   294.944   294.870 
    2510   294.943   294.869 
    2520   294.943   294.869 
    2530   294.944   294.869 
    2540   294.943   294.869 
    2550   294.943   294.880 
    2560   294.943   294.869 
    2570   294.943   294.869 
    2580   294.942   294.871 
    2590   294.943   294.869 
    2600   294.950   294.869 
    2610   294.943   294.869 
    2620   294.943   294.869 
    2630   294.942   294.871 
    2640   294.943   294.869 
    2650   294.941   294.849 
    2660   294.943   294.869 
    2670   294.943   294.869 
    2680   294.942   294.865 
    2690   294.943   294.869 
    2700   295.043   294.869 
    2710   294.943   294.869 
    2720   294.942   294.869 
    2730   294.942   294.867 
    2740   294.943   294.869 
    2750   294.902   294.910 
    2760   294.942   294.866 
    2770   294.943   294.870 
    2780   294.942   294.869 
    2790   294.943   294.869 
    2800   294.875   294.870 
    2810   294.944   294.869 
    2820   294.943   294.869 
    2830   294.942   294.863 
    2840   294.943   294.869 
    2850   294.929   294.869 
    2860   294.943   294.869 
    2870   294.943   294.869 
    2880   294.938   294.856 
    2890   294.943   294.869 
    2900   294.921   294.870 
    2910   294.943   294.869 
    2920   294.943   294.869 
    2930   294.943   294.868 
    2940   294.943   294.869 
    2950   294.923   294.864 
    2960   294.942   294.868 
    2970   294.943   294.869 
    2980   294.942   294.869 
    2990   294.943   294.869 
    3000   294.973   294.825 
    3010   294.945   294.869 
    3020   294.943   294.869 
    3030   294.942   294.868 
    3040   294.943   294.869 
    3050   294.947   294.871 
    3060   294.943   294.872 
    3070   294.943   294.869 
    3080   294.942   294.868 
    3090   294.943   294.869 
    3100   294.947   294.881 
    3110   294.943   294.869 
    3120   294.943   294.869 
    3130   294.942   294.869 
    3140   294.943   294.869 
    3150   294.953   294.848 
    3160   294.944   294.870 
    3170   294.943   294.869 
    3180   294.942   294.867 
    3190   294.943   294.870 
    3200   294.937   294.870 
    3210   294.943   294.869 
    3220   294.943   294.869 
    3230   294.943   294.867 
    3240   294.943   294.869 
    3250   294.938   294.869 
    3260   294.943   294.869 
    3270   294.943   294.869 
    3280   294.942   294.869 
    3290   294.943   294.869 
    3300   294.940   294.976 
    3310   294.944   294.870 
    3320   294.943   294.869 
    3330   294.942   294.869 
    3340   294.943   294.869 
    3350   294.940   294.866 
    3360   294.944   294.868 
    3370   294.944   294.869 
    3380   294.942   294.869 
    3390   294.943   294.869 
    3400   294.943   294.860 
    3410   294.943   294.869 
    3420   294.943   294.869 
    3430   294.942   294.872 
    3440   294.943   294.869 
    3450   294.955   294.872 
    3460   294.943   294.869 
    3470   294.943   294.869 
    3480   294.942   294.877 
    3490   294.943   294.869 
    3500   294.852   294.869 
    3510   294.943   294.869 
    3520   294.943   294.869 
    3530   294.944   294.859 
    3540   294.943   294.868 
    3550   294.949   294.870 
    3560   294.943   294.867 
    3570   294.943   294.869 
    3580   294.943   294.873 
    3590   294.943   294.869 
    3600   295.091   294.867 
    3610   294.944   294.871 
    3620   294.943   294.869 
    3630   294.935   294.869 
    3640   294.943   294.869 
    3650   294.942   294.869 
    3660   294.943   294.869 
    3670   294.943   294.869 
    3680   294.942   294.871 
    3690   294.943   294.869 
    3700   294.936   294.876 
    3710   294.941   294.866 
    3720   294.943   294.869 
    3730   294.944   294.869 
    3740   294.943   294.869 
    3750   294.945   294.907 
    3760   294.943   294.869 
    3770   294.943   294.869 
    3780   294.944   294.869 
    3790   294.943   294.869 
    3800   294.942   294.862 
    3810   294.943   294.869 
    3820   294.943   294.869 
    3830   294.942   294.874 
    3840   294.943   294.869 
    3850   294.942   294.869 
    3860   294.943   294.867 
    3870   294.943   294.872 
    3880   294.943   294.870 
    3890   294.943   294.869 
    3900   294.900   294.884 
    3910   294.943   294.869 
    3920   294.943   294.869 
    3930   294.942   294.868 
    3940   294.943   294.869 
    3950   294.957   294.863 
    3960   294.945   294.869 
    3970   294.943   294.869 
    3980   294.940   294.867 
    3990   294.943   294.869 
    4000   294.937   294.866 
    4010   294.943   294.870 
    4020   294.949   294.873 
    4030   294.942   294.871 
    4040   294.943   294.869 
    4050   294.908   294.884 
    4060   294.930   294.878 
    4070   294.944   294.871 
    4080   294.941   294.869 
    4090   294.943   294.869 
    4100   294.943   294.870 
    4110   294.943   294.869 
    4120   294.943   294.869 
    4130   294.943   294.869 
    4140   294.943   294.870 
    4150   294.944   294.875 
    4160   294.943   294.869 
    4170   294.943   294.869 
    4180   294.942   294.871 
    4190   294.943   294.869 
    4200   294.978   294.871 
    4210   294.944   294.870 
    4220   294.943   294.869 
    4230   294.940   294.865 
    4240   294.943   294.869 
    4250   294.869   294.825 
    4260   294.943   294.869 
    4270   294.943   294.869 
    4280   294.943   294.866 
    4290   294.943   294.869 
    4300   294.944   294.869 
    4310   294.943   294.869 
    4320   294.943   294.869 
    4330   294.941   294.870 
    4340   294.943   294.869 
    4350   294.927   294.874 
    4360   294.942   294.866 
    4370   294.943   294.869 
    4380   294.942   294.869 
    4390   294.943   294.869 
    4400   294.944   294.872 
    4410   294.943   294.871 
    4420   294.943   294.869 
    4430   294.941   294.870 
    4440   294.943   294.869 
    4450   294.930   294.877 
    4460   294.942   294.868 
    4470   294.943   294.869 
    4480   294.942   294.869 
    4490   294.943   294.870 
    4500   295.019   294.896 
    4510   294.957   294.869 
    4520   294.943   294.869 
    4530   294.942   294.869 
    4540   294.943   294.869 
    4550   294.974   294.867 
    4560   294.943   294.868 
    4570   294.943   294.869 
    4580   294.941   294.868 
    4590   294.943   294.869 
    4600   294.933   294.851 
    4610   294.942   294.870 
    4620   294.943   294.869 
    4630   294.942   294.869 
    4640   294.943   294.869 
    4650   294.943   294.815 
    4660   294.943   294.869 
    4670   294.943   294.869 
    4680   294.941   294.869 
    4690   294.943   294.869 
    4700   294.903   294.876 
    4710   294.942   294.870 
    4720   294.943   294.869 
    4730   294.942   294.869 
    4740   294.943   294.869 
    4750   294.925   294.914 
    4760   294.942   294.869 
    4770   294.943   294.869 
    4780   294.942   294.866 
    4790   294.943   294.870 
    4800   294.926   294.872 
    4810   294.943   294.869 
    4820   294.943   294.869 
    4830   294.942   294.869 
    4840   294.943   294.869 
    4850   294.985   294.825 
    4860   294.952   294.869 
    4870   294.938   294.869 
    4880   294.942   294.869 
    4890   294.943   294.869 
    4900   294.911   294.868 
    4910   294.944   294.870 
    4920   294.943   294.869 
    4930   294.941   294.884 
    4940   294.943   294.869 
    4950   294.945   294.869 
    4960   294.943   294.869 
    4970   294.943   294.869 
    4980   294.942   294.871 
    4990   294.943   294.869 
    5000   295.040   294.909 
    5010   294.953   294.869 
    5020   294.941   294.869 
    5030   294.942   294.869 
    5040   294.943   294.869 
    5050   294.940   294.868 
    5060   294.943   294.869 
    5070   294.943   294.869 
    5080   294.935   294.842 
    5090   294.943   294.870 
    5100   295.091   294.870 
    5110   294.943   294.870 
    5120   294.943   294.869 
    5130   294.942   294.870 
    5140   294.943   294.869 
    5150   294.947   294.870 
    5160   294.944   294.869 
    5170   294.943   294.869 
    5180   294.942   294.865 
    5190   294.943   294.869 
    5200   294.931   294.869 
    5210   294.943   294.869 
    5220   294.943   294.869 
    5230   294.940   294.843 
    5240   294.941   294.869 
    5250   294.923   294.869 
    5260   294.943   294.869 
    5270   294.943   294.869 
    5280   294.942   294.870 
    5290   294.943   294.869 
    5300   294.938   294.869 
    5310   294.943   294.869 
    5320   294.942   294.869 
    5330   294.942   294.869 
    5340   294.943   294.869 
    5350   294.974   294.866 
    5360   294.943   294.869 
    5370   294.943   294.869 
    5380   294.942   294.866 
    5390   294.943   294.869 
    5400   294.943   294.869 
    5410   294.943   294.870 
    5420   294.943   294.869 
    5430   294.942   294.870 
    5440   294.943   294.869 
    5450   294.888   294.864 
    5460   294.943   294.869 
    5470   294.943   294.869 
    5480   294.942   294.869 
    5490   294.943   294.869 
    5500   294.992   294.868 
    5510   294.943   294.869 
    5520   294.943   294.869 
    5530   294.943   294.869 
    5540   294.943   294.870 
    5550   295.006   294.788 
    5560   294.921   294.875 
    5570   294.943   294.869 
    5580   294.942   294.868 
    5590   294.943   294.869 
    5600   294.989   294.841 
    5610   294.942   294.869 
    5620   294.941   294.869 
    5630   294.944   294.869 
    5640   294.943   294.869 
    5650   294.943   294.846 
    5660   294.943   294.869 
    5670   294.943   294.869 
    5680   294.942   294.869 
    5690   294.943   294.869 
    5700   294.936   294.862 
    5710   294.943   294.869 
    5720   294.943   294.869 
    5730   294.942   294.869 
    5740   294.943   294.869 
    5750   294.978   294.869 
    5760   294.943   294.869 
    5770   294.943   294.869 
    5780   294.942   294.862 
    5790   294.943   294.869 
    5800   295.049   294.870 
    5810   294.943   294.868 
    5820   294.943   294.869 
    5830   294.935   294.890 
    5840   294.943   294.869 
    5850   294.945   294.869 
    5860   294.943   294.869 
    5870   294.943   294.869 
    5880   294.943   294.871 
    5890   294.943   294.869 
    5900   294.945   294.869 
    5910   294.943   294.868 
    5920   294.943   294.869 
    5930   294.942   294.867 
    5940   294.943   294.869 
    5950   294.873   294.875 
    5960   294.942   294.870 
    5970   294.943   294.869 
    5980   294.942   294.869 
    5990   294.943   294.869 
    6000   294.945   294.828 
    6010   294.943   294.868 
    6020   294.943   294.869 
    6030   294.940   294.870 
    6040   294.943   294.869 
    6050   294.943   294.871 
    6060   294.944   294.869 
    6070   294.943   294.869 
    6080   294.942   294.871 
    6090   294.942   294.869 
    6100   294.946   294.876 
    6110   294.943   294.869 
    6120   294.943   294.869 
    6130   294.950   294.885 
    6140   294.943   294.870 
    6150   294.942   294.870 
    6160   294.943   294.872 
    6170   294.943   294.869 
    6180   294.943   294.869 
    6190   294.943   294.869 
    6200   294.944   294.869 
    6210   294.943   294.870 
    6220   294.943   294.869 
    6230   294.944   294.870 
    6240   294.943   294.869 
    6250   294.953   294.869 
    6260   294.943   294.869 
    6270   294.943   294.869 
    6280   294.939   294.869 
    6290   294.943   294.869 
    6300   294.939   294.872 
    6310   294.944   294.870 
    6320   294.943   294.869 
    6330   294.937   294.869 
    6340   294.943   294.869 
    6350   294.935   294.881 
    6360   294.943   294.869 
    6370   294.943   294.869 
    6380   294.942   294.868 
    6390   294.942   294.869 
    6400   294.947   294.867 
    6410   294.943   294.869 
    6420   294.943   294.869 
    6430   294.943   294.881 
    6440   294.943   294.867 
    6450   294.944   294.869 
    6460   294.943   294.869 
    6470   294.943   294.869 
    6480   294.942   294.867 
    6490   294.943   294.869 
    6500   294.956   294.868 
    6510   294.943   294.869 
    6520   294.943   294.869 
    6530   294.940   294.885 
    6540   294.944   294.869 
    6550   294.943   294.869 
    6560   294.943   294.869 
    6570   294.943   294.869 
    6580   294.943   294.874 
    6590   294.943   294.868 
    6600   294.944   294.869 
    6610   294.943   294.869 
    6620   294.943   294.869 
    6630   294.941   294.869 
    6640   294.943   294.869 
    6650   294.942   294.876 
    6660   294.943   294.870 
    6670   294.943   294.869 
    6680   294.943   294.850 
    6690   294.943   294.869 
    6700   294.948   294.870 
    6710   294.943   294.869 
    6720   294.943   294.869 
    6730   294.942   294.869 
    6740   294.943   294.869 
    6750   294.945   294.879 
    6760   294.943   294.869 
    6770   294.943   294.869 
    6780   294.942   294.869 
    6790   294.943   294.869 
    6800   294.952   294.869 
    6810   294.943   294.868 
    6820   294.943   294.869 
    6830   294.942   294.870 
    6840   294.943   294.869 
    6850   294.934   294.870 
    6860   294.944   294.870 
    6870   294.943   294.869 
    6880   294.938   294.877 
    6890   294.943   294.869 
    6900   294.944   294.869 
    6910   294.943   294.869 
    6920   294.943   294.869 
    6930   294.941   294.868 
    6940   294.943   294.869 
    6950   294.932   294.873 
    6960   294.942   294.867 
    6970   294.943   294.869 
    6980   294.939   294.869 
    6990   294.943   294.869 
    7000   294.943   294.856 
    7010   294.943   294.869 
    7020   294.943   294.869 
    7030   294.942   294.866 
    7040   294.943   294.869 
    7050   294.942   294.871 
    7060   294.943   294.869 
    7070   294.943   294.869 
    7080   294.938   294.869 
    7090   294.943   294.869 
    7100   294.943   294.880 
    7110   294.943   294.869 
    7120   294.943   294.869 
    7130   294.942   294.868 
    7140   294.943   294.870 
    7150   294.942   294.869 
    7160   294.943   294.869 
    7170   294.943   294.869 
    7180   294.943   294.858 
    7190   294.943   294.869 
    7200   295.299   294.870 
    7210   294.943   294.869 
    7220   294.943   294.869 
    7230   294.944   294.869 
    7240   294.943   294.869 
    7250   294.938   294.880 
    7260   294.944   294.871 
    7270   294.943   294.869 
    7280   294.936   294.869 
    7290   294.943   294.869 
    7300   294.936   294.843 
    7310   294.943   294.870 
    7320   294.943   294.869 
    7330   294.942   294.869 
    7340   294.943   294.869 
    7350   294.941   294.918 
    7360   294.943   294.870 
    7370   294.943   294.869 
    7380   294.942   294.869 
    7390   294.943   294.869 
    7400   294.861   294.872 
    7410   294.942   294.871 
    7420   294.943   294.869 
    7430   294.942   294.869 
    7440   294.943   294.870 
    7450   294.942   294.869 
    7460   294.943   294.868 
    7470   294.943   294.870 
    7480   294.942   294.870 
    7490   294.943   294.869 
    7500   294.920   294.871 
    7510   294.944   294.869 
    7520   294.943   294.869 
    7530   294.934   294.876 
    7540   294.943   294.869 
    7550   295.086   294.894 
    7560   294.955   294.869 
    7570   294.941   294.869 
    7580   294.942   294.870 
    7590   294.943   294.869 
    7600   294.938   294.873 
    7610   294.943   294.868 
    7620   294.943   294.869 
    7630   294.942   294.869 
    7640   294.943   294.869 
    7650   294.942   294.889 
    7660   294.942   294.869 
    7670   294.943   294.869 
    7680   294.943   294.870 
    7690   294.943   294.869 
    7700   294.963   294.792 
    7710   294.943   294.869 
    7720   294.943   294.869 
    7730   294.945   294.869 
    7740   294.943   294.869 
    7750   294.942   294.865 
    7760   294.943   294.869 
    7770   294.944   294.868 
    7780   294.941   294.869 
    7790   294.943   294.869 
    7800   294.942   294.917 
    7810   294.943   294.869 
    7820   294.943   294.869 
    7830   294.941   294.874 
    7840   294.943   294.869 
    7850   294.942   294.866 
    7860   294.951   294.869 
    7870   294.943   294.869 
    7880   294.942   294.868 
    7890   294.943   294.869 
    7900   294.936   294.869 
    7910   294.943   294.869 
    7920   294.943   294.869 
    7930   294.942   294.875 
    7940   294.943   294.869 
    7950   294.942   294.868 
    7960   294.943   294.869 
    7970   294.943   294.869 
    7980   294.943   294.869 
    7990   294.943   294.869 
    8000   294.940   294.881 
    8010   294.944   294.869 
    8020   294.943   294.869 
    8030   294.940   294.866 
    8040   294.943   294.869 
    8050   294.993   294.893 
    8060   294.942   294.870 
    8070   294.943   294.869 
    8080   294.942   294.869 
    8090   294.943   294.869 
    8100   294.937   294.866 
    8110   294.943   294.865 
    8120   294.943   294.870 
    8130   294.942   294.870 
    8140   294.943   294.869 
    8150   294.950   294.844 
    8160   294.943   294.869 
    8170   294.943   294.869 
    8180   294.943   294.868 
    8190   294.943   294.869 
    8200   294.773   294.840 
    8210   294.938   294.871 
    8220   294.943   294.869 
    8230   294.942   294.867 
    8240   294.943   294.869 
    8250   294.948   294.823 
    8260   294.943   294.870 
    8270   294.943   294.870 
    8280   294.942   294.870 
    8290   294.943   294.869 
    8300   294.913   294.869 
    8310   294.944   294.870 
    8320   294.943   294.869 
    8330   294.945   294.880 
    8340   294.942   294.869 
    8350   294.941   294.869 
    8360   294.943   294.869 
    8370   294.943   294.869 
    8380   294.945   294.871 
    8390   294.943   294.869 
    8400   294.964   294.884 
    8410   294.950   294.869 
    8420   294.943   294.870 
    8430   294.942   294.872 
    8440   294.942   294.869 
    8450   294.942   294.864 
    8460   294.943   294.870 
    8470   294.943   294.869 
    8480   294.942   294.869 
    8490   294.943   294.869 
    8500   294.953   294.881 
    8510   294.942   294.868 
    8520   294.943   294.869 
    8530   294.943   294.870 
    8540   294.943   294.869 
    8550   294.942   294.870 
    8560   294.943   294.869 
    8570   294.943   294.869 
    8580   294.942   294.868 
    8590   294.943   294.870 
    8600   294.915   294.875 
    8610   294.943   294.869 
    8620   294.943   294.869 
    8630   294.942   294.871 
    8640   294.943   294.869 
    8650   294.926   294.864 
    8660   294.943   294.869 
    8670   294.943   294.869 
    8680   294.942   294.871 
    8690   294.943   294.869 
    8700   294.901   294.806 
    8710   294.941   294.868 
    8720   294.943   294.869 
    8730   294.944   294.871 
    8740   294.943   294.869 
    8750   294.981   294.922 
    8760   294.944   294.870 
    8770   294.943   294.870 
    8780   294.943   294.869 
    8790   294.943   294.869 
    8800   294.936   294.851 
    8810   294.943   294.868 
    8820   294.943   294.869 
    8830   294.938   294.869 
    8840   294.943   294.869 
    8850   294.943   294.865 
    8860   294.943   294.869 
    8870   294.943   294.869 
    8880   294.940   294.869 
    8890   294.943   294.869 
    8900   294.944   294.871 
    8910   294.942   294.869 
    8920   294.943   294.869 
    8930   294.942   294.871 
    8940   294.943   294.869 
    8950   294.976   294.869 
    8960   294.943   294.869 
    8970   294.943   294.869 
    8980   294.942   294.869 
    8990   294.943   294.869 
    9000   294.968   294.870 
    9010   294.943   294.869 
    9020   294.943   294.869 
    9030   294.943   294.874 
    9040   294.943   294.870 
    9050   294.951   294.870 
    9060   294.944   294.870 
    9070   294.943   294.869 
    9080   294.945   294.874 
    9090   294.943   294.869 
    9100   294.942   294.869 
    9110   294.943   294.870 
    9120   294.943   294.869 
    9130   294.943   294.882 
    9140   294.943   294.869 
    9150   295.149   294.868 
    9160   294.943   294.868 
    9170   294.943   294.869 
    9180   294.940   294.871 
    9190   294.943   294.869 
    9200   294.728   294.948 
    9210   294.945   294.870 
    9220   294.943   294.869 
    9230   294.938   294.869 
    9240   294.943   294.869 
    9250   294.943   294.889 
    9260   294.943   294.870 
    9270   294.943   294.869 
    9280   294.942   294.869 
    9290   294.943   294.869 
    9300   294.862   294.869 
    9310   294.943   294.869 
    9320   294.943   294.869 
    9330   294.943   294.872 
    9340   294.943   294.870 
    9350   294.942   294.870 
    9360   294.943   294.869 
    9370   294.943   294.869 
    9380   294.942   294.869 
    9390   294.943   294.869 
    9400   295.087   294.869 
    9410   294.943   294.869 
    9420   294.943   294.869 
    9430   294.942   294.869 
    9440   294.943   294.869 
    9450   294.943   294.886 
    9460   294.943   294.869 
    9470   294.943   294.869 
    9480   294.943   294.861 
    9490   294.943   294.869 
    9500   294.942   294.867 
    9510   294.944   294.871 
    9520   294.943   294.869 
    9530   294.941   294.865 
    9540   294.943   294.869 
    9550   294.962   294.885 
    9560   294.942   294.871 
    9570   294.943   294.869 
    9580   294.942   294.869 
    9590   294.943   294.869 
    9600   294.943   294.948 
    9610   294.943   294.869 
    9620   294.943   294.869 
    9630   294.942   294.869 
    9640   294.943   294.869 
    9650   294.953   294.873 
    9660   294.943   294.870 
    9670   294.943   294.869 
    9680   294.942   294.869 
    9690   294.943   294.869 
    9700   294.940   294.864 
    9710   294.943   294.868 
    9720   294.943   294.869 
    9730   294.942   294.870 
    9740   294.943   294.869 
    9750   294.941   294.866 
    9760   294.943   294.872 
    9770   294.943   294.869 
    9780   294.942   294.869 
    9790   294.943   294.869 
    9800   294.994   294.874 
    9810   294.943   294.869 
    9820   294.943   294.869 
    9830   294.941   294.869 
    9840   294.943   294.869 
    9850   295.068   294.823 
    9860   294.943   294.869 
    9870   294.943   294.869 
    9880   294.942   294.870 
    9890   294.943   294.869 
    9900   294.927   294.860 
    9910   294.942   294.872 
    9920   294.943   294.869 
    9930   294.935   294.869 
    9940   294.943   294.869 
    9950   294.943   294.930 
    9960   294.943   294.869 
    9970   294.943   294.869 
    9980   294.941   294.869 
    9990   294.943   294.869 
   10000   294.943   294.869 
