       0    29.956    29.961 
      10    34.673    34.715 
      20    34.915    34.929 
      30    34.883    34.915 
      40    34.958    34.951 
      50    34.966    34.953 
      60    34.943    34.949 
      70    34.955    34.933 
      80    34.951    34.953 
      90    34.941    34.948 
     100    34.944    34.954 
     110    34.948    34.954 
     120    34.949    34.955 
     130    34.948    34.954 
     140    34.949    34.951 
     150    34.947    34.953 
     160    34.956    34.956 
     170    34.947    34.952 
     180    34.947    34.954 
     190    34.948    34.954 
     200    35.000    34.727 
     210    34.949    34.954 
     220    34.922    34.949 
     230    34.949    34.955 
     240    34.949    34.955 
     250    34.976    34.965 
     260    34.949    34.955 
     270    34.929    35.002 
     280    34.949    34.955 
     290    34.949    34.955 
     300    34.974    34.874 
     310    34.949    34.955 
     320    34.948    34.955 
     330    34.949    34.955 
     340    34.950    34.955 
     350    34.949    35.146 
     360    34.949    34.955 
     370    34.950    34.955 
     380    34.950    34.955 
     390    34.950    34.955 
     400    34.952    34.981 
     410    34.959    34.955 
     420    34.950    34.956 
     430    34.949    34.956 
     440    34.951    34.956 
     450    34.950    34.957 
     460    34.980    34.955 
     470    34.950    34.956 
     480    34.949    34.956 
     490    34.950    34.956 
     500    34.948    34.958 
     510    34.949    34.955 
     520    34.950    34.956 
     530    34.950    34.955 
     540    34.950    34.955 
     550    34.957    34.948 
     560    34.949    34.955 
     570    34.950    34.956 
     580    34.946    34.957 
     590    34.950    34.956 
     600    34.947    34.959 
     610    34.956    34.962 
     620    34.951    34.956 
     630    34.950    34.956 
     640    34.951    34.956 
     650    34.955    34.958 
     660    34.951    34.953 
     670    34.950    34.956 
     680    34.950    34.956 
     690    34.951    34.956 
     700    34.841    34.896 
     710    34.950    34.956 
     720    34.950    34.956 
     730    34.950    34.956 
     740    34.950    34.956 
     750    34.949    34.958 
     760    34.950    34.956 
     770    34.950    34.956 
     780    34.950    34.956 
     790    34.951    34.956 
     800    34.951    34.963 
     810    34.951    34.956 
     820    34.950    34.957 
     830    34.950    34.956 
     840    34.951    34.956 
     850    34.849    34.862 
     860    34.953    34.959 
     870    34.951    34.956 
     880    34.948    34.954 
     890    34.951    34.956 
     900    34.950    34.954 
     910    34.951    34.956 
     920    34.950    34.956 
     930    34.951    34.956 
     940    34.942    34.972 
     950    34.940    34.941 
     960    34.951    34.956 
     970    34.952    34.956 
     980    34.952    34.957 
     990    34.951    34.956 
    1000    34.969    34.898 
    1010    34.949    34.955 
    1020    34.952    34.956 
    1030    34.951    34.956 
    1040    34.952    34.957 
    1050    35.155    35.038 
    1060    34.952    34.954 
    1070    34.952    34.956 
    1080    34.951    34.956 
    1090    34.951    34.956 
    1100    34.955    34.960 
    1110    34.949    34.959 
    1120    34.952    34.956 
    1130    34.951    34.956 
    1140    34.950    34.956 
    1150    34.955    34.959 
    1160    34.951    34.956 
    1170    34.951    34.957 
    1180    34.952    34.955 
    1190    34.951    34.956 
    1200    34.962    34.963 
    1210    34.952    34.956 
    1220    34.951    34.956 
    1230    34.950    34.957 
    1240    34.951    34.956 
    1250    34.982    34.996 
    1260    34.951    34.957 
    1270    34.955    34.953 
    1280    34.952    34.956 
    1290    34.951    34.956 
    1300    34.955    34.954 
    1310    34.951    34.956 
    1320    34.942    34.940 
    1330    34.951    34.956 
    1340    34.951    34.956 
    1350    34.876    35.148 
    1360    34.950    34.955 
    1370    34.951    34.956 
    1380    34.951    34.956 
    1390    34.951    34.956 
    1400    34.961    34.941 
    1410    34.951    34.956 
    1420    34.951    34.956 
    1430    34.951    34.956 
    1440    34.952    34.955 
    1450    34.952    34.952 
    1460    34.955    34.956 
    1470    34.952    34.956 
    1480    34.951    34.956 
    1490    34.951    34.956 
    1500    34.956    34.956 
    1510    34.952    34.951 
    1520    34.951    34.956 
    1530    34.948    34.963 
    1540    34.952    34.956 
    1550    34.960    34.960 
    1560    34.951    34.957 
    1570    34.952    34.956 
    1580    34.951    34.956 
    1590    34.952    34.956 
    1600    35.049    35.016 
    1610    34.952    34.956 
    1620    34.955    34.958 
    1630    34.951    34.956 
    1640    34.952    34.956 
    1650    34.950    34.956 
    1660    34.952    34.956 
    1670    34.951    34.957 
    1680    34.951    34.959 
    1690    34.952    34.956 
    1700    34.913    34.945 
    1710    34.949    34.964 
    1720    34.951    34.957 
    1730    34.951    34.956 
    1740    34.942    34.961 
    1750    34.952    34.959 
    1760    34.952    34.956 
    1770    34.952    34.956 
    1780    34.953    34.956 
    1790    34.952    34.956 
    1800    34.954    34.956 
    1810    34.950    34.950 
    1820    34.952    34.957 
    1830    34.952    34.956 
    1840    34.952    34.956 
    1850    35.761    34.739 
    1860    34.951    34.955 
    1870    34.952    34.956 
    1880    34.951    34.955 
    1890    34.952    34.956 
    1900    34.926    34.970 
    1910    34.952    34.956 
    1920    34.952    34.957 
    1930    34.951    34.956 
    1940    34.952    34.957 
    1950    34.963    35.084 
    1960    34.953    34.956 
    1970    34.952    34.956 
    1980    34.951    34.956 
    1990    34.952    34.956 
    2000    34.963    34.993 
    2010    34.952    34.956 
    2020    34.952    34.956 
    2030    34.955    34.955 
    2040    34.952    34.956 
    2050    34.924    34.872 
    2060    34.952    34.956 
    2070    34.952    34.956 
    2080    34.951    34.956 
    2090    34.953    34.956 
    2100    34.925    34.962 
    2110    34.952    34.957 
    2120    34.952    34.956 
    2130    34.953    34.957 
    2140    34.952    34.956 
    2150    34.951    34.958 
    2160    34.956    34.959 
    2170    34.952    34.956 
    2180    34.952    34.956 
    2190    34.952    34.956 
    2200    34.968    34.968 
    2210    34.945    34.966 
    2220    34.952    34.956 
    2230    34.952    34.956 
    2240    34.952    34.956 
    2250    34.953    34.955 
    2260    34.952    34.956 
    2270    34.952    34.956 
    2280    34.951    34.948 
    2290    35.036    35.052 
    2300    34.943    34.936 
    2310    34.952    34.956 
    2320    34.952    34.956 
    2330    34.952    34.956 
    2340    34.952    34.956 
    2350    34.950    34.958 
    2360    34.952    34.956 
    2370    34.952    34.956 
    2380    34.952    34.956 
    2390    34.952    34.956 
    2400    34.951    34.957 
    2410    34.952    34.956 
    2420    34.952    34.956 
    2430    34.952    34.956 
    2440    34.951    34.956 
    2450    34.957    34.956 
    2460    34.952    34.954 
    2470    34.952    34.956 
    2480    34.953    34.955 
    2490    34.952    34.956 
    2500    34.938    34.953 
    2510    34.952    34.956 
    2520    34.952    34.956 
    2530    34.952    34.956 
    2540    34.952    34.957 
    2550    34.985    34.803 
    2560    34.952    34.957 
    2570    34.952    34.954 
    2580    34.952    34.956 
    2590    34.952    34.956 
    2600    34.897    34.911 
    2610    34.952    34.956 
    2620    34.954    34.958 
    2630    34.952    34.956 
    2640    34.952    34.956 
    2650    34.954    34.954 
    2660    34.954    34.959 
    2670    34.952    34.956 
    2680    34.953    34.957 
    2690    34.952    34.956 
    2700    34.960    34.982 
    2710    34.952    34.956 
    2720    34.953    34.956 
    2730    34.952    34.956 
    2740    34.953    34.957 
    2750    34.948    34.959 
    2760    34.952    34.956 
    2770    34.952    34.956 
    2780    34.951    34.956 
    2790    34.952    34.957 
    2800    34.953    34.970 
    2810    34.951    34.956 
    2820    34.952    34.956 
    2830    34.952    34.956 
    2840    34.952    34.956 
    2850    34.943    34.952 
    2860    34.952    34.956 
    2870    34.952    34.956 
    2880    34.952    34.956 
    2890    34.952    34.956 
    2900    34.945    34.957 
    2910    34.952    34.956 
    2920    34.954    34.968 
    2930    34.952    34.956 
    2940    34.952    34.956 
    2950    34.944    34.958 
    2960    34.952    34.956 
    2970    34.952    34.956 
    2980    34.956    34.956 
    2990    34.952    34.956 
    3000    34.942    34.884 
    3010    34.954    34.956 
    3020    34.952    34.956 
    3030    34.952    34.956 
    3040    34.952    34.956 
    3050    34.903    34.944 
    3060    34.954    34.950 
    3070    34.952    34.956 
    3080    34.950    34.955 
    3090    34.952    34.956 
    3100    34.867    35.161 
    3110    34.952    34.956 
    3120    34.952    34.956 
    3130    34.952    34.956 
    3140    34.952    34.957 
    3150    34.954    34.950 
    3160    34.952    34.956 
    3170    34.953    34.956 
    3180    34.952    34.956 
    3190    34.952    34.957 
    3200    34.915    35.112 
    3210    34.952    34.956 
    3220    34.952    34.956 
    3230    34.952    34.954 
    3240    34.953    34.958 
    3250    34.949    34.951 
    3260    34.952    34.956 
    3270    34.952    34.956 
    3280    34.951    34.955 
    3290    34.952    34.956 
    3300    34.952    34.957 
    3310    34.954    34.957 
    3320    34.952    34.956 
    3330    34.952    34.956 
    3340    34.950    34.964 
    3350    34.959    34.928 
    3360    34.958    34.958 
    3370    34.952    34.956 
    3380    34.952    34.956 
    3390    34.952    34.956 
    3400    34.961    34.938 
    3410    34.952    34.956 
    3420    34.952    34.956 
    3430    34.952    34.956 
    3440    34.952    34.956 
    3450    35.025    34.844 
    3460    34.952    34.956 
    3470    34.952    34.956 
    3480    34.952    34.956 
    3490    34.952    34.956 
    3500    34.956    34.965 
    3510    34.952    34.956 
    3520    34.952    34.956 
    3530    34.952    34.956 
    3540    34.952    34.956 
    3550    34.959    34.951 
    3560    34.952    34.956 
    3570    34.952    34.956 
    3580    34.952    34.956 
    3590    34.952    34.957 
    3600    34.947    34.956 
    3610    34.952    34.956 
    3620    34.952    34.956 
    3630    34.952    34.957 
    3640    34.952    34.956 
    3650    34.968    34.956 
    3660    34.952    34.955 
    3670    34.952    34.956 
    3680    34.952    34.956 
    3690    34.952    34.957 
    3700    34.955    34.967 
    3710    34.952    34.956 
    3720    34.952    34.956 
    3730    34.952    34.956 
    3740    34.952    34.956 
    3750    34.937    35.020 
    3760    34.952    34.956 
    3770    34.952    34.956 
    3780    34.949    34.955 
    3790    34.952    34.956 
    3800    34.989    34.875 
    3810    34.952    34.956 
    3820    34.952    34.956 
    3830    34.949    34.956 
    3840    34.952    34.956 
    3850    34.952    34.955 
    3860    34.952    34.956 
    3870    34.952    34.956 
    3880    34.952    34.956 
    3890    34.952    34.956 
    3900    34.976    34.947 
    3910    34.952    34.956 
    3920    34.952    34.956 
    3930    34.952    34.956 
    3940    34.952    34.956 
    3950    34.940    34.972 
    3960    34.952    34.956 
    3970    34.952    34.956 
    3980    34.952    34.956 
    3990    34.952    34.956 
    4000    34.925    34.732 
    4010    34.952    34.957 
    4020    34.952    34.956 
    4030    34.952    34.956 
    4040    34.952    34.956 
    4050    34.957    34.959 
    4060    34.952    34.956 
    4070    34.952    34.956 
    4080    34.952    34.956 
    4090    34.953    34.957 
    4100    34.950    34.957 
    4110    34.951    34.970 
    4120    34.952    34.956 
    4130    34.952    34.957 
    4140    34.952    34.957 
    4150    34.940    34.928 
    4160    34.952    34.956 
    4170    34.952    34.956 
    4180    34.952    34.956 
    4190    34.952    34.956 
    4200    34.948    34.955 
    4210    34.952    34.958 
    4220    34.952    34.956 
    4230    34.952    34.956 
    4240    34.952    34.956 
    4250    34.947    34.955 
    4260    34.952    34.957 
    4270    34.952    34.956 
    4280    34.952    34.956 
    4290    34.952    34.956 
    4300    34.951    35.001 
    4310    34.952    34.957 
    4320    34.952    34.956 
    4330    34.953    34.956 
    4340    34.952    34.956 
    4350    35.005    34.918 
    4360    34.953    34.955 
    4370    34.952    34.956 
    4380    34.954    34.957 
    4390    34.952    34.956 
    4400    34.951    34.964 
    4410    34.953    34.956 
    4420    34.952    34.956 
    4430    34.952    34.956 
    4440    34.953    34.956 
    4450    34.928    35.023 
    4460    34.952    34.957 
    4470    34.952    34.956 
    4480    34.952    34.956 
    4490    34.953    34.956 
    4500    34.951    34.955 
    4510    34.952    34.956 
    4520    34.952    34.956 
    4530    34.952    34.956 
    4540    34.952    34.956 
    4550    34.963    34.943 
    4560    34.952    34.956 
    4570    34.952    34.956 
    4580    34.952    34.955 
    4590    34.952    34.956 
    4600    34.952    34.957 
    4610    34.952    34.956 
    4620    34.952    34.955 
    4630    34.952    34.956 
    4640    34.953    34.956 
    4650    34.953    34.957 
    4660    34.952    34.956 
    4670    34.952    34.956 
    4680    34.952    34.956 
    4690    34.952    34.956 
    4700    34.326    34.153 
    4710    34.952    34.956 
    4720    34.952    34.958 
    4730    34.952    34.956 
    4740    34.952    34.956 
    4750    35.058    35.099 
    4760    34.953    34.956 
    4770    34.952    34.956 
    4780    34.952    34.956 
    4790    34.951    34.957 
    4800    34.879    35.038 
    4810    34.952    34.956 
    4820    34.952    34.956 
    4830    34.952    34.956 
    4840    34.952    34.956 
    4850    34.958    34.968 
    4860    34.945    34.960 
    4870    34.952    34.956 
    4880    34.952    34.956 
    4890    34.952    34.956 
    4900    34.959    34.941 
    4910    34.952    34.956 
    4920    34.952    34.956 
    4930    34.949    34.955 
    4940    34.952    34.956 
    4950    34.953    34.955 
    4960    34.952    34.956 
    4970    34.952    34.956 
    4980    34.952    34.956 
    4990    34.952    34.956 
    5000    34.702    35.022 
    5010    34.953    34.956 
    5020    34.952    34.956 
    5030    34.950    34.958 
    5040    34.952    34.956 
    5050    35.055    35.057 
    5060    34.952    34.956 
    5070    34.952    34.956 
    5080    34.952    34.956 
    5090    34.954    34.955 
    5100    34.951    34.956 
    5110    34.955    34.952 
    5120    34.952    34.956 
    5130    34.952    34.956 
    5140    34.952    34.956 
    5150    34.943    34.973 
    5160    34.966    34.962 
    5170    34.952    34.956 
    5180    34.952    34.956 
    5190    34.952    34.957 
    5200    34.941    34.944 
    5210    34.952    34.956 
    5220    34.952    34.956 
    5230    34.952    34.956 
    5240    34.952    34.956 
    5250    34.928    34.987 
    5260    34.952    34.956 
    5270    34.952    34.956 
    5280    34.952    34.956 
    5290    34.953    34.957 
    5300    34.946    34.950 
    5310    34.952    34.956 
    5320    34.953    34.956 
    5330    34.953    34.955 
    5340    34.952    34.956 
    5350    34.749    34.898 
    5360    34.952    34.956 
    5370    34.952    34.956 
    5380    34.953    34.959 
    5390    34.952    34.956 
    5400    34.958    34.956 
    5410    34.952    34.956 
    5420    34.952    34.957 
    5430    34.952    34.956 
    5440    34.952    34.956 
    5450    34.959    34.973 
    5460    34.929    34.964 
    5470    34.952    34.956 
    5480    34.952    34.956 
    5490    34.952    34.956 
    5500    34.964    34.912 
    5510    34.952    34.956 
    5520    34.952    34.956 
    5530    34.953    34.956 
    5540    34.952    34.956 
    5550    34.951    34.954 
    5560    34.952    34.956 
    5570    34.952    34.956 
    5580    34.953    34.958 
    5590    34.952    34.956 
    5600    34.954    34.956 
    5610    34.952    34.956 
    5620    34.952    34.956 
    5630    34.952    34.956 
    5640    34.952    34.956 
    5650    34.949    34.966 
    5660    34.952    34.956 
    5670    34.952    34.956 
    5680    34.952    34.956 
    5690    34.952    34.956 
    5700    34.915    34.925 
    5710    34.952    34.956 
    5720    34.953    34.957 
    5730    34.952    34.956 
    5740    34.953    34.956 
    5750    34.952    34.955 
    5760    34.952    34.956 
    5770    34.952    34.956 
    5780    34.952    34.956 
    5790    34.952    34.956 
    5800    34.951    34.957 
    5810    34.952    34.956 
    5820    34.952    34.956 
    5830    34.953    34.956 
    5840    34.952    34.956 
    5850    34.952    34.967 
    5860    34.955    34.956 
    5870    34.953    34.956 
    5880    34.952    34.956 
    5890    34.952    34.956 
    5900    34.944    34.976 
    5910    34.945    34.953 
    5920    34.952    34.956 
    5930    34.952    34.956 
    5940    34.952    34.956 
    5950    34.917    34.971 
    5960    34.946    34.941 
    5970    34.952    34.956 
    5980    34.952    34.956 
    5990    34.953    34.956 
    6000    34.869    35.042 
    6010    34.952    34.956 
    6020    34.952    34.956 
    6030    34.955    34.960 
    6040    34.952    34.956 
    6050    34.948    34.959 
    6060    34.952    34.956 
    6070    34.953    34.957 
    6080    34.953    34.956 
    6090    34.951    34.956 
    6100    34.953    34.956 
    6110    34.952    34.957 
    6120    34.952    34.956 
    6130    34.953    34.950 
    6140    34.952    34.956 
    6150    34.950    34.956 
    6160    34.952    34.956 
    6170    34.952    34.956 
    6180    34.953    34.952 
    6190    34.952    34.956 
    6200    34.954    34.957 
    6210    34.952    34.956 
    6220    34.954    34.957 
    6230    34.952    34.955 
    6240    34.952    34.956 
    6250    34.940    34.953 
    6260    34.952    34.956 
    6270    34.952    34.956 
    6280    34.952    34.956 
    6290    34.951    34.956 
    6300    34.957    34.956 
    6310    34.952    34.956 
    6320    34.952    34.956 
    6330    34.952    34.956 
    6340    34.952    34.956 
    6350    34.958    34.813 
    6360    34.952    34.957 
    6370    34.952    34.956 
    6380    34.952    34.953 
    6390    34.952    34.956 
    6400    35.116    34.951 
    6410    34.952    34.956 
    6420    34.952    34.956 
    6430    34.951    34.952 
    6440    34.952    34.956 
    6450    34.926    34.962 
    6460    34.952    34.957 
    6470    34.952    34.957 
    6480    34.952    34.956 
    6490    34.952    34.956 
    6500    34.950    34.954 
    6510    34.954    34.954 
    6520    34.952    34.956 
    6530    34.952    34.956 
    6540    34.953    34.957 
    6550    34.951    34.959 
    6560    34.952    34.956 
    6570    34.952    34.956 
    6580    34.952    34.956 
    6590    34.952    34.956 
    6600    35.044    34.771 
    6610    34.952    34.958 
    6620    34.952    34.956 
    6630    34.950    34.959 
    6640    34.952    34.956 
    6650    34.935    34.957 
    6660    34.952    34.958 
    6670    34.952    34.956 
    6680    34.952    34.956 
    6690    34.953    34.957 
    6700    34.767    34.919 
    6710    34.953    34.956 
    6720    34.952    34.956 
    6730    34.946    34.955 
    6740    34.952    34.956 
    6750    34.931    35.060 
    6760    34.948    34.955 
    6770    34.952    34.956 
    6780    34.952    34.956 
    6790    34.952    34.956 
    6800    34.974    34.835 
    6810    34.953    34.957 
    6820    34.952    34.956 
    6830    34.952    34.956 
    6840    34.953    34.957 
    6850    34.953    34.957 
    6860    34.951    34.957 
    6870    34.952    34.956 
    6880    34.952    34.956 
    6890    34.952    34.956 
    6900    34.952    34.957 
    6910    34.953    34.957 
    6920    34.952    34.956 
    6930    34.952    34.956 
    6940    34.953    34.957 
    6950    34.982    35.049 
    6960    34.952    34.956 
    6970    34.952    34.956 
    6980    34.952    34.956 
    6990    34.952    34.956 
    7000    35.101    35.418 
    7010    34.952    34.956 
    7020    34.952    34.956 
    7030    34.952    34.956 
    7040    34.952    34.956 
    7050    34.954    34.961 
    7060    34.954    34.956 
    7070    34.952    34.956 
    7080    34.952    34.956 
    7090    34.952    34.956 
    7100    34.953    34.956 
    7110    34.952    34.950 
    7120    34.952    34.956 
    7130    34.952    34.956 
    7140    34.952    34.956 
    7150    34.871    35.056 
    7160    34.952    34.956 
    7170    34.952    34.956 
    7180    34.951    34.957 
    7190    34.952    34.956 
    7200    34.962    34.972 
    7210    34.952    34.956 
    7220    34.952    34.956 
    7230    34.952    34.956 
    7240    34.953    34.957 
    7250    34.814    34.802 
    7260    34.952    34.956 
    7270    34.952    34.956 
    7280    34.952    34.956 
    7290    34.951    34.958 
    7300    34.957    34.959 
    7310    34.952    34.956 
    7320    34.952    34.956 
    7330    34.952    34.956 
    7340    34.953    34.957 
    7350    34.922    34.950 
    7360    34.952    34.956 
    7370    34.952    34.956 
    7380    34.952    34.956 
    7390    34.953    34.957 
    7400    34.936    35.002 
    7410    34.952    34.956 
    7420    34.952    34.956 
    7430    34.952    34.956 
    7440    34.952    34.956 
    7450    34.937    35.014 
    7460    34.954    34.956 
    7470    34.952    34.956 
    7480    34.951    34.955 
    7490    34.952    34.956 
    7500    35.004    34.888 
    7510    34.952    34.956 
    7520    34.952    34.956 
    7530    34.952    34.956 
    7540    34.953    34.956 
    7550    34.956    34.955 
    7560    34.952    34.955 
    7570    34.952    34.956 
    7580    34.952    34.956 
    7590    34.952    34.956 
    7600    34.969    34.951 
    7610    34.952    34.956 
    7620    34.952    34.956 
    7630    34.952    34.956 
    7640    34.952    34.956 
    7650    34.952    34.957 
    7660    34.954    34.957 
    7670    34.952    34.956 
    7680    34.952    34.956 
    7690    34.952    34.956 
    7700    34.882    34.883 
    7710    34.952    34.957 
    7720    34.952    34.956 
    7730    34.952    34.956 
    7740    34.953    34.956 
    7750    35.037    34.873 
    7760    34.952    34.956 
    7770    34.952    34.956 
    7780    34.952    34.956 
    7790    34.953    34.956 
    7800    35.160    34.903 
    7810    34.952    34.957 
    7820    34.952    34.956 
    7830    34.952    34.956 
    7840    34.945    34.957 
    7850    35.010    35.044 
    7860    34.952    34.956 
    7870    34.952    34.956 
    7880    34.952    34.956 
    7890    34.952    34.956 
    7900    34.937    34.918 
    7910    34.952    34.956 
    7920    34.952    34.956 
    7930    34.951    34.957 
    7940    34.952    34.956 
    7950    34.965    34.972 
    7960    34.952    34.957 
    7970    34.952    34.956 
    7980   114.972    56.915 
    7990    34.952    34.956 
    8000    35.031    35.076 
    8010    34.952    34.956 
    8020    34.952    34.956 
    8030    34.953    34.956 
    8040    34.952    34.956 
    8050    34.954    34.955 
    8060    34.952    34.956 
    8070    34.952    34.956 
    8080    34.952    34.956 
    8090    34.952    34.956 
    8100    34.946    34.956 
    8110    34.952    34.957 
    8120    34.952    34.956 
    8130    34.953    34.956 
    8140    34.952    34.957 
    8150    34.952    35.061 
    8160    34.952    34.956 
    8170    34.952    34.956 
    8180    34.954    34.957 
    8190    34.952    34.956 
    8200    34.951    34.959 
    8210    34.952    34.956 
    8220    34.952    34.956 
    8230    34.952    34.956 
    8240    34.952    34.957 
    8250    34.961    34.793 
    8260    34.948    34.956 
    8270    34.952    34.956 
    8280    34.951    34.956 
    8290    34.953    34.957 
    8300    34.930    34.942 
    8310    34.952    34.956 
    8320    34.953    34.956 
    8330    34.953    34.956 
    8340    34.952    34.956 
    8350    34.952    34.958 
    8360    34.952    34.956 
    8370    34.952    34.956 
    8380    34.952    34.956 
    8390    34.952    34.956 
    8400    34.951    34.943 
    8410    34.953    34.956 
    8420    34.952    34.956 
    8430    34.952    34.956 
    8440    34.952    34.957 
    8450    34.952    34.957 
    8460    34.952    34.956 
    8470    34.952    34.957 
    8480    34.953    34.954 
    8490    34.952    34.956 
    8500    34.928    34.964 
    8510    34.952    34.957 
    8520    34.953    34.957 
    8530    34.952    34.956 
    8540    34.952    34.956 
    8550    34.955    34.955 
    8560    34.952    34.956 
    8570    34.952    34.956 
    8580    34.952    34.956 
    8590    34.952    34.956 
    8600    34.953    34.956 
    8610    34.951    34.955 
    8620    34.952    34.956 
    8630    34.952    34.956 
    8640    34.952    34.956 
    8650    34.953    34.956 
    8660    34.952    34.956 
    8670    34.952    34.956 
    8680    34.952    34.956 
    8690    34.953    34.956 
    8700    34.947    34.957 
    8710    34.953    34.961 
    8720    34.952    34.956 
    8730    34.952    34.956 
    8740    34.952    34.956 
    8750    34.872    34.897 
    8760    34.953    34.957 
    8770    34.952    34.956 
    8780    34.952    34.956 
    8790    34.952    34.956 
    8800    34.951    34.956 
    8810    34.954    34.940 
    8820    34.952    34.956 
    8830    34.952    34.956 
    8840    34.953    34.957 
    8850    35.179    35.028 
    8860    34.953    34.956 
    8870    34.952    34.957 
    8880    34.953    34.956 
    8890    34.952    34.956 
    8900    34.941    34.977 
    8910    34.965    34.963 
    8920    34.952    34.956 
    8930    34.952    34.956 
    8940    34.953    34.957 
    8950    34.826    34.851 
    8960    34.953    34.956 
    8970    34.952    34.956 
    8980    34.951    34.954 
    8990    34.952    34.956 
    9000    35.152    34.844 
    9010    34.955    34.954 
    9020    34.952    34.956 
    9030    34.951    34.957 
    9040    34.952    34.956 
    9050    34.952    34.955 
    9060    34.952    34.956 
    9070    34.952    34.956 
    9080    34.954    34.955 
    9090    34.952    34.956 
    9100    34.963    34.965 
    9110    34.952    34.956 
    9120    34.953    34.956 
    9130    34.953    34.956 
    9140    34.952    34.956 
    9150    34.951    34.958 
    9160    34.952    34.956 
    9170    34.952    34.956 
    9180    34.953    34.956 
    9190    34.952    34.956 
    9200    34.973    35.005 
    9210    34.952    34.956 
    9220    34.952    34.956 
    9230    34.953    34.952 
    9240    34.952    34.956 
    9250    35.353    34.997 
    9260    34.952    34.956 
    9270    34.954    34.956 
    9280    34.952    34.956 
    9290    34.952    34.957 
    9300    34.953    34.952 
    9310    34.952    34.956 
    9320    34.952    34.956 
    9330    34.947    34.956 
    9340    34.952    34.956 
    9350    34.945    34.957 
    9360    34.952    34.955 
    9370    34.952    34.956 
    9380    34.952    34.956 
    9390    34.952    34.956 
    9400    35.024    35.059 
    9410    34.952    34.956 
    9420    34.953    34.956 
    9430   -25.039   -35.553 
    9440    34.952    34.956 
    9450    34.955    34.955 
    9460    34.952    34.956 
    9470    34.952    34.956 
    9480    34.953    34.956 
    9490    34.953    34.957 
    9500    34.971    34.986 
    9510    34.952    34.957 
    9520    34.952    34.956 
    9530    34.952    34.955 
    9540    34.952    34.956 
    9550    34.509    35.301 
    9560    34.952    34.956 
    9570    34.952    34.956 
    9580    34.952    34.956 
    9590    34.952    34.956 
    9600    34.953    34.957 
    9610    34.951    34.958 
    9620    34.952    34.956 
    9630    34.952    34.956 
    9640    34.953    34.956 
    9650    34.937    34.945 
    9660    34.952    34.956 
    9670    34.952    34.956 
    9680    34.952    34.956 
    9690    34.953    34.956 
    9700    34.951    34.956 
    9710    34.953    34.954 
    9720    34.952    34.956 
    9730    34.952    34.957 
    9740    34.952    34.956 
    9750    34.857    34.838 
    9760    34.953    34.957 
    9770    34.952    34.956 
    9780    34.950    34.957 
    9790    34.952    34.956 
    9800    34.933    34.906 
    9810    34.952    34.956 
    9820    34.952    34.956 
    9830    34.954    34.956 
    9840    34.952    34.956 
    9850    34.975    35.015 
    9860    34.952    34.956 
    9870    34.952    34.956 
    9880    34.952    34.956 
    9890    34.952    34.956 
    9900    34.948    34.952 
    9910    34.952    34.956 
    9920    34.952    34.956 
    9930    34.953    34.956 
    9940    34.953    34.957 
    9950    34.865    34.893 
    9960    34.953    34.957 
    9970    34.952    34.956 
    9980    34.953    34.956 
    9990    34.952    34.956 
   10000    34.952    34.956 
