       0   309.938   309.880 
      10   314.955   313.784 
      20   314.966   314.616 
      30   315.100   314.681 
      40   314.843   314.711 
      50   314.830   314.730 
      60   314.929   315.106 
      70   314.931   314.708 
      80   314.931   314.837 
      90   314.935   314.790 
     100   314.956   314.879 
     110   314.934   314.828 
     120   314.936   314.850 
     130   314.936   314.900 
     140   314.938   314.780 
     150   314.948   314.855 
     160   314.937   314.880 
     170   314.937   314.855 
     180   314.937   314.873 
     190   314.937   314.862 
     200   315.006   314.890 
     210   314.937   314.864 
     220   314.937   314.880 
     230   314.937   314.869 
     240   314.937   314.865 
     250   315.028   314.915 
     260   314.937   314.869 
     270   314.937   314.858 
     280   314.936   314.876 
     290   314.937   314.872 
     300   315.004   314.818 
     310   314.937   314.887 
     320   314.937   314.874 
     330   314.937   314.873 
     340   314.939   314.875 
     350   314.935   314.872 
     360   314.937   314.863 
     370   314.938   314.889 
     380   314.937   314.860 
     390   314.937   314.868 
     400   314.935   314.910 
     410   314.938   314.876 
     420   314.937   314.877 
     430   314.937   314.876 
     440   314.937   314.892 
     450   314.962   314.893 
     460   314.938   314.877 
     470   314.938   314.877 
     480   314.936   314.879 
     490   314.937   314.877 
     500   314.930   314.920 
     510   314.949   314.878 
     520   315.084   314.877 
     530   314.938   314.866 
     540   314.937   314.880 
     550   314.932   314.878 
     560   314.937   314.878 
     570   314.937   314.878 
     580   314.937   314.877 
     590   314.937   314.871 
     600   314.936   314.883 
     610   314.938   314.880 
     620   314.938   314.879 
     630   314.939   314.879 
     640   314.935   314.873 
     650   314.938   314.879 
     660   314.937   314.878 
     670   314.937   314.880 
     680   314.937   314.879 
     690   314.937   314.879 
     700   314.931   314.886 
     710   314.938   314.878 
     720   314.937   314.880 
     730   314.938   314.856 
     740   314.937   314.879 
     750   314.940   314.880 
     760   314.937   314.878 
     770   314.937   314.882 
     780   314.937   314.877 
     790   314.937   314.869 
     800   314.924   314.873 
     810   314.937   314.880 
     820   314.937   314.891 
     830   314.937   314.891 
     840   314.937   314.881 
     850   314.883   314.882 
     860   314.937   314.881 
     870   314.938   314.879 
     880   314.937   314.884 
     890   314.936   314.881 
     900   314.936   314.881 
     910   314.937   314.877 
     920   314.937   314.884 
     930   314.937   314.882 
     940   314.937   314.881 
     950   314.937   314.891 
     960   314.938   314.881 
     970   314.937   314.882 
     980   314.937   314.882 
     990   314.937   314.882 
    1000   314.927   314.887 
    1010   314.937   314.882 
    1020   314.937   314.882 
    1030   314.937   314.885 
    1040   314.937   314.882 
    1050   314.876   314.882 
    1060   314.937   314.885 
    1070   314.937   314.882 
    1080   314.940   314.882 
    1090   314.937   314.881 
    1100   314.911   314.887 
    1110   314.937   314.884 
    1120   314.937   314.883 
    1130   314.937   314.882 
    1140   314.937   314.884 
    1150   314.947   314.886 
    1160   314.939   314.882 
    1170   314.937   314.884 
    1180   314.937   314.892 
    1190   314.937   314.884 
    1200   315.042   314.884 
    1210   314.937   314.884 
    1220   314.937   314.884 
    1230   314.937   314.873 
    1240   314.938   314.884 
    1250   314.939   314.884 
    1260   314.937   314.884 
    1270   314.937   314.884 
    1280   314.937   314.884 
    1290   314.937   314.884 
    1300   314.937   314.878 
    1310   314.938   314.883 
    1320   314.937   314.884 
    1330   314.937   314.884 
    1340   314.937   314.884 
    1350   314.928   314.892 
    1360   314.952   314.884 
    1370   314.937   314.883 
    1380   314.937   314.883 
    1390   314.937   314.884 
    1400   314.939   314.929 
    1410   314.938   314.884 
    1420   314.937   314.884 
    1430   314.937   314.888 
    1440   314.937   314.884 
    1450   314.842   314.884 
    1460   314.937   314.884 
    1470   314.937   314.884 
    1480   314.937   314.884 
    1490   314.937   314.884 
    1500   314.966   314.959 
    1510   314.954   314.884 
    1520   314.937   314.884 
    1530   314.937   314.884 
    1540   314.937   314.884 
    1550   315.144   314.877 
    1560   314.937   314.884 
    1570   314.937   314.884 
    1580   314.937   314.884 
    1590   314.937   314.884 
    1600   315.234   314.882 
    1610   314.937   314.884 
    1620   314.937   314.884 
    1630   314.935   314.884 
    1640   314.937   314.884 
    1650   314.938   314.875 
    1660   314.937   314.884 
    1670   314.937   314.884 
    1680   314.936   314.879 
    1690   314.973   314.884 
    1700   314.942   314.884 
    1710   314.937   314.885 
    1720   314.937   314.884 
    1730   314.937   314.884 
    1740   314.937   314.884 
    1750   314.940   314.874 
    1760   314.937   314.882 
    1770   314.937   314.884 
    1780   314.937   314.883 
    1790   314.937   314.884 
    1800   314.928   314.882 
    1810   314.938   314.883 
    1820   314.937   314.884 
    1830   314.937   314.883 
    1840   314.937   314.884 
    1850   314.910   314.891 
    1860   314.938   314.885 
    1870   314.938   314.884 
    1880   314.937   314.885 
    1890   314.937   314.884 
    1900   314.936   314.829 
    1910   314.937   314.881 
    1920   314.937   314.884 
    1930   314.937   314.885 
    1940   314.937   314.884 
    1950   314.943   314.884 
    1960   314.937   314.884 
    1970   314.937   314.884 
    1980   314.936   314.884 
    1990   314.937   314.884 
    2000   314.937   314.849 
    2010   314.938   314.883 
    2020   314.937   314.883 
    2030   314.937   314.884 
    2040   314.937   314.884 
    2050   314.885   314.946 
    2060   314.937   314.884 
    2070   314.949   314.884 
    2080   314.937   314.882 
    2090   314.937   314.884 
    2100   314.939   314.926 
    2110   314.938   314.883 
    2120   314.937   314.884 
    2130   314.937   314.879 
    2140   314.937   314.884 
    2150   315.286   314.884 
    2160   314.937   314.883 
    2170   314.937   314.884 
    2180   314.937   314.886 
    2190   314.937   314.884 
    2200   314.946   314.884 
    2210   314.937   314.884 
    2220   314.937   314.884 
    2230   314.937   314.888 
    2240   314.937   314.884 
    2250   314.923   314.880 
    2260   314.937   314.884 
    2270   314.937   314.884 
    2280   314.934   314.842 
    2290   314.937   314.884 
    2300   314.939   314.891 
    2310   314.937   314.884 
    2320   314.937   314.884 
    2330   314.937   314.883 
    2340   314.937   314.884 
    2350   314.879   314.885 
    2360   314.938   314.884 
    2370   314.937   314.884 
    2380   314.937   314.884 
    2390   314.937   314.884 
    2400   314.932   314.815 
    2410   314.938   314.884 
    2420   314.937   314.884 
    2430   314.935   314.884 
    2440   314.937   314.884 
    2450   314.938   314.895 
    2460   314.937   314.884 
    2470   314.937   314.884 
    2480   314.936   314.868 
    2490   314.937   314.884 
    2500   314.904   314.896 
    2510   314.938   314.883 
    2520   314.937   314.884 
    2530   314.938   314.884 
    2540   314.937   314.884 
    2550   314.949   314.885 
    2560   314.938   314.884 
    2570   314.937   314.884 
    2580   314.937   314.884 
    2590   314.937   314.884 
    2600   315.176   314.868 
    2610   314.937   314.884 
    2620   314.937   314.884 
    2630   314.937   314.883 
    2640   314.937   314.884 
    2650   314.938   314.884 
    2660   314.937   314.879 
    2670   314.937   314.883 
    2680   314.937   314.884 
    2690   314.937   314.884 
    2700   314.980   314.899 
    2710   314.929   314.891 
    2720   314.937   314.884 
    2730   314.935   314.884 
    2740   314.937   314.884 
    2750   314.932   314.895 
    2760   314.938   314.883 
    2770   314.937   314.884 
    2780   314.931   314.884 
    2790   314.937   314.884 
    2800   314.938   314.879 
    2810   314.937   314.884 
    2820   314.937   314.884 
    2830   314.936   314.866 
    2840   314.937   314.884 
    2850   315.083   314.884 
    2860   314.937   314.885 
    2870   314.937   314.884 
    2880   314.937   314.881 
    2890   314.937   314.884 
    2900   314.761   314.884 
    2910   314.939   314.884 
    2920   314.937   314.884 
    2930   314.937   314.884 
    2940   314.938   314.884 
    2950   314.975   314.885 
    2960   314.937   314.884 
    2970   314.937   314.884 
    2980   314.937   314.873 
    2990   314.936   314.884 
    3000   314.939   314.845 
    3010   314.938   314.884 
    3020   314.937   314.884 
    3030   314.937   314.886 
    3040   314.937   314.884 
    3050   314.871   314.883 
    3060   314.938   314.885 
    3070   314.937   314.884 
    3080   314.937   314.886 
    3090   314.937   314.884 
    3100   314.938   314.884 
    3110   314.937   314.884 
    3120   314.937   314.884 
    3130   314.936   314.881 
    3140   314.937   314.884 
    3150   314.979   314.944 
    3160   314.940   314.883 
    3170   314.937   314.884 
    3180   314.938   314.883 
    3190   314.937   314.884 
    3200   315.219   314.886 
    3210   314.937   314.884 
    3220   314.938   314.884 
    3230   314.937   314.884 
    3240   314.937   314.884 
    3250   315.128   314.892 
    3260   314.937   314.884 
    3270   314.937   314.884 
    3280   314.937   314.883 
    3290   314.937   314.884 
    3300   314.950   314.884 
    3310   314.937   314.884 
    3320   314.937   314.884 
    3330   314.937   314.868 
    3340   314.937   314.884 
    3350   314.940   314.884 
    3360   314.937   314.884 
    3370   314.937   314.884 
    3380   314.935   314.891 
    3390   314.937   314.884 
    3400   315.016   314.843 
    3410   314.935   314.883 
    3420   314.937   314.884 
    3430   314.938   314.884 
    3440   314.937   314.884 
    3450   314.937   314.858 
    3460   314.937   314.884 
    3470   314.937   314.884 
    3480   314.939   314.887 
    3490   314.937   314.884 
    3500   314.673   314.885 
    3510   314.938   314.883 
    3520   314.937   314.884 
    3530   314.933   314.884 
    3540   314.937   314.884 
    3550   314.936   314.889 
    3560   314.937   314.881 
    3570   314.937   314.884 
    3580   314.937   314.884 
    3590   314.937   314.884 
    3600   314.940   314.892 
    3610   314.937   314.884 
    3620   314.937   314.884 
    3630   314.937   314.883 
    3640   314.938   314.884 
    3650   314.933   314.885 
    3660   314.937   314.884 
    3670   314.937   314.884 
    3680   314.937   314.878 
    3690   314.937   314.884 
    3700   314.718   314.883 
    3710   314.937   314.882 
    3720   314.937   314.884 
    3730   314.937   314.884 
    3740   314.937   314.884 
    3750   315.023   314.863 
    3760   314.955   314.884 
    3770   314.937   314.884 
    3780   314.937   314.886 
    3790   314.937   314.884 
    3800   315.187   314.884 
    3810   314.937   314.883 
    3820   314.937   314.884 
    3830   314.937   314.885 
    3840   314.937   314.884 
    3850   314.787   314.882 
    3860   314.937   314.880 
    3870   314.937   314.884 
    3880   314.937   314.884 
    3890   314.937   314.884 
    3900   314.941   314.884 
    3910   314.937   314.884 
    3920   314.937   314.884 
    3930   314.935   314.884 
    3940   314.937   314.884 
    3950   314.921   314.887 
    3960   314.934   314.884 
    3970   314.937   314.884 
    3980   314.937   314.880 
    3990   314.937   314.884 
    4000   314.995   314.884 
    4010   314.937   314.884 
    4020   314.937   314.884 
    4030   314.937   314.888 
    4040   314.937   314.884 
    4050   314.826   314.884 
    4060   314.937   314.884 
    4070   314.937   314.884 
    4080   314.937   314.883 
    4090   314.937   314.884 
    4100   314.943   314.884 
    4110   314.937   314.884 
    4120   314.937   314.884 
    4130   314.937   314.879 
    4140   314.937   314.884 
    4150   314.943   314.884 
    4160   314.937   314.884 
    4170   314.937   314.884 
    4180   314.937   314.884 
    4190   314.937   314.884 
    4200   314.953   314.889 
    4210   314.937   314.884 
    4220   314.937   314.884 
    4230   314.937   314.886 
    4240   314.934   314.884 
    4250   314.940   314.887 
    4260   314.937   314.881 
    4270   314.937   314.884 
    4280   314.937   314.883 
    4290   314.934   314.884 
    4300   314.941   314.885 
    4310   314.937   314.880 
    4320   314.937   314.884 
    4330   314.935   314.889 
    4340   314.937   314.884 
    4350   314.977   314.868 
    4360   314.926   314.874 
    4370   314.948   314.872 
    4380   314.937   314.876 
    4390   314.937   314.884 
    4400   314.946   314.886 
    4410   314.937   314.886 
    4420   314.937   314.884 
    4430   314.937   314.888 
    4440   314.936   314.884 
    4450   314.933   314.880 
    4460   314.943   314.884 
    4470   314.937   314.884 
    4480   314.937   314.886 
    4490   314.937   314.884 
    4500   314.938   314.884 
    4510   314.937   314.884 
    4520   314.937   314.884 
    4530   314.937   314.884 
    4540   314.937   314.884 
    4550   314.931   314.885 
    4560   314.939   314.885 
    4570   314.937   314.884 
    4580   314.937   314.881 
    4590   314.937   314.884 
    4600   314.724   314.884 
    4610   314.937   314.884 
    4620   314.937   314.884 
    4630   314.935   314.884 
    4640   314.937   314.884 
    4650   314.943   314.916 
    4660   314.937   314.886 
    4670   314.938   314.882 
    4680   314.935   314.884 
    4690   314.937   314.884 
    4700   314.938   314.877 
    4710   314.938   314.883 
    4720   314.937   314.884 
    4730   314.937   314.884 
    4740   314.937   314.884 
    4750   314.938   314.865 
    4760   314.937   314.884 
    4770   314.937   314.884 
    4780   314.938   314.896 
    4790   314.937   314.884 
    4800   314.935   314.884 
    4810   314.937   314.884 
    4820   314.937   314.884 
    4830   314.937   314.886 
    4840   314.937   314.884 
    4850   314.935   314.876 
    4860   314.937   314.884 
    4870   314.939   314.884 
    4880   314.936   314.891 
    4890   314.937   314.884 
    4900   315.339   314.884 
    4910   314.937   314.884 
    4920   314.937   314.884 
    4930   314.937   314.884 
    4940   314.937   314.884 
    4950   314.852   314.932 
    4960   314.940   314.883 
    4970   314.937   314.884 
    4980   314.935   314.884 
    4990   314.937   314.884 
    5000   314.942   314.941 
    5010   314.938   314.884 
    5020   314.937   314.884 
    5030   314.937   314.884 
    5040   314.937   314.884 
    5050   314.906   314.940 
    5060   314.938   314.884 
    5070   314.937   314.884 
    5080   314.936   314.883 
    5090   314.937   314.884 
    5100   314.931   314.867 
    5110   314.937   314.884 
    5120   314.937   314.884 
    5130   314.938   314.884 
    5140   314.937   314.884 
    5150   314.934   314.879 
    5160   314.937   314.884 
    5170   314.937   314.884 
    5180   314.941   314.883 
    5190   314.937   314.884 
    5200   315.010   314.777 
    5210   314.940   314.883 
    5220   314.937   314.884 
    5230   314.936   314.883 
    5240   314.937   314.884 
    5250   314.709   314.892 
    5260   314.938   314.883 
    5270   314.937   314.884 
    5280   314.941   314.884 
    5290   314.937   314.884 
    5300   314.938   314.873 
    5310   314.937   314.884 
    5320   314.937   314.884 
    5330   314.937   314.882 
    5340   314.935   314.884 
    5350   314.937   314.879 
    5360   314.937   314.884 
    5370   314.937   314.884 
    5380   314.937   314.884 
    5390   314.938   314.884 
    5400   314.943   314.883 
    5410   314.937   314.884 
    5420   314.937   314.884 
    5430   314.942   314.884 
    5440   314.937   314.884 
    5450   314.938   314.887 
    5460   314.938   314.885 
    5470   314.937   314.884 
    5480   314.937   314.885 
    5490   314.938   314.884 
    5500   314.934   314.884 
    5510   314.937   314.884 
    5520   314.937   314.884 
    5530   314.936   314.903 
    5540   314.937   314.884 
    5550   314.939   314.884 
    5560   314.937   314.883 
    5570   314.937   314.884 
    5580   314.937   314.883 
    5590   314.937   314.884 
    5600   314.911   314.886 
    5610   314.937   314.884 
    5620   314.937   314.884 
    5630   314.939   314.883 
    5640   314.937   314.884 
    5650   314.966   314.884 
    5660   314.937   314.886 
    5670   314.937   314.884 
    5680   314.937   314.886 
    5690   314.937   314.884 
    5700   315.157   314.884 
    5710   314.937   314.883 
    5720   314.937   314.884 
    5730   314.939   314.878 
    5740   314.938   314.884 
    5750   314.945   314.884 
    5760   314.937   314.884 
    5770   314.937   314.884 
    5780   314.937   314.892 
    5790   314.937   314.884 
    5800   314.936   314.884 
    5810   314.937   314.884 
    5820   314.937   314.884 
    5830   314.940   314.884 
    5840   314.937   314.884 
    5850   314.952   314.922 
    5860   314.938   314.884 
    5870   314.937   314.884 
    5880   314.940   314.884 
    5890   314.937   314.884 
    5900   314.938   314.889 
    5910   314.937   314.884 
    5920   314.937   314.884 
    5930   314.937   314.883 
    5940   314.937   314.884 
    5950   314.935   314.893 
    5960   314.950   314.884 
    5970   314.937   314.884 
    5980   314.937   314.880 
    5990   314.937   314.884 
    6000   314.813   314.884 
    6010   314.937   314.884 
    6020   314.937   314.884 
    6030   314.937   314.883 
    6040   314.937   314.884 
    6050   314.925   314.888 
    6060   314.937   314.886 
    6070   314.937   314.884 
    6080   314.935   314.889 
    6090   314.937   314.884 
    6100   314.957   314.875 
    6110   314.947   314.884 
    6120   314.938   314.884 
    6130   314.937   314.884 
    6140   314.937   314.883 
    6150   314.860   314.846 
    6160   314.939   314.884 
    6170   314.937   314.884 
    6180   314.931   314.884 
    6190   314.937   314.884 
    6200   314.937   314.885 
    6210   314.937   314.884 
    6220   314.937   314.884 
    6230   314.937   314.883 
    6240   314.937   314.884 
    6250   314.840   314.885 
    6260   314.937   314.884 
    6270   314.937   314.884 
    6280   314.937   314.883 
    6290   314.938   314.884 
    6300   314.937   314.883 
    6310   314.937   314.884 
    6320   314.937   314.884 
    6330   314.937   314.886 
    6340   314.937   314.884 
    6350   314.866   314.884 
    6360   314.938   314.883 
    6370   314.937   314.884 
    6380   314.937   314.883 
    6390   314.937   314.884 
    6400   315.014   314.879 
    6410   314.938   314.884 
    6420   314.937   314.884 
    6430   314.938   314.871 
    6440   314.937   314.883 
    6450   314.802   314.884 
    6460   314.938   314.884 
    6470   314.938   314.884 
    6480   314.937   314.884 
    6490   314.938   314.888 
    6500   315.179   314.884 
    6510   314.937   314.884 
    6520   314.937   314.884 
    6530   314.937   314.884 
    6540   314.937   314.884 
    6550   314.939   314.887 
    6560   314.937   314.882 
    6570   314.937   314.884 
    6580   314.937   314.886 
    6590   314.937   314.884 
    6600   314.909   314.896 
    6610   314.937   314.884 
    6620   314.937   314.884 
    6630   314.938   314.884 
    6640   314.937   314.884 
    6650   314.934   314.886 
    6660   314.938   314.883 
    6670   314.937   314.884 
    6680   314.939   314.862 
    6690   314.938   314.884 
    6700   314.937   314.884 
    6710   314.937   314.884 
    6720   314.939   314.884 
    6730   314.937   314.881 
    6740   314.937   314.884 
    6750   314.937   314.878 
    6760   314.937   314.883 
    6770   314.937   314.884 
    6780   314.937   314.881 
    6790   314.937   314.884 
    6800   314.929   314.884 
    6810   314.937   314.884 
    6820   314.937   314.884 
    6830   314.937   314.883 
    6840   314.937   314.884 
    6850   314.942   314.885 
    6860   314.939   314.885 
    6870   314.937   314.884 
    6880   314.937   314.882 
    6890   314.937   314.883 
    6900   314.949   314.829 
    6910   314.937   314.884 
    6920   314.937   314.884 
    6930   314.932   314.883 
    6940   314.937   314.884 
    6950   314.874   314.854 
    6960   314.939   314.884 
    6970   314.937   314.884 
    6980   314.931   314.884 
    6990   314.937   314.884 
    7000   314.938   314.874 
    7010   314.937   314.884 
    7020   314.937   314.884 
    7030   314.938   314.884 
    7040   314.938   314.884 
    7050   314.942   314.884 
    7060   314.937   314.883 
    7070   314.937   314.884 
    7080   314.937   314.887 
    7090   314.937   314.884 
    7100   315.168   314.884 
    7110   314.938   314.883 
    7120   314.937   314.884 
    7130   314.936   314.884 
    7140   314.936   314.884 
    7150   314.937   314.880 
    7160   314.937   314.884 
    7170   314.937   314.884 
    7180   314.937   314.883 
    7190   314.937   314.884 
    7200   315.129   314.871 
    7210   314.937   314.884 
    7220   314.937   314.884 
    7230   314.937   314.884 
    7240   314.937   314.884 
    7250   314.932   314.884 
    7260   314.937   314.884 
    7270   314.937   314.884 
    7280   314.937   314.880 
    7290   314.937   314.884 
    7300   314.831   314.883 
    7310   314.939   314.883 
    7320   314.937   314.884 
    7330   314.937   314.883 
    7340   314.937   314.884 
    7350   314.827   314.880 
    7360   314.937   314.883 
    7370   314.938   314.884 
    7380   314.937   314.884 
    7390   314.937   314.884 
    7400   315.192   314.854 
    7410   314.938   314.884 
    7420   314.937   314.884 
    7430   314.938   314.884 
    7440   314.937   314.884 
    7450   314.937   314.879 
    7460   314.937   314.884 
    7470   314.937   314.884 
    7480   314.937   314.884 
    7490   314.937   314.884 
    7500   315.300   314.906 
    7510   314.938   314.884 
    7520   314.937   314.884 
    7530   314.941   314.884 
    7540   314.937   314.884 
    7550   314.937   314.881 
    7560   314.937   314.884 
    7570   314.937   314.884 
    7580   314.937   314.882 
    7590   314.937   314.884 
    7600   314.935   314.885 
    7610   314.937   314.884 
    7620   314.937   314.884 
    7630   314.937   314.890 
    7640   314.938   314.884 
    7650   314.942   314.884 
    7660   314.937   314.882 
    7670   314.937   314.884 
    7680   314.937   314.881 
    7690   314.937   314.884 
    7700   315.196   314.884 
    7710   314.937   314.885 
    7720   314.937   314.884 
    7730   314.944   314.884 
    7740   314.937   314.884 
    7750   315.023   314.948 
    7760   314.938   314.884 
    7770   314.937   314.884 
    7780   314.937   314.884 
    7790   314.937   314.884 
    7800   314.952   314.881 
    7810   314.937   314.884 
    7820   314.937   314.884 
    7830   314.937   314.885 
    7840   314.937   314.886 
    7850   315.263   314.884 
    7860   314.937   314.884 
    7870   314.937   314.884 
    7880   314.937   314.884 
    7890   314.937   314.884 
    7900   314.926   314.890 
    7910   314.938   314.883 
    7920   314.937   314.884 
    7930   314.937   314.884 
    7940   314.937   314.884 
    7950   315.049   314.859 
    7960   314.951   314.883 
    7970   314.937   314.883 
    7980   314.937   314.884 
    7990   314.937   314.884 
    8000   314.955   314.887 
    8010   314.937   314.884 
    8020   314.937   314.884 
    8030   314.937   314.882 
    8040   314.935   314.884 
    8050   314.938   314.881 
    8060   314.937   314.884 
    8070   314.937   314.884 
    8080   314.937   314.884 
    8090   314.937   314.884 
    8100   314.754   314.858 
    8110   314.938   314.884 
    8120   314.937   314.884 
    8130   314.932   314.884 
    8140   314.937   314.884 
    8150   314.937   314.872 
    8160   314.937   314.884 
    8170   314.937   314.884 
    8180   314.937   314.876 
    8190   314.937   314.884 
    8200   315.034   314.885 
    8210   314.937   314.884 
    8220   314.937   314.884 
    8230   314.936   314.888 
    8240   314.938   314.884 
    8250   314.920   314.879 
    8260   314.937   314.884 
    8270   314.937   314.884 
    8280   314.938   314.884 
    8290   314.938   314.884 
    8300   314.941   314.883 
    8310   314.937   314.884 
    8320   314.937   314.884 
    8330   314.937   314.885 
    8340   314.937   314.884 
    8350   314.934   314.883 
    8360   314.937   314.886 
    8370   314.937   314.884 
    8380   314.937   314.884 
    8390   314.937   314.884 
    8400   314.920   314.951 
    8410   314.959   314.884 
    8420   314.938   314.884 
    8430   314.938   314.883 
    8440   314.938   314.884 
    8450   314.932   314.883 
    8460   314.937   314.884 
    8470   314.937   314.884 
    8480   314.935   314.911 
    8490   314.937   314.885 
    8500   314.997   314.884 
    8510   314.937   314.883 
    8520   314.937   314.884 
    8530   314.937   314.881 
    8540   314.937   314.884 
    8550   314.937   314.888 
    8560   314.938   314.884 
    8570   314.937   314.884 
    8580   314.937   314.885 
    8590   314.937   314.884 
    8600   314.878   314.867 
    8610   314.959   314.884 
    8620   314.937   314.884 
    8630   314.937   314.885 
    8640   314.937   314.884 
    8650   315.018   314.884 
    8660   314.937   314.884 
    8670   314.938   314.884 
    8680   314.936   314.874 
    8690   314.937   314.884 
    8700   314.944   314.882 
    8710   314.937   314.883 
    8720   314.937   314.884 
    8730   314.937   314.884 
    8740   314.937   314.884 
    8750   314.935   314.865 
    8760   314.947   314.884 
    8770   314.938   314.884 
    8780   314.936   314.884 
    8790   314.937   314.884 
    8800   314.904   314.886 
    8810   314.937   314.884 
    8820   314.943   314.884 
    8830   314.937   314.886 
    8840   314.935   314.884 
    8850   314.938   314.885 
    8860   314.937   314.884 
    8870   314.937   314.884 
    8880   314.939   314.914 
    8890   314.937   314.884 
    8900   315.081   314.884 
    8910   314.937   314.885 
    8920   314.937   314.884 
    8930   314.937   314.884 
    8940   314.940   314.885 
    8950   314.937   314.881 
    8960   314.937   314.884 
    8970   314.937   314.884 
    8980   314.937   314.883 
    8990   314.937   314.884 
    9000   314.985   314.883 
    9010   314.937   314.884 
    9020   314.937   314.884 
    9030   314.937   314.884 
    9040   314.938   314.884 
    9050   314.932   314.884 
    9060   314.937   314.884 
    9070   314.937   314.884 
    9080   314.937   314.887 
    9090   314.938   314.884 
    9100   314.937   314.883 
    9110   314.937   314.883 
    9120   314.937   314.884 
    9130   314.937   314.884 
    9140   314.937   314.884 
    9150   314.930   314.885 
    9160   314.938   314.882 
    9170   314.937   314.884 
    9180   314.937   314.884 
    9190   314.937   314.884 
    9200   314.960   314.867 
    9210   314.937   314.883 
    9220   314.937   314.884 
    9230   314.938   314.884 
    9240   314.937   314.884 
    9250   314.936   314.887 
    9260   314.937   314.884 
    9270   314.937   314.884 
    9280   314.937   314.884 
    9290   314.937   314.884 
    9300   314.951   314.837 
    9310   314.939   314.885 
    9320   314.937   314.884 
    9330   314.937   314.883 
    9340   314.937   314.884 
    9350   314.980   314.882 
    9360   314.938   314.884 
    9370   314.937   314.884 
    9380   314.937   314.889 
    9390   314.937   314.884 
    9400   314.720   314.884 
    9410   314.937   314.884 
    9420   314.937   314.884 
    9430   314.937   314.884 
    9440   314.937   314.884 
    9450   314.942   314.884 
    9460   314.937   314.884 
    9470   314.937   314.884 
    9480   314.937   314.879 
    9490   314.937   314.884 
    9500   315.271   314.884 
    9510   314.938   314.884 
    9520   314.937   314.884 
    9530   314.937   314.882 
    9540   314.937   314.884 
    9550   314.938   314.911 
    9560   314.938   314.885 
    9570   314.937   314.884 
    9580   314.937   314.882 
    9590   314.938   314.884 
    9600   314.977   314.887 
    9610   314.937   314.884 
    9620   314.937   314.884 
    9630   314.937   314.881 
    9640   314.937   314.884 
    9650   314.632   314.899 
    9660   314.950   314.884 
    9670   314.937   314.884 
    9680   314.937   314.884 
    9690   314.937   314.884 
    9700   315.194   314.887 
    9710   314.937   314.884 
    9720   314.937   314.884 
    9730   314.937   314.884 
    9740   314.937   314.884 
    9750   314.938   314.966 
    9760   314.938   314.884 
    9770   314.937   314.884 
    9780   314.937   314.884 
    9790   314.937   314.884 
    9800   314.958   314.889 
    9810   314.937   314.884 
    9820   314.937   314.884 
    9830   314.936   314.885 
    9840   314.937   314.884 
    9850   315.236   314.875 
    9860   314.937   314.884 
    9870   314.937   314.884 
    9880   314.937   314.884 
    9890   314.937   314.884 
    9900   314.929   314.883 
    9910   314.937   314.884 
    9920   314.937   314.884 
    9930   314.937   314.884 
    9940   314.937   314.884 
    9950   315.004   314.920 
    9960   314.939   314.883 
    9970   314.937   314.884 
    9980   314.936   314.884 
    9990   314.937   314.884 
   10000   314.937   314.884 
