       0   204.934   204.916 
      10   209.308   209.764 
      20   209.753   209.811 
      30   209.850   209.838 
      40   209.865   209.868 
      50   209.879   209.805 
      60   210.114   210.038 
      70   209.874   209.874 
      80   209.896   209.882 
      90   209.912   209.897 
     100   209.893   209.885 
     110   209.896   209.961 
     120   209.893   209.873 
     130   209.895   209.888 
     140   209.898   209.898 
     150   209.898   209.892 
     160   209.896   209.863 
     170   209.904   209.896 
     180   209.914   209.899 
     190   209.910   209.900 
     200   209.896   209.899 
     210   209.904   209.892 
     220   209.905   209.857 
     230   209.911   209.897 
     240   209.959   209.895 
     250   209.918   209.895 
     260   209.912   209.902 
     270   209.914   209.902 
     280   209.918   209.901 
     290   209.920   209.902 
     300   209.918   209.902 
     310   209.914   209.904 
     320   209.916   209.902 
     330   209.916   209.907 
     340   209.916   209.905 
     350   209.922   209.902 
     360   209.916   209.906 
     370   209.919   209.907 
     380   209.920   209.907 
     390   209.913   209.907 
     400   209.920   209.906 
     410   209.911   209.908 
     420   209.928   209.909 
     430   209.935   209.906 
     440   209.916   209.891 
     450   209.927   209.920 
     460   209.925   209.912 
     470   209.921   209.913 
     480   209.928   209.915 
     490   209.930   209.920 
     500   209.910   209.836 
     510   209.926   209.913 
     520   209.927   209.913 
     530   209.932   209.911 
     540   209.951   209.907 
     550   209.900   209.924 
     560   209.928   209.913 
     570   209.938   209.894 
     580   209.926   209.921 
     590   209.927   209.913 
     600   209.904   209.915 
     610   209.930   209.915 
     620   209.931   209.919 
     630   209.928   209.909 
     640   209.927   209.914 
     650   209.857   209.903 
     660   209.930   209.909 
     670   209.929   209.914 
     680   209.929   209.918 
     690   209.930   209.915 
     700   209.937   209.907 
     710   209.930   209.915 
     720   209.930   209.914 
     730   209.931   209.912 
     740   209.929   209.914 
     750   209.926   209.909 
     760   209.931   209.915 
     770   209.931   209.915 
     780   209.930   209.918 
     790   209.933   209.913 
     800   209.916   209.953 
     810   209.933   209.916 
     820   209.929   209.911 
     830   209.932   209.917 
     840   209.932   209.917 
     850   209.981   209.896 
     860   209.933   209.913 
     870   209.933   209.915 
     880   209.933   209.916 
     890   209.933   209.917 
     900   209.980   209.913 
     910   209.934   209.915 
     920   209.934   209.916 
     930   209.934   209.915 
     940   209.927   209.916 
     950   209.752   209.898 
     960   209.935   209.914 
     970   209.935   209.916 
     980   209.935   209.918 
     990   209.928   209.917 
    1000   210.010   209.919 
    1010   209.936   209.917 
    1020   209.935   209.918 
    1030   209.934   209.918 
    1040   209.943   209.918 
    1050   209.935   209.918 
    1060   209.937   209.918 
    1070   209.937   209.917 
    1080   209.940   209.910 
    1090   209.937   209.918 
    1100   209.893   209.883 
    1110   209.938   209.919 
    1120   209.939   209.920 
    1130   209.937   209.909 
    1140   209.948   209.917 
    1150   209.945   209.917 
    1160   209.939   209.919 
    1170   209.940   209.918 
    1180   209.939   209.918 
    1190   209.929   209.919 
    1200   209.902   209.908 
    1210   209.943   209.921 
    1220   209.946   209.928 
    1230   209.943   209.942 
    1240   209.942   209.927 
    1250   209.947   209.919 
    1260   209.944   209.920 
    1270   209.933   209.929 
    1280   209.937   209.917 
    1290   209.929   209.916 
    1300   209.946   209.922 
    1310   209.945   209.921 
    1320   209.939   209.923 
    1330   209.949   209.902 
    1340   209.949   209.932 
    1350   209.944   209.926 
    1360   209.947   209.922 
    1370   209.953   209.922 
    1380   209.956   209.919 
    1390   209.963   209.920 
    1400   209.954   209.919 
    1410   209.950   209.923 
    1420   209.956   209.935 
    1430   209.950   209.925 
    1440   209.950   209.922 
    1450   209.959   209.919 
    1460   209.951   209.921 
    1470   209.950   209.920 
    1480   209.951   209.918 
    1490   209.939   209.921 
    1500   209.935   209.916 
    1510   209.952   209.921 
    1520   209.953   209.922 
    1530   209.954   209.902 
    1540   209.955   209.919 
    1550   209.971   209.988 
    1560   209.955   209.922 
    1570   209.956   209.921 
    1580   209.955   209.925 
    1590   209.959   209.920 
    1600   209.962   209.920 
    1610   209.942   209.922 
    1620   209.958   209.917 
    1630   209.956   209.926 
    1640   210.007   209.857 
    1650   209.958   209.925 
    1660   209.948   209.921 
    1670   209.958   209.921 
    1680   209.958   209.915 
    1690   209.974   209.913 
    1700   209.941   209.921 
    1710   209.959   209.921 
    1720   209.960   209.921 
    1730   209.953   209.911 
    1740   209.946   209.935 
    1750   209.960   209.917 
    1760   209.942   209.921 
    1770   209.956   209.920 
    1780   209.948   209.917 
    1790   209.937   209.917 
    1800   209.920   209.907 
    1810   209.962   209.919 
    1820   209.959   209.925 
    1830   209.962   209.925 
    1840   209.966   209.920 
    1850   209.639   209.921 
    1860   209.959   209.917 
    1870   209.962   209.919 
    1880   209.963   209.912 
    1890   209.963   209.920 
    1900   209.958   209.919 
    1910   209.959   209.915 
    1920   209.963   209.920 
    1930   209.964   209.914 
    1940   209.963   209.920 
    1950   209.963   209.915 
    1960   209.972   209.920 
    1970   209.958   209.921 
    1980   209.959   209.920 
    1990   209.963   209.924 
    2000   209.961   209.963 
    2010   210.030   209.921 
    2020   209.972   209.920 
    2030   209.973   209.922 
    2040   209.962   209.922 
    2050   209.967   209.916 
    2060   209.966   209.922 
    2070   209.995   209.950 
    2080   209.962   209.913 
    2090   209.980   209.914 
    2100   209.938   209.936 
    2110   209.963   209.921 
    2120   209.965   209.921 
    2130   209.963   209.926 
    2140   209.953   209.917 
    2150   209.965   209.923 
    2160   209.963   209.921 
    2170   209.965   209.922 
    2180   209.959   209.923 
    2190   209.967   209.925 
    2200   209.988   209.913 
    2210   209.964   209.921 
    2220   209.958   209.926 
    2230   209.962   209.921 
    2240   209.921   209.920 
    2250   209.962   209.921 
    2260   209.965   209.922 
    2270   209.968   209.922 
    2280   209.963   209.922 
    2290   209.964   209.923 
    2300   209.963   209.919 
    2310   209.965   209.923 
    2320   209.965   209.924 
    2330   209.969   209.926 
    2340   209.954   209.920 
    2350   209.957   209.922 
    2360   209.970   209.922 
    2370   209.991   209.910 
    2380   209.964   209.919 
    2390   209.914   209.859 
    2400   209.946   209.915 
    2410   209.967   209.923 
    2420   209.959   209.925 
    2430   209.966   209.924 
    2440   209.964   209.924 
    2450   209.964   209.935 
    2460   209.952   209.925 
    2470   209.961   209.924 
    2480   209.952   209.936 
    2490   209.998   209.900 
    2500   209.960   209.934 
    2510   209.954   209.924 
    2520   209.928   209.913 
    2530   209.966   209.925 
    2540   209.956   209.854 
    2550   209.965   209.937 
    2560   209.941   209.926 
    2570   209.966   209.921 
    2580   209.963   209.930 
    2590   209.975   209.943 
    2600   209.967   209.935 
    2610   209.946   209.929 
    2620   209.985   209.928 
    2630   209.964   209.928 
    2640   209.950   209.928 
    2650   209.923   209.926 
    2660   209.960   209.928 
    2670   209.963   209.930 
    2680   209.967   209.933 
    2690   209.940   209.928 
    2700   209.964   209.933 
    2710   209.935   209.944 
    2720   209.969   209.930 
    2730   209.966   209.936 
    2740   209.968   209.935 
    2750   209.983   209.929 
    2760   209.968   209.935 
    2770   209.967   209.935 
    2780   209.967   209.937 
    2790   209.964   209.937 
    2800   209.969   209.936 
    2810   210.004   209.942 
    2820   209.986   209.936 
    2830   209.977   209.960 
    2840   209.968   209.915 
    2850   209.968   209.940 
    2860   209.968   209.938 
    2870   209.973   209.940 
    2880   209.969   209.942 
    2890   210.008   209.934 
    2900   209.868   209.951 
    2910   209.986   209.939 
    2920   209.966   209.940 
    2930   209.970   209.945 
    2940   209.978   209.960 
    2950   209.968   209.940 
    2960   209.960   209.937 
    2970   209.970   209.944 
    2980   209.972   209.922 
    2990   209.972   209.937 
    3000   209.964   209.941 
    3010   209.971   209.940 
    3020   209.974   209.945 
    3030   209.971   209.934 
    3040   209.966   209.940 
    3050   209.969   209.939 
    3060   210.002   209.941 
    3070   209.968   209.942 
    3080   209.988   209.939 
    3090   209.982   210.016 
    3100   209.970   209.939 
    3110   209.981   209.942 
    3120   209.981   209.943 
    3130   209.966   209.938 
    3140   209.934   209.914 
    3150   209.986   209.968 
    3160   209.971   209.942 
    3170   209.977   209.940 
    3180   209.970   209.942 
    3190   209.936   209.940 
    3200   209.906   209.930 
    3210   209.970   209.940 
    3220   209.971   209.945 
    3230   209.971   209.943 
    3240   209.970   209.943 
    3250   209.972   209.943 
    3260   209.970   209.943 
    3270   209.970   209.948 
    3280   209.969   209.945 
    3290   209.976   209.944 
    3300   209.990   209.933 
    3310   209.950   209.975 
    3320   209.966   209.944 
    3330   209.971   209.946 
    3340   209.985   209.913 
    3350   209.974   209.939 
    3360   209.885   209.947 
    3370   209.982   209.944 
    3380   209.970   209.947 
    3390   209.969   209.946 
    3400   209.969   209.949 
    3410   210.006   209.946 
    3420   209.967   209.948 
    3430   209.977   209.942 
    3440   210.023   209.876 
    3450   209.994   209.942 
    3460   209.961   210.173 
    3470   210.072   210.092 
    3480   209.966   209.967 
    3490   209.912   209.913 
    3500   209.964   209.943 
    3510   209.964   209.713 
    3520   209.977   209.888 
    3530   209.974   209.945 
    3540   209.969   209.948 
    3550   209.974   209.945 
    3560   209.973   209.946 
    3570   209.977   209.947 
    3580   209.985   209.936 
    3590   209.968   209.936 
    3600   209.961   209.919 
    3610   209.966   209.947 
    3620   209.978   209.946 
    3630   209.974   209.949 
    3640   209.980   209.933 
    3650   209.961   209.950 
    3660   209.970   209.947 
    3670   209.972   209.946 
    3680   209.973   209.948 
    3690   209.972   209.947 
    3700   209.967   209.942 
    3710   209.979   209.948 
    3720   209.973   209.948 
    3730   209.974   209.946 
    3740   209.984   209.944 
    3750   209.969   209.947 
    3760   209.972   209.947 
    3770   209.972   209.948 
    3780   209.973   209.945 
    3790   209.967   209.946 
    3800   209.967   209.945 
    3810   209.972   209.950 
    3820   209.973   209.948 
    3830   209.972   209.950 
    3840   209.973   209.949 
    3850   209.977   209.943 
    3860   209.971   209.949 
    3870   209.978   209.953 
    3880   209.968   209.943 
    3890   209.968   209.951 
    3900   209.969   209.959 
    3910   209.971   209.949 
    3920   209.972   209.949 
    3930   209.972   209.947 
    3940   209.971   209.950 
    3950   209.974   209.945 
    3960   209.970   209.950 
    3970   209.971   209.950 
    3980   209.971   209.952 
    3990   209.971   209.950 
    4000   209.966   209.949 
    4010   209.971   209.950 
    4020   209.971   209.951 
    4030   209.971   209.963 
    4040   209.975   209.951 
    4050   210.020   209.941 
    4060   209.971   209.941 
    4070   209.971   209.963 
    4080   209.970   209.952 
    4090   209.982   209.951 
    4100   209.979   209.950 
    4110   209.972   209.951 
    4120   209.968   209.955 
    4130   209.970   209.950 
    4140   209.967   209.959 
    4150   209.970   209.958 
    4160   209.974   209.952 
    4170   209.970   209.952 
    4180   209.978   209.950 
    4190   209.973   209.952 
    4200   209.972   209.950 
    4210   209.971   209.953 
    4220   209.970   209.953 
    4230   209.970   209.955 
    4240   209.973   209.952 
    4250   209.962   209.953 
    4260   209.970   209.953 
    4270   209.969   209.958 
    4280   209.971   209.956 
    4290   209.974   209.953 
    4300   209.948   209.943 
    4310   209.970   209.953 
    4320   209.962   209.964 
    4330   209.970   209.952 
    4340   209.962   209.947 
    4350   209.972   209.957 
    4360   209.969   209.954 
    4370   209.970   209.954 
    4380   209.967   209.954 
    4390   209.970   209.954 
    4400   209.970   209.951 
    4410   209.970   209.955 
    4420   209.969   209.954 
    4430   209.970   209.956 
    4440   209.965   209.949 
    4450   209.968   209.951 
    4460   209.968   209.954 
    4470   209.972   209.954 
    4480   209.969   209.953 
    4490   209.947   209.928 
    4500   209.981   209.979 
    4510   209.970   209.954 
    4520   209.984   209.944 
    4530   209.969   209.956 
    4540   209.971   209.954 
    4550   209.965   209.956 
    4560   209.969   209.956 
    4570   209.970   209.956 
    4580   209.970   209.953 
    4590   209.969   209.955 
    4600   209.968   209.955 
    4610   209.970   209.955 
    4620   209.969   209.956 
    4630   209.971   209.956 
    4640   209.937   209.945 
    4650   209.977   209.958 
    4660   209.969   209.955 
    4670   209.970   209.956 
    4680   209.969   209.957 
    4690   209.967   209.955 
    4700   209.966   209.922 
    4710   209.970   209.956 
    4720   209.970   209.956 
    4730   209.969   209.956 
    4740   209.970   209.962 
    4750   209.978   209.978 
    4760   209.973   209.955 
    4770   209.969   209.956 
    4780   209.971   209.959 
    4790   209.969   209.955 
    4800   209.971   209.953 
    4810   209.968   209.956 
    4820   209.970   209.957 
    4830   209.971   209.955 
    4840   209.967   209.954 
    4850   209.955   209.925 
    4860   209.968   209.956 
    4870   209.969   209.957 
    4880   209.967   209.963 
    4890   209.969   209.957 
    4900   209.969   209.963 
    4910   210.076   209.955 
    4920   209.987   209.957 
    4930   209.968   209.957 
    4940   209.969   209.956 
    4950   209.973   210.045 
    4960   209.962   209.957 
    4970   209.969   209.957 
    4980   209.972   209.959 
    4990   209.969   209.957 
    5000   209.978   209.960 
    5010   209.969   209.957 
    5020   209.969   209.957 
    5030   209.969   209.958 
    5040   209.963   209.957 
    5050   209.975   209.956 
    5060   209.968   209.957 
    5070   209.963   209.964 
    5080   209.967   209.958 
    5090   209.968   209.955 
    5100   209.968   209.951 
    5110   209.968   209.963 
    5120   209.968   209.957 
    5130   209.970   209.959 
    5140   209.968   209.958 
    5150   209.978   209.959 
    5160   209.968   209.958 
    5170   209.968   209.958 
    5180   209.965   209.958 
    5190   209.968   209.958 
    5200   209.968   209.958 
    5210   209.970   209.958 
    5220   209.970   209.958 
    5230   209.966   209.957 
    5240   209.965   209.966 
    5250   209.970   209.954 
    5260   209.970   209.958 
    5270   209.966   209.958 
    5280   209.971   209.954 
    5290   209.977   209.944 
    5300   209.962   209.972 
    5310   209.968   209.958 
    5320   209.968   209.959 
    5330   209.967   209.958 
    5340   209.967   209.958 
    5350   209.965   209.951 
    5360   209.967   209.959 
    5370   209.943   209.966 
    5380   209.967   209.960 
    5390   209.968   209.958 
    5400   209.964   209.963 
    5410   209.968   209.959 
    5420   209.959   209.957 
    5430   209.967   209.962 
    5440   209.968   209.958 
    5450   209.962   209.956 
    5460   209.968   209.959 
    5470   209.968   209.959 
    5480   209.968   209.958 
    5490   209.971   209.961 
    5500   209.964   209.953 
    5510   209.968   209.959 
    5520   209.969   209.958 
    5530   209.969   209.958 
    5540   209.968   209.960 
    5550   209.961   209.975 
    5560   209.966   209.959 
    5570   209.968   209.959 
    5580   209.966   209.959 
    5590   209.967   209.958 
    5600   209.968   209.966 
    5610   209.970   209.959 
    5620   209.968   209.960 
    5630   209.971   209.960 
    5640   209.968   209.961 
    5650   209.975   209.939 
    5660   209.968   209.958 
    5670   209.968   209.960 
    5680   209.967   209.960 
    5690   209.965   209.959 
    5700   209.969   210.035 
    5710   209.976   209.960 
    5720   209.980   209.960 
    5730   209.968   209.962 
    5740   209.955   209.947 
    5750   209.972   209.966 
    5760   209.968   209.958 
    5770   209.970   209.949 
    5780   209.968   209.962 
    5790   209.964   209.960 
    5800   209.971   209.958 
    5810   209.967   209.960 
    5820   209.967   209.960 
    5830   209.970   209.963 
    5840   209.980   209.938 
    5850   209.968   209.966 
    5860   209.970   209.959 
    5870   209.966   209.960 
    5880   209.966   209.964 
    5890   209.967   209.960 
    5900   209.970   209.951 
    5910   209.967   209.960 
    5920   209.966   209.960 
    5930   209.966   209.963 
    5940   209.969   209.961 
    5950   209.934   209.940 
    5960   209.966   209.960 
    5970   209.968   209.914 
    5980   209.966   209.960 
    5990   209.963   209.961 
    6000   209.642   209.906 
    6010   209.966   209.962 
    6020   209.966   209.961 
    6030   209.966   209.961 
    6040   209.965   209.961 
    6050   209.960   209.955 
    6060   209.966   209.962 
    6070   209.962   209.964 
    6080   209.966   209.962 
    6090   209.965   209.962 
    6100   209.972   209.960 
    6110   209.966   209.961 
    6120   209.966   209.961 
    6130   209.966   209.962 
    6140   209.966   209.961 
    6150   209.967   209.962 
    6160   209.966   209.961 
    6170   209.966   209.961 
    6180   209.966   209.961 
    6190   209.964   209.961 
    6200   209.972   209.964 
    6210   209.965   209.962 
    6220   209.969   209.963 
    6230   209.966   209.962 
    6240   209.965   209.962 
    6250   209.934   209.904 
    6260   209.966   209.962 
    6270   209.965   209.962 
    6280   209.966   209.962 
    6290   209.966   209.961 
    6300   209.965   209.956 
    6310   209.963   209.962 
    6320   209.966   209.962 
    6330   259.325   212.443 
    6340   209.966   209.957 
    6350   209.965   209.965 
    6360   209.987   209.961 
    6370   209.958   209.962 
    6380   209.966   209.962 
    6390   209.966   209.958 
    6400   209.965   209.967 
    6410   209.968   209.963 
    6420   209.965   209.962 
    6430   209.966   209.964 
    6440   209.966   209.962 
    6450   209.958   209.962 
    6460   209.966   209.962 
    6470   209.966   209.963 
    6480   209.966   209.961 
    6490   209.966   209.962 
    6500   209.961   209.960 
    6510   209.966   209.962 
    6520   209.969   209.959 
    6530   209.966   209.963 
    6540   209.966   209.962 
    6550   209.988   209.922 
    6560   209.965   209.961 
    6570   209.965   209.967 
    6580   209.965   209.962 
    6590   209.964   209.962 
    6600   209.854   209.942 
    6610   209.965   209.962 
    6620   209.967   209.962 
    6630   209.965   209.963 
    6640   209.966   209.962 
    6650   209.963   209.959 
    6660   209.966   209.962 
    6670   209.968   209.961 
    6680   209.966   209.963 
    6690   209.966   209.962 
    6700   209.990   209.916 
    6710   209.965   209.961 
    6720   209.966   209.956 
    6730   209.966   209.963 
    6740   209.964   209.962 
    6750   209.963   209.987 
    6760   209.966   209.962 
    6770   209.966   209.962 
    6780   209.965   209.962 
    6790   209.965   209.962 
    6800   209.964   209.966 
    6810   209.965   209.962 
    6820   209.963   209.962 
    6830   209.962   209.967 
    6840   209.966   209.962 
    6850   209.966   209.958 
    6860   209.968   209.962 
    6870   209.967   209.962 
    6880   209.966   209.962 
    6890   209.966   209.962 
    6900   209.971   210.019 
    6910   209.968   209.962 
    6920   209.965   209.962 
    6930   209.965   209.963 
    6940   209.965   209.961 
    6950   209.967   209.970 
    6960   209.967   209.962 
    6970   209.962   209.964 
    6980   209.966   209.963 
    6990   209.964   209.962 
    7000   209.964   210.041 
    7010   209.964   209.963 
    7020   209.965   209.963 
    7030   209.965   209.968 
    7040   209.965   209.963 
    7050   209.970   209.962 
    7060   209.965   209.962 
    7070   209.965   209.965 
    7080   209.965   209.969 
    7090   209.965   209.963 
    7100   209.965   209.948 
    7110   209.967   209.963 
    7120   209.966   209.963 
    7130   209.965   209.963 
    7140   209.965   209.963 
    7150   209.956   209.962 
    7160   209.965   209.963 
    7170   209.948   209.988 
    7180   209.965   209.962 
    7190   209.966   209.963 
    7200   209.939   209.953 
    7210   209.965   209.963 
    7220   209.965   209.963 
    7230   209.965   209.964 
    7240   209.965   209.963 
    7250   209.957   209.957 
    7260   209.965   209.963 
    7270   209.965   209.964 
    7280   209.964   209.963 
    7290   209.965   209.963 
    7300   209.971   209.965 
    7310   209.964   209.964 
    7320   209.964   209.964 
    7330   209.964   209.964 
    7340   209.964   209.964 
    7350   209.968   209.999 
    7360   209.965   209.964 
    7370   209.965   209.964 
    7380   209.966   209.962 
    7390   209.964   209.964 
    7400   209.985   209.935 
    7410   209.964   209.963 
    7420   209.964   209.966 
    7430   209.964   209.963 
    7440   209.964   209.964 
    7450   209.964   209.983 
    7460   209.964   209.966 
    7470   209.964   209.964 
    7480   209.964   209.964 
    7490   209.964   209.964 
    7500   209.964   209.960 
    7510   209.961   209.964 
    7520   209.964   209.964 
    7530   209.964   209.964 
    7540   209.964   209.964 
    7550   209.962   209.910 
    7560   209.964   209.964 
    7570   209.964   209.964 
    7580   209.964   209.965 
    7590   209.964   209.964 
    7600   209.964   209.963 
    7610   209.964   209.964 
    7620   209.964   209.964 
    7630   209.964   209.964 
    7640   209.965   209.964 
    7650   209.962   210.006 
    7660   209.964   209.964 
    7670   209.963   209.961 
    7680   209.963   209.964 
    7690   209.964   209.964 
    7700   209.963   209.888 
    7710   209.966   209.964 
    7720   209.964   209.964 
    7730   209.964   209.964 
    7740   209.964   209.964 
    7750   209.962   209.961 
    7760   209.964   209.964 
    7770   209.965   209.964 
    7780   209.965   209.963 
    7790   209.964   209.964 
    7800   209.968   209.960 
    7810   209.964   209.964 
    7820   209.966   209.964 
    7830   209.964   209.962 
    7840   209.964   209.964 
    7850   209.968   209.944 
    7860   209.965   209.964 
    7870   209.964   209.964 
    7880   209.963   209.965 
    7890   209.964   209.964 
    7900   209.895   209.899 
    7910   209.964   209.964 
    7920   209.964   209.964 
    7930   276.864   215.324 
    7940   209.964   209.964 
    7950   209.967   209.960 
    7960   209.960   209.964 
    7970   209.963   209.964 
    7980   209.964   209.966 
    7990   209.964   209.964 
    8000   209.918   209.978 
    8010   209.964   209.963 
    8020   209.964   209.964 
    8030   209.964   209.964 
    8040   209.964   209.964 
    8050   209.963   209.965 
    8060   209.964   209.964 
    8070   209.963   209.964 
    8080   209.964   209.965 
    8090   209.964   209.964 
    8100   209.954   209.965 
    8110   209.965   209.963 
    8120   209.964   209.964 
    8130   209.964   209.964 
    8140   209.964   209.964 
    8150   209.964   209.964 
    8160   209.964   209.965 
    8170   209.964   209.964 
    8180   209.964   209.965 
    8190   209.964   209.964 
    8200   209.960   209.964 
    8210   209.964   209.968 
    8220   209.964   209.964 
    8230   209.964   209.965 
    8240   209.964   209.964 
    8250   209.960   209.963 
    8260   209.964   209.964 
    8270   209.963   209.961 
    8280   209.963   209.963 
    8290   209.964   209.964 
    8300   209.975   209.962 
    8310   209.964   209.964 
    8320   209.964   209.964 
    8330   209.981   209.971 
    8340   209.963   209.964 
    8350   209.928   209.954 
    8360   209.964   209.964 
    8370   209.964   209.964 
    8380   209.964   209.965 
    8390   209.964   209.964 
    8400   209.970   209.953 
    8410   209.965   209.964 
    8420   209.964   209.964 
    8430   209.963   209.965 
    8440   209.964   209.964 
    8450   209.926   209.856 
    8460   209.964   209.964 
    8470   209.964   209.964 
    8480   209.964   209.966 
    8490   209.964   209.964 
    8500   209.866   209.956 
    8510   209.964   209.964 
    8520   209.964   209.964 
    8530   209.963   209.963 
    8540   209.964   209.964 
    8550   209.965   209.964 
    8560   209.964   209.965 
    8570   209.964   209.964 
    8580   274.646   201.576 
    8590   209.964   209.964 
    8600   209.965   209.956 
    8610   209.962   209.968 
    8620   209.964   209.964 
    8630   209.964   209.964 
    8640   209.964   209.964 
    8650   209.964   209.960 
    8660   209.964   209.964 
    8670   209.964   209.964 
    8680   209.964   209.964 
    8690   209.964   209.964 
    8700   209.963   209.957 
    8710   209.964   209.964 
    8720   209.964   209.964 
    8730   209.963   209.964 
    8740   209.964   209.964 
    8750   209.924   209.935 
    8760   209.964   209.964 
    8770   209.964   209.964 
    8780   209.963   209.965 
    8790   209.964   209.964 
    8800   209.964   209.960 
    8810   209.964   209.964 
    8820   209.964   209.964 
    8830   209.960   209.964 
    8840   209.964   209.964 
    8850   209.953   209.959 
    8860   209.964   209.965 
    8870   209.964   209.964 
    8880   209.964   209.965 
    8890   209.964   209.964 
    8900   209.955   209.965 
    8910   209.964   209.965 
    8920   209.964   209.964 
    8930   209.964   209.966 
    8940   209.964   209.964 
    8950   210.024   209.969 
    8960   209.964   209.964 
    8970   209.964   209.964 
    8980   209.962   209.965 
    8990   209.964   209.964 
    9000   209.965   209.968 
    9010   209.964   209.964 
    9020   209.964   209.964 
    9030   209.964   209.964 
    9040   209.964   209.964 
    9050   209.944   209.852 
    9060   209.964   209.963 
    9070   209.964   209.964 
    9080   209.964   209.965 
    9090   209.964   209.964 
    9100   209.968   209.965 
    9110   209.964   209.965 
    9120   209.964   209.964 
    9130   209.963   209.965 
    9140   209.964   209.964 
    9150   209.922   209.968 
    9160   209.964   209.964 
    9170   209.964   209.964 
    9180   209.964   209.963 
    9190   209.964   209.964 
    9200   209.961   209.965 
    9210   209.964   209.965 
    9220   209.963   209.964 
    9230   209.964   209.965 
    9240   209.964   209.964 
    9250   209.966   209.965 
    9260   209.963   209.964 
    9270   209.964   209.964 
    9280   209.963   209.965 
    9290   209.964   209.964 
    9300   209.965   209.965 
    9310   209.964   209.964 
    9320   209.963   209.964 
    9330   209.965   209.964 
    9340   209.964   209.964 
    9350   209.964   209.962 
    9360   209.963   209.964 
    9370   209.964   209.964 
    9380   209.964   209.965 
    9390   209.964   209.964 
    9400   209.970   209.967 
    9410   209.964   209.964 
    9420   209.964   209.965 
    9430   209.963   209.964 
    9440   209.964   209.964 
    9450   209.960   209.968 
    9460   209.964   209.965 
    9470   209.964   209.964 
    9480   209.964   209.965 
    9490   209.964   209.964 
    9500   209.963   209.954 
    9510   209.964   209.964 
    9520   209.964   209.964 
    9530   209.965   209.960 
    9540   209.964   209.964 
    9550   209.958   209.921 
    9560   209.964   209.964 
    9570   209.964   209.964 
    9580   209.963   209.964 
    9590   209.964   209.964 
    9600   209.968   209.969 
    9610   209.964   209.964 
    9620   209.964   209.964 
    9630   209.964   209.951 
    9640   209.964   209.965 
    9650   209.962   209.964 
    9660   209.964   209.964 
    9670   209.964   209.963 
    9680   209.964   209.965 
    9690   209.964   209.964 
    9700   209.973   209.918 
    9710   209.964   209.964 
    9720   209.964   209.964 
    9730   209.966   209.965 
    9740   209.964   209.965 
    9750   209.987   209.936 
    9760   209.964   209.964 
    9770   209.964   209.965 
    9780   209.963   209.964 
    9790   209.964   209.964 
    9800   209.964   209.968 
    9810   209.964   209.964 
    9820   209.964   209.964 
    9830   209.964   209.965 
    9840   209.964   209.964 
    9850   209.947   209.936 
    9860   209.964   209.964 
    9870   209.964   209.964 
    9880   209.964   209.971 
    9890   209.964   209.964 
    9900   209.971   209.964 
    9910   209.964   209.964 
    9920   209.964   209.964 
    9930   209.963   209.966 
    9940   209.964   209.964 
    9950   209.958   209.967 
    9960   209.964   209.964 
    9970   209.964   209.964 
    9980    98.784   234.551 
    9990   209.964   209.964 
   10000   209.964   209.964 
