       0   194.974   194.942 
      10   199.366   199.801 
      20   199.781   199.925 
      30   199.882   199.868 
      40   199.913   199.867 
      50   199.911   199.837 
      60   200.096   200.019 
      70   199.913   199.900 
      80   199.956   199.918 
      90   199.925   199.926 
     100   199.923   199.916 
     110   199.928   199.916 
     120   199.938   199.825 
     130   199.937   199.918 
     140   199.904   199.914 
     150   199.898   199.908 
     160   199.938   199.919 
     170   199.943   199.919 
     180   199.942   199.921 
     190   199.941   199.921 
     200   199.942   199.919 
     210   199.946   199.920 
     220   199.946   199.922 
     230   199.943   199.924 
     240   199.969   199.909 
     250   199.997   199.878 
     260   199.946   199.922 
     270   199.944   199.925 
     280   199.947   199.921 
     290   199.968   199.949 
     300   199.948   199.926 
     310   199.949   199.923 
     320   199.943   199.925 
     330   199.948   199.923 
     340   199.947   199.922 
     350   199.948   199.892 
     360   199.946   199.924 
     370   199.950   199.924 
     380   199.948   199.925 
     390   199.951   199.924 
     400   199.952   199.922 
     410   199.950   199.925 
     420   199.949   199.924 
     430   199.950   199.925 
     440   199.952   199.928 
     450   199.949   199.929 
     460   199.949   199.925 
     470   199.951   199.925 
     480   199.951   199.924 
     490   199.953   199.921 
     500   199.944   199.951 
     510   199.951   199.925 
     520   199.950   199.925 
     530   199.976   199.919 
     540   199.952   199.925 
     550   199.944   199.928 
     560   199.951   199.925 
     570   199.953   199.932 
     580   199.952   199.926 
     590   199.957   199.925 
     600   200.027   199.896 
     610   199.951   199.926 
     620   199.951   199.929 
     630   199.952   199.926 
     640   199.952   199.926 
     650   199.922   199.925 
     660   199.952   199.926 
     670   199.954   199.933 
     680   199.952   199.926 
     690   199.952   199.926 
     700   199.952   199.980 
     710   199.953   199.926 
     720   199.952   199.926 
     730   199.953   199.926 
     740   199.953   199.926 
     750   199.953   199.926 
     760   199.953   199.926 
     770   199.952   199.926 
     780   199.955   199.927 
     790   199.953   199.925 
     800   199.957   199.884 
     810   199.953   199.926 
     820   199.953   199.926 
     830   199.952   199.925 
     840   199.953   199.926 
     850   199.964   199.918 
     860   199.953   199.926 
     870   199.953   199.926 
     880   204.929   106.909 
     890   199.953   199.926 
     900   199.933   199.925 
     910   199.953   199.926 
     920   199.953   199.926 
     930   199.953   199.926 
     940   199.953   199.926 
     950   199.945   199.927 
     960   199.954   199.926 
     970   199.953   199.926 
     980   199.953   199.926 
     990   199.953   199.926 
    1000   199.924   199.926 
    1010   199.953   199.927 
    1020   199.953   199.926 
    1030   199.953   199.926 
    1040   199.954   199.926 
    1050   199.939   199.926 
    1060   199.953   199.926 
    1070   199.953   199.924 
    1080   199.953   199.927 
    1090   199.953   199.926 
    1100   199.955   199.926 
    1110   199.953   199.927 
    1120   199.954   199.925 
    1130   199.953   199.927 
    1140   199.953   199.927 
    1150   199.956   199.936 
    1160   199.953   199.927 
    1170   199.952   199.928 
    1180   199.952   199.926 
    1190   199.953   199.927 
    1200   199.951   199.926 
    1210   199.953   199.927 
    1220   199.953   199.927 
    1230   199.953   199.927 
    1240   199.954   199.927 
    1250   199.961   199.926 
    1260   199.953   199.927 
    1270   199.953   199.927 
    1280   272.269   184.082 
    1290   199.953   199.927 
    1300   199.953   199.925 
    1310   199.952   199.927 
    1320   199.953   199.927 
    1330   212.051   111.078 
    1340   199.953   199.927 
    1350   199.951   199.926 
    1360   199.953   199.927 
    1370   199.953   199.927 
    1380   199.953   199.926 
    1390   199.953   199.927 
    1400   199.952   199.925 
    1410   199.953   199.927 
    1420   199.953   199.926 
    1430   199.955   199.928 
    1440   199.953   199.927 
    1450   199.941   199.921 
    1460   199.953   199.927 
    1470   199.953   199.927 
    1480   199.953   199.927 
    1490   199.954   199.924 
    1500   199.953   199.928 
    1510   199.953   199.927 
    1520   199.953   199.927 
    1530   199.952   199.927 
    1540   199.953   199.927 
    1550   199.959   199.934 
    1560   199.953   199.927 
    1570   199.953   199.927 
    1580   199.953   199.926 
    1590   199.953   199.927 
    1600   199.960   199.926 
    1610   199.953   199.927 
    1620   199.953   199.927 
    1630   199.951   199.927 
    1640   199.953   199.927 
    1650   199.953   199.933 
    1660   199.953   199.927 
    1670   199.953   199.927 
    1680   199.953   199.927 
    1690   199.953   199.927 
    1700   199.953   199.934 
    1710   199.953   199.927 
    1720   199.953   199.927 
    1730   199.953   199.930 
    1740   199.953   199.927 
    1750   199.949   199.928 
    1760   199.953   199.927 
    1770   199.952   199.928 
    1780   211.086   106.814 
    1790   199.953   199.927 
    1800   199.955   199.927 
    1810   199.953   199.927 
    1820   199.953   199.927 
    1830   199.954   199.925 
    1840   199.953   199.927 
    1850   199.955   199.924 
    1860   199.951   199.926 
    1870   199.953   199.927 
    1880   199.952   199.926 
    1890   199.953   199.927 
    1900   199.954   199.926 
    1910   199.953   199.927 
    1920   199.953   199.927 
    1930   199.952   199.926 
    1940   199.953   199.927 
    1950   199.952   199.959 
    1960   199.953   199.927 
    1970   199.953   199.927 
    1980   125.683   177.548 
    1990   199.953   199.927 
    2000   199.954   199.922 
    2010   199.953   199.927 
    2020   199.953   199.927 
    2030   199.953   199.927 
    2040   199.953   199.927 
    2050   199.951   199.933 
    2060   199.953   199.927 
    2070   199.953   199.927 
    2080   199.953   199.931 
    2090   199.952   199.927 
    2100   199.965   199.950 
    2110   199.953   199.927 
    2120   199.953   199.927 
    2130   199.969   199.937 
    2140   199.953   199.927 
    2150   199.952   199.932 
    2160   199.953   199.927 
    2170   199.953   199.927 
    2180   199.953   199.927 
    2190   199.953   199.927 
    2200   199.865   199.974 
    2210   199.953   199.927 
    2220   199.953   199.927 
    2230   199.952   199.927 
    2240   199.952   199.927 
    2250   199.943   199.926 
    2260   199.952   199.927 
    2270   199.953   199.927 
    2280   199.953   199.928 
    2290   199.953   199.927 
    2300   199.949   199.930 
    2310   199.953   199.927 
    2320   199.953   199.927 
    2330   199.950   199.928 
    2340   199.953   199.927 
    2350   199.949   199.928 
    2360   199.952   199.927 
    2370   199.953   199.927 
    2380   199.953   199.927 
    2390   199.953   199.927 
    2400   199.952   199.858 
    2410   199.956   199.927 
    2420   199.953   199.927 
    2430   199.953   199.927 
    2440   199.953   199.927 
    2450   199.943   199.927 
    2460   199.953   199.927 
    2470   199.953   199.927 
    2480   199.952   199.927 
    2490   199.953   199.927 
    2500   199.939   199.929 
    2510   199.953   199.927 
    2520   199.951   199.926 
    2530   199.953   199.927 
    2540   199.953   199.927 
    2550   199.952   199.922 
    2560   199.952   199.927 
    2570   199.953   199.927 
    2580   199.953   199.925 
    2590   199.953   199.927 
    2600   199.944   199.925 
    2610   199.953   199.927 
    2620   199.952   199.927 
    2630   199.953   199.927 
    2640   199.953   199.927 
    2650   199.950   199.926 
    2660   199.953   199.927 
    2670   199.954   199.928 
    2680   199.948   199.935 
    2690   199.953   199.927 
    2700   199.948   199.922 
    2710   199.953   199.927 
    2720   199.954   199.927 
    2730   199.953   199.927 
    2740   199.953   199.927 
    2750   199.976   199.925 
    2760   199.953   199.927 
    2770   199.953   199.927 
    2780   199.953   199.927 
    2790   199.953   199.927 
    2800   199.953   199.909 
    2810   199.953   199.928 
    2820   199.953   199.927 
    2830   199.953   199.927 
    2840   199.953   199.927 
    2850   200.003   199.927 
    2860   199.953   199.927 
    2870   199.953   199.927 
    2880   199.953   199.929 
    2890   199.953   199.927 
    2900   199.953   199.924 
    2910   199.953   199.927 
    2920   199.953   199.927 
    2930   199.930   199.948 
    2940   199.953   199.927 
    2950   199.924   199.934 
    2960   199.952   199.927 
    2970   199.953   199.927 
    2980   199.956   199.929 
    2990   199.952   199.927 
    3000   199.966   199.938 
    3010   199.953   199.927 
    3020   199.953   199.927 
    3030   199.952   199.928 
    3040   199.952   199.927 
    3050   199.950   199.886 
    3060   199.953   199.927 
    3070   199.953   199.927 
    3080   199.953   199.927 
    3090   199.953   199.927 
    3100   199.945   199.912 
    3110   199.952   199.928 
    3120   199.953   199.927 
    3130   199.947   199.929 
    3140   199.953   199.927 
    3150   199.953   199.931 
    3160   199.953   199.927 
    3170   199.953   199.927 
    3180   199.916   199.917 
    3190   199.953   199.927 
    3200   199.953   199.930 
    3210   199.953   199.927 
    3220   199.953   199.927 
    3230   199.952   199.928 
    3240   199.953   199.927 
    3250   199.952   199.926 
    3260   199.953   199.927 
    3270   199.952   199.927 
    3280   199.954   199.928 
    3290   199.953   199.927 
    3300   199.945   199.955 
    3310   199.952   199.927 
    3320   199.952   199.927 
    3330   199.953   199.927 
    3340   199.953   199.927 
    3350   199.941   199.881 
    3360   199.953   199.927 
    3370   199.953   199.927 
    3380   199.953   199.928 
    3390   199.953   199.927 
    3400   199.943   199.928 
    3410   199.953   199.927 
    3420   199.953   199.927 
    3430   199.953   199.928 
    3440   199.953   199.927 
    3450   199.944   199.928 
    3460   199.952   199.927 
    3470   199.953   199.927 
    3480   199.953   199.927 
    3490   199.953   199.927 
    3500   199.953   199.936 
    3510   199.952   199.927 
    3520   199.953   199.927 
    3530   199.952   199.928 
    3540   199.953   199.927 
    3550   199.954   199.937 
    3560   199.953   199.927 
    3570   199.953   199.927 
    3580   200.020   199.974 
    3590   199.951   199.926 
    3600   199.962   199.925 
    3610   199.953   199.927 
    3620   199.953   199.927 
    3630   199.953   199.925 
    3640   199.953   199.927 
    3650   199.952   199.936 
    3660   199.953   199.927 
    3670   199.952   199.927 
    3680   199.952   199.928 
    3690   199.953   199.927 
    3700   199.954   199.933 
    3710   199.953   199.927 
    3720   199.953   199.927 
    3730   199.952   199.926 
    3740   199.952   199.927 
    3750   199.904   199.924 
    3760   199.953   199.927 
    3770   199.953   199.927 
    3780   199.951   199.929 
    3790   199.953   199.927 
    3800   199.958   199.925 
    3810   199.953   199.927 
    3820   199.953   199.927 
    3830   199.953   199.929 
    3840   199.953   199.928 
    3850   199.953   199.905 
    3860   199.953   199.928 
    3870   199.953   199.927 
    3880   199.952   199.924 
    3890   199.953   199.927 
    3900   199.970   199.920 
    3910   199.953   199.927 
    3920   199.953   199.927 
    3930   199.953   199.928 
    3940   199.953   199.927 
    3950   199.953   199.929 
    3960   199.952   199.927 
    3970   199.952   199.926 
    3980   199.953   199.928 
    3990   199.953   199.927 
    4000   199.953   199.927 
    4010   199.953   199.927 
    4020   199.953   199.928 
    4030   199.952   199.926 
    4040   199.953   199.927 
    4050   199.957   199.923 
    4060   199.952   199.927 
    4070   199.953   199.927 
    4080   220.321   296.848 
    4090   199.953   199.927 
    4100   199.951   199.927 
    4110   199.952   199.927 
    4120   199.951   199.926 
    4130   199.953   199.928 
    4140   199.953   199.927 
    4150   199.951   199.923 
    4160   199.952   199.927 
    4170   199.953   199.926 
    4180   199.955   199.926 
    4190   199.953   199.927 
    4200   199.955   199.928 
    4210   199.952   199.927 
    4220   199.953   199.927 
    4230   199.952   199.927 
    4240   199.953   199.927 
    4250   199.947   199.927 
    4260   199.955   199.927 
    4270   199.953   199.927 
    4280   288.605   236.242 
    4290   199.953   199.927 
    4300   199.952   199.925 
    4310   199.953   199.927 
    4320   199.952   199.927 
    4330   199.952   199.927 
    4340   199.953   199.927 
    4350   199.953   199.929 
    4360   199.952   199.927 
    4370   199.952   199.926 
    4380   199.955   199.930 
    4390   199.952   199.927 
    4400   199.950   199.933 
    4410   199.952   199.927 
    4420   199.952   199.927 
    4430   199.952   199.926 
    4440   199.952   199.927 
    4450   199.953   199.917 
    4460   199.952   199.927 
    4470   199.953   199.927 
    4480   199.952   199.927 
    4490   199.952   199.927 
    4500   199.954   199.925 
    4510   199.953   199.928 
    4520   199.953   199.927 
    4530   199.952   199.927 
    4540   199.952   199.927 
    4550   199.953   199.827 
    4560   199.952   199.927 
    4570   199.952   199.927 
    4580   199.952   199.936 
    4590   199.953   199.928 
    4600   199.945   199.920 
    4610   199.952   199.927 
    4620   199.952   199.927 
    4630   199.953   199.928 
    4640   199.953   199.927 
    4650   199.953   199.927 
    4660   199.952   199.927 
    4670   199.952   199.926 
    4680   199.953   199.927 
    4690   199.952   199.927 
    4700   199.952   199.932 
    4710   199.953   199.927 
    4720   199.953   199.929 
    4730   199.953   199.929 
    4740   199.952   199.927 
    4750   199.883   199.981 
    4760   199.952   199.927 
    4770   199.953   199.927 
    4780   199.952   199.926 
    4790   199.952   199.927 
    4800   199.960   199.928 
    4810   199.952   199.927 
    4820   199.953   199.927 
    4830   199.952   199.928 
    4840   199.952   199.927 
    4850   199.952   199.928 
    4860   199.953   199.927 
    4870   199.952   199.927 
    4880   199.952   199.928 
    4890   199.952   199.927 
    4900   199.951   199.926 
    4910   199.952   199.928 
    4920   199.952   199.927 
    4930   199.951   199.927 
    4940   199.952   199.927 
    4950   199.955   199.918 
    4960   199.953   199.928 
    4970   199.952   199.927 
    4980   199.948   199.923 
    4990   199.952   199.927 
    5000   199.952   199.927 
    5010   199.953   199.927 
    5020   199.953   199.927 
    5030   199.952   199.928 
    5040   199.952   199.927 
    5050   199.944   199.935 
    5060   199.952   199.927 
    5070   199.952   199.927 
    5080   199.953   199.929 
    5090   199.952   199.928 
    5100   199.958   199.928 
    5110   199.952   199.927 
    5120   199.952   199.927 
    5130   199.951   199.928 
    5140   199.952   199.927 
    5150   199.953   199.854 
    5160   199.952   199.923 
    5170   199.952   199.927 
    5180   199.952   199.928 
    5190   199.952   199.927 
    5200   199.955   199.928 
    5210   199.953   199.927 
    5220   199.952   199.927 
    5230   199.953   199.927 
    5240   199.952   199.927 
    5250   199.954   199.920 
    5260   199.952   199.927 
    5270   199.952   199.927 
    5280   199.953   199.929 
    5290   199.952   199.927 
    5300   199.965   199.923 
    5310   199.952   199.927 
    5320   199.952   199.927 
    5330   199.952   199.929 
    5340   199.952   199.927 
    5350   199.961   199.927 
    5360   199.953   199.928 
    5370   199.952   199.927 
    5380   199.952   199.927 
    5390   199.952   199.927 
    5400   199.951   199.954 
    5410   199.953   199.931 
    5420   199.952   199.927 
    5430   199.952   199.928 
    5440   199.952   199.927 
    5450   199.949   199.930 
    5460   199.952   199.927 
    5470   199.952   199.927 
    5480   199.952   199.928 
    5490   199.953   199.927 
    5500   199.943   199.877 
    5510   199.952   199.927 
    5520   199.952   199.928 
    5530   199.952   199.926 
    5540   199.952   199.927 
    5550   199.937   199.891 
    5560   199.952   199.927 
    5570   199.952   199.927 
    5580   199.949   199.922 
    5590   199.952   199.927 
    5600   199.940   199.921 
    5610   199.952   199.927 
    5620   199.952   199.927 
    5630   199.952   199.928 
    5640   199.952   199.927 
    5650   199.953   199.926 
    5660   199.953   199.925 
    5670   199.952   199.927 
    5680   199.953   199.928 
    5690   199.952   199.927 
    5700   199.952   199.920 
    5710   199.952   199.927 
    5720   199.953   199.927 
    5730   199.952   199.928 
    5740   199.953   199.927 
    5750   199.958   199.921 
    5760   199.952   199.927 
    5770   199.952   199.927 
    5780   199.952   199.929 
    5790   199.952   199.927 
    5800   199.952   199.925 
    5810   199.952   199.927 
    5820   199.952   199.927 
    5830   199.953   199.929 
    5840   199.952   199.927 
    5850   199.949   199.924 
    5860   199.953   199.928 
    5870   199.953   199.928 
    5880   199.961   199.924 
    5890   199.952   199.927 
    5900   199.954   199.935 
    5910   199.953   199.927 
    5920   199.953   199.927 
    5930   199.952   199.927 
    5940   199.952   199.927 
    5950   199.950   199.928 
    5960   199.952   199.927 
    5970   199.952   199.927 
    5980   199.952   199.926 
    5990   199.952   199.927 
    6000   199.955   199.916 
    6010   199.952   199.929 
    6020   199.952   199.927 
    6030   235.257   295.576 
    6040   199.952   199.927 
    6050   199.944   199.929 
    6060   199.952   199.928 
    6070   199.952   199.927 
    6080   199.952   199.927 
    6090   199.952   199.927 
    6100   199.944   199.928 
    6110   199.952   199.927 
    6120   199.953   199.927 
    6130   199.953   199.928 
    6140   199.953   199.927 
    6150   199.952   199.929 
    6160   199.952   199.927 
    6170   199.952   199.927 
    6180   199.952   199.928 
    6190   199.952   199.927 
    6200   199.963   199.922 
    6210   199.952   199.927 
    6220   199.952   199.927 
    6230   199.951   199.927 
    6240   199.952   199.928 
    6250   200.006   199.942 
    6260   199.952   199.927 
    6270   199.952   199.927 
    6280   199.952   199.928 
    6290   199.952   199.927 
    6300   199.950   199.927 
    6310   199.952   199.922 
    6320   199.952   199.927 
    6330   273.581   293.749 
    6340   199.952   199.927 
    6350   199.956   199.924 
    6360   199.953   199.928 
    6370   199.952   199.927 
    6380   199.953   199.930 
    6390   199.952   199.927 
    6400   199.955   199.926 
    6410   199.952   199.927 
    6420   199.953   199.928 
    6430   199.954   199.928 
    6440   199.952   199.927 
    6450   199.952   199.930 
    6460   199.952   199.927 
    6470   199.952   199.927 
    6480   199.952   199.928 
    6490   199.952   199.927 
    6500   199.957   199.927 
    6510   199.952   199.927 
    6520   199.952   199.927 
    6530   199.952   199.927 
    6540   199.953   199.927 
    6550   199.954   199.892 
    6560   199.952   199.928 
    6570   199.952   199.927 
    6580   199.952   199.928 
    6590   199.952   199.927 
    6600   199.957   199.928 
    6610   199.952   199.927 
    6620   199.952   199.927 
    6630   199.952   199.928 
    6640   199.952   199.927 
    6650   199.950   199.929 
    6660   199.951   199.928 
    6670   199.952   199.927 
    6680   180.169   108.335 
    6690   199.952   199.927 
    6700   199.959   199.926 
    6710   199.953   199.927 
    6720   199.952   199.927 
    6730   199.951   199.929 
    6740   199.952   199.927 
    6750   199.953   199.951 
    6760   199.952   199.927 
    6770   199.952   199.927 
    6780   199.952   199.928 
    6790   199.952   199.928 
    6800   199.941   199.891 
    6810   199.952   199.927 
    6820   199.952   199.927 
    6830   199.951   199.930 
    6840   199.952   199.927 
    6850   199.956   199.926 
    6860   199.952   199.925 
    6870   199.952   199.927 
    6880   199.952   199.928 
    6890   199.952   199.927 
    6900   199.958   199.927 
    6910   199.952   199.927 
    6920   199.952   199.927 
    6930   199.952   199.928 
    6940   199.952   199.927 
    6950   199.972   199.923 
    6960   199.952   199.929 
    6970   199.952   199.927 
    6980   199.953   199.928 
    6990   199.952   199.927 
    7000   199.955   199.928 
    7010   199.952   199.928 
    7020   199.952   199.927 
    7030   199.953   199.928 
    7040   199.952   199.927 
    7050   199.952   199.928 
    7060   199.952   199.928 
    7070   199.952   199.927 
    7080   199.952   199.929 
    7090   199.952   199.927 
    7100   199.953   199.936 
    7110   199.952   199.927 
    7120   199.952   199.927 
    7130   199.952   199.926 
    7140   199.952   199.927 
    7150   199.951   199.928 
    7160   199.952   199.928 
    7170   199.952   199.927 
    7180   199.952   199.928 
    7190   199.952   199.927 
    7200   199.956   199.928 
    7210   199.952   199.928 
    7220   199.952   199.927 
    7230   199.952   199.927 
    7240   199.953   199.927 
    7250   199.955   199.893 
    7260   199.952   199.927 
    7270   199.952   199.927 
    7280   199.952   199.927 
    7290   199.952   199.928 
    7300   199.940   199.927 
    7310   199.952   199.927 
    7320   199.953   199.928 
    7330   199.952   199.927 
    7340   199.952   199.927 
    7350   199.955   199.923 
    7360   199.952   199.928 
    7370   199.952   199.928 
    7380   199.955   199.927 
    7390   199.952   199.927 
    7400   199.955   199.851 
    7410   199.953   199.928 
    7420   199.953   199.927 
    7430   199.953   199.927 
    7440   199.953   199.927 
    7450   199.949   199.913 
    7460   199.952   199.928 
    7470   199.952   199.928 
    7480   199.952   199.928 
    7490   199.952   199.928 
    7500   199.948   199.925 
    7510   199.952   199.927 
    7520   199.952   199.927 
    7530   199.952   199.929 
    7540   199.952   199.927 
    7550   199.956   199.928 
    7560   199.952   199.928 
    7570   199.952   199.927 
    7580   199.952   199.927 
    7590   199.952   199.928 
    7600   199.953   199.926 
    7610   199.953   199.928 
    7620   199.952   199.927 
    7630   199.952   199.927 
    7640   199.952   199.928 
    7650   199.946   199.918 
    7660   199.952   199.928 
    7670   199.952   199.928 
    7680   199.952   199.924 
    7690   199.952   199.928 
    7700   199.958   199.930 
    7710   199.952   199.927 
    7720   199.952   199.928 
    7730   199.952   199.927 
    7740   199.952   199.927 
    7750   199.953   199.927 
    7760   199.952   199.928 
    7770   199.952   199.928 
    7780   199.952   199.928 
    7790   199.952   199.927 
    7800   199.953   199.925 
    7810   199.953   199.928 
    7820   199.952   199.927 
    7830   199.952   199.928 
    7840   199.952   199.927 
    7850   199.947   199.925 
    7860   199.952   199.928 
    7870   199.952   199.928 
    7880   173.688   109.664 
    7890   199.952   199.927 
    7900   199.951   199.922 
    7910   199.952   199.927 
    7920   199.952   199.927 
    7930   199.952   199.929 
    7940   199.953   199.928 
    7950   199.950   199.920 
    7960   199.952   199.927 
    7970   199.952   199.927 
    7980   199.952   199.927 
    7990   199.952   199.927 
    8000   199.952   199.929 
    8010   199.952   199.928 
    8020   199.952   199.927 
    8030   199.953   199.928 
    8040   199.952   199.928 
    8050   199.950   199.939 
    8060   199.952   199.927 
    8070   199.952   199.927 
    8080   199.952   199.928 
    8090   199.952   199.928 
    8100   199.946   199.927 
    8110   199.952   199.927 
    8120   199.952   199.927 
    8130   199.952   199.928 
    8140   199.952   199.928 
    8150   199.952   199.919 
    8160   199.952   199.928 
    8170   199.952   199.927 
    8180   286.638   101.191 
    8190   199.952   199.927 
    8200   199.956   199.921 
    8210   199.952   199.927 
    8220   199.952   199.928 
    8230   199.952   199.926 
    8240   199.952   199.927 
    8250   199.954   199.924 
    8260   199.952   199.928 
    8270   199.952   199.928 
    8280   199.954   199.927 
    8290   199.952   199.927 
    8300   199.952   199.932 
    8310   199.951   199.928 
    8320   199.952   199.928 
    8330   199.952   199.928 
    8340   199.952   199.927 
    8350   199.956   199.927 
    8360   199.952   199.928 
    8370   199.952   199.927 
    8380   199.952   199.927 
    8390   199.952   199.927 
    8400   199.952   199.928 
    8410   199.952   199.928 
    8420   199.952   199.928 
    8430   199.952   199.929 
    8440   199.952   199.928 
    8450   199.952   199.927 
    8460   199.952   199.927 
    8470   199.952   199.927 
    8480   199.953   199.928 
    8490   199.952   199.927 
    8500   199.953   199.928 
    8510   199.947   199.928 
    8520   199.952   199.928 
    8530   199.953   199.927 
    8540   199.952   199.927 
    8550   199.952   199.927 
    8560   199.952   199.928 
    8570   199.952   199.928 
    8580   199.955   199.928 
    8590   199.952   199.927 
    8600   199.950   199.941 
    8610   199.952   199.928 
    8620   199.952   199.928 
    8630   199.952   199.925 
    8640   199.952   199.928 
    8650   199.956   199.925 
    8660   199.952   199.928 
    8670   199.952   199.928 
    8680   199.964   199.916 
    8690   199.953   199.927 
    8700   199.956   199.938 
    8710   199.952   199.928 
    8720   199.952   199.928 
    8730   199.953   199.927 
    8740   199.952   199.927 
    8750   199.947   199.929 
    8760   199.952   199.928 
    8770   199.952   199.927 
    8780   199.952   199.927 
    8790   199.952   199.927 
    8800   199.927   199.924 
    8810   199.952   199.928 
    8820   199.952   199.928 
    8830   199.952   199.928 
    8840   199.952   199.927 
    8850   199.955   199.932 
    8860   199.953   199.928 
    8870   199.952   199.927 
    8880   199.953   199.927 
    8890   199.952   199.928 
    8900   199.966   199.922 
    8910   199.952   199.928 
    8920   199.952   199.928 
    8930   267.945   306.384 
    8940   199.952   199.928 
    8950   199.954   199.926 
    8960   199.952   199.928 
    8970   199.952   199.927 
    8980   199.952   199.929 
    8990   199.952   199.928 
    9000   199.955   199.925 
    9010   199.952   199.928 
    9020   199.952   199.927 
    9030   199.952   199.928 
    9040   199.952   199.927 
    9050   199.951   199.922 
    9060   199.952   199.928 
    9070   199.952   199.928 
    9080   199.965   199.918 
    9090   199.952   199.928 
    9100   199.962   199.923 
    9110   199.952   199.928 
    9120   199.952   199.928 
    9130   199.953   199.930 
    9140   199.952   199.927 
    9150   199.961   199.924 
    9160   199.953   199.927 
    9170   199.952   199.928 
    9180   199.952   199.928 
    9190   199.952   199.928 
    9200   199.953   199.918 
    9210   199.952   199.928 
    9220   199.952   199.928 
    9230   199.953   199.928 
    9240   199.952   199.928 
    9250   199.946   199.865 
    9260   199.952   199.928 
    9270   199.952   199.928 
    9280   199.953   199.929 
    9290   199.952   199.928 
    9300   199.963   199.927 
    9310   199.952   199.927 
    9320   199.952   199.927 
    9330   200.089   289.525 
    9340   199.952   199.928 
    9350   200.004   199.927 
    9360   199.952   199.928 
    9370   199.952   199.928 
    9380   199.952   199.928 
    9390   199.952   199.928 
    9400   199.954   199.880 
    9410   199.952   199.928 
    9420   199.952   199.928 
    9430   199.953   199.928 
    9440   199.952   199.928 
    9450   199.951   199.938 
    9460   199.952   199.928 
    9470   199.952   199.928 
    9480   199.952   199.929 
    9490   199.952   199.928 
    9500   199.955   199.919 
    9510   199.952   199.928 
    9520   199.952   199.928 
    9530   199.952   199.929 
    9540   199.952   199.928 
    9550   199.987   199.854 
    9560   199.952   199.928 
    9570   199.952   199.928 
    9580   199.952   199.928 
    9590   199.952   199.928 
    9600   199.953   199.930 
    9610   199.952   199.928 
    9620   199.952   199.928 
    9630   199.948   199.928 
    9640   199.952   199.927 
    9650   199.953   199.938 
    9660   199.952   199.928 
    9670   199.952   199.928 
    9680   199.953   199.928 
    9690   199.952   199.928 
    9700   199.955   199.934 
    9710   199.952   199.928 
    9720   199.952   199.927 
    9730   199.954   199.927 
    9740   199.952   199.927 
    9750   199.954   199.932 
    9760   199.952   199.928 
    9770   199.952   199.927 
    9780   199.952   199.928 
    9790   199.952   199.927 
    9800   199.954   199.938 
    9810   199.952   199.928 
    9820   199.952   199.928 
    9830   199.954   199.929 
    9840   199.952   199.928 
    9850   199.988   199.922 
    9860   199.953   199.928 
    9870   199.952   199.927 
    9880   199.952   199.926 
    9890   199.952   199.928 
    9900   199.959   199.956 
    9910   199.952   199.928 
    9920   199.952   199.928 
    9930   130.577   153.006 
    9940   199.952   199.928 
    9950   199.951   199.925 
    9960   199.953   199.928 
    9970   199.953   199.927 
    9980   199.952   199.927 
    9990   199.952   199.928 
   10000   199.952   199.928 
