       0   349.946   349.717 
      10   354.748   351.569 
      20   354.151   352.993 
      30   355.233   353.675 
      40   355.304   354.041 
      50   354.839   354.251 
      60   354.944   354.610 
      70   354.975   354.682 
      80   354.946   354.637 
      90   354.969   354.653 
     100   354.439   354.651 
     110   354.946   354.646 
     120   354.949   354.647 
     130   354.948   354.668 
     140   354.947   354.662 
     150   355.074   354.643 
     160   354.947   354.670 
     170   354.948   354.685 
     180   354.948   354.672 
     190   354.948   354.673 
     200   354.929   354.660 
     210   354.948   354.675 
     220   354.948   354.682 
     230   354.949   354.702 
     240   354.948   354.679 
     250   355.348   354.679 
     260   354.948   354.677 
     270   354.949   354.680 
     280   354.943   354.678 
     290   354.952   354.698 
     300   354.885   354.680 
     310   354.949   354.670 
     320   354.949   354.676 
     330   354.949   354.633 
     340   354.949   354.675 
     350   354.893   354.682 
     360   354.949   354.682 
     370   354.948   354.685 
     380   354.950   354.683 
     390   354.950   354.681 
     400   355.000   354.684 
     410   354.950   354.679 
     420   354.949   354.682 
     430   354.950   354.684 
     440   354.950   354.683 
     450   354.985   354.689 
     460   354.950   354.683 
     470   354.945   354.684 
     480   354.949   354.684 
     490   354.950   354.688 
     500   354.948   354.668 
     510   354.950   354.686 
     520   354.951   354.687 
     530   354.955   354.684 
     540   354.951   354.684 
     550   354.931   354.692 
     560   354.950   354.684 
     570   354.951   354.685 
     580   354.956   354.684 
     590   354.951   354.684 
     600   354.945   354.694 
     610   354.951   354.683 
     620   354.775   354.683 
     630   354.951   354.683 
     640   354.950   354.685 
     650   354.841   354.703 
     660   355.080   354.698 
     670   354.950   354.688 
     680   354.961   354.685 
     690   354.952   354.685 
     700   354.994   354.686 
     710   354.952   354.686 
     720   354.952   354.685 
     730   354.950   354.878 
     740   354.953   354.686 
     750   355.079   354.685 
     760   354.952   354.686 
     770   354.952   354.680 
     780   354.953   354.692 
     790   354.953   354.689 
     800   355.018   354.685 
     810   354.953   354.687 
     820   354.954   354.720 
     830   354.954   354.685 
     840   354.955   354.685 
     850   354.956   354.685 
     860   354.954   354.686 
     870   354.954   354.682 
     880   354.954   354.687 
     890   354.954   354.686 
     900   354.360   354.663 
     910   354.954   354.687 
     920   354.955   354.687 
     930   354.959   354.688 
     940   354.954   354.687 
     950   354.945   354.692 
     960   354.954   354.687 
     970   354.954   354.689 
     980   354.954   354.684 
     990   354.955   354.693 
    1000   354.585   354.750 
    1010   354.955   354.687 
    1020   354.979   354.695 
    1030   354.955   354.697 
    1040   354.955   354.687 
    1050   354.937   354.690 
    1060   354.954   354.688 
    1070   354.955   354.688 
    1080   354.955   354.688 
    1090   354.955   354.690 
    1100   354.961   354.668 
    1110   354.955   354.690 
    1120   354.956   354.688 
    1130   354.956   354.665 
    1140   354.956   354.685 
    1150   354.887   354.681 
    1160   354.957   354.687 
    1170   354.956   354.688 
    1180   354.958   354.688 
    1190   354.956   354.688 
    1200   354.850   354.693 
    1210   354.956   354.688 
    1220   354.956   354.686 
    1230   354.956   354.716 
    1240   354.956   354.683 
    1250   354.989   354.683 
    1260   354.956   354.688 
    1270   354.956   354.686 
    1280   354.956   354.682 
    1290   354.974   354.688 
    1300   354.955   354.688 
    1310   354.956   354.688 
    1320   354.841   354.684 
    1330   354.957   354.694 
    1340   354.956   354.687 
    1350   354.970   354.689 
    1360   354.956   354.690 
    1370   354.957   354.689 
    1380   354.958   354.689 
    1390   354.956   354.688 
    1400   354.957   354.688 
    1410   354.956   354.691 
    1420   354.951   354.689 
    1430   354.957   354.688 
    1440   354.957   354.689 
    1450   355.007   354.712 
    1460   354.957   354.688 
    1470   354.957   354.692 
    1480   354.957   354.694 
    1490   354.957   354.686 
    1500   355.129   354.689 
    1510   354.957   354.690 
    1520   354.957   354.695 
    1530   354.963   354.690 
    1540   354.957   354.689 
    1550   354.513   354.689 
    1560   354.957   354.691 
    1570   354.956   354.690 
    1580   354.957   354.689 
    1590   354.957   354.689 
    1600   354.944   354.689 
    1610   354.957   354.683 
    1620   354.960   354.688 
    1630   354.957   354.689 
    1640   354.958   354.691 
    1650   354.954   354.692 
    1660   354.958   354.690 
    1670   354.958   354.689 
    1680   354.964   354.688 
    1690   354.957   354.703 
    1700   354.965   354.689 
    1710   354.958   354.689 
    1720   354.958   354.690 
    1730   354.958   354.692 
    1740   354.958   354.680 
    1750   354.997   354.704 
    1760   354.958   354.690 
    1770   354.958   354.691 
    1780   354.959   354.683 
    1790   354.958   354.694 
    1800   354.751   354.716 
    1810   354.959   354.690 
    1820   354.959   354.689 
    1830   354.959   354.689 
    1840   354.958   354.694 
    1850   355.267   354.689 
    1860   354.959   354.689 
    1870   354.959   354.690 
    1880   354.961   354.691 
    1890   354.959   354.690 
    1900   354.915   354.688 
    1910   354.959   354.690 
    1920   354.959   354.692 
    1930   354.959   354.706 
    1940   354.959   354.691 
    1950   355.128   354.700 
    1960   354.959   354.692 
    1970   354.959   354.694 
    1980   354.954   354.691 
    1990   354.959   354.691 
    2000   354.664   354.691 
    2010   354.959   354.695 
    2020   354.936   354.691 
    2030   354.960   354.693 
    2040   354.960   354.690 
    2050   354.966   354.690 
    2060   354.960   354.689 
    2070   354.960   354.690 
    2080   354.960   354.711 
    2090   354.960   354.692 
    2100   354.925   354.700 
    2110   354.960   354.692 
    2120   354.960   354.690 
    2130   354.960   354.686 
    2140   354.960   354.695 
    2150   355.025   354.683 
    2160   354.960   354.692 
    2170   354.960   354.692 
    2180   354.960   354.668 
    2190   354.960   354.694 
    2200   356.042   354.661 
    2210   354.998   354.692 
    2220   354.960   354.692 
    2230   354.959   354.694 
    2240   354.960   354.692 
    2250   354.966   354.692 
    2260   354.960   354.693 
    2270   354.960   354.695 
    2280   354.960   354.700 
    2290   354.960   354.694 
    2300   355.921   354.679 
    2310   354.960   354.692 
    2320   354.961   354.693 
    2330   354.960   354.691 
    2340   354.961   354.692 
    2350   353.330   354.691 
    2360   354.961   354.695 
    2370   354.961   354.693 
    2380   354.958   354.692 
    2390   354.961   354.692 
    2400   354.890   354.702 
    2410   354.961   354.693 
    2420   354.962   354.692 
    2430   354.962   354.716 
    2440   354.961   354.694 
    2450   354.957   354.676 
    2460   354.961   354.693 
    2470   354.962   354.695 
    2480   354.962   354.694 
    2490   354.962   354.695 
    2500   354.994   354.693 
    2510   354.962   354.696 
    2520   354.962   354.697 
    2530   354.962   354.697 
    2540   354.962   354.694 
    2550   354.749   354.700 
    2560   354.962   354.694 
    2570   354.962   354.693 
    2580   354.962   354.716 
    2590   354.962   354.693 
    2600   355.320   354.693 
    2610   354.962   354.692 
    2620   354.962   354.693 
    2630   354.957   354.694 
    2640   354.962   354.693 
    2650   351.069   354.717 
    2660   354.966   354.646 
    2670   354.906   354.690 
    2680   354.962   354.694 
    2690   354.963   354.694 
    2700   355.232   354.694 
    2710   354.963   354.695 
    2720   354.963   354.694 
    2730   354.963   354.693 
    2740   354.963   354.692 
    2750   353.827   354.695 
    2760   354.963   354.694 
    2770   354.963   354.693 
    2780   354.963   354.694 
    2790   354.963   354.692 
    2800   356.113   354.694 
    2810   354.963   354.695 
    2820   354.963   354.694 
    2830   354.963   354.693 
    2840   354.962   354.694 
    2850   354.952   354.707 
    2860   354.963   354.694 
    2870   354.963   354.695 
    2880   354.960   354.690 
    2890   354.963   354.695 
    2900   354.965   354.695 
    2910   354.963   354.696 
    2920   354.963   354.690 
    2930   354.964   354.701 
    2940   354.964   354.718 
    2950   355.229   354.691 
    2960   354.965   354.696 
    2970   354.964   354.695 
    2980   354.964   354.696 
    2990   354.964   354.697 
    3000   355.478   354.695 
    3010   354.965   354.693 
    3020   354.964   354.695 
    3030   354.965   354.696 
    3040   354.965   354.696 
    3050   354.971   354.696 
    3060   354.965   354.699 
    3070   354.965   354.701 
    3080   354.964   354.699 
    3090   354.964   354.696 
    3100   354.966   354.696 
    3110   354.965   354.695 
    3120   354.964   354.698 
    3130   354.967   354.686 
    3140   354.967   354.696 
    3150   355.059   354.697 
    3160   354.967   354.697 
    3170   354.966   354.699 
    3180   354.964   354.698 
    3190   354.967   354.698 
    3200   354.975   354.699 
    3210   354.967   354.701 
    3220   354.967   354.695 
    3230   354.967   354.687 
    3240   354.967   354.699 
    3250   355.024   354.695 
    3260   354.967   354.697 
    3270   354.967   354.699 
    3280   354.967   354.699 
    3290   354.967   354.698 
    3300   355.045   354.700 
    3310   354.968   354.697 
    3320   354.967   354.694 
    3330   354.967   354.688 
    3340   354.967   354.698 
    3350   354.991   354.706 
    3360   354.967   354.699 
    3370   354.968   354.699 
    3380   354.967   354.725 
    3390   354.968   354.699 
    3400   355.526   354.699 
    3410   354.968   354.701 
    3420   354.968   354.698 
    3430   354.968   354.700 
    3440   354.968   354.702 
    3450   355.720   354.699 
    3460   354.967   354.698 
    3470   354.968   354.699 
    3480   354.968   354.699 
    3490   354.967   354.698 
    3500   354.773   354.694 
    3510   354.968   354.699 
    3520   354.968   354.700 
    3530   354.968   354.729 
    3540   354.967   354.699 
    3550   354.975   354.699 
    3560   354.968   354.699 
    3570   354.968   354.709 
    3580   354.968   354.698 
    3590   354.888   354.698 
    3600   354.974   354.700 
    3610   354.968   354.699 
    3620   354.969   354.708 
    3630   354.969   354.702 
    3640   354.969   354.699 
    3650   354.733   354.705 
    3660   354.969   354.701 
    3670   354.981   354.701 
    3680   354.969   354.698 
    3690   354.969   354.700 
    3700   355.054   354.701 
    3710   354.969   354.696 
    3720   354.969   354.700 
    3730   354.969   354.701 
    3740   354.970   354.701 
    3750   354.968   354.702 
    3760   354.969   354.703 
    3770   354.969   354.706 
    3780   354.969   354.702 
    3790   354.988   354.701 
    3800   354.821   354.692 
    3810   354.969   354.701 
    3820   354.971   354.701 
    3830   354.970   354.701 
    3840   354.970   354.697 
    3850   354.958   354.705 
    3860   354.970   354.704 
    3870   355.016   354.702 
    3880   354.970   354.699 
    3890   354.969   354.705 
    3900   354.980   354.703 
    3910   354.970   354.712 
    3920   354.970   354.700 
    3930   354.970   354.695 
    3940   354.970   354.705 
    3950   354.936   354.692 
    3960   354.971   354.703 
    3970   354.923   354.710 
    3980   354.971   354.705 
    3990   354.971   354.703 
    4000   354.974   354.704 
    4010   354.971   354.702 
    4020   354.971   354.701 
    4030   354.971   354.689 
    4040   354.971   354.703 
    4050   354.704   354.704 
    4060   354.971   354.703 
    4070   354.971   354.701 
    4080   354.971   354.703 
    4090   354.971   354.703 
    4100   354.972   354.703 
    4110   354.971   354.702 
    4120   354.971   354.709 
    4130   354.971   354.701 
    4140   354.971   354.698 
    4150   354.518   354.712 
    4160   354.971   354.704 
    4170   354.971   354.700 
    4180   354.972   354.718 
    4190   354.971   354.701 
    4200   354.950   354.659 
    4210   355.005   354.704 
    4220   354.972   354.703 
    4230   354.972   354.708 
    4240   354.936   354.704 
    4250   354.961   354.701 
    4260   354.944   354.704 
    4270   354.972   354.707 
    4280   354.970   354.701 
    4290   354.972   354.704 
    4300   354.850   354.701 
    4310   354.972   354.704 
    4320   354.972   354.704 
    4330   354.972   354.704 
    4340   354.974   354.703 
    4350   354.972   354.704 
    4360   354.972   354.702 
    4370   354.972   354.699 
    4380   354.972   354.697 
    4390   354.972   354.705 
    4400   354.687   354.702 
    4410   354.973   354.697 
    4420   354.972   354.705 
    4430   354.973   354.704 
    4440   354.973   354.700 
    4450   354.983   354.707 
    4460   354.973   354.713 
    4470   354.973   354.705 
    4480   354.973   354.758 
    4490   354.973   354.704 
    4500   354.991   354.705 
    4510   354.973   354.698 
    4520   354.973   354.699 
    4530   354.973   354.691 
    4540   354.973   354.706 
    4550   354.982   354.706 
    4560   354.973   354.709 
    4570   354.973   354.708 
    4580   354.973   354.713 
    4590   354.973   354.706 
    4600   354.942   354.704 
    4610   354.973   354.705 
    4620   354.973   354.706 
    4630   354.982   354.706 
    4640   354.973   354.706 
    4650   354.626   354.718 
    4660   354.973   354.707 
    4670   354.881   354.705 
    4680   354.973   354.720 
    4690   354.973   354.706 
    4700   355.260   354.707 
    4710   354.973   354.710 
    4720   354.973   354.707 
    4730   354.973   354.707 
    4740   354.973   354.707 
    4750   354.957   354.709 
    4760   354.973   354.708 
    4770   354.955   354.714 
    4780   354.973   354.709 
    4790   354.975   354.706 
    4800   354.971   354.707 
    4810   354.973   354.705 
    4820   354.973   354.707 
    4830   354.974   354.713 
    4840   354.974   354.710 
    4850   354.974   354.704 
    4860   354.974   354.707 
    4870   354.974   354.708 
    4880   354.979   354.707 
    4890   354.974   354.707 
    4900   355.013   354.709 
    4910   354.974   354.710 
    4920   354.974   354.707 
    4930   354.975   354.712 
    4940   354.989   354.713 
    4950   354.947   354.709 
    4960   354.976   354.706 
    4970   354.975   354.710 
    4980   354.976   354.752 
    4990   354.975   354.712 
    5000   355.459   354.710 
    5010   354.975   354.712 
    5020   354.976   354.710 
    5030   354.976   354.705 
    5040   354.976   354.713 
    5050   354.977   354.721 
    5060   354.977   354.715 
    5070   354.977   354.710 
    5080   354.977   354.709 
    5090   354.644   354.703 
    5100   354.975   354.713 
    5110   354.977   354.719 
    5120   354.561   354.700 
    5130   354.977   354.711 
    5140   354.977   354.711 
    5150   354.981   354.712 
    5160   354.977   354.711 
    5170   354.399   354.711 
    5180   354.978   354.718 
    5190   354.978   354.714 
    5200   354.720   354.715 
    5210   354.978   354.714 
    5220   354.991   354.720 
    5230   354.978   354.722 
    5240   354.978   354.716 
    5250   353.141   354.715 
    5260   354.978   354.712 
    5270   354.978   354.714 
    5280   354.969   354.714 
    5290   354.978   354.714 
    5300   354.719   354.755 
    5310   354.986   354.708 
    5320   354.979   354.720 
    5330   354.981   354.714 
    5340   354.979   354.717 
    5350   355.199   354.718 
    5360   354.980   354.718 
    5370   354.981   354.720 
    5380   354.980   354.714 
    5390   354.975   354.717 
    5400   354.969   354.716 
    5410   354.980   354.716 
    5420   354.980   354.721 
    5430   354.979   354.717 
    5440   354.980   354.718 
    5450   354.789   354.714 
    5460   354.978   354.719 
    5470   354.980   354.716 
    5480   354.980   354.700 
    5490   354.980   354.720 
    5500   354.186   354.718 
    5510   354.980   354.721 
    5520   354.981   354.719 
    5530   354.982   354.719 
    5540   354.980   354.719 
    5550   354.695   354.622 
    5560   350.083   354.708 
    5570   354.993   354.736 
    5580   354.984   354.727 
    5590   354.984   354.727 
    5600   354.994   354.725 
    5610   354.984   354.722 
    5620   354.984   354.728 
    5630   354.984   354.713 
    5640   354.984   354.729 
    5650   354.985   354.729 
    5660   354.984   354.736 
    5670   354.984   354.741 
    5680   354.985   354.717 
    5690   354.985   354.726 
    5700   354.980   354.728 
    5710   354.985   354.722 
    5720   354.985   354.733 
    5730   354.985   354.729 
    5740   354.986   354.731 
    5750   354.985   354.732 
    5760   354.985   354.742 
    5770   354.985   354.729 
    5780   354.985   354.735 
    5790   354.985   354.757 
    5800   355.095   354.728 
    5810   354.985   354.736 
    5820   354.985   354.732 
    5830   354.987   354.732 
    5840   354.986   354.732 
    5850   354.672   354.744 
    5860   354.986   354.748 
    5870   354.986   354.747 
    5880   354.985   354.733 
    5890   354.986   354.734 
    5900   355.063   354.753 
    5910   356.778   354.737 
    5920   354.992   354.737 
    5930   354.986   354.733 
    5940   354.604   354.733 
    5950   354.997   354.728 
    5960   354.987   354.702 
    5970   354.987   354.734 
    5980   354.988   354.759 
    5990   354.996   354.736 
    6000   356.149   354.750 
    6010   354.987   354.736 
    6020   354.973   354.738 
    6030   354.994   354.738 
    6040   354.991   354.734 
    6050   355.175   354.748 
    6060   354.988   354.741 
    6070   354.988   354.741 
    6080   354.990   354.744 
    6090   354.988   354.739 
    6100   354.993   354.738 
    6110   354.990   354.754 
    6120   354.983   354.743 
    6130   354.988   354.743 
    6140   354.988   354.740 
    6150   354.993   354.748 
    6160   354.991   354.731 
    6170   354.989   354.735 
    6180   354.989   354.750 
    6190   354.989   354.754 
    6200   354.838   354.757 
    6210   354.990   354.734 
    6220   354.989   354.737 
    6230   354.990   354.746 
    6240   354.990   354.751 
    6250   355.059   354.720 
    6260   354.990   354.747 
    6270   355.013   354.772 
    6280   354.989   354.742 
    6290   354.990   354.748 
    6300   354.605   354.738 
    6310   354.990   354.749 
    6320   354.903   354.760 
    6330   354.990   354.723 
    6340   354.990   354.763 
    6350   354.994   354.753 
    6360   354.991   354.746 
    6370   354.991   354.799 
    6380   354.990   354.781 
    6390   354.992   354.751 
    6400   354.978   354.753 
    6410   354.991   354.749 
    6420   354.993   354.761 
    6430   354.990   354.751 
    6440   354.991   354.757 
    6450   354.837   354.762 
    6460   354.992   354.749 
    6470   354.996   354.757 
    6480   354.992   354.749 
    6490   354.992   354.736 
    6500   357.050   354.758 
    6510   354.860   354.784 
    6520   354.955   354.654 
    6530   354.990   354.758 
    6540   354.993   354.762 
    6550   355.265   354.775 
    6560   354.994   354.737 
    6570   354.993   354.763 
    6580   354.998   354.764 
    6590   354.993   354.758 
    6600   356.150   354.792 
    6610   352.139   354.764 
    6620   354.988   354.765 
    6630   354.993   354.767 
    6640   354.988   354.786 
    6650   354.982   354.770 
    6660   354.993   354.771 
    6670   354.997   354.788 
    6680   354.994   354.796 
    6690   354.994   354.770 
    6700   355.023   354.749 
    6710   354.994   354.778 
    6720   354.994   354.780 
    6730   354.994   354.797 
    6740   354.994   354.753 
    6750   357.375   354.760 
    6760   356.380   354.811 
    6770   354.995   354.774 
    6780   354.992   354.768 
    6790   354.993   354.798 
    6800   355.014   354.774 
    6810   354.995   354.751 
    6820   276.444   354.838 
    6830   346.502   354.794 
    6840     0.000   354.770 
    6850     0.000   354.773 
    6860     0.000   354.778 
    6870     0.000   354.781 
    6880   354.672   354.781 
    6890     0.000   354.702 
    6900   326.087   354.733 
    6910   354.995   354.737 
    6920     0.000   354.906 
    6930     0.000   354.786 
    6940     0.000   354.790 
    6950   332.789   354.790 
    6960   354.995   354.790 
    6970     0.000   354.781 
    6980   343.132   354.764 
    6990   354.978   354.848 
    7000   354.952   354.728 
    7010   354.999   354.802 
    7020     0.000   354.787 
    7030     0.000   354.803 
    7040     0.000   354.802 
    7050   277.430   354.802 
    7060   365.838   354.802 
    7070   354.992   354.787 
    7080   354.994   354.821 
    7090   354.994   354.803 
    7100     0.000   354.731 
    7110     0.000   354.824 
    7120     0.000   354.838 
    7130   345.549   354.838 
    7140   354.979   354.723 
    7150   355.029   354.807 
    7160   354.995   354.814 
    7170   306.990   354.786 
    7180   349.228   354.791 
    7190   354.987   354.822 
    7200   354.996   354.765 
    7210   355.001   354.810 
    7220     0.000   354.859 
    7230   346.320   354.785 
    7240   354.977   354.845 
    7250   355.028   354.840 
    7260   354.996   354.788 
    7270     0.000   354.810 
    7280   349.054   354.799 
    7290   354.987   354.813 
    7300   355.032   354.763 
    7310     0.000   354.797 
    7320     0.000   354.838 
    7330   332.912   354.836 
    7340   354.997   354.832 
    7350   352.089   354.980 
    7360   354.821   354.955 
    7370   355.009   354.815 
    7380   354.995   354.789 
    7390   355.433   354.806 
    7400     0.000   354.725 
    7410     0.000   354.822 
    7420   316.109   354.823 
    7430   350.731   354.822 
    7440   354.993   354.770 
    7450     0.000   354.848 
    7460     0.000   354.821 
    7470     0.000   354.815 
    7480   354.107   354.815 
    7490   354.995   354.775 
    7500     0.000   354.818 
    7510     0.000   354.814 
    7520   316.815   354.813 
    7530   350.819   354.813 
    7540     0.000   354.796 
    7550   345.158   354.802 
    7560     0.000   354.812 
    7570     0.000   354.843 
    7580   351.931   354.841 
    7590   354.995   354.772 
    7600     0.000   354.903 
    7610     0.000   354.841 
    7620     0.000   354.821 
    7630   352.935   354.821 
    7640   354.995   354.778 
    7650     0.000   354.800 
    7660   354.996   354.810 
    7670   355.018   354.811 
    7680   354.995   354.813 
    7690   261.752   354.933 
    7700   262.734   354.923 
    7710   353.538   354.923 
    7720   354.997   354.621 
    7730   355.021   355.049 
    7740   354.996   354.810 
    7750   308.478   354.785 
    7760   354.993   354.785 
    7770   354.991   354.890 
    7780   354.996   354.809 
    7790   354.995   354.800 
    7800     0.000   354.827 
    7810   261.424   354.823 
    7820   261.178   354.823 
    7830   320.756   354.823 
    7840   355.012   354.819 
    7850   355.703   354.833 
    7860   355.003   354.783 
    7870   291.641   355.071 
    7880     0.000   355.132 
    7890     0.000   355.089 
    7900   305.585   355.086 
    7910   354.987   355.085 
    7920   354.990   354.808 
    7930   354.993   354.800 
    7940   184.939   354.806 
    7950     0.000   354.815 
    7960   203.265   354.818 
    7970     0.000   354.818 
    7980   225.411   354.823 
    7990   352.309   355.612 
    8000   354.126   354.798 
    8010   356.221   360.205 
    8020   354.883   354.435 
    8030   353.824   355.544 
    8040   354.591   354.250 
    8050   355.085   354.889 
    8060   354.282   354.921 
    8070   354.927   354.406 
    8080   355.011   355.021 
    8090   355.007   354.934 
    8100   354.993   354.861 
    8110   354.905   354.842 
    8120   354.960   354.891 
    8130   355.005   354.660 
    8140   354.127   354.811 
    8150   354.821   354.977 
    8160   354.976   354.870 
    8170   351.072   354.778 
    8180   354.982   354.865 
    8190   357.913   354.640 
    8200   354.968   354.882 
    8210   354.986   354.907 
    8220   354.768   354.862 
    8230   354.988   354.912 
    8240   354.980   354.867 
    8250   359.008   354.909 
    8260   358.370   354.641 
    8270   355.271   354.841 
    8280   354.989   354.853 
    8290   355.009   354.847 
    8300   355.002   354.972 
    8310   354.985   354.824 
    8320   354.991   354.857 
    8330   354.990   354.933 
    8340   354.992   354.875 
    8350   354.966   354.883 
    8360   354.990   354.915 
    8370   354.992   354.952 
    8380   354.992   354.806 
    8390   354.993   354.800 
    8400   355.044   354.940 
    8410   354.992   354.886 
    8420   354.993   354.845 
    8430   354.993   354.834 
    8440   355.013   354.891 
    8450   354.959   354.890 
    8460   354.992   354.958 
    8470   354.991   354.830 
    8480   354.993   354.904 
    8490   355.835   354.896 
    8500   355.013   354.896 
    8510   354.994   354.916 
    8520   275.496   355.139 
    8530     0.000   354.962 
    8540     0.000   354.924 
    8550   292.726   354.922 
    8560   355.460   354.922 
    8570   268.536   354.906 
    8580     0.000   354.902 
    8590     0.000   354.903 
    8600   269.720   354.903 
    8610   358.358   354.903 
    8620   354.993   354.914 
    8630   354.995   354.912 
    8640     0.000   354.943 
    8650   282.014   354.946 
    8660   355.718   354.946 
    8670   354.993   354.813 
    8680   354.994   354.956 
    8690     0.000   354.858 
    8700   308.890   354.948 
    8710   354.994   354.948 
    8720     0.000   355.005 
    8730   337.716   354.881 
    8740   354.986   354.917 
    8750   355.015   354.893 
    8760   354.995   354.960 
    8770   270.047   354.954 
    8780   332.613   354.923 
    8790   355.025   354.922 
    8800   355.285   354.880 
    8810   354.995   354.931 
    8820     0.000   354.742 
    8830   326.914   354.866 
    8840   354.974   354.930 
    8850   355.005   354.919 
    8860     0.000   354.841 
    8870   298.337   354.966 
    8880   346.310   354.970 
    8890   354.986   354.845 
    8900   355.151   354.889 
    8910   354.996   354.938 
    8920   206.183   355.099 
    8930     0.000   355.068 
    8940     0.000   354.926 
    8950   232.636   354.919 
    8960   422.215   354.919 
    8970   354.911   354.882 
    8980   354.995   354.885 
    8990   354.992   354.887 
    9000     0.000   354.930 
    9010   317.523   354.907 
    9020     0.000   354.908 
    9030   351.479   354.909 
    9040     0.000   354.918 
    9050     0.000   354.914 
    9060   334.427   354.912 
    9070     0.000   354.914 
    9080   354.707   354.914 
    9090   354.995   354.931 
    9100   326.879   354.910 
    9110   354.995   354.910 
    9120   299.698   354.918 
    9130   347.126   354.913 
    9140   529.877   354.833 
    9150     0.000   354.943 
    9160     0.000   354.924 
    9170   334.538   354.923 
    9180   354.256   354.923 
    9190     0.000   354.855 
    9200   336.040   354.891 
    9210   354.997   354.916 
    9220     0.000   355.054 
    9230   346.693   355.036 
    9240   354.990   354.878 
    9250     0.000   355.525 
    9260     0.000   354.714 
    9270     0.000   354.718 
    9280   334.251   354.719 
    9290   354.996   354.746 
    9300   354.988   354.909 
    9310   354.994   354.916 
    9320   269.040   355.084 
    9330   332.702   354.973 
    9340   354.928   354.752 
    9350   355.014   354.787 
    9360   354.996   354.945 
    9370   354.993   354.919 
    9380   354.994   354.814 
    9390     0.000   354.924 
    9400     0.000   354.908 
    9410   354.994   354.908 
    9420   354.994   354.915 
    9430     0.000   354.814 
    9440   313.429   354.958 
    9450   314.498   354.954 
    9460   354.994   354.954 
    9470   355.004   354.898 
    9480     0.000   354.909 
    9490     0.000   354.909 
    9500   347.920   354.909 
    9510     0.000   354.910 
    9520   311.408   354.910 
    9530   349.750   354.911 
    9540     0.000   354.906 
    9550     0.000   354.907 
    9560   334.139   354.908 
    9570     0.000   354.908 
    9580   354.722   354.908 
    9590     0.000   354.927 
    9600   310.210   354.899 
    9610   354.994   354.899 
    9620   354.995   354.936 
    9630     0.000   354.894 
    9640   349.304   354.898 
    9650   349.999   354.897 
    9660     0.000   354.970 
    9670     0.000   354.960 
    9680   354.636   354.960 
    9690     0.000   354.832 
    9700   329.913   354.849 
    9710   354.995   354.854 
    9720     0.000   354.933 
    9730   337.374   354.888 
    9740   354.875   354.968 
    9750   354.975   354.958 
    9760   354.990   354.930 
    9770     0.000   354.918 
    9780     0.000   354.917 
    9790     0.000   354.908 
    9800   303.426   354.908 
    9810   354.975   354.908 
    9820   355.032   354.905 
    9830   354.993   354.916 
    9840   329.713   354.887 
    9850   331.320   354.884 
    9860   354.995   354.886 
    9870     0.000   354.967 
    9880   354.995   354.955 
    9890   342.384   354.857 
    9900   342.226   354.858 
    9910   354.995   354.914 
    9920   265.716   354.789 
    9930   331.037   354.858 
    9940   354.994   354.863 
    9950   351.933   354.796 
    9960   354.994   354.961 
    9970   354.994   354.895 
    9980   354.995   354.896 
    9990     0.000   354.767 
   10000     0.000   354.891 
