       0   199.952   199.928 
      10   204.335   204.784 
      20   204.769   204.910 
      30   204.861   204.850 
      40   204.887   204.898 
      50   204.871   204.938 
      60   204.940   204.889 
      70   204.957   204.911 
      80   204.899   204.886 
      90   204.888   204.898 
     100   204.922   204.905 
     110   204.906   204.894 
     120   204.909   204.895 
     130   204.911   204.898 
     140   204.905   204.901 
     150   204.897   204.897 
     160   204.906   204.928 
     170   204.915   204.909 
     180   204.916   204.895 
     190   204.918   204.905 
     200   204.911   204.939 
     210   204.913   204.906 
     220   204.919   204.906 
     230   204.926   204.908 
     240   204.922   204.908 
     250   204.923   204.916 
     260   204.931   204.908 
     270   204.928   204.909 
     280   204.928   204.910 
     290   204.933   204.909 
     300   204.916   204.912 
     310   204.924   204.912 
     320   204.905   204.926 
     330   204.925   204.908 
     340   204.917   204.900 
     350   204.966   204.980 
     360   204.927   204.912 
     370   204.928   204.911 
     380   204.928   204.911 
     390   204.926   204.911 
     400   204.865   204.903 
     410   204.930   204.912 
     420   204.930   204.913 
     430   204.930   204.914 
     440   204.929   204.913 
     450   204.924   204.817 
     460   204.932   204.913 
     470   204.931   204.914 
     480   204.931   204.914 
     490   204.931   204.912 
     500   204.929   204.912 
     510   204.931   204.914 
     520   204.932   204.914 
     530   204.928   204.919 
     540   204.932   204.914 
     550   204.929   204.911 
     560   204.932   204.914 
     570   204.931   204.915 
     580   204.932   204.917 
     590   204.932   204.914 
     600   204.934   204.934 
     610   204.925   204.915 
     620   204.926   204.915 
     630   204.932   204.913 
     640   204.933   204.916 
     650   204.917   204.852 
     660   204.932   204.915 
     670   204.932   204.915 
     680   204.933   204.917 
     690   204.932   204.914 
     700   204.924   204.916 
     710   204.933   204.915 
     720   204.933   204.915 
     730   204.933   204.916 
     740   204.932   204.915 
     750   204.927   204.913 
     760   204.932   204.915 
     770   204.935   204.916 
     780   204.932   204.916 
     790   204.933   204.915 
     800   204.931   204.911 
     810   204.934   204.915 
     820   204.934   204.915 
     830   204.934   204.915 
     840   204.933   204.915 
     850   204.928   204.916 
     860   204.934   204.915 
     870   204.934   204.914 
     880   283.289   214.643 
     890   204.934   204.915 
     900   204.935   204.908 
     910   204.934   204.915 
     920   204.934   204.916 
     930   204.934   204.914 
     940   204.934   204.915 
     950   204.936   204.899 
     960   204.934   204.915 
     970   204.934   204.915 
     980   204.934   204.915 
     990   204.934   204.916 
    1000   204.932   204.924 
    1010   204.934   204.916 
    1020   204.934   204.916 
    1030   204.934   204.916 
    1040   204.934   204.916 
    1050   204.939   204.915 
    1060   204.934   204.916 
    1070   204.934   204.916 
    1080   204.934   204.927 
    1090   204.934   204.916 
    1100   204.922   204.911 
    1110   204.934   204.916 
    1120   204.934   204.916 
    1130   204.934   204.914 
    1140   204.935   204.916 
    1150   204.933   204.914 
    1160   204.934   204.916 
    1170   204.934   204.916 
    1180   204.933   204.914 
    1190   204.934   204.916 
    1200   204.933   204.913 
    1210   204.933   204.916 
    1220   204.934   204.916 
    1230   204.934   204.914 
    1240   204.934   204.916 
    1250   204.932   204.912 
    1260   204.934   204.916 
    1270   204.934   204.916 
    1280   204.934   204.915 
    1290   204.934   204.916 
    1300   204.930   204.909 
    1310   204.934   204.916 
    1320   204.934   204.916 
    1330   204.932   204.918 
    1340   204.934   204.916 
    1350   204.932   204.920 
    1360   204.934   204.916 
    1370   204.934   204.916 
    1380   298.692   314.115 
    1390   204.934   204.916 
    1400   204.930   204.920 
    1410   204.934   204.916 
    1420   204.934   204.916 
    1430   204.934   204.918 
    1440   204.934   204.916 
    1450   204.936   204.918 
    1460   204.934   204.916 
    1470   204.934   204.916 
    1480   204.935   204.916 
    1490   204.934   204.916 
    1500   204.934   204.914 
    1510   204.934   204.914 
    1520   204.934   204.916 
    1530   204.934   204.916 
    1540   204.934   204.916 
    1550   204.933   204.920 
    1560   204.934   204.916 
    1570   204.934   204.916 
    1580   204.934   204.916 
    1590   204.934   204.916 
    1600   204.926   204.916 
    1610   204.935   204.916 
    1620   204.934   204.916 
    1630   296.221   140.590 
    1640   204.934   204.916 
    1650   204.934   204.913 
    1660   204.934   204.916 
    1670   204.934   204.916 
    1680   204.934   204.916 
    1690   204.934   204.916 
    1700   204.933   204.885 
    1710   204.934   204.916 
    1720   204.934   204.916 
    1730   204.934   204.919 
    1740   204.934   204.915 
    1750   204.937   204.841 
    1760   204.934   204.916 
    1770   204.934   204.916 
    1780   204.927   204.914 
    1790   204.934   204.916 
    1800   204.986   204.928 
    1810   204.934   204.916 
    1820   204.934   204.916 
    1830   204.934   204.915 
    1840   204.934   204.915 
    1850   204.938   204.916 
    1860   204.934   204.916 
    1870   204.934   204.916 
    1880   204.931   204.918 
    1890   204.934   204.916 
    1900   204.933   204.912 
    1910   204.934   204.915 
    1920   204.934   204.916 
    1930   204.934   204.916 
    1940   204.934   204.916 
    1950   204.932   204.915 
    1960   204.934   204.916 
    1970   204.933   204.916 
    1980   204.934   204.917 
    1990   204.934   204.916 
    2000   204.954   204.921 
    2010   204.934   204.916 
    2020   204.934   204.916 
    2030   184.087   295.094 
    2040   204.934   204.916 
    2050   204.930   204.915 
    2060   204.935   204.914 
    2070   204.934   204.916 
    2080   204.934   204.914 
    2090   204.934   204.916 
    2100   204.934   204.915 
    2110   204.935   204.916 
    2120   204.934   204.916 
    2130   204.935   204.915 
    2140   204.934   204.916 
    2150   204.933   204.919 
    2160   204.935   204.916 
    2170   204.934   204.916 
    2180   204.933   204.915 
    2190   204.934   204.916 
    2200   204.934   204.941 
    2210   204.934   204.916 
    2220   204.934   204.916 
    2230   248.142   102.760 
    2240   204.934   204.916 
    2250   204.936   204.913 
    2260   204.934   204.916 
    2270   204.934   204.916 
    2280   204.934   204.917 
    2290   204.934   204.916 
    2300   204.940   204.916 
    2310   204.934   204.916 
    2320   204.934   204.916 
    2330   204.933   204.917 
    2340   204.934   204.916 
    2350   204.935   204.917 
    2360   204.934   204.916 
    2370   204.934   204.916 
    2380   204.934   204.916 
    2390   204.934   204.916 
    2400   204.935   204.920 
    2410   204.934   204.916 
    2420   204.934   204.916 
    2430   204.937   204.907 
    2440   204.934   204.916 
    2450   204.931   204.927 
    2460   204.934   204.916 
    2470   204.934   204.916 
    2480   204.937   204.914 
    2490   204.934   204.916 
    2500   204.910   204.925 
    2510   204.934   204.916 
    2520   204.934   204.916 
    2530   204.934   204.915 
    2540   204.934   204.916 
    2550   204.933   204.916 
    2560   204.934   204.916 
    2570   204.934   204.916 
    2580   204.934   204.918 
    2590   204.934   204.916 
    2600   204.932   204.913 
    2610   204.934   204.916 
    2620   204.934   204.916 
    2630   204.934   204.915 
    2640   204.934   204.916 
    2650   204.839   204.742 
    2660   204.934   204.916 
    2670   204.934   204.916 
    2680   204.933   204.915 
    2690   204.934   204.916 
    2700   204.921   204.913 
    2710   204.934   204.916 
    2720   204.934   204.916 
    2730   118.505    92.574 
    2740   204.934   204.916 
    2750   204.942   204.908 
    2760   204.934   204.916 
    2770   204.934   204.916 
    2780   204.934   204.917 
    2790   204.934   204.916 
    2800   204.928   204.915 
    2810   204.934   204.916 
    2820   204.934   204.916 
    2830   204.931   204.914 
    2840   204.934   204.916 
    2850   204.935   204.913 
    2860   204.934   204.916 
    2870   204.934   204.916 
    2880   204.934   204.915 
    2890   204.934   204.916 
    2900   204.932   204.916 
    2910   204.934   204.916 
    2920   204.934   204.916 
    2930   204.934   204.911 
    2940   204.934   204.916 
    2950   204.967   205.020 
    2960   204.934   204.915 
    2970   204.934   204.916 
    2980   204.934   204.916 
    2990   204.934   204.916 
    3000   204.958   204.916 
    3010   204.934   204.916 
    3020   204.934   204.916 
    3030   204.934   204.917 
    3040   204.934   204.916 
    3050   204.965   204.897 
    3060   204.934   204.916 
    3070   204.934   204.916 
    3080   204.935   204.916 
    3090   204.935   204.916 
    3100   204.931   204.992 
    3110   204.935   204.916 
    3120   204.934   204.916 
    3130   204.934   204.918 
    3140   204.934   204.916 
    3150   204.935   204.924 
    3160   204.934   204.916 
    3170   204.934   204.916 
    3180   204.935   204.915 
    3190   204.934   204.916 
    3200   204.932   204.876 
    3210   204.934   204.916 
    3220   204.934   204.916 
    3230   204.934   204.916 
    3240   204.934   204.916 
    3250   204.939   204.904 
    3260   204.935   204.916 
    3270   204.934   204.916 
    3280   204.934   204.916 
    3290   204.934   204.916 
    3300   204.938   204.915 
    3310   204.934   204.916 
    3320   204.934   204.916 
    3330   204.934   204.916 
    3340   204.934   204.916 
    3350   204.931   204.916 
    3360   204.934   204.916 
    3370   204.934   204.916 
    3380   204.933   204.916 
    3390   204.934   204.916 
    3400   204.934   204.907 
    3410   204.935   204.916 
    3420   204.934   204.916 
    3430   204.934   204.914 
    3440   204.935   204.916 
    3450   204.933   204.828 
    3460   204.934   204.916 
    3470   204.934   204.916 
    3480   204.934   204.915 
    3490   204.934   204.916 
    3500   204.935   204.917 
    3510   204.934   204.915 
    3520   204.934   204.916 
    3530   204.934   204.916 
    3540   204.934   204.916 
    3550   204.932   204.914 
    3560   204.935   204.916 
    3570   204.934   204.916 
    3580   204.934   204.916 
    3590   204.934   204.915 
    3600   204.979   204.978 
    3610   204.934   204.914 
    3620   204.934   204.916 
    3630   204.934   204.916 
    3640   204.934   204.916 
    3650   204.926   204.915 
    3660   204.934   204.916 
    3670   204.934   204.915 
    3680   204.933   204.916 
    3690   204.934   204.916 
    3700   204.936   204.814 
    3710   204.934   204.915 
    3720   204.934   204.916 
    3730   204.934   204.916 
    3740   204.934   204.916 
    3750   204.943   204.915 
    3760   204.934   204.916 
    3770   204.934   204.916 
    3780   204.935   204.917 
    3790   204.934   204.916 
    3800   204.935   204.915 
    3810   204.937   204.916 
    3820   204.934   204.916 
    3830   204.930   204.916 
    3840   204.934   204.916 
    3850   204.933   204.925 
    3860   204.935   204.916 
    3870   204.934   204.916 
    3880   293.104   220.977 
    3890   204.934   204.916 
    3900   204.934   204.921 
    3910   204.935   204.916 
    3920   204.934   204.916 
    3930   125.578   202.672 
    3940   204.934   204.916 
    3950   204.934   204.873 
    3960   204.934   204.916 
    3970   204.934   204.916 
    3980   204.934   204.916 
    3990   204.934   204.916 
    4000   204.951   204.913 
    4010   204.934   204.916 
    4020   204.934   204.916 
    4030   204.934   204.918 
    4040   204.934   204.916 
    4050   204.894   204.928 
    4060   204.933   204.916 
    4070   204.934   204.916 
    4080   204.935   204.917 
    4090   204.934   204.916 
    4100   204.934   204.947 
    4110   204.934   204.916 
    4120   204.934   204.916 
    4130   204.937   204.923 
    4140   204.934   204.917 
    4150   204.946   204.959 
    4160   204.934   204.916 
    4170   204.934   204.916 
    4180   204.934   204.916 
    4190   204.934   204.916 
    4200   204.934   204.887 
    4210   204.934   204.916 
    4220   204.934   204.916 
    4230   204.935   204.916 
    4240   204.934   204.916 
    4250   204.941   204.919 
    4260   204.934   204.916 
    4270   204.934   204.916 
    4280   204.933   204.916 
    4290   204.934   204.916 
    4300   204.935   204.916 
    4310   204.934   204.916 
    4320   204.934   204.916 
    4330   204.934   204.913 
    4340   204.934   204.916 
    4350   204.924   204.921 
    4360   204.934   204.916 
    4370   204.934   204.916 
    4380   204.934   204.916 
    4390   204.935   204.916 
    4400   204.974   204.914 
    4410   204.934   204.916 
    4420   204.934   204.916 
    4430   204.933   204.916 
    4440   204.934   204.916 
    4450   204.933   204.961 
    4460   204.935   204.926 
    4470   204.934   204.916 
    4480   204.934   204.916 
    4490   204.934   204.916 
    4500   204.931   204.915 
    4510   204.934   204.916 
    4520   204.934   204.916 
    4530   204.934   204.916 
    4540   204.934   204.916 
    4550   204.980   204.916 
    4560   204.934   204.916 
    4570   204.934   204.916 
    4580   204.933   204.917 
    4590   204.934   204.916 
    4600   204.933   204.911 
    4610   204.934   204.916 
    4620   204.934   204.916 
    4630   204.936   204.914 
    4640   204.934   204.916 
    4650   204.936   204.918 
    4660   204.935   204.915 
    4670   204.934   204.916 
    4680   205.204   113.757 
    4690   204.934   204.916 
    4700   204.935   204.834 
    4710   204.933   204.914 
    4720   204.934   204.916 
    4730   204.935   204.914 
    4740   204.934   204.916 
    4750   204.872   204.888 
    4760   204.934   204.916 
    4770   204.934   204.916 
    4780   204.934   204.914 
    4790   204.934   204.916 
    4800   204.946   204.913 
    4810   204.934   204.916 
    4820   204.934   204.916 
    4830   204.934   204.916 
    4840   204.934   204.916 
    4850   204.936   204.985 
    4860   204.934   204.916 
    4870   204.934   204.916 
    4880   204.936   204.916 
    4890   204.934   204.916 
    4900   204.939   204.815 
    4910   204.935   204.916 
    4920   204.934   204.916 
    4930   204.934   204.916 
    4940   204.934   204.916 
    4950   204.930   204.915 
    4960   204.934   204.916 
    4970   204.934   204.916 
    4980   204.933   204.916 
    4990   204.934   204.916 
    5000   204.935   204.917 
    5010   204.933   204.916 
    5020   204.934   204.916 
    5030   204.934   204.916 
    5040   204.934   204.916 
    5050   204.979   204.915 
    5060   204.934   204.916 
    5070   204.934   204.916 
    5080   204.934   204.916 
    5090   204.934   204.916 
    5100   204.932   204.916 
    5110   204.934   204.915 
    5120   204.934   204.916 
    5130   204.933   204.916 
    5140   204.934   204.916 
    5150   204.934   204.965 
    5160   204.934   204.916 
    5170   204.934   204.916 
    5180   204.934   204.914 
    5190   204.934   204.916 
    5200   204.927   204.917 
    5210   204.934   204.916 
    5220   204.934   204.916 
    5230   204.932   204.916 
    5240   204.934   204.916 
    5250   204.933   204.903 
    5260   204.934   204.916 
    5270   204.934   204.916 
    5280   204.934   204.917 
    5290   204.934   204.916 
    5300   204.878   204.912 
    5310   204.934   204.916 
    5320   204.934   204.916 
    5330   204.933   204.916 
    5340   204.934   204.916 
    5350   204.933   204.912 
    5360   204.934   204.916 
    5370   204.934   204.916 
    5380   267.795   210.005 
    5390   204.934   204.916 
    5400   204.932   204.978 
    5410   204.934   204.916 
    5420   204.934   204.916 
    5430   204.934   204.915 
    5440   204.934   204.916 
    5450   204.935   204.928 
    5460   204.934   204.916 
    5470   204.934   204.916 
    5480   204.943   204.920 
    5490   204.934   204.916 
    5500   204.927   204.914 
    5510   204.934   204.916 
    5520   204.934   204.916 
    5530   204.933   204.916 
    5540   204.934   204.916 
    5550   204.934   204.915 
    5560   204.934   204.914 
    5570   204.934   204.916 
    5580   204.934   204.916 
    5590   204.934   204.916 
    5600   204.931   204.916 
    5610   204.934   204.916 
    5620   204.934   204.916 
    5630   204.933   204.916 
    5640   204.934   204.916 
    5650   204.934   204.918 
    5660   204.934   204.918 
    5670   204.934   204.916 
    5680   204.934   204.918 
    5690   204.934   204.916 
    5700   204.929   204.916 
    5710   204.934   204.916 
    5720   204.934   204.916 
    5730   204.935   204.916 
    5740   204.934   204.916 
    5750   204.931   204.917 
    5760   204.934   204.916 
    5770   204.934   204.916 
    5780   204.934   204.918 
    5790   204.934   204.916 
    5800   204.941   204.918 
    5810   204.934   204.916 
    5820   204.934   204.916 
    5830   204.934   204.915 
    5840   204.934   204.916 
    5850   204.938   204.913 
    5860   204.934   204.916 
    5870   204.934   204.916 
    5880   204.934   204.921 
    5890   204.934   204.916 
    5900   204.945   204.921 
    5910   204.934   204.916 
    5920   204.934   204.916 
    5930   204.935   204.916 
    5940   204.934   204.916 
    5950   204.937   204.936 
    5960   204.934   204.917 
    5970   204.934   204.916 
    5980   204.935   204.913 
    5990   204.934   204.916 
    6000   204.935   204.915 
    6010   204.934   204.916 
    6020   204.934   204.916 
    6030   204.934   204.915 
    6040   204.935   204.916 
    6050   204.929   204.986 
    6060   204.934   204.916 
    6070   204.934   204.916 
    6080   204.933   204.916 
    6090   204.934   204.916 
    6100   204.929   204.915 
    6110   204.934   204.916 
    6120   204.934   204.916 
    6130   204.934   204.916 
    6140   204.934   204.916 
    6150   204.934   205.012 
    6160   204.936   204.916 
    6170   204.934   204.916 
    6180   204.934   204.916 
    6190   204.934   204.916 
    6200   204.937   204.863 
    6210   204.934   204.916 
    6220   204.934   204.916 
    6230   204.933   204.916 
    6240   204.934   204.916 
    6250   204.938   204.915 
    6260   204.934   204.916 
    6270   204.934   204.916 
    6280   204.934   204.916 
    6290   204.934   204.916 
    6300   204.934   204.907 
    6310   204.934   204.917 
    6320   204.934   204.916 
    6330   204.934   204.911 
    6340   204.934   204.916 
    6350   204.872   204.916 
    6360   204.934   204.916 
    6370   204.934   204.916 
    6380   204.934   204.915 
    6390   204.934   204.916 
    6400   204.931   204.914 
    6410   204.934   204.916 
    6420   204.934   204.916 
    6430   204.933   204.914 
    6440   204.934   204.916 
    6450   204.937   204.912 
    6460   204.934   204.916 
    6470   204.934   204.916 
    6480   204.934   204.918 
    6490   204.934   204.915 
    6500   204.931   204.926 
    6510   204.934   204.916 
    6520   204.934   204.916 
    6530   204.933   204.915 
    6540   204.934   204.916 
    6550   204.923   204.912 
    6560   204.934   204.916 
    6570   204.934   204.917 
    6580   204.936   204.914 
    6590   204.934   204.916 
    6600   204.931   204.913 
    6610   204.934   204.916 
    6620   204.934   204.916 
    6630   204.934   204.917 
    6640   204.934   204.916 
    6650   204.933   204.906 
    6660   204.934   204.916 
    6670   204.934   204.916 
    6680   225.621   284.757 
    6690   204.934   204.916 
    6700   204.930   204.917 
    6710   204.934   204.916 
    6720   204.934   204.916 
    6730   204.934   204.916 
    6740   204.934   204.916 
    6750   204.960   204.916 
    6760   204.934   204.916 
    6770   204.934   204.916 
    6780   164.800   308.640 
    6790   204.934   204.916 
    6800   204.924   204.912 
    6810   204.934   204.916 
    6820   204.934   204.916 
    6830   204.934   204.918 
    6840   204.934   204.915 
    6850   204.940   204.916 
    6860   204.934   204.915 
    6870   204.934   204.916 
    6880   204.934   204.916 
    6890   204.934   204.916 
    6900   204.936   204.913 
    6910   204.935   204.916 
    6920   204.934   204.916 
    6930   204.934   204.916 
    6940   204.934   204.916 
    6950   204.934   204.916 
    6960   204.934   204.916 
    6970   204.934   204.916 
    6980   204.933   204.916 
    6990   204.934   204.916 
    7000   204.936   204.904 
    7010   204.933   204.919 
    7020   204.934   204.916 
    7030   204.934   204.916 
    7040   204.934   204.916 
    7050   204.936   204.917 
    7060   204.934   204.916 
    7070   204.934   204.916 
    7080   204.934   204.916 
    7090   204.934   204.916 
    7100   204.889   205.031 
    7110   204.934   204.916 
    7120   204.934   204.916 
    7130   204.934   204.917 
    7140   204.934   204.916 
    7150   204.935   204.938 
    7160   204.934   204.916 
    7170   204.934   204.916 
    7180   204.934   204.916 
    7190   204.934   204.916 
    7200   204.967   204.932 
    7210   204.934   204.916 
    7220   204.934   204.915 
    7230   204.934   204.919 
    7240   204.934   204.916 
    7250   204.927   204.916 
    7260   204.934   204.916 
    7270   204.934   204.916 
    7280   204.934   204.915 
    7290   204.934   204.916 
    7300   204.936   204.920 
    7310   204.934   204.916 
    7320   204.934   204.916 
    7330   204.935   204.916 
    7340   204.934   204.916 
    7350   204.932   204.917 
    7360   204.934   204.917 
    7370   204.934   204.916 
    7380   204.934   204.916 
    7390   204.934   204.916 
    7400   204.933   204.916 
    7410   204.934   204.916 
    7420   204.933   204.916 
    7430   204.935   204.915 
    7440   204.934   204.916 
    7450   204.934   204.965 
    7460   204.934   204.917 
    7470   204.934   204.916 
    7480   204.934   204.916 
    7490   204.934   204.916 
    7500   204.947   204.914 
    7510   204.934   204.916 
    7520   204.934   204.916 
    7530   204.932   204.916 
    7540   204.934   204.916 
    7550   204.934   204.943 
    7560   204.935   204.914 
    7570   204.934   204.916 
    7580   204.934   204.916 
    7590   204.934   204.916 
    7600   204.869   204.931 
    7610   204.934   204.916 
    7620   204.934   204.916 
    7630   204.934   204.916 
    7640   204.934   204.916 
    7650   204.938   204.916 
    7660   204.934   204.916 
    7670   204.934   204.916 
    7680   204.936   204.918 
    7690   204.934   204.916 
    7700   204.925   204.912 
    7710   204.934   204.915 
    7720   204.934   204.916 
    7730   204.934   204.916 
    7740   204.934   204.916 
    7750   204.934   204.925 
    7760   204.934   204.916 
    7770   204.934   204.916 
    7780   204.934   204.916 
    7790   204.934   204.916 
    7800   204.941   204.917 
    7810   204.934   204.916 
    7820   204.934   204.916 
    7830   204.934   204.916 
    7840   204.934   204.916 
    7850   204.934   204.923 
    7860   204.934   204.916 
    7870   204.934   204.916 
    7880   204.935   204.915 
    7890   204.934   204.916 
    7900   204.938   204.915 
    7910   204.934   204.916 
    7920   204.934   204.916 
    7930   204.934   204.917 
    7940   204.934   204.916 
    7950   204.935   204.926 
    7960   204.934   204.916 
    7970   204.934   204.916 
    7980   204.935   204.914 
    7990   204.934   204.916 
    8000   204.962   204.848 
    8010   204.934   204.916 
    8020   204.934   204.916 
    8030   204.934   204.916 
    8040   204.934   204.916 
    8050   204.919   204.890 
    8060   204.933   204.916 
    8070   204.934   204.916 
    8080   204.938   204.915 
    8090   204.934   204.916 
    8100   204.936   204.916 
    8110   204.936   204.916 
    8120   204.934   204.916 
    8130   114.453   189.508 
    8140   204.934   204.916 
    8150   204.933   204.920 
    8160   204.934   204.916 
    8170   204.934   204.916 
    8180   204.935   204.920 
    8190   204.934   204.916 
    8200   204.931   204.907 
    8210   204.934   204.916 
    8220   204.934   204.916 
    8230   204.934   204.917 
    8240   204.934   204.916 
    8250   204.929   204.915 
    8260   204.934   204.916 
    8270   204.934   204.916 
    8280   204.936   204.917 
    8290   204.934   204.916 
    8300   204.947   204.830 
    8310   204.933   204.916 
    8320   204.934   204.916 
    8330    94.984   284.695 
    8340   204.934   204.916 
    8350   204.936   204.915 
    8360   204.934   204.916 
    8370   204.934   204.916 
    8380   204.933   204.920 
    8390   204.934   204.916 
    8400   204.989   204.940 
    8410   204.934   204.916 
    8420   204.934   204.916 
    8430   204.932   204.915 
    8440   204.934   204.916 
    8450   204.934   204.915 
    8460   204.934   204.916 
    8470   204.933   204.916 
    8480   204.933   204.916 
    8490   204.934   204.916 
    8500   204.929   204.969 
    8510   204.934   204.916 
    8520   204.934   204.916 
    8530   204.934   204.919 
    8540   204.933   204.916 
    8550   204.935   204.844 
    8560   204.934   204.916 
    8570   204.934   204.916 
    8580   204.932   204.916 
    8590   204.934   204.916 
    8600   204.934   205.013 
    8610   204.934   204.916 
    8620   204.934   204.916 
    8630   204.935   204.913 
    8640   204.934   204.916 
    8650   204.933   204.905 
    8660   204.934   204.916 
    8670   204.934   204.916 
    8680   204.934   204.917 
    8690   204.934   204.916 
    8700   204.935   204.925 
    8710   204.933   204.916 
    8720   204.934   204.916 
    8730   280.856   201.273 
    8740   204.934   204.916 
    8750   204.934   204.919 
    8760   204.934   204.916 
    8770   204.934   204.916 
    8780   204.934   204.917 
    8790   204.934   204.916 
    8800   204.931   204.912 
    8810   204.934   204.916 
    8820   204.934   204.916 
    8830   204.932   204.918 
    8840   204.934   204.916 
    8850   204.935   204.907 
    8860   204.934   204.916 
    8870   204.934   204.916 
    8880   204.934   204.915 
    8890   204.934   204.916 
    8900   204.947   204.820 
    8910   204.934   204.916 
    8920   204.934   204.916 
    8930   204.934   204.916 
    8940   204.934   204.916 
    8950   204.933   204.884 
    8960   204.934   204.916 
    8970   204.934   204.916 
    8980   204.934   204.915 
    8990   204.934   204.916 
    9000   204.929   204.916 
    9010   204.934   204.916 
    9020   204.934   204.916 
    9030   204.934   204.917 
    9040   204.934   204.916 
    9050   204.940   204.855 
    9060   204.934   204.916 
    9070   204.934   204.916 
    9080   204.933   204.918 
    9090   204.934   204.916 
    9100   205.040   204.949 
    9110   204.935   204.917 
    9120   204.934   204.916 
    9130   204.933   204.915 
    9140   204.934   204.916 
    9150   204.935   204.915 
    9160   204.934   204.916 
    9170   204.934   204.916 
    9180   204.936   204.919 
    9190   204.934   204.916 
    9200   204.934   204.917 
    9210   204.934   204.916 
    9220   204.934   204.916 
    9230   204.934   204.916 
    9240   204.934   204.916 
    9250   204.936   204.917 
    9260   204.934   204.916 
    9270   204.934   204.916 
    9280   204.934   204.916 
    9290   204.934   204.916 
    9300   204.934   204.919 
    9310   204.934   204.916 
    9320   204.934   204.916 
    9330   204.934   204.916 
    9340   204.934   204.916 
    9350   204.929   204.913 
    9360   204.934   204.916 
    9370   204.934   204.916 
    9380   204.934   204.918 
    9390   204.934   204.916 
    9400   204.931   204.907 
    9410   204.934   204.916 
    9420   204.934   204.916 
    9430   204.934   204.915 
    9440   204.934   204.916 
    9450   204.938   204.919 
    9460   204.934   204.916 
    9470   204.934   204.916 
    9480   204.933   204.916 
    9490   204.934   204.915 
    9500   204.938   204.921 
    9510   204.934   204.916 
    9520   204.934   204.916 
    9530   204.933   204.917 
    9540   204.934   204.916 
    9550   204.934   204.917 
    9560   204.934   204.915 
    9570   204.934   204.916 
    9580   204.934   204.916 
    9590   204.934   204.916 
    9600   204.932   204.916 
    9610   204.935   204.916 
    9620   204.934   204.916 
    9630   321.977    70.646 
    9640   204.934   204.916 
    9650   204.936   204.905 
    9660   204.934   204.916 
    9670   204.934   204.916 
    9680   204.934   204.915 
    9690   204.934   204.916 
    9700   204.927   204.913 
    9710   204.934   204.916 
    9720   204.934   204.916 
    9730   204.934   204.912 
    9740   204.933   204.916 
    9750   204.936   204.913 
    9760   204.934   204.916 
    9770   204.934   204.916 
    9780   204.934   204.915 
    9790   204.934   204.916 
    9800   204.925   204.902 
    9810   204.934   204.916 
    9820   204.934   204.916 
    9830   204.933   204.919 
    9840   204.934   204.916 
    9850   204.880   204.934 
    9860   204.934   204.916 
    9870   204.934   204.916 
    9880   204.933   204.916 
    9890   204.934   204.917 
    9900   204.938   204.908 
    9910   204.934   204.916 
    9920   204.934   204.916 
    9930   204.934   204.916 
    9940   204.934   204.916 
    9950   204.931   204.918 
    9960   204.934   204.916 
    9970   204.934   204.916 
    9980   204.934   204.916 
    9990   204.934   204.916 
   10000   204.934   204.916 
