       0   189.994   189.957 
      10   194.394   194.815 
      20   194.797   194.932 
      30   194.905   194.899 
      40   194.920   194.913 
      50   194.948   194.927 
      60   194.738   195.152 
      70   194.953   194.910 
      80   194.948   194.939 
      90   194.919   194.918 
     100   194.961   194.930 
     110   194.939   194.927 
     120   194.954   194.933 
     130   194.955   194.934 
     140   194.945   194.915 
     150   194.979   194.952 
     160   194.964   194.929 
     170   194.963   194.915 
     180   194.951   194.935 
     190   194.962   194.938 
     200   194.961   194.934 
     210   194.960   194.932 
     220   194.964   194.932 
     230   194.957   194.932 
     240   194.953   194.932 
     250   194.954   194.929 
     260   194.965   194.935 
     270   194.965   194.933 
     280   194.966   194.936 
     290   194.959   194.935 
     300   195.017   194.939 
     310   194.967   194.947 
     320   194.967   194.930 
     330   194.967   194.936 
     340   194.964   194.937 
     350   195.067   194.943 
     360   194.970   194.917 
     370   194.972   194.957 
     380   194.969   194.937 
     390   194.968   194.938 
     400   194.825   194.911 
     410   194.969   194.938 
     420   194.970   194.938 
     430   194.971   194.939 
     440   194.971   194.938 
     450   194.971   194.941 
     460   194.969   194.938 
     470   194.973   194.939 
     480   194.971   194.941 
     490   194.973   194.939 
     500   195.009   194.914 
     510   194.971   194.939 
     520   194.972   194.938 
     530   194.973   194.939 
     540   194.969   194.939 
     550   194.950   194.937 
     560   194.973   194.939 
     570   194.977   194.924 
     580   194.973   194.939 
     590   194.975   194.941 
     600   194.970   194.934 
     610   194.983   194.940 
     620   194.973   194.940 
     630   194.974   194.940 
     640   194.973   194.940 
     650   194.968   194.919 
     660   194.973   194.940 
     670   194.972   194.940 
     680   194.962   194.940 
     690   194.974   194.939 
     700   194.974   194.936 
     710   194.976   194.940 
     720   194.974   194.940 
     730   194.972   194.939 
     740   194.974   194.938 
     750   194.969   195.024 
     760   194.973   194.940 
     770   194.973   194.940 
     780   194.974   194.941 
     790   194.974   194.939 
     800   194.982   194.940 
     810   194.974   194.938 
     820   194.975   194.938 
     830   194.975   194.942 
     840   194.972   194.940 
     850   194.974   194.930 
     860   194.974   194.940 
     870   194.975   194.940 
     880   194.975   194.940 
     890   194.975   194.940 
     900   194.974   194.941 
     910   194.975   194.940 
     920   194.975   194.940 
     930   194.977   194.941 
     940   194.975   194.940 
     950   194.976   194.941 
     960   194.974   194.940 
     970   194.975   194.940 
     980   194.975   194.939 
     990   194.975   194.940 
    1000   194.975   194.798 
    1010   194.975   194.940 
    1020   194.975   194.940 
    1030   194.975   194.940 
    1040   194.974   194.940 
    1050   194.966   194.942 
    1060   194.975   194.940 
    1070   194.975   194.940 
    1080   194.975   194.943 
    1090   194.975   194.940 
    1100   194.977   194.944 
    1110   194.976   194.940 
    1120   194.975   194.940 
    1130   194.976   194.940 
    1140   194.975   194.940 
    1150   194.983   195.015 
    1160   194.975   194.940 
    1170   194.975   194.940 
    1180   194.975   194.940 
    1190   194.975   194.940 
    1200   194.964   194.940 
    1210   194.975   194.940 
    1220   194.975   194.935 
    1230   194.975   194.941 
    1240   194.975   194.940 
    1250   194.969   194.913 
    1260   194.974   194.941 
    1270   194.975   194.940 
    1280    68.103   180.072 
    1290   194.975   194.940 
    1300   194.975   194.936 
    1310   194.975   194.941 
    1320   194.975   194.941 
    1330   194.975   194.940 
    1340   194.975   194.941 
    1350   194.960   194.941 
    1360   194.975   194.941 
    1370   194.975   194.941 
    1380   194.977   194.941 
    1390   194.975   194.941 
    1400   194.975   194.959 
    1410   194.975   194.941 
    1420   194.975   194.941 
    1430   194.975   194.944 
    1440   194.975   194.941 
    1450   194.947   194.944 
    1460   194.975   194.941 
    1470   194.975   194.941 
    1480   194.975   194.941 
    1490   194.975   194.941 
    1500   194.971   194.979 
    1510   194.975   194.941 
    1520   194.975   194.941 
    1530   194.981   194.943 
    1540   194.975   194.941 
    1550   194.962   194.937 
    1560   194.975   194.941 
    1570   194.975   194.941 
    1580   194.974   194.941 
    1590   194.975   194.941 
    1600   194.978   194.932 
    1610   194.975   194.941 
    1620   194.975   194.941 
    1630   194.975   194.941 
    1640   194.975   194.940 
    1650   194.974   194.947 
    1660   194.974   194.941 
    1670   194.975   194.941 
    1680   194.974   194.943 
    1690   194.975   194.941 
    1700   194.974   194.941 
    1710   194.975   194.941 
    1720   194.975   194.941 
    1730   194.974   194.942 
    1740   194.976   194.941 
    1750   194.971   194.959 
    1760   194.975   194.941 
    1770   194.974   194.941 
    1780   194.975   194.942 
    1790   194.975   194.941 
    1800   194.972   194.949 
    1810   194.975   194.941 
    1820   194.975   194.941 
    1830   194.976   194.941 
    1840   194.974   194.941 
    1850   194.975   194.958 
    1860   194.974   194.941 
    1870   194.975   194.941 
    1880   194.975   194.942 
    1890   194.975   194.941 
    1900   194.967   194.934 
    1910   194.975   194.941 
    1920   194.975   194.941 
    1930   194.976   194.938 
    1940   194.975   194.941 
    1950   194.979   194.941 
    1960   194.975   194.941 
    1970   194.975   194.941 
    1980   194.974   194.941 
    1990   194.975   194.941 
    2000   194.943   194.940 
    2010   194.975   194.941 
    2020   194.975   194.941 
    2030   194.974   194.945 
    2040   194.975   194.941 
    2050   194.978   194.942 
    2060   194.975   194.941 
    2070   194.975   194.941 
    2080   194.975   194.942 
    2090   194.975   194.941 
    2100   194.983   194.942 
    2110   194.975   194.942 
    2120   194.975   194.941 
    2130   194.974   194.941 
    2140   194.975   194.941 
    2150   194.976   194.941 
    2160   194.974   194.942 
    2170   194.975   194.941 
    2180   194.973   194.940 
    2190   194.974   194.941 
    2200   194.971   194.950 
    2210   194.975   194.941 
    2220   194.975   194.941 
    2230   194.977   194.940 
    2240   194.975   194.941 
    2250   194.979   194.961 
    2260   194.975   194.941 
    2270   194.977   194.940 
    2280   194.974   194.942 
    2290   194.975   194.941 
    2300   194.978   194.830 
    2310   194.975   194.941 
    2320   194.974   194.942 
    2330   262.857   296.107 
    2340   194.975   194.941 
    2350   194.976   194.938 
    2360   194.974   194.942 
    2370   194.974   194.941 
    2380   194.974   194.942 
    2390   194.974   194.941 
    2400   194.978   194.869 
    2410   194.975   194.942 
    2420   194.975   194.941 
    2430   194.974   194.942 
    2440   194.974   194.941 
    2450   194.977   194.879 
    2460   194.975   194.941 
    2470   194.975   194.941 
    2480   194.976   194.939 
    2490   194.975   194.941 
    2500   194.974   194.938 
    2510   194.974   194.941 
    2520   194.975   194.941 
    2530   194.982   194.934 
    2540   194.974   194.941 
    2550   195.016   194.933 
    2560   194.974   194.942 
    2570   194.975   194.941 
    2580   194.972   194.941 
    2590   194.974   194.941 
    2600   194.976   194.941 
    2610   194.978   194.942 
    2620   194.975   194.941 
    2630   194.974   194.943 
    2640   194.974   194.942 
    2650   194.975   194.920 
    2660   194.974   194.941 
    2670   194.974   194.941 
    2680   156.101   314.479 
    2690   194.974   194.941 
    2700   194.981   194.943 
    2710   194.974   194.942 
    2720   194.974   194.942 
    2730   194.974   194.940 
    2740   194.974   194.942 
    2750   194.985   194.939 
    2760   194.974   194.941 
    2770   194.974   194.941 
    2780   194.974   194.943 
    2790   194.975   194.942 
    2800   194.975   194.951 
    2810   194.974   194.942 
    2820   194.976   194.942 
    2830   194.974   194.942 
    2840   194.974   194.942 
    2850   194.972   194.938 
    2860   194.974   194.942 
    2870   194.974   194.941 
    2880   194.975   194.944 
    2890   194.975   194.942 
    2900   194.938   194.938 
    2910   194.974   194.942 
    2920   194.974   194.942 
    2930   194.974   194.942 
    2940   194.974   194.942 
    2950   194.975   195.000 
    2960   194.974   194.941 
    2970   194.974   194.942 
    2980   194.973   195.040 
    2990   194.974   194.942 
    3000   194.986   194.942 
    3010   194.974   194.942 
    3020   194.974   194.942 
    3030   194.975   194.942 
    3040   194.975   194.942 
    3050   194.976   194.905 
    3060   194.974   194.942 
    3070   194.974   194.942 
    3080   194.973   194.942 
    3090   194.974   194.942 
    3100   194.974   194.941 
    3110   194.974   194.942 
    3120   194.974   194.942 
    3130   194.975   194.944 
    3140   194.974   194.942 
    3150   194.975   194.946 
    3160   194.974   194.942 
    3170   194.974   194.942 
    3180   194.964   194.957 
    3190   194.975   194.941 
    3200   194.978   194.940 
    3210   194.975   194.942 
    3220   194.974   194.942 
    3230   194.974   194.943 
    3240   194.974   194.941 
    3250   194.977   194.943 
    3260   194.975   194.942 
    3270   194.974   194.942 
    3280   194.975   194.942 
    3290   194.974   194.942 
    3300   194.969   194.937 
    3310   194.975   194.942 
    3320   194.974   194.942 
    3330   194.972   194.938 
    3340   194.974   194.942 
    3350   194.976   194.942 
    3360   194.974   194.942 
    3370   194.974   194.940 
    3380   194.972   194.940 
    3390   194.974   194.942 
    3400   194.975   194.940 
    3410   194.974   194.942 
    3420   194.974   194.942 
    3430   194.975   194.940 
    3440   194.974   194.942 
    3450   194.976   194.931 
    3460   194.974   194.942 
    3470   194.974   194.942 
    3480   194.976   194.943 
    3490   194.975   194.941 
    3500   194.983   194.950 
    3510   194.974   194.942 
    3520   194.974   194.942 
    3530   194.974   194.942 
    3540   194.974   194.942 
    3550   194.926   195.031 
    3560   194.974   194.941 
    3570   194.974   194.942 
    3580   194.975   194.944 
    3590   194.974   194.942 
    3600   194.973   195.023 
    3610   194.974   194.941 
    3620   194.974   194.941 
    3630   194.975   194.941 
    3640   194.974   194.942 
    3650   194.973   194.941 
    3660   194.975   194.942 
    3670   194.975   194.941 
    3680   194.974   194.942 
    3690   194.974   194.942 
    3700   194.972   194.941 
    3710   194.974   194.942 
    3720   194.974   194.942 
    3730   194.975   194.939 
    3740   194.974   194.942 
    3750   194.970   194.927 
    3760   194.975   194.942 
    3770   194.974   194.942 
    3780   194.973   194.939 
    3790   194.975   194.942 
    3800   194.946   194.952 
    3810   194.974   194.942 
    3820   194.974   194.942 
    3830   194.973   194.941 
    3840   194.974   194.942 
    3850   194.972   194.952 
    3860   194.975   194.942 
    3870   194.975   194.942 
    3880   194.975   194.941 
    3890   194.974   194.942 
    3900   194.943   194.940 
    3910   194.974   194.942 
    3920   194.974   194.942 
    3930   128.080   287.851 
    3940   194.974   194.942 
    3950   194.980   194.946 
    3960   194.974   194.942 
    3970   194.974   194.942 
    3980   194.984   194.937 
    3990   194.974   194.942 
    4000   194.986   194.937 
    4010   194.974   194.942 
    4020   194.974   194.942 
    4030   194.975   194.942 
    4040   194.974   194.942 
    4050   194.976   194.950 
    4060   194.974   194.942 
    4070   194.974   194.942 
    4080   194.974   194.943 
    4090   194.974   194.942 
    4100   194.994   194.941 
    4110   194.974   194.942 
    4120   194.974   194.942 
    4130   194.974   194.941 
    4140   194.974   194.942 
    4150   194.974   194.941 
    4160   194.974   194.942 
    4170   194.974   194.942 
    4180   194.968   194.952 
    4190   194.974   194.942 
    4200   194.964   194.931 
    4210   194.975   194.942 
    4220   194.974   194.942 
    4230   194.974   194.941 
    4240   194.974   194.942 
    4250   194.967   194.978 
    4260   194.974   194.942 
    4270   194.974   194.942 
    4280   194.974   194.943 
    4290   194.974   194.942 
    4300   194.973   194.932 
    4310   194.974   194.942 
    4320   194.974   194.942 
    4330   194.973   194.933 
    4340   194.974   194.941 
    4350   194.981   194.974 
    4360   194.974   194.942 
    4370   194.974   194.942 
    4380   105.328   136.565 
    4390   194.974   194.942 
    4400   194.975   194.941 
    4410   194.974   194.942 
    4420   194.974   194.942 
    4430   194.974   194.944 
    4440   194.974   194.942 
    4450   195.020   194.948 
    4460   194.974   194.942 
    4470   194.974   194.942 
    4480   194.974   194.941 
    4490   194.974   194.942 
    4500   194.985   194.945 
    4510   194.974   194.942 
    4520   194.974   194.942 
    4530   194.974   194.941 
    4540   194.974   194.942 
    4550   194.898   194.939 
    4560   194.974   194.941 
    4570   194.974   194.942 
    4580   194.975   194.943 
    4590   194.974   194.942 
    4600   194.973   194.952 
    4610   194.974   194.942 
    4620   194.974   194.942 
    4630   194.974   194.941 
    4640   194.974   194.942 
    4650   194.977   194.950 
    4660   194.974   194.942 
    4670   194.974   194.942 
    4680   194.974   194.940 
    4690   194.974   194.942 
    4700   195.029   194.965 
    4710   194.975   194.943 
    4720   194.974   194.941 
    4730   194.974   194.942 
    4740   194.974   194.942 
    4750   194.975   194.943 
    4760   194.974   194.942 
    4770   194.974   194.942 
    4780   194.974   194.942 
    4790   194.974   194.942 
    4800   194.973   194.945 
    4810   194.974   194.942 
    4820   194.974   194.942 
    4830   194.975   194.942 
    4840   194.974   194.942 
    4850   194.975   194.939 
    4860   194.975   194.942 
    4870   194.974   194.942 
    4880   194.974   194.943 
    4890   194.974   194.942 
    4900   194.957   195.025 
    4910   194.974   194.942 
    4920   194.974   194.942 
    4930   194.974   194.942 
    4940   194.975   194.939 
    4950   194.974   194.941 
    4960   194.975   194.942 
    4970   194.975   194.942 
    4980   194.975   194.941 
    4990   194.974   194.942 
    5000   194.974   194.929 
    5010   194.975   194.942 
    5020   194.974   194.942 
    5030   194.975   194.941 
    5040   194.974   194.942 
    5050   194.981   194.944 
    5060   194.974   194.942 
    5070   194.974   194.942 
    5080   194.975   194.942 
    5090   194.974   194.942 
    5100   194.961   194.939 
    5110   194.974   194.940 
    5120   194.974   194.942 
    5130   194.974   194.942 
    5140   194.974   194.942 
    5150   194.974   194.947 
    5160   194.974   194.942 
    5170   194.974   194.942 
    5180   194.974   194.942 
    5190   194.974   194.942 
    5200   194.979   194.931 
    5210   194.982   194.942 
    5220   194.974   194.942 
    5230   174.724   299.679 
    5240   194.974   194.942 
    5250   194.984   194.944 
    5260   194.974   194.942 
    5270   194.974   194.942 
    5280   194.975   194.942 
    5290   194.974   194.942 
    5300   194.973   194.932 
    5310   194.974   194.942 
    5320   194.974   194.942 
    5330   194.978   194.944 
    5340   194.974   194.942 
    5350   194.986   194.944 
    5360   194.974   194.942 
    5370   194.974   194.942 
    5380   194.974   194.943 
    5390   194.974   194.942 
    5400   194.977   194.952 
    5410   194.974   194.942 
    5420   194.974   194.942 
    5430   194.979   194.941 
    5440   194.974   194.942 
    5450   194.975   194.958 
    5460   194.971   194.942 
    5470   194.975   194.942 
    5480   194.974   194.942 
    5490   194.974   194.942 
    5500   194.971   194.943 
    5510   194.975   194.942 
    5520   194.974   194.942 
    5530   194.979   194.944 
    5540   194.974   194.942 
    5550   194.974   194.943 
    5560   194.974   194.942 
    5570   194.974   194.942 
    5580   194.974   194.944 
    5590   194.974   194.942 
    5600   194.970   194.942 
    5610   194.974   194.942 
    5620   194.974   194.942 
    5630   194.975   194.941 
    5640   194.975   194.942 
    5650   195.001   194.940 
    5660   194.974   194.942 
    5670   194.974   194.942 
    5680   194.974   194.942 
    5690   194.974   194.942 
    5700   194.974   194.950 
    5710   194.975   194.942 
    5720   194.974   194.942 
    5730   194.951   194.941 
    5740   194.974   194.942 
    5750   194.975   194.980 
    5760   194.982   194.942 
    5770   194.974   194.942 
    5780   194.975   194.942 
    5790   194.974   194.942 
    5800   194.975   194.940 
    5810   194.974   194.942 
    5820   194.973   194.943 
    5830   183.649   101.106 
    5840   194.974   194.942 
    5850   194.972   194.942 
    5860   194.974   194.942 
    5870   194.974   194.942 
    5880   194.975   194.943 
    5890   194.974   194.942 
    5900   194.977   194.937 
    5910   194.974   194.942 
    5920   194.974   194.942 
    5930   194.975   194.943 
    5940   194.974   194.942 
    5950   194.984   194.995 
    5960   194.974   194.942 
    5970   194.974   194.942 
    5980   194.976   194.942 
    5990   194.974   194.942 
    6000   194.975   194.940 
    6010   194.974   194.942 
    6020   194.974   194.942 
    6030   194.974   194.946 
    6040   194.975   194.942 
    6050   194.976   194.839 
    6060   194.974   194.942 
    6070   194.974   194.942 
    6080   205.643   298.721 
    6090   194.974   194.942 
    6100   194.956   194.944 
    6110   194.974   194.942 
    6120   194.974   194.942 
    6130   194.974   194.942 
    6140   194.974   194.942 
    6150   194.975   194.941 
    6160   194.974   194.942 
    6170   194.975   194.941 
    6180   194.976   194.942 
    6190   194.974   194.942 
    6200   194.975   194.939 
    6210   194.974   194.942 
    6220   194.974   194.942 
    6230   194.976   194.941 
    6240   194.974   194.942 
    6250   194.980   194.954 
    6260   194.974   194.942 
    6270   194.974   194.942 
    6280   134.139    99.627 
    6290   194.974   194.942 
    6300   194.998   194.813 
    6310   194.975   194.942 
    6320   194.974   194.942 
    6330   194.973   194.940 
    6340   194.974   194.942 
    6350   194.969   194.950 
    6360   194.974   194.942 
    6370   194.974   194.942 
    6380   191.278   106.316 
    6390   194.974   194.942 
    6400   194.974   194.956 
    6410   194.974   194.942 
    6420   194.974   194.942 
    6430   194.973   194.940 
    6440   194.974   194.942 
    6450   194.970   194.940 
    6460   194.974   194.942 
    6470   194.974   194.942 
    6480   194.974   194.944 
    6490   194.974   194.942 
    6500   194.976   194.943 
    6510   194.974   194.941 
    6520   194.974   194.942 
    6530   194.974   194.943 
    6540   194.974   194.942 
    6550   194.968   194.942 
    6560   194.974   194.942 
    6570   194.974   194.942 
    6580   193.236   274.797 
    6590   194.974   194.942 
    6600   194.903   194.940 
    6610   194.974   194.942 
    6620   194.974   194.942 
    6630   194.975   194.941 
    6640   194.974   194.942 
    6650   194.963   194.932 
    6660   194.974   194.942 
    6670   194.974   194.942 
    6680   194.974   194.942 
    6690   194.974   194.942 
    6700   194.975   194.943 
    6710   194.974   194.942 
    6720   194.974   194.942 
    6730   194.969   194.945 
    6740   194.974   194.942 
    6750   194.981   194.940 
    6760   194.974   194.942 
    6770   194.974   194.942 
    6780   194.967   194.945 
    6790   194.974   194.942 
    6800   194.975   194.945 
    6810   194.974   194.942 
    6820   194.974   194.942 
    6830   194.974   194.941 
    6840   194.974   194.942 
    6850   194.970   194.932 
    6860   194.974   194.942 
    6870   194.974   194.942 
    6880   194.974   194.941 
    6890   194.974   194.942 
    6900   194.983   194.940 
    6910   194.974   194.942 
    6920   194.974   194.942 
    6930   194.974   194.942 
    6940   194.974   194.942 
    6950   194.974   194.945 
    6960   194.973   194.942 
    6970   194.974   194.942 
    6980   194.972   194.943 
    6990   194.974   194.942 
    7000   194.890   194.949 
    7010   194.974   194.942 
    7020   194.974   194.942 
    7030   194.972   194.942 
    7040   194.974   194.942 
    7050   194.981   194.940 
    7060   194.974   194.940 
    7070   194.974   194.942 
    7080   194.973   194.943 
    7090   194.974   194.942 
    7100   194.974   194.944 
    7110   194.974   194.942 
    7120   194.974   194.942 
    7130   194.976   194.944 
    7140   194.974   194.942 
    7150   194.975   194.937 
    7160   194.975   194.942 
    7170   194.974   194.942 
    7180   194.974   194.941 
    7190   194.974   194.942 
    7200   194.974   194.943 
    7210   194.974   194.942 
    7220   194.974   194.942 
    7230   194.974   194.943 
    7240   194.974   194.942 
    7250   194.969   195.008 
    7260   194.974   194.942 
    7270   194.974   194.942 
    7280   194.974   194.942 
    7290   194.974   194.942 
    7300   194.984   194.944 
    7310   194.974   194.942 
    7320   194.974   194.942 
    7330   194.975   194.942 
    7340   194.974   194.942 
    7350   194.975   194.949 
    7360   194.974   194.942 
    7370   194.974   194.942 
    7380   194.974   194.943 
    7390   194.974   194.942 
    7400   194.969   194.942 
    7410   194.974   194.942 
    7420   194.974   194.942 
    7430   194.975   194.943 
    7440   194.974   194.942 
    7450   194.983   194.871 
    7460   194.974   194.942 
    7470   194.974   194.942 
    7480   194.974   194.942 
    7490   194.974   194.942 
    7500   194.963   194.942 
    7510   194.974   194.942 
    7520   194.974   194.942 
    7530   194.974   194.941 
    7540   194.974   194.942 
    7550   194.944   194.942 
    7560   194.974   194.942 
    7570   194.974   194.942 
    7580   194.974   194.943 
    7590   194.974   194.942 
    7600   194.973   194.942 
    7610   194.974   194.942 
    7620   194.974   194.942 
    7630   194.974   194.940 
    7640   194.974   194.942 
    7650   194.978   194.942 
    7660   194.974   194.942 
    7670   194.974   194.942 
    7680   194.974   194.943 
    7690   194.974   194.942 
    7700   194.977   194.949 
    7710   194.974   194.942 
    7720   194.974   194.942 
    7730   194.974   194.942 
    7740   194.974   194.942 
    7750   194.974   194.937 
    7760   194.974   194.942 
    7770   194.974   194.942 
    7780   194.973   194.942 
    7790   194.974   194.942 
    7800   194.974   194.944 
    7810   194.974   194.942 
    7820   194.974   194.942 
    7830   194.973   194.942 
    7840   194.974   194.942 
    7850   194.974   194.950 
    7860   194.974   194.942 
    7870   194.974   194.942 
    7880   194.974   194.942 
    7890   194.974   194.942 
    7900   194.976   194.946 
    7910   194.974   194.942 
    7920   194.974   194.941 
    7930   194.973   194.942 
    7940   194.974   194.942 
    7950   194.974   194.948 
    7960   194.974   194.942 
    7970   194.974   194.942 
    7980   194.974   194.948 
    7990   194.974   194.942 
    8000   194.982   194.942 
    8010   194.974   194.942 
    8020   194.974   194.942 
    8030   269.033   121.202 
    8040   194.974   194.942 
    8050   194.965   194.967 
    8060   194.974   194.942 
    8070   194.974   194.942 
    8080   194.974   194.942 
    8090   194.974   194.942 
    8100   194.962   194.942 
    8110   194.974   194.942 
    8120   194.974   194.942 
    8130   194.974   194.942 
    8140   194.974   194.942 
    8150   194.975   194.941 
    8160   194.974   194.942 
    8170   194.974   194.942 
    8180   194.972   194.942 
    8190   194.974   194.942 
    8200   194.973   195.059 
    8210   194.974   194.942 
    8220   194.974   194.942 
    8230   194.974   194.941 
    8240   194.974   194.942 
    8250   194.975   194.953 
    8260   194.974   194.942 
    8270   194.974   194.942 
    8280   194.975   194.942 
    8290   194.974   194.942 
    8300   194.969   194.971 
    8310   194.976   194.942 
    8320   194.974   194.942 
    8330   194.975   194.942 
    8340   194.974   194.942 
    8350   194.982   195.100 
    8360   194.971   194.942 
    8370   194.974   194.942 
    8380   194.974   194.942 
    8390   194.974   194.942 
    8400   194.981   194.941 
    8410   194.975   194.942 
    8420   194.974   194.942 
    8430   194.973   194.943 
    8440   194.974   194.942 
    8450   195.038   194.872 
    8460   194.974   194.942 
    8470   194.974   194.942 
    8480   194.975   194.941 
    8490   194.974   194.942 
    8500   194.973   194.941 
    8510   194.973   194.942 
    8520   194.975   194.942 
    8530   194.974   194.945 
    8540   194.974   194.942 
    8550   194.978   194.942 
    8560   194.974   194.942 
    8570   194.974   194.942 
    8580   194.975   194.942 
    8590   194.974   194.942 
    8600   194.974   194.924 
    8610   194.977   194.947 
    8620   194.974   194.942 
    8630   194.975   194.942 
    8640   194.974   194.942 
    8650   194.974   194.944 
    8660   194.973   194.942 
    8670   194.974   194.942 
    8680   194.975   194.941 
    8690   194.974   194.942 
    8700   194.977   194.947 
    8710   194.974   194.942 
    8720   194.974   194.942 
    8730   194.974   194.942 
    8740   194.974   194.942 
    8750   194.970   194.942 
    8760   194.974   194.944 
    8770   194.974   194.942 
    8780   194.974   194.942 
    8790   194.974   194.942 
    8800   194.976   194.975 
    8810   194.974   194.942 
    8820   194.974   194.942 
    8830   194.969   194.944 
    8840   194.974   194.942 
    8850   194.971   194.928 
    8860   194.974   194.942 
    8870   194.974   194.942 
    8880   194.974   194.940 
    8890   194.974   194.942 
    8900   194.973   194.935 
    8910   194.974   194.942 
    8920   194.974   194.942 
    8930   194.968   194.941 
    8940   194.974   194.942 
    8950   195.011   194.948 
    8960   194.974   194.942 
    8970   194.974   194.942 
    8980   194.975   194.942 
    8990   194.974   194.942 
    9000   194.979   194.942 
    9010   194.974   194.942 
    9020   194.974   194.942 
    9030   194.973   194.941 
    9040   194.974   194.942 
    9050   194.969   194.935 
    9060   194.974   194.942 
    9070   194.974   194.942 
    9080   194.973   194.942 
    9090   194.974   194.942 
    9100   194.975   194.940 
    9110   194.974   194.942 
    9120   194.974   194.942 
    9130   194.974   194.942 
    9140   194.974   194.942 
    9150   194.975   194.941 
    9160   194.975   194.942 
    9170   194.974   194.942 
    9180   194.974   194.943 
    9190   194.974   194.942 
    9200   194.975   194.943 
    9210   194.974   194.942 
    9220   194.974   194.942 
    9230   276.008   235.314 
    9240   194.974   194.942 
    9250   194.975   194.939 
    9260   194.974   194.942 
    9270   194.974   194.942 
    9280   194.973   194.943 
    9290   194.974   194.942 
    9300   194.966   194.929 
    9310   194.974   194.942 
    9320   194.974   194.942 
    9330   194.974   194.943 
    9340   194.974   194.942 
    9350   194.979   194.892 
    9360   194.974   194.942 
    9370   194.974   194.942 
    9380   194.974   194.942 
    9390   194.974   194.942 
    9400   195.000   194.940 
    9410   194.974   194.942 
    9420   194.974   194.942 
    9430   194.975   194.942 
    9440   194.974   194.942 
    9450   194.974   194.936 
    9460   194.972   194.942 
    9470   194.974   194.942 
    9480   194.974   194.944 
    9490   194.974   194.942 
    9500   194.971   194.950 
    9510   194.974   194.942 
    9520   194.974   194.942 
    9530   194.975   194.942 
    9540   194.975   194.942 
    9550   195.011   194.940 
    9560   194.974   194.942 
    9570   194.974   194.942 
    9580   194.975   194.943 
    9590   194.974   194.942 
    9600   194.975   194.944 
    9610   194.974   194.942 
    9620   194.974   194.942 
    9630   194.975   194.942 
    9640   194.974   194.942 
    9650   194.981   194.939 
    9660   194.974   194.942 
    9670   194.974   194.942 
    9680   194.974   194.943 
    9690   194.974   194.942 
    9700   194.979   194.943 
    9710   194.974   194.942 
    9720   194.974   194.942 
    9730   194.976   194.942 
    9740   194.974   194.942 
    9750   194.975   194.940 
    9760   194.974   194.942 
    9770   194.974   194.942 
    9780   194.974   194.943 
    9790   194.974   194.942 
    9800   194.974   194.941 
    9810   194.974   194.942 
    9820   194.974   194.942 
    9830   194.978   194.941 
    9840   194.974   194.942 
    9850   194.973   194.932 
    9860   194.974   194.942 
    9870   194.974   194.942 
    9880   194.974   194.941 
    9890   194.974   194.942 
    9900   194.966   194.939 
    9910   194.974   194.942 
    9920   194.974   194.942 
    9930   203.708    99.802 
    9940   194.974   194.942 
    9950   195.032   194.948 
    9960   194.974   194.942 
    9970   194.974   194.942 
    9980   194.973   194.941 
    9990   194.974   194.942 
   10000   194.974   194.942 
