       0    89.948    89.971 
      10    94.939    94.241 
      20    94.940    95.002 
      30    94.940    94.961 
      40    94.940    94.949 
      50    94.940    94.948 
      60    94.946    95.021 
      70    94.964    94.974 
      80    94.948    94.971 
      90    94.392    94.962 
     100    94.960    94.974 
     110    94.949    94.979 
     120    94.945    94.973 
     130    94.949    94.974 
     140    94.945    94.975 
     150    94.662    95.764 
     160    94.952    94.976 
     170    94.959    94.977 
     180    94.952    94.972 
     190    95.274    94.972 
     200    94.788    94.970 
     210    94.952    94.980 
     220    94.946    94.976 
     230    94.951    94.984 
     240    94.950    94.978 
     250    94.951    94.986 
     260    94.978    94.979 
     270    94.952    94.975 
     280    94.951    94.982 
     290    94.951    94.979 
     300    94.921    94.932 
     310    94.951    94.979 
     320    94.989    94.986 
     330    94.952    94.977 
     340    94.944    94.979 
     350    94.952    94.989 
     360    94.995    94.980 
     370    94.952    94.980 
     380    94.951    94.980 
     390    94.950    94.976 
     400    94.934    94.781 
     410    94.952    94.980 
     420    94.953    94.980 
     430    94.952    94.981 
     440    94.952    94.980 
     450    94.952    94.982 
     460    94.946    94.980 
     470    94.957    95.202 
     480    94.953    94.980 
     490    94.943    94.981 
     500    94.951    94.992 
     510    94.952    94.981 
     520    94.950    94.981 
     530    94.952    94.982 
     540    94.956    94.981 
     550    94.929    94.992 
     560    94.951    94.993 
     570    94.952    94.975 
     580    94.956    94.986 
     590    94.952    94.985 
     600    94.951    94.987 
     610    94.949    94.985 
     620    94.944    95.300 
     630    94.952    94.985 
     640    94.897    94.985 
     650    94.952    94.972 
     660    94.952    94.986 
     670    94.951    94.986 
     680    94.952    94.986 
     690    94.952    94.986 
     700    94.952    94.983 
     710    94.952    94.986 
     720    94.952    94.986 
     730    94.951    94.988 
     740    94.950    94.983 
     750    94.950    94.987 
     760    94.952    94.986 
     770    94.952    94.988 
     780    94.957    94.987 
     790    94.952    94.991 
     800    94.953    94.986 
     810    94.952    94.987 
     820    94.952    94.987 
     830    94.950    94.987 
     840    94.949    94.987 
     850    94.949    95.004 
     860    94.952    94.987 
     870    94.964    94.988 
     880    94.952    94.991 
     890    94.925    94.988 
     900    94.949    94.973 
     910    94.952    94.988 
     920    94.952    94.988 
     930    94.952    94.988 
     940    94.953    94.988 
     950    94.952    95.012 
     960    94.903    94.988 
     970    94.947    94.988 
     980    94.952    94.987 
     990    94.990    94.988 
    1000    94.958    94.979 
    1010    94.952    94.988 
    1020    94.952    94.988 
    1030    94.952    94.988 
    1040    94.954    94.989 
    1050    94.953    94.988 
    1060    94.952    94.989 
    1070    94.952    94.969 
    1080    94.952    94.989 
    1090    94.934    94.989 
    1100    94.947    95.016 
    1110    94.952    94.989 
    1120    94.954    94.989 
    1130    94.962    94.989 
    1140    94.952    94.985 
    1150    94.977    95.004 
    1160    94.952    94.991 
    1170    94.969    94.988 
    1180    94.951    94.994 
    1190    94.950    94.989 
    1200    94.933    95.226 
    1210    94.952    94.989 
    1220    94.952    94.991 
    1230    94.951    94.991 
    1240    94.952    94.996 
    1250    94.936    94.961 
    1260    94.952    94.991 
    1270    94.951    94.995 
    1280    94.953    94.991 
    1290    94.951    94.992 
    1300    94.956    94.983 
    1310    94.951    94.991 
    1320    94.951    94.991 
    1330    94.951    94.991 
    1340    94.951    94.992 
    1350    94.952    94.979 
    1360    94.952    94.955 
    1370    94.951    95.098 
    1380    94.952    94.991 
    1390    94.952    94.992 
    1400    94.937    95.009 
    1410    94.951    94.992 
    1420    94.956    94.992 
    1430    94.952    94.993 
    1440    94.951    94.985 
    1450    94.949    94.982 
    1460    94.952    94.992 
    1470    94.952    94.992 
    1480    94.952    94.991 
    1490    94.952    94.992 
    1500    94.951    94.983 
    1510    95.106    94.993 
    1520    94.951    94.992 
    1530    94.940    94.994 
    1540    94.951    94.992 
    1550    94.951    95.001 
    1560    94.951    94.993 
    1570    94.954    94.578 
    1580    94.949    94.992 
    1590    94.949    94.993 
    1600    94.951    95.018 
    1610    94.951    94.993 
    1620    94.952    94.993 
    1630    94.957    94.993 
    1640    94.946    94.993 
    1650    94.951    95.021 
    1660    94.951    94.993 
    1670    94.951    94.993 
    1680    94.948    94.989 
    1690    94.951    94.993 
    1700    94.950    94.988 
    1710    94.951    94.993 
    1720    94.948    95.181 
    1730    95.124    94.992 
    1740    94.952    94.993 
    1750    95.038    94.806 
    1760    94.951    94.997 
    1770    94.943    94.994 
    1780    94.951    94.994 
    1790    94.951    94.995 
    1800    94.953    94.679 
    1810    94.951    94.994 
    1820    94.951    94.994 
    1830    94.951    94.994 
    1840    94.951    94.994 
    1850    94.956    95.022 
    1860    94.951    94.994 
    1870    94.952    94.994 
    1880    94.952    94.994 
    1890    94.951    94.995 
    1900    94.951    95.017 
    1910    95.056    94.994 
    1920    94.951    94.994 
    1930    95.433    94.775 
    1940    94.921    96.011 
    1950    94.949    93.593 
    1960    94.956    94.993 
    1970    94.946    94.995 
    1980    94.951    94.994 
    1990    94.953    94.994 
    2000    94.951    94.984 
    2010    94.951    94.995 
    2020    94.951    94.995 
    2030    94.951    94.995 
    2040    94.951    94.995 
    2050    94.951    94.938 
    2060    94.945    94.569 
    2070    94.950    94.995 
    2080    94.951    94.995 
    2090    94.951    94.995 
    2100    94.951    94.996 
    2110    94.950    94.995 
    2120    94.950    94.995 
    2130    94.948    94.995 
    2140    94.950    94.995 
    2150    94.568    94.619 
    2160    94.950    94.999 
    2170    94.943    95.158 
    2180    94.951    94.995 
    2190    94.950    94.995 
    2200    94.951    95.047 
    2210    94.950    94.995 
    2220    94.950    94.995 
    2230    94.952    94.995 
    2240    94.951    94.996 
    2250    94.870     0.000 
    2260    94.996    49.944 
    2270    94.999    64.206 
    2280    94.977    92.677 
    2290    94.907    94.919 
    2300    94.951    95.039 
    2310    94.963    96.469 
    2320    95.246    36.319 
    2330    95.254     0.000 
    2340    94.945     0.000 
    2350    94.945    49.160 
    2360    94.945    94.996 
    2370    94.947    94.994 
    2380    94.974    94.995 
    2390    94.941    94.993 
    2400    94.950    94.956 
    2410    94.944    94.580 
    2420    94.952     0.000 
    2430    94.951     0.000 
    2440    94.938    79.396 
    2450    94.947    79.582 
    2460    94.951    94.995 
    2470    95.000    69.169 
    2480    94.952    93.889 
    2490    94.949    94.995 
    2500    94.951    94.959 
    2510    94.949     0.000 
    2520    95.037    71.996 
    2530    94.986    94.163 
    2540    94.950     0.000 
    2550    94.640     0.000 
    2560    94.959     0.000 
    2570    94.959     0.000 
    2580    94.958    82.890 
    2590    94.950    94.994 
    2600    94.951    95.012 
    2610    95.029    95.652 
    2620    94.957    95.023 
    2630    94.951    94.995 
    2640    94.974    94.963 
    2650    94.952     0.000 
    2660    94.911     0.000 
    2670    94.907    73.893 
    2680    94.925    94.236 
    2690    94.951     0.000 
    2700    94.979     0.000 
    2710    94.975     0.000 
    2720    94.976     0.000 
    2730    94.976    89.177 
    2740    94.916    95.020 
    2750    94.951    95.040 
    2760    94.950    94.994 
    2770    94.950    94.996 
    2780    94.951     0.000 
    2790    94.947    81.132 
    2800    94.949    81.132 
    2810    94.953    94.995 
    2820    94.967     0.000 
    2830    93.552    94.661 
    2840    94.958    94.969 
    2850    94.917    95.292 
    2860    94.950    94.999 
    2870    94.953    94.983 
    2880    94.950    94.993 
    2890    94.938     0.000 
    2900    94.952     0.000 
    2910    94.883    61.119 
    2920    94.888     0.000 
    2930    94.948    92.614 
    2940    94.950    94.992 
    2950    94.954    95.126 
    2960    94.950     0.000 
    2970    94.959     0.000 
    2980    94.963    94.965 
    2990    94.960     0.000 
    3000    94.729     0.000 
    3010    94.961     0.000 
    3020    94.961     0.000 
    3030    94.960    90.674 
    3040    94.941    94.992 
    3050    94.946    95.005 
    3060    94.951    94.995 
    3070    94.949    94.995 
    3080    94.949     0.000 
    3090    94.991    71.637 
    3100    94.953    71.269 
    3110    94.944    94.995 
    3120    94.940     0.000 
    3130    94.944     0.000 
    3140    94.944     0.000 
    3150    94.963     0.000 
    3160    94.950    94.996 
    3170    94.944     0.000 
    3180    94.828    93.859 
    3190    94.950    94.994 
    3200    94.943     0.000 
    3210    95.027    85.545 
    3220    95.024     0.000 
    3230    95.013    94.938 
    3240    94.965     0.000 
    3250    94.813     0.000 
    3260    94.969     0.000 
    3270    94.969     0.000 
    3280    94.957    91.354 
    3290    94.889    94.859 
    3300    94.973    95.327 
    3310    94.950    94.996 
    3320    94.950     0.000 
    3330    94.939    57.719 
    3340    94.950    94.931 
    3350    94.942    94.208 
    3360    94.871    93.551 
    3370    94.970    94.981 
    3380    95.040    94.989 
    3390    94.948    94.990 
    3400    95.004    94.985 
    3410    94.950    94.990 
    3420    94.936    94.930 
    3430    95.144    94.992 
    3440    94.930    94.994 
    3450    94.937    94.971 
    3460    94.950    94.994 
    3470    94.951    94.994 
    3480    94.950    94.994 
    3490    94.949    94.997 
    3500    94.944     0.000 
    3510    95.100     0.000 
    3520    95.113    73.551 
    3530    95.112    94.285 
    3540    94.950    94.993 
    3550    94.966     0.000 
    3560    94.733     0.000 
    3570    94.736     0.000 
    3580    94.742    94.702 
    3590    94.950    95.050 
    3600    95.129    63.091 
    3610    94.566    94.994 
    3620    94.963    94.992 
    3630    94.951    94.994 
    3640    94.952    94.995 
    3650    94.953    95.881 
    3660    94.946    94.993 
    3670    94.947     0.000 
    3680    95.033    93.604 
    3690    94.950    94.993 
    3700    94.948    95.980 
    3710    94.955    94.991 
    3720    94.954    95.010 
    3730    94.950    94.995 
    3740    94.847    59.837 
    3750    94.921    62.168 
    3760    95.014    94.995 
    3770    94.951    94.995 
    3780    94.951    94.995 
    3790    94.956    94.997 
    3800    94.952     0.000 
    3810    94.931    85.541 
    3820    94.943     0.000 
    3830    94.945    94.992 
    3840    94.951     0.000 
    3850    94.947     0.000 
    3860    94.948    66.407 
    3870    94.950     0.000 
    3880    94.950    94.212 
    3890    94.938    94.996 
    3900    94.953     0.000 
    3910    94.928     0.000 
    3920    94.905     0.000 
    3930    94.937    94.318 
    3940    94.950    94.591 
    3950    94.951     0.000 
    3960    94.927     0.000 
    3970    94.920     0.000 
    3980    94.920    93.930 
    3990    94.952    94.825 
    4000    94.952     0.000 
    4010    94.903     0.000 
    4020    94.900     0.000 
    4030    94.936    94.358 
    4040    94.950    94.995 
    4050    94.939     0.000 
    4060    95.189     0.000 
    4070    95.189     0.000 
    4080    95.187    94.565 
    4090    94.951     0.000 
    4100    94.947     0.000 
    4110    94.991     0.000 
    4120    95.028    77.491 
    4130    94.990    94.585 
    4140    94.950     0.000 
    4150    94.949     0.000 
    4160    94.966     0.000 
    4170    94.970     0.000 
    4180    94.947    93.581 
    4190    94.966    94.995 
    4200    94.945    94.991 
    4210    94.950    94.995 
    4220    94.971     0.000 
    4230    94.571    26.190 
    4240    94.983    96.118 
    4250    94.965    94.463 
    4260    94.988    94.891 
    4270    94.745    94.973 
    4280    95.024    94.982 
    4290    95.043    94.973 
    4300    94.960    94.976 
    4310    94.934    94.730 
    4320    94.931    94.974 
    4330    94.967    94.986 
    4340    94.946    94.993 
    4350    94.945    94.805 
    4360    94.952    94.988 
    4370    94.949    94.990 
    4380    94.947    94.990 
    4390    94.953    94.991 
    4400    94.952    94.952 
    4410    94.951    94.991 
    4420    94.950    94.989 
    4430    94.951    94.994 
    4440    94.944    94.992 
    4450    94.955    94.741 
    4460    94.951    94.993 
    4470    94.951    94.993 
    4480    94.952    94.995 
    4490    94.985    94.601 
    4500    94.951    92.853 
    4510    94.944    94.977 
    4520    94.953    94.995 
    4530    94.952    94.995 
    4540    94.951    94.995 
    4550    95.008    94.998 
    4560    94.951    94.996 
    4570    94.951    94.995 
    4580    94.951    94.995 
    4590    94.951    94.994 
    4600    94.982    95.031 
    4610    94.951    94.995 
    4620    94.950    94.999 
    4630    94.951    94.995 
    4640    94.950    94.991 
    4650    94.951    95.036 
    4660    94.948    94.995 
    4670    94.951    94.995 
    4680    94.954    94.995 
    4690    94.948     0.000 
    4700    95.085     0.000 
    4710    94.925    18.378 
    4720    94.925     0.000 
    4730    94.925    71.876 
    4740    94.998    94.992 
    4750    94.919    95.934 
    4760    94.950    94.992 
    4770    94.911     0.000 
    4780    94.916    77.748 
    4790    94.963    94.992 
    4800    94.950    94.971 
    4810    94.974    94.997 
    4820    94.977     0.000 
    4830    94.949     0.000 
    4840    94.980     0.000 
    4850    94.958     6.237 
    4860    94.958   104.484 
    4870    94.951    94.988 
    4880    94.953    94.991 
    4890    94.950    94.994 
    4900    94.950     0.000 
    4910    94.951    85.657 
    4920    94.950     0.000 
    4930    94.950    94.985 
    4940    94.945     0.000 
    4950    94.980     0.000 
    4960    94.995    94.998 
    4970    95.228    41.653 
    4980    94.942     0.000 
    4990    94.942    47.356 
    5000    94.943     0.000 
    5010    94.945    94.997 
    5020    94.950    94.995 
    5030    94.952     0.000 
    5040    94.752     0.000 
    5050    94.858    34.394 
    5060    94.861    95.114 
    5070    94.949    94.991 
    5080    94.950    94.994 
    5090    94.956    94.995 
    5100    94.944     0.000 
    5110    95.298     0.000 
    5120    95.300     0.000 
    5130    95.187    83.359 
    5140    94.949    94.993 
    5150    94.949    94.961 
    5160    94.953    94.992 
    5170    94.954    94.995 
    5180    94.949     0.000 
    5190    95.016    25.469 
    5200    94.913    25.218 
    5210    94.914    99.000 
    5220    94.941    96.461 
    5230    94.950    94.994 
    5240    94.924    94.130 
    5250    94.941     0.000 
    5260    95.198     0.000 
    5270    95.199     0.000 
    5280    95.083    75.386 
    5290    94.400    92.180 
    5300    94.967    94.735 
    5310    94.950    94.990 
    5320    94.948     0.000 
    5330    94.949     0.000 
    5340    94.990     0.000 
    5350    94.953    70.301 
    5360    94.944    94.995 
    5370    94.946    94.699 
    5380    94.935    94.996 
    5390    95.001    61.226 
    5400    94.949    69.963 
    5410    94.951    94.996 
    5420    95.046     0.000 
    5430    95.013     0.000 
    5440    94.916    58.649 
    5450    94.937    59.768 
    5460    94.937    94.995 
    5470    94.944    94.995 
    5480    94.951    94.995 
    5490    94.816     0.000 
    5500    94.710    59.752 
    5510    95.448    94.994 
    5520    94.971    94.991 
    5530    94.950    94.995 
    5540    94.766     0.000 
    5550    94.785     0.000 
    5560    94.965    21.839 
    5570    94.965     0.000 
    5580    94.965    76.186 
    5590    94.877    94.987 
    5600    94.956    94.949 
    5610    94.953    94.981 
    5620    94.966    94.998 
    5630    94.942     0.000 
    5640    95.218     0.000 
    5650    95.212    50.612 
    5660    95.206    94.996 
    5670    94.950    94.995 
    5680    94.949    94.995 
    5690    95.472     1.268 
    5700    95.311    14.213 
    5710    95.285   108.913 
    5720    94.950    94.964 
    5730    94.950    94.993 
    5740    94.949    94.994 
    5750    94.884     0.000 
    5760    94.987    -0.954 
    5770    94.988    -2.404 
    5780    94.988    58.083 
    5790    94.936    94.992 
    5800    94.950    94.895 
    5810    94.919    94.989 
    5820    94.942    94.994 
    5830    94.947    94.995 
    5840    94.924     0.000 
    5850    95.068    37.980 
    5860    95.058    95.003 
    5870    94.949    94.990 
    5880    94.941    94.991 
    5890    94.968    94.992 
    5900    94.960    95.163 
    5910    94.946    94.996 
    5920    94.949     0.000 
    5930    95.032     0.000 
    5940    94.928     0.000 
    5950    94.928    32.572 
    5960    94.929    96.138 
    5970    94.950    94.990 
    5980    94.950    94.994 
    5990    94.963    95.025 
    6000    94.951    94.956 
    6010    94.956     0.000 
    6020    94.765     0.000 
    6030    94.859    94.107 
    6040    94.950     0.000 
    6050    94.973    61.658 
    6060    94.901    94.995 
    6070    94.948    94.992 
    6080    94.937     0.000 
    6090    95.112     0.000 
    6100    95.107    72.868 
    6110    94.612    94.991 
    6120    94.956    94.995 
    6130    94.961     0.000 
    6140    94.758     0.000 
    6150    94.758    74.012 
    6160    94.950    94.998 
    6170    95.141     0.000 
    6180    94.937     0.000 
    6190    94.937     0.000 
    6200    94.945    58.910 
    6210    94.945    94.995 
    6220    94.950    94.995 
    6230    94.950    94.996 
    6240    95.255    13.267 
    6250    95.265    16.919 
    6260    95.242   109.073 
    6270    94.951    94.963 
    6280    94.950    94.993 
    6290    94.949    94.974 
    6300    94.959    95.039 
    6310    94.950    94.995 
    6320    94.948     0.000 
    6330    94.951    94.996 
    6340    94.917     1.147 
    6350    94.952     0.000 
    6360    94.941    94.994 
    6370    94.956    94.996 
    6380    94.895    94.975 
    6390    94.956     0.000 
    6400    94.779     0.000 
    6410    94.898    94.996 
    6420    94.978    95.318 
    6430    94.957    94.996 
    6440    94.667     1.939 
    6450    94.965     0.000 
    6460    94.993     0.000 
    6470    94.993     0.000 
    6480    94.992    88.412 
    6490    94.948    94.994 
    6500    94.937    94.731 
    6510    94.950    94.991 
    6520    94.957     0.000 
    6530    94.927     0.000 
    6540    94.929    22.417 
    6550    94.956    22.486 
    6560    94.956   102.541 
    6570    94.951    94.988 
    6580    94.952    94.993 
    6590    94.950    94.977 
    6600    94.938    95.541 
    6610    94.953    94.980 
    6620    94.953     0.000 
    6630    94.952     0.000 
    6640    94.952     0.000 
    6650    94.944    92.359 
    6660    94.982     0.000 
    6670    94.999    67.767 
    6680    94.999    93.577 
    6690    94.945     0.000 
    6700    94.946     0.000 
    6710    94.996    85.557 
    6720    94.968     0.000 
    6730    94.964    94.991 
    6740    94.945     0.000 
    6750    95.098     0.000 
    6760    94.932    94.996 
    6770    94.926     0.000 
    6780    94.935    94.996 
    6790    94.950     0.000 
    6800    94.940     0.000 
    6810    94.903     0.000 
    6820    94.903     0.000 
    6830    94.907    86.801 
    6840    94.951    94.994 
    6850    94.897    94.478 
    6860    94.952    94.963 
    6870    94.944     0.000 
    6880    94.582    71.523 
    6890    94.952    94.982 
    6900    94.925    94.979 
    6910    94.953    94.992 
    6920    95.000    94.989 
    6930    94.943    94.994 
    6940    94.931    94.994 
    6950    94.928    95.049 
    6960    94.950    94.993 
    6970    94.962     0.000 
    6980    94.949    62.970 
    6990    94.962    94.944 
    7000    94.945    94.976 
    7010    94.950    94.983 
    7020    94.926    95.004 
    7030    94.955    94.985 
    7040    94.869    95.401 
    7050    94.978    94.997 
    7060    94.951    94.990 
    7070    94.949    94.994 
    7080    94.949    94.995 
    7090    94.948    94.996 
    7100    94.949    94.985 
    7110    94.951    94.995 
    7120    94.986    56.579 
    7130    94.928    91.081 
    7140    94.952    94.994 
    7150    94.953    94.992 
    7160    94.949    94.995 
    7170    94.947   -13.291 
    7180    96.466    15.906 
    7190    95.234   115.305 
    7200    95.055    94.987 
    7210    94.950    94.985 
    7220    94.951    94.990 
    7230    94.997     0.000 
    7240    94.903     0.000 
    7250    94.926    70.506 
    7260    95.005    94.995 
    7270    94.956    94.994 
    7280    94.944    94.994 
    7290    94.951    94.994 
    7300    94.913    94.712 
    7310    94.951    95.004 
    7320    94.951    94.995 
    7330    94.950    94.995 
    7340    94.951    94.996 
    7350    94.950    94.955 
    7360    94.950    94.951 
    7370    94.627     0.000 
    7380    94.956     0.000 
    7390    94.956     0.000 
    7400    94.954    52.152 
    7410    94.954    94.995 
    7420    94.812    95.048 
    7430    94.788    94.995 
    7440    94.950     0.000 
    7450    94.951    60.138 
    7460    94.951    94.995 
    7470    94.950    94.995 
    7480    94.984    94.995 
    7490    94.955     0.000 
    7500    95.015    75.976 
    7510    94.950    94.995 
    7520    94.935     0.000 
    7530    94.882     0.000 
    7540    94.894     0.000 
    7550    94.928    24.265 
    7560    94.929   101.433 
    7570    94.936    96.817 
    7580    94.951    94.993 
    7590    94.953    94.995 
    7600    94.967    94.975 
    7610    94.950    94.994 
    7620    94.950     0.000 
    7630    94.950    94.995 
    7640    94.904    20.588 
    7650    94.830     0.000 
    7660    94.971    60.204 
    7670    94.972     0.000 
    7680    94.962    94.025 
    7690    94.951    94.419 
    7700    94.950     0.000 
    7710    94.957     0.000 
    7720    94.959     0.000 
    7730    94.948    93.974 
    7740    94.963    94.995 
    7750    94.959     0.000 
    7760    94.865     0.000 
    7770    94.861     0.000 
    7780    94.884    94.923 
    7790    94.950     0.000 
    7800    94.937     0.000 
    7810    94.930    94.995 
    7820    94.950    94.995 
    7830    94.951    94.995 
    7840    94.950    94.995 
    7850    94.876     0.000 
    7860    95.014    -3.104 
    7870    95.028     0.000 
    7880    94.892    24.690 
    7890    94.458    98.240 
    7900    95.890    95.085 
    7910    94.940    97.448 
    7920    95.019    95.290 
    7930    95.199    95.322 
    7940    95.004    94.984 
    7950    94.882    96.623 
    7960    94.947    94.850 
    7970    94.950    94.980 
    7980    94.953    94.983 
    7990    95.033    95.012 
    8000    94.952    94.978 
    8010    94.490    94.991 
    8020    94.957    95.032 
    8030    94.980    94.987 
    8040    94.933    94.990 
    8050    94.958    94.912 
    8060    94.952    94.991 
    8070    94.952    94.992 
    8080    94.967    94.991 
    8090    94.952    94.992 
    8100    94.950    95.013 
    8110    94.952    94.992 
    8120    94.946    94.974 
    8130    94.947    94.992 
    8140    94.954    94.995 
    8150    94.951    94.989 
    8160    94.951    94.994 
    8170    94.949    94.988 
    8180    94.962    94.995 
    8190    94.951    94.995 
    8200    94.951    94.872 
    8210    94.951    94.995 
    8220    94.951    94.995 
    8230    94.952    94.995 
    8240    94.951    94.995 
    8250    94.949    94.998 
    8260    94.951    94.995 
    8270    94.951    95.009 
    8280    94.951    94.995 
    8290    94.952    94.995 
    8300    94.948    95.001 
    8310    94.951    94.996 
    8320    94.951     0.000 
    8330    94.951    94.962 
    8340    94.951    94.996 
    8350    94.957     0.000 
    8360    94.875    83.949 
    8370    94.902     0.000 
    8380    94.902    94.963 
    8390    94.951     0.000 
    8400    94.951    74.004 
    8410    94.950    94.995 
    8420    94.875     0.000 
    8430    94.889    85.854 
    8440    94.952    94.991 
    8450    94.890    94.736 
    8460    94.951    95.006 
    8470    94.944    94.994 
    8480    94.915    94.990 
    8490    94.951    94.995 
    8500    95.010   102.696 
    8510    94.951    94.995 
    8520    94.950     0.000 
    8530    94.940    93.930 
    8540    94.953    94.799 
    8550    94.949    95.017 
    8560    94.953    94.994 
    8570    94.949     0.000 
    8580    95.420    61.819 
    8590    94.918    94.934 
    8600    94.949    94.974 
    8610    94.985    94.998 
    8620    94.778    95.457 
    8630    94.960    94.992 
    8640    94.951    94.992 
    8650    94.949    94.223 
    8660    94.970    94.891 
    8670    94.959    94.981 
    8680    94.956    94.992 
    8690    94.951    94.994 
    8700    94.943    94.980 
    8710    94.951    94.995 
    8720    94.951    94.995 
    8730    94.950    94.994 
    8740    94.945    94.995 
    8750    94.960     0.000 
    8760    94.927     0.000 
    8770    94.928     0.000 
    8780    94.943    93.316 
    8790    94.980    94.929 
    8800    94.949    94.946 
    8810    94.951    94.995 
    8820    94.968     0.000 
    8830    94.942     0.000 
    8840    94.943     0.000 
    8850    94.943    35.475 
    8860    94.943    95.235 
    8870    94.950    94.994 
    8880    94.963    94.994 
    8890    94.958    94.994 
    8900    94.951    95.026 
    8910    95.004    94.996 
    8920    94.950     0.000 
    8930    94.945     0.000 
    8940    95.293     0.000 
    8950    95.292    40.132 
    8960    95.282    94.931 
    8970    94.950    94.991 
    8980    94.950    94.994 
    8990    94.937    94.995 
    9000    94.951     0.000 
    9010    94.943    85.602 
    9020    94.947     0.000 
    9030    94.948    94.989 
    9040    94.957     0.000 
    9050    94.850     0.000 
    9060    94.930    72.450 
    9070    94.951    81.281 
    9080    94.951     0.000 
    9090    94.951    81.560 
    9100    94.951    81.523 
    9110    94.933    94.996 
    9120    94.862    24.431 
    9130    94.832    89.891 
    9140    94.951    94.992 
    9150    94.953    94.971 
    9160    94.950    94.995 
    9170    94.856     0.000 
    9180    94.870    76.715 
    9190    95.313    93.442 
    9200    94.950    94.991 
    9210    94.956    94.993 
    9220    94.951    94.995 
    9230    94.919    94.995 
    9240    94.948    94.995 
    9250    94.951     0.000 
    9260    94.951    65.682 
    9270    94.951     0.000 
    9280    94.951    94.084 
    9290    95.006    94.157 
    9300    94.945     0.000 
    9310    95.010    85.410 
    9320    94.984    89.238 
    9330    94.973    94.984 
    9340    94.949     0.000 
    9350    94.968     0.000 
    9360    94.957    66.281 
    9370    94.951     0.000 
    9380    94.951    94.251 
    9390    94.975     0.000 
    9400    94.935     0.000 
    9410    94.952    45.536 
    9420    94.951     0.000 
    9430    94.951    88.172 
    9440    94.887    94.450 
    9450    94.949    95.266 
    9460    94.952    94.995 
    9470    94.949     0.000 
    9480    94.934    94.995 
    9490    95.198     6.864 
    9500    94.939     0.000 
    9510    94.962    94.995 
    9520    94.952    94.995 
    9530    94.952    94.995 
    9540    95.354    50.886 
    9550    95.193     0.000 
    9560    94.983    94.995 
    9570    94.951    94.995 
    9580    94.954    94.995 
    9590    94.951    94.995 
    9600    94.850    14.244 
    9610    94.888    94.987 
    9620    94.967    94.983 
    9630    94.958    94.984 
    9640    94.995    94.987 
    9650    94.806    94.990 
    9660    94.977    95.000 
    9670    94.941    94.943 
    9680    94.943    94.991 
    9690    94.954    94.994 
    9700    94.980    95.316 
    9710    94.950    94.991 
    9720    94.949    95.001 
    9730    94.951    94.995 
    9740    94.950    94.988 
    9750    94.951    94.964 
    9760    94.950    94.996 
    9770    94.911    81.645 
    9780    94.950    94.837 
    9790    94.966     0.000 
    9800    95.151    31.604 
    9810    95.136    94.853 
    9820    94.951    94.986 
    9830    94.933    94.992 
    9840    94.952    94.993 
    9850    94.945    94.983 
    9860    94.951    94.994 
    9870    94.951    94.995 
    9880    94.934    94.995 
    9890    94.948    94.995 
    9900    94.840     0.000 
    9910    94.972    43.985 
    9920    94.973     0.000 
    9930    94.946    88.179 
    9940    94.974    94.994 
    9950    94.950    94.945 
    9960    94.942    94.995 
    9970    94.930     0.000 
    9980    94.963     0.000 
    9990    94.962     0.000 
   10000    94.962     0.000 
