       0   339.938   339.788 
      10   344.686   341.918 
      20   345.554   343.640 
      30   344.791   344.205 
      40   345.011   344.436 
      50   345.045   344.527 
      60   344.930   344.693 
      70   344.935   344.730 
      80   344.922   344.708 
      90   344.935   344.737 
     100   344.977   344.697 
     110   344.937   344.723 
     120   344.937   344.734 
     130   344.936   344.679 
     140   344.939   344.740 
     150   344.937   344.737 
     160   344.934   344.738 
     170   344.938   344.718 
     180   344.941   344.745 
     190   344.824   344.735 
     200   344.939   344.745 
     210   344.940   344.742 
     220   344.938   344.741 
     230   344.940   344.735 
     240   344.937   344.779 
     250   344.911   344.739 
     260   344.939   344.744 
     270   344.939   344.741 
     280   344.938   344.744 
     290   344.938   344.748 
     300   345.059   344.704 
     310   344.939   344.748 
     320   344.939   344.747 
     330   344.938   344.741 
     340   344.918   344.748 
     350   345.008   344.748 
     360   344.939   344.746 
     370   344.938   344.741 
     380   344.939   344.754 
     390   344.939   344.750 
     400   345.001   344.811 
     410   344.939   344.751 
     420   344.940   344.744 
     430   344.939   344.745 
     440   344.939   344.752 
     450   344.940   344.741 
     460   344.940   344.750 
     470   344.939   344.750 
     480   344.941   344.750 
     490   344.939   344.752 
     500   344.848   344.699 
     510   344.939   344.750 
     520   344.939   344.746 
     530   344.939   344.747 
     540   344.940   344.750 
     550   344.944   344.751 
     560   344.940   344.750 
     570   344.939   344.746 
     580   344.939   344.750 
     590   344.937   344.749 
     600   344.942   344.750 
     610   344.940   344.747 
     620   344.940   344.750 
     630   344.939   344.787 
     640   344.940   344.750 
     650   344.945   344.750 
     660   344.940   344.751 
     670   344.940   344.748 
     680   344.940   344.750 
     690   344.954   344.751 
     700   344.935   344.750 
     710   344.940   344.750 
     720   344.940   344.749 
     730   344.940   344.748 
     740   344.937   344.751 
     750   344.931   344.750 
     760   344.940   344.750 
     770   344.940   344.750 
     780   344.940   344.752 
     790   344.940   344.750 
     800   344.900   344.751 
     810   344.940   344.750 
     820   344.940   344.750 
     830   344.940   344.750 
     840   344.940   344.751 
     850   344.902   344.746 
     860   344.940   344.750 
     870   344.940   344.751 
     880   344.940   344.724 
     890   344.940   344.750 
     900   344.949   344.758 
     910   344.940   344.754 
     920   344.940   344.751 
     930   344.942   344.751 
     940   344.940   344.751 
     950   344.912   344.761 
     960   344.951   344.751 
     970   344.941   344.751 
     980   344.940   344.751 
     990   344.940   344.751 
    1000   344.937   344.746 
    1010   344.940   344.752 
    1020   344.941   344.750 
    1030   344.937   344.751 
    1040   344.940   344.751 
    1050   344.926   344.754 
    1060   344.940   344.752 
    1070   344.940   344.751 
    1080   344.940   344.754 
    1090   344.940   344.751 
    1100   344.920   344.741 
    1110   344.940   344.751 
    1120   344.940   344.751 
    1130   344.941   344.770 
    1140   344.941   344.751 
    1150   344.993   344.762 
    1160   344.940   344.751 
    1170   344.941   344.752 
    1180   344.937   344.751 
    1190   344.941   344.751 
    1200   344.940   344.751 
    1210   344.941   344.751 
    1220   344.941   344.751 
    1230   344.941   344.755 
    1240   344.940   344.751 
    1250   344.941   344.751 
    1260   344.941   344.751 
    1270   344.941   344.751 
    1280   344.940   344.746 
    1290   344.941   344.751 
    1300   344.946   344.749 
    1310   344.940   344.749 
    1320   344.941   344.750 
    1330   344.944   344.751 
    1340   344.941   344.751 
    1350   344.936   344.750 
    1360   344.941   344.751 
    1370   344.941   344.751 
    1380   344.940   344.760 
    1390   344.941   344.751 
    1400   344.886   344.755 
    1410   344.941   344.751 
    1420   344.941   344.751 
    1430   344.939   344.751 
    1440   344.941   344.751 
    1450   344.876   344.750 
    1460   344.941   344.748 
    1470   344.941   344.751 
    1480   344.940   344.752 
    1490   344.941   344.751 
    1500   344.965   344.752 
    1510   344.941   344.755 
    1520   344.941   344.751 
    1530   344.941   344.751 
    1540   344.941   344.751 
    1550   344.943   344.751 
    1560   344.941   344.752 
    1570   344.941   344.751 
    1580   344.941   344.752 
    1590   344.941   344.751 
    1600   344.936   344.751 
    1610   344.941   344.751 
    1620   344.941   344.751 
    1630   344.945   344.683 
    1640   344.941   344.752 
    1650   344.949   344.763 
    1660   344.941   344.754 
    1670   344.941   344.751 
    1680   344.941   344.751 
    1690   344.941   344.751 
    1700   344.917   344.806 
    1710   344.959   344.751 
    1720   344.941   344.751 
    1730   344.941   344.751 
    1740   344.941   344.751 
    1750   344.943   344.751 
    1760   344.941   344.751 
    1770   344.941   344.751 
    1780   344.941   344.737 
    1790   344.941   344.751 
    1800   344.896   344.751 
    1810   344.941   344.751 
    1820   344.941   344.751 
    1830   344.940   344.751 
    1840   344.941   344.751 
    1850   344.938   344.751 
    1860   344.941   344.751 
    1870   344.941   344.751 
    1880   344.936   344.751 
    1890   344.941   344.752 
    1900   344.942   344.758 
    1910   344.941   344.750 
    1920   344.941   344.751 
    1930   344.939   344.751 
    1940   344.941   344.751 
    1950   344.952   344.742 
    1960   344.953   344.751 
    1970   344.941   344.751 
    1980   344.941   344.754 
    1990   344.941   344.751 
    2000   344.936   344.751 
    2010   344.941   344.751 
    2020   344.941   344.751 
    2030   344.941   344.753 
    2040   344.941   344.751 
    2050   345.448   344.750 
    2060   344.941   344.751 
    2070   344.940   344.751 
    2080   344.941   344.753 
    2090   344.941   344.751 
    2100   345.035   344.751 
    2110   344.941   344.751 
    2120   344.941   344.751 
    2130   344.941   344.757 
    2140   344.941   344.751 
    2150   344.896   344.751 
    2160   344.941   344.751 
    2170   344.941   344.751 
    2180   344.941   344.756 
    2190   344.941   344.751 
    2200   344.943   344.718 
    2210   344.951   344.751 
    2220   344.941   344.751 
    2230   344.941   344.752 
    2240   344.941   344.751 
    2250   344.953   344.778 
    2260   344.942   344.751 
    2270   344.941   344.751 
    2280   344.945   344.751 
    2290   344.941   344.751 
    2300   344.941   344.678 
    2310   344.941   344.751 
    2320   344.941   344.751 
    2330   344.941   344.751 
    2340   344.941   344.751 
    2350   344.950   344.711 
    2360   344.932   344.746 
    2370   344.941   344.751 
    2380   344.939   344.751 
    2390   344.941   344.751 
    2400   344.933   344.755 
    2410   344.941   344.751 
    2420   344.941   344.751 
    2430   344.941   344.750 
    2440   344.941   344.751 
    2450   344.942   344.751 
    2460   344.941   344.751 
    2470   344.941   344.751 
    2480   344.941   344.752 
    2490   344.941   344.751 
    2500   345.349   344.751 
    2510   344.942   344.751 
    2520   344.941   344.751 
    2530   344.941   344.752 
    2540   344.941   344.751 
    2550   344.940   344.753 
    2560   344.941   344.751 
    2570   344.941   344.751 
    2580   344.941   344.751 
    2590   344.941   344.751 
    2600   344.946   344.726 
    2610   344.941   344.752 
    2620   344.941   344.751 
    2630   344.939   344.751 
    2640   344.941   344.751 
    2650   344.943   344.736 
    2660   344.954   344.751 
    2670   344.941   344.751 
    2680   344.941   344.751 
    2690   344.941   344.751 
    2700   344.953   344.759 
    2710   344.952   344.751 
    2720   344.941   344.751 
    2730   344.941   344.767 
    2740   344.941   344.751 
    2750   344.989   344.751 
    2760   344.941   344.752 
    2770   344.941   344.751 
    2780   344.941   344.746 
    2790   344.941   344.751 
    2800   344.940   344.751 
    2810   344.941   344.751 
    2820   344.941   344.751 
    2830   344.941   344.758 
    2840   344.943   344.751 
    2850   344.942   344.751 
    2860   344.941   344.751 
    2870   344.941   344.751 
    2880   344.941   344.735 
    2890   344.939   344.751 
    2900   344.936   344.751 
    2910   344.941   344.751 
    2920   344.941   344.751 
    2930   344.941   344.780 
    2940   344.941   344.751 
    2950   344.913   344.751 
    2960   344.941   344.751 
    2970   344.941   344.751 
    2980   344.942   344.682 
    2990   344.941   344.752 
    3000   344.999   344.742 
    3010   344.941   344.751 
    3020   344.941   344.751 
    3030   344.935   344.751 
    3040   344.941   344.751 
    3050   344.924   344.802 
    3060   344.953   344.751 
    3070   344.941   344.751 
    3080   344.941   344.750 
    3090   344.941   344.751 
    3100   344.922   344.751 
    3110   344.941   344.751 
    3120   344.941   344.751 
    3130   344.941   344.750 
    3140   344.941   344.751 
    3150   345.207   344.744 
    3160   344.941   344.750 
    3170   344.941   344.751 
    3180   344.941   344.750 
    3190   344.941   344.751 
    3200   345.112   344.748 
    3210   344.941   344.751 
    3220   344.941   344.751 
    3230   344.939   344.751 
    3240   344.941   344.751 
    3250   344.963   344.753 
    3260   344.941   344.752 
    3270   344.941   344.752 
    3280   344.936   344.751 
    3290   344.941   344.751 
    3300   344.933   344.714 
    3310   344.941   344.750 
    3320   344.941   344.752 
    3330   344.935   344.751 
    3340   344.941   344.751 
    3350   344.938   344.745 
    3360   344.941   344.752 
    3370   344.941   344.751 
    3380   344.943   344.752 
    3390   344.941   344.751 
    3400   344.938   344.741 
    3410   344.941   344.751 
    3420   344.941   344.751 
    3430   344.943   344.751 
    3440   344.941   344.751 
    3450   344.941   344.762 
    3460   344.946   344.751 
    3470   344.941   344.751 
    3480   344.941   344.755 
    3490   344.941   344.751 
    3500   344.940   344.751 
    3510   344.941   344.751 
    3520   344.941   344.751 
    3530   344.941   344.754 
    3540   344.944   344.751 
    3550   344.924   344.751 
    3560   344.941   344.751 
    3570   344.941   344.751 
    3580   344.940   344.757 
    3590   344.941   344.750 
    3600   344.893   344.752 
    3610   344.941   344.751 
    3620   344.941   344.751 
    3630   344.940   344.750 
    3640   344.941   344.751 
    3650   344.941   344.750 
    3660   344.941   344.751 
    3670   344.941   344.751 
    3680   344.941   344.749 
    3690   344.958   344.751 
    3700   344.837   344.751 
    3710   344.941   344.751 
    3720   344.941   344.751 
    3730   344.941   344.751 
    3740   344.941   344.751 
    3750   344.896   344.755 
    3760   344.941   344.750 
    3770   344.941   344.751 
    3780   344.935   344.751 
    3790   344.941   344.751 
    3800   344.942   344.759 
    3810   344.941   344.751 
    3820   344.941   344.751 
    3830   344.940   344.760 
    3840   344.941   344.751 
    3850   344.959   344.754 
    3860   344.941   344.751 
    3870   344.941   344.751 
    3880   344.941   344.751 
    3890   344.941   344.751 
    3900   344.975   344.757 
    3910   344.941   344.752 
    3920   344.941   344.752 
    3930   344.941   344.751 
    3940   344.941   344.751 
    3950   344.951   344.759 
    3960   344.941   344.751 
    3970   344.941   344.751 
    3980   344.939   344.751 
    3990   344.941   344.751 
    4000   344.941   344.762 
    4010   344.941   344.752 
    4020   344.941   344.751 
    4030   344.941   344.755 
    4040   344.941   344.751 
    4050   344.932   344.751 
    4060   344.941   344.751 
    4070   344.941   344.751 
    4080   344.941   344.749 
    4090   344.941   344.751 
    4100   344.941   344.787 
    4110   344.942   344.752 
    4120   344.941   344.751 
    4130   344.941   344.751 
    4140   344.941   344.751 
    4150   344.897   344.747 
    4160   344.941   344.752 
    4170   344.941   344.751 
    4180   344.934   344.751 
    4190   344.941   344.751 
    4200   344.941   344.743 
    4210   344.941   344.751 
    4220   344.941   344.751 
    4230   344.941   344.754 
    4240   344.941   344.751 
    4250   344.946   344.751 
    4260   344.941   344.751 
    4270   344.941   344.751 
    4280   344.941   344.747 
    4290   344.941   344.751 
    4300   345.034   344.751 
    4310   344.941   344.751 
    4320   344.941   344.751 
    4330   344.941   344.752 
    4340   344.957   344.751 
    4350   344.945   344.751 
    4360   344.941   344.751 
    4370   344.941   344.751 
    4380   344.941   344.745 
    4390   344.941   344.752 
    4400   344.968   344.755 
    4410   344.941   344.752 
    4420   344.941   344.751 
    4430   344.939   344.751 
    4440   344.941   344.751 
    4450   344.949   344.777 
    4460   344.950   344.751 
    4470   344.941   344.751 
    4480   344.941   344.752 
    4490   344.941   344.751 
    4500   344.960   344.762 
    4510   344.941   344.751 
    4520   344.941   344.751 
    4530   344.941   344.752 
    4540   344.941   344.751 
    4550   344.940   344.749 
    4560   344.941   344.751 
    4570   344.941   344.751 
    4580   344.941   344.746 
    4590   344.941   344.751 
    4600   345.496   344.749 
    4610   344.941   344.751 
    4620   344.941   344.751 
    4630   344.943   344.751 
    4640   344.941   344.751 
    4650   344.939   344.761 
    4660   344.941   344.751 
    4670   344.941   344.751 
    4680   344.941   344.753 
    4690   344.941   344.751 
    4700   344.946   344.751 
    4710   344.941   344.751 
    4720   344.941   344.751 
    4730   344.941   344.741 
    4740   344.941   344.751 
    4750   344.933   344.751 
    4760   344.941   344.751 
    4770   344.941   344.751 
    4780   344.941   344.756 
    4790   344.941   344.751 
    4800   344.941   344.751 
    4810   344.941   344.751 
    4820   344.941   344.751 
    4830   344.941   344.748 
    4840   344.941   344.750 
    4850   344.937   344.752 
    4860   344.941   344.752 
    4870   344.941   344.751 
    4880   344.941   344.741 
    4890   344.941   344.751 
    4900   344.929   344.751 
    4910   344.941   344.752 
    4920   344.941   344.751 
    4930   344.943   344.751 
    4940   344.941   344.751 
    4950   344.941   344.747 
    4960   344.941   344.751 
    4970   344.941   344.751 
    4980   344.941   344.744 
    4990   344.941   344.751 
    5000   344.936   344.751 
    5010   344.941   344.751 
    5020   344.941   344.751 
    5030   344.941   344.751 
    5040   344.941   344.751 
    5050   345.392   344.752 
    5060   344.944   344.751 
    5070   344.941   344.751 
    5080   344.941   344.752 
    5090   344.941   344.751 
    5100   344.940   344.761 
    5110   344.941   344.751 
    5120   344.941   344.751 
    5130   344.940   344.716 
    5140   344.941   344.750 
    5150   344.942   344.752 
    5160   344.941   344.751 
    5170   344.941   344.751 
    5180   344.941   344.786 
    5190   344.941   344.750 
    5200   344.943   344.751 
    5210   344.941   344.751 
    5220   344.941   344.751 
    5230   344.940   344.753 
    5240   344.941   344.751 
    5250   344.847   344.716 
    5260   344.941   344.751 
    5270   344.941   344.751 
    5280   344.941   344.764 
    5290   344.941   344.751 
    5300   344.838   344.749 
    5310   344.941   344.751 
    5320   344.941   344.751 
    5330   344.941   344.751 
    5340   344.941   344.751 
    5350   344.936   344.749 
    5360   344.941   344.751 
    5370   344.941   344.751 
    5380   344.940   344.700 
    5390   344.955   344.751 
    5400   344.938   344.751 
    5410   344.941   344.751 
    5420   344.941   344.751 
    5430   344.940   344.730 
    5440   344.939   344.751 
    5450   344.946   344.751 
    5460   344.941   344.751 
    5470   344.941   344.751 
    5480   344.941   344.751 
    5490   344.941   344.751 
    5500   344.935   344.751 
    5510   344.941   344.751 
    5520   344.941   344.751 
    5530   344.941   344.738 
    5540   344.941   344.751 
    5550   345.200   344.751 
    5560   344.940   344.752 
    5570   344.941   344.751 
    5580   344.940   344.751 
    5590   344.941   344.751 
    5600   345.010   344.754 
    5610   344.941   344.752 
    5620   344.941   344.752 
    5630   344.941   344.751 
    5640   344.941   344.751 
    5650   345.123   344.743 
    5660   344.941   344.751 
    5670   344.932   344.753 
    5680   344.943   344.750 
    5690   344.941   344.751 
    5700   344.913   344.764 
    5710   344.949   344.750 
    5720   344.941   344.751 
    5730   344.941   344.751 
    5740   344.941   344.751 
    5750   344.942   344.756 
    5760   344.941   344.749 
    5770   344.941   344.751 
    5780   344.940   344.746 
    5790   344.941   344.751 
    5800   345.071   344.804 
    5810   344.941   344.751 
    5820   344.940   344.751 
    5830   344.941   344.732 
    5840   344.941   344.751 
    5850   344.943   344.751 
    5860   344.941   344.751 
    5870   344.941   344.751 
    5880   344.941   344.779 
    5890   344.941   344.752 
    5900   344.946   344.751 
    5910   344.941   344.751 
    5920   344.941   344.751 
    5930   344.941   344.753 
    5940   344.941   344.750 
    5950   344.866   344.751 
    5960   344.941   344.751 
    5970   344.941   344.751 
    5980   344.941   344.751 
    5990   344.941   344.752 
    6000   344.985   344.744 
    6010   344.954   344.751 
    6020   344.941   344.751 
    6030   344.941   344.757 
    6040   344.941   344.751 
    6050   344.947   344.751 
    6060   344.941   344.751 
    6070   344.941   344.751 
    6080   344.943   344.751 
    6090   344.941   344.751 
    6100   344.947   344.753 
    6110   344.941   344.753 
    6120   344.941   344.751 
    6130   344.942   344.751 
    6140   344.941   344.751 
    6150   344.952   344.753 
    6160   344.941   344.754 
    6170   344.941   344.752 
    6180   344.942   344.751 
    6190   344.941   344.751 
    6200   344.936   344.745 
    6210   344.940   344.752 
    6220   344.941   344.751 
    6230   344.946   344.751 
    6240   344.941   344.751 
    6250   344.940   344.814 
    6260   344.941   344.751 
    6270   344.941   344.751 
    6280   344.941   344.752 
    6290   344.962   344.751 
    6300   345.019   344.752 
    6310   344.941   344.751 
    6320   344.941   344.751 
    6330   344.940   344.751 
    6340   344.941   344.751 
    6350   344.947   344.864 
    6360   344.941   344.751 
    6370   344.941   344.751 
    6380   344.941   344.751 
    6390   344.941   344.751 
    6400   344.925   344.751 
    6410   344.941   344.751 
    6420   344.941   344.751 
    6430   344.940   344.758 
    6440   344.940   344.751 
    6450   345.047   344.751 
    6460   344.941   344.751 
    6470   344.941   344.751 
    6480   344.941   344.751 
    6490   344.942   344.751 
    6500   344.875   344.752 
    6510   344.941   344.751 
    6520   344.941   344.751 
    6530   344.940   344.768 
    6540   344.941   344.751 
    6550   344.942   344.751 
    6560   344.941   344.751 
    6570   344.941   344.751 
    6580   344.945   344.751 
    6590   344.941   344.751 
    6600   345.016   344.727 
    6610   344.941   344.751 
    6620   344.940   344.751 
    6630   344.941   344.750 
    6640   344.941   344.751 
    6650   344.941   344.747 
    6660   344.941   344.751 
    6670   344.941   344.751 
    6680   344.941   344.751 
    6690   344.941   344.751 
    6700   344.940   344.746 
    6710   344.941   344.750 
    6720   344.941   344.751 
    6730   344.941   344.763 
    6740   344.940   344.751 
    6750   344.767   344.751 
    6760   344.941   344.751 
    6770   344.940   344.751 
    6780   344.937   344.750 
    6790   344.941   344.751 
    6800   344.960   344.756 
    6810   344.941   344.751 
    6820   344.941   344.751 
    6830   344.943   344.751 
    6840   344.941   344.751 
    6850   344.924   344.752 
    6860   344.941   344.754 
    6870   344.939   344.750 
    6880   344.945   344.752 
    6890   344.941   344.751 
    6900   344.971   344.763 
    6910   344.951   344.750 
    6920   344.941   344.751 
    6930   344.940   344.758 
    6940   344.941   344.751 
    6950   344.940   344.751 
    6960   344.941   344.751 
    6970   344.941   344.751 
    6980   344.941   344.749 
    6990   344.941   344.752 
    7000   344.939   344.750 
    7010   344.941   344.752 
    7020   344.941   344.751 
    7030   344.937   344.752 
    7040   344.941   344.751 
    7050   344.919   344.782 
    7060   344.941   344.751 
    7070   344.942   344.751 
    7080   344.935   344.751 
    7090   344.941   344.751 
    7100   344.943   344.809 
    7110   344.941   344.751 
    7120   344.941   344.751 
    7130   344.941   344.752 
    7140   344.941   344.751 
    7150   344.939   344.752 
    7160   344.941   344.751 
    7170   344.941   344.751 
    7180   344.941   344.751 
    7190   344.941   344.751 
    7200   344.945   344.752 
    7210   344.941   344.752 
    7220   344.941   344.751 
    7230   344.941   344.754 
    7240   344.941   344.751 
    7250   344.938   344.751 
    7260   344.941   344.751 
    7270   344.941   344.751 
    7280   344.941   344.751 
    7290   344.958   344.752 
    7300   344.735   344.751 
    7310   344.941   344.751 
    7320   344.941   344.751 
    7330   344.941   344.754 
    7340   344.941   344.751 
    7350   344.796   344.751 
    7360   344.941   344.751 
    7370   344.941   344.751 
    7380   344.941   344.748 
    7390   344.960   344.751 
    7400   344.972   344.751 
    7410   344.941   344.751 
    7420   344.941   344.751 
    7430   344.941   344.750 
    7440   344.941   344.751 
    7450   344.993   344.745 
    7460   344.941   344.750 
    7470   344.941   344.751 
    7480   344.940   344.713 
    7490   344.941   344.751 
    7500   344.941   344.753 
    7510   344.941   344.751 
    7520   344.941   344.751 
    7530   344.941   344.755 
    7540   344.952   344.751 
    7550   344.932   344.751 
    7560   344.941   344.751 
    7570   344.941   344.751 
    7580   344.941   344.754 
    7590   344.941   344.751 
    7600   344.674   344.751 
    7610   344.941   344.751 
    7620   344.941   344.751 
    7630   344.939   344.677 
    7640   344.941   344.750 
    7650   344.951   344.744 
    7660   344.941   344.750 
    7670   344.941   344.750 
    7680   344.936   344.751 
    7690   344.941   344.751 
    7700   344.917   344.675 
    7710   344.942   344.751 
    7720   344.941   344.751 
    7730   344.944   344.751 
    7740   344.941   344.751 
    7750   344.940   344.746 
    7760   344.954   344.751 
    7770   344.941   344.751 
    7780   344.941   344.750 
    7790   344.941   344.751 
    7800   344.943   344.752 
    7810   344.941   344.751 
    7820   344.941   344.751 
    7830   344.941   344.752 
    7840   344.961   344.751 
    7850   344.947   344.751 
    7860   344.941   344.751 
    7870   344.941   344.751 
    7880   344.940   344.723 
    7890   344.941   344.751 
    7900   344.943   344.744 
    7910   344.941   344.752 
    7920   344.941   344.750 
    7930   344.937   344.751 
    7940   344.941   344.752 
    7950   344.939   344.760 
    7960   344.942   344.751 
    7970   344.941   344.751 
    7980   344.941   344.751 
    7990   344.941   344.751 
    8000   344.946   344.751 
    8010   344.941   344.751 
    8020   344.941   344.751 
    8030   344.941   344.759 
    8040   344.941   344.751 
    8050   344.942   344.754 
    8060   344.941   344.751 
    8070   344.941   344.751 
    8080   344.943   344.751 
    8090   344.941   344.751 
    8100   344.936   344.715 
    8110   344.952   344.751 
    8120   344.941   344.751 
    8130   344.941   344.748 
    8140   344.941   344.751 
    8150   344.942   344.751 
    8160   344.941   344.751 
    8170   344.941   344.751 
    8180   344.941   344.748 
    8190   344.957   344.751 
    8200   344.968   344.750 
    8210   344.941   344.751 
    8220   344.941   344.751 
    8230   344.941   344.744 
    8240   344.941   344.751 
    8250   344.922   344.751 
    8260   344.941   344.752 
    8270   344.941   344.751 
    8280   344.941   344.750 
    8290   344.941   344.751 
    8300   344.995   344.750 
    8310   344.941   344.750 
    8320   344.941   344.751 
    8330   344.937   344.751 
    8340   344.941   344.751 
    8350   344.937   344.736 
    8360   344.941   344.752 
    8370   344.942   344.752 
    8380   344.937   344.751 
    8390   344.941   344.751 
    8400   344.935   344.746 
    8410   344.941   344.748 
    8420   344.941   344.751 
    8430   344.940   344.751 
    8440   344.941   344.751 
    8450   344.952   344.690 
    8460   344.941   344.751 
    8470   344.940   344.751 
    8480   344.940   344.750 
    8490   344.956   344.752 
    8500   344.904   344.752 
    8510   344.941   344.752 
    8520   344.941   344.751 
    8530   344.940   344.751 
    8540   344.941   344.751 
    8550   344.909   344.759 
    8560   344.932   344.751 
    8570   344.941   344.751 
    8580   344.941   344.750 
    8590   344.941   344.751 
    8600   344.941   344.733 
    8610   344.941   344.750 
    8620   344.940   344.751 
    8630   344.944   344.752 
    8640   344.941   344.751 
    8650   344.938   344.806 
    8660   344.941   344.750 
    8670   344.941   344.751 
    8680   344.945   344.751 
    8690   344.941   344.751 
    8700   344.946   344.749 
    8710   344.941   344.752 
    8720   344.941   344.751 
    8730   344.941   344.749 
    8740   344.941   344.751 
    8750   344.943   344.751 
    8760   344.941   344.751 
    8770   344.941   344.751 
    8780   344.941   344.749 
    8790   344.941   344.751 
    8800   344.995   344.750 
    8810   344.941   344.747 
    8820   344.941   344.750 
    8830   344.945   344.751 
    8840   344.941   344.751 
    8850   344.940   344.746 
    8860   344.941   344.751 
    8870   344.940   344.751 
    8880   344.941   344.749 
    8890   344.941   344.751 
    8900   344.926   344.761 
    8910   344.950   344.751 
    8920   344.941   344.751 
    8930   344.941   344.745 
    8940   344.941   344.751 
    8950   344.894   344.760 
    8960   344.952   344.751 
    8970   344.941   344.751 
    8980   344.941   344.751 
    8990   344.941   344.751 
    9000   345.331   344.751 
    9010   344.941   344.751 
    9020   344.941   344.751 
    9030   344.941   344.751 
    9040   344.945   344.751 
    9050   344.979   344.752 
    9060   344.941   344.751 
    9070   344.941   344.751 
    9080   344.940   344.751 
    9090   344.941   344.751 
    9100   344.950   344.752 
    9110   344.941   344.751 
    9120   344.941   344.751 
    9130   344.941   344.763 
    9140   344.941   344.751 
    9150   344.893   344.752 
    9160   344.941   344.753 
    9170   344.941   344.751 
    9180   344.940   344.759 
    9190   344.941   344.751 
    9200   344.940   344.752 
    9210   344.941   344.751 
    9220   344.941   344.751 
    9230   344.941   344.752 
    9240   344.941   344.751 
    9250   345.232   344.747 
    9260   344.951   344.751 
    9270   344.941   344.751 
    9280   344.941   344.752 
    9290   344.940   344.751 
    9300   344.917   344.751 
    9310   344.941   344.751 
    9320   344.941   344.751 
    9330   344.941   344.777 
    9340   344.941   344.751 
    9350   344.943   344.741 
    9360   344.952   344.751 
    9370   344.941   344.751 
    9380   344.941   344.750 
    9390   344.941   344.751 
    9400   344.941   344.751 
    9410   344.941   344.751 
    9420   344.941   344.751 
    9430   344.941   344.748 
    9440   344.941   344.751 
    9450   344.980   344.751 
    9460   344.941   344.751 
    9470   344.941   344.751 
    9480   344.941   344.753 
    9490   344.941   344.751 
    9500   344.940   344.751 
    9510   344.941   344.751 
    9520   344.941   344.751 
    9530   344.941   344.751 
    9540   344.941   344.751 
    9550   345.018   344.751 
    9560   344.941   344.751 
    9570   344.941   344.751 
    9580   344.936   344.751 
    9590   344.941   344.751 
    9600   344.950   344.759 
    9610   344.941   344.753 
    9620   344.939   344.753 
    9630   344.945   344.751 
    9640   344.941   344.751 
    9650   344.956   344.717 
    9660   344.941   344.751 
    9670   344.939   344.751 
    9680   344.943   344.751 
    9690   344.941   344.751 
    9700   344.940   344.728 
    9710   344.951   344.751 
    9720   344.941   344.751 
    9730   344.941   344.751 
    9740   344.941   344.751 
    9750   344.941   344.751 
    9760   344.941   344.751 
    9770   344.941   344.751 
    9780   344.941   344.751 
    9790   344.941   344.751 
    9800   344.912   344.744 
    9810   344.933   344.751 
    9820   344.941   344.751 
    9830   344.941   344.748 
    9840   344.941   344.751 
    9850   344.996   344.750 
    9860   344.941   344.751 
    9870   344.941   344.751 
    9880   344.939   344.751 
    9890   344.941   344.751 
    9900   344.940   344.749 
    9910   344.935   344.752 
    9920   344.941   344.751 
    9930   344.941   344.751 
    9940   344.941   344.751 
    9950   344.935   344.752 
    9960   344.941   344.751 
    9970   344.941   344.751 
    9980   344.941   344.778 
    9990   344.940   344.751 
   10000   344.941   344.751 
