       0    59.942    59.938 
      10    65.044    65.141 
      20    64.927    64.991 
      30    64.927    64.999 
      40    64.933    64.911 
      50    64.934    64.933 
      60    64.981    65.039 
      70    64.942    64.934 
      80    64.932    64.938 
      90    64.949    64.960 
     100    64.895    64.833 
     110    64.939    64.933 
     120    64.946    64.934 
     130    64.940    64.935 
     140    64.939    64.938 
     150    64.939    64.913 
     160    64.940    64.934 
     170    64.857    64.937 
     180    64.937    64.936 
     190    64.940    64.936 
     200    64.923    64.937 
     210    64.940    64.935 
     220    64.940    64.935 
     230    64.941    64.934 
     240    64.940    64.935 
     250    64.839    65.135 
     260    64.941    64.934 
     270    64.940    64.935 
     280    64.936    64.935 
     290    64.940    64.935 
     300    64.922    64.752 
     310    64.940    64.935 
     320    64.940    64.935 
     330    64.947    64.937 
     340    64.940    64.935 
     350    64.922    64.999 
     360    64.940    64.935 
     370    64.940    64.935 
     380    64.938    64.937 
     390    64.942    64.936 
     400    64.944    64.937 
     410    64.940    64.935 
     420    64.941    64.935 
     430    64.935    64.938 
     440    64.940    64.934 
     450    64.959    64.954 
     460    64.941    64.935 
     470    64.940    64.935 
     480    64.942    64.932 
     490    64.941    64.935 
     500    64.888    64.918 
     510    64.941    64.935 
     520    64.941    64.935 
     530    64.944    64.935 
     540    64.941    64.935 
     550    64.944    64.935 
     560    64.941    64.935 
     570    64.941    64.935 
     580    64.940    64.935 
     590    64.941    64.935 
     600    64.984    64.907 
     610    64.941    64.935 
     620    64.932    64.938 
     630    64.943    64.935 
     640    64.941    64.934 
     650    64.941    64.935 
     660    64.941    64.935 
     670    64.941    64.935 
     680    64.941    64.937 
     690    64.941    64.935 
     700    64.936    64.936 
     710    64.940    64.935 
     720    64.942    64.935 
     730    64.941    64.941 
     740    64.941    64.935 
     750    64.947    64.948 
     760    64.941    64.935 
     770    64.941    64.935 
     780    64.937    64.936 
     790    64.941    64.935 
     800    64.969    65.199 
     810    64.941    64.935 
     820    64.941    64.935 
     830    64.948    64.931 
     840    64.941    64.935 
     850    64.581    64.495 
     860    64.941    64.935 
     870    64.941    64.935 
     880    64.942    64.938 
     890    64.941    64.936 
     900    64.938    64.935 
     910    64.941    64.925 
     920    64.941    64.934 
     930    64.941    64.934 
     940    64.942    64.935 
     950    64.937    64.936 
     960    64.941    64.936 
     970    64.941    64.935 
     980    64.941    64.934 
     990    64.943    64.935 
    1000    64.937    64.936 
    1010    64.939    64.925 
    1020    64.941    64.936 
    1030    64.939    64.939 
    1040    64.941    64.936 
    1050    64.573    64.815 
    1060    64.941    64.935 
    1070    64.941    64.936 
    1080    64.943    64.936 
    1090    64.942    64.936 
    1100    64.958    64.937 
    1110    64.941    64.936 
    1120    64.941    64.936 
    1130    64.940    64.936 
    1140    64.941    64.935 
    1150    64.948    64.760 
    1160    64.941    64.935 
    1170    64.941    64.936 
    1180    64.935    64.935 
    1190    64.941    64.936 
    1200    64.941    64.937 
    1210    64.941    64.936 
    1220    64.941    64.936 
    1230    64.941    64.936 
    1240    64.941    64.936 
    1250    64.941    64.938 
    1260    64.941    64.936 
    1270    64.941    64.936 
    1280    64.941    64.936 
    1290    64.942    64.936 
    1300    64.946    64.936 
    1310    64.941    64.948 
    1320    64.941    64.936 
    1330    64.941    64.938 
    1340    64.942    64.936 
    1350    64.948    64.935 
    1360    64.941    64.934 
    1370    64.941    64.936 
    1380    64.940    64.935 
    1390    64.941    64.936 
    1400    64.915    64.922 
    1410    64.941    64.936 
    1420    64.941    64.936 
    1430    64.936    64.935 
    1440    64.941    64.936 
    1450    64.938    64.947 
    1460    64.941    64.936 
    1470    64.941    64.936 
    1480    64.941    64.937 
    1490    64.941    64.934 
    1500    64.943    64.937 
    1510    64.941    64.936 
    1520    64.941    64.936 
    1530    64.940    64.938 
    1540    64.941    64.936 
    1550    64.966    64.947 
    1560    64.941    64.936 
    1570    64.941    64.936 
    1580    64.912    64.928 
    1590    64.941    64.936 
    1600    64.940    64.941 
    1610    64.941    64.936 
    1620    64.941    64.936 
    1630    64.941    64.936 
    1640    64.941    64.935 
    1650    64.941    64.940 
    1660    64.934    64.936 
    1670    64.941    64.936 
    1680    64.940    64.936 
    1690    64.941    64.936 
    1700    64.944    64.932 
    1710    64.941    64.936 
    1720    64.941    64.936 
    1730    64.941    64.935 
    1740    64.939    64.936 
    1750    64.942    64.936 
    1760    64.941    64.939 
    1770    64.941    64.936 
    1780    64.940    64.936 
    1790    64.941    64.935 
    1800    64.938    64.941 
    1810    64.941    64.936 
    1820    64.941    64.936 
    1830    64.943    64.935 
    1840    64.941    64.936 
    1850    64.945    64.939 
    1860    64.941    64.936 
    1870    64.941    64.936 
    1880    64.957    64.954 
    1890    64.941    64.936 
    1900    65.196    64.768 
    1910    64.941    64.936 
    1920    64.941    64.936 
    1930    64.935    64.936 
    1940    64.941    64.936 
    1950    64.940    64.917 
    1960    64.921    64.936 
    1970    64.941    64.936 
    1980    64.941    64.936 
    1990    64.941    64.936 
    2000    64.946    64.936 
    2010    64.941    64.937 
    2020    64.941    64.936 
    2030    64.941    64.935 
    2040    64.941    64.936 
    2050    64.660    64.939 
    2060    64.941    64.936 
    2070    64.941    64.936 
    2080    64.941    64.935 
    2090    64.941    64.936 
    2100    65.234    64.956 
    2110    64.941    64.936 
    2120    64.941    64.936 
    2130    64.941    64.936 
    2140    64.941    64.936 
    2150    64.942    64.936 
    2160    64.941    64.936 
    2170    64.941    64.937 
    2180    64.943    64.936 
    2190    64.941    64.936 
    2200    64.973    64.959 
    2210    64.941    64.936 
    2220    64.941    64.936 
    2230    64.928    64.929 
    2240    64.941    64.936 
    2250    64.874    65.040 
    2260    64.941    64.936 
    2270    64.941    64.936 
    2280    64.938    64.936 
    2290    64.941    64.936 
    2300    64.995    65.397 
    2310    64.941    64.936 
    2320    64.941    64.936 
    2330    64.941    64.936 
    2340    64.947    64.936 
    2350    64.952    64.936 
    2360    64.941    64.934 
    2370    64.941    64.936 
    2380    64.939    64.936 
    2390    64.941    64.936 
    2400    64.919    64.695 
    2410    64.941    64.936 
    2420    64.941    64.936 
    2430    64.951    64.921 
    2440    64.941    64.936 
    2450    64.945    64.938 
    2460    64.941    64.936 
    2470    64.941    64.936 
    2480    64.941    64.936 
    2490    64.941    64.936 
    2500    65.220    64.895 
    2510    64.941    64.936 
    2520    64.941    64.936 
    2530    64.941    64.936 
    2540    64.941    64.936 
    2550    64.941    64.937 
    2560    64.941    64.936 
    2570    64.941    64.936 
    2580    64.941    64.936 
    2590    64.941    64.947 
    2600    64.941    64.940 
    2610    64.941    64.936 
    2620    64.941    64.936 
    2630    64.941    64.936 
    2640    64.941    64.936 
    2650    64.938    64.888 
    2660    64.941    64.936 
    2670    64.941    64.936 
    2680    64.936    64.938 
    2690    64.940    64.934 
    2700    65.019    65.039 
    2710    64.941    64.936 
    2720    64.941    64.936 
    2730    64.936    64.936 
    2740    64.942    64.936 
    2750    64.935    64.934 
    2760    64.941    64.936 
    2770    64.941    64.936 
    2780    64.942    64.935 
    2790    64.941    64.936 
    2800    64.939    64.936 
    2810    64.941    64.936 
    2820    64.941    64.936 
    2830    64.942    64.936 
    2840    64.941    64.936 
    2850    64.823    65.496 
    2860    64.941    64.936 
    2870    64.941    64.936 
    2880    64.940    64.937 
    2890    64.941    64.935 
    2900    64.940    64.941 
    2910    64.941    64.936 
    2920    64.941    64.936 
    2930    64.941    64.941 
    2940    64.941    64.936 
    2950    64.264    64.939 
    2960    64.941    64.936 
    2970    64.941    64.936 
    2980    64.939    64.940 
    2990    64.943    64.925 
    3000    64.943    64.937 
    3010    64.941    64.936 
    3020    64.941    64.936 
    3030    64.940    64.938 
    3040    64.940    64.936 
    3050    64.946    64.938 
    3060    64.941    64.936 
    3070    64.941    64.936 
    3080    64.940    64.934 
    3090    64.940    64.936 
    3100    64.844    64.949 
    3110    64.941    64.936 
    3120    64.941    64.936 
    3130    64.941    64.936 
    3140    64.941    64.936 
    3150    64.961    64.937 
    3160    64.941    64.936 
    3170    64.941    64.935 
    3180    64.939    64.935 
    3190    64.940    64.936 
    3200    64.934    64.942 
    3210    64.941    64.936 
    3220    64.940    64.937 
    3230    64.942    64.938 
    3240    64.941    64.936 
    3250    64.997    64.910 
    3260    64.941    64.936 
    3270    64.941    64.936 
    3280    64.937    64.936 
    3290    64.941    64.936 
    3300    64.939    64.927 
    3310    64.941    64.936 
    3320    64.941    64.936 
    3330    64.941    64.937 
    3340    64.941    64.943 
    3350    64.942    65.001 
    3360    64.941    64.936 
    3370    64.941    64.936 
    3380    64.945    64.936 
    3390    64.941    64.936 
    3400    64.940    64.908 
    3410    64.941    64.937 
    3420    64.940    64.929 
    3430    64.941    64.936 
    3440    64.941    64.936 
    3450    64.942    65.086 
    3460    64.941    64.936 
    3470    64.941    64.936 
    3480    64.938    64.936 
    3490    64.941    64.936 
    3500    64.599    65.086 
    3510    64.941    64.936 
    3520    64.941    64.936 
    3530    64.935    64.937 
    3540    64.941    64.936 
    3550    65.020    65.232 
    3560    64.941    64.937 
    3570    64.941    64.936 
    3580    64.942    64.935 
    3590    64.941    64.936 
    3600    64.909    64.962 
    3610    64.941    64.936 
    3620    64.941    64.936 
    3630    64.943    64.938 
    3640    64.941    64.936 
    3650    64.940    64.937 
    3660    64.941    64.936 
    3670    64.941    64.936 
    3680    64.939    64.937 
    3690    64.941    64.936 
    3700    64.828    64.838 
    3710    64.941    64.936 
    3720    64.941    64.936 
    3730    64.941    64.936 
    3740    64.941    64.936 
    3750    64.941    64.937 
    3760    64.941    64.936 
    3770    64.941    64.936 
    3780    64.939    64.929 
    3790    64.941    64.936 
    3800    64.780    64.952 
    3810    64.941    64.936 
    3820    64.941    64.936 
    3830    64.941    64.941 
    3840    64.942    64.936 
    3850    64.936    64.936 
    3860    64.941    64.937 
    3870    64.941    64.936 
    3880    64.942    64.937 
    3890    64.941    64.937 
    3900    64.965    64.940 
    3910    64.941    64.936 
    3920    64.941    64.938 
    3930    64.932    64.941 
    3940    64.941    64.936 
    3950    64.939    64.944 
    3960    64.941    64.936 
    3970    64.941    64.936 
    3980    64.941    64.937 
    3990    64.942    64.942 
    4000    64.942    64.936 
    4010    64.941    64.936 
    4020    64.941    64.936 
    4030    64.941    64.935 
    4040    64.941    64.936 
    4050    64.594    64.940 
    4060    64.941    64.936 
    4070    64.941    64.936 
    4080    64.941    64.936 
    4090    64.941    64.936 
    4100    64.942    64.936 
    4110    64.941    64.934 
    4120    64.941    64.935 
    4130    64.948    64.920 
    4140    64.941    64.936 
    4150    64.941    64.937 
    4160    64.941    64.936 
    4170    64.941    64.936 
    4180    64.942    64.940 
    4190    64.941    64.936 
    4200    64.929    64.931 
    4210    64.945    64.937 
    4220    64.941    64.936 
    4230    64.941    64.936 
    4240    64.947    64.936 
    4250    65.004    64.920 
    4260    64.941    64.936 
    4270    64.941    64.936 
    4280    64.941    64.934 
    4290    64.941    64.936 
    4300    64.943    64.936 
    4310    64.941    64.934 
    4320    64.941    64.936 
    4330    64.941    64.936 
    4340    64.941    64.936 
    4350    64.939    64.935 
    4360    64.941    64.936 
    4370    64.941    64.936 
    4380    64.941    64.936 
    4390    64.941    64.936 
    4400    65.463    64.962 
    4410    64.941    64.935 
    4420    64.941    64.936 
    4430    64.939    64.936 
    4440    64.941    64.936 
    4450    64.917    64.847 
    4460    64.941    64.936 
    4470    64.941    64.936 
    4480    64.939    64.936 
    4490    64.941    64.936 
    4500    64.864    64.682 
    4510    64.941    64.936 
    4520    64.941    64.936 
    4530    64.937    64.935 
    4540    64.941    64.936 
    4550    64.939    64.945 
    4560    64.941    64.936 
    4570    64.941    64.936 
    4580    64.940    64.935 
    4590    64.941    64.936 
    4600    64.702    65.063 
    4610    64.941    64.936 
    4620    64.941    64.936 
    4630    64.941    64.936 
    4640    64.941    64.936 
    4650    64.938    64.936 
    4660    64.941    64.936 
    4670    64.941    64.936 
    4680    64.947    64.933 
    4690    64.941    64.936 
    4700    65.042    65.117 
    4710    64.941    64.936 
    4720    64.941    64.936 
    4730    64.941    64.936 
    4740    64.941    64.936 
    4750    64.941    64.933 
    4760    64.941    64.936 
    4770    64.941    64.936 
    4780    64.933    64.951 
    4790    64.941    64.936 
    4800    65.142    65.024 
    4810    64.941    64.936 
    4820    64.941    64.936 
    4830    64.938    64.933 
    4840    64.941    64.936 
    4850    65.334    64.659 
    4860    64.941    64.936 
    4870    64.941    64.936 
    4880    64.941    64.936 
    4890    64.941    64.936 
    4900    64.939    64.935 
    4910    64.941    64.936 
    4920    64.941    64.936 
    4930    64.941    64.936 
    4940    64.941    64.936 
    4950    64.941    64.936 
    4960    64.941    64.936 
    4970    64.945    64.936 
    4980    64.932    64.941 
    4990    64.941    64.936 
    5000    65.083    65.149 
    5010    64.941    64.936 
    5020    64.941    64.936 
    5030    64.941    64.937 
    5040    64.941    64.936 
    5050    64.939    64.860 
    5060    64.941    64.936 
    5070    64.941    64.936 
    5080    64.929    64.939 
    5090    64.943    64.935 
    5100    64.942    64.938 
    5110    64.941    64.936 
    5120    64.941    64.936 
    5130    64.941    64.936 
    5140    64.941    64.936 
    5150    64.941    64.931 
    5160    64.937    64.936 
    5170    64.941    64.936 
    5180    64.941    64.937 
    5190    64.942    64.921 
    5200    64.947    64.935 
    5210    64.941    64.936 
    5220    64.941    64.936 
    5230    64.861    64.980 
    5240    64.940    64.935 
    5250    64.857    64.834 
    5260    64.941    64.936 
    5270    64.941    64.936 
    5280    64.941    64.938 
    5290    64.941    64.936 
    5300    64.947    64.936 
    5310    64.941    64.933 
    5320    64.941    64.936 
    5330    64.943    64.934 
    5340    64.941    64.936 
    5350    64.834    64.864 
    5360    64.941    64.936 
    5370    64.941    64.936 
    5380    64.941    64.935 
    5390    64.941    64.936 
    5400    65.137    64.934 
    5410    64.941    64.926 
    5420    64.941    64.936 
    5430    64.936    64.937 
    5440    64.941    64.936 
    5450    64.963    65.039 
    5460    64.941    64.936 
    5470    64.941    64.936 
    5480    64.939    64.936 
    5490    64.941    64.936 
    5500    64.940    64.938 
    5510    64.941    64.936 
    5520    64.941    64.936 
    5530    64.962    64.880 
    5540    64.941    64.936 
    5550    64.941    64.936 
    5560    64.941    64.936 
    5570    64.941    64.936 
    5580    64.943    64.947 
    5590    64.941    64.936 
    5600    65.341    64.871 
    5610    64.941    64.936 
    5620    64.941    64.936 
    5630   -49.868    60.455 
    5640    64.941    64.936 
    5650    64.942    64.931 
    5660    64.941    64.936 
    5670    64.941    64.936 
    5680    64.939    64.939 
    5690    64.941    64.936 
    5700    64.943    64.937 
    5710    64.941    64.936 
    5720    64.941    64.936 
    5730    64.947    64.917 
    5740    64.941    64.936 
    5750    64.942    64.936 
    5760    64.941    64.936 
    5770    64.941    64.936 
    5780    64.948    64.937 
    5790    64.941    64.936 
    5800    64.918    65.152 
    5810    64.941    64.936 
    5820    64.941    64.936 
    5830    64.940    64.935 
    5840    64.941    64.937 
    5850    64.939    64.935 
    5860    64.941    64.936 
    5870    64.941    64.936 
    5880    64.940    64.937 
    5890    64.941    64.936 
    5900    65.904    65.421 
    5910    64.941    64.936 
    5920    64.941    64.936 
    5930    64.941    64.939 
    5940    64.941    64.937 
    5950    64.918    64.933 
    5960    64.941    64.936 
    5970    64.941    64.936 
    5980    64.941    64.936 
    5990    64.941    64.936 
    6000    64.943    65.392 
    6010    64.941    64.936 
    6020    64.941    64.936 
    6030    64.940    64.936 
    6040    64.941    64.936 
    6050    64.938    64.892 
    6060    64.941    64.936 
    6070    64.941    64.936 
    6080    64.958    64.920 
    6090    64.941    64.936 
    6100    64.911    64.915 
    6110    64.941    64.936 
    6120    64.941    64.936 
    6130    64.938    64.938 
    6140    64.941    64.935 
    6150    64.942    64.938 
    6160    64.941    64.936 
    6170    64.941    64.936 
    6180    64.945    64.936 
    6190    64.941    64.936 
    6200    64.941    64.935 
    6210    64.941    64.936 
    6220    64.943    64.935 
    6230    64.942    64.935 
    6240    64.941    64.936 
    6250    64.990    64.969 
    6260    64.941    64.936 
    6270    64.941    64.936 
    6280    64.941    64.937 
    6290    64.941    64.936 
    6300    64.943    65.151 
    6310    64.941    64.936 
    6320    64.941    64.936 
    6330    64.942    64.938 
    6340    64.941    64.936 
    6350    65.219    64.870 
    6360    64.946    64.936 
    6370    64.941    64.936 
    6380    64.942    64.935 
    6390    64.941    64.936 
    6400    65.048    65.071 
    6410    64.942    64.936 
    6420    64.941    64.936 
    6430    64.938    64.938 
    6440    64.941    64.936 
    6450    64.931    64.921 
    6460    64.941    64.936 
    6470    64.941    64.936 
    6480    64.941    64.936 
    6490    64.941    64.936 
    6500    64.941    64.945 
    6510    64.941    64.936 
    6520    64.941    64.936 
    6530    64.941    64.936 
    6540    64.941    64.936 
    6550    64.952    64.923 
    6560    64.941    64.936 
    6570    64.941    64.936 
    6580    64.941    64.924 
    6590    64.941    64.936 
    6600    64.945    64.936 
    6610    64.941    64.936 
    6620    64.941    64.936 
    6630    64.941    64.936 
    6640    64.940    64.935 
    6650    64.955    64.932 
    6660    64.941    64.936 
    6670    64.941    64.936 
    6680    64.933    64.932 
    6690    64.941    64.936 
    6700    64.907    64.894 
    6710    64.941    64.937 
    6720    64.941    64.936 
    6730    64.940    64.941 
    6740    64.942    64.924 
    6750    64.885    64.898 
    6760    64.941    64.936 
    6770    64.941    64.936 
    6780    64.941    64.936 
    6790    64.941    64.939 
    6800    64.947    64.935 
    6810    64.941    64.936 
    6820    64.941    64.936 
    6830    64.940    64.932 
    6840    64.941    64.936 
    6850    65.139    64.914 
    6860    64.941    64.936 
    6870    64.941    64.936 
    6880    64.935    64.936 
    6890    64.941    64.936 
    6900    64.942    64.936 
    6910    64.941    64.936 
    6920    64.941    64.936 
    6930    64.944    64.932 
    6940    64.941    64.936 
    6950    64.817    64.868 
    6960    64.941    64.936 
    6970    64.941    64.936 
    6980    64.943    64.937 
    6990    64.941    64.936 
    7000    64.775    65.350 
    7010    64.943    64.935 
    7020    64.941    64.936 
    7030    64.940    64.935 
    7040    64.941    64.936 
    7050    64.937    64.939 
    7060    64.941    64.936 
    7070    64.941    64.936 
    7080    64.940    64.935 
    7090    64.939    64.936 
    7100    64.923    64.939 
    7110    64.941    64.936 
    7120    64.941    64.936 
    7130    64.942    64.941 
    7140    64.941    64.936 
    7150    64.939    64.936 
    7160    64.941    64.936 
    7170    64.941    64.936 
    7180    64.939    64.936 
    7190    64.941    64.936 
    7200    64.956    64.848 
    7210    64.941    64.936 
    7220    64.941    64.936 
    7230    64.941    64.933 
    7240    64.941    64.936 
    7250    65.125    64.947 
    7260    64.941    64.936 
    7270    64.941    64.936 
    7280    64.943    64.936 
    7290    64.941    64.936 
    7300    64.920    65.091 
    7310    64.941    64.936 
    7320    64.941    64.936 
    7330    64.944    64.935 
    7340    64.943    64.936 
    7350    64.940    64.937 
    7360    64.941    64.936 
    7370    64.941    64.936 
    7380    64.941    64.935 
    7390    64.941    64.936 
    7400    65.189    64.941 
    7410    64.941    64.936 
    7420    64.941    64.936 
    7430    64.941    64.937 
    7440    64.941    64.936 
    7450    64.939    64.937 
    7460    64.941    64.936 
    7470    64.941    64.936 
    7480    64.934    64.936 
    7490    64.941    64.936 
    7500    64.939    64.961 
    7510    64.941    64.937 
    7520    64.942    64.938 
    7530    64.941    64.932 
    7540    64.941    64.936 
    7550    64.663    64.942 
    7560    64.941    64.936 
    7570    64.941    64.936 
    7580    64.933    64.937 
    7590    64.941    64.936 
    7600    64.930    64.809 
    7610    64.941    64.936 
    7620    64.941    64.936 
    7630    64.940    64.934 
    7640    64.941    64.936 
    7650    64.943    64.949 
    7660    64.941    64.936 
    7670    64.941    64.936 
    7680    64.944    64.937 
    7690    64.941    64.936 
    7700    64.872    65.132 
    7710    64.941    64.936 
    7720    64.941    64.937 
    7730    64.941    64.936 
    7740    64.941    64.936 
    7750    64.941    65.077 
    7760    64.941    64.936 
    7770    64.942    64.936 
    7780    64.941    64.935 
    7790    64.941    64.936 
    7800    64.938    64.937 
    7810    64.941    64.936 
    7820    64.941    64.936 
    7830    64.939    64.934 
    7840    64.941    64.936 
    7850    64.594    65.121 
    7860    64.941    64.936 
    7870    64.941    64.936 
    7880    64.936    64.936 
    7890    64.941    64.936 
    7900    64.943    64.659 
    7910    64.940    64.936 
    7920    64.941    64.936 
    7930    64.935    64.936 
    7940    64.941    64.937 
    7950    64.941    64.935 
    7960    64.941    64.936 
    7970    64.941    64.936 
    7980    64.936    64.935 
    7990    64.941    64.936 
    8000    65.137    64.320 
    8010    64.941    64.936 
    8020    64.941    64.936 
    8030    64.943    64.938 
    8040    64.942    64.935 
    8050    64.921    64.957 
    8060    64.941    64.936 
    8070    64.941    64.936 
    8080    64.941    64.938 
    8090    64.941    64.936 
    8100    64.988    64.937 
    8110    64.941    64.936 
    8120    64.941    64.936 
    8130    64.939    64.937 
    8140    64.941    64.936 
    8150    64.940    64.932 
    8160    64.941    64.936 
    8170    64.941    64.936 
    8180    64.941    64.937 
    8190    64.941    64.936 
    8200    65.075    64.259 
    8210    64.941    64.936 
    8220    64.941    64.937 
    8230    64.944    64.936 
    8240    64.941    64.940 
    8250    64.944    64.934 
    8260    64.941    64.936 
    8270    64.941    64.936 
    8280    64.941    64.936 
    8290    64.941    64.936 
    8300    64.941    64.933 
    8310    64.940    64.936 
    8320    64.941    64.936 
    8330    64.942    64.936 
    8340    64.941    64.936 
    8350    64.970    64.768 
    8360    64.941    64.938 
    8370    64.941    64.936 
    8380    64.942    64.941 
    8390    64.941    64.936 
    8400    64.906    64.935 
    8410    64.941    64.936 
    8420    64.941    64.936 
    8430    64.941    64.937 
    8440    64.941    64.936 
    8450    64.944    64.938 
    8460    64.941    64.936 
    8470    64.941    64.936 
    8480    64.941    64.935 
    8490    64.941    64.936 
    8500    65.210    64.924 
    8510    64.941    64.936 
    8520    64.941    64.936 
    8530    64.942    64.936 
    8540    64.942    64.937 
    8550    64.946    64.938 
    8560    64.941    64.936 
    8570    64.941    64.936 
    8580    64.937    64.941 
    8590    64.941    64.936 
    8600    64.873    64.894 
    8610    64.941    64.936 
    8620    64.941    64.936 
    8630    64.942    64.933 
    8640    64.941    64.936 
    8650    64.940    64.936 
    8660    64.941    64.936 
    8670    64.941    64.936 
    8680    64.939    64.936 
    8690    64.941    64.936 
    8700    64.931    64.979 
    8710    64.941    64.936 
    8720    64.941    64.936 
    8730    64.944    64.948 
    8740    64.941    64.936 
    8750    64.940    64.937 
    8760    64.941    64.936 
    8770    64.941    64.936 
    8780    64.942    64.936 
    8790    64.941    64.936 
    8800    64.909    64.955 
    8810    64.941    64.936 
    8820    64.941    64.936 
    8830    64.949    64.933 
    8840    64.941    64.936 
    8850    64.946    64.946 
    8860    64.941    64.936 
    8870    64.941    64.936 
    8880    64.942    64.939 
    8890    64.941    64.936 
    8900    64.945    64.935 
    8910    64.941    64.936 
    8920    64.941    64.936 
    8930    64.938    64.939 
    8940    64.942    64.937 
    8950    64.942    64.939 
    8960    64.941    64.936 
    8970    64.941    64.936 
    8980    64.940    64.936 
    8990    64.941    64.936 
    9000    64.832    64.850 
    9010    64.941    64.936 
    9020    64.941    64.936 
    9030    64.940    64.937 
    9040    64.941    64.936 
    9050    64.737    64.933 
    9060    64.941    64.936 
    9070    64.941    64.936 
    9080    64.941    64.929 
    9090    64.941    64.936 
    9100    64.907    65.085 
    9110    64.940    64.937 
    9120    64.941    64.936 
    9130    64.939    64.930 
    9140    64.941    64.936 
    9150    64.937    64.937 
    9160    64.941    64.936 
    9170    64.941    64.936 
    9180    64.941    64.935 
    9190    64.941    64.936 
    9200    64.947    64.936 
    9210    64.941    64.936 
    9220    64.941    64.936 
    9230    64.944    64.933 
    9240    64.941    64.936 
    9250    64.631    64.700 
    9260    64.942    64.936 
    9270    64.941    64.936 
    9280    64.940    64.936 
    9290    64.941    64.936 
    9300    64.954    64.932 
    9310    64.941    64.936 
    9320    64.941    64.936 
    9330    64.942    64.941 
    9340    64.941    64.936 
    9350    65.348    64.895 
    9360    64.941    64.937 
    9370    64.941    64.936 
    9380    64.940    64.939 
    9390    64.941    64.936 
    9400    64.940    64.936 
    9410    64.941    64.936 
    9420    64.941    64.936 
    9430    64.941    64.936 
    9440    64.941    64.936 
    9450    64.940    64.937 
    9460    64.941    64.936 
    9470    64.941    64.936 
    9480    64.942    64.932 
    9490    64.941    64.936 
    9500    64.946    64.937 
    9510    64.941    64.936 
    9520    64.923    64.935 
    9530    64.943    64.935 
    9540    64.941    64.936 
    9550    64.900    64.913 
    9560    64.941    64.936 
    9570    64.941    64.936 
    9580    64.941    64.941 
    9590    64.941    64.936 
    9600    64.751    64.937 
    9610    64.941    64.937 
    9620    64.941    64.936 
    9630    64.941    64.939 
    9640    64.941    64.936 
    9650    64.949    64.938 
    9660    64.941    64.937 
    9670    64.941    64.936 
    9680    64.941    64.936 
    9690    64.941    64.936 
    9700    64.946    64.937 
    9710    64.941    64.936 
    9720    64.941    64.937 
    9730    64.935    64.940 
    9740    64.941    64.937 
    9750    64.937    64.935 
    9760    64.941    64.936 
    9770    64.942    64.936 
    9780    64.943    64.940 
    9790    64.941    64.936 
    9800    64.945    64.935 
    9810    64.941    64.936 
    9820    64.941    64.936 
    9830    64.943    64.936 
    9840    64.941    64.935 
    9850    64.942    64.941 
    9860    64.941    64.936 
    9870    64.941    64.936 
    9880    64.941    64.939 
    9890    64.941    64.936 
    9900    64.939    64.936 
    9910    64.941    64.934 
    9920    64.941    64.936 
    9930    64.941    64.936 
    9940    64.941    64.936 
    9950    64.938    64.936 
    9960    64.941    64.937 
    9970    64.941    64.936 
    9980    64.942    64.936 
    9990    64.941    64.936 
   10000    64.941    64.936 
