       0    64.941    64.936 
      10    69.910    70.279 
      20    69.914    70.000 
      30    69.932    69.900 
      40    69.932    69.895 
      50    69.932    69.931 
      60    69.777    69.821 
      70    69.939    69.932 
      80    69.937    69.934 
      90    69.937    69.932 
     100    70.074    69.943 
     110    69.938    69.932 
     120    69.938    69.934 
     130    69.940    69.933 
     140    69.940    69.937 
     150    69.939    69.940 
     160    69.963    69.933 
     170    69.939    69.933 
     180    69.940    69.934 
     190    69.939    69.938 
     200    69.952    69.885 
     210    69.939    69.934 
     220    69.940    69.933 
     230    69.938    69.934 
     240    69.938    69.934 
     250    69.940    69.932 
     260    69.940    69.934 
     270    69.940    69.934 
     280    69.940    69.933 
     290    69.939    69.934 
     300    69.940    69.935 
     310    69.940    69.934 
     320    69.940    69.934 
     330    69.944    69.935 
     340    69.940    69.933 
     350    69.923    70.021 
     360    69.940    69.934 
     370    69.940    69.934 
     380    69.940    69.934 
     390    69.940    69.934 
     400    69.940    69.937 
     410    69.931    69.934 
     420    69.940    69.934 
     430    69.940    69.934 
     440    69.940    69.935 
     450    69.935    69.936 
     460    69.942    69.934 
     470    69.945    69.934 
     480    69.937    69.935 
     490    69.940    69.933 
     500    69.941    69.936 
     510    69.940    69.934 
     520    69.940    69.934 
     530    69.943    69.933 
     540    69.940    69.933 
     550    69.942    69.937 
     560    69.940    69.934 
     570    69.938    69.934 
     580    69.940    69.934 
     590    69.940    69.934 
     600    69.940    69.934 
     610    69.940    69.934 
     620    69.940    69.934 
     630    69.941    69.930 
     640    69.940    69.934 
     650    69.866    69.954 
     660    69.941    69.934 
     670    69.940    69.934 
     680    69.940    69.934 
     690    69.940    69.942 
     700    69.932    70.001 
     710    69.940    69.934 
     720    69.941    69.934 
     730    69.931    69.926 
     740    69.941    69.935 
     750    69.895    70.033 
     760    69.940    69.934 
     770    69.939    69.934 
     780    69.937    69.936 
     790    69.940    69.932 
     800    69.953    69.951 
     810    69.940    69.934 
     820    69.941    69.935 
     830    69.940    69.935 
     840    69.941    69.933 
     850    69.941    69.924 
     860    69.939    69.935 
     870    69.941    69.935 
     880    69.940    69.935 
     890    69.941    69.935 
     900    69.938    70.299 
     910    69.940    69.935 
     920    69.941    69.935 
     930    69.942    69.935 
     940    69.941    69.934 
     950    69.940    69.936 
     960    69.940    69.935 
     970    69.940    69.935 
     980    69.940    69.935 
     990    69.941    69.934 
    1000    69.940    69.924 
    1010    69.951    69.935 
    1020    69.941    69.935 
    1030    69.940    69.935 
    1040    69.940    69.935 
    1050    69.941    69.933 
    1060    69.939    69.935 
    1070    69.941    69.935 
    1080    69.931    69.935 
    1090    69.941    69.935 
    1100    69.949    70.245 
    1110    69.941    69.935 
    1120    69.941    69.935 
    1130    69.940    69.934 
    1140    69.941    69.935 
    1150    69.936    69.936 
    1160    69.941    69.935 
    1170    69.941    69.935 
    1180    69.939    69.933 
    1190    69.941    69.935 
    1200    69.927    69.945 
    1210    69.941    69.935 
    1220    69.941    69.935 
    1230    69.940    69.935 
    1240    69.941    69.934 
    1250    69.940    69.948 
    1260    69.971    69.935 
    1270    69.941    69.935 
    1280    69.939    69.935 
    1290    69.940    69.934 
    1300    69.940    69.933 
    1310    69.941    69.935 
    1320    69.941    69.935 
    1330    69.939    69.935 
    1340    69.941    69.935 
    1350    69.949    70.058 
    1360    69.941    69.935 
    1370    69.941    69.935 
    1380    69.959    69.918 
    1390    69.911    69.903 
    1400    69.976    69.965 
    1410    69.941    69.935 
    1420    69.941    69.935 
    1430    69.940    69.935 
    1440    69.941    69.935 
    1450    69.941    69.936 
    1460    69.941    69.935 
    1470    69.941    69.935 
    1480    69.927    69.892 
    1490    69.941    69.935 
    1500    69.936    69.932 
    1510    69.941    69.935 
    1520    69.941    69.935 
    1530    69.951    69.946 
    1540    69.941    69.935 
    1550    69.617    70.185 
    1560    69.941    69.935 
    1570    69.941    69.935 
    1580    69.947    69.935 
    1590    69.941    69.935 
    1600    69.985    69.921 
    1610    69.941    69.935 
    1620    69.941    69.935 
    1630    69.940    69.941 
    1640    69.941    69.935 
    1650    69.946    69.936 
    1660    69.940    69.935 
    1670    69.941    69.935 
    1680    69.939    69.933 
    1690    69.940    69.935 
    1700    69.929    69.941 
    1710    69.941    69.935 
    1720    69.941    69.936 
    1730    69.941    69.935 
    1740    69.941    69.935 
    1750    69.942    69.937 
    1760    69.941    69.935 
    1770    69.941    69.935 
    1780    69.942    69.936 
    1790    69.941    69.935 
    1800    70.034    69.847 
    1810    69.941    69.935 
    1820    69.941    69.935 
    1830    69.940    69.936 
    1840    69.941    69.936 
    1850    69.940    69.935 
    1860    69.941    69.935 
    1870    69.941    69.935 
    1880    69.940    69.935 
    1890    69.941    69.935 
    1900    69.921    67.294 
    1910    69.940    69.936 
    1920    69.941    69.935 
    1930    69.942    69.928 
    1940    69.941    69.935 
    1950    69.912    69.931 
    1960    69.941    69.935 
    1970    69.941    69.924 
    1980    69.943    69.935 
    1990    69.941    69.936 
    2000    69.945    69.935 
    2010    69.941    69.938 
    2020    69.941    69.935 
    2030    69.941    69.935 
    2040    69.941    69.936 
    2050    70.108    69.939 
    2060    69.940    69.935 
    2070    69.941    69.935 
    2080    69.941    69.934 
    2090    69.941    69.935 
    2100    69.852    69.935 
    2110    69.940    69.936 
    2120    69.941    69.935 
    2130    69.940    69.936 
    2140    69.938    69.935 
    2150    69.941    69.936 
    2160    69.941    69.935 
    2170    69.941    69.936 
    2180    69.941    69.941 
    2190    69.941    69.935 
    2200    69.940    69.935 
    2210    69.941    69.936 
    2220    69.941    69.936 
    2230    69.941    69.934 
    2240    69.940    69.936 
    2250    70.171    69.933 
    2260    69.941    69.935 
    2270    69.941    69.936 
    2280    69.941    69.935 
    2290    69.941    69.936 
    2300    69.901    69.935 
    2310    69.941    69.930 
    2320    69.941    69.935 
    2330    69.943    69.935 
    2340    69.937    69.934 
    2350    69.941    69.938 
    2360    69.941    69.936 
    2370    69.941    69.936 
    2380    69.940    69.936 
    2390    69.941    69.935 
    2400    69.941    69.935 
    2410    69.941    69.936 
    2420    69.941    69.936 
    2430    69.939    69.947 
    2440    69.941    69.936 
    2450    69.942    69.936 
    2460    69.941    69.936 
    2470    69.941    69.936 
    2480    69.941    69.935 
    2490    69.940    69.936 
    2500    69.935    69.936 
    2510    69.941    69.936 
    2520    69.941    69.933 
    2530    69.944    69.929 
    2540    69.942    69.931 
    2550    69.942    69.932 
    2560    69.941    69.936 
    2570    69.941    69.936 
    2580    69.939    69.934 
    2590    69.941    69.936 
    2600    69.940    69.939 
    2610    69.941    69.936 
    2620    69.941    69.936 
    2630    69.941    69.939 
    2640    69.941    69.936 
    2650    69.610    69.958 
    2660    69.942    69.936 
    2670    69.941    69.936 
    2680    69.942    69.933 
    2690    69.941    69.936 
    2700    69.937    69.934 
    2710    69.941    69.936 
    2720    69.941    69.936 
    2730    69.941    69.940 
    2740    69.941    69.936 
    2750    69.773    69.967 
    2760    69.941    69.936 
    2770    69.941    69.936 
    2780    69.941    69.935 
    2790    69.940    69.936 
    2800    69.948    69.936 
    2810    69.941    69.936 
    2820    69.941    69.936 
    2830    69.940    69.937 
    2840    69.941    69.936 
    2850    69.490    69.874 
    2860    69.941    69.936 
    2870    69.941    69.936 
    2880    69.942    69.936 
    2890    69.941    69.935 
    2900    69.962    69.934 
    2910    69.941    69.936 
    2920    69.941    69.936 
    2930    69.944    69.935 
    2940    69.941    69.935 
    2950    69.929    69.911 
    2960    69.941    69.936 
    2970    69.941    69.936 
    2980    69.941    69.934 
    2990    69.941    69.936 
    3000    69.924    69.935 
    3010    69.941    69.936 
    3020    69.941    69.936 
    3030    69.940    69.930 
    3040    69.941    69.936 
    3050    69.897    69.939 
    3060    69.941    69.936 
    3070    69.941    69.936 
    3080    69.940    69.935 
    3090    69.941    69.936 
    3100    69.861    69.957 
    3110    69.941    69.936 
    3120    69.941    69.936 
    3130    69.941    69.935 
    3140    69.941    69.936 
    3150    69.919    69.852 
    3160    69.941    69.936 
    3170    69.941    69.936 
    3180    69.944    69.924 
    3190    69.941    69.936 
    3200    69.942    69.936 
    3210    69.941    69.936 
    3220    69.941    69.936 
    3230    69.941    69.935 
    3240    69.941    69.936 
    3250    69.947    69.936 
    3260    69.941    69.936 
    3270    69.942    69.935 
    3280    69.942    69.936 
    3290    69.941    69.936 
    3300    69.934    70.155 
    3310    69.941    69.935 
    3320    69.941    69.936 
    3330    69.944    69.936 
    3340    69.941    69.936 
    3350    69.881    69.929 
    3360    69.941    69.936 
    3370    69.941    69.935 
    3380    69.941    69.937 
    3390    69.941    69.936 
    3400    69.942    69.936 
    3410    69.941    69.936 
    3420    69.941    69.936 
    3430    69.942    69.932 
    3440    69.940    69.936 
    3450    69.919    69.928 
    3460    69.941    69.936 
    3470    69.941    69.936 
    3480    69.940    69.939 
    3490    69.941    69.936 
    3500    69.940    69.936 
    3510    69.941    69.936 
    3520    69.941    69.936 
    3530    69.962    69.948 
    3540    69.940    69.938 
    3550    69.942    69.934 
    3560    69.941    69.936 
    3570    69.941    69.935 
    3580    69.940    69.936 
    3590    69.941    69.936 
    3600    69.941    69.935 
    3610    69.941    69.936 
    3620    69.941    69.936 
    3630    69.945    69.935 
    3640    69.941    69.936 
    3650    69.922    69.871 
    3660    69.941    69.936 
    3670    69.941    69.936 
    3680    69.939    69.941 
    3690    69.941    69.936 
    3700    70.744    70.055 
    3710    69.941    69.936 
    3720    69.941    69.936 
    3730    69.940    69.935 
    3740    69.941    69.936 
    3750    70.351    69.532 
    3760    69.941    69.936 
    3770    69.941    69.936 
    3780    69.923    69.954 
    3790    69.941    69.936 
    3800    69.568    69.661 
    3810    69.941    69.936 
    3820    69.941    69.936 
    3830    69.940    69.936 
    3840    69.941    69.935 
    3850    69.939    69.953 
    3860    69.941    69.936 
    3870    69.941    69.936 
    3880    69.942    69.935 
    3890    69.941    69.936 
    3900    69.945    69.943 
    3910    69.942    69.936 
    3920    69.941    69.936 
    3930    69.941    69.936 
    3940    69.941    69.936 
    3950    69.941    69.946 
    3960    69.941    69.936 
    3970    69.941    69.936 
    3980    69.941    69.936 
    3990    69.941    69.934 
    4000    69.939    69.936 
    4010    69.941    69.936 
    4020    69.941    69.936 
    4030    69.951    69.937 
    4040    69.941    69.936 
    4050    69.941    69.936 
    4060    69.941    69.936 
    4070    69.941    69.936 
    4080    69.945    69.935 
    4090    69.940    69.936 
    4100    69.944    69.933 
    4110    69.941    69.936 
    4120    69.941    69.936 
    4130    69.939    69.938 
    4140    69.941    69.936 
    4150    70.456    70.268 
    4160    69.941    69.936 
    4170    69.941    69.936 
    4180    69.940    69.935 
    4190    69.941    69.936 
    4200    69.940    69.906 
    4210    69.941    69.936 
    4220    69.941    69.936 
    4230    69.944    69.935 
    4240    69.941    69.936 
    4250    69.979    70.065 
    4260    69.941    69.936 
    4270    69.941    69.936 
    4280    69.938    69.935 
    4290    69.941    69.936 
    4300    69.938    69.946 
    4310    69.941    69.936 
    4320    69.941    69.936 
    4330    69.940    69.936 
    4340    69.941    69.936 
    4350    69.941    69.934 
    4360    69.941    69.936 
    4370    69.941    69.936 
    4380   -23.345   -33.461 
    4390    69.941    69.936 
    4400    69.936    69.940 
    4410    69.941    69.936 
    4420    69.941    69.936 
    4430    69.944    69.934 
    4440    69.941    69.936 
    4450    69.951    69.947 
    4460    69.941    69.936 
    4470    69.941    69.936 
    4480    69.923    69.899 
    4490    69.941    69.936 
    4500    69.946    69.929 
    4510    69.941    69.936 
    4520    69.941    69.936 
    4530    69.943    69.939 
    4540    69.941    69.936 
    4550    70.424    69.629 
    4560    69.941    69.936 
    4570    69.941    69.936 
    4580    69.935    69.936 
    4590    69.941    69.936 
    4600    69.947    69.943 
    4610    69.941    69.936 
    4620    69.939    69.936 
    4630    69.940    69.936 
    4640    69.941    69.936 
    4650    69.949    69.717 
    4660    69.941    69.936 
    4670    69.941    69.936 
    4680    69.940    69.935 
    4690    69.941    69.936 
    4700    69.907    69.924 
    4710    69.941    69.936 
    4720    69.941    69.936 
    4730    69.942    69.938 
    4740    69.941    69.936 
    4750    69.939    69.936 
    4760    69.941    69.936 
    4770    69.941    69.936 
    4780    69.940    69.937 
    4790    69.941    69.936 
    4800    69.943    69.937 
    4810    69.941    69.936 
    4820    69.941    69.936 
    4830    69.939    69.938 
    4840    69.941    69.936 
    4850    69.949    69.941 
    4860    69.941    69.936 
    4870    69.941    69.936 
    4880    69.893    69.893 
    4890    69.941    69.936 
    4900    69.938    69.935 
    4910    69.941    69.936 
    4920    69.941    69.936 
    4930    69.941    69.936 
    4940    69.940    69.936 
    4950    69.942    69.931 
    4960    69.941    69.936 
    4970    69.941    69.936 
    4980    69.941    69.935 
    4990    69.941    69.932 
    5000    69.946    69.935 
    5010    69.941    69.936 
    5020    69.941    69.936 
    5030    69.943    69.935 
    5040    69.941    69.936 
    5050    69.921    69.888 
    5060    69.941    69.936 
    5070    69.941    69.936 
    5080    69.953    69.926 
    5090    69.941    69.936 
    5100    69.949    69.928 
    5110    69.941    69.936 
    5120    69.943    69.936 
    5130    69.940    69.937 
    5140    69.941    69.936 
    5150    69.938    69.931 
    5160    69.941    69.936 
    5170    69.941    69.936 
    5180    69.938    69.937 
    5190    69.941    69.936 
    5200    69.905    69.919 
    5210    69.941    69.937 
    5220    69.941    69.936 
    5230    69.940    69.937 
    5240    69.941    69.936 
    5250    70.003    69.957 
    5260    69.944    69.936 
    5270    69.941    69.936 
    5280    69.940    69.936 
    5290    69.941    69.936 
    5300    69.940    69.938 
    5310    69.941    69.936 
    5320    69.941    69.936 
    5330    69.969    69.963 
    5340    69.941    69.936 
    5350    69.939    69.958 
    5360    69.941    69.936 
    5370    69.941    69.936 
    5380    69.941    69.936 
    5390    69.941    69.936 
    5400    69.940    69.660 
    5410    69.941    69.944 
    5420    69.941    69.936 
    5430    69.941    69.938 
    5440    69.941    69.936 
    5450    69.940    69.936 
    5460    69.941    69.936 
    5470    69.941    69.936 
    5480    69.941    69.936 
    5490    69.937    69.936 
    5500    69.947    69.938 
    5510    69.941    69.936 
    5520    69.941    69.936 
    5530    69.938    69.935 
    5540    69.941    69.936 
    5550    69.950    69.915 
    5560    69.941    69.936 
    5570    69.941    69.936 
    5580    70.001    70.002 
    5590    69.945    69.939 
    5600    69.953    69.938 
    5610    69.941    69.936 
    5620    69.941    69.937 
    5630    69.940    69.935 
    5640    69.941    69.936 
    5650    70.300    69.752 
    5660    69.941    69.936 
    5670    69.941    69.936 
    5680    69.934    69.936 
    5690    69.941    69.936 
    5700    69.941    69.930 
    5710    69.941    69.936 
    5720    69.941    69.936 
    5730    69.940    69.936 
    5740    69.941    69.936 
    5750    69.940    69.931 
    5760    69.941    69.936 
    5770    69.941    69.936 
    5780    69.940    69.936 
    5790    69.941    69.936 
    5800    69.941    69.943 
    5810    69.941    69.936 
    5820    69.941    69.936 
    5830    69.933    69.936 
    5840    69.941    69.936 
    5850    69.945    69.649 
    5860    69.941    69.936 
    5870    69.941    69.936 
    5880    69.940    69.936 
    5890    69.941    69.936 
    5900    69.940    69.934 
    5910    69.941    69.936 
    5920    69.941    69.936 
    5930    69.940    69.940 
    5940    69.941    69.936 
    5950    69.947    69.937 
    5960    69.941    69.936 
    5970    69.941    69.936 
    5980    69.938    69.934 
    5990    69.941    69.936 
    6000    69.919    69.919 
    6010    69.941    69.936 
    6020    69.941    69.936 
    6030    69.941    69.940 
    6040    69.941    69.936 
    6050    70.326    69.933 
    6060    69.941    69.936 
    6070    69.941    69.936 
    6080    69.939    69.936 
    6090    69.941    69.936 
    6100    69.935    69.924 
    6110    69.941    69.936 
    6120    69.941    69.936 
    6130    69.941    69.935 
    6140    69.941    69.936 
    6150    69.935    69.935 
    6160    69.941    69.940 
    6170    69.941    69.936 
    6180    69.942    69.936 
    6190    69.941    69.936 
    6200    69.959    69.941 
    6210    69.941    69.936 
    6220    69.941    69.936 
    6230    69.942    69.934 
    6240    69.941    69.936 
    6250    69.945    69.938 
    6260    69.941    69.936 
    6270    69.941    69.936 
    6280    69.944    69.960 
    6290    69.941    69.936 
    6300    69.938    69.936 
    6310    69.941    69.936 
    6320    69.941    69.936 
    6330    69.941    69.936 
    6340    69.940    69.936 
    6350    69.955    69.936 
    6360    69.941    69.938 
    6370    69.941    69.936 
    6380    69.938    69.936 
    6390    69.944    69.934 
    6400    69.935    69.939 
    6410    69.941    69.936 
    6420    69.941    69.936 
    6430    69.939    69.937 
    6440    69.941    69.936 
    6450    70.194    70.218 
    6460    69.941    69.936 
    6470    69.941    69.936 
    6480    69.945    69.934 
    6490    69.941    69.936 
    6500    69.941    69.936 
    6510    69.941    69.936 
    6520    69.941    69.936 
    6530    69.944    69.934 
    6540    69.941    69.936 
    6550    70.295    70.338 
    6560    69.940    69.936 
    6570    69.941    69.936 
    6580    69.941    69.936 
    6590    69.941    69.936 
    6600    69.938    69.910 
    6610    69.945    69.944 
    6620    69.942    69.938 
    6630    69.940    69.934 
    6640    69.941    69.936 
    6650    69.952    69.932 
    6660    69.941    69.936 
    6670    69.941    69.936 
    6680    69.945    69.934 
    6690    69.941    69.936 
    6700    69.945    69.943 
    6710    69.941    69.936 
    6720    69.941    69.936 
    6730    69.940    69.939 
    6740    69.941    69.936 
    6750    69.953    69.939 
    6760    69.941    69.936 
    6770    69.941    69.936 
    6780    69.929    69.934 
    6790    69.940    69.936 
    6800    69.662    69.901 
    6810    69.941    69.936 
    6820    69.941    69.936 
    6830    69.941    69.936 
    6840    69.941    69.936 
    6850    69.910    69.859 
    6860    69.941    69.935 
    6870    69.941    69.936 
    6880    69.938    69.937 
    6890    69.941    69.936 
    6900    69.892    69.843 
    6910    69.941    69.936 
    6920    69.941    69.936 
    6930    69.940    69.936 
    6940    69.941    69.936 
    6950    69.941    69.943 
    6960    69.940    69.936 
    6970    69.941    69.936 
    6980    69.934    69.938 
    6990    69.941    69.936 
    7000    69.957    69.977 
    7010    69.941    69.936 
    7020    69.941    69.936 
    7030    69.942    69.940 
    7040    69.941    69.936 
    7050    69.916    69.942 
    7060    69.941    69.936 
    7070    69.942    69.936 
    7080    69.939    69.928 
    7090    69.941    69.936 
    7100    69.941    69.935 
    7110    69.940    69.937 
    7120    69.941    69.936 
    7130    69.940    69.936 
    7140    69.941    69.936 
    7150    69.970    69.956 
    7160    69.941    69.936 
    7170    69.941    69.936 
    7180    69.961    69.946 
    7190    69.941    69.936 
    7200    69.937    69.944 
    7210    69.941    69.936 
    7220    69.941    69.936 
    7230    69.938    69.936 
    7240    69.941    69.936 
    7250    69.941    69.935 
    7260    69.941    69.936 
    7270    69.941    69.936 
    7280    69.943    69.933 
    7290    69.941    69.936 
    7300    70.289    70.140 
    7310    69.941    69.936 
    7320    69.941    69.936 
    7330    69.946    69.936 
    7340    69.941    69.936 
    7350    69.941    70.017 
    7360    69.941    69.936 
    7370    69.941    69.936 
    7380    69.941    69.933 
    7390    69.940    69.936 
    7400    69.946    69.933 
    7410    69.941    69.936 
    7420    69.941    69.936 
    7430    69.941    69.942 
    7440    69.941    69.936 
    7450    69.915    69.937 
    7460    69.941    69.937 
    7470    69.941    69.936 
    7480    69.942    69.936 
    7490    69.941    69.936 
    7500    69.936    69.830 
    7510    69.941    69.936 
    7520    69.941    69.936 
    7530    69.914    69.955 
    7540    69.941    69.936 
    7550    69.915    69.937 
    7560    69.941    69.936 
    7570    69.940    69.936 
    7580    69.940    69.935 
    7590    69.941    69.936 
    7600    69.940    69.936 
    7610    69.941    69.936 
    7620    69.941    69.936 
    7630    69.941    69.936 
    7640    69.940    69.936 
    7650    69.940    69.934 
    7660    69.941    69.936 
    7670    69.941    69.936 
    7680    69.940    69.934 
    7690    69.939    69.933 
    7700    69.941    69.938 
    7710    69.941    69.936 
    7720    69.941    69.936 
    7730    69.936    69.939 
    7740    69.941    69.936 
    7750    69.937    69.933 
    7760    69.941    69.936 
    7770    69.941    69.936 
    7780    69.952    69.918 
    7790    69.941    69.936 
    7800    69.986    69.906 
    7810    69.949    69.934 
    7820    69.941    69.936 
    7830    69.940    69.935 
    7840    69.941    69.936 
    7850    69.942    69.937 
    7860    69.941    69.936 
    7870    69.941    69.936 
    7880    69.939    69.938 
    7890    69.941    69.936 
    7900    69.947    69.928 
    7910    69.941    69.936 
    7920    69.941    69.936 
    7930    69.941    69.935 
    7940    69.941    69.936 
    7950    69.937    69.944 
    7960    69.941    69.936 
    7970    69.941    69.936 
    7980    69.941    69.936 
    7990    69.941    69.936 
    8000    69.941    69.934 
    8010    69.941    69.936 
    8020    69.941    69.936 
    8030    69.943    69.936 
    8040    69.941    69.936 
    8050    69.939    69.928 
    8060    69.941    69.936 
    8070    69.941    69.936 
    8080    69.934    69.937 
    8090    69.941    69.936 
    8100    70.185    69.804 
    8110    69.951    69.936 
    8120    69.941    69.936 
    8130    69.935    69.936 
    8140    69.941    69.936 
    8150    69.940    69.671 
    8160    69.941    69.936 
    8170    69.941    69.936 
    8180    69.941    69.929 
    8190    69.941    69.936 
    8200    70.130    69.937 
    8210    69.940    69.936 
    8220    69.941    69.936 
    8230    69.941    69.935 
    8240    69.941    69.936 
    8250    69.687    69.934 
    8260    69.941    69.936 
    8270    69.940    69.936 
    8280    69.943    69.933 
    8290    69.941    69.936 
    8300    69.912    69.924 
    8310    69.941    69.936 
    8320    69.941    69.936 
    8330    69.938    69.938 
    8340    69.941    69.936 
    8350    69.944    69.939 
    8360    69.941    69.936 
    8370    69.941    69.936 
    8380    69.941    69.937 
    8390    69.941    69.935 
    8400    69.943    69.936 
    8410    69.941    69.936 
    8420    69.941    69.936 
    8430    69.939    69.936 
    8440    69.941    69.936 
    8450    69.954    69.964 
    8460    69.941    69.936 
    8470    69.941    69.936 
    8480    69.941    69.936 
    8490    69.941    69.936 
    8500    69.938    69.933 
    8510    69.941    69.936 
    8520    69.941    69.936 
    8530    69.940    69.937 
    8540    69.940    69.937 
    8550    69.956    69.911 
    8560    69.941    69.936 
    8570    69.941    69.936 
    8580    69.938    69.936 
    8590    69.941    69.936 
    8600    69.940    69.901 
    8610    69.941    69.937 
    8620    69.941    69.936 
    8630    69.941    69.928 
    8640    69.941    69.936 
    8650    69.953    69.936 
    8660    69.941    69.936 
    8670    69.946    69.941 
    8680    69.940    69.936 
    8690    69.941    69.936 
    8700    69.956    70.092 
    8710    69.941    69.936 
    8720    69.941    69.936 
    8730    69.940    69.936 
    8740    69.941    69.936 
    8750    69.822    70.117 
    8760    69.941    69.936 
    8770    69.941    69.936 
    8780    69.940    69.936 
    8790    69.941    69.936 
    8800    69.939    69.917 
    8810    69.941    69.936 
    8820    69.941    69.936 
    8830    69.944    69.932 
    8840    69.941    69.936 
    8850    69.944    69.930 
    8860    69.941    69.936 
    8870    69.941    69.936 
    8880    69.939    69.931 
    8890    69.941    69.936 
    8900    69.895    69.948 
    8910    69.942    69.936 
    8920    69.941    69.936 
    8930    69.936    69.938 
    8940    69.941    69.936 
    8950    69.971    69.984 
    8960    69.941    69.936 
    8970    69.941    69.936 
    8980    69.940    69.936 
    8990    69.941    69.936 
    9000    69.940    69.968 
    9010    69.940    69.939 
    9020    69.941    69.935 
    9030    69.940    69.935 
    9040    69.941    69.936 
    9050    69.941    69.999 
    9060    69.941    69.936 
    9070    69.941    69.936 
    9080    69.939    69.939 
    9090    69.941    69.936 
    9100    69.958    69.945 
    9110    69.941    69.936 
    9120    69.940    69.936 
    9130    69.941    69.929 
    9140    69.941    69.936 
    9150    69.684    69.935 
    9160    69.941    69.936 
    9170    69.941    69.936 
    9180    69.940    69.936 
    9190    69.941    69.936 
    9200    69.977    70.318 
    9210    69.941    69.937 
    9220    69.941    69.936 
    9230    69.943    69.935 
    9240    69.941    69.936 
    9250    69.940    69.934 
    9260    69.941    69.936 
    9270    69.941    69.936 
    9280    69.942    69.938 
    9290    69.941    69.937 
    9300    69.947    69.939 
    9310    69.941    69.936 
    9320    69.941    69.936 
    9330    69.936    69.933 
    9340    69.941    69.936 
    9350    70.057    69.764 
    9360    69.941    69.936 
    9370    69.941    69.936 
    9380    69.941    69.935 
    9390    69.941    69.936 
    9400    69.945    69.933 
    9410    69.941    69.936 
    9420    69.941    69.936 
    9430    69.940    69.937 
    9440    69.941    69.936 
    9450    69.943    69.934 
    9460    69.941    69.936 
    9470    69.941    69.936 
    9480    69.941    69.933 
    9490    69.941    69.936 
    9500    69.942    69.936 
    9510    69.941    69.936 
    9520    69.941    69.936 
    9530    69.939    69.936 
    9540    69.941    69.936 
    9550    69.942    69.955 
    9560    69.941    69.936 
    9570    69.941    69.936 
    9580    69.944    69.935 
    9590    69.941    69.936 
    9600    69.941    69.937 
    9610    69.941    69.936 
    9620    69.941    69.936 
    9630    69.940    69.936 
    9640    69.941    69.936 
    9650    69.939    69.959 
    9660    69.941    69.936 
    9670    69.941    69.936 
    9680    69.940    69.936 
    9690    69.941    69.936 
    9700    69.941    69.938 
    9710    69.941    69.936 
    9720    69.941    69.936 
    9730    69.946    69.944 
    9740    69.941    69.936 
    9750    69.911    69.950 
    9760    69.941    69.936 
    9770    69.941    69.936 
    9780    69.942    69.934 
    9790    69.941    69.936 
    9800    69.960    69.934 
    9810    69.941    69.936 
    9820    69.941    69.936 
    9830    69.941    69.936 
    9840    69.941    69.936 
    9850    69.940    69.937 
    9860    69.941    69.936 
    9870    69.941    69.936 
    9880    69.943    69.932 
    9890    69.941    69.936 
    9900    69.997    69.753 
    9910    69.941    69.936 
    9920    69.941    69.936 
    9930    69.940    69.936 
    9940    69.941    69.936 
    9950    69.957    69.853 
    9960    69.941    69.936 
    9970    69.941    69.936 
    9980    69.940    69.935 
    9990    69.941    69.936 
   10000    69.941    69.936 
