       0   105.139   105.091 
      10   110.008   109.847 
      20   110.109   109.977 
      30   110.010   109.963 
      40   109.977   109.972 
      50   109.975   109.977 
      60   110.080   109.998 
      70   110.109   110.036 
      80   110.109   110.021 
      90   110.091   110.012 
     100   110.092   109.941 
     110   110.100   110.009 
     120   110.142   110.064 
     130   110.105   110.031 
     140   110.105   110.022 
     150   110.088   110.076 
     160   110.099   110.027 
     170   110.101   110.041 
     180   110.104   110.034 
     190   110.105   110.033 
     200   110.099   110.037 
     210   110.110   110.054 
     220   110.175   110.042 
     230   110.114   110.042 
     240   110.115   110.070 
     250   110.112   110.039 
     260   110.106   110.037 
     270   110.111   110.053 
     280   110.124   110.097 
     290   110.139   110.038 
     300   110.172   110.009 
     310   110.108   110.028 
     320   110.111   110.036 
     330   110.116   110.040 
     340   110.078   110.030 
     350   110.097   110.032 
     360   110.114   110.039 
     370   110.121   110.041 
     380   110.115   110.038 
     390   110.130   110.041 
     400   110.125   110.040 
     410   110.109   110.027 
     420   110.142   109.949 
     430   110.114   110.036 
     440   110.080   110.036 
     450   110.134   110.037 
     460   110.115   110.045 
     470   110.115   110.035 
     480   110.151   110.046 
     490   110.124   110.048 
     500   110.080   110.036 
     510   110.116   110.012 
     520   110.116   110.073 
     530   110.115   110.043 
     540   109.821   110.000 
     550   110.121   110.040 
     560   110.117   110.044 
     570   110.118   110.041 
     580   110.115   110.039 
     590   110.119   110.033 
     600   110.152   110.024 
     610   110.125   110.085 
     620   110.121   110.037 
     630   110.121   110.037 
     640   110.234   110.020 
     650   110.134   110.034 
     660   110.120   110.035 
     670   110.131   110.036 
     680   110.122   110.039 
     690   110.125   110.071 
     700   110.122   110.056 
     710   110.125   110.036 
     720   110.072   110.030 
     730   110.123   110.038 
     740   110.129   110.037 
     750   110.131   110.034 
     760   110.128   110.011 
     770   110.127   110.035 
     780   110.104   110.045 
     790   110.130   110.050 
     800   110.121   110.034 
     810   110.130   110.071 
     820   110.129   110.040 
     830   110.130   110.034 
     840   110.135   110.035 
     850   110.112   110.036 
     860   110.131   110.051 
     870   110.130   110.024 
     880   110.135   110.051 
     890   110.138   110.056 
     900   110.134   110.038 
     910   110.133   110.035 
     920   110.134   110.037 
     930   110.139   110.037 
     940   110.129   110.037 
     950   110.127   110.034 
     960   110.132   110.039 
     970   110.131   110.038 
     980   110.133   110.040 
     990   110.146   109.977 
    1000   110.097   110.210 
    1010   110.123   110.033 
    1020   110.130   110.036 
    1030   110.128   110.038 
    1040   110.138   110.037 
    1050   110.135   110.033 
    1060   110.139   110.042 
    1070   110.137   110.037 
    1080   110.140   110.037 
    1090   110.141   110.025 
    1100   110.140   110.013 
    1110   110.139   110.036 
    1120   110.141   110.039 
    1130   110.138   110.040 
    1140   110.141   110.034 
    1150   110.139   110.034 
    1160   110.142   110.038 
    1170   110.142   110.039 
    1180   110.135   110.040 
    1190   110.150   110.030 
    1200   110.140   110.037 
    1210   110.142   110.014 
    1220   110.143   110.033 
    1230   110.138   110.041 
    1240   110.145   110.044 
    1250   110.145   110.041 
    1260   110.146   110.038 
    1270   110.143   110.041 
    1280   110.137   110.040 
    1290   110.144   110.039 
    1300   110.141   110.038 
    1310   110.149   110.036 
    1320   110.148   110.042 
    1330   110.142   110.038 
    1340   110.159   110.066 
    1350   110.143   110.035 
    1360   110.143   110.043 
    1370   110.142   110.041 
    1380   110.153   110.053 
    1390   110.207   110.017 
    1400   110.149   110.040 
    1410   110.149   110.020 
    1420   110.149   110.063 
    1430   110.149   110.045 
    1440   110.161   110.040 
    1450   110.103   110.026 
    1460   110.149   110.039 
    1470   110.148   110.041 
    1480   110.155   110.039 
    1490   110.146   110.038 
    1500   110.150   110.042 
    1510   110.150   110.028 
    1520   110.149   110.050 
    1530   110.162   110.046 
    1540   110.116   110.029 
    1550   110.151   110.042 
    1560   110.151   110.069 
    1570   110.150   110.017 
    1580   110.145   110.042 
    1590   110.089   110.024 
    1600   110.152   110.041 
    1610   110.150   110.054 
    1620   110.151   110.025 
    1630   110.154   110.034 
    1640   110.155   110.041 
    1650   110.162   110.044 
    1660   110.150   110.050 
    1670   110.151   110.047 
    1680   110.129   110.038 
    1690   110.138   110.057 
    1700   110.155   110.056 
    1710   110.151   110.042 
    1720   110.151   110.045 
    1730   110.155   110.044 
    1740   110.150   110.039 
    1750   110.161   110.077 
    1760   110.151   110.041 
    1770   110.153   110.044 
    1780   110.151   110.046 
    1790   110.157   110.024 
    1800   110.158   110.021 
    1810   110.110   110.030 
    1820   110.153   110.038 
    1830   110.155   110.045 
    1840   110.177   110.028 
    1850   110.165   110.033 
    1860   110.146   110.048 
    1870   110.208   110.020 
    1880   110.155   110.051 
    1890   110.183   110.037 
    1900   110.150   110.043 
    1910   110.148   110.045 
    1920   110.258   110.048 
    1930   110.151   110.045 
    1940   110.202   110.022 
    1950   110.154   110.046 
    1960   110.153   110.049 
    1970   110.153   110.047 
    1980   110.158   110.050 
    1990   110.164   110.057 
    2000   110.195   110.038 
    2010   110.154   110.048 
    2020   110.151   110.046 
    2030   110.172   110.046 
    2040   110.153   110.045 
    2050   110.156   110.043 
    2060   110.153   110.044 
    2070   110.155   110.046 
    2080   110.142   110.038 
    2090   110.138   110.032 
    2100   110.200   110.073 
    2110   110.155   110.044 
    2120   110.151   110.047 
    2130   110.128   110.046 
    2140   110.154   110.044 
    2150   110.134   110.090 
    2160   110.159   110.044 
    2170   110.153   110.046 
    2180   110.148   110.046 
    2190   110.154   110.035 
    2200   110.150   110.084 
    2210   110.154   110.045 
    2220   110.154   110.047 
    2230   110.152   110.047 
    2240   110.155   110.055 
    2250   110.154   110.047 
    2260   110.153   110.047 
    2270   110.154   110.047 
    2280   110.158   110.049 
    2290   110.154   110.055 
    2300   110.157   110.063 
    2310   110.152   110.047 
    2320   110.152   110.047 
    2330   110.151   110.048 
    2340   110.152   110.047 
    2350   110.155   110.049 
    2360   110.152   110.041 
    2370   110.153   110.044 
    2380   110.155   110.049 
    2390   110.174   110.044 
    2400   110.152   110.047 
    2410   110.150   110.051 
    2420   110.157   110.034 
    2430   110.147   110.042 
    2440   110.157   110.065 
    2450   110.155   110.050 
    2460   110.150   110.048 
    2470   110.156   110.041 
    2480   110.159   110.034 
    2490   110.098   110.020 
    2500   110.155   110.048 
    2510   110.150   110.061 
    2520   110.147   110.061 
    2530   110.154   110.047 
    2540   110.154   110.040 
    2550   110.154   110.043 
    2560   110.149   110.044 
    2570   110.122   110.014 
    2580   110.153   110.046 
    2590   110.160   110.034 
    2600   110.150   110.047 
    2610   110.150   110.059 
    2620   110.151   110.054 
    2630   110.150   110.047 
    2640   110.149   110.046 
    2650   110.150   110.044 
    2660   110.149   110.047 
    2670   110.150   110.048 
    2680   110.153   110.047 
    2690   110.148   110.047 
    2700   110.154   110.046 
    2710   110.149   110.070 
    2720   110.148   110.045 
    2730   110.150   110.048 
    2740   110.149   110.049 
    2750   110.153   110.075 
    2760   110.147   110.046 
    2770   110.146   110.047 
    2780   110.152   110.047 
    2790   110.148   110.046 
    2800   110.149   110.047 
    2810   110.147   110.047 
    2820   110.163   110.030 
    2830   110.145   110.047 
    2840   110.147   110.040 
    2850   110.153   110.096 
    2860   110.149   110.046 
    2870   110.139   110.042 
    2880   110.145   110.051 
    2890   110.167   110.009 
    2900   110.120   110.073 
    2910   110.147   110.046 
    2920   110.148   110.047 
    2930   110.153   110.045 
    2940   110.152   110.044 
    2950   110.150   110.046 
    2960   110.147   110.042 
    2970   110.147   110.048 
    2980   110.135   110.046 
    2990   110.149   110.045 
    3000   110.146   110.051 
    3010   110.142   110.046 
    3020   110.147   110.046 
    3030   110.153   110.046 
    3040   110.147   110.052 
    3050   110.146   110.047 
    3060   110.148   110.044 
    3070   110.148   110.047 
    3080   110.148   110.051 
    3090   110.149   110.056 
    3100   110.083   109.913 
    3110   110.147   110.046 
    3120   110.144   110.050 
    3130   110.144   110.046 
    3140   110.147   110.043 
    3150   110.143   110.047 
    3160   110.145   110.042 
    3170   110.145   110.046 
    3180   110.145   110.046 
    3190   110.142   110.044 
    3200   110.142   110.045 
    3210   110.145   110.032 
    3220   110.146   110.036 
    3230   110.153   110.045 
    3240   110.145   110.046 
    3250   110.140   110.047 
    3260   110.143   110.043 
    3270   110.145   110.047 
    3280   110.143   110.044 
    3290   110.132   110.032 
    3300   110.191   110.082 
    3310   110.144   110.048 
    3320   110.145   110.045 
    3330   110.145   110.047 
    3340   110.145   110.045 
    3350   110.146   110.045 
    3360   110.144   110.045 
    3370   110.144   110.045 
    3380   110.150   110.047 
    3390   110.118   110.034 
    3400   110.130   110.042 
    3410   110.144   110.041 
    3420   110.145   110.046 
    3430   110.144   110.047 
    3440   110.144   110.045 
    3450   110.145   110.045 
    3460   110.144   110.038 
    3470   110.144   110.041 
    3480   110.144   110.046 
    3490   110.144   110.037 
    3500   110.144   110.049 
    3510   110.143   110.045 
    3520   110.146   110.044 
    3530   110.146   110.047 
    3540   110.152   110.045 
    3550   110.146   110.046 
    3560   110.143   110.040 
    3570   110.144   110.044 
    3580   110.146   110.044 
    3590   110.139   110.038 
    3600   110.156   110.051 
    3610   110.143   110.046 
    3620   110.144   110.045 
    3630   110.145   110.043 
    3640   110.143   110.045 
    3650   110.145   110.046 
    3660   110.142   110.046 
    3670   110.137   110.078 
    3680   110.143   110.046 
    3690   110.144   110.041 
    3700   110.141   110.049 
    3710   110.142   110.046 
    3720   110.146   110.044 
    3730   110.144   110.048 
    3740   110.144   110.049 
    3750   110.108   109.942 
    3760   110.140   110.046 
    3770   110.142   110.045 
    3780   110.141   110.045 
    3790   110.142   110.045 
    3800   110.142   110.040 
    3810   110.141   110.044 
    3820   110.143   110.045 
    3830   110.143   110.045 
    3840   110.142   110.045 
    3850   110.142   110.054 
    3860   110.143   110.045 
    3870   110.129   110.038 
    3880   110.141   110.046 
    3890   110.144   110.042 
    3900   110.140   110.048 
    3910   110.142   110.044 
    3920   110.127   110.039 
    3930   110.143   110.046 
    3940   110.142   110.051 
    3950   110.141   110.023 
    3960   110.141   110.044 
    3970   110.165   110.039 
    3980   110.141   110.045 
    3990   110.148   110.034 
    4000   110.139   110.048 
    4010   110.143   110.045 
    4020   110.138   110.044 
    4030   110.142   110.044 
    4040   110.143   110.052 
    4050   110.139   110.022 
    4060   110.141   110.044 
    4070   110.144   110.044 
    4080   110.143   110.046 
    4090   110.140   110.038 
    4100   110.144   110.050 
    4110   110.142   110.044 
    4120   110.140   110.043 
    4130   110.141   110.045 
    4140   110.142   110.044 
    4150   110.142   110.046 
    4160   110.142   110.044 
    4170   110.148   110.036 
    4180   110.145   110.045 
    4190   110.142   110.044 
    4200   110.137   110.047 
    4210   110.141   110.045 
    4220   110.142   110.045 
    4230   110.153   110.038 
    4240   110.141   110.044 
    4250   110.224   110.013 
    4260   110.141   110.044 
    4270   110.141   110.044 
    4280   110.142   110.044 
    4290   110.147   110.043 
    4300   110.168   110.046 
    4310   110.142   110.043 
    4320   110.148   110.040 
    4330   110.142   110.045 
    4340   110.139   110.044 
    4350   110.120   110.054 
    4360   110.141   110.044 
    4370   110.147   110.062 
    4380   110.139   110.046 
    4390   110.141   110.043 
    4400   110.149   110.041 
    4410   110.140   110.042 
    4420   110.143   110.057 
    4430   110.139   110.044 
    4440   110.141   110.045 
    4450   110.189   110.104 
    4460   110.141   110.044 
    4470   110.141   110.044 
    4480   110.141   110.046 
    4490   110.141   110.044 
    4500   110.184   110.032 
    4510   110.140   110.041 
    4520   110.141   110.044 
    4530    98.774   177.039 
    4540   110.143   110.044 
    4550   110.137   110.043 
    4560   110.140   110.041 
    4570   110.141   110.044 
    4580   110.143   110.043 
    4590   110.141   110.043 
    4600   110.208   110.024 
    4610   110.141   110.043 
    4620   110.139   110.043 
    4630   110.141   110.046 
    4640   110.141   110.041 
    4650   110.147   109.968 
    4660   110.141   110.043 
    4670   110.141   110.043 
    4680   110.140   110.044 
    4690   110.140   110.044 
    4700   110.139   110.061 
    4710   110.139   110.043 
    4720   110.139   110.043 
    4730   110.140   110.044 
    4740   110.140   110.043 
    4750   110.143   110.051 
    4760   110.140   110.043 
    4770   110.127   110.045 
    4780   110.141   110.043 
    4790   110.141   110.042 
    4800   110.143   110.042 
    4810   110.140   110.042 
    4820   110.140   110.041 
    4830   110.141   110.043 
    4840   110.140   110.043 
    4850   110.138   110.048 
    4860   110.140   110.043 
    4870   110.140   110.042 
    4880   109.510    52.292 
    4890   110.140   110.043 
    4900   110.144   110.042 
    4910   110.140   110.044 
    4920   110.140   110.043 
    4930   110.142   110.042 
    4940   110.139   110.042 
    4950   110.074   110.000 
    4960   110.140   110.042 
    4970   110.140   110.043 
    4980   110.143   110.043 
    4990   110.140   110.043 
    5000   110.137   110.047 
    5010   110.140   110.042 
    5020   110.140   110.044 
    5030   110.141   110.043 
    5040   110.140   110.043 
    5050   110.138   110.046 
    5060   110.140   110.043 
    5070   110.140   110.043 
    5080   110.139   110.043 
    5090   110.140   110.042 
    5100   110.134   110.048 
    5110   110.139   110.042 
    5120   110.138   110.044 
    5130   110.141   110.042 
    5140   110.140   110.041 
    5150   110.143   110.039 
    5160   110.140   110.043 
    5170   110.140   110.043 
    5180    96.377   182.509 
    5190   110.140   110.043 
    5200   110.071   110.034 
    5210   110.139   110.042 
    5220   110.140   110.042 
    5230   110.136   110.045 
    5240   110.139   110.042 
    5250   110.070   110.016 
    5260   110.139   110.042 
    5270   110.140   110.042 
    5280   110.138   110.043 
    5290   110.139   110.042 
    5300   110.140   110.049 
    5310   110.139   110.043 
    5320   110.140   110.043 
    5330   110.139   110.041 
    5340   110.139   110.043 
    5350   110.139   110.036 
    5360   110.140   110.042 
    5370   110.138   110.042 
    5380   110.138   110.043 
    5390   110.139   110.042 
    5400   110.134   110.046 
    5410   110.139   110.042 
    5420   110.139   110.042 
    5430   110.139   110.042 
    5440   110.137   110.040 
    5450   110.135   110.044 
    5460   110.139   110.042 
    5470   110.140   110.042 
    5480   110.140   110.041 
    5490   110.140   110.043 
    5500   110.160   109.997 
    5510   110.139   110.043 
    5520   110.140   110.042 
    5530   110.139   110.041 
    5540   110.139   110.045 
    5550   110.141   109.974 
    5560   110.139   110.042 
    5570   110.125   110.041 
    5580   110.140   110.043 
    5590   110.139   110.042 
    5600   110.136   110.047 
    5610   110.139   110.043 
    5620   110.139   110.042 
    5630   110.138   110.042 
    5640   110.139   110.042 
    5650   110.161   110.063 
    5660   110.139   110.042 
    5670   110.139   110.043 
    5680   110.139   110.041 
    5690   110.139   110.043 
    5700   110.159   110.032 
    5710   110.139   110.041 
    5720   110.138   110.039 
    5730   110.138   110.042 
    5740   110.139   110.042 
    5750   110.137   110.044 
    5760   110.140   110.043 
    5770   110.139   110.042 
    5780   110.139   110.041 
    5790   110.139   110.043 
    5800   110.142   110.034 
    5810   110.139   110.042 
    5820   110.137   110.040 
    5830   110.140   110.041 
    5840   110.139   110.042 
    5850   110.135   110.038 
    5860   110.139   110.041 
    5870   110.138   110.042 
    5880    34.783   114.885 
    5890   110.139   110.042 
    5900   110.138   110.035 
    5910   110.139   110.041 
    5920   110.139   110.042 
    5930   110.139   110.041 
    5940   110.139   110.040 
    5950   110.143   110.016 
    5960   110.139   110.043 
    5970   110.139   110.041 
    5980   110.138   110.041 
    5990   110.139   110.044 
    6000   110.144   110.052 
    6010   110.139   110.041 
    6020   110.138   110.041 
    6030   110.141   110.041 
    6040   110.139   110.041 
    6050   110.141   110.032 
    6060   110.139   110.041 
    6070   110.138   110.040 
    6080   110.140   110.041 
    6090   110.139   110.041 
    6100   110.141   110.043 
    6110   110.138   110.041 
    6120   110.138   110.041 
    6130   110.135   110.038 
    6140   110.138   110.041 
    6150   110.140   110.039 
    6160   110.138   110.040 
    6170   110.139   110.043 
    6180    46.616   108.342 
    6190   110.138   110.041 
    6200   110.140   109.973 
    6210   110.138   110.042 
    6220   110.138   110.041 
    6230   152.536   221.777 
    6240   110.128   110.044 
    6250   110.143   110.057 
    6260   110.138   110.041 
    6270   110.139   110.041 
    6280   110.137   110.041 
    6290   110.138   110.041 
    6300   110.157   110.037 
    6310   110.138   110.041 
    6320   110.138   110.040 
    6330   110.011    34.364 
    6340   110.139   110.041 
    6350   110.223   110.041 
    6360   110.138   110.038 
    6370   110.138   110.041 
    6380   110.606   189.651 
    6390   110.138   110.041 
    6400   110.145   110.045 
    6410   110.138   110.041 
    6420   110.139   110.038 
    6430   110.137   110.037 
    6440   110.138   110.041 
    6450   110.169   110.086 
    6460   110.138   110.040 
    6470   110.139   110.041 
    6480    44.842    97.300 
    6490   110.138   110.041 
    6500   110.139   110.035 
    6510   110.138   110.040 
    6520   110.139   110.041 
    6530   110.138   110.039 
    6540   110.138   110.040 
    6550   110.125   110.009 
    6560   110.138   110.041 
    6570   110.139   110.041 
    6580   110.136   110.040 
    6590   110.138   110.041 
    6600   110.141   110.006 
    6610   110.138   110.041 
    6620   110.138   110.041 
    6630   110.139   110.040 
    6640   110.138   110.040 
    6650   110.140   110.034 
    6660   110.138   110.040 
    6670   110.133   110.039 
    6680   110.140   110.040 
    6690   110.138   110.040 
    6700   110.137   110.045 
    6710   110.138   110.040 
    6720   110.139   110.040 
    6730   110.138   110.041 
    6740   110.138   110.041 
    6750   110.129   110.038 
    6760   110.138   110.041 
    6770   110.138   110.040 
    6780   110.137   110.040 
    6790   110.139   110.017 
    6800   110.120   110.042 
    6810   110.142   110.038 
    6820   110.138   110.040 
    6830   110.137   110.040 
    6840   110.138   110.040 
    6850   110.199   110.040 
    6860   110.137   110.041 
    6870   110.137   110.040 
    6880   110.139   110.041 
    6890   110.138   110.040 
    6900   110.134   110.043 
    6910   110.138   110.040 
    6920   110.137   110.039 
    6930   110.139   110.039 
    6940   110.137   110.040 
    6950   110.138   110.048 
    6960   110.137   110.040 
    6970   110.137   110.040 
    6980   110.138   110.040 
    6990   110.138   110.040 
    7000   110.135   110.036 
    7010   110.137   110.040 
    7020   110.138   110.040 
    7030   110.137   110.041 
    7040   110.137   110.040 
    7050   110.131   110.040 
    7060   110.137   110.040 
    7070   110.137   110.040 
    7080   110.139   110.040 
    7090   110.137   110.041 
    7100   110.137   110.046 
    7110   110.137   110.040 
    7120   110.138   110.040 
    7130   110.133   110.040 
    7140   110.137   110.040 
    7150   110.132   110.049 
    7160   110.137   110.040 
    7170   110.137   110.040 
    7180   110.139   110.040 
    7190   110.137   110.037 
    7200   110.135   110.047 
    7210   110.137   110.040 
    7220   110.137   110.039 
    7230   110.137   110.040 
    7240   110.137   110.040 
    7250   110.141   110.005 
    7260   110.137   110.047 
    7270   110.137   110.040 
    7280   110.136   110.039 
    7290   110.137   110.040 
    7300   110.136   110.040 
    7310   110.137   110.039 
    7320   110.137   110.039 
    7330   110.139   110.039 
    7340   110.137   110.039 
    7350   110.098   110.106 
    7360   110.137   110.039 
    7370   110.137   110.039 
    7380   110.137   110.040 
    7390   110.137   110.039 
    7400   110.135   110.042 
    7410   110.137   110.039 
    7420   110.137   110.039 
    7430   110.135   110.040 
    7440   110.137   110.039 
    7450   110.132   110.037 
    7460   110.137   110.039 
    7470   110.137   110.043 
    7480   110.137   110.040 
    7490   110.137   110.039 
    7500   110.150   110.092 
    7510   110.137   110.039 
    7520   110.135   110.037 
    7530   110.138   110.038 
    7540   110.137   110.038 
    7550   110.121   110.037 
    7560   110.137   110.039 
    7570   110.137   110.039 
    7580   110.135   110.035 
    7590   110.137   110.039 
    7600   110.142   110.038 
    7610   110.137   110.039 
    7620   110.137   110.039 
    7630   110.138   110.040 
    7640   110.137   110.039 
    7650   110.139   110.037 
    7660   110.136   110.038 
    7670   110.135   110.038 
    7680   110.137   110.038 
    7690   110.137   110.039 
    7700   110.151   110.032 
    7710   110.137   110.039 
    7720   110.137   110.039 
    7730   126.500    56.641 
    7740   110.137   110.039 
    7750   110.132   110.038 
    7760   110.137   110.039 
    7770   110.137   110.039 
    7780   139.124    20.619 
    7790   110.137   110.039 
    7800   110.141   110.040 
    7810   110.137   110.040 
    7820   110.137   110.039 
    7830    18.213   230.032 
    7840   110.136   110.039 
    7850   110.116   110.008 
    7860   110.137   110.039 
    7870   110.135   110.039 
    7880   110.136   110.038 
    7890   110.137   110.039 
    7900   110.143   110.038 
    7910   110.137   110.038 
    7920   110.136   110.039 
    7930   110.137   110.039 
    7940   110.137   110.039 
    7950   110.141   110.046 
    7960   110.137   110.039 
    7970   110.137   110.039 
    7980   110.138   110.041 
    7990   110.137   110.039 
    8000   110.138   110.041 
    8010   110.137   110.039 
    8020   110.137   110.039 
    8030   110.137   110.037 
    8040   110.137   110.040 
    8050   110.134   110.057 
    8060   110.137   110.039 
    8070   110.137   110.039 
    8080   110.135   110.044 
    8090   110.137   110.039 
    8100   110.171   110.045 
    8110   110.136   110.042 
    8120   110.137   110.038 
    8130   141.468   185.142 
    8140   110.137   110.039 
    8150   110.131   110.047 
    8160   110.137   110.041 
    8170   110.136   110.039 
    8180   110.136   110.038 
    8190   110.137   110.039 
    8200   110.130   110.007 
    8210   110.136   110.039 
    8220   110.137   110.039 
    8230   110.137   110.040 
    8240   110.136   110.039 
    8250   110.138   110.040 
    8260   110.136   110.039 
    8270   110.136   110.039 
    8280   110.138   110.039 
    8290   110.136   110.039 
    8300   110.140   109.962 
    8310   110.136   110.039 
    8320   110.136   110.039 
    8330   104.421   187.541 
    8340   110.136   110.039 
    8350   110.151   110.041 
    8360   110.136   110.039 
    8370   110.138   110.039 
    8380   110.136   110.039 
    8390   110.136   110.039 
    8400   110.132   110.038 
    8410   110.135   110.038 
    8420   110.136   110.039 
    8430   110.137   110.042 
    8440   110.136   110.039 
    8450   110.133   110.034 
    8460   110.136   110.039 
    8470   110.137   110.038 
    8480   110.135   110.037 
    8490   110.136   110.039 
    8500   110.139   110.051 
    8510   110.136   110.039 
    8520   110.136   110.039 
    8530   110.137   110.038 
    8540   110.137   110.039 
    8550   110.140   110.038 
    8560   110.136   110.039 
    8570   110.136   110.039 
    8580   110.135   110.039 
    8590   110.136   110.039 
    8600   110.139   110.036 
    8610   110.136   110.039 
    8620   110.136   110.039 
    8630   110.136   110.040 
    8640   110.136   110.039 
    8650   110.135   110.039 
    8660   110.136   110.039 
    8670   110.136   110.039 
    8680   110.136   110.038 
    8690   110.136   110.039 
    8700   110.175   110.030 
    8710   110.136   110.039 
    8720   110.137   110.039 
    8730   110.136   110.038 
    8740   110.136   110.038 
    8750   110.135   110.038 
    8760   110.136   110.039 
    8770   110.136   110.039 
    8780   110.113   110.020 
    8790   110.136   110.038 
    8800   110.140   110.055 
    8810   110.136   110.039 
    8820   110.136   110.038 
    8830   110.137   110.039 
    8840   110.136   110.039 
    8850   110.134   110.041 
    8860   110.136   110.038 
    8870   110.136   110.039 
    8880   110.136   110.040 
    8890   110.136   110.039 
    8900   110.190   110.041 
    8910   110.136   110.039 
    8920   110.136   110.039 
    8930   110.138   110.039 
    8940   110.136   110.039 
    8950   110.136   110.046 
    8960   110.137   110.039 
    8970   110.136   110.039 
    8980    11.813    90.204 
    8990   110.136   110.039 
    9000   110.134   110.054 
    9010   110.136   110.039 
    9020   110.137   110.039 
    9030   110.136   110.038 
    9040   110.136   110.038 
    9050   110.198   110.037 
    9060   110.136   110.039 
    9070   110.136   110.039 
    9080   110.137   110.038 
    9090   110.136   110.038 
    9100   110.171   110.020 
    9110   110.137   110.039 
    9120   110.136   110.039 
    9130   110.135   110.039 
    9140   110.136   110.039 
    9150   110.135   109.949 
    9160   110.136   110.038 
    9170   110.136   110.039 
    9180   122.305   206.904 
    9190   110.135   110.039 
    9200   110.140   110.029 
    9210   110.136   110.038 
    9220   110.136   110.039 
    9230   110.137   110.038 
    9240   110.136   110.039 
    9250   110.136   110.033 
    9260   110.136   110.038 
    9270   110.136   110.039 
    9280   110.138   110.038 
    9290   110.136   110.039 
    9300   110.135   110.042 
    9310   110.136   110.039 
    9320   110.136   110.039 
    9330   110.137   110.039 
    9340   110.136   110.039 
    9350   110.067   110.051 
    9360   110.137   110.039 
    9370   110.136   110.039 
    9380   110.136   110.039 
    9390   110.136   110.039 
    9400   110.137   110.030 
    9410   110.142   110.038 
    9420   110.137   110.039 
    9430    46.672   109.336 
    9440   110.136   110.039 
    9450   110.136   110.033 
    9460   110.137   110.038 
    9470   110.136   110.039 
    9480   110.136   110.038 
    9490   110.136   110.039 
    9500   110.139   110.028 
    9510   110.136   110.038 
    9520   110.136   110.038 
    9530   110.137   110.039 
    9540   110.136   110.039 
    9550   110.142   110.036 
    9560   110.136   110.038 
    9570   110.136   110.039 
    9580   110.136   110.038 
    9590   110.136   110.039 
    9600   110.151   110.037 
    9610   110.136   110.038 
    9620   110.136   110.038 
    9630   110.135   110.038 
    9640   110.136   110.038 
    9650   110.034   110.064 
    9660   110.138   110.039 
    9670   110.136   110.039 
    9680    46.620   110.913 
    9690   110.136   110.039 
    9700   110.136   110.048 
    9710   110.136   110.039 
    9720   110.136   110.039 
    9730   110.136   110.038 
    9740   110.136   110.039 
    9750   110.134   110.036 
    9760   110.136   110.039 
    9770   110.136   110.039 
    9780   110.135   110.038 
    9790   110.136   110.038 
    9800   110.134   110.036 
    9810   110.137   110.038 
    9820   110.136   110.038 
    9830   110.135   110.038 
    9840   110.136   110.039 
    9850   110.161   110.037 
    9860   110.136   110.039 
    9870   110.136   110.039 
    9880   110.136   110.038 
    9890   110.136   110.039 
    9900   110.133   110.038 
    9910   110.137   110.038 
    9920   110.136   110.039 
    9930   110.137   110.039 
    9940   110.136   110.039 
    9950   110.134   110.042 
    9960   110.136   110.038 
    9970   110.135   110.037 
    9980   110.136   110.039 
    9990   110.136   110.038 
   10000   110.136   110.039 
