       0    74.942    74.937 
      10    79.760    79.835 
      20    79.891    79.875 
      30    79.924    79.952 
      40    79.924    79.968 
      50    79.936    79.924 
      60    79.948    79.947 
      70    79.939    79.935 
      80    79.941    79.933 
      90    79.939    79.925 
     100    79.979    79.935 
     110    79.947    79.932 
     120    79.945    79.934 
     130    79.939    79.940 
     140    79.933    79.933 
     150    79.946    79.924 
     160    79.941    79.935 
     170    79.944    79.938 
     180    79.936    79.966 
     190    79.942    79.931 
     200    79.933    79.900 
     210    79.942    79.940 
     220    79.941    79.936 
     230    79.982    79.908 
     240    79.942    79.937 
     250    79.968    79.962 
     260    79.942    79.937 
     270    79.944    79.936 
     280    79.942    79.943 
     290    79.942    79.936 
     300    79.944    79.935 
     310    79.942    79.937 
     320    79.938    79.958 
     330    79.945    79.938 
     340    79.942    79.938 
     350    79.920    79.941 
     360    79.942    79.937 
     370    79.942    79.937 
     380    79.944    79.939 
     390    79.942    79.938 
     400    79.938    79.938 
     410    79.943    79.937 
     420    79.942    79.935 
     430    79.949    79.937 
     440    79.942    79.938 
     450    79.950    79.999 
     460    79.943    79.939 
     470    79.941    79.935 
     480    79.944    79.933 
     490    79.937    79.936 
     500    80.049    79.974 
     510    79.942    79.938 
     520    79.942    79.939 
     530    79.942    79.938 
     540    79.943    79.935 
     550    79.939    79.989 
     560    79.942    79.938 
     570    79.942    79.938 
     580    79.942    79.938 
     590    79.942    79.939 
     600    79.982    79.930 
     610    79.943    79.938 
     620    79.943    79.938 
     630    79.939    79.939 
     640    79.943    79.939 
     650    79.953    80.026 
     660    79.942    79.938 
     670    79.942    79.939 
     680    79.935    79.939 
     690    79.943    79.939 
     700    79.942    79.941 
     710    79.942    79.938 
     720    79.942    79.939 
     730    79.942    79.939 
     740    79.944    79.936 
     750    79.955    79.930 
     760    79.943    79.939 
     770    79.940    79.932 
     780    79.942    79.940 
     790    79.940    79.937 
     800    79.942    79.941 
     810    79.939    79.948 
     820    79.945    79.937 
     830    79.947    79.941 
     840    79.942    79.940 
     850    79.966    79.890 
     860    79.943    79.939 
     870    79.937    79.934 
     880    79.943    79.938 
     890    79.944    79.939 
     900    79.874    79.912 
     910    79.943    79.939 
     920    79.943    79.940 
     930    79.943    79.947 
     940    79.943    79.939 
     950    79.928    79.940 
     960    79.943    79.939 
     970    79.943    79.939 
     980    79.943    79.939 
     990    79.942    79.940 
    1000    79.998    79.909 
    1010    79.943    79.939 
    1020    79.943    79.939 
    1030    79.942    79.938 
    1040    79.940    79.939 
    1050    79.943    79.939 
    1060    79.943    79.940 
    1070    79.943    79.940 
    1080    79.944    79.940 
    1090    79.943    79.940 
    1100    79.946    80.224 
    1110    79.943    79.940 
    1120    79.942    79.886 
    1130    79.941    79.941 
    1140    79.943    79.940 
    1150    79.943    79.939 
    1160    79.943    79.940 
    1170    79.943    79.940 
    1180    79.944    79.938 
    1190    79.942    79.943 
    1200    79.934    79.952 
    1210    79.943    79.940 
    1220    79.928    79.915 
    1230    79.943    79.941 
    1240    79.940    79.941 
    1250    79.939    79.941 
    1260    79.943    79.940 
    1270    79.943    79.940 
    1280    79.942    79.940 
    1290    79.943    79.941 
    1300    79.943    79.940 
    1310    79.943    79.937 
    1320    79.943    79.940 
    1330    79.943    79.944 
    1340    79.943    79.940 
    1350    80.136    79.937 
    1360    79.943    79.940 
    1370    79.932    79.951 
    1380    79.944    79.940 
    1390    79.943    79.940 
    1400    79.946    79.935 
    1410    79.950    79.941 
    1420    79.943    79.940 
    1430    79.937    79.939 
    1440    79.943    79.940 
    1450    79.960    79.863 
    1460    79.943    79.940 
    1470    79.926    79.939 
    1480    79.943    79.941 
    1490    79.944    79.948 
    1500    79.946    79.943 
    1510    79.943    79.940 
    1520    79.943    79.940 
    1530    79.942    79.939 
    1540    79.940    79.943 
    1550    79.944    79.941 
    1560    79.943    79.941 
    1570    79.943    79.941 
    1580    79.940    79.938 
    1590    79.943    79.941 
    1600    79.942    79.943 
    1610    79.943    79.945 
    1620    79.943    79.941 
    1630    79.943    79.941 
    1640    79.951    79.941 
    1650    79.941    79.937 
    1660    79.943    79.941 
    1670    79.943    79.941 
    1680    79.944    79.941 
    1690    79.942    79.940 
    1700    79.941    79.945 
    1710    79.943    79.941 
    1720    79.943    79.941 
    1730    79.943    79.941 
    1740    79.944    79.940 
    1750    79.941    79.945 
    1760    79.943    79.941 
    1770    79.943    79.941 
    1780    79.942    79.941 
    1790    79.943    79.941 
    1800    79.946    79.935 
    1810    79.943    79.941 
    1820    79.943    79.941 
    1830    79.938    79.941 
    1840    79.943    79.941 
    1850    79.954    79.874 
    1860    79.943    79.941 
    1870    79.943    79.941 
    1880    79.957    79.949 
    1890    79.943    79.942 
    1900    79.946    79.937 
    1910    79.943    79.941 
    1920    79.943    79.941 
    1930    79.941    79.937 
    1940    79.942    79.937 
    1950    79.956    79.936 
    1960    79.943    79.941 
    1970    79.943    79.941 
    1980    79.950    79.938 
    1990    79.943    79.941 
    2000    79.945    79.945 
    2010    79.943    79.941 
    2020    79.943    79.941 
    2030    79.943    79.942 
    2040    79.943    79.941 
    2050    79.958    80.089 
    2060    79.943    79.941 
    2070    79.943    79.941 
    2080    79.921    79.954 
    2090    79.946    79.945 
    2100    79.940    79.937 
    2110    79.943    79.941 
    2120    79.943    79.941 
    2130    79.943    79.942 
    2140    79.943    79.941 
    2150    79.561    80.038 
    2160    79.943    79.942 
    2170    79.943    79.941 
    2180    79.939    79.940 
    2190    79.943    79.941 
    2200    79.936    79.963 
    2210    79.943    79.941 
    2220    79.943    79.941 
    2230    79.946    79.936 
    2240    79.943    79.943 
    2250    79.940    79.948 
    2260    79.943    79.941 
    2270    79.943    79.941 
    2280    79.940    79.941 
    2290    79.943    79.942 
    2300    79.943    79.942 
    2310    79.944    79.941 
    2320    79.943    79.941 
    2330    79.943    79.941 
    2340    79.945    79.915 
    2350    79.941    79.951 
    2360    79.943    79.941 
    2370    79.943    79.941 
    2380    79.943    79.942 
    2390    79.944    79.941 
    2400    79.955    79.942 
    2410    79.943    79.942 
    2420    79.943    79.941 
    2430    79.943    79.943 
    2440    79.943    79.941 
    2450    79.939    79.941 
    2460    79.943    79.941 
    2470    79.943    79.941 
    2480    79.941    79.940 
    2490    79.943    79.941 
    2500    79.945    79.937 
    2510    79.943    79.941 
    2520    79.943    79.941 
    2530    79.948    79.943 
    2540    79.943    79.941 
    2550    79.936    79.959 
    2560    79.943    79.941 
    2570    79.943    79.941 
    2580    79.942    79.942 
    2590    79.942    79.942 
    2600    79.923    79.972 
    2610    79.942    79.941 
    2620    79.943    79.941 
    2630    79.943    79.941 
    2640    79.943    79.942 
    2650    79.863    80.403 
    2660    79.943    79.941 
    2670    79.943    79.941 
    2680    79.944    79.941 
    2690    79.943    79.941 
    2700    79.944    79.942 
    2710    79.943    79.941 
    2720    79.943    79.941 
    2730    79.950    79.945 
    2740    79.944    79.941 
    2750    80.064    79.753 
    2760    79.943    79.941 
    2770    79.943    79.941 
    2780    79.941    79.942 
    2790    79.943    79.941 
    2800    80.068    80.322 
    2810    79.944    79.942 
    2820    79.943    79.941 
    2830    79.943    79.941 
    2840    79.939    79.943 
    2850    79.948    79.940 
    2860    79.943    79.941 
    2870    79.943    79.941 
    2880    79.944    79.940 
    2890    79.943    79.941 
    2900    79.944    79.942 
    2910    79.943    79.941 
    2920    79.944    79.941 
    2930    79.943    79.941 
    2940    79.943    79.942 
    2950    79.944    79.943 
    2960    79.943    79.941 
    2970    79.943    79.941 
    2980    79.943    79.942 
    2990    79.943    79.941 
    3000    79.943    79.943 
    3010    79.942    79.941 
    3020    79.943    79.941 
    3030    79.943    79.941 
    3040    79.943    79.941 
    3050    79.944    79.942 
    3060    79.943    79.941 
    3070    79.943    79.942 
    3080    79.944    79.941 
    3090    79.952    79.943 
    3100    79.939    79.941 
    3110    79.943    79.941 
    3120    79.943    79.941 
    3130    79.943    79.941 
    3140    79.943    79.941 
    3150    79.945    79.942 
    3160    79.943    79.941 
    3170    79.943    79.941 
    3180    79.942    79.942 
    3190    79.943    79.942 
    3200    79.946    79.943 
    3210    79.943    79.941 
    3220    79.943    79.941 
    3230    79.942    79.937 
    3240    79.943    79.941 
    3250    79.929    79.945 
    3260    79.954    79.940 
    3270    79.944    79.942 
    3280    79.944    79.941 
    3290    79.943    79.941 
    3300    79.944    79.942 
    3310    79.943    79.941 
    3320    79.943    79.941 
    3330    79.939    79.943 
    3340    79.943    79.942 
    3350    79.944    79.941 
    3360    79.943    79.941 
    3370    79.943    79.941 
    3380    79.940    79.939 
    3390    79.943    79.941 
    3400    80.036    79.858 
    3410    79.943    79.941 
    3420    79.943    79.941 
    3430    79.945    79.941 
    3440    79.943    79.942 
    3450    79.948    79.974 
    3460    79.943    79.941 
    3470    79.943    79.941 
    3480    79.944    79.941 
    3490    79.943    79.942 
    3500    79.945    79.935 
    3510    79.943    79.941 
    3520    79.943    79.941 
    3530    79.937    79.941 
    3540    79.943    79.941 
    3550    79.943    79.947 
    3560    79.943    79.941 
    3570    79.943    79.941 
    3580    79.945    79.942 
    3590    79.943    79.946 
    3600    79.927    79.863 
    3610    79.945    79.947 
    3620    79.943    79.942 
    3630    79.939    79.943 
    3640    79.943    79.942 
    3650    79.942    79.939 
    3660    79.943    79.941 
    3670    79.943    79.942 
    3680    79.942    79.940 
    3690    79.944    79.942 
    3700    79.959    79.930 
    3710    79.943    79.942 
    3720    79.943    79.942 
    3730    79.942    79.941 
    3740    79.943    79.941 
    3750    79.943    79.954 
    3760    79.943    79.942 
    3770    79.943    79.941 
    3780    79.932    79.939 
    3790    79.943    79.941 
    3800    79.892    79.910 
    3810    79.943    79.942 
    3820    79.943    79.941 
    3830    79.943    79.941 
    3840    79.943    79.941 
    3850    79.943    79.941 
    3860    79.943    79.942 
    3870    79.943    79.941 
    3880    79.943    79.940 
    3890    79.943    79.942 
    3900    80.206    79.836 
    3910    79.943    79.942 
    3920    79.943    79.941 
    3930    79.943    79.941 
    3940    79.942    79.942 
    3950    79.880    79.950 
    3960    79.943    79.941 
    3970    79.943    79.942 
    3980    79.944    79.943 
    3990    79.943    79.941 
    4000    79.917    79.938 
    4010    79.943    79.941 
    4020    79.943    79.941 
    4030    79.938    79.942 
    4040    79.943    79.942 
    4050    79.943    79.940 
    4060    79.943    79.942 
    4070    79.943    79.942 
    4080    79.943    79.940 
    4090    79.944    79.941 
    4100    79.908    79.954 
    4110    79.943    79.942 
    4120    79.943    79.942 
    4130    79.944    79.942 
    4140    79.943    79.942 
    4150    80.215    79.864 
    4160    79.943    79.942 
    4170    79.943    79.942 
    4180    79.943    79.941 
    4190    79.943    79.941 
    4200    79.957    79.947 
    4210    79.944    79.942 
    4220    79.943    79.942 
    4230    79.943    79.942 
    4240    79.943    79.942 
    4250    80.162    79.956 
    4260    79.943    79.942 
    4270    79.943    79.942 
    4280    79.944    79.944 
    4290    79.944    79.941 
    4300    79.958    79.941 
    4310    79.943    79.942 
    4320    79.943    79.942 
    4330    79.942    79.941 
    4340    79.943    79.941 
    4350    79.960    80.267 
    4360    79.943    79.942 
    4370    79.943    79.942 
    4380    79.953    79.939 
    4390    79.943    79.941 
    4400    79.941    79.949 
    4410    79.943    79.942 
    4420    79.943    79.942 
    4430    79.947    79.942 
    4440    79.943    79.942 
    4450    79.949    79.785 
    4460    79.943    79.943 
    4470    79.943    79.942 
    4480    79.939    79.940 
    4490    79.942    79.941 
    4500    79.942    79.946 
    4510    79.938    79.955 
    4520    79.944    79.942 
    4530    79.943    79.943 
    4540    79.943    79.942 
    4550    79.463    79.852 
    4560    79.943    79.942 
    4570    79.943    79.942 
    4580    79.944    79.941 
    4590    79.943    79.942 
    4600    79.945    79.942 
    4610    79.943    79.942 
    4620    79.943    79.942 
    4630    79.950    79.944 
    4640    79.943    79.942 
    4650    79.942    79.945 
    4660    79.943    79.942 
    4670    79.943    79.942 
    4680    79.943    79.943 
    4690    79.943    79.942 
    4700    79.948    79.943 
    4710    79.943    79.942 
    4720    79.943    79.942 
    4730    79.944    79.944 
    4740    79.943    79.942 
    4750    79.865    79.949 
    4760    79.943    79.942 
    4770    79.943    79.942 
    4780    79.944    79.941 
    4790    79.944    79.942 
    4800    79.946    79.941 
    4810    79.943    79.942 
    4820    79.943    79.942 
    4830    79.946    79.940 
    4840    79.943    79.942 
    4850    79.942    79.940 
    4860    79.943    79.942 
    4870    79.943    79.942 
    4880    79.944    79.941 
    4890    79.943    79.942 
    4900    79.944    79.942 
    4910    79.943    79.942 
    4920    79.943    79.941 
    4930    79.951    79.944 
    4940    79.944    79.941 
    4950    79.944    79.942 
    4960    79.943    79.942 
    4970    79.943    79.942 
    4980    79.946    79.938 
    4990    79.943    79.942 
    5000    79.944    79.941 
    5010    79.943    79.942 
    5020    79.943    79.942 
    5030    79.937    79.935 
    5040    79.943    79.942 
    5050    79.952    80.009 
    5060    79.943    79.942 
    5070    79.943    79.942 
    5080    79.945    79.940 
    5090    79.943    79.942 
    5100    79.927    79.920 
    5110    79.943    79.942 
    5120    79.943    79.942 
    5130    79.944    79.938 
    5140    79.943    79.942 
    5150    79.948    79.942 
    5160    79.943    79.942 
    5170    79.943    79.942 
    5180    79.941    79.936 
    5190    79.943    79.942 
    5200    79.946    79.946 
    5210    79.943    79.942 
    5220    79.943    79.942 
    5230    79.946    79.941 
    5240    79.943    79.942 
    5250    79.933    79.889 
    5260    79.943    79.942 
    5270    79.943    79.942 
    5280    79.932    79.950 
    5290    79.944    79.942 
    5300    79.940    79.940 
    5310    79.943    79.942 
    5320    79.943    79.941 
    5330    79.947    79.942 
    5340    79.943    79.941 
    5350    79.933    79.937 
    5360    79.943    79.942 
    5370    79.943    79.942 
    5380   194.671   236.351 
    5390    79.943    79.942 
    5400    79.993    79.893 
    5410    79.945    79.940 
    5420    79.943    79.942 
    5430    79.939    79.941 
    5440    79.943    79.942 
    5450    79.943    79.946 
    5460    79.943    79.942 
    5470    79.943    79.942 
    5480    79.944    79.946 
    5490    79.943    79.941 
    5500    79.731    80.110 
    5510    79.943    79.942 
    5520    79.943    79.942 
    5530    79.943    79.942 
    5540    79.943    79.942 
    5550    79.943    79.941 
    5560    79.943    79.942 
    5570    79.943    79.942 
    5580    79.944    79.943 
    5590    79.943    79.942 
    5600    79.901    79.945 
    5610    79.944    79.942 
    5620    79.942    79.942 
    5630    79.942    79.940 
    5640    79.943    79.942 
    5650    79.943    79.940 
    5660    79.943    79.942 
    5670    79.939    79.942 
    5680    79.942    79.942 
    5690    79.946    79.940 
    5700    79.937    79.945 
    5710    79.950    79.939 
    5720    79.943    79.942 
    5730    79.944    79.940 
    5740    79.948    79.904 
    5750    79.941    79.963 
    5760    79.943    79.942 
    5770    79.943    79.942 
    5780    79.934    79.941 
    5790    79.943    79.942 
    5800    79.970    79.947 
    5810    79.943    79.942 
    5820    79.943    79.942 
    5830    79.944    79.940 
    5840    79.943    79.942 
    5850    79.942    79.947 
    5860    79.943    79.942 
    5870    79.943    79.942 
    5880    79.943    79.946 
    5890    79.943    79.942 
    5900    79.992    79.947 
    5910    79.943    79.942 
    5920    79.943    79.942 
    5930    79.943    79.941 
    5940    79.943    79.942 
    5950    79.940    79.923 
    5960    79.943    79.942 
    5970    79.943    79.942 
    5980    79.946    79.945 
    5990    79.943    79.942 
    6000    79.966    79.935 
    6010    79.943    79.942 
    6020    79.943    79.942 
    6030    79.935    79.937 
    6040    79.943    79.942 
    6050    79.839    80.103 
    6060    79.943    79.942 
    6070    79.943    79.942 
    6080    79.945    79.941 
    6090    79.943    79.942 
    6100    79.944    79.942 
    6110    79.943    79.942 
    6120    79.943    79.942 
    6130    79.942    79.943 
    6140    79.943    79.942 
    6150    79.960    79.956 
    6160    79.943    79.942 
    6170    79.943    79.942 
    6180    79.943    79.942 
    6190    79.943    79.942 
    6200    79.950    79.943 
    6210    79.943    79.942 
    6220    79.943    79.942 
    6230    79.949    79.941 
    6240    79.943    79.942 
    6250    79.941    79.934 
    6260    79.943    79.942 
    6270    79.943    79.942 
    6280    79.937    79.943 
    6290    79.943    79.942 
    6300    79.945    79.965 
    6310    79.943    79.941 
    6320    79.943    79.942 
    6330    79.941    79.941 
    6340    79.943    79.942 
    6350    79.945    79.940 
    6360    79.943    79.942 
    6370    79.943    79.942 
    6380    79.944    79.942 
    6390    79.943    79.942 
    6400    79.886    79.776 
    6410    79.943    79.942 
    6420    79.943    79.942 
    6430    79.946    79.945 
    6440    79.943    79.942 
    6450    79.713    80.052 
    6460    79.944    79.942 
    6470    79.944    79.941 
    6480    79.942    79.937 
    6490    79.943    79.942 
    6500    79.929    79.946 
    6510    79.943    79.942 
    6520    79.943    79.942 
    6530    79.941    79.943 
    6540    79.943    79.942 
    6550    79.940    79.937 
    6560    79.943    79.942 
    6570    79.943    79.942 
    6580    79.944    79.946 
    6590    79.943    79.941 
    6600    79.942    79.941 
    6610    79.943    79.942 
    6620    79.943    79.942 
    6630    79.943    79.941 
    6640    79.943    79.942 
    6650    79.948    79.943 
    6660    79.943    79.942 
    6670    79.943    79.942 
    6680    79.944    79.941 
    6690    79.943    79.942 
    6700    79.962    79.951 
    6710    79.943    79.942 
    6720    79.943    79.941 
    6730    79.945    79.941 
    6740    79.943    79.942 
    6750    79.945    79.943 
    6760    79.943    79.942 
    6770    79.943    79.942 
    6780    79.945    79.936 
    6790    79.943    79.942 
    6800    79.943    79.945 
    6810    79.943    79.942 
    6820    79.943    79.942 
    6830    79.943    79.942 
    6840    79.943    79.942 
    6850    79.943    79.941 
    6860    79.943    79.942 
    6870    79.943    79.942 
    6880    79.943    79.941 
    6890    79.943    79.942 
    6900    79.939    79.942 
    6910    79.943    79.942 
    6920    79.943    79.942 
    6930    79.944    79.942 
    6940    79.943    79.942 
    6950    79.985    79.934 
    6960    79.943    79.942 
    6970    79.943    79.942 
    6980    79.944    79.937 
    6990    79.943    79.942 
    7000    79.766    79.920 
    7010    79.943    79.942 
    7020    79.943    79.942 
    7030    79.944    79.943 
    7040    79.951    79.940 
    7050    79.934    79.943 
    7060    79.943    79.942 
    7070    79.943    79.942 
    7080    79.945    79.938 
    7090    79.943    79.942 
    7100    79.944    79.937 
    7110    79.943    79.942 
    7120    79.943    79.942 
    7130    79.944    79.940 
    7140    79.943    79.942 
    7150    79.947    79.934 
    7160    79.943    79.942 
    7170    79.943    79.942 
    7180    79.939    79.937 
    7190    79.943    79.942 
    7200    79.930    79.953 
    7210    79.943    79.942 
    7220    79.942    79.941 
    7230    79.943    79.942 
    7240    79.943    79.942 
    7250    79.522    79.880 
    7260    79.944    79.942 
    7270    79.943    79.942 
    7280    79.944    79.942 
    7290    79.943    79.942 
    7300    79.943    79.944 
    7310    79.943    79.942 
    7320    79.943    79.942 
    7330    79.948    79.940 
    7340    79.943    79.942 
    7350    79.942    79.928 
    7360    79.947    79.952 
    7370    79.944    79.942 
    7380    79.944    79.940 
    7390    79.947    79.930 
    7400    79.951    79.919 
    7410    79.943    79.942 
    7420    79.943    79.942 
    7430    79.949    79.951 
    7440    79.944    79.942 
    7450    79.949    79.939 
    7460    79.943    79.942 
    7470    79.943    79.942 
    7480    79.952    79.926 
    7490    79.943    79.941 
    7500    79.947    79.940 
    7510    79.943    79.942 
    7520    79.943    79.942 
    7530    79.942    79.947 
    7540    79.943    79.942 
    7550    79.928    79.937 
    7560    79.960    79.943 
    7570    79.943    79.943 
    7580    79.945    79.942 
    7590    79.944    79.941 
    7600    79.944    79.941 
    7610    79.943    79.942 
    7620    79.943    79.942 
    7630    79.942    79.938 
    7640    79.943    79.942 
    7650    79.942    79.942 
    7660    79.953    79.941 
    7670    79.944    79.942 
    7680    79.939    79.941 
    7690    79.943    79.942 
    7700    79.944    79.941 
    7710    79.943    79.942 
    7720    79.943    79.942 
    7730    79.943    79.942 
    7740    79.943    79.942 
    7750    80.028    79.952 
    7760    79.943    79.942 
    7770    79.943    79.942 
    7780    79.946    79.942 
    7790    79.943    79.942 
    7800    79.946    79.937 
    7810    79.943    79.942 
    7820    79.944    79.942 
    7830    79.944    79.942 
    7840    79.943    79.942 
    7850    79.944    79.942 
    7860    79.943    79.942 
    7870    79.943    79.942 
    7880    79.943    79.942 
    7890    79.943    79.942 
    7900    79.913    79.951 
    7910    79.943    79.942 
    7920    79.943    79.942 
    7930    79.944    79.943 
    7940    79.943    79.942 
    7950    79.942    79.947 
    7960    79.943    79.942 
    7970    79.943    79.942 
    7980    79.945    79.942 
    7990    79.943    79.942 
    8000    79.946    79.927 
    8010    79.943    79.942 
    8020    79.943    79.942 
    8030    79.952    79.943 
    8040    79.943    79.942 
    8050    79.926    79.977 
    8060    79.944    79.942 
    8070    79.943    79.942 
    8080    79.945    79.938 
    8090    79.943    79.942 
    8100    79.944    79.941 
    8110    79.943    79.942 
    8120    79.943    79.942 
    8130    79.942    79.938 
    8140    79.943    79.942 
    8150    80.449    79.773 
    8160    79.943    79.942 
    8170    79.943    79.942 
    8180    79.943    79.942 
    8190    79.943    79.942 
    8200    80.026    79.941 
    8210    79.943    79.942 
    8220    79.943    79.942 
    8230    79.944    79.941 
    8240    79.943    79.942 
    8250    79.943    79.942 
    8260    79.943    79.942 
    8270    79.943    79.941 
    8280    79.941    79.943 
    8290    79.944    79.941 
    8300    79.941    79.946 
    8310    79.943    79.942 
    8320    79.943    79.942 
    8330    79.942    79.949 
    8340    79.944    79.942 
    8350    79.943    79.937 
    8360    79.943    79.942 
    8370    79.943    79.942 
    8380    79.943    79.940 
    8390    79.944    79.942 
    8400    79.948    79.941 
    8410    79.943    79.942 
    8420    79.943    79.942 
    8430    79.943    79.943 
    8440    79.943    79.942 
    8450    79.575    79.948 
    8460    79.943    79.942 
    8470    79.943    79.942 
    8480    79.944    79.941 
    8490    79.943    79.942 
    8500    79.947    79.946 
    8510    79.943    79.942 
    8520    79.943    79.942 
    8530    79.944    79.941 
    8540    79.943    79.942 
    8550    79.931    79.908 
    8560    79.943    79.942 
    8570    79.943    79.942 
    8580    79.944    79.941 
    8590    79.944    79.942 
    8600    79.943    79.938 
    8610    79.943    79.942 
    8620    79.943    79.942 
    8630    79.942    79.942 
    8640    79.944    79.941 
    8650    79.943    79.943 
    8660    79.944    79.942 
    8670    79.943    79.942 
    8680    79.946    79.942 
    8690    79.943    79.942 
    8700    79.867    79.938 
    8710    79.943    79.942 
    8720    79.943    79.942 
    8730    79.942    79.942 
    8740    79.943    79.942 
    8750    79.960    79.944 
    8760    79.954    79.943 
    8770    79.944    79.942 
    8780    79.943    79.936 
    8790    79.943    79.942 
    8800    79.946    79.941 
    8810    79.943    79.942 
    8820    79.944    79.942 
    8830    79.936    79.942 
    8840    79.943    79.942 
    8850    79.944    80.133 
    8860    79.943    79.942 
    8870    79.943    79.942 
    8880    79.943    79.946 
    8890    79.943    79.942 
    8900    79.944    79.940 
    8910    79.943    79.942 
    8920    79.944    79.942 
    8930    79.944    79.942 
    8940    79.943    79.942 
    8950    79.950    79.966 
    8960    79.943    79.942 
    8970    79.943    79.942 
    8980    79.938    79.949 
    8990    79.943    79.942 
    9000    79.825    79.866 
    9010    79.943    79.942 
    9020    79.943    79.942 
    9030    79.942    79.942 
    9040    79.943    79.942 
    9050    79.935    79.941 
    9060    79.943    79.942 
    9070    79.943    79.942 
    9080    79.944    79.941 
    9090    79.956    79.940 
    9100    79.939    79.942 
    9110    79.943    79.942 
    9120    79.943    79.942 
    9130    79.946    79.941 
    9140    79.943    79.942 
    9150    79.910    79.840 
    9160    79.943    79.941 
    9170    79.943    79.942 
    9180    79.944    79.940 
    9190    79.943    79.942 
    9200    79.952    79.947 
    9210    79.943    79.942 
    9220    79.943    79.942 
    9230    79.941    79.939 
    9240    79.943    79.942 
    9250    79.943    79.937 
    9260    79.943    79.942 
    9270    79.943    79.942 
    9280    79.939    79.943 
    9290    79.943    79.942 
    9300    79.942    79.936 
    9310    79.943    79.942 
    9320    79.943    79.942 
    9330    79.944    79.941 
    9340    79.943    79.942 
    9350    79.943    79.945 
    9360    79.944    79.942 
    9370    79.943    79.942 
    9380    79.945    79.939 
    9390    79.943    79.942 
    9400    79.958    79.953 
    9410    79.943    79.942 
    9420    79.943    79.942 
    9430    79.942    79.940 
    9440    79.943    79.942 
    9450    79.945    79.939 
    9460    79.943    79.942 
    9470    79.943    79.942 
    9480    79.944    79.941 
    9490    79.943    79.941 
    9500    79.944    79.942 
    9510    79.943    79.942 
    9520    79.944    79.942 
    9530    79.943    79.944 
    9540    79.943    79.942 
    9550    79.943    79.942 
    9560    79.943    79.942 
    9570    79.943    79.942 
    9580    79.943    79.940 
    9590    79.943    79.942 
    9600    79.956    79.942 
    9610    79.943    79.942 
    9620    79.943    79.941 
    9630    79.938    79.942 
    9640    79.943    79.942 
    9650    79.951    79.939 
    9660    79.943    79.942 
    9670    79.943    79.942 
    9680    79.943    79.948 
    9690    79.943    79.942 
    9700    80.168    79.946 
    9710    79.943    79.942 
    9720    79.943    79.942 
    9730    79.942    79.944 
    9740    79.943    79.942 
    9750    79.702    79.860 
    9760    79.944    79.942 
    9770    79.943    79.942 
    9780    79.941    79.941 
    9790    79.943    79.942 
    9800    79.945    79.988 
    9810    79.943    79.942 
    9820    79.943    79.942 
    9830    79.940    79.939 
    9840    79.943    79.942 
    9850    79.782    79.800 
    9860    79.943    79.941 
    9870    79.943    79.941 
    9880    79.943    79.942 
    9890    79.943    79.942 
    9900    79.941    80.284 
    9910    79.943    79.942 
    9920    79.943    79.942 
    9930    79.943    79.944 
    9940    79.943    79.942 
    9950    79.960    79.943 
    9960    79.943    79.942 
    9970    79.943    79.942 
    9980    79.944    79.941 
    9990    79.943    79.942 
   10000    79.943    79.942 
