       0   174.884   174.920 
      10   179.650   179.853 
      20   179.825   179.869 
      30   179.756   179.840 
      40   179.773   179.846 
      50   179.759   179.850 
      60   179.839   179.892 
      70   179.868   179.885 
      80   179.857   179.856 
      90   179.843   179.881 
     100   179.848   179.883 
     110   179.845   179.891 
     120   179.852   179.872 
     130   179.854   179.891 
     140   179.847   179.889 
     150   179.854   179.893 
     160   179.850   179.889 
     170   179.852   179.892 
     180   179.852   179.891 
     190   179.849   179.891 
     200   179.935   179.937 
     210   179.848   179.896 
     220   179.852   179.892 
     230   179.853   179.892 
     240   179.851   179.893 
     250   179.879   179.903 
     260   179.853   179.893 
     270   179.853   179.894 
     280   179.853   179.894 
     290   179.854   179.895 
     300   179.894   179.926 
     310   179.851   179.898 
     320   179.851   179.902 
     330   179.855   179.894 
     340   179.848   179.890 
     350   179.854   179.898 
     360   179.851   179.895 
     370   179.855   179.894 
     380   179.854   179.896 
     390   179.850   179.893 
     400   179.841   179.887 
     410   179.852   179.897 
     420   179.854   179.897 
     430   179.856   179.895 
     440   179.861   179.903 
     450   179.850   179.895 
     460   179.853   179.898 
     470   179.855   179.897 
     480   179.854   179.899 
     490   179.853   179.897 
     500   179.823   179.877 
     510   179.855   179.896 
     520   179.855   179.898 
     530   179.857   179.898 
     540   179.851   179.896 
     550   179.779   179.868 
     560   179.854   179.898 
     570   179.855   179.898 
     580   179.856   179.895 
     590   179.857   179.899 
     600   179.907   179.921 
     610   179.855   179.898 
     620   179.855   179.898 
     630   179.856   179.898 
     640   179.854   179.898 
     650   179.855   179.897 
     660   179.855   179.899 
     670   179.855   179.898 
     680   179.858   179.900 
     690   179.857   179.897 
     700   179.876   179.870 
     710   179.853   179.895 
     720   179.855   179.898 
     730   179.856   179.899 
     740   179.866   179.888 
     750   179.820   179.935 
     760   179.855   179.899 
     770   179.856   179.899 
     780   179.856   179.899 
     790   179.855   179.899 
     800   179.876   179.876 
     810   179.847   179.899 
     820   179.857   179.900 
     830   179.859   179.899 
     840   179.856   179.899 
     850   179.855   179.904 
     860   179.855   179.899 
     870   179.857   179.900 
     880   179.857   179.900 
     890   179.855   179.903 
     900   179.855   179.907 
     910   179.872   179.903 
     920   179.865   179.902 
     930   179.857   179.900 
     940   179.855   179.904 
     950   179.849   179.928 
     960   179.858   179.900 
     970   179.857   179.900 
     980   179.857   179.900 
     990   179.856   179.899 
    1000   179.858   179.901 
    1010   179.857   179.899 
    1020   179.857   179.900 
    1030   179.857   179.900 
    1040   179.848   179.895 
    1050   179.870   179.907 
    1060   179.854   179.905 
    1070   179.851   179.915 
    1080   179.857   179.900 
    1090   179.856   179.901 
    1100   179.856   179.896 
    1110   179.848   179.902 
    1120   179.861   179.899 
    1130   179.857   179.900 
    1140   179.857   179.900 
    1150   179.857   179.904 
    1160   179.858   179.900 
    1170   179.857   179.900 
    1180   179.857   179.901 
    1190   179.857   179.899 
    1200   179.855   179.873 
    1210   179.860   179.900 
    1220   179.858   179.901 
    1230   179.857   179.901 
    1240   179.856   179.897 
    1250   179.862   179.904 
    1260   179.858   179.900 
    1270   179.863   179.894 
    1280   179.858   179.900 
    1290   179.854   179.903 
    1300   179.862   179.897 
    1310   179.857   179.901 
    1320   179.857   179.900 
    1330   179.858   179.900 
    1340   179.857   179.902 
    1350   179.861   179.894 
    1360   179.861   179.900 
    1370   179.858   179.901 
    1380   179.858   179.901 
    1390   179.858   179.900 
    1400   179.881   180.096 
    1410   179.858   179.901 
    1420   179.858   179.901 
    1430   179.857   179.901 
    1440   179.858   179.901 
    1450   179.861   179.907 
    1460   179.860   179.900 
    1470   179.856   179.902 
    1480   179.859   179.901 
    1490   179.858   179.900 
    1500   179.858   179.896 
    1510   179.854   179.901 
    1520   179.859   179.901 
    1530   179.859   179.901 
    1540   179.858   179.901 
    1550   179.858   179.892 
    1560   179.860   179.901 
    1570   179.858   179.901 
    1580   179.859   179.901 
    1590   179.858   179.901 
    1600   179.857   179.923 
    1610   179.858   179.901 
    1620   179.858   179.901 
    1630   179.858   179.901 
    1640   179.858   179.902 
    1650   179.862   179.867 
    1660   179.858   179.901 
    1670   179.858   179.901 
    1680   109.137   174.662 
    1690   179.858   179.901 
    1700   179.857   179.934 
    1710   179.859   179.901 
    1720   179.859   179.901 
    1730   167.084   253.394 
    1740   179.859   179.901 
    1750   179.862   179.901 
    1760   179.859   179.901 
    1770   179.859   179.902 
    1780   179.859   179.901 
    1790   179.858   179.902 
    1800   179.864   179.860 
    1810   179.858   179.901 
    1820   179.859   179.901 
    1830   179.858   179.901 
    1840   179.859   179.902 
    1850   179.884   179.900 
    1860   179.859   179.901 
    1870   179.858   179.901 
    1880   179.859   179.901 
    1890   179.858   179.901 
    1900   179.916   179.908 
    1910   179.859   179.901 
    1920   179.859   179.901 
    1930   179.859   179.901 
    1940   179.859   179.901 
    1950   179.855   179.900 
    1960   179.859   179.902 
    1970   179.859   179.903 
    1980   179.859   179.901 
    1990   179.860   179.901 
    2000   179.858   179.909 
    2010   179.861   179.901 
    2020   179.857   179.901 
    2030   179.863   179.902 
    2040   179.859   179.901 
    2050   179.861   179.892 
    2060   179.860   179.901 
    2070   179.859   179.901 
    2080   179.858   179.903 
    2090   179.859   179.902 
    2100   179.840   179.970 
    2110   179.859   179.901 
    2120   179.859   179.901 
    2130   179.861   179.904 
    2140   179.859   179.901 
    2150   179.865   179.909 
    2160   179.859   179.901 
    2170   179.862   179.899 
    2180   179.860   179.902 
    2190   179.858   179.900 
    2200   179.866   179.908 
    2210   179.859   179.901 
    2220   179.858   179.903 
    2230   179.859   179.901 
    2240   179.861   179.902 
    2250   179.884   179.917 
    2260   179.859   179.901 
    2270   179.860   179.901 
    2280   179.862   179.903 
    2290   179.859   179.901 
    2300   179.840   179.889 
    2310   179.859   179.902 
    2320   179.860   179.901 
    2330   179.859   179.901 
    2340   179.865   179.905 
    2350   179.851   179.895 
    2360   179.869   179.881 
    2370   179.859   179.902 
    2380   179.860   179.902 
    2390   179.859   179.901 
    2400   179.864   179.903 
    2410   179.861   179.901 
    2420   179.860   179.901 
    2430   179.861   179.903 
    2440   179.860   179.901 
    2450   179.856   179.903 
    2460   179.860   179.901 
    2470   179.860   179.902 
    2480   179.860   179.902 
    2490   179.861   179.901 
    2500   179.958   179.863 
    2510   179.860   179.902 
    2520   179.860   179.902 
    2530   179.860   179.901 
    2540   179.860   179.902 
    2550   179.858   179.903 
    2560   179.860   179.901 
    2570   179.860   179.901 
    2580   179.860   179.901 
    2590   179.861   179.901 
    2600   179.873   179.891 
    2610   179.860   179.900 
    2620   179.860   179.901 
    2630   179.860   179.900 
    2640   179.860   179.902 
    2650   179.869   179.900 
    2660   179.860   179.900 
    2670   179.860   179.903 
    2680   179.861   179.899 
    2690   179.860   179.902 
    2700   179.853   179.907 
    2710   179.860   179.902 
    2720   179.859   179.899 
    2730   179.862   179.904 
    2740   179.860   179.902 
    2750   179.853   179.906 
    2760   179.861   179.902 
    2770   179.860   179.899 
    2780   179.861   179.901 
    2790   179.861   179.902 
    2800   179.858   179.901 
    2810   179.861   179.902 
    2820   179.861   179.901 
    2830   179.861   179.901 
    2840   179.861   179.902 
    2850   179.799   179.898 
    2860   179.861   179.902 
    2870   179.861   179.902 
    2880   179.862   179.901 
    2890   179.862   179.901 
    2900   179.920   179.886 
    2910   179.861   179.902 
    2920   179.861   179.902 
    2930   281.013   298.955 
    2940   179.861   179.902 
    2950   179.855   179.908 
    2960   179.860   179.902 
    2970   179.860   179.902 
    2980   179.861   179.901 
    2990   179.861   179.902 
    3000   179.860   179.906 
    3010   179.861   179.902 
    3020   179.861   179.902 
    3030   179.864   179.902 
    3040   179.861   179.903 
    3050   179.861   179.909 
    3060   179.861   179.901 
    3070   179.861   179.902 
    3080   179.861   179.902 
    3090   179.861   179.902 
    3100   179.818   179.905 
    3110   179.861   179.902 
    3120   179.861   179.902 
    3130   179.861   179.903 
    3140   179.861   179.901 
    3150   179.866   179.907 
    3160   179.861   179.902 
    3170   179.861   179.902 
    3180   179.862   179.902 
    3190   179.861   179.902 
    3200   179.831   179.893 
    3210   179.862   179.902 
    3220   179.862   179.902 
    3230   179.861   179.902 
    3240   179.861   179.902 
    3250   179.952   179.926 
    3260   179.862   179.902 
    3270   179.862   179.901 
    3280   179.862   179.901 
    3290   179.862   179.902 
    3300   179.865   179.904 
    3310   179.863   179.900 
    3320   179.863   179.900 
    3330   179.862   179.902 
    3340   179.862   179.902 
    3350   179.870   179.905 
    3360   179.861   179.902 
    3370   179.862   179.902 
    3380   179.862   179.902 
    3390   179.862   179.900 
    3400   179.862   179.890 
    3410   179.861   179.902 
    3420   179.862   179.902 
    3430   179.862   179.902 
    3440   179.862   179.903 
    3450   179.862   179.911 
    3460   179.861   179.902 
    3470   179.862   179.902 
    3480   179.863   179.902 
    3490   179.862   179.898 
    3500   179.864   179.908 
    3510   179.858   179.902 
    3520   179.862   179.902 
    3530   179.865   179.902 
    3540   179.862   179.902 
    3550   179.865   179.969 
    3560   179.862   179.902 
    3570   179.862   179.902 
    3580   179.862   179.902 
    3590   179.861   179.898 
    3600   179.858   179.870 
    3610   179.862   179.902 
    3620   179.862   179.902 
    3630   179.862   179.901 
    3640   179.862   179.901 
    3650   179.871   179.961 
    3660   179.862   179.902 
    3670   179.862   179.902 
    3680   179.862   179.901 
    3690   179.862   179.901 
    3700   179.872   179.969 
    3710   179.862   179.902 
    3720   179.862   179.902 
    3730   179.862   179.903 
    3740   179.862   179.901 
    3750   179.872   179.949 
    3760   179.862   179.902 
    3770   179.861   179.902 
    3780   179.864   179.904 
    3790   179.859   179.907 
    3800   179.856   179.897 
    3810   179.862   179.902 
    3820   179.862   179.902 
    3830   179.863   179.902 
    3840   179.862   179.902 
    3850   179.870   179.906 
    3860   179.862   179.903 
    3870   179.862   179.902 
    3880   179.862   179.903 
    3890   179.862   179.902 
    3900   179.844   179.896 
    3910   179.862   179.902 
    3920   179.862   179.902 
    3930   179.863   179.902 
    3940   179.862   179.902 
    3950   179.799   179.881 
    3960   179.862   179.902 
    3970   179.862   179.902 
    3980   179.863   179.902 
    3990   179.861   179.902 
    4000   179.857   179.900 
    4010   179.862   179.903 
    4020   179.863   179.903 
    4030   179.862   179.902 
    4040   179.862   179.902 
    4050   179.863   179.917 
    4060   179.861   179.902 
    4070   179.862   179.902 
    4080   179.862   179.902 
    4090   179.862   179.902 
    4100   179.872   180.002 
    4110   179.856   179.903 
    4120   179.863   179.902 
    4130   107.699   194.068 
    4140   179.863   179.902 
    4150   179.863   179.898 
    4160   179.863   179.902 
    4170   179.863   179.902 
    4180   179.863   179.902 
    4190   179.862   179.897 
    4200   179.844   179.769 
    4210   179.863   179.902 
    4220   179.863   179.902 
    4230   179.863   179.903 
    4240   179.863   179.902 
    4250   179.865   179.910 
    4260   179.863   179.902 
    4270   179.863   179.902 
    4280    88.887   213.842 
    4290   179.863   179.902 
    4300   179.858   179.872 
    4310   179.863   179.902 
    4320   179.863   179.902 
    4330   179.865   179.902 
    4340   179.863   179.902 
    4350   179.862   179.894 
    4360   179.865   179.902 
    4370   179.864   179.902 
    4380   179.863   179.902 
    4390   179.862   179.902 
    4400   179.870   179.963 
    4410   179.863   179.902 
    4420   179.863   179.902 
    4430   179.863   179.902 
    4440   179.863   179.902 
    4450   179.866   179.953 
    4460   179.863   179.902 
    4470   179.864   179.902 
    4480   179.864   179.902 
    4490   179.863   179.902 
    4500   179.865   179.910 
    4510   179.863   179.902 
    4520   179.863   179.902 
    4530   179.862   179.903 
    4540   179.864   179.902 
    4550   179.856   179.904 
    4560   179.863   179.902 
    4570   179.863   179.902 
    4580   179.863   179.903 
    4590   179.862   179.902 
    4600   179.859   179.903 
    4610   179.863   179.902 
    4620   179.863   179.902 
    4630   179.863   179.900 
    4640   179.863   179.902 
    4650   179.857   179.904 
    4660   179.862   179.903 
    4670   179.863   179.903 
    4680   179.869   179.906 
    4690   179.863   179.903 
    4700   179.856   179.930 
    4710   179.863   179.902 
    4720   179.863   179.902 
    4730   179.863   179.904 
    4740   179.863   179.904 
    4750   179.888   179.820 
    4760   179.864   179.903 
    4770   179.864   179.903 
    4780   179.864   179.902 
    4790   179.863   179.903 
    4800   179.858   179.903 
    4810   179.864   179.902 
    4820   179.864   179.905 
    4830   179.864   179.902 
    4840   179.864   179.903 
    4850   179.859   179.901 
    4860   179.864   179.903 
    4870   179.864   179.903 
    4880   175.449    91.622 
    4890   179.864   179.903 
    4900   179.816   179.902 
    4910   179.867   179.903 
    4920   179.864   179.903 
    4930   179.864   179.899 
    4940   179.865   179.903 
    4950   179.817   179.965 
    4960   179.864   179.903 
    4970   179.864   179.903 
    4980    97.428   163.064 
    4990   179.864   179.903 
    5000   179.865   179.895 
    5010   179.864   179.903 
    5020   179.865   179.903 
    5030   179.863   179.904 
    5040   179.864   179.903 
    5050   179.860   179.921 
    5060   179.864   179.903 
    5070   179.864   179.903 
    5080   179.866   179.902 
    5090   179.864   179.903 
    5100   179.862   179.899 
    5110   179.863   179.903 
    5120   179.867   179.901 
    5130   179.864   179.903 
    5140   179.864   179.903 
    5150   179.868   179.908 
    5160   179.864   179.903 
    5170   179.869   179.901 
    5180   179.860   179.902 
    5190   179.864   179.906 
    5200   179.865   179.893 
    5210   179.863   179.903 
    5220   179.865   179.903 
    5230   179.864   179.903 
    5240   179.864   179.904 
    5250   179.853   179.999 
    5260   179.864   179.903 
    5270   179.864   179.903 
    5280   179.864   179.902 
    5290   179.864   179.903 
    5300   179.866   179.896 
    5310   179.864   179.903 
    5320   179.869   179.904 
    5330   179.864   179.903 
    5340   179.864   179.902 
    5350   179.874   179.865 
    5360   179.865   179.903 
    5370   179.865   179.903 
    5380   238.527   288.726 
    5390   179.864   179.903 
    5400   179.902   179.886 
    5410   179.864   179.903 
    5420   179.864   179.903 
    5430   179.865   179.903 
    5440   179.864   179.903 
    5450   179.864   179.902 
    5460   179.864   179.903 
    5470   179.864   179.903 
    5480   179.863   179.904 
    5490   179.865   179.903 
    5500   179.857   179.912 
    5510   179.864   179.903 
    5520   179.863   179.901 
    5530   179.866   179.903 
    5540   179.864   179.903 
    5550   179.862   179.893 
    5560   179.865   179.902 
    5570   179.865   179.903 
    5580   179.864   179.903 
    5590   179.864   179.903 
    5600   179.858   179.896 
    5610   179.865   179.902 
    5620   179.865   179.903 
    5630   179.865   179.902 
    5640   179.864   179.903 
    5650   179.872   179.902 
    5660   179.865   179.902 
    5670   179.865   179.903 
    5680   179.865   179.903 
    5690   179.865   179.903 
    5700   179.864   179.898 
    5710   179.865   179.903 
    5720   179.865   179.903 
    5730   179.865   179.902 
    5740   179.865   179.903 
    5750   179.864   179.900 
    5760   179.865   179.903 
    5770   179.865   179.903 
    5780   179.866   179.903 
    5790   179.865   179.903 
    5800   179.867   179.912 
    5810   179.865   179.903 
    5820   179.864   179.904 
    5830   186.518   262.887 
    5840   179.865   179.903 
    5850   179.798   179.954 
    5860   179.865   179.903 
    5870   179.865   179.903 
    5880   179.865   179.903 
    5890   179.867   179.904 
    5900   179.855   179.899 
    5910   179.865   179.903 
    5920   179.865   179.903 
    5930   179.865   179.903 
    5940   179.865   179.903 
    5950   179.801   179.904 
    5960   179.865   179.903 
    5970   179.865   179.903 
    5980   179.865   179.903 
    5990   179.866   179.903 
    6000   179.870   179.902 
    6010   179.865   179.903 
    6020   179.865   179.903 
    6030   179.866   179.904 
    6040   179.865   179.903 
    6050   179.877   179.885 
    6060   179.866   179.904 
    6070   179.868   179.905 
    6080   179.865   179.904 
    6090   179.866   179.903 
    6100   179.862   179.903 
    6110   179.865   179.904 
    6120   179.865   179.904 
    6130   179.866   179.904 
    6140   179.866   179.904 
    6150   179.865   179.895 
    6160   179.866   179.903 
    6170   179.866   179.904 
    6180   179.866   179.903 
    6190   179.866   179.903 
    6200   179.863   179.931 
    6210   179.867   179.904 
    6220   179.866   179.904 
    6230   179.865   179.904 
    6240   179.866   179.904 
    6250   179.813   179.848 
    6260   179.866   179.904 
    6270   179.866   179.904 
    6280   179.866   179.903 
    6290   179.866   179.903 
    6300   179.858   179.879 
    6310   179.867   179.904 
    6320   179.867   179.903 
    6330   179.866   179.904 
    6340   179.866   179.904 
    6350   179.860   179.907 
    6360   179.866   179.904 
    6370   179.866   179.904 
    6380   179.867   179.904 
    6390   179.866   179.904 
    6400   179.867   179.903 
    6410   179.866   179.904 
    6420   179.866   179.904 
    6430   179.869   179.903 
    6440   179.866   179.904 
    6450   179.865   179.901 
    6460   179.866   179.904 
    6470   179.866   179.904 
    6480   179.866   179.904 
    6490   179.866   179.903 
    6500   179.879   179.981 
    6510   179.867   179.904 
    6520   179.868   179.904 
    6530   179.866   179.904 
    6540   179.866   179.904 
    6550   179.884   179.901 
    6560   179.867   179.903 
    6570   179.866   179.904 
    6580   179.867   179.903 
    6590   179.867   179.904 
    6600   179.912   179.910 
    6610   179.867   179.903 
    6620   179.867   179.904 
    6630   160.580   279.288 
    6640   179.867   179.904 
    6650   179.910   179.911 
    6660   179.867   179.904 
    6670   179.867   179.904 
    6680   223.613    72.603 
    6690   179.867   179.904 
    6700   179.858   179.901 
    6710   179.866   179.904 
    6720   179.868   179.905 
    6730   179.872   179.898 
    6740   179.866   179.905 
    6750   179.852   179.927 
    6760   179.867   179.904 
    6770   179.868   179.903 
    6780   179.868   179.904 
    6790   179.867   179.904 
    6800   179.865   179.897 
    6810   179.876   179.901 
    6820   179.867   179.904 
    6830   179.868   179.904 
    6840   179.867   179.904 
    6850   179.870   179.909 
    6860   179.867   179.904 
    6870   179.867   179.904 
    6880   179.866   179.902 
    6890   179.865   179.902 
    6900   179.898   179.948 
    6910   179.868   179.904 
    6920   179.867   179.905 
    6930   179.868   179.905 
    6940   179.866   179.902 
    6950   179.880   179.924 
    6960   179.867   179.905 
    6970   179.867   179.904 
    6980   179.276   215.386 
    6990   179.867   179.905 
    7000   179.861   179.929 
    7010   179.868   179.905 
    7020   179.871   179.906 
    7030   179.866   179.906 
    7040   179.867   179.906 
    7050   179.850   179.928 
    7060   179.868   179.905 
    7070   179.868   179.905 
    7080   179.866   179.904 
    7090   179.868   179.905 
    7100   179.869   179.901 
    7110   179.868   179.905 
    7120   179.867   179.904 
    7130   179.869   179.903 
    7140   179.867   179.906 
    7150   179.870   179.902 
    7160   179.869   179.906 
    7170   179.867   179.904 
    7180    95.279   127.299 
    7190   179.868   179.905 
    7200   179.865   179.912 
    7210   179.868   179.904 
    7220   179.864   179.902 
    7230   179.869   179.904 
    7240   179.868   179.905 
    7250   179.874   179.911 
    7260   179.869   179.904 
    7270   179.870   179.903 
    7280   179.868   179.904 
    7290   179.869   179.907 
    7300   179.872   179.912 
    7310   179.868   179.905 
    7320   179.869   179.904 
    7330   179.867   179.904 
    7340   179.867   179.904 
    7350   179.795   179.821 
    7360   179.868   179.905 
    7370   179.868   179.905 
    7380   179.869   179.906 
    7390   179.868   179.904 
    7400   179.849   179.882 
    7410   179.868   179.905 
    7420   179.871   179.902 
    7430   179.868   179.906 
    7440   179.868   179.905 
    7450   179.861   179.888 
    7460   179.868   179.905 
    7470   179.863   179.907 
    7480   179.885   179.907 
    7490   179.868   179.905 
    7500   179.868   179.899 
    7510   179.869   179.905 
    7520   179.869   179.905 
    7530   179.868   179.906 
    7540   179.868   179.906 
    7550   179.880   179.835 
    7560   179.867   179.905 
    7570   179.868   179.905 
    7580   179.868   179.905 
    7590   179.871   179.907 
    7600   179.866   179.903 
    7610   179.868   179.905 
    7620   179.869   179.905 
    7630   179.868   179.904 
    7640   179.868   179.904 
    7650   179.969   180.031 
    7660   179.870   179.905 
    7670   179.869   179.905 
    7680   179.869   179.905 
    7690   179.869   179.906 
    7700   179.868   179.921 
    7710   179.869   179.906 
    7720   179.871   179.906 
    7730   179.869   179.906 
    7740   179.869   179.907 
    7750   179.868   179.909 
    7760   179.869   179.905 
    7770   179.870   179.906 
    7780   179.869   179.906 
    7790   179.870   179.906 
    7800   179.869   179.913 
    7810   179.869   179.906 
    7820   179.870   179.906 
    7830   179.872   179.906 
    7840   179.870   179.905 
    7850   179.869   179.910 
    7860   179.870   179.906 
    7870   179.870   179.906 
    7880   179.870   179.907 
    7890   179.870   179.909 
    7900   179.874   179.889 
    7910   179.869   179.906 
    7920   179.871   179.906 
    7930   179.871   179.906 
    7940   179.873   179.896 
    7950   179.871   179.910 
    7960   179.870   179.906 
    7970   179.871   179.906 
    7980   179.869   179.905 
    7990   179.871   179.906 
    8000   179.872   179.905 
    8010   179.871   179.906 
    8020   179.871   179.906 
    8030   179.872   179.907 
    8040   179.873   179.900 
    8050   179.869   179.909 
    8060   179.867   179.907 
    8070   179.871   179.906 
    8080   179.871   179.906 
    8090   179.872   179.907 
    8100   179.836   179.901 
    8110   179.871   179.901 
    8120   179.871   179.906 
    8130   179.871   179.908 
    8140   179.871   179.906 
    8150   179.880   179.907 
    8160   179.871   179.923 
    8170   179.871   179.902 
    8180   179.872   179.907 
    8190   179.871   179.906 
    8200   179.868   179.896 
    8210   179.871   179.907 
    8220   179.871   179.906 
    8230   179.864   179.907 
    8240   179.871   179.907 
    8250   179.871   179.899 
    8260   179.871   179.907 
    8270   179.873   179.907 
    8280   179.871   179.907 
    8290   179.871   179.907 
    8300   179.869   179.904 
    8310   179.871   179.907 
    8320   179.871   179.907 
    8330   179.872   179.906 
    8340   179.871   179.907 
    8350   179.862   179.870 
    8360   179.879   179.907 
    8370   179.875   179.906 
    8380   179.872   179.909 
    8390   179.873   179.906 
    8400   179.902   179.901 
    8410   179.871   179.907 
    8420   179.871   179.907 
    8430   179.872   179.908 
    8440   179.881   179.904 
    8450   179.868   179.908 
    8460   179.871   179.906 
    8470   179.872   179.907 
    8480   179.872   179.906 
    8490   179.873   179.907 
    8500   179.881   179.906 
    8510   179.872   179.907 
    8520   179.874   179.903 
    8530   179.872   179.907 
    8540   179.871   179.906 
    8550   179.879   179.911 
    8560   179.871   179.910 
    8570   179.872   179.906 
    8580   179.872   179.907 
    8590   179.871   179.907 
    8600   179.912   179.916 
    8610   179.872   179.908 
    8620   179.872   179.910 
    8630   179.872   179.907 
    8640   179.877   179.908 
    8650   179.853   179.901 
    8660   179.875   179.892 
    8670   179.872   179.908 
    8680   179.872   179.909 
    8690   179.872   179.907 
    8700   179.878   179.909 
    8710   179.872   179.908 
    8720   179.872   179.907 
    8730   179.872   179.907 
    8740   179.870   179.907 
    8750   179.865   179.904 
    8760   179.872   179.907 
    8770   179.873   179.907 
    8780   179.881   179.902 
    8790   179.875   179.906 
    8800   179.866   179.912 
    8810   179.872   179.907 
    8820   179.873   179.907 
    8830   179.874   179.907 
    8840   179.874   179.907 
    8850   179.880   179.897 
    8860   179.873   179.908 
    8870   179.873   179.908 
    8880   179.873   179.908 
    8890   179.872   179.909 
    8900   179.870   179.916 
    8910   179.873   179.908 
    8920   179.873   179.907 
    8930   179.873   179.907 
    8940   179.871   179.910 
    8950   179.875   179.904 
    8960   179.873   179.908 
    8970   179.872   179.907 
    8980   179.872   179.908 
    8990   179.872   179.907 
    9000   179.869   179.888 
    9010   179.872   179.908 
    9020   179.872   179.908 
    9030   179.873   179.908 
    9040   179.873   179.894 
    9050   179.873   179.904 
    9060   179.873   179.908 
    9070   179.874   179.908 
    9080   179.874   179.907 
    9090   179.873   179.906 
    9100   179.872   179.785 
    9110   179.867   179.908 
    9120   179.874   179.908 
    9130   179.873   179.908 
    9140   179.873   179.908 
    9150   179.876   179.896 
    9160   179.874   179.908 
    9170   179.874   179.908 
    9180   179.872   179.908 
    9190   179.874   179.908 
    9200   179.877   179.911 
    9210   179.874   179.908 
    9220   179.867   179.913 
    9230   179.873   179.907 
    9240   179.873   179.908 
    9250   179.871   179.905 
    9260   179.873   179.909 
    9270   179.875   179.907 
    9280   179.873   179.907 
    9290   179.872   179.907 
    9300   179.941   179.968 
    9310   179.874   179.908 
    9320   179.874   179.908 
    9330   179.874   179.909 
    9340   179.873   179.906 
    9350   179.878   179.915 
    9360   179.876   179.910 
    9370   179.873   179.908 
    9380   179.876   179.909 
    9390   179.884   179.877 
    9400   179.871   179.914 
    9410   179.874   179.909 
    9420   179.873   179.907 
    9430   179.875   179.909 
    9440   179.874   179.910 
    9450   179.875   179.905 
    9460   179.871   179.909 
    9470   179.880   179.909 
    9480   179.874   179.909 
    9490   179.878   179.908 
    9500   179.886   179.902 
    9510   179.873   179.895 
    9520   179.878   179.927 
    9530   179.875   179.909 
    9540   179.874   179.909 
    9550   179.881   179.908 
    9560   179.876   179.916 
    9570   179.875   179.909 
    9580   179.875   179.909 
    9590   179.876   179.908 
    9600   179.883   179.944 
    9610   179.875   179.909 
    9620   179.875   179.909 
    9630   179.874   179.910 
    9640   179.875   179.907 
    9650   179.884   179.936 
    9660   179.876   179.909 
    9670   179.876   179.909 
    9680   179.876   179.910 
    9690   179.878   179.912 
    9700   179.876   179.919 
    9710   179.877   179.910 
    9720   179.876   179.909 
    9730   179.883   179.909 
    9740   179.877   179.910 
    9750   179.871   179.846 
    9760   179.877   179.910 
    9770   179.877   179.910 
    9780   179.874   179.910 
    9790   179.876   179.910 
    9800   179.874   179.903 
    9810   179.873   179.910 
    9820   179.875   179.909 
    9830   179.877   179.910 
    9840   179.877   179.910 
    9850   179.881   179.899 
    9860   179.877   179.910 
    9870   179.880   179.911 
    9880   179.877   179.910 
    9890   179.875   179.906 
    9900   179.876   179.903 
    9910   179.877   179.910 
    9920   179.877   179.910 
    9930   179.876   179.906 
    9940   179.876   179.905 
    9950   179.900   179.995 
    9960   179.877   179.910 
    9970   179.877   179.910 
    9980   179.875   179.910 
    9990   179.878   179.910 
   10000   179.878   179.911 
