       0     0.000   354.891 
      10   349.946   355.754 
      20   362.897   355.793 
      30   359.857   355.833 
      40   359.886   355.876 
      50   359.798   355.920 
      60     0.000   359.760 
      70     0.000   359.831 
      80   334.956   359.832 
      90   359.984   359.842 
     100   359.929   359.718 
     110     0.000   360.006 
     120   330.977   359.976 
     130   358.405   359.976 
     140   359.994   359.804 
     150     0.000   359.769 
     160   303.529   359.844 
     170     0.000   359.841 
     180   350.085   359.841 
     190   359.977   359.740 
     200     0.000   359.758 
     210   308.738   359.872 
     220     0.000   359.863 
     230   352.198   359.861 
     240   359.986   359.745 
     250     0.000   359.771 
     260     0.000   359.862 
     270     0.000   359.869 
     280   342.167   359.866 
     290   360.013   359.861 
     300   359.941   359.835 
     310     0.000   359.750 
     320     0.000   359.842 
     330   351.781   359.842 
     340     0.000   359.809 
     350     0.000   359.836 
     360   359.998   359.836 
     370   280.667   359.892 
     380   348.595   359.851 
     390   359.943   359.787 
     400   359.963   359.795 
     410     0.000   359.847 
     420     0.000   359.845 
     430   336.932   359.849 
     440   359.975   359.848 
     450     0.000   359.956 
     460     0.000   359.879 
     470   333.757   359.858 
     480   358.629   359.858 
     490     0.000   359.750 
     500   302.536   359.844 
     510   359.929   359.844 
     520   359.998   359.834 
     530   359.995   359.833 
     540   301.257   359.826 
     550   304.048   359.837 
     560   359.931   359.837 
     570   321.184   359.835 
     580     0.000   359.850 
     590     0.000   359.848 
     600   337.988   359.848 
     610   359.996   359.848 
     620     0.000   359.856 
     630   343.420   359.876 
     640   359.983   359.835 
     650   359.938   359.859 
     660     0.000   359.728 
     670     0.000   359.822 
     680   353.176   359.825 
     690     0.000   359.902 
     700     0.000   359.844 
     710   359.997   359.844 
     720     0.000   359.844 
     730   355.280   359.844 
     740   358.944   359.825 
     750     0.000   359.849 
     760   359.996   359.849 
     770     0.000   359.867 
     780   332.760   359.870 
     790   359.984   359.814 
     800   355.419   359.959 
     810   359.995   359.826 
     820   266.621   359.634 
     830   338.624   359.791 
     840   359.981   359.881 
     850   360.015   359.830 
     860   359.987   359.922 
     870     0.000   359.708 
     880   340.016   359.820 
     890   359.999   359.825 
     900   359.358   359.843 
     910     0.000   359.959 
     920     0.000   359.867 
     930   347.358   359.865 
     940   359.959   359.827 
     950   359.964   359.828 
     960     0.000   359.965 
     970     0.000   359.924 
     980   350.924   359.924 
     990   359.981   359.769 
    1000     0.000   359.861 
    1010     0.000   359.856 
    1020     0.000   359.855 
    1030   358.926   359.855 
    1040     0.000   359.840 
    1050   266.968   359.870 
    1060   358.474   359.870 
    1070   359.996   359.820 
    1080   359.995   359.841 
    1090     0.000   359.850 
    1100   276.625   359.835 
    1110   359.045   359.835 
    1120   359.994   359.912 
    1130   359.994   359.836 
    1140     0.000   359.866 
    1150   252.299   359.841 
    1160   341.748   359.844 
    1170   353.890   359.904 
    1180   359.598   359.841 
    1190   359.957   359.265 
    1200   359.889   360.034 
    1210   359.427   360.562 
    1220   359.837   359.554 
    1230   359.979   360.109 
    1240   359.955   360.012 
    1250   359.867   360.137 
    1260   359.959   359.856 
    1270   359.973   360.100 
    1280   359.973   359.767 
    1290   359.973   359.881 
    1300   358.055   359.683 
    1310   359.980   359.924 
    1320   359.980   359.887 
    1330   359.982   359.771 
    1340   359.984   359.872 
    1350   359.991   359.882 
    1360   359.985   359.965 
    1370   358.799   359.711 
    1380   359.991   359.782 
    1390   359.849   360.000 
    1400   360.415   359.875 
    1410   359.992   359.862 
    1420     0.000   359.718 
    1430   359.992   359.840 
    1440   359.995   359.869 
    1450   359.965   359.871 
    1460   359.995   359.894 
    1470     0.000   359.791 
    1480   353.720   359.888 
    1490   359.988   359.836 
    1500     0.000   359.985 
    1510     0.000   359.911 
    1520     0.000   359.902 
    1530   359.161   359.901 
    1540   359.996   359.852 
    1550     0.000   359.865 
    1560   360.012   359.865 
    1570   359.998   359.889 
    1580   359.995   359.892 
    1590     0.000   359.933 
    1600   305.233   359.889 
    1610   359.942   359.889 
    1620   359.995   359.839 
    1630   359.995   359.884 
    1640   358.176   359.844 
    1650   358.226   359.844 
    1660     0.000   359.919 
    1670     0.000   359.916 
    1680   359.361   359.915 
    1690     0.000   359.674 
    1700   318.183   359.699 
    1710   359.994   359.700 
    1720   359.997   359.904 
    1730     0.000   359.941 
    1740     0.000   359.828 
    1750   298.997   359.830 
    1760   360.061   359.830 
    1770   360.582   359.840 
    1780   359.995   359.847 
    1790     0.000   359.868 
    1800     0.000   359.875 
    1810     0.000   359.873 
    1820     0.000   359.873 
    1830   184.041   359.873 
    1840   370.061   359.872 
    1850   346.081   359.906 
    1860   359.927   359.900 
    1870   359.804   359.588 
    1880   359.940   361.162 
    1890   359.723   359.912 
    1900   360.017   359.531 
    1910   359.947   359.722 
    1920   360.011   359.952 
    1930   359.958   359.945 
    1940   359.964   359.894 
    1950   359.713   359.880 
    1960   359.983   359.821 
    1970   359.988   359.865 
    1980   359.981   359.893 
    1990   359.983   359.903 
    2000   361.444   359.801 
    2010   359.986   359.894 
    2020   359.987   359.897 
    2030   359.983   359.842 
    2040   359.988   359.883 
    2050   359.986   359.847 
    2060   359.986   359.896 
    2070   359.993   359.880 
    2080   359.995   359.824 
    2090     0.000   360.018 
    2100   325.418   359.947 
    2110   359.996   359.942 
    2120   360.127   359.910 
    2130   359.995   359.885 
    2140   282.949   359.905 
    2150   314.788   359.845 
    2160   359.994   359.845 
    2170   359.992   359.929 
    2180   359.999   359.878 
    2190     0.000   359.890 
    2200   321.986   359.883 
    2210   359.994   359.883 
    2220   327.723   359.882 
    2230     0.000   359.875 
    2240     0.000   359.876 
    2250   341.965   359.876 
    2260   359.997   359.880 
    2270   317.442   359.867 
    2280   355.373   359.869 
    2290   359.992   359.906 
    2300     0.000   359.835 
    2310     0.000   359.865 
    2320   340.925   359.867 
    2330   359.412   359.867 
    2340     0.000   359.973 
    2350     0.000   359.998 
    2360   359.968   359.980 
    2370   359.978   359.783 
    2380     0.000   359.893 
    2390     0.000   359.883 
    2400   344.960   359.882 
    2410   359.995   359.878 
    2420     0.000   359.866 
    2430   357.464   359.869 
    2440     0.000   359.902 
    2450     0.000   359.884 
    2460   359.995   359.883 
    2470     0.000   359.888 
    2480   354.856   359.890 
    2490   359.991   359.849 
    2500     0.000   359.923 
    2510     0.000   359.893 
    2520     0.000   359.887 
    2530   359.135   359.886 
    2540     0.000   359.803 
    2550     0.000   359.832 
    2560   359.950   359.841 
    2570   359.995   359.940 
    2580   359.996   359.872 
    2590     0.000   359.917 
    2600   322.741   359.901 
    2610   359.994   359.901 
    2620     0.000   359.841 
    2630   359.834   359.859 
    2640   320.361   359.914 
    2650   326.912   359.917 
    2660   359.996   359.914 
    2670     0.000   359.875 
    2680     0.000   359.881 
    2690   316.924   359.881 
    2700   317.186   359.881 
    2710   359.994   359.881 
    2720   359.995   359.872 
    2730     0.000   359.917 
    2740     0.000   359.877 
    2750   329.424   359.877 
    2760   359.996   359.877 
    2770   327.985   359.877 
    2780     0.000   359.883 
    2790   344.892   359.882 
    2800   345.310   359.882 
    2810   359.996   359.878 
    2820   264.644   359.939 
    2830   330.473   359.891 
    2840   359.968   359.875 
    2850   359.978   359.853 
    2860   359.994   359.923 
    2870     0.000   359.839 
    2880   201.138   359.865 
    2890   359.949   359.878 
    2900   359.565   359.876 
    2910   358.875   359.886 
    2920   360.052   360.120 
    2930   359.941   358.825 
    2940   360.125   360.053 
    2950   360.223   359.977 
    2960   359.960   359.938 
    2970   359.962   359.947 
    2980   359.968   359.911 
    2990   359.970   359.874 
    3000   359.963   359.755 
    3010   360.003   359.965 
    3020   359.980   359.899 
    3030   359.966   359.967 
    3040   359.986   359.890 
    3050   359.762   359.950 
    3060   359.985   359.830 
    3070   359.989   359.902 
    3080   359.989   359.887 
    3090   359.991   359.965 
    3100   359.700   359.871 
    3110   359.994   359.930 
    3120   359.996   359.877 
    3130   359.995   359.915 
    3140   358.761   359.859 
    3150     0.000   359.855 
    3160   350.535   359.864 
    3170   357.394   359.857 
    3180   359.993   359.857 
    3190   334.181   359.937 
    3200   343.877   359.956 
    3210   359.995   359.877 
    3220     0.000   359.890 
    3230   358.569   359.883 
    3240   359.635   359.877 
    3250     0.000   359.884 
    3260   351.070   359.884 
    3270   357.589   359.884 
    3280   359.994   359.884 
    3290   338.925   359.875 
    3300   346.935   359.871 
    3310     0.000   359.887 
    3320   327.296   359.889 
    3330   357.590   359.892 
    3340   359.996   359.857 
    3350     0.000   359.880 
    3360   328.334   359.882 
    3370     0.000   359.882 
    3380   357.885   359.882 
    3390   359.665   359.880 
    3400     0.000   359.882 
    3410   348.992   359.882 
    3420   350.685   359.882 
    3430   359.922   359.882 
    3440     0.000   359.890 
    3450     0.000   359.877 
    3460   364.968   359.878 
    3470   359.994   359.891 
    3480   359.995   359.847 
    3490     0.000   359.893 
    3500     0.000   359.875 
    3510   362.097   359.876 
    3520   359.994   359.897 
    3530   359.995   359.895 
    3540   279.454   360.025 
    3550   295.738   359.856 
    3560   360.845   359.856 
    3570   359.994   359.939 
    3580   359.999   359.872 
    3590     0.000   359.843 
    3600   310.947   359.875 
    3610   359.996   359.875 
    3620     0.000   359.900 
    3630   359.995   359.899 
    3640     0.000   359.839 
    3650   321.004   359.842 
    3660   359.994   359.842 
    3670     0.000   359.860 
    3680     0.000   359.888 
    3690     0.000   359.885 
    3700   349.387   359.885 
    3710     0.000   359.881 
    3720     0.000   359.867 
    3730     0.000   359.871 
    3740     0.000   359.872 
    3750   294.023   359.873 
    3760   362.232   359.873 
    3770   359.994   359.905 
    3780   359.994   359.895 
    3790   359.810   359.843 
    3800     0.000   359.832 
    3810   351.100   359.849 
    3820     0.000   359.840 
    3830   359.986   359.840 
    3840   338.325   359.926 
    3850   341.258   359.926 
    3860   359.997   359.872 
    3870     0.000   359.641 
    3880   353.392   359.687 
    3890   359.995   359.897 
    3900   359.999   359.884 
    3910     0.000   359.847 
    3920     0.000   359.877 
    3930   356.628   359.878 
    3940   359.466   359.832 
    3950     0.000   359.882 
    3960   359.995   359.882 
    3970     0.000   359.883 
    3980   354.178   359.884 
    3990     0.000   359.817 
    4000     0.000   359.920 
    4010     0.000   359.892 
    4020     0.000   359.880 
    4030   357.914   359.880 
    4040     0.000   359.887 
    4050     0.000   359.884 
    4060   339.234   359.883 
    4070     0.000   359.884 
    4080   359.608   359.884 
    4090     0.000   359.910 
    4100     0.000   359.912 
    4110   371.483   359.904 
    4120   359.992   359.826 
    4130   359.991   359.959 
    4140     0.000   359.900 
    4150     0.000   359.879 
    4160   302.084   359.881 
    4170     0.000   359.880 
    4180   349.371   359.880 
    4190   359.975   359.886 
    4200     0.000   359.849 
    4210   328.278   359.888 
    4220   331.614   359.883 
    4230   358.186   359.883 
    4240   359.683   359.935 
    4250     0.000   359.880 
    4260   334.719   359.881 
    4270     0.000   359.880 
    4280   359.474   359.880 
    4290     0.000   359.858 
    4300   287.406   359.850 
    4310   365.321   359.850 
    4320   359.994   359.953 
    4330   359.994   359.884 
    4340   302.253   359.904 
    4350   303.371   359.902 
    4360   359.930   359.902 
    4370   359.995   359.843 
    4380   359.995   359.883 
    4390     0.000   359.970 
    4400   277.986   359.844 
    4410   368.493   359.844 
    4420   359.993   359.977 
    4430   359.994   359.865 
    4440     0.000   359.808 
    4450   277.430   359.654 
    4460   365.214   359.654 
    4470   359.994   359.996 
    4480   359.993   359.832 
    4490   359.993   359.863 
    4500     0.000   359.923 
    4510     0.000   359.909 
    4520   343.847   359.897 
    4530   359.666   359.897 
    4540     0.000   359.420 
    4550     0.000   359.655 
    4560   362.642   359.665 
    4570   359.992   360.057 
    4580     0.000   360.046 
    4590     0.000   359.898 
    4600   334.623   359.895 
    4610   359.996   359.894 
    4620   301.870   359.913 
    4630   348.881   359.908 
    4640   359.986   359.824 
    4650   359.424   359.893 
    4660   359.942   359.834 
    4670   270.169   359.887 
    4680   343.099   359.891 
    4690   359.989   359.870 
    4700   356.380   360.003 
    4710   359.995   359.874 
    4720   329.501   359.886 
    4730     0.000   359.885 
    4740     0.000   359.884 
    4750   342.971   359.884 
    4760   359.996   359.880 
    4770     0.000   359.892 
    4780   352.234   359.891 
    4790   359.979   359.858 
    4800     0.000   359.905 
    4810   349.733   359.896 
    4820   350.037   359.896 
    4830   359.906   359.896 
    4840   317.316   359.829 
    4850   319.742   359.830 
    4860   359.994   359.830 
    4870   360.029   359.933 
    4880   359.991   360.315 
    4890   359.989   359.970 
    4900   358.517   359.848 
    4910     0.000   359.933 
    4920   337.354   359.928 
    4930   359.153   359.927 
    4940   311.046   359.584 
    4950     0.000   359.630 
    4960   359.994   359.639 
    4970   359.994   359.921 
    4980   359.995   359.920 
    4990     0.000   359.819 
    5000   338.919   359.825 
    5010   359.995   359.829 
    5020     0.000   360.162 
    5030     0.000   360.149 
    5040     0.000   360.097 
    5050   315.575   360.088 
    5060   359.994   360.088 
    5070     0.000   359.866 
    5080   351.479   359.901 
    5090   359.979   359.829 
    5100   360.029   359.837 
    5110   359.995   359.897 
    5120     0.000   359.885 
    5130   335.638   359.906 
    5140   359.987   359.904 
    5150   356.371   359.967 
    5160   359.995   359.874 
    5170     0.000   359.917 
    5180   330.415   359.915 
    5190   360.013   359.912 
    5200   360.013   359.828 
    5210   359.993   359.906 
    5220     0.000   359.892 
    5230   349.221   359.894 
    5240   359.985   359.850 
    5250     0.000   359.919 
    5260     0.000   359.893 
    5270     0.000   359.892 
    5280   359.554   359.891 
    5290     0.000   359.694 
    5300   310.206   359.777 
    5310   359.981   359.777 
    5320     0.000   360.023 
    5330   346.620   359.724 
    5340   359.977   359.989 
    5350   360.021   359.945 
    5360   359.997   359.884 
    5370     0.000   359.962 
    5380   337.512   359.906 
    5390   360.048   359.903 
    5400   360.109   359.825 
    5410   359.995   359.895 
    5420     0.000   359.882 
    5430   352.531   359.888 
    5440   359.980   359.864 
    5450   359.957   359.866 
    5460     0.000   359.962 
    5470     0.000   359.938 
    5480   354.118   359.935 
    5490   359.989   359.820 
    5500     0.000   359.927 
    5510   327.328   359.871 
    5520     0.000   359.874 
    5530   357.543   359.874 
    5540   359.395   359.667 
    5550   331.746   359.888 
    5560   359.996   359.887 
    5570     0.000   359.866 
    5580   357.176   359.876 
    5590     0.000   359.900 
    5600     0.000   359.887 
    5610   330.055   359.884 
    5620     0.000   359.886 
    5630   359.075   359.886 
    5640     0.000   359.812 
    5650     0.000   359.894 
    5660   287.081   359.885 
    5670     0.000   359.890 
    5680   340.631   359.890 
    5690   359.995   359.889 
    5700   358.732   359.913 
    5710   359.994   359.863 
    5720     0.000   359.945 
    5730   335.843   359.856 
    5740   359.985   359.859 
    5750   356.489   359.784 
    5760   359.995   359.888 
    5770   264.544   359.696 
    5780   331.273   359.812 
    5790   359.935   360.039 
    5800   360.020   359.980 
    5810   359.994   359.884 
    5820   284.974   359.886 
    5830     0.000   359.881 
    5840     0.000   359.881 
    5850   297.815   359.881 
    5860   360.621   359.881 
    5870   360.085   359.881 
    5880   359.995   359.881 
    5890     0.000   359.881 
    5900   310.340   359.881 
    5910   359.996   359.881 
    5920   360.003   359.881 
    5930   359.995   359.881 
    5940     0.000   359.881 
    5950   298.948   359.881 
    5960   360.051   359.881 
    5970   360.007   359.881 
    5980   359.995   359.881 
    5990     0.000   359.882 
    6000   297.206   359.882 
    6010   360.341   359.882 
    6020   359.995   359.878 
    6030     0.000   359.920 
    6040   297.451   359.845 
    6050   297.108   359.848 
    6060   360.270   359.848 
    6070   359.994   359.947 
    6080   359.995   359.873 
    6090     0.000   359.862 
    6100     0.000   359.862 
    6110   363.185   359.865 
    6120   359.994   359.919 
    6130   359.995   359.909 
    6140     0.000   359.905 
    6150   284.061   359.865 
    6160   367.501   359.865 
    6170   359.993   359.920 
    6180   359.995   359.846 
    6190   359.995   359.893 
    6200     0.000   359.871 
    6210   305.349   359.877 
    6220     0.000   359.876 
    6230   349.927   359.876 
    6240   359.972   359.892 
    6250   359.959   359.891 
    6260     0.000   359.799 
    6270     0.000   359.858 
    6280   351.883   359.860 
    6290   359.974   359.929 
    6300   359.965   359.919 
    6310     0.000   359.815 
    6320     0.000   359.821 
    6330   358.687   359.823 
    6340   359.994   359.886 
    6350     0.000   359.905 
    6360     0.000   359.870 
    6370     0.000   359.869 
    6380   354.727   359.870 
    6390   358.934   359.811 
    6400     0.000   359.912 
    6410   351.077   359.901 
    6420     0.000   359.906 
    6430   359.985   359.905 
    6440     0.000   359.883 
    6450   346.338   359.880 
    6460     0.000   359.880 
    6470     0.000   359.877 
    6480   328.322   359.877 
    6490   359.995   359.877 
    6500   356.917   359.842 
    6510   359.995   359.898 
    6520     0.000   359.901 
    6530     0.000   359.865 
    6540     0.000   359.865 
    6550   278.862   359.866 
    6560   359.496   359.866 
    6570   359.994   359.919 
    6580   359.994   359.826 
    6590     0.000   359.792 
    6600     0.000   359.897 
    6610   360.407   359.895 
    6620   359.994   359.844 
    6630   359.995   359.877 
    6640     0.000   359.941 
    6650   261.231   359.827 
    6660   367.735   359.827 
    6670   359.999   359.991 
    6680   359.993   359.852 
    6690   359.996   359.930 
    6700     0.000   359.835 
    6710     0.000   359.890 
    6720   319.793   359.896 
    6730   355.345   359.895 
    6740   359.990   359.845 
    6750     0.000   359.975 
    6760     0.000   359.867 
    6770     0.000   359.853 
    6780   356.684   359.854 
    6790   359.995   359.918 
    6800   298.072   359.839 
    6810   359.877   359.839 
    6820   359.996   359.864 
    6830   359.995   359.882 
    6840     0.000   359.898 
    6850   285.527   359.901 
    6860   366.631   359.901 
    6870   360.583   359.828 
    6880   359.995   359.894 
    6890     0.000   359.847 
    6900     0.000   359.853 
    6910   359.995   359.856 
    6920   319.912   359.923 
    6930   356.015   359.923 
    6940   359.994   359.846 
    6950   294.778   359.948 
    6960   359.819   359.948 
    6970   359.994   359.890 
    6980     0.000   359.866 
    6990   343.571   359.875 
    7000   344.049   359.875 
    7010   359.996   359.882 
    7020     0.000   359.873 
    7030   354.017   359.869 
    7040   358.799   359.832 
    7050     0.000   359.916 
    7060   351.003   359.903 
    7070     0.000   359.906 
    7080   359.958   359.905 
    7090     0.000   359.806 
    7100   324.188   359.822 
    7110   359.998   359.826 
    7120     0.000   359.805 
    7130     0.000   359.849 
    7140     0.000   359.864 
    7150   314.673   359.866 
    7160   359.995   359.866 
    7170     0.000   359.865 
    7180   351.458   359.845 
    7190   359.987   359.942 
    7200     0.000   359.897 
    7210     0.000   359.891 
    7220   347.702   359.889 
    7230   359.849   359.889 
    7240   312.748   359.881 
    7250   325.310   359.857 
    7260   359.999   359.859 
    7270   324.663   359.867 
    7280   358.168   359.874 
    7290     0.000   359.927 
    7300     0.000   359.858 
    7310   359.935   359.859 
    7320   359.996   359.925 
    7330     0.000   359.834 
    7340     0.000   359.913 
    7350   314.145   359.914 
    7360   359.995   359.914 
    7370     0.000   359.913 
    7380   351.577   359.884 
    7390   359.987   359.866 
    7400   360.042   359.868 
    7410     0.000   359.922 
    7420   259.732   359.932 
    7430   332.764   359.861 
    7440   359.906   359.930 
    7450   359.958   359.920 
    7460   359.995   359.872 
    7470   258.130   359.908 
    7480   321.421   359.922 
    7490   359.973   359.922 
    7500   360.046   359.790 
    7510   359.994   359.909 
    7520   257.569   359.769 
    7530   331.517   359.904 
    7540   359.978   359.861 
    7550   356.112   359.998 
    7560   359.994   359.870 
    7570   267.449   359.932 
    7580   329.055   359.922 
    7590   359.963   359.864 
    7600   360.019   359.790 
    7610   359.996   359.902 
    7620     0.000   359.884 
    7630   346.260   359.902 
    7640   359.991   359.865 
    7650   360.033   359.895 
    7660   359.995   359.841 
    7670     0.000   359.902 
    7680   327.051   359.895 
    7690   360.019   359.875 
    7700     0.000   359.868 
    7710     0.000   359.872 
    7720     0.000   359.875 
    7730   342.758   359.875 
    7740   360.005   359.876 
    7750   360.026   359.897 
    7760   359.997   359.876 
    7770   269.789   359.825 
    7780   333.247   359.884 
    7790   359.968   359.871 
    7800     0.000   359.880 
    7810   359.996   359.880 
    7820     0.000   359.878 
    7830   348.840   359.877 
    7840   359.984   359.887 
    7850     0.000   359.862 
    7860     0.000   359.884 
    7870     0.000   359.885 
    7880   357.182   359.885 
    7890     0.000   359.844 
    7900     0.000   359.878 
    7910   359.994   359.878 
    7920     0.000   359.886 
    7930   359.995   359.886 
    7940     0.000   359.876 
    7950   298.594   359.882 
    7960   360.057   359.882 
    7970     0.000   359.875 
    7980     0.000   359.875 
    7990     0.000   359.877 
    8000   349.760   359.877 
    8010     0.000   359.881 
    8020   296.055   359.858 
    8030   346.169   359.858 
    8040   359.990   359.894 
    8050   360.024   359.864 
    8060     0.000   359.968 
    8070     0.000   359.938 
    8080   352.924   359.938 
    8090   359.981   359.802 
    8100     0.000   360.103 
    8110     0.000   359.735 
    8120     0.000   359.723 
    8130   350.974   359.730 
    8140   359.989   359.906 
    8150   359.647   360.295 
    8160   359.988   359.779 
    8170   360.002   359.845 
    8180   359.994   359.891 
    8190   359.995   359.889 
    8200     0.000   359.883 
    8210   248.600   359.881 
    8220     0.000   359.882 
    8230   527.607   359.881 
    8240   359.706   359.878 
    8250   360.106   359.885 
    8260   360.024   359.837 
    8270   359.989   359.857 
    8280   359.953   359.810 
    8290   360.047   359.900 
    8300   359.990   359.809 
    8310   358.830   359.895 
    8320   359.995   359.815 
    8330   359.993   359.822 
    8340     0.000   359.873 
    8350   280.682   359.888 
    8360   366.855   359.888 
    8370   360.940   359.862 
    8380   359.995   359.887 
    8390   274.200   360.024 
    8400     0.000   359.875 
    8410   312.593   359.878 
    8420   319.223   359.876 
    8430   354.912   359.876 
    8440   358.955   359.853 
    8450     0.000   359.890 
    8460   350.922   359.886 
    8470     0.000   359.888 
    8480   359.976   359.888 
    8490     0.000   359.885 
    8500   357.465   359.891 
    8510     0.000   359.851 
    8520     0.000   359.838 
    8530   351.299   359.843 
    8540   359.974   359.955 
    8550   360.032   359.946 
    8560   359.995   359.867 
    8570   273.943   359.812 
    8580   337.941   359.852 
    8590   359.960   359.890 
    8600   360.015   359.945 
    8610   359.996   359.876 
    8620     0.000   360.016 
    8630   537.586   359.928 
    8640   361.960   359.773 
    8650   360.154   359.937 
    8660   359.980   360.439 
    8670   360.004   359.912 
    8680   360.126   359.658 
    8690   359.981   359.861 
    8700   359.980   359.792 
    8710   360.000   359.952 
    8720   359.984   359.890 
    8730   359.990   359.907 
    8740   359.996   359.957 
    8750   359.975   359.839 
    8760   359.991   359.878 
    8770   359.993   359.879 
    8780     0.000   359.955 
    8790   325.993   359.859 
    8800   325.451   359.861 
    8810   359.996   359.862 
    8820     0.000   359.927 
    8830   354.776   359.846 
    8840   359.992   359.927 
    8850   360.303   359.876 
    8860     0.000   359.921 
    8870     0.000   359.906 
    8880   359.615   359.904 
    8890   301.427   359.940 
    8900   312.895   359.893 
    8910   359.995   359.893 
    8920   359.995   359.840 
    8930     0.000   359.891 
    8940     0.000   359.887 
    8950   348.622   359.886 
    8960   359.995   359.878 
    8970   317.567   359.853 
    8980   355.227   359.852 
    8990     0.000   359.940 
    9000     0.000   359.913 
    9010   339.206   359.899 
    9020     0.000   359.906 
    9030   359.654   359.906 
    9040   316.575   359.847 
    9050     0.000   359.840 
    9060   359.994   359.842 
    9070     0.000   359.903 
    9080     0.000   359.899 
    9090   322.732   359.874 
    9100   322.147   359.875 
    9110   359.994   359.875 
    9120     0.000   359.900 
    9130     0.000   359.900 
    9140   354.249   359.895 
    9150   355.148   359.896 
    9160     0.000   359.880 
    9170     0.000   359.875 
    9180   359.881   359.875 
    9190     0.000   359.977 
    9200     0.000   359.916 
    9210   278.618   359.891 
    9220     0.000   359.899 
    9230   334.677   359.898 
    9240   359.982   359.872 
    9250   359.355   359.871 
    9260     0.000   359.952 
    9270     0.000   359.851 
    9280   351.087   359.849 
    9290   359.989   359.933 
    9300   360.176   359.881 
    9310     0.000   359.874 
    9320   308.398   359.882 
    9330     0.000   359.882 
    9340     0.000   359.882 
    9350   308.903   359.882 
    9360   359.959   359.882 
    9370     0.000   359.880 
    9380     0.000   359.880 
    9390   308.160   359.880 
    9400     0.000   359.880 
    9410   359.959   359.880 
    9420     0.000   359.878 
    9430     0.000   359.878 
    9440   349.468   359.879 
    9450   349.619   359.879 
    9460     0.000   359.880 
    9470     0.000   359.872 
    9480   347.099   359.872 
    9490   359.992   359.897 
    9500     0.000   360.029 
    9510     0.000   359.714 
    9520     0.000   359.713 
    9530   332.730   359.710 
    9540   359.978   360.039 
    9550   360.021   359.849 
    9560     0.000   359.904 
    9570   254.392   359.879 
    9580   510.612   359.881 
    9590   351.793   359.873 
    9600   359.741   359.887 
    9610   360.511   359.942 
    9620   352.913   359.101 
    9630   359.887   359.815 
    9640   356.003   359.803 
    9650   359.946   359.976 
    9660   359.801   359.964 
    9670   355.906   359.929 
    9680   359.965   359.856 
    9690   360.016   359.891 
    9700   359.972   359.885 
    9710   359.963   359.909 
    9720   360.006   359.867 
    9730   359.978   359.853 
    9740   359.979   359.900 
    9750   359.974   359.912 
    9760   359.986   359.899 
    9770   359.987   359.915 
    9780   359.991   359.921 
    9790   359.984   359.841 
    9800   359.999   359.793 
    9810   359.991   359.895 
    9820   359.987   359.884 
    9830   359.990   359.884 
    9840   359.988   359.863 
    9850   359.798   359.817 
    9860   359.994   359.881 
    9870   359.984   359.897 
    9880   359.995   359.862 
    9890   359.995   359.857 
    9900     0.000   359.977 
    9910   321.329   359.852 
    9920     0.000   359.858 
    9930   355.994   359.858 
    9940   359.993   359.921 
    9950     0.000   359.787 
    9960   329.009   359.896 
    9970     0.000   359.888 
    9980   358.015   359.888 
    9990   359.995   359.860 
   10000     0.000   359.929 
