       0    49.946    49.944 
      10    53.813    55.076 
      20    55.002    54.913 
      30    54.913    54.938 
      40    54.904    54.938 
      50    54.938    54.932 
      60    55.011    54.930 
      70    54.939    54.937 
      80    54.937    54.938 
      90    54.939    54.900 
     100    54.926    54.916 
     110    54.942    54.939 
     120    54.883    55.031 
     130    54.941    54.942 
     140    54.941    54.941 
     150    54.944    54.937 
     160    54.942    54.940 
     170    54.944    54.942 
     180    54.942    54.940 
     190    54.943    54.940 
     200    54.889    54.912 
     210    54.943    54.940 
     220    54.948    54.936 
     230    54.943    54.940 
     240    54.942    54.944 
     250    54.997    54.929 
     260    54.952    54.939 
     270    54.960    54.892 
     280    54.942    54.942 
     290    54.943    54.940 
     300    54.828    54.930 
     310    54.951    54.941 
     320    54.943    54.943 
     330    54.949    54.940 
     340    54.943    54.940 
     350    54.992    54.935 
     360    54.943    54.941 
     370    54.943    54.940 
     380    54.943    54.934 
     390    54.943    54.940 
     400    54.863    54.937 
     410    54.943    54.941 
     420    54.943    54.940 
     430    54.943    54.944 
     440    54.943    54.941 
     450    54.947    54.951 
     460    54.943    54.941 
     470    54.944    54.941 
     480    54.947    54.938 
     490    54.943    54.941 
     500    54.851    54.714 
     510    54.944    54.941 
     520    54.944    54.941 
     530    54.942    54.945 
     540    54.943    54.940 
     550    54.971    54.946 
     560    54.944    54.941 
     570    54.944    54.941 
     580    54.945    54.941 
     590    54.944    54.941 
     600    55.043    54.815 
     610    54.942    54.946 
     620    54.944    54.941 
     630    54.943    54.941 
     640    54.944    54.940 
     650    54.954    54.773 
     660    54.944    54.941 
     670    54.944    54.943 
     680    54.944    54.941 
     690    54.944    54.941 
     700    55.017    54.949 
     710    54.943    54.940 
     720    54.944    54.941 
     730    54.943    54.941 
     740    54.944    54.939 
     750    54.944    54.937 
     760    54.940    54.941 
     770    54.944    54.941 
     780    54.943    54.936 
     790    54.936    54.941 
     800    55.005    54.939 
     810    54.944    54.941 
     820    54.944    54.941 
     830    54.942    54.942 
     840    54.944    54.941 
     850    54.944    54.941 
     860    54.944    54.942 
     870    54.944    54.941 
     880    54.943    54.941 
     890    54.944    54.941 
     900    54.916    55.303 
     910    54.944    54.941 
     920    54.944    54.941 
     930    54.959    54.951 
     940    54.944    54.941 
     950    54.836    55.062 
     960    54.944    54.941 
     970    54.944    54.941 
     980    54.944    54.940 
     990    54.944    54.940 
    1000    54.943    54.898 
    1010    54.944    54.941 
    1020    54.944    54.941 
    1030    54.944    54.940 
    1040    54.944    54.941 
    1050    54.944    54.952 
    1060    54.944    54.941 
    1070    54.944    54.941 
    1080    54.941    54.941 
    1090    54.944    54.940 
    1100    54.954    55.021 
    1110    54.944    54.941 
    1120    54.944    54.940 
    1130    54.944    54.940 
    1140    54.944    54.940 
    1150    54.926    54.968 
    1160    54.944    54.940 
    1170    54.944    54.941 
    1180    54.944    54.943 
    1190    54.944    54.941 
    1200    54.448    54.963 
    1210    54.944    54.940 
    1220    54.944    54.941 
    1230    54.943    54.938 
    1240    54.944    54.941 
    1250    54.951    54.939 
    1260    54.948    54.940 
    1270    54.944    54.941 
    1280    54.947    54.941 
    1290    54.944    54.941 
    1300    54.936    54.724 
    1310    54.944    54.940 
    1320    54.944    54.941 
    1330    54.944    54.942 
    1340    54.944    54.941 
    1350    54.564    54.997 
    1360    54.947    54.941 
    1370    54.944    54.940 
    1380    54.942    54.940 
    1390    54.944    54.941 
    1400    54.852    55.075 
    1410    54.945    54.940 
    1420    54.944    54.941 
    1430    54.943    54.943 
    1440    54.944    54.941 
    1450    54.634    54.852 
    1460    54.944    54.940 
    1470    54.944    54.941 
    1480    54.943    54.941 
    1490    54.944    54.941 
    1500    54.837    55.032 
    1510    54.942    54.944 
    1520    54.944    54.941 
    1530    54.938    54.940 
    1540    54.944    54.941 
    1550    54.943    54.959 
    1560    54.932    54.941 
    1570    54.944    54.941 
    1580    54.945    54.941 
    1590    54.944    54.941 
    1600    54.940    54.937 
    1610    54.944    54.941 
    1620    54.944    54.941 
    1630    54.924    54.916 
    1640    54.943    54.940 
    1650    54.837    54.839 
    1660    54.944    54.941 
    1670    54.944    54.941 
    1680    54.944    54.940 
    1690    54.944    54.941 
    1700    54.935    54.885 
    1710    54.944    54.941 
    1720    54.944    54.941 
    1730    54.945    54.941 
    1740    54.944    54.941 
    1750    54.878    54.982 
    1760    54.944    54.941 
    1770    54.945    54.951 
    1780    54.943    54.941 
    1790    54.944    54.941 
    1800    54.960    54.938 
    1810    54.945    54.941 
    1820    54.944    54.941 
    1830    54.943    54.941 
    1840    54.944    54.941 
    1850    55.129    55.083 
    1860    54.944    54.941 
    1870    54.944    54.941 
    1880    54.946    54.943 
    1890    54.944    54.941 
    1900    55.077    54.866 
    1910    54.944    54.941 
    1920    54.944    54.941 
    1930    54.944    54.939 
    1940    54.944    54.941 
    1950    54.944    54.929 
    1960    54.944    54.941 
    1970    54.944    54.941 
    1980    54.944    54.941 
    1990    54.944    54.941 
    2000    54.944    54.961 
    2010    54.937    54.941 
    2020    54.944    54.941 
    2030    54.944    54.941 
    2040    54.944    54.947 
    2050    54.947    54.941 
    2060    54.944    54.942 
    2070    54.944    54.941 
    2080    54.944    54.940 
    2090    54.944    54.941 
    2100    54.939    55.030 
    2110    54.944    54.940 
    2120    54.944    54.941 
    2130    54.943    54.940 
    2140    54.944    54.941 
    2150    54.963    54.968 
    2160    54.944    54.941 
    2170    54.944    54.941 
    2180    54.945    54.939 
    2190    54.944    54.941 
    2200    54.957    54.882 
    2210    54.944    54.941 
    2220    54.944    54.941 
    2230    54.944    54.941 
    2240    54.944    54.941 
    2250    54.946    54.940 
    2260    54.944    54.941 
    2270    54.944    54.941 
    2280    54.943    54.941 
    2290    54.944    54.941 
    2300    54.737    55.053 
    2310    54.944    54.941 
    2320    54.944    54.941 
    2330    54.943    54.940 
    2340    54.944    54.940 
    2350    54.940    54.939 
    2360    54.944    54.941 
    2370    54.944    54.941 
    2380    54.947    54.949 
    2390    54.945    54.943 
    2400    54.941    54.943 
    2410    54.944    54.941 
    2420    54.944    54.941 
    2430    54.945    54.937 
    2440    54.944    54.941 
    2450    56.417    55.432 
    2460    54.902    54.938 
    2470    54.944    54.941 
    2480    54.944    54.942 
    2490    54.944    54.941 
    2500    54.742    54.934 
    2510    54.944    54.941 
    2520    54.944    54.941 
    2530    54.943    54.941 
    2540    54.944    54.941 
    2550    54.943    54.949 
    2560    54.944    54.941 
    2570    54.944    54.941 
    2580    54.944    54.940 
    2590    54.944    54.939 
    2600    54.944    54.936 
    2610    54.944    54.941 
    2620    54.946    54.941 
    2630    54.944    54.941 
    2640    54.944    54.941 
    2650    54.944    54.933 
    2660    54.944    54.941 
    2670    54.944    54.941 
    2680    54.944    54.941 
    2690    54.944    54.941 
    2700    54.945    54.940 
    2710    54.944    54.941 
    2720    54.944    54.941 
    2730    54.943    54.944 
    2740    54.944    54.941 
    2750    54.945    54.941 
    2760    54.944    54.941 
    2770    54.944    54.941 
    2780    54.940    54.939 
    2790    54.937    54.938 
    2800    54.944    54.944 
    2810    54.944    54.941 
    2820    54.944    54.941 
    2830    54.966    54.977 
    2840    54.944    54.941 
    2850    54.872    54.899 
    2860    54.944    54.941 
    2870    54.944    54.941 
    2880    54.944    54.939 
    2890    54.944    54.931 
    2900    54.942    54.941 
    2910    54.944    54.941 
    2920    54.944    54.941 
    2930    54.944    54.947 
    2940    54.944    54.941 
    2950    54.947    54.942 
    2960    54.944    54.941 
    2970    54.944    54.941 
    2980    54.945    54.948 
    2990    54.944    54.941 
    3000    55.216    54.897 
    3010    54.944    54.942 
    3020    54.944    54.941 
    3030    54.943    54.943 
    3040    54.944    54.941 
    3050    54.945    54.941 
    3060    54.944    54.941 
    3070    54.944    54.941 
    3080    54.943    54.940 
    3090    54.944    54.941 
    3100    55.036    54.815 
    3110    54.945    54.940 
    3120    54.944    54.941 
    3130    54.944    54.940 
    3140    54.944    54.941 
    3150    55.201    54.936 
    3160    54.944    54.941 
    3170    54.944    54.941 
    3180    54.943    54.940 
    3190    54.944    54.941 
    3200    56.024    54.637 
    3210    54.939    54.940 
    3220    54.942    54.940 
    3230    54.942    54.940 
    3240    54.944    54.941 
    3250    54.814    55.178 
    3260    54.944    54.941 
    3270    54.944    54.941 
    3280    54.946    54.942 
    3290    54.944    54.941 
    3300    54.949    54.937 
    3310    54.944    54.941 
    3320    54.944    54.941 
    3330    54.944    54.940 
    3340    54.942    54.941 
    3350    54.954    54.941 
    3360    54.944    54.941 
    3370    54.944    54.941 
    3380    54.944    54.944 
    3390    54.944    54.941 
    3400    55.223    54.944 
    3410    54.944    54.946 
    3420    54.944    54.941 
    3430    54.943    54.944 
    3440    54.944    54.941 
    3450    54.959    54.944 
    3460    54.944    54.941 
    3470    54.945    54.941 
    3480    54.942    54.942 
    3490    54.944    54.941 
    3500    54.788    54.725 
    3510    54.945    54.941 
    3520    54.944    54.941 
    3530    54.944    54.940 
    3540    54.944    54.941 
    3550    54.941    54.965 
    3560    54.944    54.941 
    3570    54.944    54.941 
    3580    54.944    54.940 
    3590    54.944    54.942 
    3600    54.913    54.916 
    3610    54.944    54.941 
    3620    54.944    54.941 
    3630    54.943    54.941 
    3640    54.944    54.941 
    3650    54.943    54.976 
    3660    54.944    54.941 
    3670    54.944    54.941 
    3680    54.944    54.941 
    3690    54.944    54.941 
    3700    54.944    54.947 
    3710    54.945    54.941 
    3720    54.944    54.941 
    3730    54.938    54.940 
    3740    54.944    54.941 
    3750    54.943    54.978 
    3760    54.944    54.941 
    3770    54.944    54.941 
    3780    54.944    54.941 
    3790    54.944    54.941 
    3800    54.944    54.943 
    3810    54.944    54.941 
    3820    54.944    54.941 
    3830    54.944    54.941 
    3840    54.945    54.941 
    3850    54.974    54.941 
    3860    54.944    54.941 
    3870    54.944    54.941 
    3880    54.943    54.940 
    3890    54.944    54.941 
    3900    53.714    55.028 
    3910    54.940    54.941 
    3920    54.943    54.941 
    3930    54.944    54.942 
    3940    54.944    54.941 
    3950    54.918    54.919 
    3960    54.944    54.941 
    3970    54.944    54.941 
    3980    54.944    54.940 
    3990    54.944    54.941 
    4000    54.941    54.775 
    4010    54.944    54.941 
    4020    54.944    54.941 
    4030    54.944    54.940 
    4040    54.944    54.941 
    4050    54.941    54.936 
    4060    54.944    54.941 
    4070    54.944    54.941 
    4080    54.934    54.920 
    4090    54.944    54.941 
    4100    54.773    55.007 
    4110    54.944    54.941 
    4120    54.944    54.941 
    4130    54.948    54.940 
    4140    54.944    54.941 
    4150    54.991    55.091 
    4160    54.944    54.941 
    4170    54.944    54.941 
    4180    54.939    54.941 
    4190    54.944    54.941 
    4200    54.943    54.935 
    4210    54.944    54.942 
    4220    54.944    54.941 
    4230    54.947    54.943 
    4240    54.944    54.941 
    4250    54.980    54.976 
    4260    54.944    54.941 
    4270    54.944    54.941 
    4280    54.941    54.941 
    4290    54.944    54.941 
    4300    54.945    54.924 
    4310    54.944    54.941 
    4320    54.944    54.941 
    4330    54.944    54.941 
    4340    54.944    54.941 
    4350    54.964    54.946 
    4360    54.944    54.941 
    4370    54.944    54.941 
    4380    54.935    54.938 
    4390    54.944    54.941 
    4400    54.946    54.936 
    4410    54.944    54.941 
    4420    54.944    54.941 
    4430    54.944    54.940 
    4440    54.944    54.941 
    4450    54.947    54.918 
    4460    54.944    54.941 
    4470    54.944    54.941 
    4480    54.945    54.943 
    4490    54.944    54.941 
    4500    54.952    54.938 
    4510    54.944    54.941 
    4520    54.944    54.940 
    4530    54.944    54.938 
    4540    54.944    54.941 
    4550    54.947    54.941 
    4560    54.944    54.941 
    4570    54.944    54.941 
    4580    54.944    54.940 
    4590    54.944    54.941 
    4600    54.628    54.909 
    4610    54.947    54.941 
    4620    54.944    54.941 
    4630    54.943    54.941 
    4640    54.944    54.941 
    4650    55.749    55.760 
    4660    54.944    54.941 
    4670    54.944    54.941 
    4680    54.943    54.941 
    4690    54.944    54.941 
    4700    54.904    54.943 
    4710    54.944    54.941 
    4720    54.944    54.941 
    4730    54.944    54.940 
    4740    54.944    54.941 
    4750    55.036    54.941 
    4760    54.944    54.941 
    4770    54.944    54.941 
    4780    54.945    54.943 
    4790    54.944    54.941 
    4800    54.943    54.941 
    4810    54.944    54.941 
    4820    54.944    54.941 
    4830    54.943    54.936 
    4840    54.944    54.941 
    4850    54.945    54.940 
    4860    54.944    54.941 
    4870    54.944    54.941 
    4880    54.945    54.940 
    4890    54.944    54.941 
    4900    54.880    54.830 
    4910    54.944    54.941 
    4920    54.944    54.941 
    4930    54.944    54.940 
    4940    54.944    54.941 
    4950    54.949    54.760 
    4960    54.944    54.941 
    4970    54.944    54.941 
    4980    54.954    54.943 
    4990    54.944    54.941 
    5000    54.944    54.939 
    5010    54.944    54.941 
    5020    54.944    54.941 
    5030    54.943    54.934 
    5040    54.944    54.941 
    5050    54.946    54.945 
    5060    54.944    54.941 
    5070    54.944    54.941 
    5080    54.944    54.943 
    5090    54.944    54.941 
    5100    54.956    54.938 
    5110    54.944    54.941 
    5120    54.944    54.941 
    5130    54.937    54.942 
    5140    54.944    54.941 
    5150    55.004    55.118 
    5160    54.944    54.941 
    5170    54.944    54.941 
    5180    54.944    54.936 
    5190    54.944    54.941 
    5200    54.955    54.943 
    5210    54.944    54.941 
    5220    54.944    54.941 
    5230    54.944    54.933 
    5240    54.944    54.941 
    5250    54.941    54.935 
    5260    54.944    54.941 
    5270    54.944    54.941 
    5280    54.939    54.942 
    5290    54.944    54.941 
    5300    54.982    54.975 
    5310    54.944    54.940 
    5320    54.944    54.941 
    5330   -23.012   186.810 
    5340    54.944    54.941 
    5350    54.964    54.949 
    5360    54.944    54.941 
    5370    54.944    54.941 
    5380    54.944    54.941 
    5390    54.944    54.940 
    5400    54.963    54.935 
    5410    54.944    54.941 
    5420    54.944    54.941 
    5430    54.944    54.940 
    5440    54.944    54.941 
    5450    54.947    54.938 
    5460    54.944    54.941 
    5470    54.944    54.941 
    5480    54.937    54.918 
    5490    54.944    54.941 
    5500    54.943    54.942 
    5510    54.944    54.941 
    5520    54.944    54.940 
    5530    54.953    54.935 
    5540    54.944    54.940 
    5550    54.939    54.936 
    5560    54.944    54.941 
    5570    54.944    54.941 
    5580    54.943    54.941 
    5590    54.944    54.941 
    5600    54.963    55.131 
    5610    54.944    54.940 
    5620    54.944    54.940 
    5630    54.940    54.940 
    5640    54.944    54.941 
    5650    54.914    55.071 
    5660    54.944    54.941 
    5670    54.944    54.941 
    5680   137.718   -29.291 
    5690    54.944    54.941 
    5700    54.946    54.936 
    5710    54.944    54.941 
    5720    54.944    54.941 
    5730    54.944    54.940 
    5740    54.944    54.941 
    5750    55.086    54.960 
    5760    54.944    54.941 
    5770    54.944    54.941 
    5780    54.946    54.941 
    5790    54.944    54.941 
    5800    54.974    55.075 
    5810    54.944    54.941 
    5820    54.944    54.941 
    5830    54.972    54.875 
    5840    54.938    54.965 
    5850    54.945    54.942 
    5860    54.943    54.941 
    5870    54.944    54.941 
    5880    54.944    54.941 
    5890    54.944    54.941 
    5900    54.942    54.931 
    5910    54.944    54.941 
    5920    54.944    54.941 
    5930    54.944    54.940 
    5940    54.944    54.941 
    5950    54.976    54.939 
    5960    54.944    54.929 
    5970    54.944    54.941 
    5980    54.945    54.937 
    5990    54.944    54.941 
    6000    54.932    54.937 
    6010    54.944    54.941 
    6020    54.944    54.941 
    6030    54.943    54.940 
    6040    54.944    54.941 
    6050    54.664    54.924 
    6060    54.944    54.941 
    6070    54.944    54.941 
    6080    54.942    54.942 
    6090    54.944    54.941 
    6100    55.062    55.050 
    6110    54.944    54.941 
    6120    54.944    54.941 
    6130    54.944    54.940 
    6140    54.944    54.941 
    6150    54.944    54.946 
    6160    54.944    54.941 
    6170    54.944    54.941 
    6180    54.946    54.941 
    6190    54.944    54.941 
    6200    54.887    54.945 
    6210    54.944    54.941 
    6220    54.944    54.941 
    6230    54.944    54.939 
    6240    54.944    54.941 
    6250    54.937    54.940 
    6260    54.944    54.941 
    6270    54.944    54.941 
    6280    54.946    54.943 
    6290    54.944    54.941 
    6300    54.908    54.953 
    6310    54.945    54.941 
    6320    54.944    54.941 
    6330    54.946    54.940 
    6340    54.944    54.941 
    6350    54.900    54.975 
    6360    54.944    54.941 
    6370    54.944    54.941 
    6380    54.944    54.941 
    6390    54.944    54.941 
    6400    54.938    55.019 
    6410    54.944    54.941 
    6420    54.944    54.941 
    6430    54.943    54.940 
    6440    54.944    54.941 
    6450    54.940    54.945 
    6460    54.944    54.941 
    6470    54.944    54.941 
    6480    54.945    54.941 
    6490    54.944    54.941 
    6500    54.914    54.843 
    6510    54.944    54.941 
    6520    54.944    54.941 
    6530    54.939    54.940 
    6540    54.944    54.941 
    6550    54.957    54.896 
    6560    54.944    54.940 
    6570    54.944    54.941 
    6580    54.942    54.944 
    6590    54.944    54.941 
    6600    54.820    54.885 
    6610    54.944    54.941 
    6620    54.944    54.941 
    6630    54.947    54.941 
    6640    54.944    54.941 
    6650    54.944    54.943 
    6660    54.944    54.941 
    6670    54.944    54.941 
    6680    54.943    54.941 
    6690    54.944    54.941 
    6700    54.863    55.276 
    6710    54.944    54.941 
    6720    54.944    54.941 
    6730    54.944    54.945 
    6740    54.944    54.941 
    6750    55.098    54.940 
    6760    54.944    54.926 
    6770    54.944    54.941 
    6780    54.944    54.941 
    6790    54.944    54.941 
    6800    54.953    54.960 
    6810    54.944    54.941 
    6820    54.944    54.941 
    6830    54.949    54.939 
    6840    54.944    54.941 
    6850    54.943    54.939 
    6860    54.944    54.941 
    6870    54.944    54.941 
    6880    54.943    54.941 
    6890    54.944    54.936 
    6900    54.943    54.943 
    6910    54.944    54.941 
    6920    54.944    54.941 
    6930    54.945    54.941 
    6940    54.944    54.941 
    6950    54.888    55.036 
    6960    54.944    54.941 
    6970    54.944    54.941 
    6980    54.948    54.941 
    6990    54.944    54.941 
    7000    54.940    54.919 
    7010    54.944    54.941 
    7020    54.944    54.941 
    7030    54.942    54.940 
    7040    54.944    54.941 
    7050    54.945    54.940 
    7060    54.944    54.943 
    7070    54.944    54.941 
    7080    54.942    54.940 
    7090    54.944    54.941 
    7100    54.704    55.845 
    7110    54.944    54.941 
    7120    54.938    54.936 
    7130    54.942    54.941 
    7140    54.944    54.941 
    7150    54.834    54.629 
    7160    54.944    54.941 
    7170    54.944    54.940 
    7180    54.949    54.939 
    7190    54.944    54.941 
    7200    54.943    54.939 
    7210    54.944    54.941 
    7220    54.944    54.941 
    7230    54.944    54.942 
    7240    54.944    54.944 
    7250    54.950    54.941 
    7260    54.944    54.939 
    7270    54.944    54.941 
    7280    54.944    54.940 
    7290    54.944    54.941 
    7300    54.966    54.935 
    7310    54.944    54.941 
    7320    54.944    54.941 
    7330    54.945    54.940 
    7340    54.944    54.941 
    7350    54.944    54.942 
    7360    54.944    54.941 
    7370    54.944    54.941 
    7380    54.942    54.939 
    7390    54.944    54.941 
    7400    54.945    54.940 
    7410    54.944    54.941 
    7420    54.944    54.941 
    7430    54.946    54.943 
    7440    54.944    54.941 
    7450    54.942    54.941 
    7460    54.944    54.941 
    7470    54.944    54.941 
    7480    54.942    54.944 
    7490    54.944    54.941 
    7500    54.988    54.956 
    7510    54.945    54.941 
    7520    54.944    54.941 
    7530    54.943    54.941 
    7540    54.944    54.941 
    7550    54.972    54.981 
    7560    54.944    54.941 
    7570    54.944    54.941 
    7580    54.943    54.944 
    7590    54.945    54.931 
    7600    54.950    54.941 
    7610    54.944    54.941 
    7620    54.944    54.941 
    7630    54.944    54.941 
    7640    54.944    54.941 
    7650    54.916    54.942 
    7660    54.944    54.941 
    7670    54.944    54.941 
    7680    54.943    54.940 
    7690    54.944    54.941 
    7700    54.946    54.950 
    7710    54.944    54.941 
    7720    54.944    54.941 
    7730    54.944    54.940 
    7740    54.944    54.941 
    7750    54.925    54.765 
    7760    54.944    54.941 
    7770    54.944    54.941 
    7780    54.951    54.932 
    7790    54.944    54.941 
    7800    54.949    54.944 
    7810    54.944    54.941 
    7820    54.944    54.941 
    7830    54.946    54.941 
    7840    54.944    54.941 
    7850    54.944    54.939 
    7860    54.944    54.941 
    7870    54.944    54.941 
    7880    54.949    54.941 
    7890    54.944    54.941 
    7900    54.944    54.950 
    7910    54.944    54.942 
    7920    54.949    54.942 
    7930    54.945    54.940 
    7940    54.944    54.941 
    7950    54.832    54.873 
    7960    54.944    54.941 
    7970    54.944    54.941 
    7980    54.944    54.941 
    7990    54.944    54.939 
    8000    54.943    54.945 
    8010    54.944    54.941 
    8020    54.944    54.941 
    8030    54.944    54.940 
    8040    54.944    54.941 
    8050    54.944    54.938 
    8060    54.944    54.941 
    8070    54.944    54.941 
    8080    54.942    54.940 
    8090    54.944    54.941 
    8100    54.945    54.937 
    8110    54.943    54.943 
    8120    54.944    54.941 
    8130    54.944    54.941 
    8140    54.943    54.941 
    8150    54.934    54.938 
    8160    54.944    54.941 
    8170    54.944    54.941 
    8180    54.941    54.941 
    8190    54.944    54.941 
    8200    55.205    55.010 
    8210    54.944    54.940 
    8220    54.943    54.940 
    8230    54.943    54.942 
    8240    54.944    54.941 
    8250    55.325    55.225 
    8260    54.944    54.941 
    8270    54.944    54.940 
    8280    54.946    54.940 
    8290    54.944    54.941 
    8300    54.940    54.941 
    8310    54.944    54.941 
    8320    54.944    54.941 
    8330    54.945    54.942 
    8340    54.944    54.941 
    8350    54.919    54.947 
    8360    54.944    54.941 
    8370    54.944    54.941 
    8380    54.945    54.941 
    8390    54.944    54.941 
    8400    54.956    54.953 
    8410    54.944    54.941 
    8420    54.944    54.941 
    8430    54.948    54.945 
    8440    54.944    54.940 
    8450    54.976    54.913 
    8460    54.944    54.941 
    8470    54.944    54.941 
    8480    54.945    54.941 
    8490    54.944    54.941 
    8500    54.976    54.919 
    8510    54.944    54.941 
    8520    54.944    54.941 
    8530    54.943    54.941 
    8540    54.944    54.941 
    8550    54.980    54.643 
    8560    54.944    54.941 
    8570    54.944    54.941 
    8580    54.941    54.942 
    8590    54.944    54.941 
    8600    54.923    54.913 
    8610    54.953    54.942 
    8620    54.944    54.941 
    8630    54.945    54.941 
    8640    54.944    54.941 
    8650    54.878    54.907 
    8660    54.944    54.941 
    8670    54.944    54.941 
    8680    54.944    54.941 
    8690    54.944    54.941 
    8700    54.932    54.874 
    8710    54.942    54.947 
    8720    54.944    54.941 
    8730    54.943    54.941 
    8740    54.944    54.941 
    8750    55.028    54.716 
    8760    54.944    54.941 
    8770    54.944    54.941 
    8780    54.944    54.938 
    8790    54.944    54.941 
    8800    54.993    54.938 
    8810    54.944    54.941 
    8820    54.944    54.941 
    8830    54.944    54.940 
    8840    54.944    54.941 
    8850    54.946    54.940 
    8860    54.944    54.941 
    8870    54.944    54.941 
    8880    54.940    54.942 
    8890    54.944    54.941 
    8900    54.946    54.945 
    8910    54.944    54.941 
    8920    54.944    54.941 
    8930    54.945    54.940 
    8940    54.944    54.941 
    8950    54.931    54.907 
    8960    54.944    54.941 
    8970    54.944    54.941 
    8980    54.945    54.939 
    8990    54.944    54.941 
    9000    54.928    54.913 
    9010    54.956    54.942 
    9020    54.944    54.941 
    9030   -63.354    62.840 
    9040    54.944    54.941 
    9050    54.950    54.689 
    9060    54.944    54.941 
    9070    54.944    54.941 
    9080    54.941    54.940 
    9090    54.928    54.937 
    9100    54.943    54.939 
    9110    54.944    54.941 
    9120    54.943    54.941 
    9130    54.945    54.941 
    9140    54.944    54.941 
    9150    55.005    54.812 
    9160    54.944    54.941 
    9170    54.944    54.941 
    9180    54.944    54.942 
    9190    54.943    54.940 
    9200    54.945    54.941 
    9210    54.944    54.941 
    9220    54.944    54.941 
    9230    54.948    54.952 
    9240    54.946    54.948 
    9250    54.946    54.940 
    9260    54.944    54.941 
    9270    54.944    54.941 
    9280    54.940    54.940 
    9290    54.944    54.940 
    9300    54.935    54.943 
    9310    54.947    54.940 
    9320    54.944    54.941 
    9330    54.946    54.940 
    9340    54.944    54.941 
    9350    54.948    54.956 
    9360    54.944    54.941 
    9370    54.944    54.941 
    9380    54.940    54.943 
    9390    54.944    54.941 
    9400    54.946    54.943 
    9410    54.944    54.941 
    9420    54.944    54.941 
    9430    54.941    54.941 
    9440    54.944    54.941 
    9450    54.944    54.942 
    9460    54.944    54.941 
    9470    54.944    54.941 
    9480    54.935    54.941 
    9490    54.944    54.941 
    9500    54.944    54.938 
    9510    54.944    54.941 
    9520    54.944    54.941 
    9530    54.942    54.940 
    9540    54.944    54.941 
    9550    54.958    54.918 
    9560    54.944    54.941 
    9570    54.944    54.941 
    9580    54.941    54.943 
    9590    54.944    54.941 
    9600    54.886    54.906 
    9610    54.945    54.941 
    9620    54.944    54.941 
    9630    54.944    54.941 
    9640    54.944    54.941 
    9650    54.946    54.936 
    9660    54.944    54.941 
    9670    54.944    54.941 
    9680    54.945    54.939 
    9690    54.944    54.941 
    9700    54.943    54.940 
    9710    54.944    54.941 
    9720    54.944    54.941 
    9730    54.942    54.934 
    9740    54.944    54.941 
    9750    54.965    54.941 
    9760    54.944    54.941 
    9770    54.944    54.941 
    9780    54.943    54.941 
    9790    54.944    54.941 
    9800    54.949    54.869 
    9810    54.944    54.941 
    9820    54.944    54.941 
    9830    54.958    54.950 
    9840    54.944    54.941 
    9850    54.935    54.954 
    9860    54.944    54.941 
    9870    54.944    54.941 
    9880    54.944    54.942 
    9890    54.944    54.941 
    9900    54.918    54.955 
    9910    54.946    54.941 
    9920    54.944    54.941 
    9930    54.944    54.940 
    9940    54.945    54.941 
    9950    54.952    54.940 
    9960    54.944    54.941 
    9970    54.944    54.941 
    9980    54.944    54.941 
    9990    54.944    54.940 
   10000    54.944    54.941 
