       0   324.935   324.883 
      10   330.270   328.047 
      20   329.979   329.306 
      30   330.138   329.578 
      40   329.827   329.663 
      50   329.812   329.695 
      60   329.929   329.815 
      70   329.930   329.827 
      80   329.931   329.859 
      90   329.934   329.811 
     100   329.935   329.829 
     110   329.933   329.826 
     120   329.933   329.840 
     130   329.932   329.845 
     140   329.934   329.844 
     150   329.957   329.838 
     160   329.934   329.829 
     170   329.934   329.852 
     180   329.934   329.846 
     190   329.935   329.873 
     200   329.996   329.767 
     210   329.937   329.848 
     220   329.936   329.851 
     230   329.933   329.851 
     240   329.935   329.852 
     250   329.946   329.802 
     260   329.935   329.850 
     270   329.935   329.853 
     280   329.934   329.843 
     290   329.926   329.852 
     300   329.938   329.852 
     310   329.935   329.852 
     320   329.935   329.853 
     330   329.935   329.840 
     340   329.937   329.853 
     350   329.866   329.852 
     360   329.935   329.857 
     370   329.935   329.852 
     380   329.934   329.852 
     390   329.965   329.854 
     400   329.932   329.851 
     410   329.935   329.853 
     420   329.935   329.855 
     430   329.934   329.833 
     440   329.935   329.854 
     450   330.002   329.854 
     460   329.935   329.853 
     470   329.935   329.855 
     480   329.935   329.854 
     490   329.935   329.861 
     500   329.935   329.854 
     510   329.935   329.855 
     520   329.935   329.867 
     530   329.935   329.858 
     540   329.935   329.858 
     550   329.945   329.854 
     560   329.936   329.857 
     570   329.935   329.855 
     580   329.940   329.855 
     590   329.935   329.855 
     600   329.816   329.842 
     610   329.935   329.857 
     620   329.976   329.855 
     630   329.935   329.859 
     640   329.936   329.856 
     650   329.936   329.857 
     660   329.936   329.856 
     670   329.936   329.856 
     680   329.936   329.856 
     690   329.936   329.857 
     700   329.940   329.857 
     710   329.936   329.858 
     720   329.936   329.846 
     730   329.935   329.859 
     740   329.935   329.856 
     750   329.640   329.856 
     760   329.936   329.857 
     770   329.940   329.857 
     780   329.936   329.856 
     790   329.949   329.856 
     800   329.678   329.857 
     810   329.936   329.858 
     820   329.936   329.857 
     830   329.936   329.847 
     840   329.936   329.857 
     850   329.902   329.856 
     860   329.936   329.856 
     870   329.936   329.857 
     880   329.935   329.856 
     890   329.936   329.857 
     900   329.933   329.849 
     910   329.936   329.858 
     920   329.936   329.856 
     930   329.933   329.857 
     940   329.936   329.857 
     950   329.932   329.866 
     960   329.953   329.857 
     970   329.936   329.857 
     980   329.935   329.855 
     990   329.936   329.856 
    1000   329.952   329.857 
    1010   329.936   329.857 
    1020   329.936   329.857 
    1030   329.933   329.857 
    1040   329.936   329.857 
    1050   329.936   329.951 
    1060   329.955   329.857 
    1070   329.936   329.857 
    1080   329.935   329.857 
    1090   329.935   329.857 
    1100   330.034   329.856 
    1110   329.936   329.857 
    1120   329.936   329.857 
    1130   329.936   329.857 
    1140   329.936   329.858 
    1150   329.916   329.867 
    1160   329.935   329.857 
    1170   329.935   329.857 
    1180   329.935   329.858 
    1190   329.936   329.857 
    1200   329.786   329.825 
    1210   329.935   329.856 
    1220   329.934   329.856 
    1230   329.935   329.855 
    1240   329.936   329.857 
    1250   329.956   329.890 
    1260   329.935   329.857 
    1270   329.936   329.856 
    1280   329.940   329.857 
    1290   329.936   329.857 
    1300   329.935   329.865 
    1310   329.936   329.857 
    1320   329.936   329.857 
    1330   329.935   329.858 
    1340   329.936   329.857 
    1350   329.956   329.849 
    1360   329.947   329.857 
    1370   329.935   329.857 
    1380   329.936   329.853 
    1390   329.935   329.857 
    1400   329.945   329.857 
    1410   329.936   329.857 
    1420   329.936   329.857 
    1430   329.935   329.857 
    1440   329.936   329.857 
    1450   329.948   329.864 
    1460   329.937   329.855 
    1470   329.936   329.857 
    1480   329.935   329.857 
    1490   329.936   329.857 
    1500   329.936   329.882 
    1510   329.936   329.857 
    1520   329.936   329.857 
    1530   329.935   329.857 
    1540   329.936   329.857 
    1550   329.921   329.868 
    1560   329.936   329.857 
    1570   329.936   329.857 
    1580   329.937   329.857 
    1590   329.936   329.857 
    1600   329.936   329.819 
    1610   329.936   329.857 
    1620   329.936   329.857 
    1630   329.935   329.857 
    1640   329.936   329.857 
    1650   329.930   329.856 
    1660   329.936   329.857 
    1670   329.936   329.857 
    1680   329.935   329.860 
    1690   329.936   329.857 
    1700   329.934   329.857 
    1710   329.936   329.857 
    1720   329.936   329.857 
    1730   329.935   329.857 
    1740   329.936   329.857 
    1750   329.939   329.866 
    1760   329.936   329.857 
    1770   329.936   329.857 
    1780   329.936   329.856 
    1790   329.936   329.857 
    1800   329.950   329.869 
    1810   329.936   329.856 
    1820   329.936   329.857 
    1830   329.936   329.857 
    1840   329.936   329.857 
    1850   329.950   329.847 
    1860   329.936   329.857 
    1870   329.936   329.857 
    1880   329.935   329.857 
    1890   329.936   329.857 
    1900   329.895   330.003 
    1910   329.935   329.857 
    1920   329.936   329.857 
    1930   329.938   329.857 
    1940   329.936   329.857 
    1950   329.936   329.845 
    1960   329.936   329.858 
    1970   329.936   329.857 
    1980   329.935   329.854 
    1990   329.936   329.857 
    2000   329.940   329.854 
    2010   329.937   329.856 
    2020   329.936   329.857 
    2030   329.934   329.857 
    2040   329.936   329.857 
    2050   329.932   329.863 
    2060   329.935   329.856 
    2070   329.936   329.857 
    2080   329.933   329.857 
    2090   329.936   329.857 
    2100   329.936   329.856 
    2110   329.935   329.859 
    2120   329.918   329.857 
    2130   329.936   329.857 
    2140   329.936   329.857 
    2150   329.965   329.874 
    2160   329.935   329.861 
    2170   329.937   329.860 
    2180   329.928   329.857 
    2190   329.936   329.857 
    2200   329.923   329.841 
    2210   329.935   329.856 
    2220   329.935   329.857 
    2230   329.940   329.857 
    2240   329.936   329.857 
    2250   329.937   329.848 
    2260   329.936   329.855 
    2270   329.936   329.857 
    2280   329.936   329.853 
    2290   329.935   329.857 
    2300   329.945   329.869 
    2310   329.936   329.857 
    2320   329.936   329.857 
    2330   329.935   329.857 
    2340   329.936   329.857 
    2350   329.936   329.866 
    2360   329.936   329.857 
    2370   329.936   329.857 
    2380   329.934   329.857 
    2390   329.936   329.857 
    2400   329.939   329.858 
    2410   329.935   329.854 
    2420   329.938   329.856 
    2430   329.932   329.858 
    2440   329.936   329.857 
    2450   329.933   329.860 
    2460   329.938   329.858 
    2470   329.946   329.855 
    2480   329.936   329.860 
    2490   329.936   329.857 
    2500   329.942   329.887 
    2510   329.936   329.856 
    2520   329.936   329.857 
    2530   329.934   329.857 
    2540   329.936   329.857 
    2550   329.936   329.850 
    2560   329.936   329.858 
    2570   329.936   329.857 
    2580   329.935   329.856 
    2590   329.936   329.857 
    2600   329.938   329.851 
    2610   329.936   329.855 
    2620   329.936   329.857 
    2630   329.935   329.857 
    2640   329.936   329.857 
    2650   329.935   329.865 
    2660   329.936   329.856 
    2670   329.936   329.857 
    2680   189.719   320.500 
    2690   329.936   329.857 
    2700   329.941   329.857 
    2710   329.936   329.857 
    2720   329.936   329.857 
    2730   329.935   329.860 
    2740   329.936   329.857 
    2750   330.031   329.857 
    2760   329.936   329.857 
    2770   329.936   329.857 
    2780   329.936   329.854 
    2790   329.936   329.857 
    2800   330.288   329.857 
    2810   329.936   329.859 
    2820   329.936   329.857 
    2830   329.935   329.857 
    2840   329.936   329.857 
    2850   329.925   329.927 
    2860   329.936   329.857 
    2870   329.936   329.857 
    2880   329.936   329.856 
    2890   329.936   329.857 
    2900   329.842   329.873 
    2910   329.935   329.857 
    2920   329.941   329.857 
    2930   329.935   329.855 
    2940   329.936   329.857 
    2950   329.934   329.857 
    2960   329.936   329.857 
    2970   329.936   329.857 
    2980   329.935   329.858 
    2990   329.936   329.857 
    3000   329.929   329.857 
    3010   329.935   329.854 
    3020   329.936   329.856 
    3030   329.936   329.857 
    3040   329.936   329.857 
    3050   329.600   329.860 
    3060   329.936   329.856 
    3070   329.936   329.857 
    3080   329.936   329.857 
    3090   329.936   329.857 
    3100   329.950   329.857 
    3110   329.936   329.857 
    3120   329.936   329.856 
    3130   329.935   329.852 
    3140   329.936   329.857 
    3150   329.956   329.857 
    3160   329.936   329.857 
    3170   329.936   329.857 
    3180   329.936   329.880 
    3190   329.936   329.857 
    3200   329.957   329.855 
    3210   329.935   329.856 
    3220   329.936   329.857 
    3230   329.932   329.857 
    3240   329.936   329.857 
    3250   329.907   329.854 
    3260   329.936   329.853 
    3270   329.936   329.858 
    3280   329.936   329.857 
    3290   329.936   329.857 
    3300   329.971   329.929 
    3310   329.937   329.857 
    3320   329.936   329.857 
    3330   329.936   329.858 
    3340   329.936   329.857 
    3350   330.034   329.878 
    3360   329.955   329.857 
    3370   329.936   329.857 
    3380   329.936   329.856 
    3390   329.935   329.857 
    3400   329.877   329.857 
    3410   329.936   329.857 
    3420   329.936   329.857 
    3430   329.936   329.859 
    3440   329.936   329.857 
    3450   329.931   329.857 
    3460   329.936   329.857 
    3470   329.936   329.857 
    3480   329.936   329.856 
    3490   329.936   329.857 
    3500   329.933   329.856 
    3510   329.936   329.857 
    3520   329.936   329.857 
    3530   329.936   329.851 
    3540   329.936   329.858 
    3550   329.676   329.855 
    3560   329.936   329.858 
    3570   329.936   329.857 
    3580   329.935   329.857 
    3590   329.936   329.857 
    3600   329.936   329.847 
    3610   329.936   329.857 
    3620   329.936   329.857 
    3630   329.935   329.862 
    3640   329.936   329.856 
    3650   329.941   329.857 
    3660   329.936   329.857 
    3670   329.936   329.857 
    3680   329.936   329.861 
    3690   329.935   329.857 
    3700   329.945   329.855 
    3710   329.936   329.855 
    3720   329.936   329.857 
    3730   329.936   329.852 
    3740   329.936   329.857 
    3750   330.231   329.856 
    3760   329.936   329.856 
    3770   329.936   329.857 
    3780   329.935   329.857 
    3790   329.936   329.856 
    3800   329.943   329.857 
    3810   329.936   329.859 
    3820   329.936   329.857 
    3830   329.936   329.859 
    3840   329.936   329.857 
    3850   329.911   329.857 
    3860   329.936   329.857 
    3870   329.936   329.857 
    3880   329.935   329.860 
    3890   329.936   329.857 
    3900   329.944   329.857 
    3910   329.936   329.857 
    3920   329.936   329.857 
    3930   329.936   329.851 
    3940   329.936   329.857 
    3950   329.939   329.858 
    3960   329.937   329.858 
    3970   329.936   329.857 
    3980   329.936   329.856 
    3990   329.936   329.857 
    4000   329.937   329.855 
    4010   329.936   329.856 
    4020   329.936   329.857 
    4030   329.935   329.857 
    4040   329.936   329.857 
    4050   329.939   329.867 
    4060   329.936   329.857 
    4070   329.936   329.857 
    4080   329.936   329.857 
    4090   329.936   329.857 
    4100   329.930   329.857 
    4110   329.936   329.857 
    4120   329.936   329.857 
    4130   329.941   329.849 
    4140   329.936   329.856 
    4150   329.935   329.858 
    4160   329.936   329.857 
    4170   329.936   329.857 
    4180   329.936   329.857 
    4190   329.936   329.857 
    4200   329.934   329.846 
    4210   329.936   329.857 
    4220   329.936   329.857 
    4230   329.936   329.852 
    4240   329.936   329.857 
    4250   329.951   329.857 
    4260   329.936   329.857 
    4270   329.936   329.857 
    4280   329.936   329.830 
    4290   329.936   329.857 
    4300   329.953   329.855 
    4310   329.935   329.856 
    4320   329.936   329.857 
    4330   329.936   329.857 
    4340   329.936   329.857 
    4350   329.931   329.857 
    4360   329.936   329.857 
    4370   329.936   329.857 
    4380   329.936   329.849 
    4390   329.936   329.857 
    4400   329.942   329.857 
    4410   329.936   329.857 
    4420   329.936   329.857 
    4430   329.936   329.858 
    4440   329.936   329.857 
    4450   329.931   329.857 
    4460   329.936   329.857 
    4470   329.936   329.857 
    4480   329.935   329.866 
    4490   329.935   329.857 
    4500   329.935   329.857 
    4510   329.936   329.857 
    4520   329.936   329.857 
    4530   329.936   329.861 
    4540   329.936   329.857 
    4550   329.998   329.854 
    4560   329.936   329.857 
    4570   329.936   329.857 
    4580   329.936   329.857 
    4590   329.936   329.857 
    4600   329.791   329.873 
    4610   329.953   329.857 
    4620   329.936   329.857 
    4630   329.935   329.852 
    4640   329.935   329.857 
    4650   329.934   329.847 
    4660   329.936   329.857 
    4670   329.936   329.857 
    4680   329.935   329.857 
    4690   329.936   329.857 
    4700   329.937   329.857 
    4710   329.936   329.857 
    4720   329.936   329.857 
    4730   329.936   329.868 
    4740   329.936   329.857 
    4750   329.920   329.857 
    4760   329.936   329.857 
    4770   329.936   329.857 
    4780   329.935   329.858 
    4790   329.936   329.857 
    4800   329.912   329.858 
    4810   329.936   329.857 
    4820   329.932   329.857 
    4830   329.936   329.857 
    4840   329.936   329.857 
    4850   329.927   329.781 
    4860   329.936   329.857 
    4870   329.936   329.857 
    4880   329.934   329.857 
    4890   329.936   329.857 
    4900   329.935   329.856 
    4910   329.936   329.858 
    4920   329.936   329.857 
    4930   329.936   329.853 
    4940   329.936   329.857 
    4950   329.714   329.857 
    4960   329.936   329.857 
    4970   329.936   329.857 
    4980   329.936   329.861 
    4990   329.936   329.857 
    5000   329.935   329.857 
    5010   329.936   329.857 
    5020   329.936   329.857 
    5030   329.935   329.857 
    5040   329.936   329.857 
    5050   329.922   329.819 
    5060   329.936   329.857 
    5070   329.936   329.857 
    5080   329.931   329.857 
    5090   329.936   329.857 
    5100   329.936   329.856 
    5110   329.936   329.857 
    5120   329.936   329.857 
    5130   329.934   329.830 
    5140   329.936   329.857 
    5150   329.926   329.856 
    5160   329.936   329.857 
    5170   329.936   329.857 
    5180   329.935   329.854 
    5190   329.936   329.857 
    5200   329.941   329.857 
    5210   329.936   329.857 
    5220   329.936   329.857 
    5230   329.936   329.833 
    5240   329.936   329.857 
    5250   330.032   329.857 
    5260   329.936   329.857 
    5270   329.936   329.857 
    5280   329.936   329.860 
    5290   329.936   329.857 
    5300   329.938   329.857 
    5310   329.936   329.857 
    5320   329.936   329.857 
    5330   329.935   329.857 
    5340   329.936   329.857 
    5350   330.012   329.857 
    5360   329.936   329.857 
    5370   329.936   329.857 
    5380   329.936   329.855 
    5390   329.936   329.857 
    5400   329.933   329.884 
    5410   329.936   329.857 
    5420   329.936   329.857 
    5430   329.936   329.859 
    5440   329.936   329.857 
    5450   329.935   329.831 
    5460   329.936   329.857 
    5470   329.936   329.857 
    5480   329.936   329.840 
    5490   329.936   329.857 
    5500   329.931   329.855 
    5510   329.936   329.856 
    5520   329.936   329.858 
    5530   329.937   329.857 
    5540   329.936   329.857 
    5550   329.936   329.839 
    5560   329.936   329.858 
    5570   329.936   329.857 
    5580   329.935   329.857 
    5590   329.936   329.857 
    5600   329.944   329.850 
    5610   329.936   329.856 
    5620   329.936   329.857 
    5630   329.935   329.857 
    5640   329.935   329.856 
    5650   330.208   329.857 
    5660   329.936   329.857 
    5670   329.936   329.857 
    5680   329.935   329.852 
    5690   329.935   329.857 
    5700   329.939   329.857 
    5710   329.936   329.857 
    5720   329.936   329.857 
    5730   329.935   329.857 
    5740   329.936   329.857 
    5750   329.923   329.869 
    5760   329.949   329.857 
    5770   329.936   329.857 
    5780   329.936   329.858 
    5790   329.936   329.857 
    5800   329.952   329.856 
    5810   329.937   329.857 
    5820   329.936   329.857 
    5830   329.936   329.857 
    5840   329.936   329.857 
    5850   329.946   329.823 
    5860   329.937   329.857 
    5870   329.936   329.857 
    5880   329.940   329.857 
    5890   329.936   329.857 
    5900   329.936   329.850 
    5910   329.936   329.859 
    5920   329.936   329.857 
    5930   329.935   329.853 
    5940   329.936   329.857 
    5950   329.754   329.769 
    5960   329.936   329.856 
    5970   329.942   329.857 
    5980   329.936   329.862 
    5990   329.936   329.856 
    6000   329.937   329.856 
    6010   329.936   329.857 
    6020   329.936   329.857 
    6030   329.936   329.838 
    6040   329.936   329.857 
    6050   329.852   329.861 
    6060   329.936   329.857 
    6070   329.936   329.857 
    6080   329.936   329.858 
    6090   329.936   329.857 
    6100   329.936   329.857 
    6110   329.936   329.857 
    6120   329.936   329.857 
    6130   329.936   329.855 
    6140   329.936   329.857 
    6150   330.135   329.858 
    6160   329.936   329.857 
    6170   329.936   329.857 
    6180   329.936   329.875 
    6190   329.936   329.857 
    6200   329.935   329.857 
    6210   329.936   329.857 
    6220   329.936   329.857 
    6230   329.935   329.856 
    6240   329.935   329.857 
    6250   329.935   329.852 
    6260   329.936   329.858 
    6270   329.936   329.857 
    6280   329.936   329.857 
    6290   329.936   329.857 
    6300   329.793   329.807 
    6310   329.955   329.857 
    6320   329.936   329.856 
    6330   329.935   329.857 
    6340   329.936   329.857 
    6350   329.665   329.859 
    6360   329.936   329.857 
    6370   329.936   329.857 
    6380   329.936   329.860 
    6390   329.936   329.857 
    6400   329.913   329.859 
    6410   329.936   329.858 
    6420   329.935   329.856 
    6430   329.939   329.857 
    6440   329.936   329.857 
    6450   329.945   329.887 
    6460   329.936   329.857 
    6470   329.936   329.857 
    6480   329.936   329.858 
    6490   329.936   329.857 
    6500   329.995   329.857 
    6510   329.936   329.857 
    6520   329.936   329.857 
    6530   329.936   329.857 
    6540   329.936   329.857 
    6550   329.938   329.843 
    6560   329.936   329.857 
    6570   329.936   329.857 
    6580   329.935   329.844 
    6590   329.936   329.856 
    6600   329.950   329.858 
    6610   329.936   329.857 
    6620   329.936   329.857 
    6630   329.936   329.858 
    6640   329.936   329.857 
    6650   329.933   329.851 
    6660   329.936   329.857 
    6670   329.936   329.857 
    6680   329.935   329.853 
    6690   329.936   329.857 
    6700   329.905   329.841 
    6710   329.950   329.857 
    6720   329.936   329.857 
    6730   329.935   329.856 
    6740   329.936   329.857 
    6750   329.657   329.857 
    6760   329.936   329.857 
    6770   329.937   329.857 
    6780   329.936   329.857 
    6790   329.936   329.857 
    6800   329.951   329.890 
    6810   329.937   329.857 
    6820   329.939   329.857 
    6830   329.935   329.857 
    6840   329.936   329.857 
    6850   330.286   329.859 
    6860   329.936   329.857 
    6870   329.936   329.857 
    6880   329.936   329.857 
    6890   329.936   329.857 
    6900   329.930   329.857 
    6910   329.936   329.857 
    6920   329.936   329.857 
    6930   329.936   329.867 
    6940   329.936   329.856 
    6950   329.978   329.883 
    6960   329.950   329.857 
    6970   329.936   329.858 
    6980   329.935   329.857 
    6990   329.936   329.857 
    7000   330.209   329.858 
    7010   329.936   329.857 
    7020   329.936   329.857 
    7030   329.936   329.841 
    7040   329.935   329.857 
    7050   329.936   329.857 
    7060   329.936   329.857 
    7070   329.936   329.857 
    7080   329.936   329.853 
    7090   329.936   329.857 
    7100   330.267   329.854 
    7110   329.936   329.857 
    7120   329.935   329.857 
    7130   329.936   329.858 
    7140   329.936   329.857 
    7150   329.869   329.860 
    7160   329.935   329.860 
    7170   329.930   329.855 
    7180   329.938   329.857 
    7190   329.936   329.857 
    7200   329.937   329.862 
    7210   329.951   329.857 
    7220   329.936   329.857 
    7230   329.936   329.857 
    7240   329.936   329.857 
    7250   329.911   329.873 
    7260   329.947   329.857 
    7270   329.936   329.856 
    7280   329.936   329.854 
    7290   329.936   329.857 
    7300   329.935   329.831 
    7310   329.936   329.856 
    7320   329.936   329.857 
    7330   329.936   329.866 
    7340   329.936   329.856 
    7350   329.947   329.857 
    7360   329.936   329.857 
    7370   329.936   329.857 
    7380   329.935   329.857 
    7390   329.936   329.857 
    7400   329.935   329.858 
    7410   329.936   329.857 
    7420   329.936   329.857 
    7430   329.936   329.857 
    7440   329.936   329.857 
    7450   329.935   329.862 
    7460   329.936   329.855 
    7470   329.936   329.857 
    7480   329.936   329.857 
    7490   329.936   329.857 
    7500   329.936   329.857 
    7510   329.936   329.857 
    7520   329.936   329.857 
    7530   329.935   329.856 
    7540   329.936   329.857 
    7550   329.942   329.857 
    7560   329.936   329.858 
    7570   329.936   329.857 
    7580   329.935   329.858 
    7590   329.936   329.857 
    7600   329.980   329.856 
    7610   329.935   329.853 
    7620   329.936   329.857 
    7630   329.935   329.853 
    7640   329.936   329.857 
    7650   329.812   329.857 
    7660   329.936   329.858 
    7670   329.936   329.857 
    7680   329.935   329.860 
    7690   329.936   329.857 
    7700   329.933   329.857 
    7710   329.936   329.857 
    7720   329.936   329.857 
    7730   329.936   329.854 
    7740   329.935   329.857 
    7750   329.935   329.850 
    7760   329.936   329.857 
    7770   329.936   329.857 
    7780   329.938   329.887 
    7790   329.936   329.856 
    7800   329.937   329.862 
    7810   329.936   329.857 
    7820   329.936   329.857 
    7830   329.936   329.860 
    7840   329.936   329.857 
    7850   330.146   329.859 
    7860   329.936   329.857 
    7870   329.936   329.857 
    7880   329.936   329.857 
    7890   329.936   329.857 
    7900   329.995   329.857 
    7910   329.936   329.857 
    7920   329.936   329.857 
    7930   329.936   329.856 
    7940   329.936   329.857 
    7950   329.937   329.834 
    7960   329.936   329.858 
    7970   329.936   329.857 
    7980   329.936   329.862 
    7990   329.936   329.857 
    8000   330.292   329.857 
    8010   329.936   329.857 
    8020   329.936   329.857 
    8030   329.933   329.831 
    8040   329.936   329.856 
    8050   329.934   329.859 
    8060   329.936   329.857 
    8070   329.936   329.857 
    8080   329.936   329.857 
    8090   329.936   329.857 
    8100   329.927   329.857 
    8110   329.936   329.857 
    8120   329.936   329.857 
    8130   329.936   329.855 
    8140   329.935   329.857 
    8150   329.935   329.875 
    8160   329.936   329.856 
    8170   329.936   329.857 
    8180   329.930   329.857 
    8190   329.936   329.857 
    8200   329.936   329.860 
    8210   329.936   329.857 
    8220   329.936   329.857 
    8230   329.936   329.841 
    8240   329.935   329.857 
    8250   329.931   329.857 
    8260   329.936   329.857 
    8270   329.936   329.858 
    8280   329.936   329.856 
    8290   329.936   329.857 
    8300   329.935   329.857 
    8310   329.936   329.857 
    8320   329.936   329.857 
    8330   329.935   329.864 
    8340   329.936   329.857 
    8350   329.937   329.857 
    8360   329.936   329.857 
    8370   329.936   329.857 
    8380   329.936   329.857 
    8390   329.936   329.857 
    8400   329.667   329.855 
    8410   329.936   329.857 
    8420   329.936   329.857 
    8430   329.935   329.862 
    8440   329.936   329.857 
    8450   329.949   329.853 
    8460   329.937   329.858 
    8470   329.936   329.857 
    8480   329.939   329.857 
    8490   329.936   329.857 
    8500   329.932   329.860 
    8510   329.936   329.857 
    8520   329.936   329.857 
    8530   329.935   329.856 
    8540   329.936   329.857 
    8550   329.747   329.883 
    8560   329.936   329.857 
    8570   329.936   329.857 
    8580   329.936   329.857 
    8590   329.936   329.857 
    8600   329.938   329.845 
    8610   329.936   329.857 
    8620   329.936   329.857 
    8630   329.936   329.857 
    8640   329.936   329.857 
    8650   329.749   329.857 
    8660   329.936   329.858 
    8670   329.936   329.857 
    8680   329.935   329.860 
    8690   329.936   329.857 
    8700   329.935   329.857 
    8710   329.936   329.857 
    8720   329.936   329.857 
    8730   329.936   329.856 
    8740   329.936   329.857 
    8750   330.031   329.857 
    8760   329.936   329.857 
    8770   329.936   329.857 
    8780   329.936   329.856 
    8790   329.936   329.857 
    8800   329.936   329.817 
    8810   329.962   329.857 
    8820   329.936   329.857 
    8830   329.935   329.854 
    8840   329.936   329.857 
    8850   329.931   329.858 
    8860   329.936   329.857 
    8870   329.936   329.857 
    8880   329.935   329.859 
    8890   329.936   329.857 
    8900   329.935   329.856 
    8910   329.936   329.857 
    8920   329.936   329.857 
    8930   329.936   329.859 
    8940   329.936   329.857 
    8950   329.901   329.857 
    8960   329.936   329.857 
    8970   329.936   329.857 
    8980   329.937   329.863 
    8990   329.936   329.857 
    9000   329.910   329.844 
    9010   329.936   329.856 
    9020   329.936   329.857 
    9030   329.931   329.857 
    9040   329.936   329.857 
    9050   329.936   329.861 
    9060   329.936   329.857 
    9070   329.936   329.857 
    9080   329.930   329.857 
    9090   329.936   329.857 
    9100   329.935   329.848 
    9110   329.936   329.855 
    9120   329.936   329.857 
    9130   329.935   329.856 
    9140   329.936   329.857 
    9150   330.087   329.857 
    9160   329.936   329.857 
    9170   329.936   329.857 
    9180   329.936   329.853 
    9190   329.936   329.857 
    9200   329.671   329.854 
    9210   329.936   329.851 
    9220   329.936   329.856 
    9230   329.936   329.859 
    9240   329.935   329.857 
    9250   329.936   329.862 
    9260   329.936   329.856 
    9270   329.936   329.857 
    9280   329.935   329.860 
    9290   329.936   329.857 
    9300   329.971   329.875 
    9310   329.937   329.856 
    9320   329.936   329.857 
    9330   329.939   329.857 
    9340   329.936   329.857 
    9350   329.937   329.939 
    9360   329.951   329.857 
    9370   329.936   329.857 
    9380   329.936   329.859 
    9390   329.936   329.857 
    9400   329.942   329.857 
    9410   329.936   329.857 
    9420   329.936   329.857 
    9430   329.935   329.859 
    9440   329.936   329.857 
    9450   329.945   329.857 
    9460   329.937   329.857 
    9470   329.936   329.857 
    9480   329.935   329.856 
    9490   329.935   329.857 
    9500   329.934   329.852 
    9510   329.936   329.857 
    9520   329.936   329.857 
    9530   329.936   329.857 
    9540   329.936   329.857 
    9550   329.935   329.859 
    9560   329.936   329.857 
    9570   329.936   329.857 
    9580   329.936   329.857 
    9590   329.936   329.857 
    9600   329.930   329.856 
    9610   329.936   329.857 
    9620   329.936   329.857 
    9630   329.936   329.857 
    9640   329.936   329.857 
    9650   329.934   329.858 
    9660   329.936   329.857 
    9670   329.936   329.857 
    9680   329.936   329.859 
    9690   329.936   329.857 
    9700   329.935   329.857 
    9710   329.936   329.857 
    9720   329.936   329.856 
    9730   329.936   329.859 
    9740   329.936   329.857 
    9750   330.137   329.857 
    9760   329.936   329.857 
    9770   329.936   329.857 
    9780   329.936   329.857 
    9790   329.936   329.857 
    9800   329.908   329.858 
    9810   329.936   329.857 
    9820   329.936   329.857 
    9830   329.936   329.848 
    9840   329.936   329.857 
    9850   329.914   329.860 
    9860   329.936   329.857 
    9870   329.936   329.857 
    9880   329.937   329.828 
    9890   329.936   329.857 
    9900   329.915   329.860 
    9910   329.936   329.857 
    9920   329.935   329.857 
    9930   329.935   329.856 
    9940   329.936   329.857 
    9950   329.994   329.856 
    9960   329.938   329.858 
    9970   329.936   329.857 
    9980   329.936   329.857 
    9990   329.936   329.857 
   10000   329.936   329.857 
