       0   294.943   294.869 
      10   302.669   299.572 
      20   299.808   299.663 
      30   299.758   299.705 
      40   299.928   299.729 
      50   299.998   299.747 
      60   299.933   300.004 
      70   299.936   299.797 
      80   299.939   299.827 
      90   299.939   299.878 
     100   300.031   299.878 
     110   299.938   299.835 
     120   299.940   299.857 
     130   299.939   299.850 
     140   299.940   299.845 
     150   299.959   299.852 
     160   299.939   299.860 
     170   299.940   299.854 
     180   299.940   299.866 
     190   299.940   299.851 
     200   299.958   299.852 
     210   299.940   299.855 
     220   299.940   299.839 
     230   299.941   299.863 
     240   299.940   299.853 
     250   299.944   299.864 
     260   299.978   299.869 
     270   299.939   299.860 
     280   299.943   299.861 
     290   299.941   299.861 
     300   299.866   299.951 
     310   299.902   299.869 
     320   299.941   299.864 
     330   299.942   299.858 
     340   299.941   299.866 
     350   299.940   299.866 
     360   299.941   299.865 
     370   299.940   299.857 
     380   299.940   299.862 
     390   299.939   299.870 
     400   300.035   299.876 
     410   299.940   299.870 
     420   299.934   299.870 
     430   299.941   299.842 
     440   299.940   299.871 
     450   299.932   299.867 
     460   299.940   299.871 
     470   299.940   299.865 
     480   299.940   299.871 
     490   299.940   299.869 
     500   299.925   299.870 
     510   299.940   299.866 
     520   299.939   299.874 
     530   299.930   299.869 
     540   299.940   299.869 
     550   299.940   299.845 
     560   299.942   299.870 
     570   299.940   299.869 
     580   299.944   299.869 
     590   299.940   299.869 
     600   299.940   299.844 
     610   299.941   299.869 
     620   299.941   299.869 
     630   299.940   299.871 
     640   299.941   299.869 
     650   299.936   299.865 
     660   299.940   299.872 
     670   299.940   299.872 
     680   191.303   265.660 
     690   299.941   299.869 
     700   299.909   299.891 
     710   299.953   299.869 
     720   299.941   299.868 
     730   299.939   299.867 
     740   299.941   299.869 
     750   299.936   299.869 
     760   299.940   299.869 
     770   299.941   299.870 
     780   299.944   299.893 
     790   299.937   299.871 
     800   299.898   299.871 
     810   299.940   299.871 
     820   299.940   299.872 
     830   299.939   299.872 
     840   299.940   299.871 
     850   299.946   299.873 
     860   299.940   299.870 
     870   299.940   299.871 
     880   299.938   299.863 
     890   299.940   299.871 
     900   299.644   299.868 
     910   299.940   299.870 
     920   299.941   299.871 
     930   299.937   299.871 
     940   299.940   299.871 
     950   299.939   299.835 
     960   299.948   299.871 
     970   299.940   299.871 
     980   299.940   299.871 
     990   299.940   299.871 
    1000   299.940   299.866 
    1010   299.944   299.869 
    1020   299.940   299.871 
    1030   299.940   299.869 
    1040   299.940   299.871 
    1050   299.948   299.846 
    1060   299.958   299.871 
    1070   299.940   299.870 
    1080   299.940   299.872 
    1090   299.940   299.871 
    1100   299.935   299.883 
    1110   299.940   299.870 
    1120   299.940   299.871 
    1130   299.938   299.860 
    1140   299.940   299.871 
    1150   299.938   299.871 
    1160   299.940   299.871 
    1170   299.940   299.871 
    1180   299.940   299.867 
    1190   299.940   299.871 
    1200   299.857   299.870 
    1210   299.940   299.870 
    1220   299.940   299.871 
    1230   299.940   299.872 
    1240   299.940   299.870 
    1250   300.027   299.892 
    1260   299.938   299.872 
    1270   299.940   299.871 
    1280   299.940   299.870 
    1290   299.940   299.871 
    1300   299.944   299.871 
    1310   299.941   299.872 
    1320   299.940   299.871 
    1330   299.940   299.872 
    1340   299.940   299.871 
    1350   299.939   299.868 
    1360   299.940   299.871 
    1370   299.940   299.871 
    1380   299.940   299.872 
    1390   299.940   299.871 
    1400   299.941   299.865 
    1410   299.941   299.870 
    1420   299.940   299.871 
    1430   299.935   299.855 
    1440   299.940   299.871 
    1450   299.982   299.870 
    1460   299.940   299.871 
    1470   299.940   299.871 
    1480   299.940   299.871 
    1490   299.940   299.871 
    1500   300.140   299.896 
    1510   299.956   299.871 
    1520   299.940   299.871 
    1530   299.939   299.871 
    1540   299.940   299.871 
    1550   299.919   299.874 
    1560   299.940   299.874 
    1570   299.940   299.872 
    1580   299.942   299.871 
    1590   299.940   299.871 
    1600   299.942   299.876 
    1610   299.940   299.873 
    1620   299.940   299.871 
    1630   299.939   299.871 
    1640   299.940   299.871 
    1650   299.946   299.869 
    1660   299.942   299.869 
    1670   299.940   299.871 
    1680   299.940   299.871 
    1690   299.940   299.871 
    1700   299.945   299.875 
    1710   299.940   299.870 
    1720   299.940   299.871 
    1730   299.940   299.871 
    1740   299.940   299.871 
    1750   299.926   299.868 
    1760   299.940   299.871 
    1770   299.940   299.871 
    1780   299.940   299.870 
    1790   299.940   299.871 
    1800   299.945   299.850 
    1810   299.940   299.871 
    1820   299.940   299.871 
    1830   299.940   299.867 
    1840   299.940   299.870 
    1850   299.935   299.871 
    1860   299.942   299.871 
    1870   299.940   299.871 
    1880   434.382   364.241 
    1890   299.940   299.871 
    1900   299.942   299.869 
    1910   299.940   299.871 
    1920   299.940   299.871 
    1930   299.940   299.871 
    1940   299.940   299.871 
    1950   300.162   299.876 
    1960   299.940   299.871 
    1970   299.940   299.871 
    1980   299.939   299.859 
    1990   299.939   299.871 
    2000   299.932   299.866 
    2010   299.940   299.871 
    2020   299.940   299.871 
    2030   299.940   299.872 
    2040   299.940   299.871 
    2050   299.945   299.811 
    2060   299.941   299.871 
    2070   299.940   299.871 
    2080   299.940   299.871 
    2090   299.940   299.871 
    2100   299.942   299.849 
    2110   299.940   299.871 
    2120   299.940   299.871 
    2130   299.940   299.872 
    2140   299.940   299.871 
    2150   299.938   299.870 
    2160   299.940   299.873 
    2170   299.940   299.871 
    2180   299.934   299.921 
    2190   299.944   299.871 
    2200   299.942   299.872 
    2210   299.940   299.871 
    2220   299.940   299.871 
    2230   299.940   299.871 
    2240   299.940   299.871 
    2250   299.929   299.847 
    2260   299.941   299.871 
    2270   299.940   299.871 
    2280   299.938   299.865 
    2290   299.940   299.871 
    2300   299.969   299.887 
    2310   299.949   299.871 
    2320   299.941   299.871 
    2330   299.940   299.872 
    2340   299.940   299.871 
    2350   300.022   299.863 
    2360   299.941   299.871 
    2370   299.940   299.871 
    2380   299.940   299.872 
    2390   299.940   299.871 
    2400   299.982   299.872 
    2410   299.940   299.874 
    2420   299.940   299.871 
    2430   299.939   299.872 
    2440   299.940   299.871 
    2450   299.931   299.876 
    2460   299.940   299.870 
    2470   299.940   299.871 
    2480   299.940   299.870 
    2490   299.940   299.871 
    2500   300.081   299.874 
    2510   299.940   299.871 
    2520   299.940   299.871 
    2530   299.940   299.869 
    2540   299.939   299.871 
    2550   299.941   299.868 
    2560   299.940   299.871 
    2570   299.940   299.871 
    2580   299.939   299.871 
    2590   299.940   299.871 
    2600   299.899   299.805 
    2610   299.940   299.870 
    2620   299.940   299.871 
    2630   299.940   299.873 
    2640   299.940   299.871 
    2650   299.926   299.870 
    2660   299.940   299.871 
    2670   299.940   299.871 
    2680   299.940   299.872 
    2690   299.940   299.871 
    2700   299.935   299.875 
    2710   299.941   299.870 
    2720   299.941   299.870 
    2730   299.936   299.871 
    2740   299.940   299.871 
    2750   299.940   299.859 
    2760   299.940   299.871 
    2770   299.940   299.871 
    2780   299.940   299.871 
    2790   299.940   299.871 
    2800   299.925   299.865 
    2810   299.937   299.871 
    2820   299.940   299.871 
    2830   299.940   299.871 
    2840   299.940   299.871 
    2850   299.988   299.876 
    2860   299.941   299.871 
    2870   299.940   299.871 
    2880   299.934   299.871 
    2890   299.940   299.871 
    2900   299.939   299.866 
    2910   299.940   299.871 
    2920   299.940   299.871 
    2930   299.940   299.876 
    2940   299.940   299.871 
    2950   299.979   299.885 
    2960   299.934   299.876 
    2970   299.940   299.871 
    2980   299.940   299.870 
    2990   299.940   299.871 
    3000   299.942   299.805 
    3010   299.940   299.868 
    3020   299.939   299.868 
    3030   299.932   299.871 
    3040   299.940   299.870 
    3050   299.934   299.858 
    3060   299.946   299.871 
    3070   299.940   299.871 
    3080   299.940   299.871 
    3090   299.940   299.871 
    3100   299.936   299.938 
    3110   299.940   299.871 
    3120   299.940   299.871 
    3130   299.940   299.870 
    3140   299.939   299.871 
    3150   299.941   299.869 
    3160   299.940   299.871 
    3170   299.940   299.871 
    3180   299.939   299.881 
    3190   299.940   299.870 
    3200   299.938   299.871 
    3210   299.940   299.867 
    3220   299.940   299.870 
    3230   299.940   299.871 
    3240   299.940   299.871 
    3250   300.047   299.826 
    3260   299.941   299.871 
    3270   299.941   299.871 
    3280   299.939   299.872 
    3290   299.940   299.870 
    3300   299.938   299.874 
    3310   299.940   299.871 
    3320   299.944   299.871 
    3330   299.940   299.868 
    3340   299.940   299.871 
    3350   299.938   299.871 
    3360   299.940   299.871 
    3370   299.940   299.871 
    3380   299.941   299.867 
    3390   299.940   299.871 
    3400   299.941   299.863 
    3410   299.940   299.870 
    3420   299.940   299.871 
    3430   299.940   299.870 
    3440   299.940   299.871 
    3450   299.928   299.867 
    3460   299.940   299.874 
    3470   299.940   299.871 
    3480   299.943   299.871 
    3490   299.940   299.871 
    3500   299.948   299.876 
    3510   299.940   299.870 
    3520   299.940   299.871 
    3530   299.942   299.871 
    3540   299.940   299.871 
    3550   299.950   299.909 
    3560   299.940   299.872 
    3570   299.947   299.871 
    3580   299.940   299.867 
    3590   299.940   299.871 
    3600   299.940   299.870 
    3610   299.940   299.872 
    3620   299.940   299.871 
    3630   299.940   299.868 
    3640   299.940   299.871 
    3650   299.941   299.898 
    3660   299.940   299.871 
    3670   299.940   299.871 
    3680   299.941   299.871 
    3690   299.940   299.871 
    3700   299.941   299.939 
    3710   299.941   299.871 
    3720   299.940   299.871 
    3730   299.939   299.871 
    3740   299.940   299.871 
    3750   299.938   299.882 
    3760   299.952   299.871 
    3770   299.940   299.870 
    3780   299.940   299.872 
    3790   299.940   299.871 
    3800   299.953   299.927 
    3810   299.940   299.872 
    3820   299.940   299.871 
    3830   299.940   299.871 
    3840   299.940   299.871 
    3850   299.880   299.920 
    3860   299.943   299.870 
    3870   299.935   299.871 
    3880   299.939   299.865 
    3890   299.940   299.871 
    3900   299.924   299.871 
    3910   299.940   299.871 
    3920   299.940   299.871 
    3930   299.939   299.871 
    3940   299.940   299.871 
    3950   299.943   299.923 
    3960   299.940   299.871 
    3970   299.940   299.871 
    3980   299.940   299.881 
    3990   299.940   299.871 
    4000   299.941   299.872 
    4010   299.940   299.872 
    4020   299.940   299.871 
    4030   299.937   299.874 
    4040   299.940   299.870 
    4050   299.937   299.872 
    4060   299.940   299.871 
    4070   299.940   299.871 
    4080   299.937   299.874 
    4090   299.940   299.871 
    4100   299.814   299.856 
    4110   299.942   299.872 
    4120   299.940   299.871 
    4130   299.940   299.871 
    4140   299.940   299.871 
    4150   299.919   299.869 
    4160   299.941   299.872 
    4170   299.940   299.871 
    4180   299.940   299.870 
    4190   299.940   299.871 
    4200   299.983   299.869 
    4210   299.941   299.870 
    4220   299.940   299.871 
    4230   299.940   299.871 
    4240   299.940   299.872 
    4250   299.951   299.903 
    4260   299.940   299.871 
    4270   299.940   299.871 
    4280   299.940   299.872 
    4290   299.940   299.871 
    4300   300.016   299.895 
    4310   299.950   299.871 
    4320   299.940   299.871 
    4330   299.940   299.871 
    4340   299.940   299.871 
    4350   299.984   299.874 
    4360   299.940   299.871 
    4370   299.940   299.871 
    4380   299.940   299.871 
    4390   299.940   299.871 
    4400   299.941   299.866 
    4410   299.940   299.872 
    4420   299.940   299.871 
    4430   299.939   299.873 
    4440   299.940   299.871 
    4450   299.920   299.900 
    4460   299.940   299.871 
    4470   299.940   299.871 
    4480   299.940   299.871 
    4490   299.940   299.871 
    4500   299.950   299.868 
    4510   299.940   299.871 
    4520   299.940   299.871 
    4530   299.940   299.872 
    4540   299.940   299.871 
    4550   299.931   299.872 
    4560   299.941   299.871 
    4570   299.940   299.871 
    4580   299.940   299.870 
    4590   299.940   299.871 
    4600   299.998   299.863 
    4610   299.940   299.871 
    4620   299.940   299.871 
    4630   299.940   299.872 
    4640   299.940   299.870 
    4650   299.941   299.871 
    4660   299.940   299.871 
    4670   299.940   299.871 
    4680   299.939   299.870 
    4690   299.940   299.871 
    4700   299.938   299.869 
    4710   299.940   299.871 
    4720   299.940   299.871 
    4730   299.940   299.873 
    4740   299.940   299.870 
    4750   299.939   299.871 
    4760   299.940   299.871 
    4770   299.940   299.871 
    4780   299.940   299.869 
    4790   299.940   299.871 
    4800   299.884   299.883 
    4810   299.949   299.871 
    4820   299.941   299.870 
    4830   299.940   299.871 
    4840   299.940   299.871 
    4850   299.938   299.881 
    4860   299.940   299.871 
    4870   299.940   299.871 
    4880   299.947   299.871 
    4890   299.940   299.871 
    4900   299.940   299.874 
    4910   299.941   299.871 
    4920   299.940   299.871 
    4930   299.940   299.871 
    4940   299.940   299.871 
    4950   300.094   299.871 
    4960   299.940   299.871 
    4970   299.940   299.871 
    4980   299.936   299.871 
    4990   299.940   299.871 
    5000   299.941   299.874 
    5010   299.940   299.871 
    5020   299.940   299.871 
    5030   299.940   299.872 
    5040   299.940   299.871 
    5050   299.849   299.895 
    5060   299.941   299.870 
    5070   299.940   299.871 
    5080   299.940   299.870 
    5090   299.940   299.871 
    5100   299.935   299.871 
    5110   299.940   299.871 
    5120   299.940   299.871 
    5130   299.940   299.870 
    5140   299.940   299.871 
    5150   299.941   299.871 
    5160   299.940   299.871 
    5170   299.940   299.871 
    5180   299.940   299.870 
    5190   299.940   299.871 
    5200   299.941   299.869 
    5210   299.941   299.871 
    5220   299.940   299.871 
    5230   299.939   299.871 
    5240   299.940   299.871 
    5250   300.017   299.894 
    5260   299.940   299.871 
    5270   299.940   299.871 
    5280   299.943   299.871 
    5290   299.940   299.871 
    5300   299.941   299.880 
    5310   299.940   299.871 
    5320   299.940   299.871 
    5330   299.940   299.871 
    5340   299.940   299.871 
    5350   299.950   299.911 
    5360   299.940   299.870 
    5370   299.940   299.871 
    5380   299.940   299.877 
    5390   299.940   299.871 
    5400   299.947   299.871 
    5410   299.940   299.870 
    5420   299.940   299.871 
    5430   299.938   299.884 
    5440   299.940   299.871 
    5450   299.738   299.869 
    5460   299.940   299.870 
    5470   299.940   299.871 
    5480   299.940   299.871 
    5490   299.940   299.871 
    5500   299.938   299.875 
    5510   299.940   299.870 
    5520   299.940   299.871 
    5530   299.940   299.864 
    5540   299.940   299.871 
    5550   299.947   299.872 
    5560   299.940   299.873 
    5570   299.940   299.871 
    5580   299.940   299.873 
    5590   299.940   299.871 
    5600   299.945   299.871 
    5610   299.940   299.871 
    5620   299.940   299.871 
    5630   299.940   299.870 
    5640   299.940   299.871 
    5650   299.919   299.887 
    5660   299.947   299.871 
    5670   299.941   299.871 
    5680   299.940   299.872 
    5690   299.940   299.871 
    5700   299.884   299.871 
    5710   299.942   299.871 
    5720   299.940   299.871 
    5730   299.940   299.871 
    5740   299.940   299.871 
    5750   299.950   299.863 
    5760   299.940   299.871 
    5770   299.940   299.871 
    5780   299.941   299.880 
    5790   299.940   299.871 
    5800   299.919   299.871 
    5810   299.940   299.871 
    5820   299.940   299.871 
    5830   299.939   299.870 
    5840   299.940   299.871 
    5850   299.947   299.871 
    5860   299.940   299.872 
    5870   299.940   299.871 
    5880   299.939   299.872 
    5890   299.940   299.871 
    5900   299.951   299.864 
    5910   299.942   299.869 
    5920   299.940   299.871 
    5930   299.939   299.864 
    5940   299.939   299.871 
    5950   299.942   299.869 
    5960   299.940   299.871 
    5970   299.940   299.871 
    5980   299.940   299.872 
    5990   299.940   299.871 
    6000   299.931   299.906 
    6010   299.941   299.870 
    6020   299.940   299.871 
    6030   299.943   299.871 
    6040   299.940   299.871 
    6050   299.941   299.923 
    6060   299.940   299.871 
    6070   299.940   299.871 
    6080   299.940   299.871 
    6090   299.940   299.871 
    6100   299.955   299.870 
    6110   299.941   299.871 
    6120   299.940   299.871 
    6130   299.940   299.869 
    6140   299.940   299.871 
    6150   299.920   299.877 
    6160   299.940   299.871 
    6170   299.940   299.871 
    6180   299.939   299.878 
    6190   299.940   299.870 
    6200   299.885   299.870 
    6210   299.940   299.868 
    6220   299.940   299.871 
    6230   299.939   299.870 
    6240   299.940   299.871 
    6250   300.011   299.889 
    6260   299.941   299.870 
    6270   299.940   299.871 
    6280   299.940   299.871 
    6290   299.940   299.871 
    6300   300.051   299.874 
    6310   299.940   299.871 
    6320   299.940   299.871 
    6330   299.939   299.873 
    6340   299.940   299.871 
    6350   299.943   299.871 
    6360   299.941   299.871 
    6370   299.940   299.871 
    6380   299.939   299.872 
    6390   299.940   299.871 
    6400   299.939   299.870 
    6410   299.940   299.870 
    6420   299.940   299.871 
    6430   299.940   299.869 
    6440   299.940   299.871 
    6450   299.925   299.904 
    6460   299.940   299.872 
    6470   299.941   299.871 
    6480   299.940   299.870 
    6490   299.940   299.871 
    6500   300.020   299.852 
    6510   299.940   299.871 
    6520   299.940   299.871 
    6530   299.940   299.869 
    6540   299.940   299.871 
    6550   299.958   299.880 
    6560   299.941   299.871 
    6570   299.940   299.871 
    6580   299.942   299.885 
    6590   299.940   299.871 
    6600   299.939   299.871 
    6610   299.940   299.871 
    6620   299.940   299.871 
    6630   299.940   299.879 
    6640   299.939   299.871 
    6650   299.942   299.871 
    6660   299.940   299.871 
    6670   299.940   299.871 
    6680   299.939   299.858 
    6690   299.940   299.871 
    6700   299.936   299.871 
    6710   299.940   299.871 
    6720   299.940   299.871 
    6730   299.941   299.864 
    6740   299.940   299.871 
    6750   299.951   299.871 
    6760   299.940   299.871 
    6770   299.941   299.871 
    6780   299.940   299.872 
    6790   299.940   299.871 
    6800   299.952   299.877 
    6810   299.940   299.869 
    6820   299.940   299.871 
    6830   299.940   299.871 
    6840   299.941   299.870 
    6850   300.074   299.874 
    6860   299.940   299.871 
    6870   299.940   299.871 
    6880   299.939   299.871 
    6890   299.940   299.871 
    6900   299.940   299.884 
    6910   299.940   299.871 
    6920   299.940   299.871 
    6930   299.947   299.839 
    6940   299.941   299.871 
    6950   299.934   299.871 
    6960   299.940   299.871 
    6970   299.940   299.871 
    6980   299.941   299.869 
    6990   299.940   299.871 
    7000   299.935   299.871 
    7010   299.940   299.871 
    7020   299.940   299.871 
    7030   299.937   299.870 
    7040   299.940   299.871 
    7050   299.993   299.895 
    7060   299.942   299.872 
    7070   299.940   299.871 
    7080   299.943   299.855 
    7090   299.940   299.871 
    7100   299.918   299.873 
    7110   299.940   299.871 
    7120   299.940   299.871 
    7130   299.940   299.871 
    7140   299.940   299.871 
    7150   300.278   299.904 
    7160   299.957   299.871 
    7170   299.941   299.871 
    7180   299.940   299.871 
    7190   299.940   299.871 
    7200   300.047   299.858 
    7210   299.940   299.871 
    7220   299.940   299.871 
    7230   299.940   299.871 
    7240   299.940   299.871 
    7250   299.942   299.898 
    7260   299.940   299.874 
    7270   299.940   299.870 
    7280   299.940   299.870 
    7290   299.940   299.871 
    7300   299.945   299.870 
    7310   299.941   299.871 
    7320   299.940   299.871 
    7330   299.940   299.871 
    7340   299.940   299.871 
    7350   300.058   299.872 
    7360   299.941   299.871 
    7370   299.940   299.871 
    7380   299.940   299.870 
    7390   299.940   299.871 
    7400   299.959   299.871 
    7410   299.941   299.871 
    7420   299.940   299.871 
    7430   299.940   299.872 
    7440   299.940   299.871 
    7450   299.952   299.866 
    7460   299.941   299.870 
    7470   299.940   299.871 
    7480   299.942   299.872 
    7490   299.940   299.871 
    7500   300.038   299.908 
    7510   299.941   299.871 
    7520   299.940   299.871 
    7530   299.940   299.871 
    7540   299.940   299.871 
    7550   299.966   299.901 
    7560   299.952   299.871 
    7570   299.941   299.871 
    7580   299.940   299.871 
    7590   299.940   299.871 
    7600   300.013   299.893 
    7610   299.941   299.871 
    7620   299.940   299.871 
    7630   299.942   299.871 
    7640   299.940   299.871 
    7650   299.941   299.878 
    7660   299.940   299.873 
    7670   299.940   299.871 
    7680   299.940   299.871 
    7690   299.940   299.871 
    7700   299.944   299.877 
    7710   299.940   299.871 
    7720   299.940   299.871 
    7730   299.941   299.871 
    7740   299.942   299.872 
    7750   299.969   299.871 
    7760   299.940   299.871 
    7770   299.940   299.871 
    7780   299.940   299.870 
    7790   299.941   299.871 
    7800   299.939   299.871 
    7810   299.940   299.871 
    7820   299.940   299.871 
    7830   299.929   299.885 
    7840   299.940   299.871 
    7850   299.940   299.871 
    7860   299.940   299.871 
    7870   299.940   299.871 
    7880   299.940   299.874 
    7890   299.941   299.871 
    7900   299.941   299.871 
    7910   299.940   299.871 
    7920   299.940   299.871 
    7930   299.940   299.870 
    7940   299.940   299.871 
    7950   299.949   299.877 
    7960   299.940   299.871 
    7970   299.940   299.871 
    7980   299.940   299.872 
    7990   299.940   299.870 
    8000   299.941   299.871 
    8010   299.940   299.871 
    8020   299.940   299.871 
    8030   299.940   299.878 
    8040   299.940   299.871 
    8050   299.939   299.871 
    8060   299.940   299.871 
    8070   299.940   299.871 
    8080   299.951   299.890 
    8090   299.940   299.871 
    8100   299.941   299.871 
    8110   299.940   299.871 
    8120   299.940   299.871 
    8130   299.940   299.872 
    8140   299.940   299.871 
    8150   299.927   299.857 
    8160   299.940   299.874 
    8170   299.940   299.871 
    8180   299.936   299.871 
    8190   299.940   299.870 
    8200   299.940   299.876 
    8210   299.940   299.871 
    8220   299.940   299.871 
    8230   299.940   299.870 
    8240   299.940   299.871 
    8250   299.941   299.817 
    8260   299.940   299.870 
    8270   299.940   299.871 
    8280   299.942   299.871 
    8290   299.940   299.871 
    8300   299.941   299.899 
    8310   299.941   299.871 
    8320   299.940   299.871 
    8330   299.940   299.871 
    8340   299.940   299.871 
    8350   299.867   299.864 
    8360   299.940   299.870 
    8370   299.940   299.871 
    8380   299.940   299.872 
    8390   299.940   299.871 
    8400   299.940   299.870 
    8410   299.941   299.869 
    8420   299.940   299.871 
    8430   299.940   299.868 
    8440   299.940   299.871 
    8450   299.943   299.872 
    8460   299.940   299.871 
    8470   299.940   299.871 
    8480   299.939   299.871 
    8490   299.940   299.871 
    8500   299.943   299.871 
    8510   299.940   299.870 
    8520   299.940   299.871 
    8530   299.932   299.871 
    8540   299.940   299.871 
    8550   299.940   299.859 
    8560   299.940   299.871 
    8570   299.940   299.871 
    8580   299.937   299.870 
    8590   299.940   299.871 
    8600   299.939   299.871 
    8610   299.941   299.871 
    8620   299.940   299.871 
    8630   299.937   299.885 
    8640   299.941   299.871 
    8650   299.946   299.871 
    8660   299.940   299.871 
    8670   299.940   299.871 
    8680   299.940   299.869 
    8690   299.940   299.871 
    8700   299.929   299.878 
    8710   299.941   299.870 
    8720   299.940   299.871 
    8730   299.940   299.871 
    8740   299.940   299.871 
    8750   299.943   299.879 
    8760   299.940   299.871 
    8770   299.940   299.871 
    8780   299.940   299.874 
    8790   299.940   299.871 
    8800   299.973   299.871 
    8810   299.940   299.871 
    8820   299.940   299.871 
    8830   299.942   299.874 
    8840   299.940   299.871 
    8850   299.980   299.896 
    8860   299.940   299.872 
    8870   299.940   299.871 
    8880   299.942   299.871 
    8890   299.940   299.871 
    8900   299.940   299.879 
    8910   299.940   299.871 
    8920   299.940   299.871 
    8930   299.940   299.871 
    8940   299.940   299.871 
    8950   299.972   299.870 
    8960   299.940   299.871 
    8970   299.940   299.871 
    8980   299.940   299.870 
    8990   299.940   299.871 
    9000   299.892   299.795 
    9010   299.940   299.871 
    9020   299.940   299.871 
    9030   299.938   299.871 
    9040   299.940   299.871 
    9050   299.942   299.859 
    9060   299.953   299.871 
    9070   299.940   299.871 
    9080   299.939   299.871 
    9090   299.940   299.870 
    9100   299.885   299.846 
    9110   299.940   299.870 
    9120   299.940   299.871 
    9130   299.940   299.869 
    9140   299.940   299.871 
    9150   300.053   299.871 
    9160   299.942   299.871 
    9170   299.940   299.871 
    9180   299.940   299.865 
    9190   299.940   299.871 
    9200   299.938   299.871 
    9210   299.940   299.871 
    9220   299.940   299.871 
    9230   299.939   299.872 
    9240   299.940   299.871 
    9250   299.902   299.871 
    9260   299.940   299.871 
    9270   299.940   299.871 
    9280   299.940   299.872 
    9290   299.940   299.871 
    9300   299.922   299.872 
    9310   299.941   299.870 
    9320   299.940   299.871 
    9330   299.940   299.869 
    9340   299.940   299.871 
    9350   299.928   299.867 
    9360   299.941   299.871 
    9370   299.940   299.871 
    9380   299.940   299.871 
    9390   299.940   299.871 
    9400   299.941   299.870 
    9410   299.940   299.872 
    9420   299.940   299.871 
    9430   299.939   299.873 
    9440   299.940   299.871 
    9450   299.925   299.893 
    9460   299.940   299.870 
    9470   299.940   299.871 
    9480   299.937   299.871 
    9490   299.940   299.871 
    9500   299.940   299.860 
    9510   299.940   299.871 
    9520   299.940   299.871 
    9530   299.940   299.874 
    9540   299.939   299.871 
    9550   299.943   299.863 
    9560   299.940   299.871 
    9570   299.940   299.871 
    9580   299.943   299.871 
    9590   299.940   299.871 
    9600   299.942   299.876 
    9610   299.940   299.871 
    9620   299.940   299.871 
    9630   299.940   299.871 
    9640   299.941   299.871 
    9650   299.938   299.873 
    9660   299.940   299.871 
    9670   299.940   299.871 
    9680   299.939   299.874 
    9690   299.940   299.871 
    9700   299.824   299.870 
    9710   299.941   299.871 
    9720   299.940   299.871 
    9730   299.943   299.889 
    9740   299.940   299.871 
    9750   299.900   299.875 
    9760   299.940   299.871 
    9770   299.940   299.871 
    9780   299.940   299.869 
    9790   299.940   299.871 
    9800   300.038   299.864 
    9810   299.941   299.871 
    9820   299.940   299.871 
    9830   299.942   299.871 
    9840   299.940   299.871 
    9850   299.940   299.877 
    9860   299.940   299.871 
    9870   299.940   299.871 
    9880   299.939   299.871 
    9890   299.940   299.871 
    9900   300.045   299.960 
    9910   299.941   299.871 
    9920   299.941   299.871 
    9930   299.940   299.871 
    9940   299.940   299.871 
    9950   299.998   299.860 
    9960   299.940   299.871 
    9970   299.940   299.871 
    9980   299.940   299.871 
    9990   299.940   299.871 
   10000   299.940   299.871 
