       0    19.967    19.972 
      10    25.466    25.506 
      20    24.934    24.945 
      30    24.890    24.946 
      40    24.949    24.951 
      50    24.971    24.952 
      60    24.949    24.957 
      70    24.958    24.838 
      80    24.955    24.962 
      90    24.975    24.950 
     100    24.955    24.962 
     110    24.955    24.959 
     120    24.954    24.964 
     130    24.958    24.961 
     140    24.946    24.950 
     150    24.956    24.962 
     160    24.954    24.963 
     170    24.949    24.965 
     180    24.959    24.964 
     190    24.962    24.951 
     200    24.945    24.989 
     210    24.955    24.962 
     220    24.950    24.961 
     230    24.957    24.963 
     240    24.958    24.957 
     250    24.960    24.949 
     260    24.963    24.965 
     270    24.957    24.964 
     280    24.960    24.964 
     290    24.958    24.964 
     300    25.010    25.072 
     310    24.959    24.965 
     320    24.960    24.966 
     330    24.960    24.964 
     340    24.959    24.965 
     350    24.932    24.922 
     360    24.959    24.965 
     370    24.971    24.958 
     380    24.958    24.965 
     390    24.959    24.966 
     400    24.861    25.339 
     410    24.960    24.966 
     420    24.960    24.967 
     430    24.959    24.966 
     440    24.959    24.966 
     450    24.958    24.966 
     460    24.955    24.950 
     470    24.959    24.966 
     480    24.960    24.969 
     490    24.960    24.966 
     500    24.960    24.888 
     510    24.959    24.966 
     520    24.961    24.966 
     530    24.960    24.966 
     540    24.960    24.972 
     550    24.960    24.987 
     560    24.958    24.966 
     570    24.961    24.966 
     580    24.960    24.966 
     590    24.960    24.966 
     600    24.776    24.980 
     610    24.960    24.966 
     620    24.960    24.966 
     630    24.960    24.966 
     640    24.960    24.966 
     650    24.965    25.171 
     660    24.960    24.966 
     670    24.959    24.966 
     680    24.960    24.967 
     690    24.960    24.966 
     700    24.957    24.936 
     710    24.960    24.966 
     720    24.960    24.965 
     730    24.960    24.966 
     740    24.960    24.966 
     750    24.967    24.964 
     760    24.955    24.950 
     770    24.960    24.966 
     780    24.960    24.966 
     790    24.961    24.966 
     800    24.957    24.933 
     810    24.960    24.966 
     820    24.961    24.966 
     830    24.960    24.966 
     840    24.960    24.968 
     850    24.963    25.091 
     860    24.960    24.966 
     870    24.960    24.966 
     880    84.998    72.458 
     890    24.961    24.967 
     900    24.932    24.927 
     910    24.960    24.966 
     920    24.960    24.965 
     930   -55.092   -67.029 
     940    24.960    24.966 
     950    24.959    24.967 
     960    24.960    24.966 
     970    24.960    24.966 
     980    24.961    24.965 
     990    24.960    24.966 
    1000    25.083    25.178 
    1010    24.960    24.966 
    1020    24.961    24.966 
    1030    24.959    24.965 
    1040    24.961    24.965 
    1050    24.960    24.967 
    1060    24.961    24.966 
    1070    24.960    24.966 
    1080    24.961    24.965 
    1090    24.960    24.966 
    1100    24.949    24.954 
    1110    24.960    24.966 
    1120    24.965    24.969 
    1130    24.961    24.966 
    1140    24.960    24.966 
    1150    24.832    25.246 
    1160    24.960    24.966 
    1170    24.956    24.971 
    1180    24.960    24.967 
    1190    24.960    24.966 
    1200    24.865    24.852 
    1210    24.960    24.966 
    1220    24.961    24.966 
    1230    24.957    24.963 
    1240    24.961    24.966 
    1250    24.959    24.968 
    1260    24.959    24.965 
    1270    24.960    24.966 
    1280    24.960    24.966 
    1290    24.960    24.966 
    1300    24.912    24.914 
    1310    24.960    24.966 
    1320    24.960    24.966 
    1330    24.961    24.965 
    1340    24.957    24.969 
    1350    25.001    24.921 
    1360    24.960    24.966 
    1370    24.960    24.966 
    1380    24.960    24.966 
    1390    24.960    24.966 
    1400    24.918    25.007 
    1410    24.960    24.966 
    1420    24.960    24.966 
    1430   -63.685    88.550 
    1440    24.960    24.966 
    1450    24.963    24.973 
    1460    24.960    24.966 
    1470    24.960    24.966 
    1480    24.958    24.966 
    1490    24.960    24.966 
    1500    24.950    24.779 
    1510    24.960    24.966 
    1520    24.960    24.966 
    1530    24.960    24.966 
    1540    24.960    24.966 
    1550    24.949    25.099 
    1560    24.959    24.967 
    1570    24.961    24.966 
    1580    24.960    24.966 
    1590    24.960    24.966 
    1600    25.017    24.894 
    1610    24.961    24.966 
    1620    24.961    24.966 
    1630    24.958    24.968 
    1640    24.961    24.967 
    1650    24.960    24.965 
    1660    24.960    24.966 
    1670    24.960    24.966 
    1680    24.961    24.967 
    1690    24.961    24.966 
    1700    25.254    24.783 
    1710    24.960    24.966 
    1720    24.961    24.966 
    1730    24.960    24.966 
    1740    24.960    24.966 
    1750    24.990    24.920 
    1760    24.961    24.966 
    1770    24.960    24.966 
    1780    24.958    24.966 
    1790    24.960    24.966 
    1800    24.959    24.968 
    1810    24.957    24.964 
    1820    24.960    24.966 
    1830    24.961    24.967 
    1840    24.960    24.966 
    1850    24.953    24.963 
    1860    24.960    24.966 
    1870    24.960    24.966 
    1880    24.960    24.966 
    1890    24.960    24.967 
    1900    25.021    24.944 
    1910    24.960    24.967 
    1920    24.960    24.967 
    1930    24.960    24.966 
    1940    24.960    24.966 
    1950    24.953    24.896 
    1960    24.961    24.967 
    1970    24.961    24.966 
    1980    24.966    24.977 
    1990    24.960    24.966 
    2000    25.010    24.936 
    2010    24.961    24.967 
    2020    24.961    24.966 
    2030    24.961    24.966 
    2040    24.961    24.966 
    2050    24.960    24.966 
    2060    24.960    24.967 
    2070    24.961    24.966 
    2080    24.961    24.966 
    2090    24.961    24.966 
    2100    24.950    24.959 
    2110    24.961    24.966 
    2120    24.961    24.966 
    2130    24.961    24.966 
    2140    24.961    24.966 
    2150    25.077    25.002 
    2160    24.961    24.967 
    2170    24.961    24.966 
    2180    24.959    24.966 
    2190    24.961    24.966 
    2200    24.832    25.249 
    2210    24.960    24.968 
    2220    24.961    24.966 
    2230    24.960    24.966 
    2240    24.961    24.966 
    2250    24.969    24.958 
    2260    24.961    24.966 
    2270    24.961    24.966 
    2280    24.961    24.967 
    2290    24.961    24.966 
    2300    24.939    24.989 
    2310    24.961    24.966 
    2320    24.961    24.966 
    2330    24.960    24.967 
    2340    24.961    24.966 
    2350    25.125    25.101 
    2360    24.961    24.966 
    2370    24.961    24.966 
    2380    24.960    24.967 
    2390    24.961    24.966 
    2400    24.961    24.967 
    2410    24.961    24.966 
    2420    24.961    24.966 
    2430    24.960    24.967 
    2440    24.961    24.966 
    2450    24.988    25.053 
    2460    24.961    24.967 
    2470    24.960    24.965 
    2480    24.960    24.967 
    2490    24.961    24.966 
    2500    25.013    24.982 
    2510    24.960    24.966 
    2520    24.961    24.966 
    2530    24.961    24.966 
    2540    24.961    24.966 
    2550    24.936    24.911 
    2560    24.961    24.968 
    2570    24.961    24.966 
    2580   -24.375   113.877 
    2590    24.961    24.967 
    2600    24.876    24.981 
    2610    24.961    24.966 
    2620    24.961    24.966 
    2630    24.960    24.967 
    2640    24.961    24.966 
    2650    25.126    24.801 
    2660    24.961    24.966 
    2670    24.961    24.966 
    2680    24.960    24.966 
    2690    24.961    24.967 
    2700    24.960    24.965 
    2710    24.961    24.966 
    2720    24.961    24.966 
    2730    24.961    24.971 
    2740    24.961    24.967 
    2750    24.960    24.960 
    2760    24.962    24.966 
    2770    24.961    24.966 
    2780    24.960    24.967 
    2790    24.959    24.956 
    2800    24.972    24.870 
    2810    24.960    24.966 
    2820    24.961    24.967 
    2830    24.962    24.965 
    2840    24.961    24.967 
    2850    24.963    24.970 
    2860    24.961    24.966 
    2870    24.961    24.966 
    2880   -62.129    65.913 
    2890    24.961    24.966 
    2900    24.962    24.966 
    2910    24.961    24.967 
    2920    24.961    24.966 
    2930    24.961    24.966 
    2940    24.961    24.966 
    2950    24.956    24.968 
    2960    24.961    24.966 
    2970    24.961    24.966 
    2980    24.958    24.967 
    2990    24.961    24.966 
    3000    24.960    24.967 
    3010    24.960    24.964 
    3020    24.961    24.966 
    3030    24.959    24.965 
    3040    24.961    24.966 
    3050    24.953    24.976 
    3060    24.961    24.966 
    3070    24.961    24.966 
    3080    24.960    24.967 
    3090    24.961    24.966 
    3100    24.959    24.977 
    3110    24.961    24.966 
    3120    24.961    24.966 
    3130    24.961    24.969 
    3140    24.961    24.966 
    3150    24.952    24.966 
    3160    24.960    24.967 
    3170    24.961    24.966 
    3180    24.960    24.967 
    3190    24.961    24.966 
    3200    25.112    25.028 
    3210    24.962    24.967 
    3220    24.960    24.966 
    3230    87.096     1.133 
    3240    24.961    24.966 
    3250    24.957    24.968 
    3260    46.064   -20.552 
    3270    24.961    24.966 
    3280    24.961    24.967 
    3290    24.961    24.966 
    3300    24.977    24.966 
    3310    24.962    24.966 
    3320    24.960    24.967 
    3330    24.960    24.966 
    3340    24.961    24.966 
    3350    24.955    24.968 
    3360    24.961    24.966 
    3370    24.961    24.966 
    3380    24.961    24.966 
    3390    24.960    24.966 
    3400    24.966    24.967 
    3410    24.961    24.966 
    3420    24.961    24.967 
    3430    24.961    24.967 
    3440    24.961    24.966 
    3450    25.387    25.064 
    3460    24.962    24.966 
    3470    24.961    24.966 
    3480    24.961    24.966 
    3490    24.961    24.966 
    3500    24.962    24.967 
    3510    24.961    24.966 
    3520    24.961    24.966 
    3530    24.959    24.969 
    3540    24.961    24.966 
    3550    24.959    24.966 
    3560    24.961    24.967 
    3570    24.961    24.966 
    3580    24.961    24.966 
    3590    24.961    24.966 
    3600    24.953    24.965 
    3610    24.960    24.967 
    3620    24.961    24.959 
    3630    24.961    24.966 
    3640    24.961    24.966 
    3650    24.958    24.966 
    3660    24.961    24.966 
    3670    24.961    24.966 
    3680    24.956    24.966 
    3690    24.961    24.966 
    3700    24.961    24.966 
    3710    24.961    24.966 
    3720    24.961    24.966 
    3730    24.961    24.965 
    3740    24.961    24.966 
    3750    24.951    24.961 
    3760    24.961    24.966 
    3770    24.961    24.966 
    3780    24.957    24.966 
    3790    24.961    24.966 
    3800    24.965    24.966 
    3810    24.961    24.965 
    3820    24.961    24.966 
    3830    24.961    24.966 
    3840    24.960    24.967 
    3850    24.988    24.938 
    3860    24.960    24.967 
    3870    24.961    24.967 
    3880    24.960    24.966 
    3890    24.961    24.966 
    3900    24.957    24.961 
    3910    24.961    24.966 
    3920    24.961    24.966 
    3930    24.961    24.966 
    3940    24.961    24.966 
    3950    24.966    24.938 
    3960    24.961    24.966 
    3970    24.961    24.966 
    3980    24.961    24.966 
    3990    24.961    24.966 
    4000    24.962    24.961 
    4010    24.961    24.966 
    4020    24.961    24.967 
    4030    24.960    24.967 
    4040    24.961    24.966 
    4050    24.954    24.971 
    4060    24.961    24.966 
    4070    24.961    24.966 
    4080    24.959    24.964 
    4090    24.961    24.966 
    4100    24.219    25.475 
    4110    24.961    24.966 
    4120    24.960    24.967 
    4130    24.960    24.967 
    4140    24.961    24.966 
    4150    24.933    25.015 
    4160    24.960    24.966 
    4170    24.960    24.967 
    4180    24.960    24.967 
    4190    24.961    24.967 
    4200    24.957    24.973 
    4210    24.961    24.966 
    4220    24.961    24.966 
    4230    24.961    24.966 
    4240    24.961    24.966 
    4250    24.936    25.036 
    4260    24.960    24.969 
    4270    24.961    24.966 
    4280    24.031    89.237 
    4290    24.961    24.966 
    4300    24.959    24.966 
    4310    24.961    24.966 
    4320    24.961    24.966 
    4330    24.961    24.966 
    4340    24.960    24.967 
    4350    25.009    24.933 
    4360    24.961    24.966 
    4370    24.961    24.966 
    4380    24.961    24.966 
    4390    24.961    24.966 
    4400    25.044    24.966 
    4410    24.961    24.966 
    4420    24.961    24.966 
    4430    24.960    24.966 
    4440    24.961    24.967 
    4450    24.973    24.977 
    4460    24.961    24.966 
    4470    24.961    24.966 
    4480    24.962    24.967 
    4490    24.961    24.966 
    4500    24.961    24.962 
    4510    24.961    24.966 
    4520    24.961    24.967 
    4530    24.961    24.966 
    4540    24.961    24.966 
    4550    24.963    24.966 
    4560    24.961    24.964 
    4570    24.961    24.967 
    4580    24.960    24.967 
    4590    24.962    24.967 
    4600    24.964    24.966 
    4610    24.961    24.967 
    4620    24.961    24.966 
    4630    24.961    24.967 
    4640    24.961    24.966 
    4650    24.966    24.966 
    4660    24.961    24.966 
    4670    24.961    24.966 
    4680    24.961    24.968 
    4690    24.961    24.966 
    4700    24.935    24.982 
    4710    24.961    24.961 
    4720    24.961    24.966 
    4730    24.960    24.966 
    4740    24.961    24.966 
    4750    24.969    24.956 
    4760    24.961    24.967 
    4770    24.961    24.966 
    4780    24.952    24.967 
    4790    24.961    24.966 
    4800    24.961    24.964 
    4810    24.960    24.966 
    4820    24.961    24.966 
    4830    24.960    24.967 
    4840    24.961    24.966 
    4850    24.962    24.969 
    4860    24.962    24.966 
    4870    24.961    24.966 
    4880    24.960    24.967 
    4890    24.961    24.966 
    4900    25.092    24.883 
    4910    24.961    24.967 
    4920    24.961    24.966 
    4930    24.960    24.966 
    4940    24.961    24.966 
    4950    24.916    25.095 
    4960    24.961    24.966 
    4970    24.961    24.966 
    4980    24.961    24.967 
    4990    24.960    24.966 
    5000    24.854    25.054 
    5010    24.961    24.966 
    5020    24.961    24.966 
    5030    24.960    24.966 
    5040    24.961    24.966 
    5050    24.963    24.967 
    5060    24.961    24.966 
    5070    24.961    24.966 
    5080    24.961    24.967 
    5090    24.961    24.966 
    5100    24.960    24.955 
    5110    24.960    24.966 
    5120    24.961    24.966 
    5130    24.961    24.966 
    5140    24.961    24.966 
    5150    24.959    24.951 
    5160    24.961    24.966 
    5170    24.961    24.966 
    5180    24.961    24.967 
    5190    24.961    24.966 
    5200    24.959    24.972 
    5210    24.951    24.964 
    5220    24.961    24.966 
    5230    24.960    24.967 
    5240    24.961    24.967 
    5250    24.962    24.974 
    5260    24.961    24.966 
    5270    24.961    24.964 
    5280    24.961    24.967 
    5290    24.961    24.967 
    5300    24.964    24.964 
    5310    24.961    24.967 
    5320    24.961    24.966 
    5330    24.961    24.967 
    5340    24.961    24.966 
    5350    24.955    24.966 
    5360    24.961    24.966 
    5370    24.961    24.966 
    5380     0.855   113.120 
    5390    24.961    24.966 
    5400    24.964    24.967 
    5410    24.962    24.958 
    5420    24.961    24.966 
    5430    24.961    24.966 
    5440    24.961    24.966 
    5450    24.955    24.958 
    5460    24.961    24.966 
    5470    24.961    24.966 
    5480    24.961    24.966 
    5490    24.961    24.966 
    5500    25.050    24.908 
    5510    24.961    24.967 
    5520    24.961    24.966 
    5530    90.792   -54.058 
    5540    24.961    24.966 
    5550    25.100    25.042 
    5560    24.961    24.966 
    5570    24.961    24.966 
    5580    24.962    24.967 
    5590    24.961    24.965 
    5600    24.960    24.977 
    5610    24.961    24.966 
    5620    24.961    24.967 
    5630    24.960    24.967 
    5640    24.961    24.966 
    5650    24.962    24.967 
    5660    24.961    24.966 
    5670    24.961    24.966 
    5680    59.780   -44.222 
    5690    24.961    24.967 
    5700    24.996    24.823 
    5710    24.961    24.966 
    5720    24.961    24.966 
    5730    26.536    89.512 
    5740    24.961    24.966 
    5750    24.955    24.967 
    5760    24.961    24.967 
    5770    24.961    24.966 
    5780    24.961    24.966 
    5790    24.961    24.966 
    5800    24.991    24.978 
    5810    24.961    24.967 
    5820    24.960    24.966 
    5830    24.961    24.967 
    5840    24.961    24.966 
    5850    24.960    24.967 
    5860    24.961    24.966 
    5870    24.961    24.967 
    5880    24.960    24.966 
    5890    24.961    24.966 
    5900    24.967    24.963 
    5910    24.961    24.967 
    5920    24.961    24.966 
    5930    51.768    89.312 
    5940    24.960    24.967 
    5950    24.960    24.964 
    5960    24.961    24.966 
    5970    24.961    24.966 
    5980     2.067   -41.246 
    5990    24.961    24.966 
    6000    25.039    24.967 
    6010    24.961    24.967 
    6020    24.961    24.966 
    6030    24.961    24.967 
    6040    24.961    24.965 
    6050    24.931    25.061 
    6060    24.961    24.967 
    6070    24.961    24.966 
    6080    24.951    24.951 
    6090    24.961    24.966 
    6100    24.950    24.969 
    6110    24.960    24.966 
    6120    24.961    24.966 
    6130    24.961    24.966 
    6140    24.961    24.966 
    6150    24.943    24.967 
    6160    24.961    24.966 
    6170    24.961    24.966 
    6180    24.961    24.967 
    6190    24.961    24.965 
    6200    24.935    24.959 
    6210    24.961    24.967 
    6220    24.958    24.965 
    6230    24.961    24.966 
    6240    24.961    24.966 
    6250    25.007    24.977 
    6260    24.961    24.966 
    6270    24.961    24.966 
    6280    24.961    24.966 
    6290    24.960    24.968 
    6300    24.931    24.978 
    6310    24.961    24.966 
    6320    24.961    24.966 
    6330    24.961    24.967 
    6340    24.961    24.967 
    6350    24.780    24.852 
    6360    24.961    24.966 
    6370    24.961    24.966 
    6380    24.960    24.967 
    6390    24.961    24.966 
    6400    24.957    24.961 
    6410    24.961    24.966 
    6420    24.961    24.966 
    6430    24.961    24.966 
    6440    24.960    24.967 
    6450    24.963    24.963 
    6460    24.961    24.967 
    6470    24.961    24.966 
    6480    24.961    24.966 
    6490    24.961    24.966 
    6500    24.801    25.101 
    6510    24.961    24.966 
    6520    24.961    24.966 
    6530    24.961    24.966 
    6540    24.961    24.966 
    6550    24.958    24.966 
    6560    24.961    24.967 
    6570    24.961    24.966 
    6580    24.961    24.966 
    6590    24.960    24.967 
    6600    24.777    25.062 
    6610    24.962    24.965 
    6620    24.961    24.966 
    6630    24.960    24.967 
    6640    24.961    24.966 
    6650    24.962    24.978 
    6660    24.961    24.966 
    6670    24.961    24.966 
    6680   -70.875   112.969 
    6690    24.961    24.966 
    6700    25.022    24.916 
    6710    24.961    24.966 
    6720    24.961    24.966 
    6730    24.961    24.966 
    6740    24.961    24.966 
    6750    24.937    24.920 
    6760    24.961    24.966 
    6770    24.961    24.966 
    6780    24.960    24.965 
    6790    24.961    24.967 
    6800    24.965    24.969 
    6810    24.961    24.967 
    6820    24.961    24.966 
    6830    24.961    24.966 
    6840    24.961    24.966 
    6850    24.960    24.961 
    6860    24.963    24.966 
    6870    24.961    24.966 
    6880    24.960    24.967 
    6890    24.961    24.966 
    6900    24.969    25.008 
    6910    24.961    24.966 
    6920    24.960    24.965 
    6930    24.961    24.967 
    6940    24.961    24.966 
    6950    24.938    24.967 
    6960    24.960    24.965 
    6970    24.961    24.967 
    6980    24.960    24.967 
    6990    24.961    24.967 
    7000    24.959    24.966 
    7010    24.961    24.967 
    7020    24.961    24.966 
    7030    24.961    24.970 
    7040    24.960    24.967 
    7050    24.988    25.014 
    7060    24.961    24.967 
    7070    24.961    24.966 
    7080    24.960    24.967 
    7090    24.961    24.966 
    7100    24.960    24.963 
    7110    24.958    24.967 
    7120    24.961    24.967 
    7130    24.961    24.966 
    7140    24.961    24.966 
    7150    24.964    24.966 
    7160    24.961    24.966 
    7170    24.964    24.965 
    7180    24.960    24.966 
    7190    24.961    24.966 
    7200    24.962    24.972 
    7210    24.961    24.966 
    7220    24.961    24.966 
    7230    24.959    24.967 
    7240    24.961    24.966 
    7250    24.963    24.965 
    7260    24.961    24.966 
    7270    24.961    24.966 
    7280    24.956    24.962 
    7290    24.961    24.966 
    7300    24.888    25.037 
    7310    24.961    24.966 
    7320    24.961    24.966 
    7330    24.961    24.968 
    7340    24.961    24.966 
    7350    24.969    24.995 
    7360    24.961    24.966 
    7370    24.961    24.966 
    7380    24.960    24.965 
    7390    24.961    24.966 
    7400    24.767    25.017 
    7410    24.962    24.966 
    7420    24.961    24.966 
    7430    24.952    24.968 
    7440    24.961    24.966 
    7450    24.952    24.912 
    7460    24.961    24.966 
    7470    24.961    24.966 
    7480    24.960    24.967 
    7490    24.961    24.966 
    7500    24.950    24.882 
    7510    24.960    24.967 
    7520    24.961    24.967 
    7530    24.961    24.967 
    7540    24.961    24.966 
    7550    24.988    24.957 
    7560    24.961    24.967 
    7570    24.949    24.970 
    7580    24.961    24.966 
    7590    24.961    24.966 
    7600    24.966    24.966 
    7610    24.961    24.966 
    7620    24.961    24.966 
    7630    24.961    24.966 
    7640    24.961    24.966 
    7650    24.959    24.966 
    7660    24.961    24.966 
    7670    24.961    24.966 
    7680    24.961    24.966 
    7690    24.961    24.966 
    7700    24.967    24.967 
    7710    24.961    24.966 
    7720    24.961    24.966 
    7730    24.960    24.967 
    7740    24.961    24.966 
    7750    24.966    24.967 
    7760    24.960    24.969 
    7770    24.961    24.966 
    7780    24.961    24.967 
    7790    24.961    24.966 
    7800    24.961    24.970 
    7810    24.960    24.966 
    7820    24.961    24.966 
    7830    24.960    24.966 
    7840    24.961    24.966 
    7850    24.981    24.957 
    7860    24.962    24.969 
    7870    24.961    24.966 
    7880    24.960    24.967 
    7890    24.961    24.966 
    7900    24.962    24.967 
    7910    24.961    24.966 
    7920    24.961    24.967 
    7930    24.961    24.965 
    7940    24.961    24.967 
    7950    24.962    24.967 
    7960    24.961    24.965 
    7970    24.961    24.966 
    7980    24.960    24.966 
    7990    24.961    24.967 
    8000    24.955    24.967 
    8010    24.961    24.967 
    8020    24.961    24.966 
    8030    24.961    24.966 
    8040    24.960    24.967 
    8050    25.056    24.944 
    8060    24.964    24.966 
    8070    24.961    24.966 
    8080    24.960    24.967 
    8090    24.961    24.966 
    8100    24.812    24.823 
    8110    24.961    24.966 
    8120    24.961    24.966 
    8130    24.961    24.966 
    8140    24.961    24.966 
    8150    24.961    24.963 
    8160    24.961    24.966 
    8170    24.961    24.966 
    8180    24.956    24.966 
    8190    24.961    24.967 
    8200    24.960    24.967 
    8210    24.961    24.966 
    8220    24.961    24.966 
    8230    24.961    24.966 
    8240    24.961    24.966 
    8250    24.824    24.853 
    8260    24.961    24.966 
    8270    24.961    24.967 
    8280    24.962    24.966 
    8290    24.961    24.966 
    8300    25.089    25.053 
    8310    24.961    24.967 
    8320    24.961    24.966 
    8330    24.960    24.966 
    8340    24.961    24.966 
    8350    24.957    24.971 
    8360    24.961    24.966 
    8370    24.961    24.966 
    8380    24.959    24.965 
    8390    24.961    24.966 
    8400    24.937    24.993 
    8410    24.960    24.968 
    8420    24.961    24.967 
    8430    24.962    24.966 
    8440    24.961    24.966 
    8450    24.961    24.966 
    8460    24.961    24.967 
    8470    24.961    24.966 
    8480    24.961    24.967 
    8490    24.961    24.966 
    8500    25.233    24.849 
    8510    24.961    24.967 
    8520    24.961    24.966 
    8530    24.961    24.967 
    8540    24.961    24.966 
    8550    24.996    24.930 
    8560    24.960    24.967 
    8570    24.961    24.966 
    8580    24.961    24.965 
    8590    24.961    24.966 
    8600    25.066    25.008 
    8610    24.961    24.967 
    8620    24.961    24.967 
    8630    24.961    24.966 
    8640    24.960    24.966 
    8650    24.955    24.965 
    8660    24.961    24.966 
    8670    24.961    24.966 
    8680    24.960    24.968 
    8690    24.961    24.966 
    8700    25.139    25.028 
    8710    24.964    24.968 
    8720    24.961    24.967 
    8730    24.961    24.967 
    8740    24.960    24.967 
    8750    24.841    25.030 
    8760    24.961    24.967 
    8770    24.961    24.967 
    8780    24.961    24.966 
    8790    24.961    24.967 
    8800    24.979    24.825 
    8810    24.961    24.966 
    8820    24.961    24.966 
    8830    24.960    24.967 
    8840    24.961    24.968 
    8850    24.964    25.010 
    8860    24.961    24.966 
    8870    24.961    24.966 
    8880    24.960    24.964 
    8890    24.961    24.966 
    8900    24.971    24.926 
    8910    24.946    24.963 
    8920    24.961    24.966 
    8930    24.961    24.966 
    8940    24.961    24.966 
    8950    24.897    25.075 
    8960    24.961    24.967 
    8970    24.962    24.964 
    8980    24.960    24.967 
    8990    24.961    24.967 
    9000    24.950    24.999 
    9010    24.961    24.966 
    9020    24.961    24.966 
    9030    24.961    24.966 
    9040    24.961    24.966 
    9050    24.959    24.951 
    9060    24.961    24.966 
    9070    24.961    24.966 
    9080    24.959    24.965 
    9090    24.961    24.966 
    9100    24.958    24.966 
    9110    24.961    24.966 
    9120    24.961    24.966 
    9130    24.960    24.966 
    9140    24.961    24.966 
    9150    24.964    24.962 
    9160    24.961    24.966 
    9170    24.961    24.966 
    9180    24.959    24.965 
    9190    24.961    24.966 
    9200    24.959    24.968 
    9210    24.961    24.966 
    9220    24.961    24.966 
    9230    24.964    24.969 
    9240    24.961    24.966 
    9250    24.984    24.932 
    9260    24.960    24.968 
    9270    24.961    24.966 
    9280    24.959    24.966 
    9290    24.961    24.966 
    9300    24.890    24.932 
    9310    24.961    24.966 
    9320    24.961    24.966 
    9330    24.961    24.966 
    9340    24.961    24.966 
    9350    24.954    24.982 
    9360    24.961    24.966 
    9370    24.961    24.965 
    9380    24.963    24.967 
    9390    24.960    24.956 
    9400    24.748    24.904 
    9410    24.961    24.966 
    9420    24.961    24.966 
    9430    24.961    24.966 
    9440    24.961    24.966 
    9450    24.841    25.008 
    9460    24.961    24.966 
    9470    24.961    24.967 
    9480    24.961    24.966 
    9490    24.949    24.955 
    9500    24.965    24.970 
    9510    24.961    24.966 
    9520    24.961    24.966 
    9530    24.962    24.966 
    9540    24.961    24.967 
    9550    24.957    24.967 
    9560    24.960    24.963 
    9570    24.961    24.966 
    9580    24.961    24.966 
    9590    24.961    24.967 
    9600    25.025    25.126 
    9610    24.961    24.968 
    9620    24.961    24.966 
    9630    24.960    24.966 
    9640    24.961    24.966 
    9650    25.006    24.967 
    9660    24.961    24.966 
    9670    24.961    24.966 
    9680    24.960    24.965 
    9690    24.961    24.966 
    9700    24.959    24.967 
    9710    24.961    24.967 
    9720    24.961    24.966 
    9730    24.961    24.967 
    9740    24.961    24.966 
    9750    24.967    24.962 
    9760    24.961    24.966 
    9770    24.961    24.966 
    9780    24.960    24.965 
    9790    24.961    24.966 
    9800    24.963    24.965 
    9810    24.961    24.966 
    9820    24.961    24.967 
    9830    24.961    24.966 
    9840    24.962    24.967 
    9850    24.971    25.025 
    9860    24.961    24.966 
    9870    24.961    24.966 
    9880    24.961    24.966 
    9890    24.961    24.966 
    9900    25.177    25.035 
    9910    24.961    24.966 
    9920    24.961    24.966 
    9930    24.960    24.960 
    9940    24.961    24.966 
    9950    24.963    24.967 
    9960    24.961    24.966 
    9970    24.961    24.966 
    9980    24.961    24.966 
    9990    24.961    24.967 
   10000    24.961    24.966 
