       0   344.941   344.751 
      10   349.129   346.949 
      20   350.604   348.389 
      30   349.633   349.014 
      40   349.943   349.283 
      50   350.079   349.440 
      60   349.931   349.632 
      70   349.952   349.682 
      80   349.940   349.684 
      90   349.938   349.687 
     100   349.934   349.702 
     110   349.940   349.671 
     120   349.940   349.693 
     130   349.940   349.699 
     140   349.940   349.703 
     150   349.938   349.705 
     160   349.941   349.719 
     170   349.941   349.689 
     180   349.941   349.704 
     190   349.941   349.706 
     200   350.024   349.710 
     210   349.941   349.703 
     220   349.941   349.701 
     230   349.941   349.708 
     240   349.941   349.709 
     250   350.155   349.720 
     260   349.942   349.716 
     270   349.942   349.709 
     280   349.942   349.731 
     290   349.942   349.711 
     300   349.859   349.714 
     310   349.942   349.718 
     320   349.942   349.716 
     330   349.942   349.711 
     340   349.942   349.713 
     350   350.303   349.711 
     360   349.943   349.702 
     370   349.942   349.714 
     380   349.942   349.685 
     390   349.942   349.715 
     400   349.877   349.724 
     410   349.943   349.719 
     420   349.943   349.716 
     430   349.943   349.733 
     440   349.947   349.718 
     450   349.954   349.716 
     460   349.943   349.718 
     470   349.944   349.716 
     480   349.945   349.713 
     490   349.944   349.709 
     500   349.951   349.713 
     510   349.943   349.713 
     520   349.944   349.712 
     530   349.944   349.731 
     540   349.944   349.709 
     550   349.964   349.716 
     560   349.944   349.715 
     570   349.944   349.714 
     580   349.944   349.705 
     590   349.944   349.714 
     600   350.033   349.790 
     610   349.944   349.715 
     620   349.944   349.715 
     630   349.943   349.672 
     640   349.947   349.715 
     650   349.950   349.715 
     660   349.944   349.715 
     670   349.945   349.715 
     680   349.948   349.716 
     690   349.944   349.715 
     700   349.946   349.717 
     710   349.944   349.716 
     720   349.944   349.717 
     730   349.944   349.718 
     740   349.944   349.715 
     750   349.943   349.709 
     760   349.944   349.715 
     770   349.944   349.707 
     780   349.944   349.702 
     790   349.944   349.718 
     800   349.967   349.743 
     810   349.944   349.716 
     820   349.945   349.716 
     830   349.944   349.734 
     840   349.945   349.714 
     850   349.881   349.726 
     860   349.951   349.716 
     870   349.942   349.714 
     880   349.944   349.706 
     890   349.946   349.716 
     900   349.941   349.716 
     910   349.945   349.715 
     920   349.945   349.716 
     930   349.945   349.707 
     940   349.945   349.715 
     950   349.942   349.768 
     960   349.945   349.716 
     970   349.945   349.716 
     980   349.944   349.696 
     990   349.944   349.716 
    1000   349.909   349.716 
    1010   349.945   349.716 
    1020   349.945   349.720 
    1030   349.945   349.715 
    1040   349.945   349.716 
    1050   349.944   349.716 
    1060   349.945   349.716 
    1070   349.945   349.716 
    1080   349.945   349.713 
    1090   349.944   349.716 
    1100   349.950   349.716 
    1110   349.945   349.716 
    1120   349.945   349.716 
    1130   349.946   349.691 
    1140   349.945   349.715 
    1150   349.946   349.726 
    1160   349.945   349.716 
    1170   349.945   349.715 
    1180   349.945   349.716 
    1190   349.958   349.717 
    1200   349.929   349.717 
    1210   349.945   349.717 
    1220   349.945   349.716 
    1230   349.948   349.716 
    1240   349.945   349.716 
    1250   349.975   349.717 
    1260   349.945   349.718 
    1270   349.945   349.719 
    1280   349.945   349.722 
    1290   349.945   349.716 
    1300   349.894   349.660 
    1310   349.947   349.717 
    1320   349.945   349.716 
    1330   349.940   349.716 
    1340   349.945   349.717 
    1350   349.778   349.707 
    1360   349.953   349.717 
    1370   349.945   349.717 
    1380   349.945   349.716 
    1390   349.946   349.716 
    1400   350.122   349.717 
    1410   349.946   349.716 
    1420   349.945   349.717 
    1430   349.947   349.716 
    1440   349.946   349.717 
    1450   349.945   349.708 
    1460   349.952   349.717 
    1470   349.946   349.717 
    1480   349.945   349.717 
    1490   349.959   349.716 
    1500   349.924   349.716 
    1510   349.946   349.715 
    1520   349.946   349.717 
    1530   349.946   349.723 
    1540   349.946   349.717 
    1550   350.024   349.710 
    1560   349.945   349.716 
    1570   349.945   349.717 
    1580   349.946   349.718 
    1590   349.946   349.717 
    1600   349.929   349.738 
    1610   349.952   349.717 
    1620   349.946   349.716 
    1630   349.946   349.708 
    1640   349.946   349.717 
    1650   349.950   349.717 
    1660   349.946   349.717 
    1670   349.946   349.717 
    1680   349.946   349.716 
    1690   349.946   349.717 
    1700   350.087   349.717 
    1710   349.946   349.717 
    1720   349.946   349.717 
    1730   349.946   349.703 
    1740   349.946   349.717 
    1750   349.951   349.717 
    1760   349.946   349.717 
    1770   349.946   349.717 
    1780   349.945   349.650 
    1790   349.946   349.715 
    1800   350.013   349.719 
    1810   349.946   349.718 
    1820   349.946   349.717 
    1830   349.946   349.717 
    1840   349.946   349.717 
    1850   349.948   349.717 
    1860   349.946   349.717 
    1870   349.946   349.717 
    1880   349.946   349.712 
    1890   349.946   349.717 
    1900   349.951   349.718 
    1910   349.946   349.719 
    1920   349.946   349.717 
    1930   349.946   349.720 
    1940   349.946   349.717 
    1950   349.927   349.716 
    1960   349.946   349.718 
    1970   349.946   349.717 
    1980   349.946   349.717 
    1990   349.946   349.717 
    2000   349.942   349.726 
    2010   349.938   349.717 
    2020   349.946   349.717 
    2030   349.946   349.717 
    2040   349.946   349.717 
    2050   349.858   349.650 
    2060   349.946   349.717 
    2070   349.946   349.717 
    2080   349.946   349.716 
    2090   349.946   349.717 
    2100   349.953   349.725 
    2110   349.946   349.714 
    2120   349.946   349.717 
    2130   349.946   349.719 
    2140   349.946   349.717 
    2150   349.932   349.712 
    2160   349.946   349.717 
    2170   349.946   349.717 
    2180   349.946   349.717 
    2190   349.946   349.717 
    2200   349.904   349.713 
    2210   349.946   349.717 
    2220   349.946   349.717 
    2230   349.949   349.717 
    2240   349.946   349.717 
    2250   349.948   349.705 
    2260   349.946   349.716 
    2270   349.946   349.717 
    2280   349.939   349.718 
    2290   349.946   349.717 
    2300   349.685   349.932 
    2310   349.946   349.718 
    2320   349.946   349.719 
    2330   349.947   349.716 
    2340   349.946   349.717 
    2350   349.953   349.717 
    2360   349.946   349.717 
    2370   349.946   349.717 
    2380   349.946   349.716 
    2390   349.946   349.717 
    2400   349.948   349.717 
    2410   349.946   349.717 
    2420   349.946   349.717 
    2430   349.946   349.699 
    2440   349.946   349.717 
    2450   350.028   349.728 
    2460   349.946   349.717 
    2470   349.946   349.717 
    2480   349.946   349.685 
    2490   349.946   349.717 
    2500   349.938   349.687 
    2510   349.946   349.717 
    2520   349.946   349.717 
    2530   349.947   349.748 
    2540   349.955   349.717 
    2550   349.942   349.717 
    2560   349.946   349.717 
    2570   349.946   349.717 
    2580   349.946   349.714 
    2590   349.946   349.717 
    2600   349.895   349.717 
    2610   349.946   349.717 
    2620   349.946   349.717 
    2630   349.947   349.695 
    2640   349.946   349.718 
    2650   349.640   349.715 
    2660   349.946   349.717 
    2670   349.946   349.717 
    2680   349.948   349.717 
    2690   349.946   349.717 
    2700   349.944   349.713 
    2710   349.946   349.718 
    2720   349.945   349.717 
    2730   349.946   349.717 
    2740   349.946   349.717 
    2750   349.941   349.711 
    2760   349.935   349.717 
    2770   349.946   349.717 
    2780   349.947   349.717 
    2790   349.946   349.717 
    2800   349.951   349.701 
    2810   349.959   349.717 
    2820   349.946   349.717 
    2830   349.946   349.718 
    2840   349.946   349.717 
    2850   349.947   349.722 
    2860   349.948   349.719 
    2870   349.946   349.717 
    2880   349.946   349.717 
    2890   349.946   349.717 
    2900   349.813   349.799 
    2910   349.946   349.717 
    2920   349.946   349.717 
    2930   349.946   349.734 
    2940   349.946   349.717 
    2950   349.930   349.715 
    2960   349.946   349.717 
    2970   349.946   349.717 
    2980   349.944   349.717 
    2990   349.946   349.717 
    3000   349.945   349.709 
    3010   349.946   349.717 
    3020   349.946   349.717 
    3030   349.946   349.717 
    3040   349.946   349.717 
    3050   350.211   349.725 
    3060   349.946   349.718 
    3070   349.946   349.717 
    3080   349.946   349.717 
    3090   349.946   349.717 
    3100   349.970   349.711 
    3110   349.946   349.717 
    3120   349.951   349.717 
    3130   349.946   349.716 
    3140   349.946   349.717 
    3150   349.744   349.705 
    3160   349.940   349.714 
    3170   349.946   349.717 
    3180   349.946   349.717 
    3190   349.946   349.717 
    3200   349.946   349.717 
    3210   349.946   349.717 
    3220   349.946   349.717 
    3230   349.946   349.719 
    3240   349.946   349.717 
    3250   349.889   349.717 
    3260   349.946   349.718 
    3270   349.946   349.717 
    3280   349.946   349.717 
    3290   349.946   349.717 
    3300   349.930   349.757 
    3310   349.946   349.717 
    3320   349.946   349.717 
    3330   349.946   349.721 
    3340   349.946   349.717 
    3350   349.776   349.715 
    3360   349.946   349.714 
    3370   349.946   349.717 
    3380   349.946   349.717 
    3390   349.946   349.717 
    3400   350.017   349.714 
    3410   349.946   349.717 
    3420   349.946   349.717 
    3430   349.947   349.739 
    3440   349.946   349.716 
    3450   349.941   349.715 
    3460   349.946   349.717 
    3470   349.946   349.717 
    3480   349.947   349.717 
    3490   349.946   349.717 
    3500   350.446   349.711 
    3510   349.947   349.712 
    3520   349.946   349.716 
    3530   349.949   349.717 
    3540   349.946   349.717 
    3550   349.947   349.670 
    3560   349.956   349.717 
    3570   349.946   349.717 
    3580   349.946   349.709 
    3590   349.946   349.717 
    3600   349.656   349.717 
    3610   349.946   349.717 
    3620   349.946   349.717 
    3630   349.947   349.768 
    3640   349.946   349.717 
    3650   349.954   349.717 
    3660   349.946   349.717 
    3670   349.946   349.717 
    3680   349.947   349.717 
    3690   349.967   349.717 
    3700   349.941   349.717 
    3710   349.946   349.717 
    3720   349.946   349.717 
    3730   349.946   349.718 
    3740   349.946   349.717 
    3750   350.082   349.731 
    3760   349.946   349.718 
    3770   349.946   349.717 
    3780   349.947   349.670 
    3790   349.946   349.718 
    3800   349.955   349.717 
    3810   349.946   349.716 
    3820   349.946   349.717 
    3830   349.946   349.711 
    3840   349.946   349.717 
    3850   349.947   349.717 
    3860   349.946   349.717 
    3870   349.946   349.717 
    3880   349.946   349.703 
    3890   349.946   349.717 
    3900   350.059   349.715 
    3910   349.946   349.717 
    3920   349.946   349.717 
    3930   349.946   349.718 
    3940   349.964   349.717 
    3950   349.960   349.718 
    3960   349.946   349.717 
    3970   349.946   349.717 
    3980   349.946   349.732 
    3990   349.946   349.717 
    4000   349.864   349.718 
    4010   349.946   349.717 
    4020   349.946   349.717 
    4030   349.946   349.721 
    4040   349.946   349.717 
    4050   349.689   349.716 
    4060   349.946   349.717 
    4070   349.946   349.717 
    4080   349.946   349.717 
    4090   349.946   349.717 
    4100   349.947   349.709 
    4110   349.946   349.717 
    4120   349.946   349.717 
    4130   349.946   349.711 
    4140   349.946   349.717 
    4150   349.878   349.717 
    4160   349.946   349.715 
    4170   349.946   349.717 
    4180   349.946   349.717 
    4190   349.946   349.717 
    4200   349.951   349.726 
    4210   349.963   349.717 
    4220   349.946   349.717 
    4230   349.946   349.719 
    4240   349.946   349.717 
    4250   349.972   349.717 
    4260   349.946   349.717 
    4270   349.946   349.717 
    4280   349.946   349.706 
    4290   349.946   349.717 
    4300   349.947   349.717 
    4310   349.946   349.717 
    4320   349.946   349.717 
    4330   349.946   349.718 
    4340   349.946   349.717 
    4350   349.761   349.717 
    4360   349.946   349.717 
    4370   349.946   349.717 
    4380   349.946   349.756 
    4390   349.946   349.717 
    4400   349.843   349.717 
    4410   349.946   349.717 
    4420   349.946   349.717 
    4430   349.946   349.720 
    4440   349.946   349.717 
    4450   350.001   349.718 
    4460   349.946   349.717 
    4470   349.946   349.717 
    4480   349.946   349.727 
    4490   349.959   349.716 
    4500   349.906   349.713 
    4510   349.949   349.717 
    4520   349.946   349.717 
    4530   349.946   349.722 
    4540   349.946   349.717 
    4550   349.939   349.716 
    4560   349.946   349.717 
    4570   349.946   349.717 
    4580   349.946   349.733 
    4590   349.946   349.717 
    4600   349.934   349.717 
    4610   349.946   349.717 
    4620   349.946   349.717 
    4630   349.946   349.719 
    4640   349.946   349.717 
    4650   349.940   349.717 
    4660   349.946   349.717 
    4670   349.946   349.717 
    4680   349.946   349.705 
    4690   349.946   349.718 
    4700   349.956   349.717 
    4710   349.946   349.717 
    4720   349.946   349.717 
    4730   349.946   349.722 
    4740   349.946   349.717 
    4750   350.259   349.717 
    4760   349.946   349.717 
    4770   349.946   349.717 
    4780   349.936   349.717 
    4790   349.946   349.717 
    4800   349.905   349.671 
    4810   349.946   349.717 
    4820   349.946   349.717 
    4830   349.946   349.726 
    4840   349.946   349.717 
    4850   350.236   349.718 
    4860   349.946   349.719 
    4870   349.970   349.717 
    4880   349.946   349.717 
    4890   349.946   349.717 
    4900   349.947   349.717 
    4910   349.946   349.717 
    4920   349.946   349.717 
    4930   349.946   349.718 
    4940   349.946   349.717 
    4950   349.948   349.717 
    4960   349.946   349.717 
    4970   349.946   349.717 
    4980   349.947   349.740 
    4990   349.946   349.717 
    5000   350.616   349.726 
    5010   349.957   349.717 
    5020   349.946   349.717 
    5030   349.946   349.720 
    5040   349.947   349.718 
    5050   349.951   349.717 
    5060   349.946   349.717 
    5070   349.946   349.717 
    5080   349.947   349.740 
    5090   349.946   349.717 
    5100   349.941   349.717 
    5110   349.946   349.717 
    5120   349.946   349.717 
    5130   349.946   349.717 
    5140   349.945   349.717 
    5150   349.960   349.721 
    5160   349.946   349.717 
    5170   349.946   349.717 
    5180   349.953   349.717 
    5190   349.946   349.717 
    5200   349.956   349.712 
    5210   349.946   349.717 
    5220   349.946   349.717 
    5230   349.949   349.717 
    5240   349.946   349.717 
    5250   349.942   349.700 
    5260   349.946   349.717 
    5270   349.946   349.717 
    5280   349.947   349.715 
    5290   349.946   349.717 
    5300   349.893   349.723 
    5310   349.946   349.718 
    5320   349.946   349.717 
    5330   349.946   349.704 
    5340   349.946   349.717 
    5350   349.946   349.717 
    5360   349.946   349.717 
    5370   349.946   349.717 
    5380   349.946   349.698 
    5390   349.946   349.717 
    5400   349.661   349.717 
    5410   349.946   349.717 
    5420   349.946   349.717 
    5430   349.946   349.722 
    5440   349.946   349.717 
    5450   349.957   349.714 
    5460   349.946   349.717 
    5470   349.946   349.717 
    5480   349.946   349.749 
    5490   349.946   349.717 
    5500   349.941   349.717 
    5510   349.946   349.718 
    5520   349.946   349.717 
    5530   349.946   349.704 
    5540   349.946   349.717 
    5550   349.793   349.717 
    5560   349.946   349.717 
    5570   349.946   349.717 
    5580   349.948   349.717 
    5590   349.946   349.717 
    5600   349.949   349.708 
    5610   349.947   349.718 
    5620   349.946   349.717 
    5630   349.946   349.717 
    5640   349.946   349.717 
    5650   349.972   349.777 
    5660   349.948   349.717 
    5670   349.946   349.717 
    5680   349.946   349.718 
    5690   349.946   349.717 
    5700   349.966   349.718 
    5710   349.946   349.719 
    5720   349.946   349.717 
    5730   349.944   349.717 
    5740   349.946   349.717 
    5750   349.940   349.766 
    5760   349.947   349.717 
    5770   349.946   349.717 
    5780   349.935   349.717 
    5790   349.946   349.717 
    5800   349.945   349.727 
    5810   349.946   349.717 
    5820   349.946   349.717 
    5830   349.946   349.717 
    5840   349.946   349.717 
    5850   349.863   349.687 
    5860   349.946   349.717 
    5870   349.945   349.717 
    5880   349.947   349.716 
    5890   349.946   349.717 
    5900   349.900   349.719 
    5910   349.946   349.720 
    5920   349.946   349.717 
    5930   349.944   349.717 
    5940   349.946   349.717 
    5950   349.944   349.769 
    5960   349.955   349.717 
    5970   349.946   349.717 
    5980   349.946   349.717 
    5990   349.946   349.717 
    6000   349.951   349.717 
    6010   349.946   349.717 
    6020   349.946   349.717 
    6030   349.944   349.717 
    6040   349.946   349.717 
    6050   349.933   349.717 
    6060   349.946   349.716 
    6070   349.946   349.717 
    6080   349.948   349.717 
    6090   349.946   349.717 
    6100   349.942   349.665 
    6110   349.946   349.717 
    6120   349.946   349.717 
    6130   349.949   349.717 
    6140   349.946   349.717 
    6150   349.946   349.709 
    6160   349.946   349.717 
    6170   349.946   349.717 
    6180   349.946   349.716 
    6190   349.953   349.717 
    6200   349.951   349.717 
    6210   349.946   349.717 
    6220   349.946   349.717 
    6230   349.945   349.753 
    6240   349.946   349.717 
    6250   350.286   349.717 
    6260   349.946   349.717 
    6270   349.946   349.717 
    6280   349.946   349.711 
    6290   349.946   349.717 
    6300   349.946   349.717 
    6310   349.946   349.717 
    6320   349.946   349.718 
    6330   349.946   349.719 
    6340   349.946   349.717 
    6350   349.961   349.717 
    6360   349.946   349.717 
    6370   349.946   349.717 
    6380   349.946   349.721 
    6390   349.946   349.717 
    6400   349.947   349.713 
    6410   349.947   349.716 
    6420   349.946   349.717 
    6430   349.946   349.716 
    6440   349.946   349.717 
    6450   350.078   349.717 
    6460   349.946   349.717 
    6470   349.946   349.717 
    6480   349.945   349.716 
    6490   349.946   349.717 
    6500   349.947   349.718 
    6510   349.946   349.717 
    6520   349.948   349.717 
    6530   349.946   349.719 
    6540   349.946   349.717 
    6550   349.947   349.717 
    6560   349.946   349.717 
    6570   349.946   349.717 
    6580   349.946   349.716 
    6590   349.946   349.717 
    6600   349.947   349.717 
    6610   349.946   349.717 
    6620   349.946   349.717 
    6630   349.946   349.717 
    6640   349.946   349.717 
    6650   349.984   349.713 
    6660   349.946   349.717 
    6670   349.946   349.717 
    6680   349.950   349.717 
    6690   349.946   349.717 
    6700   349.941   349.759 
    6710   349.957   349.717 
    6720   349.946   349.717 
    6730   349.945   349.720 
    6740   349.946   349.717 
    6750   349.932   349.717 
    6760   349.946   349.717 
    6770   349.947   349.717 
    6780   349.946   349.717 
    6790   349.951   349.718 
    6800   349.915   349.715 
    6810   349.946   349.717 
    6820   349.946   349.717 
    6830   349.946   349.724 
    6840   349.946   349.717 
    6850   349.682   349.718 
    6860   349.946   349.717 
    6870   349.946   349.717 
    6880   349.946   349.724 
    6890   349.946   349.717 
    6900   349.752   349.710 
    6910   349.946   349.717 
    6920   349.946   349.717 
    6930   349.946   349.717 
    6940   349.946   349.717 
    6950   349.865   349.717 
    6960   349.946   349.716 
    6970   349.946   349.717 
    6980   349.941   349.717 
    6990   349.946   349.717 
    7000   349.949   349.729 
    7010   349.957   349.717 
    7020   349.946   349.717 
    7030   349.951   349.717 
    7040   349.946   349.717 
    7050   349.969   349.659 
    7060   349.948   349.717 
    7070   349.946   349.717 
    7080   349.950   349.717 
    7090   349.946   349.717 
    7100   349.950   349.715 
    7110   349.946   349.717 
    7120   349.946   349.717 
    7130   349.946   349.709 
    7140   349.966   349.717 
    7150   349.941   349.717 
    7160   349.946   349.718 
    7170   349.946   349.717 
    7180   349.946   349.720 
    7190   349.946   349.717 
    7200   349.948   349.717 
    7210   349.946   349.717 
    7220   349.946   349.717 
    7230   349.949   349.717 
    7240   349.946   349.717 
    7250   349.950   349.670 
    7260   349.946   349.717 
    7270   349.958   349.717 
    7280   349.945   349.715 
    7290   349.946   349.717 
    7300   349.868   349.639 
    7310   349.946   349.717 
    7320   349.947   349.718 
    7330   349.945   349.718 
    7340   349.946   349.717 
    7350   349.956   349.729 
    7360   349.945   349.719 
    7370   349.946   349.717 
    7380   349.943   349.716 
    7390   349.946   349.717 
    7400   349.930   349.712 
    7410   349.942   349.714 
    7420   349.946   349.717 
    7430   349.946   349.715 
    7440   349.946   349.717 
    7450   349.944   349.719 
    7460   349.946   349.716 
    7470   349.946   349.717 
    7480   349.946   349.721 
    7490   349.946   349.717 
    7500   349.941   349.717 
    7510   349.946   349.717 
    7520   349.946   349.717 
    7530   349.947   349.661 
    7540   349.946   349.718 
    7550   349.948   349.711 
    7560   349.946   349.717 
    7570   349.946   349.717 
    7580   349.946   349.717 
    7590   349.946   349.717 
    7600   349.991   349.722 
    7610   349.958   349.717 
    7620   349.946   349.717 
    7630   349.946   349.705 
    7640   349.946   349.717 
    7650   349.800   349.718 
    7660   349.946   349.717 
    7670   349.946   349.717 
    7680   349.950   349.716 
    7690   349.946   349.717 
    7700   349.956   349.713 
    7710   349.946   349.716 
    7720   349.939   349.715 
    7730   349.950   349.717 
    7740   349.946   349.717 
    7750   349.951   349.741 
    7760   349.947   349.717 
    7770   349.946   349.717 
    7780   349.946   349.717 
    7790   349.946   349.717 
    7800   349.945   349.717 
    7810   349.946   349.717 
    7820   349.946   349.717 
    7830   349.946   349.719 
    7840   349.946   349.717 
    7850   349.957   349.718 
    7860   349.946   349.720 
    7870   349.946   349.717 
    7880   349.946   349.716 
    7890   349.946   349.717 
    7900   349.545   349.764 
    7910   349.946   349.717 
    7920   349.946   349.717 
    7930   349.946   349.717 
    7940   349.946   349.717 
    7950   349.925   349.720 
    7960   349.946   349.718 
    7970   349.946   349.717 
    7980   349.946   349.717 
    7990   349.946   349.717 
    8000   349.946   349.719 
    8010   349.946   349.717 
    8020   349.946   349.717 
    8030   349.946   349.716 
    8040   349.960   349.717 
    8050   349.983   349.717 
    8060   349.946   349.717 
    8070   349.946   349.717 
    8080   349.949   349.717 
    8090   349.946   349.717 
    8100   349.949   349.694 
    8110   349.954   349.717 
    8120   349.946   349.717 
    8130   349.946   349.714 
    8140   349.946   349.717 
    8150   349.949   349.716 
    8160   349.946   349.717 
    8170   349.946   349.717 
    8180   349.946   349.723 
    8190   349.964   349.718 
    8200   349.947   349.717 
    8210   349.946   349.716 
    8220   349.946   349.717 
    8230   349.946   349.690 
    8240   349.946   349.717 
    8250   350.147   349.718 
    8260   349.946   349.717 
    8270   349.946   349.717 
    8280   349.946   349.717 
    8290   349.946   349.717 
    8300   349.888   349.718 
    8310   349.946   349.717 
    8320   349.946   349.717 
    8330   349.946   349.719 
    8340   349.946   349.717 
    8350   349.970   349.718 
    8360   349.946   349.717 
    8370   349.946   349.717 
    8380   349.946   349.720 
    8390   349.946   349.717 
    8400   349.946   349.717 
    8410   349.946   349.717 
    8420   349.946   349.717 
    8430   349.946   349.694 
    8440   349.946   349.717 
    8450   349.907   349.718 
    8460   349.946   349.717 
    8470   349.946   349.717 
    8480   349.942   349.718 
    8490   349.946   349.717 
    8500   349.969   349.687 
    8510   349.947   349.717 
    8520   349.946   349.717 
    8530   349.946   349.717 
    8540   349.946   349.717 
    8550   349.944   349.715 
    8560   349.946   349.718 
    8570   349.946   349.717 
    8580   349.946   349.703 
    8590   349.946   349.717 
    8600   349.946   349.717 
    8610   349.946   349.717 
    8620   349.946   349.717 
    8630   349.946   349.724 
    8640   349.946   349.717 
    8650   349.770   349.717 
    8660   349.946   349.717 
    8670   349.946   349.717 
    8680   349.942   349.717 
    8690   349.946   349.717 
    8700   349.936   349.711 
    8710   349.968   349.713 
    8720   349.946   349.717 
    8730   349.945   349.717 
    8740   349.946   349.717 
    8750   349.959   349.730 
    8760   349.947   349.717 
    8770   349.946   349.717 
    8780   349.947   349.717 
    8790   349.946   349.717 
    8800   349.880   349.721 
    8810   349.947   349.717 
    8820   349.946   349.717 
    8830   349.946   349.717 
    8840   349.946   349.717 
    8850   349.950   349.716 
    8860   349.946   349.717 
    8870   349.946   349.717 
    8880   349.946   349.710 
    8890   349.946   349.717 
    8900   349.705   349.753 
    8910   349.946   349.717 
    8920   349.946   349.717 
    8930   349.948   349.716 
    8940   349.946   349.717 
    8950   349.903   349.713 
    8960   349.946   349.715 
    8970   349.946   349.717 
    8980   349.946   349.718 
    8990   349.946   349.718 
    9000   349.514   349.719 
    9010   349.946   349.717 
    9020   349.946   349.717 
    9030   349.946   349.717 
    9040   349.945   349.717 
    9050   349.941   349.717 
    9060   349.946   349.717 
    9070   349.946   349.717 
    9080   349.947   349.741 
    9090   349.946   349.717 
    9100   349.843   349.717 
    9110   349.946   349.717 
    9120   349.946   349.717 
    9130   349.946   349.707 
    9140   349.946   349.716 
    9150   349.948   349.720 
    9160   349.946   349.717 
    9170   349.946   349.717 
    9180   349.946   349.728 
    9190   349.946   349.717 
    9200   350.067   349.708 
    9210   349.942   349.715 
    9220   349.946   349.717 
    9230   349.948   349.717 
    9240   349.946   349.717 
    9250   349.948   349.653 
    9260   349.946   349.717 
    9270   349.946   349.717 
    9280   349.948   349.717 
    9290   349.946   349.717 
    9300   349.918   349.719 
    9310   349.946   349.720 
    9320   349.946   349.717 
    9330   349.941   349.717 
    9340   349.946   349.717 
    9350   349.940   349.706 
    9360   349.938   349.717 
    9370   349.946   349.717 
    9380   349.946   349.716 
    9390   349.946   349.717 
    9400   349.953   349.717 
    9410   349.946   349.717 
    9420   349.946   349.717 
    9430   349.946   349.725 
    9440   349.975   349.715 
    9450   349.875   349.715 
    9460   349.946   349.717 
    9470   349.946   349.717 
    9480   349.946   349.718 
    9490   349.946   349.717 
    9500   349.947   349.718 
    9510   349.946   349.717 
    9520   349.946   349.717 
    9530   349.946   349.718 
    9540   349.946   349.717 
    9550   349.948   349.711 
    9560   349.946   349.717 
    9570   349.946   349.716 
    9580   349.946   349.718 
    9590   349.946   349.717 
    9600   349.983   349.718 
    9610   349.946   349.719 
    9620   349.946   349.717 
    9630   349.945   349.717 
    9640   349.946   349.717 
    9650   349.951   349.711 
    9660   349.947   349.718 
    9670   349.946   349.717 
    9680   349.948   349.717 
    9690   349.946   349.717 
    9700   349.961   349.712 
    9710   349.955   349.717 
    9720   349.946   349.717 
    9730   349.946   349.717 
    9740   349.946   349.717 
    9750   349.987   349.721 
    9760   349.946   349.718 
    9770   349.946   349.717 
    9780   349.951   349.717 
    9790   349.946   349.717 
    9800   349.942   349.721 
    9810   349.946   349.718 
    9820   349.946   349.717 
    9830   349.946   349.712 
    9840   349.946   349.717 
    9850   349.948   349.718 
    9860   349.946   349.717 
    9870   349.946   349.717 
    9880   349.948   349.809 
    9890   349.946   349.717 
    9900   349.954   349.710 
    9910   349.946   349.715 
    9920   349.946   349.716 
    9930   349.946   349.717 
    9940   349.946   349.717 
    9950   349.827   349.718 
    9960   349.946   349.717 
    9970   349.946   349.717 
    9980   349.946   349.717 
    9990   349.946   349.717 
   10000   349.946   349.717 
