       0   229.900   229.962 
      10   234.503   234.823 
      20   234.730   234.977 
      30   234.813   234.867 
      40   234.818   234.829 
      50   234.818   234.818 
      60   234.816   235.050 
      70   234.875   234.940 
      80   234.845   234.940 
      90   234.875   234.930 
     100   234.885   234.931 
     110   234.877   234.929 
     120   234.895   234.846 
     130   234.957   234.943 
     140   234.899   234.944 
     150   234.897   234.949 
     160   234.895   234.943 
     170   234.815   235.099 
     180   234.914   234.960 
     190   234.903   234.927 
     200   234.916   234.940 
     210   234.930   234.954 
     220   234.898   234.978 
     230   234.924   234.953 
     240   234.925   234.957 
     250   234.966   234.953 
     260   234.937   234.969 
     270   234.928   234.963 
     280   234.936   234.966 
     290   235.018   234.948 
     300   234.934   234.975 
     310   234.953   234.844 
     320   234.941   235.007 
     330   234.953   234.974 
     340   234.963   234.969 
     350   234.970   234.974 
     360   234.958   234.971 
     370   234.967   234.973 
     380   235.035   235.003 
     390   234.976   234.972 
     400   234.986   234.982 
     410   234.976   234.992 
     420   234.982   234.962 
     430   234.977   234.975 
     440   234.979   234.981 
     450   234.993   234.987 
     460   234.984   234.986 
     470   234.994   234.971 
     480   234.987   234.978 
     490   234.964   234.971 
     500   234.971   234.971 
     510   234.987   234.991 
     520   234.999   234.971 
     530   234.986   234.994 
     540   234.980   234.978 
     550   235.023   235.004 
     560   234.999   234.981 
     570   235.000   234.978 
     580   234.989   234.996 
     590   234.985   234.981 
     600   235.216   235.129 
     610   234.989   235.002 
     620   234.993   234.991 
     630   234.996   234.987 
     640   234.985   234.983 
     650   234.933   234.943 
     660   234.989   234.999 
     670   234.993   234.992 
     680   234.996   234.989 
     690   234.994   234.988 
     700   234.889   234.884 
     710   235.002   234.985 
     720   234.994   234.994 
     730   234.996   234.991 
     740   234.997   234.991 
     750   234.995   234.988 
     760   234.992   234.995 
     770   234.996   234.990 
     780   234.994   234.991 
     790   234.994   234.989 
     800   235.012   234.998 
     810   235.001   234.982 
     820   234.995   234.990 
     830   234.995   234.990 
     840   234.991   234.986 
     850   235.077   235.051 
     860   234.994   234.993 
     870   234.996   234.987 
     880   234.994   234.988 
     890   235.002   234.986 
     900   234.999   234.988 
     910   234.992   234.986 
     920   234.994   234.989 
     930   234.993   234.986 
     940   234.995   234.988 
     950   234.995   234.996 
     960   235.005   234.988 
     970   235.009   234.988 
     980   234.994   234.989 
     990   234.989   234.986 
    1000   235.096   235.036 
    1010   234.998   234.990 
    1020   234.993   234.989 
    1030   234.994   234.989 
    1040   235.004   234.992 
    1050   235.001   234.953 
    1060   234.987   234.986 
    1070   234.994   234.987 
    1080   234.994   234.987 
    1090   234.993   234.989 
    1100   234.978   235.070 
    1110   235.003   234.989 
    1120   234.992   234.987 
    1130   234.992   234.988 
    1140   234.991   234.984 
    1150   234.988   234.989 
    1160   234.997   234.984 
    1170   234.992   234.988 
    1180   234.993   234.986 
    1190   234.989   234.978 
    1200   234.983   234.959 
    1210   234.997   234.984 
    1220   234.990   234.987 
    1230   234.994   234.984 
    1240   234.994   234.986 
    1250   234.997   234.977 
    1260   235.003   234.992 
    1270   234.987   234.981 
    1280   234.991   234.984 
    1290   234.991   234.986 
    1300   234.991   235.031 
    1310   234.991   234.984 
    1320   234.991   234.984 
    1330   234.992   234.983 
    1340   234.991   234.983 
    1350   235.012   234.980 
    1360   234.992   234.983 
    1370   234.992   234.982 
    1380   234.992   234.986 
    1390   234.991   234.982 
    1400   234.999   234.981 
    1410   234.991   234.981 
    1420   234.991   234.982 
    1430   228.766   285.280 
    1440   234.980   234.979 
    1450   234.993   234.908 
    1460   234.991   234.982 
    1470   234.991   234.982 
    1480   234.991   234.982 
    1490   234.990   234.983 
    1500   234.984   235.005 
    1510   234.991   234.982 
    1520   234.991   234.982 
    1530   234.991   234.982 
    1540   234.994   234.980 
    1550   234.892   235.045 
    1560   234.992   234.981 
    1570   234.991   234.982 
    1580   234.991   234.982 
    1590   234.991   234.981 
    1600   234.990   234.982 
    1610   234.991   234.981 
    1620   234.991   234.981 
    1630   234.991   234.982 
    1640   234.991   234.981 
    1650   234.990   234.978 
    1660   234.991   234.981 
    1670   234.991   234.981 
    1680   234.991   234.982 
    1690   234.991   234.981 
    1700   234.990   234.982 
    1710   234.991   234.981 
    1720   234.991   234.980 
    1730   240.278   306.318 
    1740   234.991   234.981 
    1750   235.013   234.980 
    1760   234.990   234.981 
    1770   234.991   234.981 
    1780   234.990   234.981 
    1790   234.991   234.981 
    1800   234.996   234.987 
    1810   234.992   234.982 
    1820   234.991   234.981 
    1830   234.994   234.973 
    1840   234.991   234.981 
    1850   234.997   234.984 
    1860   234.993   234.977 
    1870   234.991   234.981 
    1880   199.948   302.201 
    1890   234.991   234.981 
    1900   234.975   234.974 
    1910   234.991   234.980 
    1920   234.991   234.981 
    1930   234.991   234.981 
    1940   234.991   234.981 
    1950   234.994   234.976 
    1960   234.988   234.979 
    1970   234.991   234.981 
    1980   234.991   234.981 
    1990   234.991   234.981 
    2000   234.994   234.980 
    2010   234.991   234.982 
    2020   234.991   234.981 
    2030   234.991   234.982 
    2040   234.991   234.981 
    2050   234.983   234.980 
    2060   234.992   234.981 
    2070   234.991   234.981 
    2080   234.991   234.980 
    2090   234.992   234.981 
    2100   234.991   234.981 
    2110   234.991   234.981 
    2120   234.991   234.981 
    2130   234.992   234.981 
    2140   234.991   234.981 
    2150   234.993   234.975 
    2160   234.998   234.983 
    2170   234.990   234.980 
    2180   234.991   234.981 
    2190   234.991   234.981 
    2200   234.996   234.958 
    2210   234.990   234.980 
    2220   234.992   234.981 
    2230   234.991   234.980 
    2240   234.991   234.980 
    2250   234.997   234.975 
    2260   234.990   234.980 
    2270   234.991   234.981 
    2280   234.991   234.981 
    2290   234.991   234.980 
    2300   235.023   234.958 
    2310   234.991   234.980 
    2320   234.990   234.980 
    2330   234.994   234.984 
    2340   234.991   234.980 
    2350   234.998   234.975 
    2360   234.991   234.980 
    2370   234.991   234.980 
    2380   292.237   297.424 
    2390   234.991   234.980 
    2400   234.836   235.092 
    2410   234.988   234.976 
    2420   234.991   234.980 
    2430   234.990   234.981 
    2440   234.991   234.980 
    2450   234.995   234.985 
    2460   234.988   234.982 
    2470   234.991   234.980 
    2480   234.991   234.980 
    2490   234.991   234.980 
    2500   234.982   234.987 
    2510   234.991   234.980 
    2520   234.991   234.980 
    2530   234.991   234.979 
    2540   234.991   234.980 
    2550   234.963   234.916 
    2560   234.991   234.980 
    2570   234.991   234.980 
    2580   234.989   234.981 
    2590   234.991   234.980 
    2600   235.033   234.973 
    2610   234.991   234.980 
    2620   234.991   234.979 
    2630   234.991   234.980 
    2640   234.991   234.980 
    2650   234.984   234.935 
    2660   234.991   234.980 
    2670   234.991   234.980 
    2680   234.991   234.980 
    2690   234.991   234.980 
    2700   234.990   234.981 
    2710   234.991   234.979 
    2720   234.991   234.980 
    2730   234.991   234.980 
    2740   234.991   234.980 
    2750   234.992   234.980 
    2760   234.991   234.980 
    2770   234.991   234.980 
    2780   234.990   234.980 
    2790   234.991   234.980 
    2800   235.009   235.029 
    2810   234.989   234.981 
    2820   234.991   234.980 
    2830   234.992   234.980 
    2840   234.991   234.980 
    2850   234.993   234.987 
    2860   234.991   234.979 
    2870   234.991   234.980 
    2880   234.991   234.980 
    2890   234.991   234.980 
    2900   234.963   234.971 
    2910   234.988   234.976 
    2920   234.991   234.980 
    2930   234.991   234.980 
    2940   234.991   234.980 
    2950   234.997   234.979 
    2960   234.992   234.980 
    2970   234.991   234.980 
    2980   234.991   234.980 
    2990   234.991   234.980 
    3000   234.997   234.980 
    3010   234.991   234.980 
    3020   234.991   234.980 
    3030   234.991   234.980 
    3040   234.991   234.980 
    3050   234.996   234.980 
    3060   234.991   234.980 
    3070   234.991   234.980 
    3080   234.992   234.980 
    3090   234.992   234.980 
    3100   235.009   234.992 
    3110   234.991   234.979 
    3120   234.992   234.979 
    3130   234.991   234.980 
    3140   234.991   234.980 
    3150   234.994   234.975 
    3160   234.992   234.980 
    3170   234.991   234.980 
    3180   234.991   234.979 
    3190   234.991   234.980 
    3200   234.990   234.986 
    3210   234.990   234.979 
    3220   234.991   234.980 
    3230   234.992   234.980 
    3240   234.991   234.980 
    3250   234.992   234.973 
    3260   234.991   234.980 
    3270   234.991   234.980 
    3280   234.991   234.980 
    3290   234.991   234.980 
    3300   234.993   235.036 
    3310   234.992   234.980 
    3320   234.991   234.980 
    3330   234.991   234.979 
    3340   234.992   234.979 
    3350   235.002   234.979 
    3360   234.992   234.980 
    3370   234.992   234.980 
    3380   234.992   234.979 
    3390   234.991   234.980 
    3400   234.983   234.988 
    3410   234.991   234.980 
    3420   234.992   234.980 
    3430   234.992   234.980 
    3440   234.992   234.979 
    3450   234.965   234.905 
    3460   234.991   234.979 
    3470   234.991   234.980 
    3480   234.991   234.980 
    3490   234.991   234.980 
    3500   234.990   234.979 
    3510   234.992   234.980 
    3520   234.991   234.980 
    3530   234.991   234.980 
    3540   234.991   234.980 
    3550   234.995   234.971 
    3560   234.993   234.981 
    3570   234.993   234.977 
    3580   234.991   234.979 
    3590   234.991   234.980 
    3600   235.032   235.011 
    3610   234.991   234.980 
    3620   234.991   234.980 
    3630   234.992   234.980 
    3640   234.992   234.980 
    3650   234.992   234.979 
    3660   234.991   234.979 
    3670   234.991   234.979 
    3680   234.991   234.979 
    3690   234.991   234.979 
    3700   234.980   234.970 
    3710   234.992   234.978 
    3720   234.991   234.980 
    3730   326.311   305.800 
    3740   234.991   234.980 
    3750   234.985   234.987 
    3760   234.992   234.980 
    3770   234.991   234.980 
    3780   234.991   234.979 
    3790   234.992   234.979 
    3800   234.993   234.977 
    3810   234.992   234.979 
    3820   234.991   234.980 
    3830   234.991   234.980 
    3840   234.991   234.980 
    3850   234.991   234.978 
    3860   234.991   234.981 
    3870   234.992   234.978 
    3880   234.991   234.980 
    3890   234.991   234.980 
    3900   234.990   234.978 
    3910   234.991   234.979 
    3920   234.991   234.979 
    3930   234.992   234.979 
    3940   234.991   234.979 
    3950   234.979   234.912 
    3960   234.992   234.980 
    3970   234.991   234.979 
    3980   234.992   234.979 
    3990   234.991   234.980 
    4000   234.993   234.977 
    4010   234.992   234.980 
    4020   234.992   234.980 
    4030   234.993   234.978 
    4040   234.992   234.979 
    4050   235.054   234.998 
    4060   234.991   234.979 
    4070   234.991   234.979 
    4080   234.990   234.981 
    4090   234.992   234.979 
    4100   234.935   234.960 
    4110   234.991   234.979 
    4120   234.991   234.979 
    4130   234.992   234.979 
    4140   234.991   234.980 
    4150   234.992   234.980 
    4160   234.992   234.979 
    4170   234.992   234.979 
    4180   234.991   234.979 
    4190   234.991   234.979 
    4200   235.015   234.981 
    4210   234.989   234.980 
    4220   234.991   234.979 
    4230   234.991   234.979 
    4240   234.991   234.979 
    4250   234.993   234.984 
    4260   234.992   234.979 
    4270   234.991   234.979 
    4280   234.991   234.979 
    4290   234.991   234.979 
    4300   235.050   234.938 
    4310   234.995   234.982 
    4320   234.991   234.979 
    4330   234.992   234.980 
    4340   234.991   234.979 
    4350   235.004   234.975 
    4360   234.992   234.979 
    4370   234.992   234.979 
    4380   234.991   234.980 
    4390   234.992   234.979 
    4400   234.993   234.981 
    4410   234.992   234.979 
    4420   234.992   234.979 
    4430   234.991   234.980 
    4440   234.992   234.979 
    4450   234.994   234.982 
    4460   234.992   234.979 
    4470   234.993   234.978 
    4480   234.992   234.980 
    4490   234.991   234.979 
    4500   234.990   234.980 
    4510   234.992   234.979 
    4520   234.992   234.979 
    4530   234.991   234.980 
    4540   234.992   234.979 
    4550   234.993   234.980 
    4560   234.992   234.979 
    4570   234.992   234.979 
    4580   234.991   234.979 
    4590   234.992   234.979 
    4600   234.990   234.976 
    4610   234.991   234.980 
    4620   234.992   234.979 
    4630   234.991   234.979 
    4640   234.992   234.980 
    4650   234.984   234.985 
    4660   234.991   234.980 
    4670   234.992   234.980 
    4680   234.990   234.980 
    4690   234.992   234.979 
    4700   235.031   234.975 
    4710   234.992   234.979 
    4720   234.992   234.979 
    4730   234.991   234.980 
    4740   234.992   234.979 
    4750   234.985   234.975 
    4760   234.992   234.979 
    4770   234.992   234.979 
    4780   234.991   234.982 
    4790   234.991   234.979 
    4800   234.997   234.979 
    4810   234.992   234.980 
    4820   234.992   234.979 
    4830   234.992   234.981 
    4840   234.992   234.979 
    4850   234.983   234.981 
    4860   234.992   234.980 
    4870   234.992   234.979 
    4880   234.992   234.981 
    4890   234.992   234.979 
    4900   234.971   234.928 
    4910   234.992   234.979 
    4920   234.992   234.979 
    4930   234.992   234.979 
    4940   234.992   234.979 
    4950   234.992   234.980 
    4960   234.992   234.979 
    4970   234.991   234.979 
    4980   160.561   168.250 
    4990   234.992   234.979 
    5000   234.997   234.970 
    5010   234.991   234.979 
    5020   234.992   234.979 
    5030   234.990   234.979 
    5040   234.992   234.979 
    5050   234.994   234.926 
    5060   234.992   234.979 
    5070   234.992   234.979 
    5080   234.993   234.979 
    5090   234.992   234.979 
    5100   234.991   234.986 
    5110   234.992   234.979 
    5120   234.992   234.979 
    5130   234.991   234.979 
    5140   234.992   234.979 
    5150   234.991   234.979 
    5160   234.992   234.979 
    5170   234.992   234.979 
    5180   234.991   234.979 
    5190   234.992   234.980 
    5200   234.957   234.983 
    5210   234.992   234.979 
    5220   234.992   234.979 
    5230   234.992   234.979 
    5240   234.992   234.980 
    5250   234.990   234.981 
    5260   234.991   234.979 
    5270   234.992   234.979 
    5280   234.991   234.980 
    5290   234.992   234.979 
    5300   235.028   235.015 
    5310   234.993   234.979 
    5320   234.992   234.979 
    5330   234.990   234.979 
    5340   234.992   234.979 
    5350   234.991   234.986 
    5360   234.992   234.979 
    5370   234.992   234.979 
    5380   234.992   234.980 
    5390   234.992   234.979 
    5400   234.991   234.980 
    5410   234.992   234.979 
    5420   234.992   234.979 
    5430   234.992   234.978 
    5440   234.992   234.979 
    5450   234.987   234.981 
    5460   234.992   234.979 
    5470   234.992   234.979 
    5480   234.992   234.980 
    5490   234.992   234.979 
    5500   234.998   234.979 
    5510   234.992   234.979 
    5520   234.992   234.979 
    5530   234.991   234.979 
    5540   234.992   234.979 
    5550   235.002   234.958 
    5560   234.991   234.980 
    5570   234.992   234.979 
    5580   234.990   234.980 
    5590   234.992   234.979 
    5600   234.993   234.984 
    5610   234.992   234.979 
    5620   234.992   234.979 
    5630   234.991   234.979 
    5640   234.992   234.979 
    5650   234.992   234.975 
    5660   234.991   234.979 
    5670   234.992   234.979 
    5680   234.992   234.980 
    5690   234.992   234.979 
    5700   234.994   234.978 
    5710   234.992   234.979 
    5720   234.992   234.979 
    5730   355.149   231.983 
    5740   234.992   234.979 
    5750   234.947   234.974 
    5760   234.992   234.979 
    5770   234.992   234.979 
    5780   234.992   234.980 
    5790   234.991   234.980 
    5800   235.018   234.989 
    5810   234.992   234.979 
    5820   234.992   234.979 
    5830   234.991   234.980 
    5840   234.992   234.979 
    5850   234.980   234.978 
    5860   234.992   234.979 
    5870   234.992   234.979 
    5880   229.279   295.006 
    5890   234.992   234.979 
    5900   234.989   234.979 
    5910   234.992   234.979 
    5920   234.992   234.979 
    5930   234.992   234.979 
    5940   234.991   234.979 
    5950   234.959   234.928 
    5960   234.990   234.980 
    5970   234.992   234.979 
    5980   348.435   320.380 
    5990   234.992   234.979 
    6000   235.015   234.912 
    6010   234.992   234.979 
    6020   234.992   234.979 
    6030   234.986   234.977 
    6040   234.992   234.980 
    6050   234.980   234.980 
    6060   234.992   234.979 
    6070   234.992   234.979 
    6080   229.592   126.142 
    6090   234.992   234.979 
    6100   234.947   234.977 
    6110   234.992   234.979 
    6120   234.992   234.979 
    6130   234.992   234.979 
    6140   234.992   234.979 
    6150   234.996   234.998 
    6160   234.992   234.979 
    6170   234.992   234.979 
    6180   234.992   234.980 
    6190   234.992   234.979 
    6200   234.993   234.981 
    6210   234.992   234.979 
    6220   234.992   234.979 
    6230   234.989   234.981 
    6240   234.992   234.979 
    6250   234.955   234.968 
    6260   234.992   234.979 
    6270   234.992   234.979 
    6280   234.991   234.980 
    6290   234.992   234.979 
    6300   234.899   234.921 
    6310   234.991   234.979 
    6320   234.991   234.979 
    6330   234.991   234.979 
    6340   234.992   234.979 
    6350   234.949   234.961 
    6360   234.992   234.979 
    6370   234.992   234.979 
    6380   234.990   234.982 
    6390   234.992   234.979 
    6400   234.994   234.980 
    6410   234.992   234.979 
    6420   234.992   234.979 
    6430   234.992   234.979 
    6440   234.992   234.979 
    6450   234.988   234.971 
    6460   234.991   234.979 
    6470   234.992   234.979 
    6480   234.993   234.984 
    6490   234.992   234.979 
    6500   234.975   234.984 
    6510   234.992   234.979 
    6520   234.992   234.979 
    6530   234.992   234.979 
    6540   234.992   234.979 
    6550   234.985   234.938 
    6560   234.992   234.981 
    6570   234.992   234.979 
    6580   234.992   234.979 
    6590   234.992   234.979 
    6600   234.947   234.987 
    6610   234.992   234.979 
    6620   234.992   234.979 
    6630   234.992   234.979 
    6640   234.992   234.978 
    6650   234.994   234.980 
    6660   234.992   234.979 
    6670   234.992   234.979 
    6680   234.991   234.982 
    6690   234.991   234.979 
    6700   234.989   235.021 
    6710   234.992   234.979 
    6720   234.992   234.979 
    6730   234.993   234.979 
    6740   234.992   234.980 
    6750   234.916   234.980 
    6760   234.992   234.979 
    6770   234.992   234.979 
    6780   234.992   234.981 
    6790   234.992   234.979 
    6800   234.987   234.980 
    6810   234.992   234.980 
    6820   234.992   234.979 
    6830   234.992   234.980 
    6840   234.992   234.979 
    6850   234.993   234.979 
    6860   234.992   234.980 
    6870   234.992   234.979 
    6880   234.991   234.980 
    6890   234.992   234.979 
    6900   234.947   235.026 
    6910   234.990   234.979 
    6920   234.992   234.979 
    6930   234.991   234.980 
    6940   234.992   234.979 
    6950   234.983   234.985 
    6960   234.992   234.979 
    6970   234.992   234.979 
    6980   234.990   234.980 
    6990   234.992   234.979 
    7000   234.994   234.984 
    7010   234.992   234.979 
    7020   234.991   234.979 
    7030   234.992   234.981 
    7040   234.992   234.979 
    7050   235.055   234.982 
    7060   234.992   234.979 
    7070   234.992   234.979 
    7080   234.992   234.981 
    7090   234.992   234.979 
    7100   234.988   235.040 
    7110   234.992   234.979 
    7120   234.992   234.979 
    7130   234.992   234.980 
    7140   234.992   234.979 
    7150   234.994   234.979 
    7160   234.992   234.980 
    7170   234.992   234.979 
    7180   359.217   318.433 
    7190   234.992   234.979 
    7200   234.991   234.981 
    7210   234.984   234.976 
    7220   234.992   234.979 
    7230   234.991   234.979 
    7240   234.992   234.979 
    7250   234.987   234.988 
    7260   234.992   234.979 
    7270   234.992   234.979 
    7280   236.945   137.591 
    7290   234.992   234.979 
    7300   235.035   235.013 
    7310   234.992   234.979 
    7320   234.992   234.980 
    7330   234.992   234.979 
    7340   234.992   234.979 
    7350   234.892   234.958 
    7360   234.992   234.979 
    7370   234.992   234.979 
    7380   234.991   234.979 
    7390   234.992   234.976 
    7400   234.987   234.979 
    7410   234.992   234.979 
    7420   234.992   234.979 
    7430   234.991   234.979 
    7440   234.992   234.979 
    7450   234.990   234.975 
    7460   234.991   234.979 
    7470   234.992   234.979 
    7480   234.990   234.980 
    7490   234.992   234.979 
    7500   235.041   235.001 
    7510   234.992   234.979 
    7520   234.992   234.979 
    7530   234.991   234.981 
    7540   234.991   234.979 
    7550   234.967   234.990 
    7560   234.992   234.979 
    7570   234.992   234.979 
    7580   234.992   234.979 
    7590   234.992   234.979 
    7600   234.962   234.932 
    7610   234.992   234.979 
    7620   234.992   234.979 
    7630   234.990   234.980 
    7640   234.992   234.979 
    7650   234.987   234.969 
    7660   234.992   234.979 
    7670   234.992   234.979 
    7680   234.991   234.979 
    7690   234.992   234.979 
    7700   234.992   234.982 
    7710   234.992   234.979 
    7720   234.992   234.979 
    7730   234.992   234.980 
    7740   234.992   234.979 
    7750   234.975   235.089 
    7760   234.992   234.979 
    7770   234.992   234.979 
    7780   234.993   234.979 
    7790   234.993   234.979 
    7800   234.991   234.982 
    7810   234.991   234.979 
    7820   234.992   234.979 
    7830   234.991   234.979 
    7840   234.992   234.979 
    7850   234.992   234.981 
    7860   234.992   234.979 
    7870   234.992   234.979 
    7880   234.992   234.979 
    7890   234.992   234.979 
    7900   234.993   234.981 
    7910   234.992   234.979 
    7920   234.992   234.979 
    7930   234.991   234.980 
    7940   234.992   234.979 
    7950   234.968   234.990 
    7960   234.992   234.979 
    7970   234.992   234.979 
    7980   234.991   234.980 
    7990   234.992   234.979 
    8000   235.021   235.051 
    8010   234.992   234.979 
    8020   234.992   234.979 
    8030   234.990   234.980 
    8040   234.992   234.979 
    8050   234.990   234.973 
    8060   234.992   234.979 
    8070   234.992   234.979 
    8080   215.173   289.941 
    8090   234.992   234.979 
    8100   235.003   234.949 
    8110   234.992   234.979 
    8120   234.992   234.979 
    8130   234.992   234.980 
    8140   234.992   234.979 
    8150   234.997   234.982 
    8160   234.992   234.979 
    8170   234.992   234.979 
    8180   234.991   234.980 
    8190   234.992   234.979 
    8200   234.991   234.980 
    8210   234.992   234.980 
    8220   234.992   234.979 
    8230   234.992   234.980 
    8240   234.992   234.979 
    8250   235.032   235.071 
    8260   234.992   234.979 
    8270   234.992   234.979 
    8280   234.991   234.979 
    8290   234.992   234.979 
    8300   235.000   234.962 
    8310   234.992   234.979 
    8320   234.992   234.979 
    8330   234.997   234.982 
    8340   234.992   234.979 
    8350   234.984   234.973 
    8360   234.992   234.979 
    8370   234.992   234.979 
    8380   234.992   234.980 
    8390   234.992   234.979 
    8400   235.002   234.962 
    8410   234.992   234.979 
    8420   234.992   234.979 
    8430   234.991   234.979 
    8440   234.992   234.978 
    8450   234.992   234.986 
    8460   234.992   234.979 
    8470   234.992   234.979 
    8480   234.991   234.980 
    8490   234.992   234.979 
    8500   234.991   234.981 
    8510   234.992   234.979 
    8520   234.992   234.979 
    8530   234.990   234.981 
    8540   234.992   234.979 
    8550   234.997   234.981 
    8560   234.992   234.979 
    8570   234.992   234.979 
    8580   213.734   303.452 
    8590   234.992   234.979 
    8600   234.995   234.980 
    8610   234.992   234.979 
    8620   234.992   234.979 
    8630   234.991   234.980 
    8640   234.992   234.979 
    8650   234.985   234.950 
    8660   234.992   234.979 
    8670   234.992   234.979 
    8680   234.992   234.979 
    8690   234.992   234.979 
    8700   234.979   234.982 
    8710   234.992   234.979 
    8720   234.992   234.979 
    8730   234.991   234.979 
    8740   234.992   234.979 
    8750   234.989   234.982 
    8760   234.993   234.977 
    8770   234.992   234.979 
    8780   234.991   234.979 
    8790   234.992   234.979 
    8800   234.981   234.989 
    8810   234.992   234.980 
    8820   234.993   234.980 
    8830   234.991   234.979 
    8840   234.992   234.979 
    8850   234.997   234.986 
    8860   234.992   234.979 
    8870   234.992   234.979 
    8880   234.992   234.980 
    8890   234.992   234.979 
    8900   234.971   235.060 
    8910   234.992   234.979 
    8920   234.992   234.979 
    8930   234.991   234.979 
    8940   234.992   234.979 
    8950   234.992   234.976 
    8960   234.992   234.980 
    8970   234.991   234.979 
    8980   234.992   234.980 
    8990   234.992   234.979 
    9000   234.983   234.980 
    9010   234.992   234.979 
    9020   234.992   234.979 
    9030   234.992   234.983 
    9040   234.992   234.979 
    9050   234.991   234.982 
    9060   234.991   234.980 
    9070   234.992   234.979 
    9080   234.991   234.979 
    9090   234.992   234.980 
    9100   235.089   235.063 
    9110   234.992   234.979 
    9120   234.992   234.979 
    9130   234.991   234.979 
    9140   234.992   234.979 
    9150   234.965   234.991 
    9160   234.992   234.979 
    9170   234.992   234.979 
    9180   234.992   234.980 
    9190   234.992   234.979 
    9200   234.990   234.974 
    9210   234.991   234.979 
    9220   234.992   234.979 
    9230   234.991   234.979 
    9240   234.992   234.979 
    9250   234.991   234.979 
    9260   234.991   234.980 
    9270   234.992   234.979 
    9280   234.992   234.979 
    9290   234.992   234.980 
    9300   234.996   234.987 
    9310   234.991   234.980 
    9320   234.992   234.979 
    9330   234.992   234.980 
    9340   234.992   234.979 
    9350   234.993   234.980 
    9360   234.991   234.979 
    9370   234.992   234.979 
    9380   234.991   234.979 
    9390   234.992   234.979 
    9400   235.099   234.946 
    9410   234.989   234.986 
    9420   234.992   234.979 
    9430   234.992   234.980 
    9440   234.992   234.979 
    9450   234.976   234.978 
    9460   234.991   234.975 
    9470   234.992   234.980 
    9480   234.992   234.980 
    9490   234.992   234.979 
    9500   234.985   234.980 
    9510   234.992   234.979 
    9520   234.992   234.979 
    9530   234.991   234.980 
    9540   234.992   234.979 
    9550   234.997   234.982 
    9560   234.992   234.979 
    9570   234.992   234.979 
    9580   234.991   234.981 
    9590   234.992   234.979 
    9600   235.004   234.986 
    9610   234.992   234.979 
    9620   234.992   234.979 
    9630   234.992   234.980 
    9640   234.992   234.979 
    9650   235.005   234.985 
    9660   234.992   234.979 
    9670   234.992   234.979 
    9680   234.991   234.980 
    9690   234.992   234.979 
    9700   234.989   234.977 
    9710   234.991   234.980 
    9720   234.992   234.979 
    9730   234.992   234.980 
    9740   234.992   234.979 
    9750   234.989   234.981 
    9760   234.992   234.979 
    9770   234.992   234.979 
    9780   234.991   234.980 
    9790   234.992   234.979 
    9800   234.989   234.977 
    9810   234.991   234.980 
    9820   234.992   234.979 
    9830   234.992   234.979 
    9840   234.992   234.979 
    9850   234.986   234.976 
    9860   234.992   234.979 
    9870   234.992   234.979 
    9880   234.991   234.979 
    9890   234.992   234.979 
    9900   234.975   234.994 
    9910   234.993   234.980 
    9920   234.991   234.979 
    9930   234.991   234.980 
    9940   234.992   234.979 
    9950   234.993   234.982 
    9960   234.992   234.979 
    9970   234.991   234.979 
    9980   234.991   234.979 
    9990   234.992   234.979 
   10000   234.992   234.979 
