       0    39.951    39.952 
      10    44.902    44.868 
      20    44.920    44.878 
      30    44.925    44.874 
      40    44.937    44.952 
      50    44.938    44.971 
      60    44.942    44.945 
      70    44.943    44.938 
      80    44.943    44.946 
      90    44.944    44.946 
     100    44.944    44.946 
     110    44.944    44.946 
     120    44.945    44.946 
     130    44.946    44.946 
     140    44.955    44.947 
     150    44.946    44.948 
     160    44.943    44.947 
     170    44.948    44.948 
     180    44.946    44.943 
     190    44.943    44.947 
     200    44.943    44.943 
     210    44.946    44.947 
     220    44.950    44.946 
     230    44.943    44.950 
     240    44.946    44.947 
     250    44.611    44.652 
     260    44.946    44.947 
     270    44.944    44.951 
     280    44.946    44.947 
     290    44.959    44.943 
     300    44.949    44.950 
     310    44.946    44.948 
     320    44.947    44.947 
     330    44.947    44.947 
     340    44.946    44.948 
     350    44.992    44.954 
     360    44.946    44.948 
     370    44.947    44.947 
     380    44.948    44.947 
     390    44.935    44.945 
     400    44.954    44.856 
     410    44.949    44.949 
     420    44.946    44.946 
     430    44.947    44.948 
     440    44.946    44.948 
     450    44.821    44.814 
     460    44.947    44.948 
     470    44.947    44.948 
     480    44.949    44.945 
     490    44.948    44.949 
     500    44.926    44.931 
     510    44.954    44.947 
     520    44.947    44.948 
     530    44.949    44.949 
     540    44.947    44.948 
     550    44.949    44.945 
     560    44.948    44.948 
     570    44.947    44.948 
     580    44.948    44.948 
     590    44.947    44.948 
     600    44.954    44.943 
     610    44.947    44.948 
     620    44.947    44.948 
     630    44.947    44.948 
     640    44.957    44.935 
     650    44.945    44.949 
     660    44.947    44.948 
     670    44.947    44.948 
     680    44.946    44.945 
     690    44.947    44.948 
     700    44.912    44.967 
     710    44.947    44.948 
     720    44.947    44.948 
     730    44.947    44.946 
     740    44.947    44.948 
     750    45.185    44.908 
     760    44.954    44.947 
     770    44.947    44.948 
     780    44.949    44.948 
     790    44.955    44.935 
     800    44.952    44.941 
     810    44.947    44.948 
     820    44.947    44.948 
     830    44.946    44.948 
     840    44.947    44.948 
     850    44.944    44.957 
     860    44.946    44.948 
     870    44.947    44.948 
     880    44.945    44.944 
     890    44.947    44.948 
     900    45.004    44.943 
     910    44.947    44.948 
     920    44.947    44.948 
     930    44.948    44.948 
     940    44.948    44.948 
     950    44.948    44.945 
     960    44.948    44.948 
     970    44.947    44.948 
     980    44.947    44.947 
     990    44.948    44.947 
    1000    45.016    46.220 
    1010    44.947    44.948 
    1020    44.947    44.948 
    1030    44.943    44.947 
    1040    44.949    44.948 
    1050    44.948    44.946 
    1060    44.954    44.948 
    1070    44.948    44.948 
    1080    44.948    44.948 
    1090    44.948    44.947 
    1100    44.951    44.947 
    1110    44.948    44.948 
    1120    44.948    44.948 
    1130    44.944    44.949 
    1140    44.948    44.948 
    1150    44.922    44.907 
    1160    44.949    44.949 
    1170    44.948    44.948 
    1180    44.946    44.948 
    1190    44.948    44.948 
    1200    45.561    45.762 
    1210    44.948    44.948 
    1220    44.950    44.945 
    1230    44.947    44.948 
    1240    44.948    44.947 
    1250    44.948    44.947 
    1260    44.945    44.948 
    1270    44.948    44.948 
    1280    44.947    44.948 
    1290    44.948    44.948 
    1300    44.970    44.956 
    1310    44.948    44.948 
    1320    44.948    44.948 
    1330    44.947    44.951 
    1340    44.948    44.948 
    1350    45.420    45.108 
    1360    44.948    44.948 
    1370    44.948    44.948 
    1380    44.944    44.947 
    1390    44.948    44.948 
    1400    44.941    44.984 
    1410    44.951    44.947 
    1420    44.948    44.948 
    1430    44.950    44.947 
    1440    44.948    44.948 
    1450    44.943    44.936 
    1460    44.950    44.950 
    1470    44.948    44.948 
    1480    44.949    44.950 
    1490    44.948    44.948 
    1500    44.899    44.970 
    1510    44.948    44.948 
    1520    44.948    44.948 
    1530    44.941    44.949 
    1540    44.948    44.948 
    1550    44.936    44.949 
    1560    44.948    44.948 
    1570    44.948    44.948 
    1580    44.948    44.947 
    1590    44.948    44.948 
    1600    44.951    44.948 
    1610    44.948    44.948 
    1620    44.948    44.948 
    1630    44.948    44.947 
    1640    44.948    44.948 
    1650    44.797    44.988 
    1660    44.948    44.948 
    1670    44.948    44.948 
    1680    44.948    44.945 
    1690    44.948    44.948 
    1700    44.941    44.948 
    1710    44.948    44.946 
    1720    44.948    44.948 
    1730    44.948    44.948 
    1740    44.948    44.948 
    1750    44.790    44.992 
    1760    44.947    44.948 
    1770    44.949    44.948 
    1780    44.947    44.948 
    1790    44.948    44.947 
    1800    44.948    44.947 
    1810    44.948    44.948 
    1820    44.948    44.948 
    1830    44.950    44.944 
    1840    44.948    44.948 
    1850    44.943    44.946 
    1860    44.948    44.948 
    1870    44.948    44.948 
    1880    44.949    44.949 
    1890    44.948    44.948 
    1900    45.053    44.938 
    1910    44.948    44.948 
    1920    44.948    44.948 
    1930    44.948    44.948 
    1940    44.948    44.948 
    1950    44.614    44.977 
    1960    44.951    44.948 
    1970    44.948    44.948 
    1980    44.948    44.953 
    1990    44.948    44.948 
    2000    44.958    44.944 
    2010    44.948    44.948 
    2020    44.948    44.948 
    2030    44.944    44.949 
    2040    44.949    44.948 
    2050    44.942    44.964 
    2060    44.948    44.948 
    2070    44.948    44.948 
    2080    44.947    44.952 
    2090    44.948    44.948 
    2100    44.943    44.946 
    2110    44.948    44.948 
    2120    44.948    44.948 
    2130    44.952    44.947 
    2140    44.948    44.948 
    2150    44.948    44.947 
    2160    44.954    44.948 
    2170    44.948    44.948 
    2180    44.948    44.948 
    2190    44.949    44.948 
    2200    44.942    44.954 
    2210    44.948    44.948 
    2220    44.950    44.951 
    2230    44.947    44.946 
    2240    44.948    44.948 
    2250    44.948    44.946 
    2260    44.948    44.948 
    2270    44.948    44.948 
    2280    44.948    44.946 
    2290    44.948    44.948 
    2300    44.947    44.947 
    2310    44.948    44.948 
    2320    44.948    44.948 
    2330    44.950    44.945 
    2340    44.948    44.948 
    2350    44.948    44.948 
    2360    44.948    44.948 
    2370    44.947    44.950 
    2380    44.947    44.947 
    2390    44.948    44.948 
    2400    44.882    44.907 
    2410    44.948    44.948 
    2420    44.948    44.948 
    2430    44.948    44.948 
    2440    44.948    44.948 
    2450    44.933    44.955 
    2460    44.948    44.948 
    2470    44.948    44.948 
    2480    44.951    44.953 
    2490    44.948    44.948 
    2500    44.955    44.945 
    2510    44.950    44.949 
    2520    44.948    44.948 
    2530    44.948    44.946 
    2540    44.948    44.948 
    2550    44.951    44.948 
    2560    44.948    44.948 
    2570    44.948    44.948 
    2580    44.949    44.948 
    2590    44.948    44.948 
    2600    44.949    44.949 
    2610    44.948    44.948 
    2620    44.948    44.949 
    2630    44.947    44.947 
    2640    44.948    44.948 
    2650    44.951    44.945 
    2660    44.946    44.954 
    2670    44.948    44.948 
    2680    44.947    44.949 
    2690    44.948    44.948 
    2700    45.104    44.999 
    2710    44.948    44.948 
    2720    44.947    44.949 
    2730    44.949    44.946 
    2740    44.947    44.948 
    2750    44.929    44.964 
    2760    44.948    44.948 
    2770    44.948    44.948 
    2780    44.948    44.948 
    2790    44.948    44.948 
    2800    44.870    44.674 
    2810    44.948    44.948 
    2820    44.948    44.948 
    2830    44.951    44.945 
    2840    44.948    44.948 
    2850    45.033    45.013 
    2860    44.949    44.948 
    2870    44.949    44.948 
    2880    44.948    44.948 
    2890    44.948    44.948 
    2900    44.949    44.949 
    2910    44.948    44.948 
    2920    44.948    44.948 
    2930    44.946    44.948 
    2940    44.948    44.948 
    2950    44.967    45.009 
    2960    44.948    44.948 
    2970    44.948    44.948 
    2980    44.952    44.944 
    2990    44.952    44.943 
    3000    44.947    44.946 
    3010    44.948    44.948 
    3020    44.948    44.948 
    3030    44.950    44.944 
    3040    44.948    44.948 
    3050    44.944    44.946 
    3060    44.948    44.948 
    3070    44.948    44.948 
    3080    44.934    44.940 
    3090    44.948    44.948 
    3100    44.935    44.937 
    3110    44.951    44.949 
    3120    44.948    44.948 
    3130    44.949    44.944 
    3140    44.948    44.948 
    3150    44.950    44.948 
    3160    44.948    44.948 
    3170    44.948    44.948 
    3180    44.948    44.948 
    3190    44.948    44.948 
    3200    44.879    45.305 
    3210    44.948    44.948 
    3220    44.946    44.952 
    3230    44.947    44.948 
    3240    44.949    44.950 
    3250    44.937    44.912 
    3260    44.948    44.948 
    3270    44.948    44.948 
    3280    44.945    44.952 
    3290    44.948    44.948 
    3300    44.538    45.123 
    3310    44.948    44.948 
    3320    44.950    44.952 
    3330    44.948    44.947 
    3340    44.949    44.948 
    3350    44.967    44.961 
    3360    44.948    44.948 
    3370    44.948    44.948 
    3380    44.953    44.949 
    3390    44.948    44.948 
    3400    45.046    45.040 
    3410    44.953    44.952 
    3420    44.948    44.948 
    3430    44.945    44.951 
    3440    44.948    44.948 
    3450    44.949    44.948 
    3460    44.948    44.948 
    3470    44.948    44.948 
    3480    44.946    44.952 
    3490    44.948    44.948 
    3500    44.950    44.943 
    3510    44.948    44.948 
    3520    44.948    44.948 
    3530    44.950    44.941 
    3540    44.948    44.948 
    3550    44.949    44.950 
    3560    44.948    44.948 
    3570    44.948    44.948 
    3580    44.953    44.952 
    3590    44.948    44.948 
    3600    44.950    44.949 
    3610    44.948    44.948 
    3620    44.948    44.948 
    3630    44.946    44.950 
    3640    44.948    44.947 
    3650    44.940    44.943 
    3660    44.948    44.948 
    3670    44.948    44.948 
    3680    44.950    44.949 
    3690    44.948    44.948 
    3700    44.866    45.052 
    3710    44.948    44.948 
    3720    44.948    44.948 
    3730    44.945    44.946 
    3740    44.948    44.948 
    3750    44.953    44.940 
    3760    44.948    44.948 
    3770    44.947    44.947 
    3780    44.949    44.948 
    3790    44.942    44.944 
    3800    44.946    44.952 
    3810    44.948    44.948 
    3820    44.949    44.948 
    3830    44.949    44.947 
    3840    44.948    44.948 
    3850    44.919    44.990 
    3860    44.948    44.948 
    3870    44.948    44.948 
    3880    44.946    44.939 
    3890    44.948    44.948 
    3900    45.055    44.991 
    3910    44.948    44.948 
    3920    44.948    44.948 
    3930    44.948    44.947 
    3940    44.948    44.948 
    3950    44.953    44.948 
    3960    44.948    44.948 
    3970    44.948    44.948 
    3980    44.947    44.947 
    3990    44.948    44.948 
    4000    44.938    44.933 
    4010    44.948    44.947 
    4020    44.948    44.948 
    4030    44.948    44.947 
    4040    44.948    44.948 
    4050    44.949    44.948 
    4060    44.948    44.951 
    4070    44.948    44.948 
    4080    44.948    44.947 
    4090    44.948    44.948 
    4100    44.948    44.946 
    4110    44.948    44.948 
    4120    44.948    44.948 
    4130    44.950    44.951 
    4140    44.948    44.948 
    4150    44.979    44.933 
    4160    44.948    44.948 
    4170    44.951    44.959 
    4180    44.948    44.947 
    4190    44.948    44.948 
    4200    45.045    44.954 
    4210    44.949    44.948 
    4220    44.946    44.948 
    4230    44.950    44.948 
    4240    44.948    44.948 
    4250    44.903    45.111 
    4260    44.948    44.948 
    4270    44.948    44.948 
    4280    44.953    44.952 
    4290    44.949    44.948 
    4300    44.960    44.960 
    4310    44.948    44.948 
    4320    44.948    44.948 
    4330    44.947    44.948 
    4340    44.948    44.948 
    4350    44.992    45.029 
    4360    44.948    44.948 
    4370    44.948    44.948 
    4380    44.946    44.953 
    4390    44.948    44.948 
    4400    45.096    45.002 
    4410    44.948    44.948 
    4420    44.948    44.948 
    4430    44.949    44.948 
    4440    44.948    44.948 
    4450    44.955    44.906 
    4460    44.948    44.948 
    4470    44.948    44.947 
    4480    44.954    44.948 
    4490    44.948    44.948 
    4500    44.942    45.054 
    4510    44.948    44.947 
    4520    44.948    44.948 
    4530    44.947    44.948 
    4540    44.949    44.948 
    4550    44.981    44.949 
    4560    44.948    44.948 
    4570    44.948    44.948 
    4580    44.951    44.944 
    4590    44.948    44.948 
    4600    44.880    44.898 
    4610    44.948    44.948 
    4620    44.948    44.948 
    4630    44.948    44.950 
    4640    44.949    44.946 
    4650    44.951    44.936 
    4660    44.948    44.948 
    4670    44.948    44.948 
    4680    44.948    44.948 
    4690    44.948    44.948 
    4700    44.954    44.948 
    4710    44.948    44.951 
    4720    44.948    44.948 
    4730    44.948    44.948 
    4740    44.948    44.948 
    4750    44.936    44.958 
    4760    44.948    44.948 
    4770    44.948    44.948 
    4780    44.946    44.946 
    4790    44.948    44.948 
    4800    44.932    44.970 
    4810    44.948    44.948 
    4820    44.948    44.948 
    4830    44.948    44.948 
    4840    44.949    44.935 
    4850    44.953    44.948 
    4860    44.948    44.948 
    4870    44.948    44.948 
    4880    44.948    44.948 
    4890    44.948    44.948 
    4900    44.965    44.915 
    4910    44.948    44.948 
    4920    44.948    44.948 
    4930    44.948    44.948 
    4940    44.948    44.948 
    4950    44.918    44.776 
    4960    44.948    44.948 
    4970    44.948    44.948 
    4980    44.948    44.936 
    4990    44.948    44.948 
    5000    44.950    44.948 
    5010    44.948    44.947 
    5020    44.948    44.948 
    5030    44.948    44.947 
    5040    44.949    44.948 
    5050    44.870    44.964 
    5060    44.948    44.948 
    5070    44.948    44.948 
    5080    44.949    44.947 
    5090    44.948    44.948 
    5100    44.959    45.035 
    5110    44.948    44.949 
    5120    44.948    44.948 
    5130    44.947    44.948 
    5140    44.948    44.948 
    5150    44.953    44.948 
    5160    44.948    44.948 
    5170    44.948    44.948 
    5180    44.948    44.948 
    5190    44.948    44.948 
    5200    44.956    44.805 
    5210    44.948    44.947 
    5220    44.948    44.948 
    5230    44.948    44.948 
    5240    44.948    44.948 
    5250    44.922    44.959 
    5260    44.948    44.948 
    5270    44.948    44.948 
    5280    44.946    44.948 
    5290    44.948    44.948 
    5300    44.949    44.953 
    5310    44.948    44.948 
    5320    44.948    44.948 
    5330    44.948    44.949 
    5340    44.948    44.948 
    5350    44.947    44.946 
    5360    44.948    44.948 
    5370    44.948    44.948 
    5380    44.948    44.948 
    5390    44.948    44.948 
    5400    44.918    44.887 
    5410    44.948    44.948 
    5420    44.948    44.948 
    5430    44.948    44.948 
    5440    44.948    44.948 
    5450    44.944    44.950 
    5460    44.950    44.948 
    5470    44.954    44.948 
    5480    44.948    44.947 
    5490    44.948    44.948 
    5500    44.937    44.946 
    5510    44.948    44.950 
    5520    44.948    44.948 
    5530    44.947    44.948 
    5540    44.948    44.948 
    5550    45.002    44.909 
    5560    44.948    44.948 
    5570    44.948    44.948 
    5580    44.948    44.946 
    5590    44.948    44.948 
    5600    45.145    44.931 
    5610    44.948    44.948 
    5620    44.948    44.948 
    5630    44.948    44.947 
    5640    44.948    44.948 
    5650    44.945    44.955 
    5660    44.948    44.948 
    5670    44.948    44.948 
    5680    44.948    44.947 
    5690    44.948    44.948 
    5700    45.143    44.935 
    5710    44.948    44.948 
    5720    44.948    44.948 
    5730    44.945    44.946 
    5740    44.948    44.948 
    5750    44.829    45.115 
    5760    44.948    44.948 
    5770    44.948    44.948 
    5780    44.947    44.951 
    5790    44.948    44.948 
    5800    44.952    44.944 
    5810    44.948    44.948 
    5820    44.948    44.948 
    5830    44.949    44.947 
    5840    44.948    44.948 
    5850    45.012    44.994 
    5860    44.948    44.948 
    5870    44.948    44.948 
    5880    44.948    44.948 
    5890    44.948    44.948 
    5900    44.948    44.943 
    5910    44.948    44.948 
    5920    44.948    44.948 
    5930    44.948    44.947 
    5940    44.948    44.948 
    5950    44.944    44.949 
    5960    44.948    44.948 
    5970    44.948    44.948 
    5980    44.949    44.948 
    5990    44.949    44.946 
    6000    44.950    44.943 
    6010    44.948    44.948 
    6020    44.948    44.948 
    6030    44.949    44.948 
    6040    44.948    44.948 
    6050    44.948    44.906 
    6060    44.948    44.947 
    6070    44.948    44.948 
    6080    44.946    44.946 
    6090    44.948    44.948 
    6100    44.940    44.952 
    6110    44.948    44.948 
    6120    44.948    44.948 
    6130    44.947    44.947 
    6140    44.949    44.948 
    6150    44.951    44.949 
    6160    44.948    44.948 
    6170    44.949    44.946 
    6180    44.947    44.947 
    6190    44.948    44.948 
    6200    45.004    45.011 
    6210    44.948    44.948 
    6220    44.948    44.948 
    6230    44.950    44.946 
    6240    44.948    44.948 
    6250    44.998    44.961 
    6260    44.948    44.948 
    6270    44.948    44.948 
    6280    44.948    44.949 
    6290    44.948    44.948 
    6300    44.947    44.948 
    6310    44.948    44.948 
    6320    44.948    44.948 
    6330    44.949    44.947 
    6340    44.954    44.949 
    6350    44.951    44.942 
    6360    44.948    44.948 
    6370    44.948    44.948 
    6380    44.953    44.948 
    6390    44.948    44.948 
    6400    44.943    44.927 
    6410    44.948    44.948 
    6420    44.948    44.948 
    6430    44.945    44.949 
    6440    44.948    44.948 
    6450    44.956    44.967 
    6460    44.949    44.950 
    6470    44.948    44.948 
    6480    44.944    44.950 
    6490    44.948    44.948 
    6500    44.948    44.949 
    6510    44.948    44.948 
    6520    44.948    44.948 
    6530    44.948    44.948 
    6540    44.949    44.949 
    6550    44.949    44.953 
    6560    44.948    44.948 
    6570    44.948    44.948 
    6580    44.948    44.947 
    6590    44.948    44.948 
    6600    44.968    44.945 
    6610    44.948    44.948 
    6620    44.948    44.948 
    6630    44.948    44.947 
    6640    44.948    44.948 
    6650    44.660    44.988 
    6660    44.949    44.948 
    6670    44.948    44.948 
    6680    44.949    44.950 
    6690    44.949    44.947 
    6700    44.943    44.950 
    6710    44.948    44.948 
    6720    44.948    44.948 
    6730    44.947    44.944 
    6740    44.948    44.948 
    6750    44.951    44.947 
    6760    44.948    44.948 
    6770    44.948    44.948 
    6780    44.948    44.944 
    6790    44.948    44.948 
    6800    44.907    44.927 
    6810    44.952    44.951 
    6820    44.949    44.948 
    6830    44.948    44.949 
    6840    44.948    44.948 
    6850    44.953    44.946 
    6860    44.948    44.948 
    6870    44.948    44.948 
    6880    44.952    44.945 
    6890    44.948    44.948 
    6900    44.893    44.873 
    6910    44.948    44.948 
    6920    44.948    44.948 
    6930    44.949    44.945 
    6940    44.948    44.948 
    6950    44.934    44.955 
    6960    44.948    44.948 
    6970    44.950    44.955 
    6980    44.949    44.949 
    6990    44.948    44.948 
    7000    44.947    44.943 
    7010    44.948    44.948 
    7020    44.949    44.948 
    7030    44.947    44.947 
    7040    44.948    44.948 
    7050    44.941    44.990 
    7060    44.948    44.948 
    7070    44.948    44.948 
    7080    44.948    44.948 
    7090    44.948    44.948 
    7100    44.949    44.953 
    7110    44.950    44.948 
    7120    44.948    44.948 
    7130    44.948    44.948 
    7140    44.948    44.948 
    7150    44.952    44.948 
    7160    44.948    44.948 
    7170    44.948    44.948 
    7180    44.948    44.949 
    7190    44.948    44.948 
    7200    44.956    44.950 
    7210    44.948    44.948 
    7220    44.948    44.948 
    7230    44.949    44.948 
    7240    44.948    44.948 
    7250    44.981    45.021 
    7260    44.948    44.948 
    7270    44.948    44.948 
    7280    44.951    44.946 
    7290    44.948    44.948 
    7300    44.951    44.952 
    7310    44.948    44.948 
    7320    44.948    44.948 
    7330    44.949    44.949 
    7340    44.948    44.948 
    7350    44.619    45.119 
    7360    44.948    44.948 
    7370    44.948    44.948 
    7380   -40.679   -29.654 
    7390    44.948    44.948 
    7400    44.940    45.002 
    7410    44.948    44.948 
    7420    44.948    44.948 
    7430    44.946    44.948 
    7440    44.948    44.948 
    7450    44.938    45.030 
    7460    44.948    44.948 
    7470    44.948    44.948 
    7480    44.949    44.950 
    7490    44.948    44.948 
    7500    44.941    44.951 
    7510    44.948    44.948 
    7520    44.948    44.948 
    7530    44.950    44.949 
    7540    44.948    44.948 
    7550    44.935    44.942 
    7560    44.953    44.950 
    7570    44.948    44.948 
    7580    44.948    44.947 
    7590    44.948    44.948 
    7600    44.989    44.913 
    7610    44.948    44.948 
    7620    44.948    44.948 
    7630    44.949    44.950 
    7640    44.949    44.947 
    7650    44.944    44.949 
    7660    44.948    44.948 
    7670    44.948    44.948 
    7680    44.947    44.946 
    7690    44.948    44.948 
    7700    44.947    44.948 
    7710    44.948    44.948 
    7720    44.948    44.948 
    7730    44.947    44.947 
    7740    44.948    44.947 
    7750    44.992    44.899 
    7760    44.948    44.948 
    7770    44.948    44.948 
    7780    44.948    44.949 
    7790    44.948    44.948 
    7800    44.948    44.959 
    7810    44.948    44.948 
    7820    44.948    44.948 
    7830    44.948    44.948 
    7840    44.948    44.948 
    7850    44.946    45.173 
    7860    44.948    44.948 
    7870    44.948    44.948 
    7880    44.946    44.948 
    7890    44.950    44.947 
    7900    44.946    44.952 
    7910    44.948    44.948 
    7920    44.948    44.948 
    7930    44.943    44.947 
    7940    44.948    44.948 
    7950    44.961    44.930 
    7960    44.948    44.948 
    7970    44.948    44.948 
    7980    44.948    44.946 
    7990    44.948    44.948 
    8000    44.917    44.946 
    8010    44.948    44.948 
    8020    44.948    44.948 
    8030    44.948    44.946 
    8040    44.948    44.948 
    8050    44.946    44.941 
    8060    44.948    44.948 
    8070    44.948    44.948 
    8080    44.950    44.952 
    8090    44.948    44.948 
    8100    44.946    44.942 
    8110    44.948    44.948 
    8120    44.948    44.948 
    8130    44.950    44.948 
    8140    44.948    44.948 
    8150    44.964    44.992 
    8160    44.948    44.948 
    8170    44.948    44.948 
    8180    44.947    44.949 
    8190    44.948    44.948 
    8200    45.361    45.232 
    8210    44.948    44.948 
    8220    44.948    44.948 
    8230    44.949    44.947 
    8240    44.948    44.948 
    8250    44.702    45.029 
    8260    44.949    44.948 
    8270    44.948    44.948 
    8280    44.953    44.945 
    8290    44.948    44.948 
    8300    44.893    44.869 
    8310    44.948    44.948 
    8320    44.953    44.944 
    8330    44.946    44.951 
    8340    44.948    44.948 
    8350    44.756    44.847 
    8360    44.948    44.948 
    8370    44.948    44.948 
    8380    44.951    44.947 
    8390    44.948    44.948 
    8400    44.940    44.941 
    8410    44.950    44.949 
    8420    44.948    44.948 
    8430    44.949    44.946 
    8440    44.948    44.948 
    8450    44.937    44.945 
    8460    44.948    44.948 
    8470    44.948    44.947 
    8480    44.947    44.947 
    8490    44.948    44.948 
    8500    44.993    44.801 
    8510    44.948    44.948 
    8520    44.948    44.948 
    8530    44.952    44.948 
    8540    44.948    44.948 
    8550    44.959    44.900 
    8560    44.948    44.948 
    8570    44.950    44.948 
    8580    44.948    44.948 
    8590    44.948    44.948 
    8600    44.955    44.929 
    8610    44.948    44.948 
    8620    44.948    44.948 
    8630    44.951    44.946 
    8640    44.948    44.948 
    8650    44.944    44.944 
    8660    44.948    44.948 
    8670    44.948    44.948 
    8680    44.951    44.947 
    8690    44.948    44.948 
    8700    44.944    44.952 
    8710    44.948    44.948 
    8720    44.948    44.948 
    8730    44.948    44.946 
    8740    44.948    44.948 
    8750    44.994    44.934 
    8760    44.948    44.948 
    8770    44.948    44.948 
    8780    44.952    44.949 
    8790    44.948    44.948 
    8800    44.816    44.945 
    8810    44.949    44.948 
    8820    44.945    44.948 
    8830    44.949    44.947 
    8840    44.948    44.948 
    8850    44.944    44.952 
    8860    44.948    44.948 
    8870    44.948    44.948 
    8880    44.949    44.947 
    8890    44.948    44.948 
    8900    44.951    44.951 
    8910    44.948    44.948 
    8920    44.948    44.948 
    8930    44.948    44.947 
    8940    44.948    44.948 
    8950    44.953    44.948 
    8960    44.948    44.948 
    8970    44.948    44.948 
    8980    44.952    44.949 
    8990    44.948    44.948 
    9000    44.947    44.935 
    9010    44.949    44.948 
    9020    44.948    44.948 
    9030    44.949    44.950 
    9040    44.951    44.947 
    9050    44.946    44.949 
    9060    44.948    44.948 
    9070    44.948    44.948 
    9080    44.948    44.948 
    9090    44.948    44.948 
    9100    44.961    44.954 
    9110    44.948    44.948 
    9120    44.948    44.948 
    9130    44.949    44.948 
    9140    44.948    44.948 
    9150    44.945    44.946 
    9160    44.948    44.948 
    9170    44.948    44.948 
    9180    44.947    44.947 
    9190    44.948    44.948 
    9200    45.031    44.904 
    9210    44.948    44.948 
    9220    44.947    44.946 
    9230    44.947    44.946 
    9240    44.949    44.948 
    9250    44.953    44.945 
    9260    44.948    44.948 
    9270    44.948    44.948 
    9280    44.948    44.949 
    9290    44.948    44.948 
    9300    45.080    44.988 
    9310    44.948    44.948 
    9320    44.948    44.948 
    9330    44.948    44.947 
    9340    44.948    44.945 
    9350    44.946    44.952 
    9360    44.948    44.948 
    9370    44.948    44.948 
    9380   -36.804    15.285 
    9390    44.948    44.948 
    9400    44.948    44.950 
    9410    44.948    44.948 
    9420    44.948    44.948 
    9430    44.948    44.947 
    9440    44.948    44.945 
    9450    44.943    44.947 
    9460    44.948    44.948 
    9470    44.948    44.948 
    9480    44.950    44.943 
    9490    44.948    44.948 
    9500    44.948    44.956 
    9510    44.948    44.948 
    9520    44.948    44.948 
    9530    44.941    44.947 
    9540    44.948    44.948 
    9550    44.953    44.898 
    9560    44.948    44.950 
    9570    44.948    44.948 
    9580    44.951    44.948 
    9590    44.948    44.948 
    9600    44.946    44.926 
    9610    44.948    44.948 
    9620    44.948    44.948 
    9630    44.946    44.949 
    9640    44.948    44.948 
    9650    44.956    44.965 
    9660    44.948    44.948 
    9670    44.948    44.948 
    9680    44.950    44.945 
    9690    44.948    44.948 
    9700    44.952    44.952 
    9710    44.948    44.948 
    9720    44.948    44.948 
    9730    44.950    44.944 
    9740    44.948    44.948 
    9750    44.948    44.948 
    9760    44.948    44.948 
    9770    44.948    44.948 
    9780    44.948    44.948 
    9790    44.948    44.948 
    9800    44.948    44.949 
    9810    44.948    44.948 
    9820    44.948    44.948 
    9830    44.949    44.948 
    9840    44.948    44.948 
    9850    44.944    44.966 
    9860    44.948    44.948 
    9870    44.948    44.948 
    9880    44.949    44.943 
    9890    44.948    44.948 
    9900    44.949    44.948 
    9910    44.948    44.954 
    9920    44.948    44.948 
    9930    44.946    44.949 
    9940    44.949    44.948 
    9950    44.953    44.950 
    9960    44.948    44.948 
    9970    44.948    44.948 
    9980    44.952    44.950 
    9990    44.946    44.946 
   10000    44.948    44.948 
