       0   214.935   214.952 
      10   219.314   219.745 
      20   219.733   219.866 
      30   219.845   219.890 
      40   219.843   219.947 
      50   219.835   219.956 
      60   219.878   219.908 
      70   219.884   219.916 
      80   219.896   219.902 
      90   219.890   219.913 
     100   219.868   219.962 
     110   219.886   219.915 
     120   219.894   219.931 
     130   219.896   219.908 
     140   219.895   219.920 
     150   219.893   219.922 
     160   219.895   219.922 
     170   219.904   219.936 
     180   219.899   219.928 
     190   219.895   219.925 
     200   219.913   219.923 
     210   219.897   219.925 
     220   219.900   219.926 
     230   219.913   219.932 
     240   219.896   219.927 
     250   219.890   219.923 
     260   219.900   219.929 
     270   219.900   219.925 
     280   219.902   219.929 
     290   219.906   219.931 
     300   219.975   219.920 
     310   219.905   219.930 
     320   219.930   219.924 
     330   219.901   219.933 
     340   219.902   219.931 
     350   219.900   219.928 
     360   219.902   219.933 
     370   219.902   219.934 
     380   219.903   219.934 
     390   219.885   219.927 
     400   219.937   219.953 
     410   219.902   219.936 
     420   219.903   219.935 
     430   219.904   219.936 
     440   219.888   219.934 
     450   219.906   219.933 
     460   219.902   219.935 
     470   219.903   219.936 
     480   219.902   219.936 
     490   219.897   219.936 
     500   219.955   219.937 
     510   219.903   219.937 
     520   219.904   219.936 
     530   219.903   219.940 
     540   219.903   219.936 
     550   219.897   219.936 
     560   219.903   219.936 
     570   219.904   219.936 
     580   219.904   219.937 
     590   219.902   219.937 
     600   219.785   219.919 
     610   219.903   219.937 
     620   219.908   219.916 
     630   219.903   219.938 
     640   219.910   219.937 
     650   219.897   219.937 
     660   219.903   219.937 
     670   219.903   219.938 
     680   219.904   219.938 
     690   219.904   219.938 
     700   219.910   219.934 
     710   219.903   219.938 
     720   219.903   219.939 
     730   219.912   219.937 
     740   219.903   219.938 
     750   219.903   219.937 
     760   219.903   219.939 
     770   219.904   219.939 
     780   219.904   219.939 
     790   219.901   219.938 
     800   219.865   219.987 
     810   219.904   219.939 
     820   219.914   219.942 
     830   219.904   219.940 
     840   219.904   219.940 
     850   219.915   219.948 
     860   219.904   219.939 
     870   219.906   219.938 
     880   219.907   219.941 
     890   219.904   219.940 
     900   219.905   219.937 
     910   219.904   219.940 
     920   219.910   219.941 
     930   219.905   219.941 
     940   219.905   219.941 
     950   219.913   219.933 
     960   219.904   219.940 
     970   219.905   219.942 
     980   219.904   219.939 
     990   219.898   219.940 
    1000   219.916   219.939 
    1010   219.904   219.940 
    1020   219.902   219.941 
    1030   219.905   219.939 
    1040   219.903   219.939 
    1050   219.902   219.929 
    1060   219.896   219.941 
    1070   219.906   219.941 
    1080   219.905   219.941 
    1090   219.907   219.940 
    1100   219.893   219.942 
    1110   219.904   219.942 
    1120   219.903   219.942 
    1130   219.904   219.939 
    1140   219.905   219.942 
    1150   219.899   219.942 
    1160   219.904   219.942 
    1170   219.904   219.942 
    1180   219.905   219.943 
    1190   219.904   219.942 
    1200   219.899   219.944 
    1210   219.903   219.937 
    1220   219.905   219.943 
    1230   219.904   219.940 
    1240   219.905   219.943 
    1250   219.879   219.964 
    1260   219.904   219.946 
    1270   219.905   219.946 
    1280   219.902   219.949 
    1290   219.905   219.946 
    1300   219.908   219.951 
    1310   219.905   219.946 
    1320   219.904   219.945 
    1330   219.905   219.948 
    1340   219.905   219.946 
    1350   219.913   219.946 
    1360   219.905   219.940 
    1370   219.905   219.946 
    1380   219.905   219.948 
    1390   219.905   219.946 
    1400   219.905   219.953 
    1410   219.909   219.947 
    1420   219.906   219.947 
    1430   219.905   219.946 
    1440   219.906   219.946 
    1450   219.907   219.937 
    1460   219.906   219.947 
    1470   219.905   219.947 
    1480   219.906   219.948 
    1490   219.905   219.947 
    1500   219.874   219.887 
    1510   219.906   219.947 
    1520   219.905   219.945 
    1530   219.906   219.948 
    1540   219.905   219.947 
    1550   219.908   219.905 
    1560   219.909   219.947 
    1570   219.906   219.947 
    1580   219.906   219.947 
    1590   219.906   219.946 
    1600   219.905   219.915 
    1610   219.905   219.947 
    1620   219.906   219.947 
    1630   219.906   219.947 
    1640   219.906   219.947 
    1650   219.907   219.951 
    1660   219.905   219.948 
    1670   219.907   219.947 
    1680   219.908   219.948 
    1690   219.906   219.947 
    1700   219.899   219.990 
    1710   219.905   219.947 
    1720   219.907   219.947 
    1730   219.906   219.947 
    1740   219.906   219.947 
    1750   219.906   219.953 
    1760   219.891   219.947 
    1770   219.906   219.947 
    1780   219.907   219.947 
    1790   219.906   219.944 
    1800   219.903   219.969 
    1810   219.911   219.948 
    1820   219.906   219.947 
    1830   295.023   220.209 
    1840   219.906   219.947 
    1850   219.906   219.900 
    1860   219.906   219.950 
    1870   219.905   219.947 
    1880   219.908   219.947 
    1890   219.906   219.948 
    1900   219.906   219.949 
    1910   219.905   219.947 
    1920   219.906   219.949 
    1930   219.655   120.295 
    1940   219.906   219.948 
    1950   219.863   219.949 
    1960   219.906   219.949 
    1970   219.906   219.948 
    1980   294.043   257.016 
    1990   219.906   219.948 
    2000   219.905   219.951 
    2010   219.906   219.946 
    2020   219.906   219.948 
    2030   219.906   219.948 
    2040   219.906   219.948 
    2050   219.905   219.909 
    2060   219.909   219.948 
    2070   219.906   219.949 
    2080   219.907   219.950 
    2090   219.907   219.948 
    2100   219.897   219.914 
    2110   219.906   219.948 
    2120   219.907   219.948 
    2130   219.907   219.948 
    2140   219.906   219.949 
    2150   219.906   220.019 
    2160   219.906   219.948 
    2170   219.906   219.948 
    2180   219.908   219.949 
    2190   219.906   219.948 
    2200   219.906   219.954 
    2210   219.908   219.948 
    2220   219.906   219.948 
    2230   219.906   219.948 
    2240   219.906   219.949 
    2250   219.907   219.955 
    2260   219.906   219.949 
    2270   219.908   219.949 
    2280   219.907   219.948 
    2290   219.907   219.948 
    2300   219.909   219.936 
    2310   219.907   219.949 
    2320   219.907   219.949 
    2330   219.907   219.951 
    2340   219.907   219.949 
    2350   219.907   219.998 
    2360   219.907   219.949 
    2370   219.907   219.949 
    2380   219.907   219.948 
    2390   219.907   219.949 
    2400   219.907   219.949 
    2410   219.906   219.947 
    2420   219.907   219.949 
    2430   219.907   219.949 
    2440   219.907   219.949 
    2450   219.819   219.951 
    2460   219.907   219.950 
    2470   219.907   219.949 
    2480   219.907   219.948 
    2490   219.907   219.949 
    2500   219.892   219.944 
    2510   219.907   219.949 
    2520   219.908   219.946 
    2530   219.907   219.951 
    2540   219.907   219.949 
    2550   219.898   219.953 
    2560   219.907   219.949 
    2570   219.905   219.946 
    2580   219.905   219.949 
    2590   219.907   219.949 
    2600   219.907   219.944 
    2610   219.907   219.949 
    2620   219.907   219.949 
    2630   219.907   219.950 
    2640   219.907   219.949 
    2650   219.905   219.951 
    2660   219.907   219.950 
    2670   219.907   219.949 
    2680   219.907   219.950 
    2690   219.907   219.949 
    2700   219.905   219.949 
    2710   219.907   219.949 
    2720   219.908   219.950 
    2730   219.907   219.948 
    2740   219.907   219.950 
    2750   219.900   219.948 
    2760   219.907   219.949 
    2770   219.907   219.950 
    2780   219.907   219.948 
    2790   219.907   219.950 
    2800   219.907   219.958 
    2810   219.908   219.950 
    2820   219.908   219.950 
    2830   219.908   219.951 
    2840   219.908   219.950 
    2850   219.901   219.983 
    2860   219.908   219.950 
    2870   219.908   219.950 
    2880   219.908   219.951 
    2890   219.908   219.950 
    2900   219.910   219.866 
    2910   219.908   219.950 
    2920   219.908   219.950 
    2930   219.904   219.951 
    2940   219.908   219.951 
    2950   219.899   219.917 
    2960   219.908   219.950 
    2970   219.908   219.950 
    2980   219.906   219.951 
    2990   219.908   219.950 
    3000   219.918   219.931 
    3010   219.908   219.950 
    3020   219.908   219.950 
    3030   219.909   219.950 
    3040   219.908   219.951 
    3050   219.900   219.970 
    3060   219.908   219.950 
    3070   219.909   219.950 
    3080   219.914   219.938 
    3090   219.908   219.950 
    3100   219.902   219.955 
    3110   219.908   219.950 
    3120   219.908   219.951 
    3130   219.915   219.978 
    3140   219.907   219.951 
    3150   219.925   219.962 
    3160   219.908   219.950 
    3170   219.908   219.950 
    3180   219.908   219.951 
    3190   219.908   219.950 
    3200   219.908   219.941 
    3210   219.908   219.950 
    3220   219.908   219.951 
    3230   219.908   219.950 
    3240   219.908   219.951 
    3250   219.910   219.949 
    3260   219.908   219.950 
    3270   219.908   219.950 
    3280   219.908   219.951 
    3290   219.908   219.951 
    3300   219.907   219.949 
    3310   219.908   219.951 
    3320   219.908   219.950 
    3330   219.907   219.951 
    3340   219.908   219.951 
    3350   219.910   219.950 
    3360   219.908   219.951 
    3370   219.908   219.951 
    3380   219.908   219.951 
    3390   219.908   219.951 
    3400   219.909   219.966 
    3410   219.908   219.953 
    3420   219.908   219.951 
    3430   219.908   219.951 
    3440   219.908   219.951 
    3450   219.902   219.951 
    3460   219.908   219.951 
    3470   219.908   219.951 
    3480   219.908   219.949 
    3490   219.908   219.951 
    3500   219.909   219.956 
    3510   219.908   219.951 
    3520   219.908   219.951 
    3530   219.908   219.952 
    3540   219.908   219.951 
    3550   219.908   219.961 
    3560   219.911   219.947 
    3570   219.908   219.951 
    3580   219.908   219.951 
    3590   219.908   219.951 
    3600   219.908   219.956 
    3610   219.908   219.951 
    3620   219.908   219.951 
    3630   219.891   219.935 
    3640   219.908   219.951 
    3650   219.911   219.945 
    3660   219.908   219.951 
    3670   219.908   219.951 
    3680   219.908   219.951 
    3690   219.908   219.951 
    3700   219.908   219.967 
    3710   219.908   219.951 
    3720   219.908   219.951 
    3730   219.909   219.951 
    3740   219.908   219.951 
    3750   219.900   219.943 
    3760   219.908   219.951 
    3770   219.908   219.951 
    3780   219.909   219.951 
    3790   219.908   219.951 
    3800   219.859   219.907 
    3810   219.908   219.951 
    3820   219.908   219.951 
    3830   219.908   219.952 
    3840   219.908   219.951 
    3850   219.898   219.961 
    3860   219.908   219.951 
    3870   219.908   219.951 
    3880   219.907   219.951 
    3890   219.909   219.951 
    3900   219.907   219.987 
    3910   219.908   219.949 
    3920   219.908   219.951 
    3930   219.908   219.951 
    3940   219.908   219.951 
    3950   219.902   219.951 
    3960   219.908   219.951 
    3970   219.908   219.951 
    3980   219.908   219.951 
    3990   219.908   219.950 
    4000   219.909   219.953 
    4010   219.908   219.950 
    4020   219.908   219.951 
    4030   219.908   219.951 
    4040   219.908   219.951 
    4050   219.918   219.951 
    4060   219.908   219.951 
    4070   219.908   219.951 
    4080   219.908   219.951 
    4090   219.908   219.951 
    4100   219.911   219.928 
    4110   219.908   219.951 
    4120   219.908   219.951 
    4130   219.909   219.951 
    4140   219.908   219.951 
    4150   219.902   219.955 
    4160   219.908   219.951 
    4170   219.908   219.951 
    4180   219.908   219.955 
    4190   219.908   219.951 
    4200   219.908   219.948 
    4210   219.908   219.951 
    4220   219.908   219.951 
    4230   219.908   219.951 
    4240   219.908   219.951 
    4250   219.914   219.946 
    4260   219.909   219.950 
    4270   219.908   219.951 
    4280   219.907   219.951 
    4290   219.908   219.951 
    4300   219.907   219.903 
    4310   219.909   219.951 
    4320   219.908   219.951 
    4330   219.908   219.952 
    4340   219.908   219.951 
    4350   219.744   219.950 
    4360   219.908   219.951 
    4370   219.908   219.951 
    4380   219.908   219.950 
    4390   219.908   219.951 
    4400   219.904   219.948 
    4410   219.908   219.951 
    4420   219.908   219.951 
    4430   219.908   219.952 
    4440   219.908   219.951 
    4450   219.907   219.951 
    4460   219.908   219.950 
    4470   219.908   219.951 
    4480   156.626   300.503 
    4490   219.908   219.951 
    4500   219.896   219.958 
    4510   219.908   219.951 
    4520   219.908   219.951 
    4530   165.198   308.907 
    4540   219.908   219.951 
    4550   219.914   219.954 
    4560   219.908   219.951 
    4570   219.908   219.951 
    4580   219.909   219.949 
    4590   219.909   219.951 
    4600   219.911   219.949 
    4610   219.908   219.951 
    4620   219.908   219.951 
    4630   219.906   219.951 
    4640   219.909   219.951 
    4650   219.908   219.934 
    4660   219.908   219.951 
    4670   219.908   219.951 
    4680   219.908   219.951 
    4690   219.908   219.951 
    4700   219.907   219.928 
    4710   219.907   219.951 
    4720   219.908   219.951 
    4730   219.908   219.951 
    4740   219.908   219.951 
    4750   219.904   219.953 
    4760   219.908   219.951 
    4770   219.908   219.951 
    4780   219.911   219.950 
    4790   219.908   219.951 
    4800   219.909   219.953 
    4810   219.908   219.951 
    4820   219.908   219.951 
    4830   219.911   219.945 
    4840   219.908   219.951 
    4850   219.907   219.951 
    4860   219.908   219.951 
    4870   219.908   219.951 
    4880   219.909   219.952 
    4890   219.908   219.951 
    4900   219.909   219.955 
    4910   219.908   219.951 
    4920   219.908   219.951 
    4930   219.909   219.951 
    4940   219.908   219.951 
    4950   219.898   220.008 
    4960   219.908   219.950 
    4970   219.908   219.951 
    4980   219.908   219.951 
    4990   219.908   219.951 
    5000   219.908   219.949 
    5010   219.908   219.951 
    5020   219.908   219.951 
    5030   219.908   219.951 
    5040   219.908   219.951 
    5050   219.908   219.953 
    5060   219.908   219.951 
    5070   219.908   219.951 
    5080   212.522   306.128 
    5090   219.908   219.951 
    5100   219.911   219.951 
    5110   219.908   219.951 
    5120   219.908   219.951 
    5130   219.908   219.943 
    5140   219.908   219.951 
    5150   219.901   219.951 
    5160   219.908   219.951 
    5170   219.908   219.951 
    5180   219.908   219.952 
    5190   219.908   219.951 
    5200   219.924   219.950 
    5210   219.908   219.950 
    5220   219.908   219.951 
    5230   219.908   219.936 
    5240   219.908   219.951 
    5250   219.915   219.951 
    5260   219.908   219.951 
    5270   219.908   219.951 
    5280   219.908   219.950 
    5290   219.908   219.951 
    5300   219.910   219.864 
    5310   219.909   219.951 
    5320   219.908   219.951 
    5330   233.213   132.282 
    5340   219.908   219.951 
    5350   219.919   219.948 
    5360   219.908   219.951 
    5370   219.908   219.951 
    5380   219.908   219.950 
    5390   219.908   219.951 
    5400   219.917   219.949 
    5410   219.908   219.951 
    5420   219.908   219.951 
    5430   219.909   219.949 
    5440   219.908   219.951 
    5450   219.902   219.957 
    5460   219.908   219.951 
    5470   219.908   219.951 
    5480   219.908   219.952 
    5490   219.908   219.951 
    5500   219.905   219.946 
    5510   219.908   219.951 
    5520   219.908   219.951 
    5530   219.908   219.950 
    5540   219.909   219.951 
    5550   219.908   219.931 
    5560   219.908   219.951 
    5570   219.908   219.951 
    5580   219.908   219.951 
    5590   219.908   219.951 
    5600   219.883   219.952 
    5610   219.908   219.951 
    5620   219.908   219.951 
    5630   106.413   135.465 
    5640   219.908   219.951 
    5650   219.908   219.953 
    5660   219.909   219.949 
    5670   219.908   219.951 
    5680   219.909   219.951 
    5690   219.908   219.951 
    5700   219.912   219.951 
    5710   219.908   219.951 
    5720   219.908   219.950 
    5730   219.909   219.951 
    5740   219.908   219.951 
    5750   219.868   219.946 
    5760   219.908   219.951 
    5770   219.908   219.951 
    5780   219.907   219.951 
    5790   219.908   219.951 
    5800   219.908   219.952 
    5810   219.908   219.951 
    5820   219.908   219.951 
    5830   219.908   219.951 
    5840   219.908   219.951 
    5850   219.908   219.944 
    5860   219.908   219.951 
    5870   219.908   219.951 
    5880   219.908   219.951 
    5890   219.908   219.951 
    5900   219.985   219.951 
    5910   219.908   219.950 
    5920   219.908   219.951 
    5930   219.908   219.950 
    5940   219.908   219.951 
    5950   219.914   219.948 
    5960   219.908   219.951 
    5970   219.909   219.951 
    5980   219.908   219.950 
    5990   219.908   219.951 
    6000   219.914   219.952 
    6010   219.908   219.951 
    6020   219.908   219.951 
    6030   219.908   219.952 
    6040   219.908   219.951 
    6050   219.909   219.936 
    6060   219.909   219.951 
    6070   219.908   219.951 
    6080   278.967   211.111 
    6090   219.909   219.951 
    6100   219.907   219.941 
    6110   219.908   219.951 
    6120   219.908   219.951 
    6130   219.908   219.952 
    6140   219.908   219.951 
    6150   219.910   220.012 
    6160   219.909   219.951 
    6170   219.908   219.951 
    6180   219.908   219.950 
    6190   219.908   219.951 
    6200   219.920   219.956 
    6210   219.909   219.951 
    6220   219.908   219.951 
    6230   219.908   219.951 
    6240   219.908   219.951 
    6250   219.910   219.935 
    6260   219.909   219.951 
    6270   219.909   219.951 
    6280   219.908   219.951 
    6290   219.908   219.951 
    6300   219.909   219.909 
    6310   219.911   219.952 
    6320   219.908   219.951 
    6330   219.907   219.951 
    6340   219.908   219.951 
    6350   219.908   219.948 
    6360   219.909   219.951 
    6370   219.908   219.951 
    6380   219.908   219.950 
    6390   219.909   219.951 
    6400   219.909   219.982 
    6410   219.908   219.951 
    6420   219.908   219.951 
    6430   182.015   322.368 
    6440   219.908   219.951 
    6450   219.904   219.949 
    6460   219.908   219.951 
    6470   219.908   219.951 
    6480   219.909   219.951 
    6490   219.908   219.951 
    6500   219.907   220.004 
    6510   219.908   219.951 
    6520   219.908   219.951 
    6530   219.907   219.956 
    6540   219.908   219.951 
    6550   219.925   219.986 
    6560   219.908   219.951 
    6570   219.908   219.951 
    6580   298.226   202.525 
    6590   219.908   219.951 
    6600   219.909   219.955 
    6610   219.909   219.951 
    6620   219.908   219.951 
    6630   219.908   219.951 
    6640   219.908   219.951 
    6650   219.879   219.987 
    6660   219.907   219.951 
    6670   219.908   219.951 
    6680   219.909   219.951 
    6690   219.909   219.951 
    6700   219.909   219.950 
    6710   219.908   219.951 
    6720   219.908   219.951 
    6730   219.908   219.952 
    6740   219.909   219.951 
    6750   219.912   219.948 
    6760   219.909   219.951 
    6770   219.909   219.951 
    6780   219.908   219.948 
    6790   219.909   219.951 
    6800   219.908   219.957 
    6810   219.909   219.951 
    6820   219.908   219.951 
    6830   219.909   219.952 
    6840   219.908   219.951 
    6850   219.861   219.962 
    6860   219.909   219.951 
    6870   219.908   219.951 
    6880   219.907   219.951 
    6890   219.909   219.951 
    6900   219.909   219.932 
    6910   219.909   219.951 
    6920   219.908   219.951 
    6930   304.674   129.443 
    6940   219.908   219.951 
    6950   219.905   219.947 
    6960   219.908   219.951 
    6970   219.909   219.951 
    6980   219.909   219.950 
    6990   219.909   219.951 
    7000   219.921   219.893 
    7010   219.908   219.951 
    7020   219.909   219.951 
    7030   219.909   219.952 
    7040   219.909   219.951 
    7050   219.909   219.943 
    7060   219.908   219.951 
    7070   219.908   219.951 
    7080   219.890   219.975 
    7090   219.909   219.951 
    7100   219.909   219.944 
    7110   219.908   219.951 
    7120   219.909   219.951 
    7130   219.908   219.951 
    7140   219.909   219.951 
    7150   219.906   219.948 
    7160   219.908   219.951 
    7170   219.908   219.951 
    7180   287.628   160.209 
    7190   219.908   219.951 
    7200   219.923   219.970 
    7210   219.908   219.951 
    7220   219.908   219.951 
    7230   219.908   219.952 
    7240   219.909   219.951 
    7250   219.910   219.955 
    7260   219.909   219.951 
    7270   219.908   219.951 
    7280   219.908   219.951 
    7290   219.909   219.951 
    7300   219.897   219.954 
    7310   219.909   219.951 
    7320   219.909   219.951 
    7330   219.907   219.953 
    7340   219.908   219.951 
    7350   219.913   219.954 
    7360   219.908   219.950 
    7370   219.909   219.951 
    7380   219.909   219.951 
    7390   219.909   219.951 
    7400   219.906   219.951 
    7410   219.908   219.951 
    7420   219.909   219.951 
    7430   219.908   219.952 
    7440   219.909   219.951 
    7450   219.911   219.950 
    7460   219.908   219.951 
    7470   219.908   219.951 
    7480   219.909   219.951 
    7490   219.909   219.951 
    7500   219.863   219.926 
    7510   219.908   219.951 
    7520   219.908   219.951 
    7530   219.908   219.952 
    7540   219.909   219.951 
    7550   219.905   219.885 
    7560   219.909   219.951 
    7570   219.909   219.951 
    7580   219.910   219.953 
    7590   219.908   219.951 
    7600   219.905   219.949 
    7610   219.909   219.951 
    7620   219.909   219.951 
    7630   219.909   219.952 
    7640   219.909   219.951 
    7650   219.907   219.960 
    7660   219.909   219.951 
    7670   219.908   219.951 
    7680   219.908   219.951 
    7690   219.908   219.951 
    7700   219.909   219.942 
    7710   219.908   219.951 
    7720   219.909   219.951 
    7730   121.539   129.171 
    7740   219.909   219.951 
    7750   219.910   219.948 
    7760   219.909   219.951 
    7770   219.909   219.951 
    7780   219.908   219.951 
    7790   219.908   219.951 
    7800   219.912   219.941 
    7810   219.909   219.951 
    7820   219.909   219.951 
    7830   219.905   219.952 
    7840   219.909   219.951 
    7850   219.911   219.988 
    7860   219.908   219.951 
    7870   219.908   219.951 
    7880   219.908   219.951 
    7890   219.909   219.951 
    7900   219.909   219.952 
    7910   219.909   219.951 
    7920   219.908   219.951 
    7930   219.909   219.951 
    7940   219.909   219.951 
    7950   219.913   219.951 
    7960   219.909   219.951 
    7970   219.909   219.951 
    7980   219.909   219.951 
    7990   219.909   219.951 
    8000   219.750   219.950 
    8010   219.909   219.951 
    8020   219.909   219.950 
    8030   219.910   219.950 
    8040   219.909   219.951 
    8050   219.920   219.952 
    8060   219.909   219.951 
    8070   219.909   219.951 
    8080   219.905   219.960 
    8090   219.909   219.951 
    8100   219.902   219.945 
    8110   219.909   219.951 
    8120   219.909   219.951 
    8130   219.909   219.950 
    8140   219.909   219.951 
    8150   219.906   219.964 
    8160   219.908   219.952 
    8170   219.909   219.951 
    8180   219.909   219.951 
    8190   219.909   219.951 
    8200   219.911   219.951 
    8210   219.909   219.951 
    8220   219.909   219.951 
    8230   219.908   219.954 
    8240   219.909   219.951 
    8250   219.909   219.960 
    8260   219.909   219.951 
    8270   219.909   219.951 
    8280   219.908   219.950 
    8290   219.909   219.951 
    8300   219.910   219.955 
    8310   219.909   219.951 
    8320   219.909   219.951 
    8330   219.908   219.952 
    8340   219.909   219.951 
    8350   219.909   219.941 
    8360   219.909   219.951 
    8370   219.909   219.951 
    8380   219.908   219.951 
    8390   219.909   219.951 
    8400   219.912   219.925 
    8410   219.909   219.951 
    8420   219.909   219.951 
    8430   219.909   219.952 
    8440   219.908   219.951 
    8450   219.963   219.951 
    8460   219.909   219.951 
    8470   219.909   219.951 
    8480   219.908   219.952 
    8490   219.909   219.951 
    8500   219.906   219.951 
    8510   219.909   219.950 
    8520   219.909   219.951 
    8530   219.909   219.951 
    8540   219.909   219.951 
    8550   219.919   219.951 
    8560   219.908   219.951 
    8570   219.909   219.949 
    8580   219.909   219.949 
    8590   219.909   219.951 
    8600   219.930   219.857 
    8610   219.909   219.951 
    8620   219.909   219.951 
    8630   219.909   219.951 
    8640   219.909   219.951 
    8650   219.936   219.939 
    8660   219.909   219.951 
    8670   219.909   219.951 
    8680   219.908   219.952 
    8690   219.909   219.951 
    8700   219.911   219.953 
    8710   219.909   219.951 
    8720   219.909   219.951 
    8730   219.908   219.951 
    8740   219.909   219.951 
    8750   219.905   219.930 
    8760   219.909   219.951 
    8770   219.909   219.951 
    8780   219.909   219.952 
    8790   219.909   219.951 
    8800   219.913   219.944 
    8810   219.909   219.951 
    8820   219.909   219.951 
    8830   219.907   219.950 
    8840   219.909   219.951 
    8850   219.907   219.955 
    8860   219.908   219.951 
    8870   219.909   219.951 
    8880   219.908   219.951 
    8890   219.909   219.951 
    8900   219.920   219.979 
    8910   219.906   219.951 
    8920   219.910   219.951 
    8930   219.908   219.951 
    8940   219.909   219.951 
    8950   219.922   219.984 
    8960   219.909   219.951 
    8970   219.909   219.951 
    8980   219.907   219.951 
    8990   219.909   219.951 
    9000   219.936   220.009 
    9010   219.909   219.951 
    9020   219.909   219.951 
    9030   219.908   219.953 
    9040   219.909   219.951 
    9050   219.906   219.960 
    9060   219.909   219.951 
    9070   219.909   219.951 
    9080   219.913   219.944 
    9090   219.909   219.951 
    9100   219.912   219.948 
    9110   219.909   219.951 
    9120   219.909   219.951 
    9130   219.909   219.952 
    9140   219.909   219.951 
    9150   219.912   219.927 
    9160   219.909   219.951 
    9170   219.909   219.951 
    9180   219.909   219.950 
    9190   219.909   219.951 
    9200   219.884   219.951 
    9210   219.909   219.951 
    9220   219.909   219.951 
    9230   219.908   219.950 
    9240   219.908   219.951 
    9250   219.862   219.940 
    9260   219.909   219.951 
    9270   219.909   219.951 
    9280   303.682   234.426 
    9290   219.909   219.951 
    9300   219.908   219.957 
    9310   219.908   219.952 
    9320   219.909   219.951 
    9330   219.909   219.954 
    9340   219.909   219.951 
    9350   219.908   219.927 
    9360   219.908   219.951 
    9370   219.909   219.951 
    9380   219.908   219.951 
    9390   219.909   219.951 
    9400   219.908   219.952 
    9410   219.908   219.951 
    9420   219.908   219.951 
    9430   219.909   219.950 
    9440   219.909   219.951 
    9450   219.943   219.880 
    9460   219.909   219.951 
    9470   219.909   219.951 
    9480   219.913   219.951 
    9490   219.909   219.951 
    9500   219.908   219.947 
    9510   219.908   219.951 
    9520   219.909   219.951 
    9530   219.909   219.952 
    9540   219.909   219.951 
    9550   219.915   220.006 
    9560   219.909   219.951 
    9570   219.909   219.951 
    9580   219.908   219.951 
    9590   219.909   219.951 
    9600   219.910   219.952 
    9610   219.909   219.951 
    9620   219.909   219.951 
    9630   219.909   219.952 
    9640   219.909   219.951 
    9650   219.911   219.950 
    9660   219.909   219.951 
    9670   219.909   219.951 
    9680   219.909   219.951 
    9690   219.909   219.951 
    9700   219.901   219.950 
    9710   219.909   219.951 
    9720   219.909   219.951 
    9730   219.905   219.950 
    9740   219.909   219.951 
    9750   219.904   219.964 
    9760   219.908   219.951 
    9770   219.909   219.951 
    9780   219.909   219.953 
    9790   219.909   219.951 
    9800   219.913   219.960 
    9810   219.909   219.951 
    9820   219.909   219.951 
    9830   219.908   219.951 
    9840   219.909   219.951 
    9850   219.909   219.901 
    9860   219.908   219.951 
    9870   219.908   219.951 
    9880   219.909   219.951 
    9890   219.909   219.951 
    9900   219.907   219.943 
    9910   219.909   219.951 
    9920   219.909   219.951 
    9930   219.910   219.951 
    9940   219.909   219.951 
    9950   219.913   219.961 
    9960   219.909   219.951 
    9970   219.909   219.951 
    9980   243.091   313.687 
    9990   219.909   219.951 
   10000   219.909   219.951 
