       0   219.909   219.951 
      10   224.311   224.753 
      20   224.715   224.860 
      30   224.742   224.738 
      40   224.814   224.880 
      50   224.853   224.829 
      60   225.153   225.077 
      70   224.850   224.915 
      80   224.870   224.924 
      90   224.889   224.896 
     100   224.868   224.915 
     110   224.878   224.918 
     120   224.792   224.915 
     130   224.870   224.915 
     140   224.870   224.920 
     150   224.878   224.922 
     160   224.871   224.923 
     170   224.871   224.925 
     180   224.876   224.924 
     190   224.880   224.925 
     200   224.894   224.922 
     210   224.877   224.918 
     220   224.876   224.928 
     230   224.877   224.925 
     240   224.877   224.929 
     250   224.880   224.926 
     260   224.878   224.930 
     270   224.872   224.934 
     280   224.881   224.932 
     290   224.890   224.931 
     300   224.818   224.940 
     310   224.878   224.946 
     320   224.880   224.943 
     330   224.883   224.937 
     340   224.877   224.934 
     350   224.883   224.939 
     360   224.880   224.935 
     370   224.908   224.924 
     380   224.880   224.938 
     390   224.862   224.934 
     400   224.884   224.937 
     410   224.881   224.936 
     420   224.884   224.935 
     430   224.880   224.939 
     440   224.879   224.938 
     450   224.877   224.933 
     460   224.880   224.938 
     470   224.869   224.943 
     480   224.881   224.939 
     490   224.877   224.908 
     500   224.879   224.924 
     510   224.874   224.940 
     520   224.882   224.941 
     530   224.881   224.943 
     540   224.878   224.943 
     550   224.853   224.975 
     560   224.879   224.941 
     570   224.859   224.935 
     580   224.881   224.943 
     590   224.881   224.942 
     600   224.879   224.943 
     610   224.881   224.943 
     620   224.874   224.934 
     630   224.882   224.945 
     640   224.900   224.944 
     650   224.824   224.943 
     660   224.881   224.946 
     670   224.882   224.941 
     680   224.883   224.944 
     690   224.883   224.944 
     700   224.885   224.939 
     710   224.881   224.945 
     720   224.881   224.945 
     730   224.882   224.945 
     740   224.882   224.944 
     750   224.884   224.890 
     760   224.874   224.946 
     770   224.882   224.946 
     780   224.881   224.949 
     790   224.876   224.963 
     800   224.906   224.837 
     810   224.881   224.946 
     820   224.882   224.947 
     830   224.882   224.947 
     840   224.880   224.925 
     850   224.883   224.950 
     860   224.877   224.947 
     870   224.883   224.947 
     880   224.881   224.948 
     890   224.885   224.947 
     900   224.875   224.947 
     910   224.883   224.947 
     920   224.887   224.939 
     930   224.884   224.949 
     940   224.880   224.948 
     950   224.887   224.945 
     960   224.882   224.946 
     970   224.882   224.947 
     980   224.884   224.949 
     990   224.891   224.948 
    1000   224.920   224.928 
    1010   224.883   224.949 
    1020   224.895   224.950 
    1030   224.883   224.949 
    1040   224.885   224.949 
    1050   224.891   224.945 
    1060   224.883   224.949 
    1070   224.878   224.952 
    1080   224.883   224.949 
    1090   224.883   224.947 
    1100   224.883   224.910 
    1110   224.891   224.949 
    1120   224.880   224.950 
    1130   224.884   224.949 
    1140   224.883   224.948 
    1150   224.883   224.945 
    1160   224.871   224.949 
    1170   224.882   224.950 
    1180   224.883   224.949 
    1190   224.883   224.954 
    1200   224.883   224.962 
    1210   224.881   224.950 
    1220   224.882   224.950 
    1230   224.884   224.952 
    1240   224.884   224.950 
    1250   224.881   224.955 
    1260   224.883   224.950 
    1270   224.890   224.953 
    1280   224.883   224.950 
    1290   224.883   224.947 
    1300   224.885   224.991 
    1310   224.881   224.951 
    1320   224.883   224.952 
    1330   224.884   224.950 
    1340   224.889   224.947 
    1350   224.771   225.080 
    1360   224.883   224.951 
    1370   224.872   224.948 
    1380   224.884   224.952 
    1390   224.883   224.951 
    1400   224.885   224.946 
    1410   224.885   224.952 
    1420   224.884   224.952 
    1430   224.884   224.953 
    1440   224.884   224.952 
    1450   224.885   224.950 
    1460   224.884   224.952 
    1470   224.885   224.953 
    1480   224.884   224.952 
    1490   224.887   224.952 
    1500   225.046   224.928 
    1510   224.884   224.953 
    1520   224.885   224.953 
    1530   224.885   224.954 
    1540   224.884   224.952 
    1550   224.810   224.951 
    1560   224.884   224.941 
    1570   224.884   224.952 
    1580   224.884   224.954 
    1590   224.884   224.952 
    1600   224.884   224.948 
    1610   224.879   224.953 
    1620   224.885   224.953 
    1630   224.886   224.953 
    1640   224.885   224.953 
    1650   224.885   224.918 
    1660   224.883   224.953 
    1670   224.885   224.953 
    1680   224.886   224.953 
    1690   224.885   224.954 
    1700   224.885   224.892 
    1710   224.885   224.953 
    1720   224.885   224.953 
    1730   224.886   224.953 
    1740   224.885   224.949 
    1750   224.885   224.946 
    1760   224.887   224.953 
    1770   224.885   224.953 
    1780   224.885   224.955 
    1790   224.884   224.947 
    1800   224.887   224.981 
    1810   224.885   224.953 
    1820   224.883   224.953 
    1830   224.886   224.957 
    1840   224.885   224.953 
    1850   224.892   224.952 
    1860   224.885   224.953 
    1870   224.885   224.953 
    1880   243.226   134.122 
    1890   224.885   224.953 
    1900   225.111   225.012 
    1910   224.886   224.954 
    1920   224.889   224.955 
    1930   224.885   224.954 
    1940   224.885   224.954 
    1950   224.887   224.959 
    1960   224.888   224.957 
    1970   224.890   224.953 
    1980   224.888   224.956 
    1990   224.886   224.957 
    2000   224.822   224.967 
    2010   224.887   224.956 
    2020   224.887   224.956 
    2030   224.887   224.957 
    2040   224.887   224.956 
    2050   224.792   224.954 
    2060   224.887   224.956 
    2070   224.887   224.956 
    2080   224.887   224.956 
    2090   224.887   224.956 
    2100   224.896   224.956 
    2110   224.887   224.956 
    2120   224.887   224.956 
    2130   224.887   224.955 
    2140   224.886   224.956 
    2150   224.887   224.914 
    2160   224.887   224.956 
    2170   224.887   224.956 
    2180   224.886   224.956 
    2190   224.887   224.956 
    2200   224.870   225.030 
    2210   224.887   224.955 
    2220   224.887   224.956 
    2230   224.887   224.956 
    2240   224.887   224.956 
    2250   224.943   224.956 
    2260   224.887   224.956 
    2270   224.887   224.956 
    2280   224.887   224.956 
    2290   224.887   224.956 
    2300   224.962   224.956 
    2310   224.887   224.956 
    2320   224.887   224.957 
    2330   224.887   224.955 
    2340   224.887   224.956 
    2350   224.892   225.028 
    2360   224.887   224.956 
    2370   224.887   224.956 
    2380   224.887   224.954 
    2390   224.887   224.956 
    2400   224.970   224.956 
    2410   224.887   224.956 
    2420   224.887   224.955 
    2430   224.887   224.955 
    2440   224.887   224.956 
    2450   224.896   224.957 
    2460   224.887   224.956 
    2470   224.887   224.956 
    2480   224.887   224.955 
    2490   224.887   224.956 
    2500   224.889   224.960 
    2510   224.888   224.956 
    2520   224.887   224.956 
    2530   224.891   224.961 
    2540   224.887   224.956 
    2550   224.886   224.957 
    2560   224.888   224.952 
    2570   224.887   224.956 
    2580   224.887   224.956 
    2590   224.887   224.956 
    2600   224.901   224.956 
    2610   224.887   224.956 
    2620   224.887   224.956 
    2630   225.669   305.608 
    2640   224.887   224.956 
    2650   224.870   224.955 
    2660   224.887   224.952 
    2670   224.887   224.955 
    2680   224.887   224.957 
    2690   224.888   224.956 
    2700   224.961   224.957 
    2710   224.887   224.956 
    2720   224.887   224.956 
    2730   315.684   168.879 
    2740   224.887   224.956 
    2750   224.921   225.051 
    2760   224.887   224.954 
    2770   224.887   224.956 
    2780   224.887   224.956 
    2790   224.888   224.956 
    2800   224.996   224.956 
    2810   224.887   224.956 
    2820   224.887   224.956 
    2830   224.888   224.957 
    2840   224.887   224.956 
    2850   224.889   224.984 
    2860   224.888   224.956 
    2870   224.887   224.956 
    2880   224.887   224.956 
    2890   224.888   224.956 
    2900   224.887   224.959 
    2910   224.888   224.956 
    2920   224.888   224.956 
    2930   224.889   224.951 
    2940   224.888   224.956 
    2950   224.890   224.961 
    2960   224.888   224.956 
    2970   224.888   224.956 
    2980   224.888   224.956 
    2990   224.888   224.955 
    3000   224.887   224.968 
    3010   224.887   224.956 
    3020   224.888   224.956 
    3030   224.888   224.956 
    3040   224.888   224.956 
    3050   224.887   224.932 
    3060   224.888   224.956 
    3070   224.888   224.956 
    3080   315.431   225.622 
    3090   224.888   224.956 
    3100   224.881   224.960 
    3110   224.887   224.956 
    3120   224.888   224.956 
    3130   224.888   224.957 
    3140   224.888   224.956 
    3150   224.888   224.954 
    3160   224.888   224.956 
    3170   224.888   224.956 
    3180   224.887   224.956 
    3190   224.888   224.956 
    3200   224.882   224.905 
    3210   224.887   224.956 
    3220   224.888   224.956 
    3230   135.180   222.940 
    3240   224.888   224.956 
    3250   224.887   224.991 
    3260   224.888   224.956 
    3270   224.888   224.956 
    3280   140.232   212.823 
    3290   224.888   224.956 
    3300   224.906   224.859 
    3310   224.888   224.955 
    3320   224.888   224.956 
    3330   224.888   224.957 
    3340   224.888   224.956 
    3350   224.876   224.956 
    3360   224.888   224.954 
    3370   224.888   224.956 
    3380   224.888   224.956 
    3390   224.888   224.956 
    3400   224.887   224.955 
    3410   224.888   224.956 
    3420   224.888   224.955 
    3430   224.886   224.957 
    3440   224.888   224.956 
    3450   224.896   224.980 
    3460   224.889   224.956 
    3470   224.888   224.956 
    3480   306.581   293.081 
    3490   224.888   224.956 
    3500   224.885   224.961 
    3510   224.888   224.956 
    3520   224.888   224.956 
    3530   224.888   224.955 
    3540   224.888   224.956 
    3550   224.882   224.954 
    3560   224.888   224.956 
    3570   224.888   224.956 
    3580   224.888   224.957 
    3590   224.888   224.955 
    3600   224.889   224.954 
    3610   224.895   224.956 
    3620   224.888   224.956 
    3630   224.886   224.956 
    3640   224.888   224.956 
    3650   224.888   224.962 
    3660   224.888   224.956 
    3670   224.888   224.956 
    3680   226.444   134.230 
    3690   224.888   224.956 
    3700   224.897   224.952 
    3710   224.888   224.956 
    3720   224.888   224.956 
    3730   224.887   224.958 
    3740   224.888   224.956 
    3750   224.883   224.962 
    3760   224.888   224.956 
    3770   224.888   224.956 
    3780   235.264   120.572 
    3790   224.888   224.956 
    3800   224.876   224.958 
    3810   224.888   224.956 
    3820   224.888   224.956 
    3830   224.887   224.959 
    3840   224.888   224.956 
    3850   224.834   224.940 
    3860   224.888   224.956 
    3870   224.888   224.956 
    3880   224.888   224.957 
    3890   224.889   224.956 
    3900   224.876   224.970 
    3910   224.888   224.955 
    3920   224.888   224.956 
    3930   224.888   224.956 
    3940   224.888   224.956 
    3950   224.894   224.956 
    3960   224.888   224.960 
    3970   224.888   224.956 
    3980   224.888   224.962 
    3990   224.888   224.956 
    4000   224.879   224.956 
    4010   224.888   224.956 
    4020   224.888   224.956 
    4030   224.884   224.955 
    4040   224.887   224.956 
    4050   224.885   224.955 
    4060   224.888   224.956 
    4070   224.888   224.956 
    4080   224.887   224.955 
    4090   224.888   224.956 
    4100   224.928   224.964 
    4110   224.888   224.956 
    4120   224.888   224.956 
    4130   224.887   224.957 
    4140   224.889   224.955 
    4150   224.893   224.982 
    4160   224.889   224.956 
    4170   224.888   224.956 
    4180   224.888   224.956 
    4190   224.888   224.956 
    4200   224.881   224.956 
    4210   224.888   224.955 
    4220   224.888   224.956 
    4230   224.888   224.955 
    4240   224.888   224.956 
    4250   224.870   224.851 
    4260   224.888   224.955 
    4270   224.888   224.956 
    4280   224.888   224.956 
    4290   224.888   224.956 
    4300   224.868   224.948 
    4310   224.888   224.956 
    4320   224.888   224.955 
    4330   149.353   290.848 
    4340   224.888   224.956 
    4350   224.884   224.949 
    4360   224.888   224.956 
    4370   224.888   224.956 
    4380   224.888   224.956 
    4390   224.888   224.956 
    4400   224.887   224.955 
    4410   224.889   224.955 
    4420   224.889   224.955 
    4430   224.888   224.956 
    4440   224.888   224.956 
    4450   224.874   225.017 
    4460   224.888   224.956 
    4470   224.888   224.956 
    4480   224.879   224.937 
    4490   224.888   224.955 
    4500   224.892   224.951 
    4510   224.888   224.956 
    4520   224.888   224.956 
    4530   224.889   224.956 
    4540   224.888   224.956 
    4550   224.894   224.949 
    4560   224.888   224.955 
    4570   224.888   224.956 
    4580   224.888   224.956 
    4590   224.888   224.956 
    4600   224.910   224.954 
    4610   224.888   224.954 
    4620   224.888   224.956 
    4630   224.891   224.958 
    4640   224.888   224.956 
    4650   224.879   224.972 
    4660   224.888   224.955 
    4670   224.888   224.956 
    4680   224.888   224.956 
    4690   224.888   224.956 
    4700   224.892   224.946 
    4710   224.889   224.956 
    4720   224.888   224.956 
    4730   224.887   224.955 
    4740   224.888   224.956 
    4750   224.887   224.958 
    4760   224.889   224.953 
    4770   224.888   224.956 
    4780   224.888   224.956 
    4790   224.888   224.956 
    4800   224.887   224.958 
    4810   224.888   224.944 
    4820   224.888   224.956 
    4830   188.796   323.436 
    4840   224.888   224.956 
    4850   224.891   224.955 
    4860   224.888   224.955 
    4870   224.888   224.956 
    4880   241.183   295.632 
    4890   224.888   224.956 
    4900   224.879   224.958 
    4910   224.888   224.956 
    4920   224.888   224.955 
    4930   224.886   224.957 
    4940   224.888   224.956 
    4950   224.891   224.965 
    4960   224.888   224.956 
    4970   224.888   224.956 
    4980   224.888   224.953 
    4990   224.889   224.956 
    5000   224.892   224.955 
    5010   224.888   224.955 
    5020   224.888   224.956 
    5030   224.887   224.956 
    5040   224.889   224.956 
    5050   224.889   224.955 
    5060   224.888   224.956 
    5070   224.888   224.956 
    5080   224.890   224.955 
    5090   224.888   224.956 
    5100   224.890   224.960 
    5110   224.888   224.956 
    5120   224.888   224.956 
    5130   224.889   224.956 
    5140   224.888   224.956 
    5150   224.894   224.955 
    5160   224.888   224.955 
    5170   224.888   224.955 
    5180   224.889   224.956 
    5190   224.888   224.955 
    5200   224.891   224.900 
    5210   224.889   224.955 
    5220   224.888   224.956 
    5230   224.888   224.956 
    5240   224.888   224.956 
    5250   224.905   224.964 
    5260   224.888   224.955 
    5270   224.889   224.955 
    5280   224.887   224.956 
    5290   224.888   224.956 
    5300   224.884   224.935 
    5310   224.887   224.956 
    5320   224.888   224.955 
    5330   224.888   224.956 
    5340   224.888   224.956 
    5350   224.892   224.954 
    5360   224.888   224.956 
    5370   224.888   224.956 
    5380   224.892   224.953 
    5390   224.888   224.955 
    5400   224.891   225.029 
    5410   224.888   224.956 
    5420   224.888   224.956 
    5430   224.897   224.978 
    5440   224.888   224.955 
    5450   224.882   224.956 
    5460   224.888   224.956 
    5470   224.888   224.955 
    5480   224.891   224.953 
    5490   224.889   224.956 
    5500   224.879   224.958 
    5510   224.888   224.956 
    5520   224.888   224.956 
    5530   224.888   224.957 
    5540   224.888   224.955 
    5550   224.888   224.938 
    5560   224.888   224.955 
    5570   224.888   224.955 
    5580   224.888   224.956 
    5590   224.888   224.955 
    5600   224.887   224.957 
    5610   224.889   224.952 
    5620   224.888   224.955 
    5630   224.888   224.956 
    5640   224.888   224.955 
    5650   224.886   224.956 
    5660   224.889   224.956 
    5670   224.889   224.957 
    5680   247.777   118.487 
    5690   224.888   224.955 
    5700   224.888   224.866 
    5710   224.888   224.959 
    5720   224.888   224.955 
    5730   224.888   224.956 
    5740   224.888   224.955 
    5750   224.883   224.955 
    5760   224.888   224.955 
    5770   224.888   224.956 
    5780   224.888   224.956 
    5790   224.888   224.955 
    5800   224.889   224.946 
    5810   224.888   224.955 
    5820   224.888   224.955 
    5830   224.887   224.956 
    5840   224.888   224.956 
    5850   224.888   224.955 
    5860   224.888   224.955 
    5870   224.888   224.956 
    5880   224.888   224.956 
    5890   224.888   224.955 
    5900   224.883   224.955 
    5910   224.888   224.956 
    5920   224.888   224.956 
    5930   224.888   224.956 
    5940   224.888   224.955 
    5950   224.885   224.963 
    5960   224.888   224.956 
    5970   224.888   224.955 
    5980   224.889   224.956 
    5990   224.888   224.955 
    6000   224.888   224.959 
    6010   224.888   224.955 
    6020   224.888   224.956 
    6030   224.888   224.956 
    6040   224.888   224.955 
    6050   224.890   224.956 
    6060   224.888   224.955 
    6070   224.888   224.955 
    6080   224.889   224.956 
    6090   224.888   224.955 
    6100   224.891   224.956 
    6110   224.888   224.956 
    6120   224.888   224.955 
    6130   224.890   224.955 
    6140   224.889   224.955 
    6150   224.884   224.896 
    6160   224.888   224.955 
    6170   224.888   224.955 
    6180   224.888   224.953 
    6190   224.888   224.955 
    6200   224.887   224.965 
    6210   224.888   224.955 
    6220   224.888   224.955 
    6230   224.886   224.958 
    6240   224.889   224.956 
    6250   224.892   224.955 
    6260   224.888   224.955 
    6270   224.888   224.956 
    6280   224.888   224.955 
    6290   224.889   224.955 
    6300   224.888   224.965 
    6310   224.889   224.955 
    6320   224.888   224.955 
    6330   224.888   224.956 
    6340   224.888   224.956 
    6350   224.941   224.972 
    6360   224.889   224.956 
    6370   224.889   224.956 
    6380   224.890   224.955 
    6390   224.888   224.955 
    6400   224.888   224.952 
    6410   224.888   224.955 
    6420   224.888   224.955 
    6430   224.887   224.952 
    6440   224.888   224.955 
    6450   224.917   224.978 
    6460   224.889   224.955 
    6470   224.888   224.954 
    6480   224.890   224.958 
    6490   224.888   224.955 
    6500   224.882   224.958 
    6510   224.888   224.955 
    6520   224.888   224.955 
    6530   224.885   224.950 
    6540   224.888   224.956 
    6550   224.886   224.954 
    6560   224.888   224.955 
    6570   224.888   224.955 
    6580   224.889   224.955 
    6590   224.888   224.955 
    6600   224.895   225.050 
    6610   224.888   224.955 
    6620   224.888   224.955 
    6630   224.886   224.955 
    6640   224.888   224.955 
    6650   224.887   225.001 
    6660   224.888   224.955 
    6670   224.888   224.955 
    6680   224.887   224.955 
    6690   224.888   224.955 
    6700   224.892   224.945 
    6710   224.889   224.956 
    6720   224.888   224.955 
    6730   224.888   224.956 
    6740   224.888   224.955 
    6750   224.887   224.957 
    6760   224.888   224.956 
    6770   224.889   224.955 
    6780   224.888   224.955 
    6790   224.889   224.955 
    6800   224.888   224.932 
    6810   224.888   224.955 
    6820   224.888   224.955 
    6830   224.888   224.955 
    6840   224.889   224.955 
    6850   224.877   224.942 
    6860   224.888   224.956 
    6870   224.888   224.955 
    6880   224.895   224.952 
    6890   224.888   224.955 
    6900   224.888   224.952 
    6910   224.888   224.955 
    6920   224.888   224.955 
    6930   224.888   224.957 
    6940   224.888   224.955 
    6950   224.895   224.956 
    6960   224.888   224.956 
    6970   224.888   224.955 
    6980   224.888   224.956 
    6990   224.888   224.955 
    7000   224.889   224.961 
    7010   224.888   224.955 
    7020   224.888   224.955 
    7030    97.343   239.271 
    7040   224.888   224.955 
    7050   224.888   224.952 
    7060   224.888   224.955 
    7070   224.888   224.955 
    7080   224.888   224.956 
    7090   224.888   224.955 
    7100   224.879   224.874 
    7110   224.888   224.955 
    7120   224.888   224.955 
    7130   224.889   224.957 
    7140   224.889   224.956 
    7150   224.906   224.888 
    7160   224.888   224.955 
    7170   224.888   224.955 
    7180   224.888   224.956 
    7190   224.889   224.955 
    7200   224.886   224.950 
    7210   224.889   224.956 
    7220   224.889   224.955 
    7230   224.889   224.954 
    7240   224.888   224.955 
    7250   224.885   224.960 
    7260   224.888   224.956 
    7270   224.889   224.955 
    7280   224.888   224.955 
    7290   224.888   224.955 
    7300   224.894   224.908 
    7310   224.888   224.955 
    7320   224.888   224.955 
    7330   224.889   224.953 
    7340   224.889   224.955 
    7350   224.890   224.967 
    7360   224.888   224.955 
    7370   224.888   224.955 
    7380   224.890   224.956 
    7390   224.888   224.955 
    7400   224.889   224.956 
    7410   224.888   224.956 
    7420   224.888   224.956 
    7430   224.889   224.955 
    7440   224.889   224.955 
    7450   224.876   224.949 
    7460   224.889   224.955 
    7470   224.889   224.955 
    7480   224.888   224.957 
    7490   224.889   224.955 
    7500   224.876   224.883 
    7510   224.888   224.955 
    7520   224.889   224.955 
    7530   224.889   224.955 
    7540   224.889   224.955 
    7550   224.890   224.962 
    7560   224.889   224.955 
    7570   224.888   224.955 
    7580   224.888   224.956 
    7590   224.888   224.955 
    7600   224.893   224.955 
    7610   224.888   224.956 
    7620   224.888   224.955 
    7630   224.889   224.958 
    7640   224.888   224.955 
    7650   224.888   224.965 
    7660   224.889   224.955 
    7670   224.888   224.955 
    7680   137.844   245.870 
    7690   224.888   224.955 
    7700   224.889   224.962 
    7710   224.889   224.956 
    7720   224.888   224.955 
    7730   224.888   224.955 
    7740   224.888   224.956 
    7750   224.883   224.954 
    7760   224.889   224.955 
    7770   224.888   224.955 
    7780   224.888   224.955 
    7790   224.889   224.956 
    7800   224.848   224.955 
    7810   224.888   224.955 
    7820   224.888   224.954 
    7830   224.889   224.955 
    7840   224.888   224.956 
    7850   224.885   224.962 
    7860   224.889   224.952 
    7870   224.889   224.955 
    7880   224.889   224.956 
    7890   224.888   224.955 
    7900   224.887   224.953 
    7910   224.889   224.955 
    7920   224.889   224.955 
    7930   224.888   224.956 
    7940   224.888   224.955 
    7950   224.892   224.962 
    7960   224.889   224.955 
    7970   224.888   224.955 
    7980   224.887   224.952 
    7990   224.888   224.955 
    8000   224.879   224.966 
    8010   224.888   224.955 
    8020   224.888   224.955 
    8030   224.888   224.955 
    8040   224.888   224.955 
    8050   224.889   224.956 
    8060   224.888   224.955 
    8070   224.888   224.955 
    8080   224.888   224.956 
    8090   224.889   224.955 
    8100   224.889   224.948 
    8110   224.888   224.955 
    8120   224.888   224.955 
    8130   224.888   224.956 
    8140   224.889   224.955 
    8150   224.889   224.959 
    8160   224.888   224.954 
    8170   224.889   224.955 
    8180   233.255   319.578 
    8190   224.888   224.955 
    8200   224.874   224.957 
    8210   224.889   224.956 
    8220   224.888   224.955 
    8230   224.889   224.959 
    8240   224.888   224.955 
    8250   224.892   224.952 
    8260   224.889   224.955 
    8270   224.888   224.955 
    8280   224.887   224.955 
    8290   224.889   224.955 
    8300   224.886   224.964 
    8310   224.888   224.955 
    8320   224.888   224.955 
    8330   224.889   224.956 
    8340   224.889   224.955 
    8350   224.887   224.961 
    8360   224.888   224.955 
    8370   224.889   224.955 
    8380   224.888   224.956 
    8390   224.889   224.955 
    8400   224.890   224.955 
    8410   224.888   224.955 
    8420   224.888   224.955 
    8430   224.888   224.958 
    8440   224.888   224.955 
    8450   224.889   224.961 
    8460   224.888   224.956 
    8470   224.888   224.955 
    8480   224.887   224.958 
    8490   224.889   224.955 
    8500   224.884   224.964 
    8510   224.888   224.955 
    8520   224.888   224.955 
    8530   224.889   224.957 
    8540   224.889   224.955 
    8550   224.881   225.030 
    8560   224.889   224.955 
    8570   224.888   224.955 
    8580   224.888   224.955 
    8590   224.889   224.956 
    8600   224.893   224.920 
    8610   224.888   224.955 
    8620   224.889   224.955 
    8630   224.886   224.959 
    8640   224.889   224.955 
    8650   224.894   224.961 
    8660   224.888   224.956 
    8670   224.888   224.955 
    8680   224.888   224.956 
    8690   224.888   224.955 
    8700   224.889   224.879 
    8710   224.888   224.955 
    8720   224.889   224.955 
    8730   224.888   224.954 
    8740   224.888   224.955 
    8750   224.884   224.948 
    8760   224.888   224.955 
    8770   224.888   224.955 
    8780   224.888   224.955 
    8790   224.889   224.955 
    8800   224.888   224.958 
    8810   224.888   224.955 
    8820   224.889   224.955 
    8830   224.889   224.957 
    8840   224.889   224.955 
    8850   224.885   224.956 
    8860   224.888   224.955 
    8870   224.888   224.954 
    8880   224.890   224.957 
    8890   224.889   224.955 
    8900   224.839   224.906 
    8910   224.889   224.955 
    8920   224.888   224.955 
    8930   224.888   224.956 
    8940   224.889   224.955 
    8950   224.890   224.996 
    8960   224.889   224.955 
    8970   224.889   224.955 
    8980   224.889   224.955 
    8990   224.889   224.955 
    9000   224.880   224.877 
    9010   224.889   224.955 
    9020   224.888   224.955 
    9030   224.887   224.955 
    9040   224.888   224.956 
    9050   224.900   224.957 
    9060   224.889   224.955 
    9070   224.888   224.955 
    9080   224.889   224.955 
    9090   224.888   224.955 
    9100   224.880   224.948 
    9110   224.889   224.955 
    9120   224.888   224.955 
    9130   224.890   224.955 
    9140   224.889   224.955 
    9150   224.892   225.030 
    9160   224.888   224.955 
    9170   224.889   224.955 
    9180   224.896   224.949 
    9190   224.889   224.956 
    9200   224.890   224.955 
    9210   224.888   224.955 
    9220   224.889   224.955 
    9230   224.889   224.956 
    9240   224.888   224.955 
    9250   224.921   224.930 
    9260   224.888   224.955 
    9270   224.889   224.955 
    9280   224.889   224.956 
    9290   224.889   224.955 
    9300   224.889   224.956 
    9310   224.889   224.954 
    9320   224.889   224.955 
    9330   224.888   224.956 
    9340   224.889   224.955 
    9350   224.886   224.955 
    9360   224.888   224.955 
    9370   224.889   224.955 
    9380   304.938   215.823 
    9390   224.889   224.955 
    9400   224.889   224.951 
    9410   224.888   224.955 
    9420   224.889   224.955 
    9430   224.887   224.957 
    9440   224.888   224.955 
    9450   224.889   224.955 
    9460   224.889   224.955 
    9470   224.889   224.956 
    9480   224.888   224.954 
    9490   224.889   224.955 
    9500   224.886   224.958 
    9510   224.888   224.955 
    9520   224.888   224.955 
    9530   224.887   224.955 
    9540   224.889   224.955 
    9550   224.891   224.946 
    9560   224.889   224.953 
    9570   224.889   224.955 
    9580   224.889   224.956 
    9590   224.889   224.955 
    9600   224.887   224.945 
    9610   224.889   224.955 
    9620   224.889   224.955 
    9630   224.889   224.955 
    9640   224.888   224.955 
    9650   224.893   224.977 
    9660   224.888   224.955 
    9670   224.889   224.955 
    9680   224.888   224.954 
    9690   224.888   224.955 
    9700   224.880   224.962 
    9710   224.889   224.955 
    9720   224.889   224.955 
    9730   224.888   224.957 
    9740   224.889   224.955 
    9750   224.900   224.960 
    9760   224.889   224.955 
    9770   224.889   224.955 
    9780   224.889   224.956 
    9790   224.889   224.955 
    9800   224.887   224.955 
    9810   224.888   224.955 
    9820   224.889   224.955 
    9830   224.889   224.956 
    9840   224.888   224.955 
    9850   224.890   224.957 
    9860   224.888   224.955 
    9870   224.889   224.955 
    9880   258.644   309.349 
    9890   224.889   224.955 
    9900   224.890   224.955 
    9910   224.888   224.955 
    9920   224.889   224.955 
    9930   224.889   224.956 
    9940   224.888   224.955 
    9950   224.889   224.944 
    9960   224.888   224.955 
    9970   224.888   224.955 
    9980   224.889   224.956 
    9990   224.889   224.955 
   10000   224.889   224.955 
