       0   164.935   164.961 
      10   169.662   169.845 
      20   169.866   169.910 
      30   169.808   169.876 
      40   169.824   169.884 
      50   169.778   169.888 
      60   169.886   169.905 
      70   169.910   169.921 
      80   169.899   169.915 
      90   169.901   169.923 
     100   169.896   169.917 
     110   169.884   169.915 
     120   169.902   169.923 
     130   169.900   169.924 
     140   169.896   169.925 
     150   169.891   169.934 
     160   169.893   169.923 
     170   169.900   169.927 
     180   169.900   169.927 
     190   169.897   169.928 
     200   169.899   169.924 
     210   169.898   169.927 
     220   169.901   169.928 
     230   169.909   169.927 
     240   169.899   169.929 
     250   169.898   169.931 
     260   169.898   169.929 
     270   169.898   169.929 
     280   169.905   169.931 
     290   169.900   169.932 
     300   169.891   169.965 
     310   169.898   169.929 
     320   169.903   169.932 
     330   169.905   169.932 
     340   169.901   169.930 
     350   169.907   169.894 
     360   169.902   169.930 
     370   169.904   169.932 
     380   169.905   169.932 
     390   169.901   169.930 
     400   169.895   169.913 
     410   169.901   169.932 
     420   169.902   169.933 
     430   169.905   169.934 
     440   169.901   169.926 
     450   169.913   169.947 
     460   169.904   169.932 
     470   169.905   169.933 
     480   169.905   169.933 
     490   169.894   169.926 
     500   169.894   169.925 
     510   169.903   169.934 
     520   169.905   169.934 
     530   169.905   169.933 
     540   169.917   169.941 
     550   169.830   169.899 
     560   169.904   169.935 
     570   169.907   169.932 
     580   169.904   169.935 
     590   169.902   169.938 
     600   169.920   169.900 
     610   169.909   169.936 
     620   169.901   169.934 
     630   169.906   169.936 
     640   169.904   169.935 
     650   169.906   169.931 
     660   169.905   169.936 
     670   169.926   169.943 
     680   169.906   169.936 
     690   169.905   169.936 
     700   169.892   169.973 
     710   169.907   169.936 
     720   169.905   169.936 
     730   169.906   169.936 
     740   169.905   169.938 
     750   169.883   170.035 
     760   169.906   169.937 
     770   169.905   169.936 
     780   169.906   169.936 
     790   169.905   169.936 
     800   169.883   169.940 
     810   169.908   169.954 
     820   169.905   169.927 
     830   169.906   169.937 
     840   169.906   169.937 
     850   169.939   169.933 
     860   169.904   169.925 
     870   169.906   169.941 
     880   169.906   169.935 
     890   169.905   169.935 
     900   169.874   169.884 
     910   169.905   169.935 
     920   169.907   169.938 
     930   209.648   235.443 
     940   169.907   169.938 
     950   169.960   169.905 
     960   169.906   169.938 
     970   169.907   169.938 
     980   169.906   169.938 
     990   169.903   169.940 
    1000   169.909   169.937 
    1010   169.907   169.938 
    1020   169.907   169.938 
    1030   169.908   169.938 
    1040   169.903   169.940 
    1050   169.902   169.940 
    1060   169.907   169.938 
    1070   169.907   169.938 
    1080   169.908   169.939 
    1090   169.907   169.938 
    1100   169.900   169.940 
    1110   169.908   169.938 
    1120   169.908   169.938 
    1130   169.908   169.938 
    1140   169.909   169.939 
    1150   169.855   169.936 
    1160   169.909   169.947 
    1170   169.908   169.939 
    1180   169.907   169.938 
    1190   169.908   169.939 
    1200   169.861   169.900 
    1210   169.908   169.939 
    1220   169.908   169.939 
    1230   169.909   169.939 
    1240   169.909   169.940 
    1250   169.891   169.924 
    1260   169.908   169.939 
    1270   169.909   169.939 
    1280   169.909   169.939 
    1290   169.909   169.939 
    1300   169.846   169.896 
    1310   169.909   169.939 
    1320   169.909   169.939 
    1330   169.908   169.939 
    1340   169.908   169.940 
    1350   169.904   169.943 
    1360   169.909   169.939 
    1370   169.909   169.939 
    1380   169.909   169.939 
    1390   169.912   169.937 
    1400   169.915   169.939 
    1410   169.909   169.939 
    1420   169.909   169.941 
    1430   100.950   138.937 
    1440   169.909   169.939 
    1450   169.911   169.933 
    1460   169.911   169.940 
    1470   169.909   169.939 
    1480   169.910   169.939 
    1490   169.909   169.940 
    1500   169.926   169.890 
    1510   169.909   169.939 
    1520   169.909   169.939 
    1530   169.909   169.939 
    1540   169.909   169.940 
    1550   169.952   170.008 
    1560   169.909   169.939 
    1570   169.909   169.939 
    1580   169.909   169.940 
    1590   169.909   169.939 
    1600   169.930   169.936 
    1610   169.907   169.936 
    1620   169.909   169.939 
    1630   169.909   169.939 
    1640   169.909   169.939 
    1650   169.914   169.980 
    1660   169.909   169.939 
    1670   169.909   169.939 
    1680   169.909   169.939 
    1690   169.909   169.938 
    1700   169.942   170.090 
    1710   169.909   169.939 
    1720   169.909   169.939 
    1730   169.909   169.939 
    1740   169.909   169.940 
    1750   169.910   169.949 
    1760   169.909   169.940 
    1770   169.909   169.939 
    1780   169.909   169.940 
    1790   169.909   169.939 
    1800   169.903   169.929 
    1810   169.909   169.939 
    1820   169.909   169.940 
    1830   169.910   169.940 
    1840   169.910   169.940 
    1850   169.948   169.982 
    1860   169.909   169.939 
    1870   169.909   169.940 
    1880   169.910   169.938 
    1890   169.909   169.939 
    1900   169.903   169.937 
    1910   169.909   169.939 
    1920   169.910   169.940 
    1930   169.909   169.940 
    1940   169.909   169.940 
    1950   169.900   169.939 
    1960   169.909   169.940 
    1970   169.909   169.939 
    1980   169.910   169.937 
    1990   169.910   169.940 
    2000   169.937   169.932 
    2010   169.910   169.939 
    2020   169.909   169.939 
    2030   169.909   169.939 
    2040   169.910   169.940 
    2050   169.935   169.950 
    2060   169.910   169.940 
    2070   169.910   169.940 
    2080   169.909   169.939 
    2090   169.909   169.940 
    2100   169.871   169.971 
    2110   169.910   169.940 
    2120   169.910   169.940 
    2130   169.908   169.940 
    2140   169.909   169.940 
    2150   169.909   169.931 
    2160   169.910   169.940 
    2170   169.910   169.940 
    2180   169.908   169.940 
    2190   169.910   169.940 
    2200   169.910   169.936 
    2210   169.910   169.940 
    2220   169.910   169.940 
    2230   169.910   169.939 
    2240   169.910   169.939 
    2250   169.912   169.947 
    2260   169.910   169.940 
    2270   169.910   169.940 
    2280   169.910   169.939 
    2290   169.910   169.939 
    2300   169.891   169.878 
    2310   169.910   169.939 
    2320   169.910   169.940 
    2330   169.910   169.939 
    2340   169.910   169.940 
    2350   169.861   169.958 
    2360   169.910   169.940 
    2370   169.910   169.940 
    2380   169.910   169.939 
    2390   169.910   169.940 
    2400   169.957   169.917 
    2410   169.910   169.939 
    2420   169.910   169.939 
    2430   169.909   169.938 
    2440   169.910   169.939 
    2450   169.833   169.885 
    2460   169.910   169.939 
    2470   169.910   169.940 
    2480   285.063   145.977 
    2490   169.910   169.940 
    2500   169.909   169.934 
    2510   169.910   169.939 
    2520   169.910   169.940 
    2530   169.910   169.939 
    2540   169.910   169.940 
    2550   169.920   169.939 
    2560   169.910   169.940 
    2570   169.910   169.940 
    2580   169.910   169.940 
    2590   169.910   169.939 
    2600   169.904   169.938 
    2610   169.910   169.940 
    2620   169.910   169.940 
    2630   169.910   169.939 
    2640   169.910   169.939 
    2650   170.005   169.950 
    2660   169.910   169.940 
    2670   169.910   169.940 
    2680   169.910   169.940 
    2690   169.910   169.939 
    2700   169.907   169.949 
    2710   169.910   169.940 
    2720   169.910   169.940 
    2730   107.027   149.786 
    2740   169.910   169.940 
    2750   169.916   169.929 
    2760   169.910   169.940 
    2770   169.910   169.939 
    2780   169.910   169.939 
    2790   169.910   169.940 
    2800   169.909   169.939 
    2810   169.910   169.939 
    2820   169.910   169.939 
    2830   169.910   169.940 
    2840   169.910   169.940 
    2850   169.915   169.950 
    2860   169.910   169.939 
    2870   169.910   169.939 
    2880   169.910   169.940 
    2890   169.910   169.940 
    2900   169.910   169.945 
    2910   169.910   169.940 
    2920   169.910   169.940 
    2930   169.910   169.939 
    2940   169.910   169.940 
    2950   169.915   169.890 
    2960   169.910   169.939 
    2970   169.910   169.940 
    2980   269.969   171.521 
    2990   169.910   169.940 
    3000   169.910   169.969 
    3010   169.910   169.940 
    3020   169.910   169.940 
    3030   169.911   169.939 
    3040   169.910   169.940 
    3050   169.908   169.916 
    3060   169.919   169.939 
    3070   169.909   169.940 
    3080   169.911   169.938 
    3090   169.910   169.940 
    3100   169.966   169.973 
    3110   169.910   169.940 
    3120   169.910   169.940 
    3130   169.911   169.939 
    3140   169.910   169.940 
    3150   169.910   169.940 
    3160   169.910   169.940 
    3170   169.910   169.939 
    3180   169.909   169.939 
    3190   169.910   169.940 
    3200   169.916   169.949 
    3210   169.910   169.940 
    3220   169.910   169.940 
    3230   169.910   169.940 
    3240   169.910   169.940 
    3250   169.923   169.953 
    3260   169.910   169.940 
    3270   169.909   169.940 
    3280   169.910   169.939 
    3290   169.910   169.939 
    3300   169.910   169.927 
    3310   169.910   169.940 
    3320   169.910   169.940 
    3330   169.909   169.939 
    3340   169.910   169.940 
    3350   169.912   169.941 
    3360   169.910   169.939 
    3370   169.910   169.940 
    3380   169.910   169.940 
    3390   169.910   169.940 
    3400   169.907   169.939 
    3410   169.910   169.940 
    3420   169.910   169.940 
    3430   169.910   169.939 
    3440   169.910   169.940 
    3450   169.833   169.833 
    3460   169.910   169.939 
    3470   169.910   169.940 
    3480   169.909   169.939 
    3490   169.910   169.939 
    3500   169.919   169.941 
    3510   169.910   169.940 
    3520   169.910   169.940 
    3530   169.910   169.938 
    3540   169.910   169.940 
    3550   169.990   169.942 
    3560   169.910   169.939 
    3570   169.910   169.939 
    3580   169.910   169.940 
    3590   169.910   169.940 
    3600   169.910   169.941 
    3610   169.910   169.940 
    3620   169.910   169.940 
    3630   169.909   169.940 
    3640   169.910   169.940 
    3650   169.899   169.949 
    3660   169.910   169.939 
    3670   169.910   169.940 
    3680   169.910   169.939 
    3690   169.910   169.940 
    3700   169.973   169.879 
    3710   169.910   169.940 
    3720   169.910   169.940 
    3730   169.909   169.940 
    3740   169.910   169.939 
    3750   169.871   169.952 
    3760   169.910   169.940 
    3770   169.910   169.940 
    3780   169.909   169.940 
    3790   169.910   169.940 
    3800   169.864   169.965 
    3810   169.910   169.940 
    3820   169.910   169.940 
    3830   169.910   169.939 
    3840   169.910   169.940 
    3850   169.909   169.940 
    3860   169.910   169.939 
    3870   169.910   169.939 
    3880   169.910   169.938 
    3890   169.910   169.940 
    3900   169.853   169.972 
    3910   169.910   169.940 
    3920   169.910   169.939 
    3930   169.910   169.940 
    3940   169.910   169.940 
    3950   169.895   169.949 
    3960   169.910   169.940 
    3970   169.910   169.940 
    3980   169.909   169.939 
    3990   169.910   169.940 
    4000   169.913   169.935 
    4010   169.910   169.940 
    4020   169.910   169.940 
    4030   169.909   169.937 
    4040   169.910   169.940 
    4050   169.906   169.941 
    4060   169.910   169.939 
    4070   169.910   169.940 
    4080   139.496    89.023 
    4090   169.910   169.940 
    4100   169.907   169.940 
    4110   169.910   169.939 
    4120   169.910   169.940 
    4130   169.910   169.939 
    4140   169.910   169.940 
    4150   169.925   169.935 
    4160   169.910   169.939 
    4170   169.910   169.940 
    4180   169.909   169.939 
    4190   169.910   169.939 
    4200   169.902   169.926 
    4210   169.909   169.940 
    4220   169.910   169.940 
    4230   169.913   169.939 
    4240   169.910   169.940 
    4250   169.854   169.987 
    4260   169.910   169.940 
    4270   169.910   169.940 
    4280   169.910   169.940 
    4290   169.910   169.940 
    4300   169.911   170.032 
    4310   169.910   169.933 
    4320   169.910   169.940 
    4330   169.910   169.940 
    4340   169.910   169.939 
    4350   169.829   169.940 
    4360   169.910   169.939 
    4370   169.910   169.940 
    4380    92.770   180.080 
    4390   169.910   169.940 
    4400   169.911   169.949 
    4410   169.910   169.940 
    4420   169.910   169.940 
    4430   169.909   169.940 
    4440   169.910   169.939 
    4450   169.828   169.970 
    4460   169.910   169.939 
    4470   169.910   169.940 
    4480   169.910   169.939 
    4490   169.910   169.940 
    4500   169.909   169.933 
    4510   169.910   169.940 
    4520   169.910   169.940 
    4530   169.910   169.938 
    4540   169.910   169.940 
    4550   169.909   169.940 
    4560   169.910   169.939 
    4570   169.910   169.940 
    4580   169.910   169.939 
    4590   169.910   169.940 
    4600   169.921   169.954 
    4610   169.910   169.939 
    4620   169.910   169.940 
    4630   169.909   169.939 
    4640   169.910   169.939 
    4650   169.963   169.932 
    4660   169.910   169.939 
    4670   169.911   169.940 
    4680   169.910   169.940 
    4690   169.910   169.940 
    4700   169.891   169.958 
    4710   169.910   169.939 
    4720   169.910   169.940 
    4730   169.910   169.939 
    4740   169.910   169.940 
    4750   169.955   169.862 
    4760   169.910   169.940 
    4770   169.910   169.940 
    4780   169.910   169.939 
    4790   169.910   169.940 
    4800   169.924   169.947 
    4810   169.910   169.939 
    4820   169.911   169.940 
    4830    96.452   216.498 
    4840   169.910   169.940 
    4850   169.914   169.948 
    4860   169.910   169.940 
    4870   169.910   169.940 
    4880   169.913   169.938 
    4890   169.909   169.939 
    4900   169.910   169.930 
    4910   169.909   169.939 
    4920   169.910   169.940 
    4930   169.911   169.940 
    4940   169.910   169.940 
    4950   169.910   169.942 
    4960   169.910   169.939 
    4970   169.910   169.940 
    4980   169.911   169.940 
    4990   169.910   169.940 
    5000   169.910   169.942 
    5010   169.910   169.940 
    5020   169.910   169.940 
    5030   169.911   169.940 
    5040   169.910   169.940 
    5050   169.910   169.935 
    5060   169.910   169.940 
    5070   169.910   169.940 
    5080   169.909   169.939 
    5090   169.910   169.940 
    5100   169.907   169.948 
    5110   169.910   169.940 
    5120   169.910   169.939 
    5130   169.910   169.939 
    5140   169.910   169.939 
    5150   169.886   169.939 
    5160   169.910   169.937 
    5170   169.910   169.940 
    5180    99.438   169.214 
    5190   169.910   169.940 
    5200   169.910   169.929 
    5210   169.910   169.940 
    5220   169.910   169.940 
    5230   169.910   169.940 
    5240   169.910   169.940 
    5250   169.966   169.875 
    5260   169.910   169.939 
    5270   169.910   169.940 
    5280   169.914   169.939 
    5290   169.910   169.940 
    5300   169.910   169.933 
    5310   169.910   169.940 
    5320   169.910   169.940 
    5330   169.910   169.940 
    5340   169.910   169.940 
    5350   169.907   169.939 
    5360   169.910   169.940 
    5370   169.910   169.940 
    5380   169.910   169.939 
    5390   169.910   169.940 
    5400   169.959   170.014 
    5410   169.910   169.939 
    5420   169.910   169.940 
    5430   169.910   169.939 
    5440   169.910   169.940 
    5450   169.975   169.997 
    5460   169.910   169.939 
    5470   169.910   169.940 
    5480   169.909   169.939 
    5490   169.910   169.940 
    5500   169.909   169.939 
    5510   169.910   169.940 
    5520   169.910   169.940 
    5530   169.910   169.939 
    5540   169.910   169.940 
    5550   169.904   169.934 
    5560   169.909   169.940 
    5570   169.911   169.940 
    5580    81.086   237.250 
    5590   169.910   169.940 
    5600   169.954   170.022 
    5610   169.910   169.939 
    5620   169.910   169.940 
    5630   169.910   169.938 
    5640   169.910   169.940 
    5650   169.916   169.938 
    5660   169.910   169.939 
    5670   169.910   169.940 
    5680   169.909   169.929 
    5690   169.910   169.940 
    5700   169.913   169.939 
    5710   169.910   169.940 
    5720   169.910   169.940 
    5730   183.087   272.560 
    5740   169.910   169.940 
    5750   169.913   169.939 
    5760   169.910   169.939 
    5770   169.910   169.940 
    5780   169.910   169.940 
    5790   169.910   169.939 
    5800   169.909   169.940 
    5810   169.910   169.940 
    5820   169.910   169.939 
    5830   169.910   169.940 
    5840   169.910   169.940 
    5850   169.911   169.933 
    5860   169.910   169.940 
    5870   169.910   169.940 
    5880   169.910   169.939 
    5890   169.910   169.939 
    5900   169.910   169.943 
    5910   169.913   169.939 
    5920   169.909   169.940 
    5930   247.370   171.887 
    5940   169.910   169.940 
    5950   169.911   169.876 
    5960   169.910   169.940 
    5970   169.910   169.940 
    5980   169.910   169.939 
    5990   169.910   169.939 
    6000   169.911   170.016 
    6010   169.910   169.940 
    6020   169.910   169.939 
    6030   152.016   272.823 
    6040   169.910   169.940 
    6050   169.900   169.938 
    6060   169.910   169.940 
    6070   169.910   169.940 
    6080   169.910   169.939 
    6090   169.910   169.940 
    6100   169.909   169.940 
    6110   169.910   169.939 
    6120   169.910   169.939 
    6130   169.910   169.939 
    6140   169.910   169.940 
    6150   169.910   169.919 
    6160   169.909   169.939 
    6170   169.910   169.939 
    6180   169.910   169.939 
    6190   169.910   169.940 
    6200   169.914   169.940 
    6210   169.910   169.939 
    6220   169.910   169.939 
    6230   278.144   192.127 
    6240   169.910   169.940 
    6250   169.909   169.948 
    6260   169.910   169.940 
    6270   169.910   169.940 
    6280   169.910   169.939 
    6290   169.910   169.940 
    6300   169.974   169.976 
    6310   169.910   169.939 
    6320   169.910   169.940 
    6330   169.910   169.940 
    6340   169.910   169.940 
    6350   169.896   169.998 
    6360   169.910   169.939 
    6370   169.910   169.940 
    6380   169.910   169.939 
    6390   169.910   169.939 
    6400   169.912   169.939 
    6410   169.910   169.940 
    6420   169.910   169.939 
    6430   169.910   169.940 
    6440   169.910   169.940 
    6450   169.939   170.016 
    6460   169.910   169.939 
    6470   169.910   169.940 
    6480   169.912   169.940 
    6490   169.910   169.939 
    6500   169.901   169.933 
    6510   169.911   169.938 
    6520   169.910   169.940 
    6530   169.911   169.938 
    6540   169.910   169.940 
    6550   169.907   169.938 
    6560   169.910   169.940 
    6570   169.910   169.940 
    6580   169.910   169.940 
    6590   169.910   169.940 
    6600   169.784   169.877 
    6610   169.910   169.940 
    6620   169.910   169.940 
    6630   169.911   169.940 
    6640   169.910   169.940 
    6650   169.910   170.027 
    6660   169.910   169.939 
    6670   169.910   169.940 
    6680   273.509   168.801 
    6690   169.910   169.940 
    6700   169.910   169.958 
    6710   169.910   169.940 
    6720   169.910   169.940 
    6730   169.910   169.939 
    6740   169.910   169.940 
    6750   169.950   169.967 
    6760   169.910   169.939 
    6770   169.910   169.940 
    6780   169.909   169.939 
    6790   169.910   169.940 
    6800   169.884   169.835 
    6810   169.910   169.940 
    6820   169.910   169.940 
    6830   169.909   169.939 
    6840   169.910   169.939 
    6850   169.894   169.936 
    6860   169.910   169.937 
    6870   169.910   169.940 
    6880   169.909   169.938 
    6890   169.910   169.940 
    6900   169.906   169.941 
    6910   169.910   169.939 
    6920   169.910   169.940 
    6930   169.910   169.939 
    6940   169.910   169.940 
    6950   169.932   169.926 
    6960   169.910   169.940 
    6970   169.910   169.940 
    6980   169.912   169.940 
    6990   169.910   169.939 
    7000   169.861   169.913 
    7010   169.910   169.939 
    7020   169.910   169.940 
    7030   169.909   169.939 
    7040   169.910   169.940 
    7050   169.911   169.888 
    7060   169.910   169.939 
    7070   169.910   169.940 
    7080   169.910   169.939 
    7090   169.910   169.940 
    7100   169.891   169.883 
    7110   169.910   169.939 
    7120   169.910   169.940 
    7130   169.910   169.937 
    7140   169.910   169.939 
    7150   169.915   169.941 
    7160   169.910   169.939 
    7170   169.910   169.940 
    7180   169.910   169.940 
    7190   169.910   169.939 
    7200   169.921   169.961 
    7210   169.910   169.940 
    7220   169.910   169.940 
    7230   169.910   169.939 
    7240   169.910   169.940 
    7250   169.905   169.938 
    7260   169.911   169.939 
    7270   169.910   169.940 
    7280   169.910   169.939 
    7290   169.910   169.940 
    7300   169.908   169.939 
    7310   169.910   169.940 
    7320   169.910   169.940 
    7330   169.928   169.936 
    7340   169.910   169.939 
    7350   169.924   169.942 
    7360   169.910   169.940 
    7370   169.910   169.939 
    7380   169.910   169.939 
    7390   169.910   169.939 
    7400   169.904   169.945 
    7410   169.909   169.939 
    7420   169.910   169.939 
    7430   169.910   169.940 
    7440   169.910   169.939 
    7450   169.904   169.950 
    7460   169.910   169.940 
    7470   169.910   169.940 
    7480   169.910   169.940 
    7490   169.910   169.940 
    7500   169.908   169.898 
    7510   169.910   169.940 
    7520   169.910   169.940 
    7530   169.910   169.940 
    7540   169.910   169.940 
    7550   169.902   169.942 
    7560   169.910   169.939 
    7570   169.910   169.939 
    7580    97.102    97.223 
    7590   169.910   169.940 
    7600   169.929   169.914 
    7610   169.910   169.939 
    7620   169.910   169.940 
    7630   169.910   169.940 
    7640   169.910   169.940 
    7650   169.843   169.903 
    7660   169.910   169.939 
    7670   169.910   169.940 
    7680   169.910   169.940 
    7690   169.909   169.940 
    7700   169.910   169.943 
    7710   169.910   169.939 
    7720   169.910   169.940 
    7730   273.275   146.428 
    7740   169.910   169.940 
    7750   169.920   170.034 
    7760   169.919   169.938 
    7770   169.911   169.939 
    7780   169.910   169.939 
    7790   169.910   169.939 
    7800   169.928   169.928 
    7810   169.910   169.940 
    7820   169.910   169.939 
    7830   169.910   169.939 
    7840   169.910   169.939 
    7850   169.888   169.941 
    7860   169.910   169.940 
    7870   169.910   169.940 
    7880   169.909   169.940 
    7890   169.910   169.939 
    7900   169.933   169.990 
    7910   169.910   169.939 
    7920   169.910   169.940 
    7930   169.910   169.939 
    7940   169.910   169.940 
    7950   169.990   169.982 
    7960   169.910   169.939 
    7970   169.910   169.940 
    7980   169.910   169.939 
    7990   169.910   169.940 
    8000   169.907   169.941 
    8010   169.910   169.940 
    8020   169.910   169.940 
    8030   169.909   169.940 
    8040   169.910   169.940 
    8050   169.949   169.866 
    8060   169.910   169.939 
    8070   169.910   169.940 
    8080   169.909   169.940 
    8090   169.910   169.940 
    8100   169.875   169.891 
    8110   169.910   169.939 
    8120   169.910   169.939 
    8130   169.910   169.939 
    8140   169.910   169.940 
    8150   169.904   169.940 
    8160   169.906   169.937 
    8170   169.910   169.939 
    8180   169.910   169.940 
    8190   169.910   169.940 
    8200   169.910   169.939 
    8210   169.911   169.942 
    8220   169.910   169.940 
    8230   169.910   169.939 
    8240   169.910   169.939 
    8250   169.973   169.985 
    8260   169.910   169.939 
    8270   169.910   169.940 
    8280   169.909   169.939 
    8290   169.910   169.940 
    8300   169.969   169.992 
    8310   169.910   169.939 
    8320   169.910   169.939 
    8330   184.094   314.011 
    8340   169.909   169.940 
    8350   169.913   169.939 
    8360   169.910   169.940 
    8370   169.910   169.939 
    8380   169.910   169.939 
    8390   169.910   169.940 
    8400   169.912   169.933 
    8410   169.910   169.940 
    8420   169.910   169.940 
    8430   169.910   169.939 
    8440   169.910   169.940 
    8450   169.912   169.935 
    8460   169.910   169.940 
    8470   169.910   169.939 
    8480   169.910   169.939 
    8490   169.909   169.940 
    8500   169.915   169.940 
    8510   169.910   169.940 
    8520   169.910   169.939 
    8530   169.909   169.941 
    8540   169.910   169.940 
    8550   169.907   169.948 
    8560   169.910   169.940 
    8570   169.910   169.940 
    8580   169.911   169.940 
    8590   169.910   169.939 
    8600   169.921   169.909 
    8610   169.910   169.940 
    8620   169.910   169.940 
    8630   169.911   169.939 
    8640   169.910   169.939 
    8650   169.925   169.928 
    8660   169.910   169.940 
    8670   169.909   169.939 
    8680   169.910   169.940 
    8690   169.910   169.940 
    8700   169.919   169.936 
    8710   169.910   169.940 
    8720   169.910   169.940 
    8730   169.910   169.940 
    8740   169.910   169.940 
    8750   170.012   169.905 
    8760   169.910   169.940 
    8770   169.910   169.940 
    8780   169.911   169.940 
    8790   169.910   169.940 
    8800   169.913   169.945 
    8810   169.910   169.939 
    8820   169.910   169.940 
    8830   169.911   169.940 
    8840   169.910   169.940 
    8850   169.954   169.965 
    8860   169.910   169.939 
    8870   169.910   169.940 
    8880   169.910   169.940 
    8890   169.910   169.939 
    8900   169.835   169.937 
    8910   169.910   169.940 
    8920   169.910   169.939 
    8930   169.910   169.941 
    8940   169.910   169.940 
    8950   169.952   169.903 
    8960   169.910   169.939 
    8970   169.910   169.940 
    8980   169.909   169.940 
    8990   169.910   169.940 
    9000   169.996   169.857 
    9010   169.910   169.940 
    9020   169.910   169.939 
    9030    85.009   186.925 
    9040   169.910   169.940 
    9050   169.915   169.959 
    9060   169.906   169.940 
    9070   169.910   169.940 
    9080   169.911   169.939 
    9090   169.910   169.940 
    9100   169.907   169.937 
    9110   169.911   169.939 
    9120   169.910   169.940 
    9130   169.909   169.939 
    9140   169.910   169.940 
    9150   169.910   169.943 
    9160   169.909   169.939 
    9170   169.910   169.940 
    9180    77.101   163.316 
    9190   169.910   169.939 
    9200   169.885   169.860 
    9210   169.910   169.939 
    9220   169.910   169.940 
    9230   169.910   169.939 
    9240   169.910   169.939 
    9250   169.909   169.929 
    9260   169.910   169.939 
    9270   169.910   169.940 
    9280   169.910   169.940 
    9290   169.910   169.939 
    9300   169.936   169.937 
    9310   169.910   169.939 
    9320   169.910   169.939 
    9330   169.912   169.939 
    9340   169.910   169.939 
    9350   169.877   169.888 
    9360   169.910   169.939 
    9370   169.910   169.940 
    9380   169.910   169.939 
    9390   169.910   169.940 
    9400   169.901   169.932 
    9410   169.909   169.940 
    9420   169.911   169.940 
    9430   169.910   169.940 
    9440   169.910   169.940 
    9450   169.928   169.950 
    9460   169.910   169.939 
    9470   169.910   169.940 
    9480   169.909   169.940 
    9490   169.910   169.939 
    9500   169.917   169.945 
    9510   169.910   169.940 
    9520   169.910   169.940 
    9530   169.909   169.940 
    9540   169.910   169.940 
    9550   169.887   169.929 
    9560   169.910   169.939 
    9570   169.910   169.940 
    9580   169.909   169.938 
    9590   169.910   169.939 
    9600   169.901   169.942 
    9610   169.910   169.939 
    9620   169.910   169.939 
    9630    62.582   147.722 
    9640   169.910   169.940 
    9650   169.910   169.941 
    9660   169.910   169.940 
    9670   169.910   169.940 
    9680   169.909   169.939 
    9690   169.910   169.940 
    9700   169.929   169.918 
    9710   169.910   169.940 
    9720   169.910   169.940 
    9730   169.910   169.940 
    9740   169.910   169.939 
    9750   169.915   169.929 
    9760   169.910   169.939 
    9770   169.910   169.940 
    9780   169.911   169.940 
    9790   169.910   169.939 
    9800   169.913   169.992 
    9810   169.910   169.939 
    9820   169.910   169.940 
    9830   169.910   169.939 
    9840   169.910   169.940 
    9850   169.977   169.969 
    9860   169.910   169.939 
    9870   169.910   169.940 
    9880   169.909   169.939 
    9890   169.910   169.940 
    9900   170.005   169.886 
    9910   169.910   169.940 
    9920   169.910   169.939 
    9930   169.910   169.940 
    9940   169.910   169.940 
    9950   169.910   169.940 
    9960   169.910   169.940 
    9970   169.910   169.940 
    9980   169.910   169.939 
    9990   169.910   169.940 
   10000   169.910   169.940 
