       0   329.936   329.857 
      10   333.897   332.765 
      20   335.539   334.113 
      30   334.685   334.476 
      40   334.935   334.593 
      50   335.040   334.649 
      60   334.928   334.775 
      70   335.887   334.801 
      80   334.933   334.797 
      90   334.933   334.782 
     100   334.929   334.783 
     110   334.935   334.814 
     120   334.935   334.838 
     130   334.934   334.815 
     140   334.935   334.806 
     150   334.972   334.831 
     160   334.922   334.823 
     170   334.935   334.815 
     180   334.937   334.818 
     190   334.935   334.816 
     200   334.898   334.815 
     210   334.935   334.817 
     220   334.935   334.821 
     230   334.935   334.823 
     240   334.935   334.817 
     250   334.962   334.872 
     260   334.938   334.821 
     270   334.935   334.821 
     280   334.937   334.821 
     290   334.936   334.818 
     300   334.940   334.871 
     310   334.936   334.822 
     320   334.936   334.822 
     330   334.935   334.821 
     340   334.936   334.822 
     350   334.938   334.830 
     360   334.936   334.822 
     370   334.936   334.822 
     380   334.936   334.826 
     390   334.936   334.822 
     400   334.878   334.812 
     410   334.936   334.822 
     420   334.936   334.827 
     430   334.936   334.826 
     440   334.936   334.828 
     450   334.978   334.805 
     460   334.936   334.823 
     470   334.936   334.823 
     480   334.936   334.823 
     490   334.936   334.823 
     500   334.935   334.855 
     510   334.937   334.822 
     520   334.936   334.823 
     530   334.935   334.823 
     540   334.936   334.823 
     550   334.936   334.790 
     560   334.955   334.823 
     570   334.936   334.824 
     580   334.936   334.826 
     590   334.936   334.823 
     600   334.955   334.821 
     610   334.936   334.820 
     620   334.939   334.823 
     630   334.934   334.823 
     640   334.936   334.823 
     650   334.926   334.829 
     660   334.936   334.823 
     670   334.937   334.823 
     680   334.934   334.823 
     690   334.936   334.823 
     700   334.933   334.858 
     710   334.937   334.823 
     720   334.936   334.822 
     730   334.936   334.825 
     740   334.936   334.823 
     750   334.941   334.823 
     760   334.936   334.824 
     770   334.936   334.823 
     780   334.936   334.820 
     790   334.931   334.823 
     800   334.932   334.823 
     810   334.936   334.823 
     820   334.936   334.823 
     830   334.936   334.824 
     840   334.936   334.823 
     850   334.575   334.868 
     860   334.939   334.823 
     870   334.936   334.823 
     880   334.938   334.823 
     890   334.936   334.823 
     900   334.933   334.826 
     910   334.936   334.826 
     920   334.937   334.824 
     930   334.935   334.824 
     940   334.937   334.824 
     950   334.935   334.777 
     960   334.952   334.824 
     970   334.937   334.824 
     980   334.937   334.824 
     990   334.937   334.824 
    1000   334.936   334.818 
    1010   334.937   334.824 
    1020   334.937   334.824 
    1030   334.936   334.824 
    1040   334.937   334.823 
    1050   334.936   334.824 
    1060   334.937   334.824 
    1070   334.937   334.824 
    1080   334.936   334.825 
    1090   334.937   334.824 
    1100   334.932   334.825 
    1110   334.937   334.824 
    1120   334.937   334.823 
    1130   334.936   334.819 
    1140   334.937   334.824 
    1150   334.904   334.822 
    1160   334.936   334.824 
    1170   334.939   334.824 
    1180   334.937   334.796 
    1190   334.937   334.825 
    1200   334.904   334.823 
    1210   334.937   334.824 
    1220   334.937   334.824 
    1230   334.936   334.820 
    1240   334.937   334.824 
    1250   334.942   334.824 
    1260   334.937   334.824 
    1270   334.937   334.824 
    1280   334.936   334.824 
    1290   334.936   334.824 
    1300   335.083   334.824 
    1310   334.937   334.823 
    1320   334.937   334.823 
    1330   334.936   334.823 
    1340   334.937   334.824 
    1350   334.937   334.822 
    1360   334.937   334.823 
    1370   334.937   334.824 
    1380   334.930   334.824 
    1390   334.937   334.824 
    1400   334.924   334.842 
    1410   334.963   334.824 
    1420   334.937   334.824 
    1430   334.936   334.824 
    1440   334.937   334.824 
    1450   334.940   334.766 
    1460   334.937   334.824 
    1470   334.937   334.824 
    1480   334.938   334.824 
    1490   334.937   334.824 
    1500   334.928   334.844 
    1510   334.951   334.824 
    1520   334.936   334.824 
    1530   334.937   334.828 
    1540   334.937   334.824 
    1550   335.395   334.822 
    1560   334.937   334.824 
    1570   334.937   334.824 
    1580   334.936   334.828 
    1590   334.937   334.824 
    1600   334.936   334.823 
    1610   334.937   334.825 
    1620   334.937   334.824 
    1630   334.936   334.823 
    1640   334.937   334.824 
    1650   334.946   334.837 
    1660   334.936   334.819 
    1670   334.936   334.824 
    1680   334.936   334.817 
    1690   334.936   334.824 
    1700   334.805   334.824 
    1710   334.937   334.824 
    1720   334.937   334.824 
    1730   334.936   334.821 
    1740   334.937   334.824 
    1750   334.954   334.823 
    1760   334.937   334.822 
    1770   334.937   334.824 
    1780   334.937   334.818 
    1790   334.937   334.824 
    1800   335.009   334.824 
    1810   334.937   334.824 
    1820   334.937   334.823 
    1830   334.936   334.823 
    1840   334.937   334.824 
    1850   334.933   334.851 
    1860   334.936   334.823 
    1870   334.936   334.824 
    1880   334.937   334.823 
    1890   334.936   334.824 
    1900   334.944   334.828 
    1910   334.937   334.823 
    1920   334.936   334.824 
    1930   334.937   334.811 
    1940   334.937   334.824 
    1950   334.936   334.818 
    1960   334.937   334.823 
    1970   334.937   334.824 
    1980   334.933   334.824 
    1990   334.937   334.824 
    2000   334.936   334.824 
    2010   334.937   334.823 
    2020   334.937   334.824 
    2030   334.938   334.816 
    2040   334.937   334.824 
    2050   334.913   334.833 
    2060   334.936   334.825 
    2070   334.936   334.824 
    2080   334.940   334.824 
    2090   334.937   334.824 
    2100   334.938   334.831 
    2110   334.936   334.824 
    2120   334.937   334.824 
    2130   334.936   334.812 
    2140   334.937   334.824 
    2150   334.936   334.817 
    2160   334.937   334.825 
    2170   334.937   334.824 
    2180   334.937   334.821 
    2190   334.937   334.824 
    2200   334.979   334.819 
    2210   334.937   334.824 
    2220   334.937   334.824 
    2230   334.936   334.824 
    2240   334.937   334.824 
    2250   334.931   334.814 
    2260   334.937   334.824 
    2270   334.937   334.824 
    2280   334.940   334.824 
    2290   334.937   334.824 
    2300   334.937   334.843 
    2310   334.937   334.824 
    2320   334.937   334.824 
    2330   334.936   334.831 
    2340   334.937   334.824 
    2350   334.935   334.824 
    2360   334.937   334.824 
    2370   334.937   334.824 
    2380   334.937   334.823 
    2390   334.937   334.824 
    2400   334.932   334.817 
    2410   334.936   334.824 
    2420   334.936   334.821 
    2430   334.941   334.824 
    2440   334.937   334.824 
    2450   334.941   334.827 
    2460   334.937   334.825 
    2470   334.937   334.824 
    2480   334.937   334.824 
    2490   334.937   334.824 
    2500   334.975   334.891 
    2510   334.950   334.824 
    2520   334.937   334.824 
    2530   334.938   334.824 
    2540   334.937   334.824 
    2550   334.938   334.810 
    2560   334.945   334.824 
    2570   334.937   334.824 
    2580   334.937   334.823 
    2590   334.937   334.824 
    2600   334.936   334.824 
    2610   334.937   334.824 
    2620   334.937   334.824 
    2630   334.936   334.822 
    2640   334.937   334.824 
    2650   334.937   334.824 
    2660   334.937   334.823 
    2670   334.937   334.824 
    2680   334.937   334.827 
    2690   334.937   334.824 
    2700   334.912   334.824 
    2710   334.937   334.824 
    2720   334.937   334.824 
    2730   334.936   334.829 
    2740   334.937   334.823 
    2750   334.747   334.825 
    2760   334.937   334.823 
    2770   334.937   334.824 
    2780   334.934   334.824 
    2790   334.937   334.824 
    2800   334.935   334.829 
    2810   334.937   334.825 
    2820   334.936   334.824 
    2830   334.942   334.824 
    2840   334.937   334.824 
    2850   335.015   334.705 
    2860   334.936   334.824 
    2870   334.941   334.824 
    2880   334.937   334.819 
    2890   334.937   334.825 
    2900   334.936   334.824 
    2910   334.937   334.824 
    2920   334.937   334.824 
    2930   334.936   334.821 
    2940   334.937   334.824 
    2950   335.280   334.824 
    2960   334.937   334.825 
    2970   334.937   334.824 
    2980   334.933   334.824 
    2990   334.937   334.824 
    3000   334.936   334.834 
    3010   334.937   334.824 
    3020   334.937   334.824 
    3030   334.936   334.824 
    3040   334.937   334.824 
    3050   335.009   334.835 
    3060   334.937   334.829 
    3070   334.936   334.826 
    3080   334.934   334.824 
    3090   334.937   334.824 
    3100   334.929   334.820 
    3110   334.942   334.824 
    3120   334.937   334.824 
    3130   334.940   334.824 
    3140   334.937   334.824 
    3150   334.967   334.872 
    3160   334.947   334.822 
    3170   334.937   334.825 
    3180   334.936   334.825 
    3190   334.937   334.824 
    3200   334.905   334.821 
    3210   334.937   334.822 
    3220   334.937   334.824 
    3230   334.934   334.824 
    3240   334.937   334.824 
    3250   334.937   334.829 
    3260   334.937   334.824 
    3270   334.937   334.824 
    3280   334.937   334.824 
    3290   334.937   334.824 
    3300   334.937   334.824 
    3310   334.937   334.824 
    3320   334.937   334.824 
    3330   334.937   334.819 
    3340   334.937   334.824 
    3350   335.101   334.829 
    3360   334.936   334.824 
    3370   334.937   334.824 
    3380   334.937   334.850 
    3390   334.937   334.824 
    3400   335.245   334.824 
    3410   334.937   334.824 
    3420   334.937   334.824 
    3430   334.935   334.824 
    3440   334.937   334.824 
    3450   334.994   334.824 
    3460   334.937   334.824 
    3470   334.937   334.824 
    3480   334.937   334.831 
    3490   334.937   334.824 
    3500   335.145   334.825 
    3510   334.936   334.825 
    3520   334.936   334.824 
    3530   334.936   334.825 
    3540   334.937   334.824 
    3550   335.004   334.891 
    3560   334.948   334.824 
    3570   334.937   334.824 
    3580   334.936   334.824 
    3590   334.937   334.824 
    3600   334.934   334.825 
    3610   334.937   334.824 
    3620   334.937   334.824 
    3630   334.936   334.820 
    3640   334.977   334.825 
    3650   334.929   334.824 
    3660   334.937   334.825 
    3670   334.937   334.824 
    3680   334.937   334.830 
    3690   334.937   334.824 
    3700   334.937   334.824 
    3710   334.937   334.824 
    3720   334.937   334.824 
    3730   334.937   334.830 
    3740   334.936   334.824 
    3750   334.925   334.824 
    3760   334.937   334.824 
    3770   334.937   334.824 
    3780   334.936   334.830 
    3790   334.937   334.824 
    3800   334.943   334.824 
    3810   334.937   334.824 
    3820   334.937   334.824 
    3830   334.936   334.826 
    3840   334.936   334.824 
    3850   334.885   334.824 
    3860   334.937   334.824 
    3870   334.937   334.824 
    3880   334.936   334.828 
    3890   334.937   334.824 
    3900   334.785   334.824 
    3910   334.937   334.824 
    3920   334.937   334.824 
    3930   334.937   334.824 
    3940   334.937   334.824 
    3950   335.239   334.825 
    3960   334.937   334.824 
    3970   334.937   334.824 
    3980   334.937   334.824 
    3990   334.937   334.824 
    4000   334.935   334.804 
    4010   334.937   334.825 
    4020   334.937   334.824 
    4030   334.936   334.824 
    4040   334.937   334.824 
    4050   334.926   334.839 
    4060   334.947   334.824 
    4070   334.937   334.824 
    4080   334.936   334.823 
    4090   334.937   334.824 
    4100   334.946   334.878 
    4110   334.936   334.825 
    4120   334.936   334.823 
    4130   334.936   334.819 
    4140   334.937   334.824 
    4150   334.937   334.841 
    4160   334.936   334.824 
    4170   334.936   334.824 
    4180   334.936   334.824 
    4190   334.937   334.824 
    4200   334.938   334.823 
    4210   334.936   334.822 
    4220   334.937   334.824 
    4230   334.936   334.824 
    4240   334.937   334.824 
    4250   334.934   334.912 
    4260   334.955   334.824 
    4270   334.937   334.824 
    4280   334.937   334.824 
    4290   334.937   334.824 
    4300   334.935   334.823 
    4310   334.937   334.824 
    4320   334.937   334.824 
    4330   334.937   334.825 
    4340   334.937   334.824 
    4350   334.933   334.824 
    4360   334.937   334.824 
    4370   334.937   334.824 
    4380   334.935   334.824 
    4390   334.937   334.824 
    4400   334.938   334.777 
    4410   334.955   334.824 
    4420   334.937   334.824 
    4430   334.936   334.829 
    4440   334.937   334.824 
    4450   335.282   334.824 
    4460   334.937   334.824 
    4470   334.937   334.824 
    4480   334.936   334.829 
    4490   334.937   334.824 
    4500   334.936   334.824 
    4510   334.937   334.824 
    4520   334.937   334.824 
    4530   334.937   334.807 
    4540   334.937   334.824 
    4550   334.974   334.821 
    4560   334.936   334.823 
    4570   334.936   334.824 
    4580   334.939   334.825 
    4590   334.938   334.824 
    4600   334.937   334.824 
    4610   334.937   334.824 
    4620   334.937   334.824 
    4630   334.936   334.809 
    4640   334.937   334.824 
    4650   334.936   334.824 
    4660   334.937   334.824 
    4670   334.937   334.824 
    4680   334.936   334.824 
    4690   334.937   334.824 
    4700   334.890   334.824 
    4710   334.937   334.824 
    4720   334.937   334.824 
    4730   334.936   334.827 
    4740   334.937   334.824 
    4750   334.935   334.824 
    4760   334.937   334.824 
    4770   334.937   334.824 
    4780   334.937   334.823 
    4790   334.937   334.824 
    4800   334.963   334.824 
    4810   334.937   334.824 
    4820   334.937   334.824 
    4830   334.937   334.837 
    4840   334.937   334.824 
    4850   334.768   334.823 
    4860   334.937   334.825 
    4870   334.937   334.824 
    4880   334.937   334.823 
    4890   334.937   334.824 
    4900   335.011   334.806 
    4910   334.937   334.824 
    4920   334.937   334.824 
    4930   334.931   334.824 
    4940   334.937   334.824 
    4950   334.937   334.833 
    4960   334.937   334.824 
    4970   334.937   334.824 
    4980   334.937   334.816 
    4990   334.937   334.824 
    5000   335.293   334.824 
    5010   334.937   334.824 
    5020   334.937   334.824 
    5030   334.940   334.824 
    5040   334.937   334.824 
    5050   334.939   334.836 
    5060   334.937   334.823 
    5070   334.937   334.824 
    5080   334.929   334.824 
    5090   334.937   334.824 
    5100   334.937   334.829 
    5110   334.937   334.824 
    5120   334.937   334.824 
    5130   334.937   334.826 
    5140   334.937   334.824 
    5150   335.068   334.824 
    5160   334.937   334.824 
    5170   334.937   334.824 
    5180   334.936   334.827 
    5190   334.937   334.824 
    5200   334.942   334.824 
    5210   334.937   334.824 
    5220   334.937   334.824 
    5230   334.937   334.825 
    5240   334.937   334.824 
    5250   334.936   334.826 
    5260   334.937   334.824 
    5270   334.937   334.824 
    5280   334.936   334.824 
    5290   334.937   334.824 
    5300   334.936   334.823 
    5310   334.937   334.824 
    5320   334.937   334.824 
    5330   334.937   334.828 
    5340   334.937   334.823 
    5350   334.937   334.822 
    5360   334.937   334.823 
    5370   334.937   334.824 
    5380   334.932   334.824 
    5390   334.937   334.824 
    5400   334.937   334.893 
    5410   334.937   334.824 
    5420   334.937   334.824 
    5430   334.930   334.824 
    5440   334.937   334.824 
    5450   334.937   334.817 
    5460   334.937   334.826 
    5470   334.937   334.824 
    5480   334.937   334.802 
    5490   334.937   334.824 
    5500   334.937   334.824 
    5510   334.937   334.824 
    5520   334.937   334.824 
    5530   334.936   334.825 
    5540   334.937   334.824 
    5550   334.934   334.824 
    5560   334.937   334.824 
    5570   334.937   334.824 
    5580   334.936   334.830 
    5590   334.937   334.824 
    5600   334.678   334.824 
    5610   334.937   334.824 
    5620   334.937   334.824 
    5630   334.937   334.806 
    5640   334.937   334.824 
    5650   334.905   334.824 
    5660   334.937   334.824 
    5670   334.937   334.824 
    5680   334.936   334.827 
    5690   334.937   334.824 
    5700   334.936   334.824 
    5710   334.937   334.824 
    5720   334.937   334.824 
    5730   334.937   334.835 
    5740   334.937   334.823 
    5750   334.949   334.825 
    5760   334.937   334.824 
    5770   334.937   334.824 
    5780   334.936   334.831 
    5790   334.938   334.824 
    5800   334.932   334.824 
    5810   334.937   334.824 
    5820   334.937   334.824 
    5830   334.936   334.825 
    5840   334.937   334.824 
    5850   334.936   334.821 
    5860   334.937   334.824 
    5870   334.937   334.824 
    5880   334.936   334.823 
    5890   334.962   334.824 
    5900   334.922   334.824 
    5910   334.937   334.824 
    5920   334.937   334.824 
    5930   334.937   334.815 
    5940   334.937   334.824 
    5950   334.700   334.824 
    5960   334.937   334.824 
    5970   334.936   334.824 
    5980   334.937   334.824 
    5990   334.936   334.824 
    6000   334.977   334.824 
    6010   334.937   334.824 
    6020   334.937   334.824 
    6030   334.937   334.828 
    6040   334.937   334.824 
    6050   334.906   334.823 
    6060   334.937   334.824 
    6070   334.937   334.824 
    6080   334.936   334.826 
    6090   334.937   334.824 
    6100   335.182   334.867 
    6110   334.955   334.824 
    6120   334.937   334.824 
    6130   334.937   334.826 
    6140   334.937   334.824 
    6150   334.525   334.824 
    6160   334.937   334.824 
    6170   334.937   334.824 
    6180   334.941   334.824 
    6190   334.937   334.824 
    6200   334.931   334.824 
    6210   334.937   334.824 
    6220   334.937   334.824 
    6230   334.939   334.781 
    6240   334.937   334.824 
    6250   334.920   334.825 
    6260   334.937   334.823 
    6270   334.937   334.824 
    6280   334.937   334.822 
    6290   334.937   334.824 
    6300   335.304   334.824 
    6310   334.937   334.824 
    6320   334.937   334.824 
    6330   334.938   334.824 
    6340   334.937   334.824 
    6350   334.934   334.840 
    6360   334.937   334.825 
    6370   334.937   334.823 
    6380   334.937   334.824 
    6390   334.937   334.824 
    6400   334.931   334.824 
    6410   334.937   334.824 
    6420   334.937   334.824 
    6430   334.936   334.826 
    6440   334.937   334.824 
    6450   335.258   334.824 
    6460   334.937   334.824 
    6470   334.937   334.824 
    6480   334.936   334.824 
    6490   334.937   334.824 
    6500   334.947   334.816 
    6510   334.939   334.825 
    6520   334.943   334.822 
    6530   334.937   334.823 
    6540   334.936   334.824 
    6550   334.954   334.824 
    6560   334.937   334.824 
    6570   334.937   334.824 
    6580   334.937   334.830 
    6590   334.937   334.824 
    6600   334.935   334.824 
    6610   334.937   334.824 
    6620   334.937   334.824 
    6630   334.936   334.825 
    6640   334.937   334.824 
    6650   335.012   334.822 
    6660   334.937   334.824 
    6670   334.937   334.824 
    6680   334.936   334.826 
    6690   334.937   334.824 
    6700   334.952   334.886 
    6710   334.937   334.825 
    6720   334.934   334.828 
    6730   334.939   334.824 
    6740   334.937   334.824 
    6750   334.940   334.819 
    6760   334.937   334.823 
    6770   334.937   334.824 
    6780   334.938   334.824 
    6790   334.937   334.824 
    6800   334.946   334.821 
    6810   334.936   334.822 
    6820   334.937   334.823 
    6830   334.931   334.824 
    6840   334.937   334.824 
    6850   334.933   334.823 
    6860   334.936   334.826 
    6870   334.936   334.823 
    6880   334.933   334.824 
    6890   334.937   334.824 
    6900   334.923   334.858 
    6910   334.937   334.824 
    6920   334.937   334.824 
    6930   334.938   334.824 
    6940   334.937   334.824 
    6950   334.933   334.902 
    6960   334.937   334.824 
    6970   334.937   334.824 
    6980   334.938   334.824 
    6990   334.937   334.824 
    7000   334.938   334.830 
    7010   334.937   334.824 
    7020   334.937   334.824 
    7030   334.936   334.825 
    7040   334.937   334.824 
    7050   335.289   334.824 
    7060   334.937   334.824 
    7070   334.937   334.824 
    7080   334.934   334.824 
    7090   334.937   334.824 
    7100   334.937   334.812 
    7110   334.937   334.824 
    7120   334.937   334.824 
    7130   334.937   334.828 
    7140   334.937   334.824 
    7150   334.935   334.824 
    7160   334.937   334.824 
    7170   334.937   334.824 
    7180   334.936   334.820 
    7190   334.937   334.824 
    7200   334.762   334.824 
    7210   334.937   334.824 
    7220   334.937   334.824 
    7230   334.935   334.777 
    7240   334.937   334.824 
    7250   334.975   334.825 
    7260   334.937   334.824 
    7270   334.937   334.824 
    7280   334.937   334.828 
    7290   334.937   334.824 
    7300   334.942   334.824 
    7310   334.937   334.824 
    7320   334.937   334.824 
    7330   334.937   334.828 
    7340   334.937   334.824 
    7350   334.932   334.811 
    7360   334.936   334.825 
    7370   334.937   334.824 
    7380   334.936   334.821 
    7390   334.937   334.824 
    7400   334.937   334.824 
    7410   334.937   334.824 
    7420   334.937   334.824 
    7430   334.937   334.830 
    7440   334.937   334.824 
    7450   334.882   334.826 
    7460   334.937   334.825 
    7470   334.936   334.823 
    7480   334.942   334.824 
    7490   334.937   334.824 
    7500   334.947   334.837 
    7510   334.936   334.824 
    7520   334.940   334.824 
    7530   334.936   334.816 
    7540   334.937   334.824 
    7550   334.951   334.824 
    7560   334.938   334.824 
    7570   334.937   334.824 
    7580   334.936   334.824 
    7590   334.937   334.824 
    7600   334.935   334.797 
    7610   334.951   334.824 
    7620   334.937   334.824 
    7630   334.936   334.827 
    7640   334.937   334.824 
    7650   334.938   334.792 
    7660   334.951   334.824 
    7670   334.937   334.824 
    7680   334.936   334.817 
    7690   334.937   334.824 
    7700   334.937   334.827 
    7710   334.937   334.824 
    7720   334.937   334.824 
    7730   334.936   334.824 
    7740   334.937   334.824 
    7750   334.949   334.835 
    7760   334.937   334.823 
    7770   334.937   334.824 
    7780   334.936   334.824 
    7790   334.937   334.824 
    7800   334.939   334.820 
    7810   334.936   334.824 
    7820   334.936   334.824 
    7830   334.937   334.829 
    7840   334.937   334.824 
    7850   334.821   334.822 
    7860   334.937   334.825 
    7870   334.937   334.824 
    7880   334.940   334.824 
    7890   334.937   334.824 
    7900   334.936   334.747 
    7910   334.949   334.824 
    7920   334.937   334.824 
    7930   334.937   334.824 
    7940   334.936   334.824 
    7950   334.964   334.824 
    7960   334.937   334.824 
    7970   334.937   334.824 
    7980   334.937   334.821 
    7990   334.937   334.824 
    8000   334.932   334.824 
    8010   334.937   334.824 
    8020   334.937   334.824 
    8030   334.937   334.822 
    8040   334.937   334.824 
    8050   334.937   334.822 
    8060   334.937   334.824 
    8070   334.937   334.824 
    8080   334.936   334.822 
    8090   334.937   334.824 
    8100   334.938   334.847 
    8110   334.937   334.824 
    8120   334.937   334.822 
    8130   334.937   334.824 
    8140   334.929   334.824 
    8150   334.936   334.823 
    8160   334.936   334.825 
    8170   334.936   334.823 
    8180   334.940   334.824 
    8190   334.937   334.824 
    8200   334.939   334.829 
    8210   334.937   334.823 
    8220   334.936   334.824 
    8230   334.940   334.824 
    8240   334.937   334.824 
    8250   334.939   334.819 
    8260   334.937   334.825 
    8270   334.936   334.824 
    8280   334.936   334.824 
    8290   334.937   334.824 
    8300   334.952   334.819 
    8310   334.955   334.824 
    8320   334.937   334.824 
    8330   334.937   334.822 
    8340   334.937   334.824 
    8350   334.932   334.823 
    8360   334.937   334.824 
    8370   334.937   334.824 
    8380   334.937   334.811 
    8390   334.937   334.824 
    8400   334.800   334.823 
    8410   334.937   334.825 
    8420   334.937   334.824 
    8430   334.937   334.824 
    8440   334.937   334.824 
    8450   334.938   334.809 
    8460   334.937   334.824 
    8470   334.937   334.824 
    8480   334.936   334.824 
    8490   334.937   334.824 
    8500   334.938   334.818 
    8510   334.937   334.824 
    8520   334.937   334.824 
    8530   334.937   334.821 
    8540   334.937   334.824 
    8550   334.632   334.825 
    8560   334.937   334.823 
    8570   334.937   334.824 
    8580   334.935   334.824 
    8590   334.937   334.824 
    8600   334.936   334.883 
    8610   334.950   334.824 
    8620   334.937   334.824 
    8630   334.936   334.829 
    8640   334.937   334.824 
    8650   334.824   334.822 
    8660   334.936   334.822 
    8670   334.935   334.825 
    8680   334.940   334.824 
    8690   334.937   334.824 
    8700   334.950   334.773 
    8710   334.951   334.824 
    8720   334.937   334.824 
    8730   334.936   334.820 
    8740   334.936   334.824 
    8750   334.938   334.824 
    8760   334.937   334.824 
    8770   334.937   334.824 
    8780   334.936   334.827 
    8790   334.937   334.824 
    8800   335.092   334.820 
    8810   334.937   334.824 
    8820   334.937   334.824 
    8830   334.935   334.829 
    8840   334.937   334.824 
    8850   334.922   334.829 
    8860   334.937   334.825 
    8870   334.937   334.825 
    8880   334.939   334.824 
    8890   334.937   334.824 
    8900   334.937   334.820 
    8910   334.937   334.824 
    8920   334.937   334.824 
    8930   334.937   334.824 
    8940   334.937   334.824 
    8950   334.824   334.822 
    8960   334.936   334.823 
    8970   334.937   334.825 
    8980   334.929   334.824 
    8990   334.937   334.823 
    9000   334.922   334.792 
    9010   334.955   334.824 
    9020   334.937   334.824 
    9030   334.937   334.824 
    9040   334.937   334.824 
    9050   334.953   334.816 
    9060   334.937   334.824 
    9070   334.937   334.824 
    9080   334.937   334.837 
    9090   334.937   334.824 
    9100   334.936   334.824 
    9110   334.937   334.824 
    9120   334.937   334.824 
    9130   334.934   334.824 
    9140   334.937   334.824 
    9150   334.941   334.819 
    9160   334.936   334.825 
    9170   334.936   334.825 
    9180   334.939   334.823 
    9190   334.937   334.824 
    9200   334.922   334.823 
    9210   334.936   334.823 
    9220   334.937   334.824 
    9230   334.936   334.839 
    9240   334.939   334.825 
    9250   334.923   334.823 
    9260   334.937   334.824 
    9270   334.937   334.824 
    9280   334.937   334.814 
    9290   334.939   334.824 
    9300   334.943   334.828 
    9310   334.937   334.823 
    9320   334.937   334.824 
    9330   334.938   334.824 
    9340   334.937   334.824 
    9350   334.937   334.835 
    9360   334.937   334.823 
    9370   334.937   334.824 
    9380   334.937   334.821 
    9390   334.937   334.825 
    9400   334.936   334.824 
    9410   334.937   334.824 
    9420   334.937   334.824 
    9430   334.937   334.806 
    9440   334.937   334.824 
    9450   334.874   334.824 
    9460   334.937   334.824 
    9470   334.937   334.824 
    9480   334.936   334.819 
    9490   334.937   334.824 
    9500   334.941   334.824 
    9510   334.937   334.824 
    9520   334.937   334.824 
    9530   334.936   334.824 
    9540   334.937   334.824 
    9550   334.934   334.835 
    9560   334.937   334.824 
    9570   334.937   334.824 
    9580   334.936   334.824 
    9590   334.937   334.824 
    9600   334.941   334.812 
    9610   334.938   334.825 
    9620   334.937   334.824 
    9630   334.927   334.824 
    9640   334.937   334.824 
    9650   334.937   334.817 
    9660   334.937   334.826 
    9670   334.937   334.824 
    9680   334.937   334.830 
    9690   334.937   334.824 
    9700   335.127   334.828 
    9710   334.937   334.823 
    9720   334.937   334.824 
    9730   334.940   334.824 
    9740   334.937   334.824 
    9750   334.936   334.817 
    9760   334.937   334.823 
    9770   334.937   334.824 
    9780   334.936   334.807 
    9790   334.936   334.824 
    9800   334.939   334.824 
    9810   334.937   334.825 
    9820   334.937   334.824 
    9830   334.936   334.823 
    9840   334.937   334.824 
    9850   334.944   334.826 
    9860   334.938   334.822 
    9870   334.937   334.824 
    9880   334.936   334.824 
    9890   334.937   334.824 
    9900   334.939   334.820 
    9910   334.937   334.824 
    9920   334.937   334.824 
    9930   334.936   334.826 
    9940   334.937   334.824 
    9950   334.935   334.824 
    9960   334.937   334.824 
    9970   334.937   334.824 
    9980   334.937   334.824 
    9990   334.937   334.824 
   10000   334.937   334.824 
