       0    44.948    44.948 
      10    50.265    50.848 
      20    49.928    49.880 
      30    49.934    49.947 
      40    49.936    49.964 
      50    49.936    49.971 
      60    49.937    49.941 
      70    49.948    49.941 
      80    49.944    49.942 
      90    49.941    49.928 
     100    49.946    49.942 
     110    49.943    49.942 
     120    49.962    50.062 
     130    49.942    49.945 
     140    49.943    49.944 
     150    49.958    49.934 
     160    49.944    49.944 
     170    49.949    49.927 
     180    49.945    49.944 
     190    49.943    49.946 
     200    49.874    50.045 
     210    49.944    49.944 
     220    49.944    49.943 
     230    49.947    49.940 
     240    49.943    49.947 
     250    49.946    49.942 
     260    49.945    49.944 
     270    49.945    49.944 
     280    49.943    49.943 
     290    49.944    49.943 
     300    49.831    49.855 
     310    49.945    49.944 
     320    49.945    49.944 
     330    49.945    49.940 
     340    49.944    49.945 
     350    49.953    49.947 
     360    49.945    49.944 
     370    49.945    49.944 
     380    49.943    49.943 
     390    49.945    49.944 
     400    49.939    49.956 
     410    49.944    49.946 
     420    49.945    49.944 
     430    49.944    49.945 
     440    49.945    49.944 
     450    49.933    49.936 
     460    49.950    49.946 
     470    49.945    49.944 
     480    49.945    49.943 
     490    49.945    49.944 
     500    50.002    49.963 
     510    49.946    49.944 
     520    49.945    49.943 
     530    49.945    49.946 
     540    49.945    49.944 
     550    49.908    49.943 
     560    49.945    49.944 
     570    49.946    49.944 
     580    49.945    49.944 
     590    49.943    49.938 
     600    49.953    49.436 
     610    49.943    49.944 
     620    49.946    49.944 
     630    49.939    49.945 
     640    49.946    49.947 
     650    49.947    49.943 
     660    49.946    49.945 
     670    49.946    49.944 
     680    49.946    49.942 
     690    49.946    49.944 
     700    49.949    49.947 
     710    49.946    49.944 
     720    49.946    49.944 
     730    49.945    49.944 
     740    49.946    49.944 
     750    49.649    50.096 
     760    49.945    49.944 
     770    49.946    49.944 
     780    49.945    49.942 
     790    49.946    49.944 
     800    49.942    49.942 
     810    49.945    49.944 
     820    49.946    49.945 
     830    49.947    49.938 
     840    49.945    49.944 
     850    49.792    49.914 
     860    49.946    49.944 
     870    49.946    49.944 
     880    49.955    49.945 
     890    49.946    49.944 
     900    50.017    49.803 
     910    49.946    49.944 
     920    49.946    49.944 
     930    49.947    49.943 
     940    49.946    49.944 
     950    49.941    49.941 
     960    49.946    49.944 
     970    49.946    49.944 
     980    49.939    49.938 
     990    49.946    49.944 
    1000    49.948    49.943 
    1010    49.946    49.944 
    1020    49.946    49.944 
    1030    49.951    49.945 
    1040    49.946    49.944 
    1050    49.946    49.945 
    1060    49.946    49.944 
    1070    49.946    49.944 
    1080    49.945    49.944 
    1090    49.946    49.944 
    1100    49.938    50.128 
    1110    49.946    49.944 
    1120    49.946    49.944 
    1130    49.971    49.951 
    1140    49.960    49.949 
    1150    49.946    49.947 
    1160    49.946    49.944 
    1170    49.946    49.944 
    1180    49.946    49.944 
    1190    49.946    49.944 
    1200    49.900    49.743 
    1210    49.946    49.944 
    1220    49.946    49.944 
    1230    49.947    49.941 
    1240    49.946    49.944 
    1250    49.944    49.935 
    1260    49.946    49.944 
    1270    49.946    49.944 
    1280    49.952    49.944 
    1290    49.943    49.945 
    1300    49.951    49.939 
    1310    49.946    49.944 
    1320    49.946    49.944 
    1330    49.951    49.935 
    1340    49.946    49.944 
    1350    49.570    49.745 
    1360    49.946    49.944 
    1370    49.945    49.946 
    1380    49.946    49.944 
    1390    49.946    49.944 
    1400    49.910    49.898 
    1410    49.946    49.945 
    1420    49.946    49.944 
    1430    49.944    49.954 
    1440    49.946    49.944 
    1450    49.948    49.940 
    1460    49.946    49.944 
    1470    49.946    49.944 
    1480    49.945    49.944 
    1490    49.945    49.945 
    1500    49.946    49.945 
    1510    49.946    49.944 
    1520    49.946    49.944 
    1530    49.945    49.944 
    1540    49.946    49.945 
    1550    49.945    49.957 
    1560    49.946    49.944 
    1570    49.946    49.944 
    1580    49.948    49.948 
    1590    49.946    49.944 
    1600    49.959    49.940 
    1610    49.946    49.944 
    1620    49.946    49.944 
    1630    49.948    49.943 
    1640    49.946    49.945 
    1650    49.945    49.938 
    1660    49.946    49.944 
    1670    49.946    49.944 
    1680    49.946    49.947 
    1690    49.946    49.944 
    1700    50.095    49.922 
    1710    49.946    49.944 
    1720    49.946    49.944 
    1730    49.947    49.944 
    1740    49.946    49.944 
    1750    49.957    50.167 
    1760    49.946    49.946 
    1770    49.946    49.944 
    1780    49.944    49.944 
    1790    49.946    49.944 
    1800    50.154    49.539 
    1810    49.946    49.944 
    1820    49.952    49.950 
    1830    49.945    49.943 
    1840    49.946    49.944 
    1850    49.995    50.117 
    1860    49.946    49.944 
    1870    49.946    49.944 
    1880    49.949    49.944 
    1890    49.946    49.944 
    1900    50.088    49.971 
    1910    49.946    49.944 
    1920    49.946    49.944 
    1930    49.950    49.948 
    1940    49.946    49.944 
    1950    49.921    49.918 
    1960    49.952    49.945 
    1970    49.946    49.944 
    1980    49.946    49.944 
    1990    49.946    49.944 
    2000    50.187    49.927 
    2010    49.946    49.943 
    2020    49.944    49.943 
    2030    49.944    49.942 
    2040    49.946    49.944 
    2050    49.947    49.945 
    2060    49.946    49.944 
    2070    49.946    49.944 
    2080    49.955    49.960 
    2090    49.946    49.944 
    2100    49.991    49.921 
    2110    49.947    49.944 
    2120    49.946    49.944 
    2130    49.945    49.944 
    2140    49.946    49.944 
    2150    49.977    49.961 
    2160    49.946    49.944 
    2170    49.948    49.935 
    2180    49.949    49.940 
    2190    49.946    49.944 
    2200    49.943    49.942 
    2210    49.946    49.944 
    2220    49.946    49.944 
    2230    49.947    49.945 
    2240    49.946    49.944 
    2250    49.951    49.942 
    2260    49.946    49.944 
    2270    49.946    49.944 
    2280    49.945    49.943 
    2290    49.944    49.944 
    2300    49.953    49.675 
    2310    49.946    49.945 
    2320    49.946    49.944 
    2330    49.946    49.944 
    2340    49.946    49.944 
    2350    49.952    49.944 
    2360    49.946    49.944 
    2370    49.946    49.944 
    2380    49.946    49.944 
    2390    49.946    49.944 
    2400    49.980    49.850 
    2410    49.946    49.944 
    2420    49.946    49.944 
    2430    49.946    49.945 
    2440    49.946    49.944 
    2450    50.185    49.836 
    2460    49.953    49.940 
    2470    49.946    49.944 
    2480    49.947    49.944 
    2490    49.946    49.944 
    2500    49.936    49.951 
    2510    49.946    49.944 
    2520    49.946    49.944 
    2530    49.945    49.950 
    2540    49.947    49.944 
    2550    49.953    49.946 
    2560    49.946    49.944 
    2570    49.946    49.944 
    2580    49.947    49.944 
    2590    49.946    49.944 
    2600    49.872    50.105 
    2610    49.946    49.944 
    2620    49.946    49.944 
    2630    49.945    49.948 
    2640    49.945    49.944 
    2650    49.950    49.944 
    2660    49.946    49.944 
    2670    49.945    49.942 
    2680    49.947    49.943 
    2690    49.946    49.944 
    2700    49.988    49.923 
    2710    49.946    49.944 
    2720    49.946    49.944 
    2730    49.946    49.948 
    2740    49.946    49.944 
    2750    49.972    49.954 
    2760    49.947    49.945 
    2770    49.946    49.944 
    2780    49.946    49.944 
    2790    49.946    49.944 
    2800    49.935    49.955 
    2810    49.946    49.944 
    2820    49.946    49.944 
    2830    49.946    49.946 
    2840    49.946    49.944 
    2850    49.946    49.944 
    2860    49.946    49.944 
    2870    49.946    49.944 
    2880    49.945    49.941 
    2890    49.946    49.944 
    2900    49.940    49.946 
    2910    49.946    49.944 
    2920    49.946    49.944 
    2930    49.946    49.948 
    2940    49.946    49.944 
    2950    49.942    49.944 
    2960    49.946    49.944 
    2970    49.946    49.944 
    2980    49.945    49.944 
    2990    49.946    49.944 
    3000    49.934    49.976 
    3010    49.945    49.948 
    3020    49.946    49.944 
    3030    49.947    49.944 
    3040    49.945    49.942 
    3050    49.950    49.953 
    3060    49.946    49.944 
    3070    49.946    49.944 
    3080    49.949    49.954 
    3090    49.947    49.948 
    3100    49.950    49.943 
    3110    49.946    49.944 
    3120    49.945    49.943 
    3130    49.947    49.943 
    3140    49.946    49.945 
    3150    49.873    49.872 
    3160    49.946    49.944 
    3170    49.946    49.944 
    3180    49.946    49.943 
    3190    49.946    49.944 
    3200    49.960    49.782 
    3210    49.945    49.950 
    3220    49.946    49.944 
    3230    49.947    49.939 
    3240    49.946    49.944 
    3250    49.943    49.944 
    3260    49.946    49.944 
    3270    49.946    49.944 
    3280    49.945    49.943 
    3290    49.946    49.944 
    3300    50.149    49.849 
    3310    49.946    49.944 
    3320    49.946    49.944 
    3330    49.952    49.943 
    3340    49.946    49.944 
    3350    49.948    49.947 
    3360    49.946    49.944 
    3370    49.944    49.944 
    3380    49.945    49.945 
    3390    49.946    49.944 
    3400    49.951    49.945 
    3410    49.946    49.944 
    3420    49.946    49.944 
    3430    49.942    49.948 
    3440    49.946    49.944 
    3450    50.151    49.957 
    3460    49.946    49.945 
    3470    49.946    49.944 
    3480    49.945    49.944 
    3490    49.945    49.944 
    3500    49.944    49.944 
    3510    49.946    49.942 
    3520    49.946    49.944 
    3530    49.945    49.944 
    3540    49.945    49.944 
    3550    49.752    50.130 
    3560    49.946    49.944 
    3570    49.946    49.944 
    3580    49.947    49.944 
    3590    49.946    49.944 
    3600    49.944    49.940 
    3610    49.946    49.944 
    3620    49.945    49.944 
    3630    49.946    49.944 
    3640    49.946    49.944 
    3650    49.944    49.921 
    3660    49.946    49.944 
    3670    49.946    49.942 
    3680    49.945    49.942 
    3690    49.946    49.944 
    3700    49.959    49.888 
    3710    49.946    49.944 
    3720    49.946    49.944 
    3730    49.947    49.943 
    3740    49.946    49.944 
    3750    49.884    50.150 
    3760    49.946    49.944 
    3770    49.946    49.944 
    3780    49.947    49.939 
    3790    49.946    49.944 
    3800    49.940    49.944 
    3810    49.946    49.944 
    3820    49.946    49.944 
    3830    49.947    49.947 
    3840    49.943    49.944 
    3850    49.895    49.947 
    3860    49.946    49.944 
    3870    49.946    49.944 
    3880    49.951    49.940 
    3890    49.947    49.943 
    3900    49.951    49.946 
    3910    49.946    49.944 
    3920    49.946    49.944 
    3930    49.948    49.949 
    3940    49.946    49.944 
    3950    49.950    49.943 
    3960    49.946    49.944 
    3970    49.946    49.944 
    3980    49.939    49.945 
    3990    49.946    49.944 
    4000    49.946    49.943 
    4010    49.957    49.945 
    4020    49.946    49.944 
    4030    49.943    49.944 
    4040    49.946    49.944 
    4050    49.946    49.943 
    4060    49.946    49.944 
    4070    49.946    49.944 
    4080    49.947    49.944 
    4090    49.946    49.944 
    4100    49.947    49.970 
    4110    49.946    49.944 
    4120    49.946    49.944 
    4130    49.946    49.944 
    4140    49.946    49.944 
    4150    49.940    49.998 
    4160    49.946    49.944 
    4170    49.946    49.944 
    4180    49.945    49.947 
    4190    49.946    49.944 
    4200    49.942    49.942 
    4210    49.946    49.944 
    4220    49.946    49.944 
    4230    49.946    49.943 
    4240    49.946    49.944 
    4250    50.106    50.015 
    4260    49.946    49.944 
    4270    49.946    49.944 
    4280    49.946    49.945 
    4290    49.946    49.943 
    4300    49.946    49.912 
    4310    49.947    49.944 
    4320    49.946    49.944 
    4330    49.945    49.944 
    4340    49.946    49.944 
    4350    49.946    49.943 
    4360    49.946    49.944 
    4370    49.946    49.944 
    4380    49.946    49.944 
    4390    49.946    49.944 
    4400    50.019    50.337 
    4410    49.946    49.944 
    4420    49.946    49.944 
    4430    49.946    49.944 
    4440    49.946    49.944 
    4450    49.858    50.193 
    4460    49.946    49.944 
    4470    49.946    49.944 
    4480    49.942    49.943 
    4490    49.946    49.944 
    4500    49.944    49.949 
    4510    49.946    49.944 
    4520    49.946    49.944 
    4530    49.941    49.944 
    4540    49.946    49.945 
    4550    50.094    50.027 
    4560    49.946    49.944 
    4570    49.946    49.944 
    4580    49.946    49.946 
    4590    49.946    49.944 
    4600    49.946    49.934 
    4610    49.935    49.944 
    4620    49.946    49.944 
    4630    49.945    49.944 
    4640    49.946    49.944 
    4650    49.936    49.943 
    4660    49.946    49.944 
    4670    49.946    49.944 
    4680    49.945    49.944 
    4690    49.946    49.944 
    4700    49.981    49.745 
    4710    49.946    49.944 
    4720    49.946    49.944 
    4730    49.945    49.945 
    4740    49.946    49.944 
    4750    49.940    49.971 
    4760    49.948    49.944 
    4770    49.946    49.944 
    4780    49.944    49.940 
    4790    49.946    49.944 
    4800    49.948    49.946 
    4810    49.946    49.944 
    4820    49.946    49.944 
    4830    49.945    49.941 
    4840    49.946    49.944 
    4850    49.722    50.005 
    4860    49.946    49.944 
    4870    49.947    49.946 
    4880    49.946    49.944 
    4890    49.946    49.944 
    4900    49.956    49.944 
    4910    49.946    49.944 
    4920    49.946    49.944 
    4930    49.942    49.943 
    4940    49.946    49.944 
    4950    49.999    49.791 
    4960    49.946    49.944 
    4970    49.946    49.944 
    4980    49.952    49.944 
    4990    49.946    49.944 
    5000    49.942    50.058 
    5010    49.946    49.944 
    5020    49.946    49.944 
    5030    49.945    49.944 
    5040    49.946    49.944 
    5050    49.885    50.014 
    5060    49.946    49.944 
    5070    49.946    49.944 
    5080    49.949    49.948 
    5090    49.946    49.944 
    5100    49.829    49.949 
    5110    49.946    49.944 
    5120    49.946    49.944 
    5130    49.944    49.942 
    5140    49.946    49.944 
    5150    50.164    50.142 
    5160    49.946    49.944 
    5170    49.946    49.944 
    5180    49.939    49.943 
    5190    49.946    49.944 
    5200    49.982    49.930 
    5210    49.946    49.944 
    5220    49.946    49.944 
    5230    49.946    49.948 
    5240    49.946    49.944 
    5250    49.911    49.947 
    5260    49.946    49.944 
    5270    49.946    49.944 
    5280    49.948    49.949 
    5290    49.946    49.945 
    5300    49.940    49.943 
    5310    49.947    49.944 
    5320    49.951    49.943 
    5330    49.946    49.944 
    5340    49.946    49.944 
    5350    49.904    49.946 
    5360    49.946    49.944 
    5370    49.946    49.944 
    5380    49.943    49.945 
    5390    49.946    49.945 
    5400    49.902    49.827 
    5410    49.946    49.944 
    5420    49.946    49.944 
    5430    49.945    49.944 
    5440    49.946    49.944 
    5450    49.935    49.951 
    5460    49.946    49.944 
    5470    49.946    49.944 
    5480    49.946    49.948 
    5490    49.946    49.944 
    5500    49.948    49.942 
    5510    49.946    49.944 
    5520    49.946    49.944 
    5530    49.944    49.942 
    5540    49.947    49.943 
    5550    49.941    49.948 
    5560    49.946    49.944 
    5570    49.946    49.944 
    5580    49.945    49.944 
    5590    49.946    49.944 
    5600    49.946    49.946 
    5610    49.946    49.944 
    5620    49.946    49.944 
    5630    49.947    49.944 
    5640    49.946    49.944 
    5650    49.943    49.940 
    5660    49.946    49.944 
    5670    49.946    49.944 
    5680    49.968    49.975 
    5690    49.945    49.943 
    5700    49.936    49.926 
    5710    49.946    49.944 
    5720    49.946    49.944 
    5730    49.947    49.948 
    5740    49.946    49.944 
    5750    49.746    49.998 
    5760    49.955    49.943 
    5770    49.946    49.944 
    5780    49.946    49.944 
    5790    49.946    49.944 
    5800    49.949    49.944 
    5810    49.946    49.945 
    5820    49.946    49.944 
    5830    49.946    49.943 
    5840    49.946    49.944 
    5850    49.900    49.946 
    5860    49.946    49.944 
    5870    49.946    49.944 
    5880    49.946    49.944 
    5890    49.946    49.944 
    5900    50.327    49.946 
    5910    49.946    49.944 
    5920    49.946    49.944 
    5930    49.941    49.945 
    5940    49.946    49.944 
    5950    49.933    49.908 
    5960    49.946    49.944 
    5970    49.946    49.944 
    5980    49.946    49.939 
    5990    49.946    49.944 
    6000    49.934    49.944 
    6010    49.946    49.950 
    6020    49.946    49.944 
    6030    49.946    49.945 
    6040    49.946    49.944 
    6050    49.950    49.940 
    6060    49.946    49.944 
    6070    49.946    49.944 
    6080    49.939    49.952 
    6090    49.946    49.944 
    6100    49.954    49.945 
    6110    49.946    49.944 
    6120    49.946    49.944 
    6130    49.947    49.928 
    6140    49.946    49.944 
    6150    49.950    49.947 
    6160    49.946    49.944 
    6170    49.946    49.944 
    6180    49.946    49.943 
    6190    49.946    49.944 
    6200    49.943    49.940 
    6210    49.946    49.944 
    6220    49.946    49.944 
    6230    49.946    49.946 
    6240    49.946    49.944 
    6250    49.825    49.844 
    6260    49.946    49.944 
    6270    49.946    49.944 
    6280    49.945    49.946 
    6290    49.946    49.944 
    6300    49.952    49.935 
    6310    49.946    49.944 
    6320    49.946    49.944 
    6330    49.945    49.944 
    6340    49.945    49.945 
    6350    49.946    49.944 
    6360    49.946    49.944 
    6370    49.946    49.944 
    6380    49.945    49.945 
    6390    49.946    49.944 
    6400    49.944    49.939 
    6410    49.946    49.944 
    6420    49.946    49.944 
    6430    49.943    49.946 
    6440    49.946    49.944 
    6450    49.943    49.940 
    6460    49.946    49.944 
    6470    49.946    49.944 
    6480    49.948    49.942 
    6490    49.946    49.944 
    6500    49.949    49.946 
    6510    49.946    49.944 
    6520    49.946    49.944 
    6530    49.948    49.943 
    6540    49.947    49.943 
    6550    49.947    49.946 
    6560    49.946    49.944 
    6570    49.946    49.944 
    6580    49.944    49.945 
    6590    49.946    49.944 
    6600    50.126    50.237 
    6610    49.946    49.944 
    6620    49.946    49.944 
    6630    49.944    49.940 
    6640    49.946    49.944 
    6650    49.949    49.943 
    6660    49.946    49.944 
    6670    49.946    49.944 
    6680    49.944    49.944 
    6690    49.945    49.946 
    6700    49.940    49.957 
    6710    49.946    49.944 
    6720    49.946    49.944 
    6730    49.947    49.944 
    6740    49.946    49.944 
    6750    49.355    48.529 
    6760    49.946    49.943 
    6770    49.946    49.943 
    6780    49.945    49.943 
    6790    49.946    49.944 
    6800    49.942    49.946 
    6810    49.946    49.944 
    6820    49.946    49.944 
    6830    49.944    49.941 
    6840    49.946    49.944 
    6850    49.951    49.942 
    6860    49.946    49.944 
    6870    49.946    49.944 
    6880    49.945    49.942 
    6890    49.946    49.944 
    6900    49.941    49.945 
    6910    49.946    49.944 
    6920    49.946    49.944 
    6930    49.946    49.944 
    6940    49.946    49.944 
    6950    49.925    49.947 
    6960    49.946    49.944 
    6970    49.946    49.944 
    6980    49.947    49.943 
    6990    49.946    49.944 
    7000    50.209    50.051 
    7010    49.946    49.944 
    7020    49.946    49.944 
    7030    49.946    49.944 
    7040    49.946    49.944 
    7050    49.913    49.948 
    7060    49.946    49.944 
    7070    49.946    49.944 
    7080    49.945    49.944 
    7090    49.946    49.944 
    7100    49.946    49.946 
    7110    49.946    49.944 
    7120    49.946    49.944 
    7130    49.946    49.944 
    7140    49.946    49.944 
    7150    49.946    49.937 
    7160    49.944    49.944 
    7170    49.946    49.944 
    7180    49.947    49.944 
    7190    49.946    49.944 
    7200    49.944    49.952 
    7210    49.946    49.944 
    7220    49.946    49.944 
    7230    49.946    49.944 
    7240    49.946    49.944 
    7250    49.644    49.899 
    7260    49.947    49.944 
    7270    49.946    49.944 
    7280    49.950    49.944 
    7290    49.946    49.944 
    7300    49.959    50.160 
    7310    49.946    49.944 
    7320    49.946    49.944 
    7330    49.949    49.942 
    7340    49.946    49.944 
    7350    49.946    49.944 
    7360    49.946    49.944 
    7370    49.946    49.944 
    7380    49.948    49.944 
    7390    49.946    49.944 
    7400    49.945    49.945 
    7410    49.946    49.944 
    7420    49.946    49.944 
    7430    49.945    49.943 
    7440    49.946    49.944 
    7450    49.931    49.904 
    7460    49.946    49.944 
    7470    49.946    49.944 
    7480    49.946    49.941 
    7490    49.946    49.944 
    7500    50.115    49.982 
    7510    49.946    49.944 
    7520    49.946    49.944 
    7530    49.945    49.945 
    7540    49.946    49.944 
    7550    49.910    50.073 
    7560    49.946    49.944 
    7570    49.946    49.944 
    7580    49.944    49.941 
    7590    49.946    49.944 
    7600    49.949    49.949 
    7610    49.950    49.947 
    7620    49.946    49.944 
    7630    49.944    49.942 
    7640    49.946    49.944 
    7650    49.957    49.936 
    7660    49.946    49.944 
    7670    49.946    49.944 
    7680    49.937    49.949 
    7690    49.946    49.944 
    7700    49.867    49.833 
    7710    49.947    49.944 
    7720    49.946    49.944 
    7730    49.946    49.941 
    7740    49.946    49.945 
    7750    49.955    49.945 
    7760    49.946    49.944 
    7770    49.946    49.944 
    7780    49.946    49.946 
    7790    49.946    49.944 
    7800    49.941    49.943 
    7810    49.951    49.945 
    7820    49.946    49.944 
    7830    49.945    49.946 
    7840    49.946    49.944 
    7850    49.962    49.948 
    7860    49.946    49.944 
    7870    49.946    49.944 
    7880    49.946    49.943 
    7890    49.946    49.944 
    7900    49.771    49.928 
    7910    49.946    49.944 
    7920    49.946    49.944 
    7930    49.946    49.941 
    7940    49.946    49.944 
    7950    49.851    49.991 
    7960    49.946    49.944 
    7970    49.946    49.944 
    7980    49.941    49.944 
    7990    49.946    49.944 
    8000    49.952    49.947 
    8010    49.946    49.944 
    8020    49.946    49.944 
    8030    49.945    49.943 
    8040    49.946    49.944 
    8050    49.959    50.019 
    8060    49.946    49.944 
    8070    49.946    49.944 
    8080    49.945    49.944 
    8090    49.946    49.944 
    8100    49.946    49.948 
    8110    49.946    49.944 
    8120    49.946    49.944 
    8130    49.943    49.944 
    8140    49.946    49.944 
    8150    49.986    49.611 
    8160    49.946    49.944 
    8170    49.946    49.944 
    8180    49.946    49.938 
    8190    49.946    49.944 
    8200    49.979    49.941 
    8210    49.946    49.944 
    8220    49.946    49.944 
    8230    49.946    49.942 
    8240    49.946    49.944 
    8250    49.954    49.944 
    8260    49.947    49.944 
    8270    49.951    49.942 
    8280    49.945    49.943 
    8290    49.946    49.944 
    8300    50.111    49.825 
    8310    49.947    49.944 
    8320    49.946    49.944 
    8330    49.948    49.944 
    8340    49.946    49.944 
    8350    49.951    49.945 
    8360    49.946    49.944 
    8370    49.946    49.944 
    8380    49.947    49.944 
    8390    49.945    49.943 
    8400    49.958    49.951 
    8410    49.946    49.944 
    8420    49.946    49.944 
    8430    49.945    49.943 
    8440    49.946    49.944 
    8450    49.870    50.085 
    8460    49.946    49.944 
    8470    49.946    49.944 
    8480    49.945    49.940 
    8490    49.946    49.944 
    8500    49.957    49.943 
    8510    49.946    49.944 
    8520    49.946    49.944 
    8530    30.117   -36.359 
    8540    49.946    49.944 
    8550    49.945    49.945 
    8560    49.956    49.939 
    8570    49.950    49.943 
    8580    49.946    49.945 
    8590    49.946    49.944 
    8600    49.950    49.942 
    8610    49.946    49.944 
    8620    49.946    49.946 
    8630    49.943    49.942 
    8640    49.947    49.945 
    8650    49.953    49.926 
    8660    49.946    49.944 
    8670    49.946    49.944 
    8680    49.946    49.942 
    8690    49.946    49.944 
    8700    49.951    49.946 
    8710    49.946    49.944 
    8720    49.946    49.944 
    8730    49.945    49.938 
    8740    49.946    49.944 
    8750    49.936    49.942 
    8760    49.946    49.944 
    8770    49.946    49.944 
    8780    49.946    49.945 
    8790    49.946    49.944 
    8800    49.947    49.968 
    8810    49.946    49.944 
    8820    49.946    49.944 
    8830    49.943    49.945 
    8840    49.946    49.944 
    8850    49.866    49.634 
    8860    49.946    49.944 
    8870    49.946    49.944 
    8880    49.946    49.945 
    8890    49.946    49.944 
    8900    49.801    49.886 
    8910    49.955    49.945 
    8920    49.946    49.944 
    8930    49.947    49.943 
    8940    49.946    49.944 
    8950    49.950    49.943 
    8960    49.946    49.944 
    8970    49.946    49.944 
    8980    49.945    49.944 
    8990    49.946    49.944 
    9000    49.947    49.949 
    9010    49.946    49.944 
    9020    49.946    49.944 
    9030    49.946    49.944 
    9040    49.946    49.949 
    9050    49.946    49.950 
    9060    49.946    49.944 
    9070    49.946    49.944 
    9080    49.945    49.946 
    9090    49.946    49.944 
    9100    50.091    50.001 
    9110    49.946    49.944 
    9120    49.946    49.944 
    9130    49.947    49.943 
    9140    49.946    49.944 
    9150    50.033    50.159 
    9160    49.947    49.945 
    9170    49.946    49.944 
    9180    49.947    49.938 
    9190    49.946    49.944 
    9200    49.950    49.945 
    9210    49.946    49.944 
    9220    49.946    49.944 
    9230    49.940    49.939 
    9240    49.946    49.944 
    9250    49.943    49.943 
    9260    49.946    49.944 
    9270    49.946    49.944 
    9280    49.945    49.944 
    9290    49.946    49.945 
    9300    49.961    49.984 
    9310    49.947    49.944 
    9320    49.946    49.944 
    9330    49.945    49.942 
    9340    49.946    49.944 
    9350    49.967    49.942 
    9360    49.946    49.944 
    9370    49.946    49.944 
    9380    49.947    49.940 
    9390    49.946    49.944 
    9400    49.939    49.943 
    9410    49.946    49.944 
    9420    49.946    49.944 
    9430    49.946    49.939 
    9440    49.946    49.944 
    9450    49.949    49.945 
    9460    49.946    49.944 
    9470    49.946    49.944 
    9480    49.944    49.944 
    9490    49.947    49.946 
    9500    49.936    49.917 
    9510    49.946    49.944 
    9520    49.946    49.944 
    9530    49.944    49.943 
    9540    49.946    49.944 
    9550    50.010    49.830 
    9560    49.946    49.944 
    9570    49.946    49.944 
    9580    49.946    49.947 
    9590    49.946    49.944 
    9600    49.948    49.944 
    9610    49.946    49.943 
    9620    49.946    49.944 
    9630    49.946    49.944 
    9640    49.946    49.944 
    9650    49.953    49.950 
    9660    49.946    49.944 
    9670    49.946    49.944 
    9680    49.947    49.944 
    9690    49.945    49.941 
    9700    49.942    49.946 
    9710    49.946    49.944 
    9720    49.946    49.944 
    9730    49.946    49.945 
    9740    49.946    49.944 
    9750    49.951    49.923 
    9760    49.946    49.944 
    9770    49.946    49.944 
    9780    49.940    49.933 
    9790    49.946    49.944 
    9800    50.058    49.891 
    9810    49.946    49.944 
    9820    49.946    49.944 
    9830    49.946    49.944 
    9840    49.946    49.943 
    9850    49.946    49.949 
    9860    49.946    49.944 
    9870    49.946    49.944 
    9880    49.938    49.944 
    9890    49.946    49.944 
    9900    49.946    49.948 
    9910    49.946    49.944 
    9920    49.946    49.944 
    9930    49.946    49.943 
    9940    49.946    49.944 
    9950    49.774    49.897 
    9960    49.946    49.944 
    9970    49.946    49.944 
    9980    49.943    49.944 
    9990    49.946    49.944 
   10000    49.946    49.944 
