       0   239.983   239.975 
      10   245.095   245.083 
      20   244.880   244.970 
      30   244.899   244.868 
      40   244.908   244.836 
      50   244.913   244.830 
      60   244.893   244.926 
      70   244.942   244.945 
      80   244.950   244.944 
      90   245.031   244.942 
     100   244.948   244.940 
     110   244.944   244.959 
     120   244.951   244.939 
     130   244.954   244.944 
     140   244.951   244.947 
     150   245.086   244.936 
     160   244.952   244.960 
     170   244.959   244.943 
     180   244.956   244.950 
     190   245.023   245.014 
     200   244.957   244.949 
     210   244.955   244.951 
     220   244.959   244.950 
     230   244.958   244.941 
     240   244.948   244.954 
     250   244.963   244.952 
     260   244.959   244.960 
     270   244.961   244.953 
     280   244.962   244.954 
     290   244.958   244.955 
     300   244.966   244.952 
     310   244.960   244.956 
     320   244.960   244.953 
     330   244.957   244.947 
     340   244.958   244.956 
     350   244.942   244.964 
     360   244.961   244.957 
     370   244.962   244.954 
     380   244.963   244.955 
     390   244.963   244.954 
     400   244.969   244.953 
     410   244.961   244.955 
     420   244.957   244.944 
     430   244.961   244.957 
     440   244.963   244.963 
     450   244.966   244.952 
     460   244.964   244.957 
     470   244.979   244.969 
     480   244.967   244.958 
     490   244.964   244.959 
     500   245.068   244.874 
     510   244.965   244.960 
     520   244.967   244.980 
     530   244.963   244.959 
     540   244.936   244.982 
     550   244.966   244.958 
     560   244.970   244.939 
     570   244.966   244.959 
     580   244.965   244.959 
     590   244.967   244.962 
     600   244.963   244.959 
     610   244.967   244.957 
     620   244.966   244.961 
     630   244.966   244.961 
     640   244.967   244.961 
     650   244.985   244.947 
     660   244.966   244.958 
     670   244.961   244.950 
     680   244.966   244.963 
     690   244.972   244.952 
     700   244.968   244.961 
     710   244.967   244.960 
     720   244.968   244.963 
     730   244.967   244.961 
     740   244.968   244.956 
     750   244.971   244.967 
     760   244.969   244.962 
     770   244.953   244.959 
     780   244.970   244.961 
     790   244.971   244.960 
     800   244.972   244.960 
     810   244.969   244.963 
     820   244.969   244.959 
     830   244.969   244.962 
     840   244.970   244.962 
     850   244.971   244.965 
     860   244.972   244.963 
     870   244.970   244.963 
     880   244.970   244.963 
     890   244.972   244.963 
     900   245.026   244.959 
     910   244.972   244.962 
     920   244.972   244.963 
     930   244.972   244.963 
     940   244.973   244.963 
     950   244.983   244.959 
     960   244.973   244.964 
     970   244.974   244.963 
     980   244.973   244.964 
     990   244.974   244.964 
    1000   245.017   244.971 
    1010   244.975   244.965 
    1020   244.979   244.965 
    1030   244.976   244.965 
    1040   244.974   244.963 
    1050   244.973   244.957 
    1060   244.974   244.964 
    1070   244.974   244.964 
    1080   244.975   244.963 
    1090   244.974   244.965 
    1100   244.936   245.029 
    1110   244.974   244.965 
    1120   244.974   244.964 
    1130   244.974   244.963 
    1140   244.974   244.964 
    1150   244.972   244.964 
    1160   244.975   244.942 
    1170   244.974   244.964 
    1180   244.974   244.967 
    1190   244.974   244.964 
    1200   244.979   244.964 
    1210   244.974   244.985 
    1220   244.974   244.967 
    1230   244.975   244.965 
    1240   244.975   244.964 
    1250   244.976   244.972 
    1260   244.980   244.963 
    1270   244.974   244.965 
    1280   244.974   244.964 
    1290   244.975   244.964 
    1300   245.056   244.983 
    1310   244.974   244.968 
    1320   244.976   244.965 
    1330   244.975   244.965 
    1340   244.977   244.965 
    1350   244.992   244.968 
    1360   244.977   244.965 
    1370   244.976   244.965 
    1380   244.977   244.965 
    1390   244.976   244.965 
    1400   244.977   244.977 
    1410   244.976   244.966 
    1420   244.976   244.965 
    1430   244.975   244.964 
    1440   244.976   244.965 
    1450   244.987   244.965 
    1460   244.976   244.965 
    1470   244.976   244.965 
    1480   244.975   244.964 
    1490   244.976   244.966 
    1500   244.985   244.964 
    1510   244.976   244.965 
    1520   244.977   244.965 
    1530   244.978   244.966 
    1540   244.976   244.965 
    1550   244.968   244.870 
    1560   244.976   244.965 
    1570   244.977   244.966 
    1580   244.975   244.966 
    1590   244.977   244.965 
    1600   244.979   244.965 
    1610   244.977   244.965 
    1620   244.977   244.966 
    1630   244.977   244.965 
    1640   244.977   244.965 
    1650   244.964   244.988 
    1660   244.977   244.966 
    1670   244.977   244.965 
    1680   244.982   244.962 
    1690   244.976   244.966 
    1700   244.977   244.972 
    1710   244.977   244.965 
    1720   244.976   244.966 
    1730   244.977   244.966 
    1740   244.977   244.965 
    1750   244.970   244.968 
    1760   244.984   244.964 
    1770   244.977   244.966 
    1780   244.976   244.966 
    1790   244.977   244.966 
    1800   244.978   244.968 
    1810   244.977   244.966 
    1820   244.977   244.966 
    1830   244.977   244.967 
    1840   244.977   244.966 
    1850   245.027   244.961 
    1860   244.977   244.966 
    1870   244.977   244.966 
    1880   244.976   244.965 
    1890   244.977   244.966 
    1900   244.974   244.968 
    1910   244.977   244.966 
    1920   244.977   244.966 
    1930   244.961   244.951 
    1940   244.977   244.966 
    1950   244.975   244.966 
    1960   244.977   244.966 
    1970   244.977   244.966 
    1980   244.976   244.966 
    1990   244.977   244.966 
    2000   244.983   244.960 
    2010   244.977   244.966 
    2020   244.977   244.966 
    2030   244.977   244.966 
    2040   244.977   244.966 
    2050   244.973   244.965 
    2060   244.977   244.965 
    2070   244.977   244.965 
    2080   244.978   244.971 
    2090   244.977   244.966 
    2100   244.981   244.965 
    2110   244.977   244.966 
    2120   244.977   244.966 
    2130   244.976   244.966 
    2140   244.977   244.966 
    2150   244.969   244.914 
    2160   244.978   244.965 
    2170   244.977   244.966 
    2180   244.976   244.966 
    2190   244.977   244.966 
    2200   244.979   244.965 
    2210   244.983   244.965 
    2220   244.977   244.966 
    2230   244.976   244.966 
    2240   244.977   244.966 
    2250   244.981   244.965 
    2260   244.980   244.965 
    2270   244.977   244.966 
    2280   244.976   244.966 
    2290   244.977   244.966 
    2300   244.974   244.958 
    2310   244.977   244.965 
    2320   244.976   244.965 
    2330   351.600   311.738 
    2340   244.977   244.966 
    2350   245.007   244.933 
    2360   244.978   244.966 
    2370   244.977   244.966 
    2380   244.976   244.966 
    2390   244.977   244.966 
    2400   244.978   245.086 
    2410   244.977   244.966 
    2420   244.977   244.966 
    2430   244.978   244.965 
    2440   244.977   244.965 
    2450   244.975   244.966 
    2460   244.977   244.966 
    2470   244.977   244.966 
    2480   244.977   244.966 
    2490   244.978   244.966 
    2500   245.013   244.916 
    2510   244.977   244.966 
    2520   244.977   244.966 
    2530   244.977   244.967 
    2540   244.977   244.966 
    2550   244.975   244.965 
    2560   244.977   244.966 
    2570   244.977   244.966 
    2580   244.978   244.965 
    2590   244.977   244.966 
    2600   244.978   244.946 
    2610   244.977   244.965 
    2620   244.977   244.966 
    2630   244.975   244.966 
    2640   244.977   244.966 
    2650   244.930   244.855 
    2660   244.977   244.967 
    2670   244.989   244.971 
    2680   244.978   244.969 
    2690   244.977   244.966 
    2700   244.957   244.974 
    2710   244.981   244.965 
    2720   244.977   244.966 
    2730   244.975   244.966 
    2740   244.977   244.966 
    2750   244.976   244.963 
    2760   244.976   244.964 
    2770   244.977   244.966 
    2780   244.977   244.965 
    2790   244.977   244.966 
    2800   245.070   244.956 
    2810   244.977   244.966 
    2820   244.977   244.966 
    2830   244.976   244.967 
    2840   244.977   244.966 
    2850   244.979   244.957 
    2860   244.977   244.966 
    2870   244.977   244.966 
    2880   244.973   244.972 
    2890   244.977   244.966 
    2900   245.041   244.993 
    2910   244.977   244.966 
    2920   244.977   244.966 
    2930   244.977   244.966 
    2940   244.977   244.966 
    2950   244.980   244.975 
    2960   244.976   244.966 
    2970   244.977   244.966 
    2980   244.975   244.966 
    2990   244.977   244.966 
    3000   245.003   244.968 
    3010   244.977   244.966 
    3020   244.977   244.966 
    3030   244.977   244.965 
    3040   244.977   244.966 
    3050   244.978   244.964 
    3060   244.977   244.966 
    3070   244.977   244.966 
    3080   244.978   244.967 
    3090   244.977   244.966 
    3100   244.981   244.966 
    3110   244.976   244.966 
    3120   244.977   244.966 
    3130   244.978   244.966 
    3140   244.977   244.966 
    3150   244.974   244.961 
    3160   244.977   244.966 
    3170   244.977   244.966 
    3180   244.978   244.962 
    3190   244.977   244.966 
    3200   244.978   244.962 
    3210   244.979   244.965 
    3220   244.977   244.966 
    3230   244.978   244.966 
    3240   244.977   244.966 
    3250   244.975   244.946 
    3260   244.976   244.965 
    3270   244.976   244.966 
    3280   244.977   244.966 
    3290   244.977   244.966 
    3300   244.953   244.976 
    3310   244.977   244.966 
    3320   244.977   244.966 
    3330   244.977   244.966 
    3340   244.977   244.966 
    3350   244.971   244.956 
    3360   244.977   244.966 
    3370   244.977   244.966 
    3380   244.976   244.966 
    3390   244.977   244.966 
    3400   244.979   244.963 
    3410   244.977   244.966 
    3420   244.977   244.966 
    3430   244.972   244.966 
    3440   244.977   244.966 
    3450   244.973   244.963 
    3460   244.977   244.966 
    3470   244.977   244.966 
    3480   244.976   244.966 
    3490   244.977   244.966 
    3500   244.976   244.965 
    3510   244.977   244.966 
    3520   244.977   244.966 
    3530   244.976   244.963 
    3540   244.977   244.966 
    3550   244.977   244.966 
    3560   244.977   244.966 
    3570   244.977   244.966 
    3580   244.979   244.967 
    3590   244.977   244.966 
    3600   244.974   244.967 
    3610   244.978   244.966 
    3620   244.977   244.966 
    3630   244.978   244.966 
    3640   244.977   244.966 
    3650   244.974   244.953 
    3660   244.978   244.966 
    3670   244.977   244.966 
    3680   244.977   244.966 
    3690   244.977   244.966 
    3700   244.924   244.941 
    3710   244.977   244.966 
    3720   244.977   244.966 
    3730   244.955   244.957 
    3740   244.987   244.970 
    3750   244.978   244.961 
    3760   244.977   244.966 
    3770   244.977   244.966 
    3780   244.978   244.965 
    3790   244.977   244.966 
    3800   244.987   244.967 
    3810   244.977   244.966 
    3820   244.977   244.966 
    3830   255.208   310.221 
    3840   244.977   244.966 
    3850   244.973   244.966 
    3860   244.977   244.966 
    3870   244.977   244.966 
    3880   244.977   244.965 
    3890   244.977   244.966 
    3900   244.885   244.973 
    3910   244.977   244.966 
    3920   244.977   244.966 
    3930   244.976   244.960 
    3940   244.977   244.965 
    3950   245.051   244.963 
    3960   244.977   244.966 
    3970   244.977   244.966 
    3980   244.978   244.966 
    3990   244.977   244.966 
    4000   244.982   244.965 
    4010   244.977   244.966 
    4020   244.977   244.966 
    4030   244.977   244.966 
    4040   244.977   244.966 
    4050   244.978   244.967 
    4060   244.977   244.966 
    4070   244.977   244.966 
    4080   244.977   244.965 
    4090   244.977   244.966 
    4100   244.914   244.929 
    4110   244.977   244.966 
    4120   244.977   244.966 
    4130   244.977   244.968 
    4140   244.977   244.966 
    4150   244.980   244.965 
    4160   244.977   244.966 
    4170   244.977   244.966 
    4180   244.977   244.966 
    4190   244.977   244.966 
    4200   244.979   244.966 
    4210   244.977   244.967 
    4220   244.977   244.966 
    4230   244.977   244.965 
    4240   244.977   244.966 
    4250   244.970   244.967 
    4260   244.977   244.966 
    4270   244.977   244.966 
    4280   244.974   244.966 
    4290   244.977   244.966 
    4300   244.966   244.971 
    4310   244.975   244.966 
    4320   244.978   244.966 
    4330   244.976   244.966 
    4340   244.977   244.965 
    4350   244.977   244.970 
    4360   244.977   244.966 
    4370   244.977   244.966 
    4380   244.977   244.966 
    4390   244.977   244.966 
    4400   244.978   244.968 
    4410   244.977   244.967 
    4420   244.977   244.966 
    4430   244.977   244.967 
    4440   244.977   244.966 
    4450   245.019   244.964 
    4460   244.977   244.966 
    4470   244.977   244.966 
    4480   218.171   316.802 
    4490   244.977   244.966 
    4500   244.972   244.965 
    4510   244.977   244.966 
    4520   244.977   244.966 
    4530   244.978   244.968 
    4540   244.977   244.966 
    4550   244.977   244.961 
    4560   244.977   244.966 
    4570   244.977   244.966 
    4580   244.977   244.966 
    4590   244.977   244.966 
    4600   244.979   244.966 
    4610   244.977   244.966 
    4620   244.977   244.966 
    4630   244.977   244.966 
    4640   244.977   244.966 
    4650   244.977   244.968 
    4660   244.978   244.966 
    4670   244.977   244.966 
    4680   244.977   244.966 
    4690   244.977   244.966 
    4700   244.980   244.975 
    4710   244.978   244.964 
    4720   244.979   244.965 
    4730   244.978   244.964 
    4740   244.977   244.966 
    4750   244.989   244.974 
    4760   244.977   244.966 
    4770   244.977   244.966 
    4780   244.976   244.968 
    4790   244.977   244.966 
    4800   244.979   244.966 
    4810   244.977   244.966 
    4820   244.977   244.966 
    4830   244.978   244.968 
    4840   244.977   244.966 
    4850   244.986   244.964 
    4860   244.977   244.966 
    4870   244.977   244.966 
    4880   244.978   244.963 
    4890   244.977   244.966 
    4900   244.979   244.909 
    4910   244.977   244.966 
    4920   244.977   244.966 
    4930   244.979   244.968 
    4940   244.977   244.966 
    4950   245.024   244.948 
    4960   244.977   244.966 
    4970   244.977   244.966 
    4980   244.977   244.969 
    4990   244.977   244.966 
    5000   244.973   245.001 
    5010   244.977   244.966 
    5020   244.977   244.966 
    5030   244.977   244.965 
    5040   244.977   244.966 
    5050   244.985   244.966 
    5060   244.977   244.966 
    5070   244.977   244.966 
    5080   244.977   244.964 
    5090   244.977   244.967 
    5100   244.971   244.966 
    5110   244.977   244.966 
    5120   244.977   244.966 
    5130   244.977   244.967 
    5140   244.977   244.966 
    5150   244.979   244.961 
    5160   244.977   244.966 
    5170   244.977   244.966 
    5180   244.980   244.965 
    5190   244.977   244.966 
    5200   244.980   244.968 
    5210   244.977   244.966 
    5220   244.977   244.966 
    5230   244.976   244.968 
    5240   244.977   244.966 
    5250   244.980   244.966 
    5260   244.977   244.966 
    5270   244.977   244.966 
    5280   244.977   244.966 
    5290   244.977   244.966 
    5300   244.982   244.966 
    5310   244.977   244.967 
    5320   244.977   244.966 
    5330   244.977   244.965 
    5340   244.977   244.966 
    5350   244.976   244.966 
    5360   244.977   244.966 
    5370   244.978   244.966 
    5380   244.976   244.965 
    5390   244.977   244.966 
    5400   244.964   244.958 
    5410   244.977   244.966 
    5420   244.977   244.966 
    5430   244.976   244.967 
    5440   244.977   244.966 
    5450   244.923   244.955 
    5460   244.977   244.966 
    5470   244.977   244.966 
    5480   244.975   244.965 
    5490   244.977   244.966 
    5500   244.976   244.967 
    5510   244.985   244.962 
    5520   244.977   244.966 
    5530   244.977   244.966 
    5540   244.977   244.966 
    5550   244.979   244.968 
    5560   244.980   244.967 
    5570   244.977   244.966 
    5580   244.977   244.966 
    5590   244.977   244.966 
    5600   244.977   244.927 
    5610   244.978   244.965 
    5620   244.977   244.966 
    5630   244.976   244.966 
    5640   244.977   244.966 
    5650   244.976   244.957 
    5660   244.978   244.967 
    5670   244.977   244.966 
    5680   244.977   244.965 
    5690   244.977   244.966 
    5700   244.976   244.968 
    5710   244.983   244.963 
    5720   244.977   244.966 
    5730   244.976   244.966 
    5740   244.977   244.966 
    5750   244.978   244.968 
    5760   244.976   244.964 
    5770   244.977   244.966 
    5780   244.977   244.967 
    5790   244.977   244.966 
    5800   244.971   244.958 
    5810   244.977   244.966 
    5820   244.978   244.967 
    5830   244.976   244.966 
    5840   244.977   244.966 
    5850   244.973   244.975 
    5860   244.978   244.966 
    5870   244.977   244.966 
    5880   244.975   244.962 
    5890   244.977   244.966 
    5900   244.972   244.968 
    5910   244.978   244.966 
    5920   244.977   244.966 
    5930   244.977   244.966 
    5940   244.977   244.966 
    5950   244.978   244.955 
    5960   244.977   244.966 
    5970   244.977   244.966 
    5980   392.150   248.088 
    5990   244.977   244.966 
    6000   244.977   244.971 
    6010   244.978   244.966 
    6020   244.977   244.966 
    6030   244.978   244.966 
    6040   244.977   244.966 
    6050   244.990   244.939 
    6060   244.980   244.965 
    6070   244.977   244.966 
    6080   246.304   329.588 
    6090   244.977   244.966 
    6100   244.972   244.966 
    6110   244.977   244.966 
    6120   244.977   244.966 
    6130   244.978   244.961 
    6140   244.978   244.967 
    6150   245.000   244.967 
    6160   244.977   244.966 
    6170   244.977   244.966 
    6180   244.977   244.962 
    6190   244.976   244.966 
    6200   244.963   244.966 
    6210   244.977   244.966 
    6220   244.977   244.966 
    6230   249.716   315.768 
    6240   244.977   244.966 
    6250   244.973   244.966 
    6260   244.977   244.966 
    6270   244.977   244.966 
    6280   244.977   244.965 
    6290   244.977   244.966 
    6300   244.976   244.958 
    6310   244.977   244.966 
    6320   244.977   244.966 
    6330   244.976   244.965 
    6340   244.977   244.966 
    6350   244.977   244.967 
    6360   244.978   244.965 
    6370   244.977   244.966 
    6380   244.978   244.965 
    6390   244.977   244.966 
    6400   244.983   244.969 
    6410   244.983   244.968 
    6420   244.977   244.966 
    6430   244.976   244.965 
    6440   244.977   244.966 
    6450   245.057   244.840 
    6460   244.976   244.967 
    6470   244.977   244.966 
    6480   244.978   244.969 
    6490   244.977   244.966 
    6500   244.996   244.959 
    6510   244.977   244.965 
    6520   244.977   244.966 
    6530   244.976   244.968 
    6540   244.977   244.966 
    6550   244.938   244.935 
    6560   244.982   244.967 
    6570   244.977   244.966 
    6580   244.977   244.966 
    6590   244.978   244.966 
    6600   244.947   244.979 
    6610   244.977   244.966 
    6620   244.977   244.966 
    6630   244.975   244.965 
    6640   244.978   244.966 
    6650   244.979   244.965 
    6660   244.977   244.966 
    6670   244.977   244.966 
    6680   244.976   244.966 
    6690   244.978   244.966 
    6700   244.975   244.967 
    6710   244.980   244.965 
    6720   244.977   244.966 
    6730   244.977   244.966 
    6740   244.977   244.966 
    6750   244.978   245.056 
    6760   244.977   244.966 
    6770   244.977   244.966 
    6780   244.976   244.967 
    6790   244.977   244.966 
    6800   244.975   244.965 
    6810   244.977   244.966 
    6820   244.977   244.966 
    6830   244.978   244.967 
    6840   244.977   244.966 
    6850   245.029   244.911 
    6860   244.978   244.966 
    6870   244.977   244.966 
    6880   244.978   244.967 
    6890   244.977   244.966 
    6900   244.982   244.964 
    6910   244.977   244.966 
    6920   244.977   244.966 
    6930   244.978   244.967 
    6940   244.977   244.966 
    6950   244.980   244.966 
    6960   244.977   244.966 
    6970   244.977   244.966 
    6980   244.975   244.967 
    6990   244.978   244.965 
    7000   244.970   244.964 
    7010   244.977   244.966 
    7020   244.977   244.966 
    7030   244.976   244.966 
    7040   244.977   244.966 
    7050   244.980   244.962 
    7060   244.977   244.966 
    7070   244.977   244.966 
    7080   244.972   244.973 
    7090   244.977   244.966 
    7100   244.998   244.944 
    7110   244.977   244.966 
    7120   244.977   244.966 
    7130   244.976   244.968 
    7140   244.977   244.966 
    7150   244.979   244.968 
    7160   244.987   244.969 
    7170   244.977   244.966 
    7180   244.976   244.966 
    7190   244.977   244.966 
    7200   244.977   244.965 
    7210   244.978   244.966 
    7220   244.977   244.966 
    7230   202.418   312.134 
    7240   244.977   244.966 
    7250   244.980   244.968 
    7260   244.981   244.967 
    7270   244.977   244.966 
    7280   244.977   244.966 
    7290   244.977   244.966 
    7300   244.977   245.024 
    7310   244.977   244.966 
    7320   244.977   244.966 
    7330   244.978   244.967 
    7340   244.977   244.966 
    7350   244.966   244.966 
    7360   244.978   244.967 
    7370   244.977   244.966 
    7380   244.982   244.967 
    7390   244.977   244.966 
    7400   244.980   245.013 
    7410   244.977   244.965 
    7420   244.977   244.966 
    7430   244.978   244.963 
    7440   244.977   244.966 
    7450   244.978   244.966 
    7460   244.979   244.966 
    7470   244.977   244.966 
    7480   244.977   244.966 
    7490   244.977   244.966 
    7500   244.984   244.943 
    7510   244.978   244.966 
    7520   244.977   244.966 
    7530   244.979   244.967 
    7540   244.978   244.966 
    7550   244.984   244.951 
    7560   244.977   244.966 
    7570   244.977   244.966 
    7580   244.979   244.969 
    7590   244.977   244.966 
    7600   244.982   244.964 
    7610   244.977   244.966 
    7620   244.977   244.966 
    7630   244.975   244.967 
    7640   244.978   244.966 
    7650   244.976   244.967 
    7660   244.980   244.965 
    7670   244.977   244.966 
    7680   244.977   244.966 
    7690   244.977   244.966 
    7700   244.979   245.103 
    7710   244.979   244.969 
    7720   244.977   244.966 
    7730   244.977   244.966 
    7740   244.977   244.966 
    7750   244.978   244.969 
    7760   244.977   244.967 
    7770   244.977   244.966 
    7780   244.977   244.966 
    7790   244.977   244.966 
    7800   244.978   244.956 
    7810   244.977   244.966 
    7820   244.977   244.966 
    7830   244.970   244.967 
    7840   244.977   244.966 
    7850   244.988   244.966 
    7860   244.977   244.966 
    7870   244.977   244.966 
    7880   244.977   244.967 
    7890   244.977   244.966 
    7900   244.977   244.973 
    7910   244.977   244.966 
    7920   244.977   244.966 
    7930   244.973   244.966 
    7940   244.977   244.966 
    7950   244.977   244.962 
    7960   244.978   244.966 
    7970   244.978   244.966 
    7980   244.976   244.966 
    7990   244.977   244.966 
    8000   244.981   244.981 
    8010   244.977   244.966 
    8020   244.977   244.966 
    8030   244.976   244.967 
    8040   244.977   244.966 
    8050   244.973   244.964 
    8060   244.977   244.966 
    8070   244.977   244.966 
    8080   244.971   244.966 
    8090   244.977   244.966 
    8100   244.980   244.966 
    8110   244.977   244.966 
    8120   244.977   244.966 
    8130   244.977   244.966 
    8140   244.977   244.966 
    8150   244.976   244.973 
    8160   244.979   244.966 
    8170   244.977   244.966 
    8180   244.978   244.966 
    8190   244.977   244.966 
    8200   244.950   244.965 
    8210   244.977   244.967 
    8220   244.977   244.966 
    8230   244.975   244.966 
    8240   244.977   244.966 
    8250   244.977   244.966 
    8260   244.978   244.965 
    8270   244.978   244.966 
    8280   244.977   244.967 
    8290   244.977   244.966 
    8300   244.985   244.968 
    8310   244.978   244.966 
    8320   244.977   244.966 
    8330   244.981   244.967 
    8340   244.977   244.966 
    8350   244.976   244.969 
    8360   244.978   244.965 
    8370   244.977   244.966 
    8380   244.977   244.968 
    8390   244.977   244.966 
    8400   244.985   244.965 
    8410   244.977   244.965 
    8420   244.977   244.966 
    8430   244.977   244.966 
    8440   244.977   244.966 
    8450   244.973   244.968 
    8460   244.979   244.966 
    8470   244.977   244.966 
    8480   244.977   244.966 
    8490   244.977   244.966 
    8500   244.977   244.992 
    8510   244.977   244.966 
    8520   244.977   244.966 
    8530   244.977   244.965 
    8540   244.977   244.965 
    8550   245.060   244.970 
    8560   244.977   244.966 
    8570   244.977   244.966 
    8580   244.978   244.967 
    8590   244.977   244.966 
    8600   244.975   244.965 
    8610   244.979   244.967 
    8620   244.977   244.966 
    8630   244.977   244.966 
    8640   244.977   244.966 
    8650   244.970   244.965 
    8660   244.977   244.966 
    8670   244.977   244.966 
    8680   244.976   244.966 
    8690   244.977   244.966 
    8700   244.984   244.965 
    8710   244.977   244.966 
    8720   244.977   244.966 
    8730   244.976   244.966 
    8740   244.977   244.966 
    8750   244.975   244.966 
    8760   244.977   244.966 
    8770   244.977   244.966 
    8780   244.977   244.966 
    8790   244.977   244.966 
    8800   245.031   244.936 
    8810   244.977   244.966 
    8820   244.977   244.966 
    8830   244.977   244.966 
    8840   244.977   244.966 
    8850   244.969   245.018 
    8860   244.977   244.966 
    8870   244.977   244.966 
    8880   244.976   244.966 
    8890   244.977   244.966 
    8900   244.975   244.964 
    8910   244.977   244.966 
    8920   244.977   244.966 
    8930   244.981   244.961 
    8940   244.977   244.966 
    8950   244.936   244.937 
    8960   244.977   244.966 
    8970   244.977   244.966 
    8980   244.975   244.965 
    8990   244.978   244.967 
    9000   244.986   244.964 
    9010   244.977   244.966 
    9020   244.978   244.966 
    9030   244.978   244.967 
    9040   244.977   244.966 
    9050   244.969   244.967 
    9060   244.977   244.966 
    9070   244.977   244.966 
    9080   244.977   244.966 
    9090   244.977   244.966 
    9100   244.985   244.953 
    9110   244.977   244.966 
    9120   244.977   244.966 
    9130   244.980   244.968 
    9140   244.978   244.966 
    9150   244.974   244.900 
    9160   244.977   244.966 
    9170   244.977   244.966 
    9180   244.976   244.967 
    9190   244.977   244.966 
    9200   244.956   245.028 
    9210   244.979   244.964 
    9220   244.977   244.966 
    9230   244.977   244.966 
    9240   244.977   244.966 
    9250   244.976   244.948 
    9260   244.979   244.966 
    9270   244.978   244.966 
    9280   244.978   244.967 
    9290   244.977   244.966 
    9300   244.981   244.964 
    9310   244.981   244.965 
    9320   244.977   244.966 
    9330   244.977   244.966 
    9340   244.977   244.966 
    9350   244.978   244.965 
    9360   244.979   244.965 
    9370   244.977   244.966 
    9380   244.975   244.966 
    9390   244.977   244.966 
    9400   244.977   244.963 
    9410   244.977   244.966 
    9420   244.977   244.966 
    9430   244.978   244.966 
    9440   244.977   244.966 
    9450   245.043   244.964 
    9460   244.977   244.966 
    9470   244.977   244.966 
    9480   244.977   244.966 
    9490   244.977   244.966 
    9500   244.941   245.008 
    9510   244.977   244.966 
    9520   244.977   244.966 
    9530   244.976   244.965 
    9540   244.977   244.966 
    9550   244.968   244.967 
    9560   244.977   244.966 
    9570   244.977   244.966 
    9580   244.979   244.966 
    9590   244.977   244.966 
    9600   244.980   244.975 
    9610   244.978   244.967 
    9620   244.977   244.966 
    9630   244.978   244.967 
    9640   244.977   244.966 
    9650   244.923   244.973 
    9660   244.982   244.966 
    9670   244.977   244.966 
    9680   244.977   244.966 
    9690   244.977   244.966 
    9700   244.976   244.974 
    9710   244.977   244.967 
    9720   244.977   244.966 
    9730   244.977   244.966 
    9740   244.977   244.966 
    9750   244.978   244.964 
    9760   244.978   244.966 
    9770   244.977   244.966 
    9780   244.976   244.965 
    9790   244.977   244.966 
    9800   244.978   244.966 
    9810   244.977   244.966 
    9820   244.977   244.966 
    9830   244.974   244.961 
    9840   244.977   244.966 
    9850   245.041   244.939 
    9860   244.981   244.966 
    9870   244.977   244.966 
    9880   244.976   244.966 
    9890   244.977   244.966 
    9900   244.976   244.945 
    9910   244.978   244.965 
    9920   244.977   244.966 
    9930   244.978   244.965 
    9940   244.977   244.966 
    9950   244.972   244.969 
    9960   244.978   244.966 
    9970   244.977   244.966 
    9980   244.978   244.966 
    9990   244.977   244.966 
   10000   244.977   244.966 
