       0    94.962     0.000 
      10    97.159   108.904 
      20    97.858    99.892 
      30    98.550    99.412 
      40    98.966   100.148 
      50    99.267   100.241 
      60    99.950     0.000 
      70    99.944     0.000 
      80    99.946     0.000 
      90    99.963    92.738 
     100    99.957    92.906 
     110    99.943    99.995 
     120    99.955    -1.131 
     130    99.946    75.000 
     140   100.107    99.975 
     150    99.791    99.926 
     160    99.944    99.949 
     170    99.888     0.000 
     180    99.983     0.000 
     190    99.898     0.000 
     200    99.933    42.369 
     210    99.933    99.977 
     220    99.949   100.144 
     230    99.951    99.996 
     240    99.910     3.448 
     250    99.946     0.000 
     260    99.949   102.833 
     270   100.030    99.998 
     280    99.952    99.994 
     290    99.990     0.000 
     300    99.943     7.499 
     310    99.943    98.704 
     320    99.957    99.994 
     330    99.948    99.994 
     340    99.858     0.000 
     350    99.867   -29.119 
     360    89.810    99.241 
     370    99.664    99.934 
     380    99.806   100.089 
     390    99.482   100.088 
     400   100.400    99.005 
     410    99.974    99.915 
     420    99.793    99.839 
     430   100.081   100.182 
     440    99.949    99.975 
     450    99.958    99.983 
     460    99.988    95.384 
     470    99.972   100.010 
     480    99.941    99.993 
     490    99.958    99.994 
     500    99.956    99.406 
     510   100.004    99.993 
     520    99.969     0.000 
     530    99.963     0.000 
     540    99.735    85.426 
     550    99.782    85.718 
     560    99.957    99.995 
     570    99.958    99.944 
     580    99.957     0.000 
     590    99.957     0.000 
     600    99.956    97.930 
     610    99.973     0.000 
     620    99.964    46.244 
     630    99.965    90.675 
     640    99.887    99.990 
     650    99.935    99.980 
     660    99.957     0.000 
     670    99.855    36.170 
     680    99.978    85.566 
     690    99.948    99.992 
     700    99.944   102.915 
     710    99.981    99.970 
     720    99.978     0.000 
     730    99.974     0.000 
     740    99.971     0.000 
     750    99.925     7.003 
     760    99.927    98.636 
     770    99.948   100.642 
     780    99.957    99.994 
     790    99.941    99.994 
     800    99.887    25.116 
     810    99.897    99.942 
     820    99.942    99.978 
     830    99.957    99.990 
     840    99.944    99.835 
     850   100.051     0.000 
     860    99.936    52.739 
     870    99.935     0.000 
     880    99.968    95.295 
     890    99.956    99.994 
     900    99.954    99.964 
     910    99.959    99.995 
     920   100.187     0.000 
     930   100.187    92.680 
     940    99.957    99.993 
     950    99.957   100.065 
     960   100.007     0.000 
     970    99.927     0.000 
     980    99.980    83.827 
     990    99.815    99.682 
    1000    99.957    99.982 
    1010    99.990    99.990 
    1020    99.991    -2.230 
    1030    99.992     0.000 
    1040    99.916     0.000 
    1050    99.924     0.000 
    1060    99.934    99.554 
    1070    99.959    99.995 
    1080    99.958    99.995 
    1090    99.942   100.217 
    1100    99.928     0.000 
    1110   100.267    22.366 
    1120   100.277    23.565 
    1130   100.273    76.795 
    1140    97.851   100.704 
    1150    99.961    99.989 
    1160    99.937    99.656 
    1170   100.021     0.000 
    1180   100.033    31.461 
    1190   127.355   102.764 
    1200    98.942   100.190 
    1210   105.344   101.282 
    1220   100.099   100.064 
    1230    99.969   100.041 
    1240    99.983    99.950 
    1250    99.986    99.968 
    1260    99.966    99.974 
    1270    99.966    99.979 
    1280    99.961    99.982 
    1290    99.980    99.994 
    1300    99.953    99.980 
    1310    99.948   101.990 
    1320    99.961    99.988 
    1330    99.965    99.991 
    1340    99.960    99.985 
    1350    99.959     0.000 
    1360    99.964     0.000 
    1370    99.964    46.169 
    1380    99.947    90.205 
    1390    99.969    99.992 
    1400    99.960    99.976 
    1410   100.693   102.643 
    1420    99.943     0.000 
    1430    96.732     7.526 
    1440   100.054   100.663 
    1450   100.070   101.413 
    1460    99.881    99.044 
    1470   100.020   100.265 
    1480   100.062    99.941 
    1490    99.991   100.019 
    1500   100.065    99.876 
    1510    99.966    99.966 
    1520    99.803    99.871 
    1530   100.001    99.983 
    1540   100.040    99.984 
    1550    99.905   100.447 
    1560    99.963    99.981 
    1570    99.961    99.984 
    1580    99.959    99.990 
    1590    99.959    99.988 
    1600    99.912   100.125 
    1610    99.963    99.989 
    1620    99.962   100.007 
    1630    99.963    99.990 
    1640    99.963    99.992 
    1650    99.962   100.297 
    1660    99.963    99.995 
    1670    99.977    99.995 
    1680    99.962    99.994 
    1690    99.963    99.995 
    1700   100.000     0.000 
    1710    99.957     0.000 
    1720    99.957     0.000 
    1730    99.961    99.570 
    1740    99.958     0.000 
    1750   100.269     0.000 
    1760    99.958     0.000 
    1770    99.958     0.000 
    1780    99.959    96.223 
    1790   100.019    99.923 
    1800    99.980     0.000 
    1810    99.686     0.000 
    1820    99.686     0.000 
    1830    99.711    99.126 
    1840    99.987    99.994 
    1850    99.960   100.029 
    1860    99.963     0.000 
    1870    99.915     0.000 
    1880    99.969    99.026 
    1890    99.962     0.000 
    1900    99.961     0.000 
    1910    99.967    90.463 
    1920    99.964     0.000 
    1930    99.963    99.989 
    1940    99.947     0.000 
    1950   100.046     0.000 
    1960    99.938    58.087 
    1970    99.937     0.000 
    1980    99.938    97.202 
    1990    99.950    99.829 
    2000    99.962   100.059 
    2010    99.967     0.000 
    2020    99.740    31.437 
    2030    99.720    90.734 
    2040    99.962    99.992 
    2050    99.561   102.840 
    2060    99.962    99.993 
    2070    99.920    15.892 
    2080    99.873    87.389 
    2090    99.965    99.987 
    2100    99.957   100.039 
    2110    99.963    99.994 
    2120    99.955    99.997 
    2130    99.968     0.000 
    2140    99.760     0.000 
    2150    99.768    66.518 
    2160   100.910    99.990 
    2170    99.963    99.995 
    2180    99.962     0.000 
    2190    99.977    84.436 
    2200    99.958    84.483 
    2210    99.963    99.995 
    2220   100.068     0.000 
    2230    99.985    96.528 
    2240    99.961    99.995 
    2250    99.954     0.000 
    2260    99.950     0.000 
    2270    99.950     0.000 
    2280    99.961    99.696 
    2290   100.016     0.000 
    2300   100.072    56.819 
    2310   100.066    99.994 
    2320    99.962    99.994 
    2330    99.950    99.994 
    2340    99.962     0.000 
    2350    99.962     0.000 
    2360    99.955    90.978 
    2370    99.959    96.308 
    2380    99.960    99.993 
    2390    99.925    15.329 
    2400    99.981    39.546 
    2410    99.980   100.155 
    2420    99.962    99.994 
    2430    99.950     0.000 
    2440   100.083     0.000 
    2450   100.078    79.662 
    2460    99.962    99.996 
    2470    99.924     0.000 
    2480    99.957     0.000 
    2490   100.209     0.000 
    2500   100.208    74.666 
    2510    98.739    99.971 
    2520    99.962    99.996 
    2530    99.962     0.000 
    2540    99.942    67.423 
    2550    99.991    66.973 
    2560    99.821    99.995 
    2570    99.962    99.995 
    2580    99.962     0.000 
    2590    99.961     0.000 
    2600    99.962    92.317 
    2610    99.976     0.000 
    2620    99.926    21.232 
    2630    99.926    76.869 
    2640   100.255    99.936 
    2650    99.962   100.003 
    2660   100.049    99.985 
    2670    99.962    99.994 
    2680    99.962    99.995 
    2690   100.070     0.000 
    2700   100.054    36.442 
    2710   100.048   100.928 
    2720    99.961    99.991 
    2730    99.969    99.992 
    2740    99.966   100.052 
    2750    99.963    99.975 
    2760    99.962     0.000 
    2770    99.891    64.379 
    2780    99.939     0.000 
    2790   100.013     0.000 
    2800   100.005    79.316 
    2810    99.961    99.997 
    2820    99.859     0.000 
    2830    99.982     0.000 
    2840    99.980    55.459 
    2850    99.944    55.112 
    2860    99.945    99.995 
    2870    99.962    99.995 
    2880    99.956    99.995 
    2890    99.972     0.000 
    2900   100.136    64.264 
    2910    99.123    99.992 
    2920    99.963    99.995 
    2930    99.962    99.995 
    2940    99.904     0.000 
    2950    99.931     0.000 
    2960    99.978   -34.193 
    2970    99.974   -35.945 
    2980    99.951    30.729 
    2990   103.418    86.196 
    3000   122.408    58.268 
    3010    94.878   100.231 
    3020   102.726   100.992 
    3030    99.992    99.508 
    3040    99.073    99.368 
    3050    99.778    99.820 
    3060    99.970    99.895 
    3070    99.658    99.445 
    3080   100.206    99.321 
    3090   100.015    99.967 
    3100   100.149    99.903 
    3110    99.946    99.877 
    3120    99.909    99.946 
    3130    99.966    99.944 
    3140    99.937    99.959 
    3150    99.980   100.047 
    3160    99.930   100.053 
    3170    99.908    99.965 
    3180    99.780    99.961 
    3190    99.923   100.065 
    3200    99.966    99.979 
    3210    99.959    99.973 
    3220    99.963    99.989 
    3230    99.960    99.974 
    3240    99.958    99.976 
    3250    99.966   100.001 
    3260    99.959    99.978 
    3270    99.982    99.949 
    3280    99.960    99.975 
    3290   100.017    99.979 
    3300    99.965    99.945 
    3310    99.963    99.983 
    3320    99.967    99.987 
    3330    99.963    99.986 
    3340    99.948   100.022 
    3350   100.050    99.986 
    3360    99.964    99.986 
    3370    99.959    99.985 
    3380    99.964    99.985 
    3390    99.966    99.986 
    3400    99.959    99.990 
    3410    99.965    99.987 
    3420    99.985    99.987 
    3430    99.965    99.982 
    3440   100.993    99.993 
    3450   101.092   100.480 
    3460    99.963    99.971 
    3470    99.909    99.996 
    3480    99.968    99.986 
    3490    99.962    99.991 
    3500   100.010   100.106 
    3510    99.966    99.993 
    3520    99.966    99.994 
    3530    99.960    99.992 
    3540    99.966    99.994 
    3550    99.961    99.997 
    3560    99.874   102.561 
    3570    99.944    99.994 
    3580    99.966    99.994 
    3590    99.966    99.995 
    3600   100.066     0.000 
    3610    99.945     0.000 
    3620    99.946    40.846 
    3630   100.007    87.474 
    3640    99.964    99.992 
    3650    99.970    99.963 
    3660    99.966    99.993 
    3670    99.959    99.995 
    3680    99.966    99.994 
    3690   100.191     0.000 
    3700   100.174     0.000 
    3710    99.961     0.000 
    3720    99.961     0.000 
    3730    99.971    92.893 
    3740    99.955    99.992 
    3750    99.891    99.695 
    3760    99.966   100.008 
    3770    99.952     0.000 
    3780   100.000    82.701 
    3790    99.881    99.848 
    3800    99.954   100.304 
    3810    99.964   100.692 
    3820    99.966    99.987 
    3830    99.966    99.992 
    3840    99.966    99.992 
    3850    99.966    99.968 
    3860    99.966    99.923 
    3870    99.968    99.993 
    3880    99.953     0.000 
    3890   100.038    -7.288 
    3900   100.016    -9.121 
    3910    98.793    98.606 
    3920    95.145   100.845 
    3930    99.979   100.203 
    3940    99.981    99.470 
    3950    99.885    99.974 
    3960   100.008    99.874 
    3970    99.973    99.965 
    3980    99.962    99.967 
    3990    99.862    99.793 
    4000    99.970    99.951 
    4010    99.968    99.985 
    4020    99.977    99.980 
    4030    99.974    99.986 
    4040    99.920    99.987 
    4050   100.000    99.991 
    4060    99.968    99.989 
    4070    99.978    99.372 
    4080    99.969    99.993 
    4090    99.968    99.992 
    4100    99.966    99.997 
    4110    99.968    99.992 
    4120    99.970    99.993 
    4130    99.973    99.993 
    4140    99.974    99.993 
    4150    99.996   100.538 
    4160    99.968    99.991 
    4170    99.950    99.776 
    4180    99.970    99.994 
    4190    99.958    99.993 
    4200   100.014    99.335 
    4210    99.968    99.998 
    4220    99.971    99.887 
    4230    99.970    99.995 
    4240    99.966    99.995 
    4250    99.967   100.097 
    4260    99.968    99.994 
    4270    99.968    99.997 
    4280    99.966    99.996 
    4290    99.968    99.996 
    4300   100.288     0.000 
    4310    99.966    14.695 
    4320    99.964    23.213 
    4330    99.984    78.233 
    4340    99.820    99.773 
    4350    99.966   100.014 
    4360    99.967    99.995 
    4370    99.778     0.000 
    4380    99.956     0.000 
    4390   100.047     0.000 
    4400   100.020     4.874 
    4410   100.015    99.745 
    4420    99.967    99.987 
    4430    99.971    99.993 
    4440    99.954    99.994 
    4450    99.967    99.982 
    4460    99.953    97.528 
    4470    99.894     0.000 
    4480    99.995     0.000 
    4490    99.992     0.000 
    4500    99.992    54.057 
    4510    99.990    99.995 
    4520    99.968    99.994 
    4530    99.967    99.995 
    4540    99.919     0.000 
    4550    99.923     9.306 
    4560    99.931   111.008 
    4570    99.954   103.443 
    4580    99.970    99.992 
    4590    99.968    99.994 
    4600    99.963   100.004 
    4610    99.968    99.995 
    4620    99.826     0.000 
    4630   100.005     0.000 
    4640    99.999     3.294 
    4650    99.938     3.249 
    4660    99.941    99.902 
    4670    99.965   100.317 
    4680    99.967    99.995 
    4690    99.965    99.994 
    4700    99.967   100.027 
    4710    99.968     0.000 
    4720   100.099    38.658 
    4730   100.127    96.742 
    4740    99.967    99.983 
    4750    99.965    99.992 
    4760    99.969    99.995 
    4770   100.314     0.000 
    4780    99.943    84.065 
    4790    99.975    99.993 
    4800    99.968   100.021 
    4810    99.968    99.992 
    4820    99.919     0.000 
    4830    99.943     0.000 
    4840    99.998     0.000 
    4850    99.987     0.000 
    4860    99.968   110.341 
    4870   100.551    99.931 
    4880    99.967    99.993 
    4890    99.971    99.976 
    4900    99.967    99.964 
    4910    99.968    99.995 
    4920    99.766     0.000 
    4930    99.891    78.096 
    4940    99.996    99.811 
    4950   100.120   100.338 
    4960    99.967    99.971 
    4970   100.085    99.009 
    4980    99.976    99.991 
    4990    99.961    99.993 
    5000    99.967   100.038 
    5010    99.968    99.994 
    5020    99.931   100.006 
    5030    99.970    99.995 
    5040    99.974    99.995 
    5050   100.122     0.000 
    5060    99.972     0.000 
    5070    99.973     0.000 
    5080    99.973    99.027 
    5090    99.972     0.000 
    5100    99.960    99.090 
    5110    99.978     0.000 
    5120    99.909     0.000 
    5130    99.971     0.000 
    5140    99.952    46.126 
    5150    99.958    46.139 
    5160    99.959    99.931 
    5170    99.964    99.993 
    5180   100.025    99.993 
    5190    99.965   -79.058 
    5200    99.973     0.000 
    5210    99.975     0.000 
    5220    99.974     0.000 
    5230    99.966    91.163 
    5240    99.995    99.992 
    5250    99.968   100.094 
    5260    99.972     0.000 
    5270   100.032    58.977 
    5280    99.978     0.000 
    5290    99.883     0.000 
    5300    99.892     0.000 
    5310    99.980    73.225 
    5320    99.975    73.250 
    5330    99.973    98.391 
    5340    99.961     0.000 
    5350    99.961     0.000 
    5360    99.979    63.966 
    5370    99.979     0.000 
    5380    99.950    97.879 
    5390    99.972    99.997 
    5400    99.969    99.983 
    5410    99.967     0.000 
    5420    99.724    63.086 
    5430    99.858    96.697 
    5440    99.968    99.984 
    5450    99.968    99.954 
    5460    99.969     0.000 
    5470    99.786     0.000 
    5480    99.758    91.456 
    5490    99.968    99.991 
    5500    99.968    99.964 
    5510    99.968    99.992 
    5520    99.977     0.000 
    5530    99.961    74.804 
    5540    99.893    99.756 
    5550    99.968   100.054 
    5560    99.969    99.986 
    5570    99.951    99.896 
    5580    99.968    99.990 
    5590    99.978    99.991 
    5600    99.932    99.997 
    5610    99.968    99.993 
    5620    99.970    99.996 
    5630    99.969    99.995 
    5640    99.980     0.000 
    5650   100.122     0.000 
    5660    99.945    15.530 
    5670    99.943     0.000 
    5680    99.962    72.668 
    5690   100.018    99.992 
    5700    99.966    99.976 
    5710    99.960   101.388 
    5720    99.967    99.995 
    5730    99.968    99.995 
    5740    99.917     0.000 
    5750    99.917     0.000 
    5760   100.039   101.381 
    5770    99.967    99.989 
    5780    99.966    99.994 
    5790    99.969    99.995 
    5800    99.656     0.000 
    5810    99.969    24.655 
    5820    99.971    48.578 
    5830    99.956    91.368 
    5840    99.971    99.992 
    5850    99.964    99.973 
    5860    99.969    99.993 
    5870    99.972     0.000 
    5880    99.967    65.011 
    5890    99.995    99.929 
    5900    99.994    99.961 
    5910    99.961    99.982 
    5920    99.794    99.925 
    5930    99.959    99.982 
    5940    99.845    99.937 
    5950    99.954    99.636 
    5960    99.968   100.004 
    5970    99.962    99.992 
    5980    99.968    99.992 
    5990    99.932    99.985 
    6000    99.989     0.000 
    6010    99.903    -3.446 
    6020    99.849   -37.255 
    6030    99.904     0.000 
    6040    99.980     0.000 
    6050    99.977   -39.826 
    6060   106.242    30.695 
    6070    46.365    83.121 
    6080   104.087   103.847 
    6090   100.061    99.109 
    6100    99.951    99.460 
    6110   100.814    99.316 
    6120    99.641    99.515 
    6130   100.012    99.734 
    6140   104.138   100.576 
    6150   100.174   100.569 
    6160    99.816    98.396 
    6170   100.057    99.863 
    6180    99.947    99.909 
    6190    99.888    99.927 
    6200    99.952    99.906 
    6210    99.895    99.924 
    6220    99.951    99.958 
    6230    97.656    98.832 
    6240    99.922    99.971 
    6250    99.954    99.940 
    6260    99.981    99.975 
    6270    99.956    99.970 
    6280    99.968    99.975 
    6290    99.964    99.976 
    6300   100.073   100.034 
    6310    99.960    99.979 
    6320    99.958   100.003 
    6330    99.962    99.979 
    6340   100.041    99.994 
    6350    99.892   100.220 
    6360    99.964    99.980 
    6370    99.962    99.914 
    6380    99.968    99.984 
    6390    99.951    99.954 
    6400   100.027    99.986 
    6410    99.965    99.983 
    6420    99.967    99.983 
    6430    99.966    99.984 
    6440    99.997    99.984 
    6450    99.904   100.331 
    6460    99.970    99.986 
    6470    99.969    99.981 
    6480    99.970    99.988 
    6490   100.538   101.356 
    6500   100.005   100.013 
    6510    99.983   100.007 
    6520    99.975    99.990 
    6530    99.970    99.991 
    6540    99.970    99.990 
    6550    99.464   114.294 
    6560    99.971    99.990 
    6570    99.971    99.992 
    6580    99.971    99.992 
    6590    99.971    99.992 
    6600    99.970   100.010 
    6610    99.797    99.994 
    6620    99.971    99.994 
    6630    99.968    99.991 
    6640    99.971    99.994 
    6650    99.962    99.995 
    6660    99.942   100.719 
    6670    99.957    99.983 
    6680    99.972    99.997 
    6690    99.972    99.995 
    6700    99.831     0.000 
    6710    99.978     0.000 
    6720    99.978    91.751 
    6730    99.970    99.957 
    6740   100.406     0.000 
    6750    99.994     0.000 
    6760    99.946    71.309 
    6770    99.962     0.000 
    6780    99.969    98.872 
    6790    99.971    99.995 
    6800    99.967   100.018 
    6810    99.971    99.995 
    6820    99.975     0.000 
    6830    99.977     0.000 
    6840    99.976     0.000 
    6850    99.976    39.409 
    6860    99.976   100.217 
    6870    99.972    99.994 
    6880    99.970    99.994 
    6890    99.968    99.994 
    6900    99.971    99.947 
    6910    99.971    99.995 
    6920    99.972    99.995 
    6930    99.972     0.000 
    6940    99.670     0.000 
    6950    99.858    44.264 
    6960    99.869    99.932 
    6970    99.971    99.996 
    6980    99.971    99.994 
    6990    99.965   100.000 
    7000    99.972     0.000 
    7010    99.961    90.865 
    7020    99.964     0.000 
    7030    99.972    99.977 
    7040    99.972     0.000 
    7050    99.950     0.000 
    7060    99.971    99.995 
    7070    99.968     0.000 
    7080    99.990     0.000 
    7090    99.934     0.000 
    7100    99.945     0.000 
    7110    99.957    99.995 
    7120    99.972    99.994 
    7130    99.974    99.995 
    7140    99.968    99.995 
    7150    99.893     0.000 
    7160    99.987     0.000 
    7170    99.986     0.000 
    7180    99.986    72.195 
    7190    99.959    99.992 
    7200    99.970    99.950 
    7210    99.972    99.993 
    7220    99.955     0.000 
    7230    99.971    99.995 
    7240    99.959    99.999 
    7250    99.847     0.000 
    7260    99.938     0.000 
    7270    99.938     0.000 
    7280    99.944    99.922 
    7290   100.002     0.000 
    7300    99.963     0.000 
    7310    99.916    24.853 
    7320    99.878    57.385 
    7330    99.925     0.000 
    7340    99.985    57.333 
    7350    99.982    57.425 
    7360    99.981    99.994 
    7370    99.972    99.995 
    7380    99.974    99.997 
    7390    99.972    99.995 
    7400   100.118     0.000 
    7410    99.968    13.370 
    7420    99.966    25.713 
    7430    99.966    79.623 
    7440   100.039    99.989 
    7450    99.946   100.031 
    7460    99.973    99.994 
    7470    99.992     0.000 
    7480    99.968    99.994 
    7490    99.982    99.995 
    7500   100.253    50.961 
    7510   100.226    99.994 
    7520    99.976    99.994 
    7530    99.971    99.995 
    7540    99.971    99.995 
    7550    99.973     0.000 
    7560    99.967     0.000 
    7570    99.965    86.590 
    7580    99.966    99.826 
    7590    99.971     0.000 
    7600    99.914     0.000 
    7610    99.050    99.989 
    7620    99.977    99.995 
    7630    99.978     0.000 
    7640    99.852     0.000 
    7650    99.874    65.337 
    7660   100.832    99.992 
    7670    99.972    99.995 
    7680    99.974     0.000 
    7690    99.731     0.000 
    7700    99.742     0.000 
    7710   101.906    99.988 
    7720    99.972    99.995 
    7730    99.971    99.995 
    7740    99.993     0.000 
    7750   100.266     0.000 
    7760    99.969     0.000 
    7770    99.969    71.056 
    7780    99.971    98.044 
    7790    99.972    99.995 
    7800    99.905     0.000 
    7810   100.010    52.309 
    7820   100.012     0.000 
    7830    99.969    95.442 
    7840    99.972    99.990 
    7850    99.972     0.000 
    7860    99.966     0.000 
    7870    99.966    66.428 
    7880    99.996    97.133 
    7890    99.992    99.973 
    7900    99.965    99.982 
    7910    99.972     0.000 
    7920   100.071     0.000 
    7930   100.114    80.482 
    7940    99.954    99.714 
    7950    99.977    99.956 
    7960    99.973    99.996 
    7970    99.978    99.994 
    7980    99.967     0.000 
    7990    99.968    71.150 
    8000    99.984    71.134 
    8010    99.864    99.995 
    8020   100.004    99.983 
    8030    99.976    99.995 
    8040    99.919    65.796 
    8050   100.016    76.680 
    8060    99.576    99.991 
    8070    99.757     0.000 
    8080   100.043    97.179 
    8090    99.972    99.995 
    8100    99.972     0.000 
    8110    99.966     0.000 
    8120    99.966    64.005 
    8130    99.997    96.560 
    8140    99.971    99.994 
    8150    99.978    99.955 
    8160    99.969     0.000 
    8170    99.837     0.000 
    8180   102.592    14.038 
    8190    99.909   101.234 
    8200   100.486   100.171 
    8210   114.038   104.151 
    8220    99.610    98.721 
    8230    99.952   100.023 
    8240    99.922    99.971 
    8250    99.883   100.024 
    8260    99.700   100.168 
    8270    99.917    99.952 
    8280    99.981    99.971 
    8290    99.973    99.981 
    8300    99.973    99.978 
    8310    99.973    99.989 
    8320    99.973    99.984 
    8330    99.973    99.991 
    8340   100.018   100.022 
    8350    99.965    99.304 
    8360    99.973    99.997 
    8370    99.998    99.696 
    8380    99.970    99.993 
    8390    99.972    99.994 
    8400    99.971   100.044 
    8410    99.973    99.994 
    8420    99.971     0.000 
    8430    99.972     0.000 
    8440   100.004     0.000 
    8450    99.918    74.028 
    8460   100.498    99.991 
    8470    99.973     0.000 
    8480    99.973     0.000 
    8490    99.972    96.301 
    8500    99.972    96.390 
    8510    99.983     0.000 
    8520   100.021    69.434 
    8530   100.023    99.848 
    8540    99.962    98.364 
    8550    99.986     0.000 
    8560    99.975    88.169 
    8570    99.973     0.000 
    8580    99.973    99.990 
    8590    99.975     0.000 
    8600    99.985    99.168 
    8610    99.970     0.000 
    8620    99.810    36.733 
    8630    99.778    94.588 
    8640    99.973    99.992 
    8650    99.973    99.960 
    8660    99.975    99.805 
    8670   100.028     0.000 
    8680    99.985     0.000 
    8690    99.925     0.000 
    8700    99.964     0.000 
    8710    99.981   102.198 
    8720    99.973    99.990 
    8730    99.970    99.993 
    8740    99.968    99.994 
    8750    99.973     0.000 
    8760   100.029     0.000 
    8770   100.034     0.000 
    8780   100.032    96.442 
    8790    99.972    99.994 
    8800    99.967   100.021 
    8810    99.973    99.995 
    8820    99.972     0.000 
    8830   100.015     0.000 
    8840   100.007    24.129 
    8850   100.007    24.502 
    8860    99.999   111.189 
    8870    99.977   101.734 
    8880    99.972    99.993 
    8890    99.972    99.972 
    8900    99.974   100.033 
    8910    99.973    99.995 
    8920   100.132    60.381 
    8930    99.951     0.000 
    8940    99.998     0.000 
    8950    99.990    60.726 
    8960    99.989    99.994 
    8970   100.377     0.000 
    8980    99.974    99.995 
    8990    99.976     0.000 
    9000    95.907    14.247 
    9010   133.369    95.026 
    9020    99.988    99.988 
    9030    99.976    99.994 
    9040    99.966    99.992 
    9050   100.031   100.025 
    9060    99.973    99.999 
    9070    99.992     0.000 
    9080    99.965     0.000 
    9090    99.965    53.570 
    9100    99.978    53.573 
    9110    99.978    99.996 
    9120    99.974    99.994 
    9130    99.940    99.993 
    9140    99.973     0.000 
    9150    99.972     0.000 
    9160    99.974    90.603 
    9170    99.973    97.637 
    9180    99.973    99.995 
    9190    99.987    32.158 
    9200    99.968     0.000 
    9210    99.945    61.212 
    9220    99.945    61.457 
    9230    99.953    95.576 
    9240    99.973    99.992 
    9250    99.973     0.000 
    9260    99.972     0.000 
    9270    99.972    87.080 
    9280    99.973    99.832 
    9290    99.975     0.000 
    9300    99.693    60.747 
    9310   102.617    99.978 
    9320    99.978    99.995 
    9330    99.971    99.995 
    9340    99.917     0.000 
    9350    99.939     0.000 
    9360    99.989    71.708 
    9370    99.981     0.000 
    9380    99.980    98.877 
    9390    99.972     0.000 
    9400    99.972    99.937 
    9410    99.979     0.000 
    9420    99.948     0.000 
    9430    99.948    82.249 
    9440   100.173    99.335 
    9450    99.971    99.941 
    9460    99.960   102.791 
    9470    99.972    99.995 
    9480    99.970     0.000 
    9490   100.247     0.000 
    9500   100.239     0.000 
    9510    99.970    47.662 
    9520    99.970     0.000 
    9530    99.971    90.443 
    9540    99.991    99.992 
    9550    99.974    99.955 
    9560    99.975     0.000 
    9570   100.054    -0.507 
    9580    99.977     0.000 
    9590    99.851     0.000 
    9600    99.862     0.000 
    9610    99.960     0.000 
    9620    99.960     0.000 
    9630    99.964    71.962 
    9640    99.990    99.992 
    9650    99.973   100.019 
    9660    99.937   100.006 
    9670    99.906    99.924 
    9680    99.971    99.994 
    9690   100.527     9.258 
    9700   100.051     0.000 
    9710    99.967    23.551 
    9720    99.967     0.000 
    9730    99.970    76.791 
    9740    99.992    99.991 
    9750    99.970   100.003 
    9760    99.974    99.993 
    9770    99.960   100.005 
    9780    99.972     0.000 
    9790   100.073     0.000 
    9800   100.006    84.582 
    9810    99.972    99.995 
    9820    99.939     0.000 
    9830    99.988    88.854 
    9840    99.967    99.986 
    9850    99.963    99.936 
    9860    99.973    99.995 
    9870    99.976    99.993 
    9880    99.970     0.000 
    9890   100.208     0.000 
    9900   100.200    72.149 
    9910    97.749    99.946 
    9920    99.967    99.995 
    9930    99.973     0.000 
    9940    99.893     0.000 
    9950    99.892     0.000 
    9960   100.280    99.993 
    9970    99.974    13.364 
    9980   100.127    81.259 
    9990    99.970   100.040 
   10000    99.971    99.981 
