       0   115.122   115.038 
      10   119.912   119.666 
      20   120.089   119.903 
      30   120.003   119.939 
      40   119.970   119.947 
      50   119.968   119.949 
      60   120.071   119.988 
      70   120.086   119.990 
      80   120.083   119.989 
      90   120.082   119.990 
     100   120.061   119.976 
     110   120.075   120.007 
     120   120.080   119.987 
     130   120.086   119.997 
     140   120.059   119.993 
     150   120.069   119.997 
     160   120.075   120.002 
     170   120.072   120.004 
     180   120.088   120.003 
     190   120.078   120.004 
     200   120.085   120.007 
     210   120.085   119.960 
     220   120.104   119.966 
     230   120.081   120.010 
     240   120.085   120.009 
     250   120.089   120.018 
     260   120.084   120.015 
     270   120.084   120.010 
     280   120.091   120.019 
     290   120.086   120.022 
     300   120.092   120.018 
     310   120.089   120.018 
     320   120.091   120.022 
     330   120.091   120.021 
     340   120.078   120.016 
     350   120.091   120.022 
     360   120.092   120.022 
     370   120.093   120.023 
     380   120.094   120.025 
     390   120.094   120.023 
     400   120.050   120.029 
     410   120.094   120.018 
     420   120.094   120.025 
     430   120.094   120.025 
     440   120.095   120.024 
     450   120.092   120.027 
     460   120.099   120.030 
     470   120.095   120.026 
     480   120.095   120.025 
     490   120.095   120.029 
     500   120.095   120.020 
     510   120.095   120.026 
     520   120.101   120.024 
     530   120.095   120.027 
     540   120.096   120.037 
     550   120.096   120.019 
     560   120.094   120.026 
     570   120.099   120.027 
     580   120.097   120.028 
     590   120.091   120.019 
     600   120.046   119.943 
     610   120.096   120.029 
     620   120.098   120.029 
     630   120.098   120.030 
     640   120.097   120.028 
     650   120.100   120.033 
     660   120.098   120.030 
     670   120.098   120.031 
     680   120.096   120.028 
     690   120.089   120.020 
     700   120.064   120.004 
     710   120.095   120.031 
     720   120.101   120.031 
     730   120.099   120.029 
     740   120.100   120.031 
     750   120.149   120.028 
     760   120.099   120.031 
     770   120.100   120.034 
     780   120.099   120.031 
     790   120.099   120.032 
     800   120.101   120.031 
     810   120.099   120.032 
     820   120.101   120.039 
     830   120.100   120.029 
     840   120.099   120.031 
     850   120.104   120.032 
     860   120.099   120.032 
     870   120.100   120.033 
     880    55.003   153.814 
     890   120.099   120.032 
     900   120.066   120.036 
     910   120.099   120.032 
     920   120.100   120.032 
     930   120.099   120.031 
     940   120.100   120.032 
     950   120.096   120.032 
     960   120.098   120.034 
     970   120.100   120.032 
     980   120.101   120.034 
     990   120.100   120.031 
    1000   120.140   120.024 
    1010   120.100   120.032 
    1020   120.100   120.031 
    1030   120.100   120.033 
    1040   120.098   120.032 
    1050   120.091   120.034 
    1060   120.100   120.032 
    1070   120.100   120.032 
    1080   120.096   120.037 
    1090   120.100   120.032 
    1100   120.088   120.026 
    1110   120.100   120.031 
    1120   120.101   120.033 
    1130   120.103   120.036 
    1140   120.101   120.032 
    1150   120.100   120.021 
    1160   120.101   120.033 
    1170   120.102   120.033 
    1180   120.102   120.033 
    1190   120.101   120.033 
    1200   120.097   120.063 
    1210   120.101   120.033 
    1220   120.102   120.032 
    1230   128.286   209.935 
    1240   120.102   120.033 
    1250   120.287   119.933 
    1260   120.101   120.033 
    1270   120.103   120.032 
    1280   120.102   120.032 
    1290   120.101   120.033 
    1300   120.104   120.035 
    1310   120.103   120.033 
    1320   120.102   120.033 
    1330   120.101   120.033 
    1340   120.102   120.033 
    1350   120.101   120.034 
    1360   120.101   120.033 
    1370   120.102   120.033 
    1380   120.102   120.033 
    1390   120.102   120.033 
    1400   120.081   120.062 
    1410   120.105   120.033 
    1420   120.101   120.033 
    1430   120.101   120.033 
    1440   120.102   120.033 
    1450   120.110   120.038 
    1460   120.103   120.033 
    1470   120.102   120.033 
    1480   120.100   120.033 
    1490   120.102   120.033 
    1500   120.093   120.035 
    1510   120.102   120.033 
    1520   120.102   120.033 
    1530   120.116   120.018 
    1540   120.102   120.033 
    1550   120.097   120.037 
    1560   120.102   120.033 
    1570   120.101   120.033 
    1580   120.102   120.033 
    1590   120.102   120.033 
    1600   120.119   120.032 
    1610   120.101   120.033 
    1620   120.102   120.033 
    1630   120.102   120.033 
    1640   120.102   120.033 
    1650   120.101   120.029 
    1660   120.101   120.033 
    1670   120.102   120.033 
    1680   120.103   120.035 
    1690   120.102   120.033 
    1700   120.110   120.028 
    1710   120.102   120.033 
    1720   120.102   120.033 
    1730   120.088   120.047 
    1740   120.102   120.033 
    1750   120.087   120.059 
    1760   120.102   120.033 
    1770   120.102   120.033 
    1780   120.104   120.033 
    1790   120.102   120.033 
    1800   120.096   119.985 
    1810   120.102   120.033 
    1820   120.102   120.033 
    1830   120.100   120.033 
    1840   120.102   120.033 
    1850   120.105   120.032 
    1860   120.102   120.033 
    1870   120.102   120.033 
    1880   120.103   120.032 
    1890   120.102   120.033 
    1900   120.088   119.987 
    1910   120.102   120.033 
    1920   120.102   120.033 
    1930   120.102   120.032 
    1940   120.102   120.033 
    1950   120.088   120.059 
    1960   120.104   120.034 
    1970   120.102   120.033 
    1980   120.102   120.033 
    1990   120.102   120.033 
    2000   120.101   120.027 
    2010   120.091   120.033 
    2020   120.102   120.033 
    2030   120.102   120.033 
    2040   120.102   120.033 
    2050   120.098   119.970 
    2060   120.102   120.034 
    2070   120.102   120.033 
    2080   120.102   120.033 
    2090   120.102   120.033 
    2100   120.085   120.080 
    2110   120.101   120.035 
    2120   120.102   120.033 
    2130   120.099   120.034 
    2140   120.102   120.034 
    2150   120.108   120.096 
    2160   120.102   120.033 
    2170   120.102   120.033 
    2180   120.102   120.032 
    2190   120.102   120.033 
    2200   120.104   120.027 
    2210   120.102   120.033 
    2220   120.102   120.033 
    2230   120.101   120.033 
    2240   120.102   120.033 
    2250   120.107   120.034 
    2260   120.102   120.033 
    2270   120.102   120.033 
    2280   120.099   120.032 
    2290   120.102   120.033 
    2300   120.106   120.022 
    2310   120.101   120.033 
    2320   120.102   120.033 
    2330   120.102   120.033 
    2340   120.102   120.033 
    2350   120.100   120.033 
    2360   120.102   120.033 
    2370   120.102   120.033 
    2380   120.104   120.031 
    2390   120.102   120.033 
    2400   120.100   120.033 
    2410   120.102   120.033 
    2420   120.102   120.033 
    2430   120.110   120.032 
    2440   120.102   120.033 
    2450   120.123   120.019 
    2460   120.102   120.033 
    2470   120.102   120.033 
    2480    25.827   235.616 
    2490   120.102   120.033 
    2500   120.129   120.067 
    2510   120.102   120.033 
    2520   120.102   120.033 
    2530   120.101   120.033 
    2540   120.102   120.033 
    2550   120.086   120.040 
    2560   120.102   120.033 
    2570   120.102   120.033 
    2580   120.099   120.036 
    2590   120.102   120.033 
    2600   120.100   120.020 
    2610   120.102   120.033 
    2620   120.102   120.033 
    2630   120.102   120.034 
    2640   120.102   120.033 
    2650   120.083   120.029 
    2660   120.102   120.033 
    2670   120.102   120.033 
    2680   120.101   120.032 
    2690   120.102   120.033 
    2700   120.097   120.039 
    2710   120.102   120.033 
    2720   120.102   120.033 
    2730   120.102   120.033 
    2740   120.102   120.033 
    2750   120.054   120.031 
    2760   120.102   120.033 
    2770   120.102   120.033 
    2780   120.102   120.034 
    2790   120.102   120.033 
    2800   120.104   120.030 
    2810   120.101   120.033 
    2820   120.102   120.033 
    2830   120.100   120.033 
    2840   120.102   120.033 
    2850   120.106   120.026 
    2860   120.102   120.033 
    2870   120.102   120.033 
    2880   120.102   120.034 
    2890   120.102   120.033 
    2900   120.193   120.041 
    2910   120.102   120.033 
    2920   120.102   120.033 
    2930   120.104   120.033 
    2940   120.102   120.033 
    2950   120.061   120.033 
    2960   120.102   120.038 
    2970   120.102   120.033 
    2980   120.102   120.033 
    2990   120.102   120.033 
    3000   120.108   120.033 
    3010   120.102   120.034 
    3020   120.102   120.034 
    3030   120.102   120.025 
    3040   120.102   120.033 
    3050   120.098   120.033 
    3060   120.102   120.033 
    3070   120.102   120.033 
    3080   120.102   120.033 
    3090   120.102   120.033 
    3100   120.103   120.026 
    3110   120.102   120.033 
    3120   120.102   120.033 
    3130   120.103   120.033 
    3140   120.102   120.033 
    3150   120.095   120.037 
    3160   120.102   120.033 
    3170   120.102   120.033 
    3180   120.102   120.033 
    3190   120.102   120.033 
    3200   120.102   120.033 
    3210   120.102   120.033 
    3220   120.102   120.033 
    3230   120.103   120.033 
    3240   120.102   120.033 
    3250   120.142   120.036 
    3260   120.104   120.033 
    3270   120.102   120.033 
    3280   120.102   120.033 
    3290   120.102   120.033 
    3300   120.098   120.042 
    3310   120.101   120.032 
    3320   120.102   120.033 
    3330   120.102   120.034 
    3340   120.102   120.033 
    3350   120.103   120.032 
    3360   120.102   120.037 
    3370   120.102   120.033 
    3380    49.919   127.484 
    3390   120.102   120.033 
    3400   120.101   120.023 
    3410   120.102   120.033 
    3420   120.102   120.033 
    3430   120.104   120.035 
    3440   120.102   120.033 
    3450   120.156   119.977 
    3460   120.102   120.033 
    3470   120.102   120.033 
    3480   120.103   120.035 
    3490   120.102   120.033 
    3500   120.103   119.994 
    3510   120.102   120.033 
    3520   120.102   120.033 
    3530   120.100   120.034 
    3540   120.102   120.033 
    3550   120.089   119.993 
    3560   120.102   120.033 
    3570   120.102   120.033 
    3580   120.102   120.033 
    3590   120.102   120.033 
    3600   120.104   120.030 
    3610   120.101   120.034 
    3620   120.102   120.033 
    3630   120.102   120.033 
    3640   120.102   120.033 
    3650   120.099   120.020 
    3660   120.102   120.034 
    3670   120.102   120.033 
    3680   120.099   120.037 
    3690   120.102   120.033 
    3700   120.104   120.034 
    3710   120.102   120.033 
    3720   120.102   120.033 
    3730   120.103   120.032 
    3740   120.102   120.033 
    3750   120.103   120.034 
    3760   120.102   120.034 
    3770   120.102   120.033 
    3780   120.102   120.034 
    3790   120.102   120.033 
    3800   120.172   120.044 
    3810   120.102   120.033 
    3820   120.102   120.033 
    3830   120.102   120.032 
    3840   120.102   120.033 
    3850   120.090   120.034 
    3860   120.102   120.033 
    3870   120.102   120.033 
    3880   237.385   176.722 
    3890   120.102   120.033 
    3900   120.121   119.982 
    3910   120.101   120.034 
    3920   120.102   120.033 
    3930   120.102   120.033 
    3940   120.102   120.033 
    3950   120.103   120.033 
    3960   120.102   120.033 
    3970   120.102   120.033 
    3980    81.286    47.317 
    3990   120.102   120.033 
    4000   120.104   120.032 
    4010   120.102   120.033 
    4020   120.102   120.033 
    4030   120.102   120.033 
    4040   120.102   120.033 
    4050   120.102   120.037 
    4060   120.102   120.033 
    4070   120.102   120.033 
    4080   120.102   120.033 
    4090   120.102   120.033 
    4100   120.102   120.039 
    4110   120.102   120.033 
    4120   120.102   120.033 
    4130   120.102   120.033 
    4140   120.102   120.033 
    4150   120.103   120.030 
    4160   120.102   120.033 
    4170   120.102   120.033 
    4180   120.103   120.034 
    4190   120.102   120.033 
    4200   120.128   120.026 
    4210   120.102   120.033 
    4220   120.102   120.033 
    4230   120.097   120.036 
    4240   120.102   120.034 
    4250   120.114   120.047 
    4260   120.102   120.033 
    4270   120.102   120.033 
    4280   120.099   120.033 
    4290   120.102   120.034 
    4300   120.140   120.044 
    4310   120.104   120.033 
    4320   120.102   120.034 
    4330   120.101   120.033 
    4340   120.102   120.033 
    4350   120.170   120.115 
    4360   120.102   120.033 
    4370   120.102   120.033 
    4380   120.102   120.033 
    4390   120.102   120.033 
    4400   120.053   120.033 
    4410   120.102   120.033 
    4420   120.102   120.033 
    4430   192.300   262.433 
    4440   120.102   120.033 
    4450   120.159   120.031 
    4460   120.102   120.033 
    4470   120.102   120.033 
    4480   120.101   120.033 
    4490   120.102   120.033 
    4500   120.111   120.035 
    4510   120.102   120.033 
    4520   120.102   120.033 
    4530   120.109   120.041 
    4540   120.102   120.033 
    4550   120.099   120.040 
    4560   120.102   120.033 
    4570   120.102   120.033 
    4580   120.102   120.034 
    4590   120.102   120.034 
    4600   120.104   120.021 
    4610   120.102   120.033 
    4620   120.102   120.033 
    4630    47.123   151.487 
    4640   120.102   120.033 
    4650   120.101   120.030 
    4660   120.102   120.033 
    4670   120.102   120.033 
    4680   120.100   120.033 
    4690   120.102   120.033 
    4700   120.059   119.990 
    4710   120.102   120.033 
    4720   120.102   120.033 
    4730   120.101   120.033 
    4740   120.102   120.033 
    4750   120.073   120.042 
    4760   120.102   120.033 
    4770   120.102   120.033 
    4780   120.099   120.033 
    4790   120.102   120.033 
    4800   120.036   120.040 
    4810   120.102   120.033 
    4820   120.102   120.033 
    4830   120.104   120.033 
    4840   120.102   120.033 
    4850   120.166   120.036 
    4860   120.102   120.033 
    4870   120.102   120.033 
    4880   120.102   120.034 
    4890   120.102   120.033 
    4900   120.105   120.033 
    4910   120.102   120.033 
    4920   120.102   120.033 
    4930   120.102   120.033 
    4940   120.102   120.033 
    4950   120.106   120.041 
    4960   120.102   120.033 
    4970   120.102   120.033 
    4980   120.100   120.033 
    4990   120.102   120.033 
    5000   120.064   120.051 
    5010   120.102   120.033 
    5020   120.102   120.033 
    5030   120.102   120.033 
    5040   120.102   120.033 
    5050   120.105   120.036 
    5060   120.102   120.033 
    5070   120.102   120.033 
    5080   120.103   120.032 
    5090   120.102   120.033 
    5100   120.096   120.061 
    5110   120.102   120.033 
    5120   120.102   120.033 
    5130   120.101   120.034 
    5140   120.102   120.033 
    5150   120.103   120.032 
    5160   120.102   120.033 
    5170   120.101   120.033 
    5180   120.103   120.033 
    5190   120.102   120.033 
    5200   120.093   120.029 
    5210   120.102   120.033 
    5220   120.102   120.033 
    5230    82.348   224.701 
    5240   120.102   120.033 
    5250   120.100   120.033 
    5260   120.102   120.033 
    5270   120.102   120.033 
    5280   120.103   120.033 
    5290   120.102   120.033 
    5300   120.149   120.033 
    5310   120.102   120.033 
    5320   120.102   120.033 
    5330   120.942    42.079 
    5340   120.102   120.033 
    5350   120.023   120.033 
    5360   120.102   120.033 
    5370   120.102   120.033 
    5380   120.102   120.034 
    5390   120.102   120.033 
    5400   120.098   120.034 
    5410   120.102   120.034 
    5420   120.102   120.033 
    5430   127.506    49.780 
    5440   120.102   120.033 
    5450   120.116   120.034 
    5460   120.102   120.033 
    5470   120.102   120.033 
    5480   120.100   120.033 
    5490   120.102   120.033 
    5500   120.051   119.938 
    5510   120.102   120.033 
    5520   120.102   120.033 
    5530   120.102   120.032 
    5540   120.102   120.033 
    5550   120.078   120.098 
    5560   120.102   120.033 
    5570   120.102   120.033 
    5580   120.101   120.032 
    5590   120.102   120.033 
    5600   120.165   120.101 
    5610   120.102   120.033 
    5620   120.102   120.033 
    5630   120.102   120.033 
    5640   120.102   120.033 
    5650   120.113   120.030 
    5660   120.102   120.033 
    5670   120.102   120.033 
    5680   120.102   120.032 
    5690   120.102   120.033 
    5700   120.107   120.033 
    5710   120.102   120.033 
    5720   120.102   120.033 
    5730   120.102   120.033 
    5740   120.102   120.033 
    5750   120.097   120.034 
    5760   120.102   120.033 
    5770   120.102   120.033 
    5780   120.102   120.033 
    5790   120.102   120.033 
    5800   120.102   120.028 
    5810   120.102   120.033 
    5820   120.102   120.033 
    5830   117.205   195.733 
    5840   120.102   120.033 
    5850   120.106   120.034 
    5860   120.102   120.033 
    5870   120.102   120.033 
    5880   120.102   120.032 
    5890   120.102   120.033 
    5900   120.096   120.032 
    5910   120.102   120.033 
    5920   120.102   120.033 
    5930   120.105   120.037 
    5940   120.102   120.033 
    5950   120.098   120.016 
    5960   120.102   120.033 
    5970   120.102   120.033 
    5980   120.099   120.033 
    5990   120.102   120.033 
    6000   120.102   119.991 
    6010   120.102   120.033 
    6020   120.102   120.033 
    6030   120.102   120.033 
    6040   120.102   120.033 
    6050   120.110   120.007 
    6060   120.102   120.033 
    6070   120.102   120.033 
    6080   120.103   120.034 
    6090   120.102   120.033 
    6100   120.101   120.024 
    6110   120.102   120.033 
    6120   120.102   120.033 
    6130   120.104   120.033 
    6140   120.102   120.033 
    6150   120.102   120.038 
    6160   120.102   120.033 
    6170   120.102   120.033 
    6180   120.101   120.033 
    6190   120.102   120.033 
    6200   120.045   119.979 
    6210   120.102   120.033 
    6220   120.102   120.033 
    6230   120.102   120.033 
    6240   120.102   120.033 
    6250   120.104   120.032 
    6260   120.102   120.033 
    6270   120.102   120.034 
    6280   120.103   120.033 
    6290   120.102   120.033 
    6300   120.103   120.038 
    6310   120.102   120.033 
    6320   120.102   120.033 
    6330   120.105   120.033 
    6340   120.102   120.033 
    6350   120.113   120.023 
    6360   120.102   120.033 
    6370   120.102   120.033 
    6380   120.102   120.033 
    6390   120.102   120.033 
    6400   120.101   120.034 
    6410   120.102   120.033 
    6420   120.102   120.033 
    6430   120.104   120.033 
    6440   120.102   120.033 
    6450   120.060   120.060 
    6460   120.102   120.033 
    6470   120.102   120.033 
    6480   120.102   120.033 
    6490   120.102   120.033 
    6500   120.103   120.032 
    6510   120.101   120.033 
    6520   120.102   120.033 
    6530   120.102   120.033 
    6540   120.102   120.033 
    6550   120.102   120.033 
    6560   120.102   120.033 
    6570   120.102   120.033 
    6580   120.103   120.032 
    6590   120.102   120.033 
    6600   120.109   120.040 
    6610   120.102   120.033 
    6620   120.102   120.033 
    6630   120.101   120.033 
    6640   120.102   120.033 
    6650   120.103   120.037 
    6660   120.102   120.033 
    6670   120.102   120.033 
    6680   120.101   120.033 
    6690   120.102   120.033 
    6700   120.106   120.036 
    6710   120.102   120.033 
    6720   120.102   120.033 
    6730   120.102   120.032 
    6740   120.102   120.033 
    6750   120.100   120.034 
    6760   120.102   120.033 
    6770   120.103   120.033 
    6780   120.103   120.033 
    6790   120.102   120.033 
    6800   120.099   120.033 
    6810   120.102   120.033 
    6820   120.102   120.033 
    6830   120.102   120.033 
    6840   120.102   120.033 
    6850   120.081   120.050 
    6860   120.102   120.033 
    6870   120.102   120.033 
    6880   120.103   120.033 
    6890   120.102   120.033 
    6900   120.103   120.030 
    6910   120.102   120.033 
    6920   120.102   120.033 
    6930   120.103   120.033 
    6940   120.102   120.033 
    6950   120.102   120.036 
    6960   120.102   120.033 
    6970   120.102   120.033 
    6980   120.102   120.033 
    6990   120.102   120.033 
    7000   120.102   120.026 
    7010   120.102   120.033 
    7020   120.102   120.033 
    7030   120.103   120.033 
    7040   120.102   120.033 
    7050   120.101   120.037 
    7060   120.102   120.033 
    7070   120.102   120.033 
    7080   120.102   120.033 
    7090   120.102   120.033 
    7100   120.101   120.032 
    7110   120.102   120.033 
    7120   120.102   120.033 
    7130   120.103   120.033 
    7140   120.102   120.033 
    7150   120.102   120.035 
    7160   120.102   120.034 
    7170   120.102   120.033 
    7180   120.100   120.034 
    7190   120.102   120.033 
    7200   120.154   120.034 
    7210   120.102   120.033 
    7220   120.102   120.033 
    7230   120.102   120.033 
    7240   120.102   120.033 
    7250   120.101   120.034 
    7260   120.102   120.033 
    7270   120.102   120.033 
    7280   120.103   120.033 
    7290   120.102   120.033 
    7300   120.101   120.028 
    7310   120.100   120.033 
    7320   120.102   120.033 
    7330   120.102   120.032 
    7340   120.102   120.033 
    7350   120.137   120.032 
    7360   120.102   120.033 
    7370   120.102   120.033 
    7380   239.162   124.500 
    7390   120.102   120.033 
    7400   120.102   120.015 
    7410   120.102   120.033 
    7420   120.102   120.033 
    7430   120.104   120.033 
    7440   120.102   120.033 
    7450   120.070   120.103 
    7460   120.102   120.033 
    7470   120.102   120.033 
    7480   120.103   120.033 
    7490   120.102   120.033 
    7500   120.007   119.995 
    7510   120.103   120.033 
    7520   120.102   120.033 
    7530   120.100   120.034 
    7540   120.102   120.033 
    7550   120.115   120.031 
    7560   120.102   120.033 
    7570   120.102   120.033 
    7580   120.098   120.036 
    7590   120.102   120.033 
    7600   120.101   120.026 
    7610   120.103   120.034 
    7620   120.103   120.033 
    7630   120.102   120.031 
    7640   120.102   120.033 
    7650   120.095   120.033 
    7660   120.102   120.033 
    7670   120.102   120.033 
    7680   120.102   120.033 
    7690   120.102   120.033 
    7700   120.099   120.031 
    7710   120.102   120.033 
    7720   120.102   120.033 
    7730   120.105   120.032 
    7740   120.102   120.034 
    7750   120.103   120.044 
    7760   120.102   120.033 
    7770   120.102   120.033 
    7780   120.102   120.034 
    7790   120.102   120.033 
    7800   120.103   120.033 
    7810   120.102   120.033 
    7820   120.102   120.033 
    7830   120.099   120.034 
    7840   120.102   120.033 
    7850   120.144   119.968 
    7860   120.102   120.033 
    7870   120.102   120.033 
    7880   120.102   120.033 
    7890   120.102   120.033 
    7900   120.092   120.040 
    7910   120.102   120.033 
    7920   120.102   120.033 
    7930   120.101   120.034 
    7940   120.102   120.033 
    7950   120.103   120.030 
    7960   120.102   120.033 
    7970   120.102   120.033 
    7980   120.103   120.033 
    7990   120.102   120.033 
    8000   120.102   120.033 
    8010   120.102   120.033 
    8020   120.102   120.033 
    8030   120.104   120.032 
    8040   120.102   120.033 
    8050   120.161   120.003 
    8060   120.102   120.033 
    8070   120.102   120.033 
    8080   120.101   120.033 
    8090   120.102   120.033 
    8100   120.102   120.037 
    8110   120.102   120.033 
    8120   120.102   120.033 
    8130   120.102   120.033 
    8140   120.102   120.033 
    8150   120.109   120.033 
    8160   120.102   120.034 
    8170   120.102   120.033 
    8180   120.102   120.032 
    8190   120.102   120.033 
    8200   120.103   120.115 
    8210   120.102   120.033 
    8220   120.102   120.033 
    8230   120.102   120.034 
    8240   120.102   120.033 
    8250   120.061   120.031 
    8260   120.102   120.033 
    8270   120.102   120.033 
    8280   120.103   120.033 
    8290   120.102   120.033 
    8300   120.053   119.987 
    8310   120.102   120.033 
    8320   120.102   120.033 
    8330   120.103   120.033 
    8340   120.102   120.033 
    8350   120.102   120.033 
    8360   120.102   120.034 
    8370   120.102   120.033 
    8380   120.101   120.035 
    8390   120.102   120.033 
    8400   120.095   120.032 
    8410   120.102   120.033 
    8420   120.102   120.033 
    8430   120.105   120.035 
    8440   120.102   120.033 
    8450   120.104   120.031 
    8460   120.102   120.033 
    8470   120.102   120.033 
    8480    44.880   210.742 
    8490   120.102   120.033 
    8500   120.094   120.025 
    8510   120.100   120.034 
    8520   120.102   120.033 
    8530   120.105   120.033 
    8540   120.102   120.033 
    8550   120.102   120.027 
    8560   120.102   120.033 
    8570   120.102   120.033 
    8580   120.103   120.034 
    8590   120.102   120.033 
    8600   120.099   120.025 
    8610   120.101   120.033 
    8620   120.102   120.033 
    8630   120.102   120.033 
    8640   120.102   120.033 
    8650   120.098   119.924 
    8660   120.102   120.033 
    8670   120.102   120.033 
    8680   120.103   120.034 
    8690   120.102   120.033 
    8700   120.098   120.039 
    8710   120.102   120.033 
    8720   120.102   120.033 
    8730   120.101   120.031 
    8740   120.102   120.033 
    8750   120.105   120.031 
    8760   120.102   120.033 
    8770   120.102   120.033 
    8780   120.100   120.033 
    8790   120.102   120.033 
    8800   120.119   120.032 
    8810   120.102   120.033 
    8820   120.102   120.033 
    8830   120.102   120.032 
    8840   120.102   120.033 
    8850   120.097   120.033 
    8860   120.102   120.033 
    8870   120.102   120.033 
    8880   120.102   120.033 
    8890   120.102   120.033 
    8900   120.103   120.033 
    8910   120.102   120.033 
    8920   120.102   120.033 
    8930   120.101   120.033 
    8940   120.102   120.033 
    8950   120.104   120.046 
    8960   120.102   120.034 
    8970   120.102   120.033 
    8980   120.102   120.033 
    8990   120.102   120.033 
    9000   120.102   120.030 
    9010   120.102   120.033 
    9020   120.102   120.033 
    9030   120.103   120.033 
    9040   120.102   120.033 
    9050   120.100   120.042 
    9060   120.102   120.033 
    9070   120.102   120.033 
    9080   120.104   120.033 
    9090   120.102   120.033 
    9100   120.052   120.048 
    9110   120.102   120.033 
    9120   120.102   120.033 
    9130   120.102   120.032 
    9140   120.102   120.033 
    9150   120.101   120.026 
    9160   120.102   120.033 
    9170   120.102   120.033 
    9180   241.089    83.229 
    9190   120.102   120.033 
    9200   120.104   120.042 
    9210   120.102   120.033 
    9220   120.102   120.033 
    9230   120.102   120.033 
    9240   120.102   120.033 
    9250   120.102   120.034 
    9260   120.102   120.033 
    9270   120.102   120.033 
    9280   120.101   120.030 
    9290   120.102   120.033 
    9300   120.106   120.032 
    9310   120.102   120.033 
    9320   120.102   120.033 
    9330   108.422   241.417 
    9340   120.102   120.033 
    9350   120.098   120.033 
    9360   120.102   120.033 
    9370   120.102   120.033 
    9380   120.102   120.034 
    9390   120.102   120.032 
    9400   120.103   120.015 
    9410   120.102   120.033 
    9420   120.102   120.033 
    9430   120.102   120.033 
    9440   120.102   120.033 
    9450   120.102   120.034 
    9460   120.102   120.033 
    9470   120.102   120.033 
    9480   120.101   120.034 
    9490   120.102   120.033 
    9500   120.104   120.030 
    9510   120.102   120.033 
    9520   120.102   120.033 
    9530   120.102   120.034 
    9540   120.102   120.033 
    9550   120.104   120.012 
    9560   120.102   120.033 
    9570   120.102   120.033 
    9580   120.102   120.033 
    9590   120.102   120.033 
    9600   120.101   120.035 
    9610   120.101   120.035 
    9620   120.102   120.033 
    9630   120.099   120.029 
    9640   120.102   120.033 
    9650   120.081   120.023 
    9660   120.102   120.033 
    9670   120.102   120.033 
    9680   120.102   120.033 
    9690   120.102   120.033 
    9700   120.114   120.032 
    9710   120.102   120.027 
    9720   120.102   120.034 
    9730   117.992    43.653 
    9740   120.102   120.033 
    9750   120.091   120.033 
    9760   120.102   120.033 
    9770   120.102   120.033 
    9780   120.102   120.033 
    9790   120.102   120.033 
    9800   120.106   120.033 
    9810   120.102   120.033 
    9820   120.102   120.033 
    9830   114.597   231.860 
    9840   120.102   120.033 
    9850   120.103   120.032 
    9860   120.102   120.033 
    9870   120.102   120.033 
    9880   120.101   120.032 
    9890   120.102   120.033 
    9900   120.142   120.023 
    9910   120.102   120.033 
    9920   120.102   120.033 
    9930   120.102   120.033 
    9940   120.102   120.033 
    9950   120.062   119.984 
    9960   120.102   120.033 
    9970   120.102   120.033 
    9980   120.102   120.033 
    9990   120.102   120.033 
   10000   120.102   120.033 
