       0   145.017   145.006 
      10   149.692   149.779 
      20   149.961   149.966 
      30   149.896   149.904 
      40   149.910   149.914 
      50   149.873   149.890 
      60   149.963   149.957 
      70   149.983   149.957 
      80   149.978   149.962 
      90   149.972   149.956 
     100   149.983   149.962 
     110   149.982   149.960 
     120   149.976   149.964 
     130   149.986   149.965 
     140   149.981   149.967 
     150   149.974   149.968 
     160   149.984   149.959 
     170   149.981   149.972 
     180   149.990   149.974 
     190   149.986   149.978 
     200   149.974   149.970 
     210   149.977   149.987 
     220   149.994   149.960 
     230   149.988   149.978 
     240   149.986   149.977 
     250   149.982   149.976 
     260   149.986   149.975 
     270   149.987   149.980 
     280   149.988   149.980 
     290   149.987   149.979 
     300   149.977   149.972 
     310   149.982   149.984 
     320   149.984   149.986 
     330   149.988   149.981 
     340   149.987   149.980 
     350   149.990   149.981 
     360   149.986   149.988 
     370   149.990   149.978 
     380   149.990   149.981 
     390   149.988   149.981 
     400   149.994   149.985 
     410   149.991   149.977 
     420   149.991   149.980 
     430   149.991   149.981 
     440   149.989   149.981 
     450   149.984   149.991 
     460   149.982   149.978 
     470   149.995   149.986 
     480   149.991   149.983 
     490   149.989   149.983 
     500   149.989   149.980 
     510   149.986   149.983 
     520   149.994   149.984 
     530   149.991   149.983 
     540   149.988   149.982 
     550   149.999   149.990 
     560   149.991   149.982 
     570   149.990   149.985 
     580   149.989   149.985 
     590   149.991   149.985 
     600   149.982   149.971 
     610   149.996   149.980 
     620   149.997   149.980 
     630   149.991   149.985 
     640   149.990   149.985 
     650   149.993   149.986 
     660   149.989   149.989 
     670   149.991   149.987 
     680   149.991   149.987 
     690   149.991   149.987 
     700   149.983   149.984 
     710   149.990   149.992 
     720   149.992   149.987 
     730   149.992   149.988 
     740   149.992   149.987 
     750   149.994   149.988 
     760   149.993   149.985 
     770   149.992   149.987 
     780   149.992   149.987 
     790   149.988   149.984 
     800   149.985   149.983 
     810   149.998   149.976 
     820   149.988   149.997 
     830   149.993   149.987 
     840   149.991   149.988 
     850   150.002   149.983 
     860   149.991   149.985 
     870   149.992   149.986 
     880   149.992   149.988 
     890   149.997   149.988 
     900   150.036   149.979 
     910   149.993   149.990 
     920   149.993   149.987 
     930   149.992   149.988 
     940   149.992   149.988 
     950   150.008   149.972 
     960   149.991   149.987 
     970   149.991   149.986 
     980   149.990   149.989 
     990   149.992   149.987 
    1000   150.024   150.036 
    1010   149.993   149.988 
    1020   149.993   149.988 
    1030   149.993   149.988 
    1040   149.993   149.988 
    1050   149.964   150.050 
    1060   149.989   149.987 
    1070   149.995   149.990 
    1080   149.992   149.989 
    1090   149.993   149.985 
    1100   150.011   150.007 
    1110   149.992   149.988 
    1120   149.993   149.989 
    1130   149.994   149.989 
    1140   149.993   149.989 
    1150   149.994   149.984 
    1160   149.993   149.989 
    1170   149.989   149.990 
    1180   149.994   149.989 
    1190   149.993   149.989 
    1200   149.996   149.993 
    1210   149.994   149.988 
    1220   149.996   149.988 
    1230   149.992   149.991 
    1240   149.993   149.989 
    1250   150.002   149.990 
    1260   149.993   149.989 
    1270   149.994   149.990 
    1280   149.994   149.990 
    1290   149.994   149.989 
    1300   149.988   150.028 
    1310   149.996   149.985 
    1320   149.993   149.990 
    1330   149.994   149.989 
    1340   149.994   149.990 
    1350   149.993   150.025 
    1360   149.994   149.990 
    1370   149.999   149.984 
    1380   149.994   149.990 
    1390   149.993   149.989 
    1400   149.986   149.989 
    1410   149.994   149.990 
    1420   149.994   149.990 
    1430   149.994   149.994 
    1440   149.991   149.991 
    1450   150.001   150.056 
    1460   149.995   149.990 
    1470   149.991   149.991 
    1480   149.998   149.990 
    1490   149.994   149.991 
    1500   150.003   150.074 
    1510   149.994   149.990 
    1520   149.994   149.991 
    1530   149.995   149.989 
    1540   149.994   149.991 
    1550   149.991   149.982 
    1560   149.994   149.991 
    1570   150.004   149.987 
    1580   149.994   149.992 
    1590   149.993   149.992 
    1600   149.992   150.002 
    1610   149.994   149.992 
    1620   149.994   149.992 
    1630   149.994   149.992 
    1640   149.994   149.992 
    1650   149.996   149.985 
    1660   149.988   149.990 
    1670   149.995   149.992 
    1680   149.993   149.992 
    1690   149.994   149.992 
    1700   149.992   149.983 
    1710   149.995   149.992 
    1720   149.994   149.992 
    1730   149.996   149.991 
    1740   149.995   149.992 
    1750   149.968   149.974 
    1760   149.994   149.992 
    1770   149.994   149.992 
    1780   149.995   149.991 
    1790   149.994   149.992 
    1800   149.989   149.991 
    1810   149.994   149.992 
    1820   149.994   149.992 
    1830   149.994   149.993 
    1840   149.994   149.992 
    1850   149.958   149.988 
    1860   149.995   149.992 
    1870   149.994   149.992 
    1880   149.994   149.992 
    1890   149.994   149.992 
    1900   149.993   149.992 
    1910   149.994   149.992 
    1920   149.994   149.992 
    1930   149.994   149.992 
    1940   149.994   149.992 
    1950   149.946   149.970 
    1960   149.994   149.992 
    1970   149.995   149.992 
    1980   149.995   149.993 
    1990   149.994   149.992 
    2000   149.993   149.994 
    2010   149.995   149.992 
    2020   149.994   149.992 
    2030   149.994   149.994 
    2040   149.994   149.992 
    2050   149.992   149.991 
    2060   149.994   149.992 
    2070   149.995   149.992 
    2080   149.995   149.992 
    2090   149.994   149.992 
    2100   149.900   149.969 
    2110   149.990   149.992 
    2120   149.995   149.992 
    2130   149.996   149.992 
    2140   149.995   149.992 
    2150   149.938   150.041 
    2160   149.994   149.992 
    2170   149.995   149.992 
    2180   149.995   149.992 
    2190   149.994   149.992 
    2200   149.979   150.043 
    2210   149.994   149.992 
    2220   149.994   149.992 
    2230   149.994   149.992 
    2240   149.995   149.992 
    2250   149.996   149.989 
    2260   149.995   149.992 
    2270   149.995   149.992 
    2280    88.468   122.328 
    2290   149.994   149.994 
    2300   150.042   149.879 
    2310   149.993   149.992 
    2320   149.994   149.992 
    2330   149.994   149.992 
    2340   149.995   149.992 
    2350   149.993   149.989 
    2360   149.994   149.992 
    2370   149.995   149.992 
    2380   149.995   149.992 
    2390   149.995   149.992 
    2400   149.995   149.969 
    2410   149.995   149.992 
    2420   149.994   149.992 
    2430   149.990   149.992 
    2440   149.995   149.992 
    2450   149.990   150.055 
    2460   150.005   149.993 
    2470   149.993   149.992 
    2480   149.994   149.992 
    2490   149.995   149.992 
    2500   149.990   149.997 
    2510   149.995   149.993 
    2520   149.995   149.992 
    2530   149.994   149.993 
    2540   149.995   149.992 
    2550   150.001   149.996 
    2560   149.994   149.993 
    2570   149.995   149.991 
    2580   149.994   149.993 
    2590   149.995   149.992 
    2600   149.993   149.997 
    2610   149.994   149.993 
    2620   149.995   149.992 
    2630   149.994   149.992 
    2640   149.995   149.992 
    2650   150.002   150.007 
    2660   149.995   149.992 
    2670   149.995   149.992 
    2680   149.995   149.992 
    2690   149.994   149.992 
    2700   149.984   149.996 
    2710   149.995   149.992 
    2720   149.995   149.992 
    2730   149.995   149.993 
    2740   149.995   149.992 
    2750   149.990   149.994 
    2760   149.994   149.992 
    2770   149.994   149.992 
    2780   149.994   149.992 
    2790   149.995   149.993 
    2800   149.996   149.991 
    2810   149.994   149.992 
    2820   149.995   149.993 
    2830   149.994   149.992 
    2840   149.994   149.993 
    2850   149.928   149.962 
    2860   149.995   149.992 
    2870   149.995   149.992 
    2880   149.994   149.992 
    2890   149.994   149.992 
    2900   150.002   149.985 
    2910   149.994   149.992 
    2920   149.995   149.993 
    2930   149.994   149.992 
    2940   149.995   149.992 
    2950   149.915   150.004 
    2960   149.995   149.992 
    2970   149.995   149.992 
    2980   149.994   149.992 
    2990   149.995   149.992 
    3000   149.988   149.994 
    3010   149.995   149.992 
    3020   149.995   149.992 
    3030   149.995   149.992 
    3040   149.995   149.992 
    3050   149.996   149.997 
    3060   149.995   149.992 
    3070   149.995   149.992 
    3080   149.994   149.991 
    3090   149.995   149.992 
    3100   149.965   149.993 
    3110   149.995   149.992 
    3120   149.995   149.992 
    3130   149.995   149.995 
    3140   149.995   149.992 
    3150   149.990   149.990 
    3160   149.995   149.992 
    3170   149.995   149.992 
    3180   149.994   149.993 
    3190   149.995   149.992 
    3200   150.001   149.998 
    3210   149.994   149.992 
    3220   149.995   149.992 
    3230   149.994   149.992 
    3240   149.995   149.992 
    3250   149.993   149.991 
    3260   149.996   149.989 
    3270   149.995   149.992 
    3280   149.995   149.993 
    3290   149.995   149.992 
    3300   150.003   149.998 
    3310   149.994   149.992 
    3320   149.995   149.992 
    3330   149.995   149.992 
    3340   149.995   149.992 
    3350   150.000   149.994 
    3360   149.994   149.994 
    3370   149.995   149.992 
    3380   149.995   149.992 
    3390   149.995   149.992 
    3400   150.000   149.994 
    3410   149.995   149.992 
    3420   149.995   149.992 
    3430   149.995   149.992 
    3440   149.994   149.993 
    3450   149.992   149.992 
    3460   149.995   149.992 
    3470   149.995   149.992 
    3480   149.995   149.990 
    3490   149.995   149.992 
    3500   150.001   149.994 
    3510   149.995   149.992 
    3520   149.995   149.992 
    3530    43.967   157.792 
    3540   149.995   149.992 
    3550   149.996   150.017 
    3560   149.995   149.992 
    3570   149.995   149.992 
    3580   149.995   149.992 
    3590   149.995   149.993 
    3600   149.974   149.952 
    3610   149.994   149.992 
    3620   149.995   149.992 
    3630   149.994   149.993 
    3640   149.995   149.992 
    3650   149.996   149.999 
    3660   149.995   149.992 
    3670   149.995   149.992 
    3680   149.995   149.992 
    3690   149.995   149.992 
    3700   150.005   149.990 
    3710   149.995   149.992 
    3720   149.995   149.992 
    3730   149.994   149.992 
    3740   149.995   149.992 
    3750   149.988   149.994 
    3760   149.995   149.997 
    3770   149.995   149.992 
    3780   149.994   149.992 
    3790   149.995   149.992 
    3800   149.993   149.991 
    3810   149.994   149.992 
    3820   149.995   149.992 
    3830   149.995   149.991 
    3840   149.995   149.992 
    3850   150.003   149.994 
    3860   149.994   149.992 
    3870   149.995   149.992 
    3880   149.995   149.992 
    3890   149.995   149.992 
    3900   149.985   149.990 
    3910   149.995   149.992 
    3920   149.995   149.992 
    3930   149.995   149.990 
    3940   149.995   149.992 
    3950   149.980   149.991 
    3960   149.997   149.984 
    3970   149.995   149.992 
    3980   149.995   149.992 
    3990   149.994   149.992 
    4000   149.994   150.071 
    4010   149.994   149.992 
    4020   149.995   149.992 
    4030   149.996   149.993 
    4040   149.995   149.992 
    4050   149.991   150.125 
    4060   149.994   149.992 
    4070   149.995   149.992 
    4080   149.995   149.992 
    4090   149.995   149.993 
    4100   149.991   149.992 
    4110   149.995   149.993 
    4120   149.995   149.992 
    4130   149.995   149.992 
    4140   149.995   149.992 
    4150   149.979   149.990 
    4160   149.995   149.992 
    4170   149.995   149.992 
    4180   169.951    61.857 
    4190   149.995   149.992 
    4200   149.984   149.991 
    4210   149.995   149.993 
    4220   149.995   149.992 
    4230   149.995   149.991 
    4240   149.995   149.992 
    4250   149.977   149.990 
    4260   149.995   149.993 
    4270   149.995   149.992 
    4280   149.995   149.993 
    4290   149.995   149.992 
    4300   149.994   149.993 
    4310   149.994   149.992 
    4320   149.995   149.992 
    4330   149.995   149.993 
    4340   149.995   149.993 
    4350   149.997   149.990 
    4360   149.996   149.992 
    4370   149.995   149.992 
    4380   149.995   149.992 
    4390   149.995   149.992 
    4400   149.898   149.882 
    4410   149.994   149.992 
    4420   149.995   149.992 
    4430   149.995   149.992 
    4440   149.994   149.992 
    4450   149.995   150.003 
    4460   149.995   149.992 
    4470   149.995   149.992 
    4480   149.993   149.993 
    4490   149.995   149.992 
    4500   149.911   150.012 
    4510   149.994   149.992 
    4520   149.995   149.993 
    4530   149.995   149.992 
    4540   149.995   149.992 
    4550   149.993   150.004 
    4560   149.995   149.992 
    4570   149.995   149.992 
    4580   149.994   149.992 
    4590   149.995   149.993 
    4600   150.011   150.029 
    4610   149.995   149.992 
    4620   149.995   149.992 
    4630   149.995   149.992 
    4640   149.994   149.993 
    4650   149.994   149.990 
    4660   149.995   149.993 
    4670   149.995   149.993 
    4680   149.994   149.992 
    4690   149.995   149.993 
    4700   150.034   149.981 
    4710   149.995   149.993 
    4720   149.995   149.993 
    4730   149.994   149.992 
    4740   149.994   149.992 
    4750   149.994   149.994 
    4760   149.992   149.991 
    4770   149.995   149.992 
    4780   149.994   149.992 
    4790   149.995   149.992 
    4800   149.926   150.125 
    4810   149.994   149.992 
    4820   149.994   149.992 
    4830   149.994   149.992 
    4840   149.995   149.993 
    4850   149.996   149.986 
    4860   149.994   149.993 
    4870   149.995   149.993 
    4880   149.995   149.992 
    4890   149.994   149.993 
    4900   149.991   149.992 
    4910   149.995   149.993 
    4920   149.995   149.993 
    4930   149.995   149.992 
    4940   149.995   149.993 
    4950   149.869   149.958 
    4960   149.994   149.993 
    4970   149.995   149.993 
    4980   149.994   149.993 
    4990   149.995   149.992 
    5000   150.031   149.998 
    5010   149.994   149.993 
    5020   149.995   149.993 
    5030   149.994   149.993 
    5040   149.995   149.993 
    5050   150.059   150.038 
    5060   149.994   149.992 
    5070   149.995   149.993 
    5080   149.995   149.992 
    5090   149.995   149.992 
    5100   149.969   149.943 
    5110   149.995   149.992 
    5120   149.995   149.992 
    5130   149.995   149.993 
    5140   149.995   149.993 
    5150   149.986   149.966 
    5160   149.995   149.993 
    5170   149.995   149.993 
    5180   149.994   149.995 
    5190   149.995   149.993 
    5200   149.992   149.992 
    5210   149.995   149.993 
    5220   149.995   149.993 
    5230   170.693    63.906 
    5240   149.995   149.993 
    5250   149.906   149.977 
    5260   149.995   149.993 
    5270   149.995   149.992 
    5280   149.994   149.992 
    5290   149.995   149.993 
    5300   149.994   149.993 
    5310   149.995   149.993 
    5320   149.995   149.993 
    5330   149.995   149.989 
    5340   149.995   149.993 
    5350   149.899   149.981 
    5360   149.995   149.993 
    5370   149.995   149.993 
    5380    62.209   161.023 
    5390   149.995   149.993 
    5400   149.992   149.949 
    5410   149.995   149.993 
    5420   149.995   149.993 
    5430   149.995   149.992 
    5440   149.994   149.993 
    5450   149.985   150.083 
    5460   149.994   149.993 
    5470   149.995   149.993 
    5480   149.995   149.992 
    5490   149.994   149.992 
    5500   149.994   149.995 
    5510   149.995   149.993 
    5520   149.995   149.993 
    5530   149.995   149.992 
    5540   149.995   149.993 
    5550   149.983   149.989 
    5560   149.998   149.992 
    5570   149.995   149.993 
    5580   149.992   149.992 
    5590   149.995   149.993 
    5600   149.990   149.996 
    5610   149.994   149.992 
    5620   149.995   149.993 
    5630   193.363   214.951 
    5640   149.995   149.992 
    5650   149.985   150.002 
    5660   149.998   149.996 
    5670   149.995   149.993 
    5680   149.996   149.992 
    5690   149.995   149.993 
    5700   149.997   149.990 
    5710   149.994   149.992 
    5720   149.995   149.993 
    5730   149.995   149.993 
    5740   149.995   149.992 
    5750   149.989   149.986 
    5760   149.994   149.993 
    5770   149.995   149.993 
    5780    78.690   229.299 
    5790   149.995   149.993 
    5800   150.002   150.000 
    5810   149.994   149.992 
    5820   149.995   149.993 
    5830   149.995   149.992 
    5840   149.995   149.993 
    5850   149.989   150.000 
    5860   149.995   149.992 
    5870   149.995   149.993 
    5880   149.994   149.993 
    5890   149.995   149.993 
    5900   149.954   150.020 
    5910   149.995   149.993 
    5920   149.995   149.993 
    5930   149.995   149.993 
    5940   149.994   149.992 
    5950   149.988   150.000 
    5960   149.995   149.993 
    5970   149.995   149.993 
    5980   149.995   149.993 
    5990   149.995   149.993 
    6000   149.990   150.001 
    6010   149.995   149.992 
    6020   149.995   149.993 
    6030   149.995   149.993 
    6040   149.995   149.993 
    6050   150.001   149.990 
    6060   149.995   149.993 
    6070   149.995   149.993 
    6080   149.995   149.992 
    6090   149.995   149.993 
    6100   150.019   150.046 
    6110   149.995   149.993 
    6120   149.995   149.993 
    6130   149.995   149.993 
    6140   149.995   149.993 
    6150   149.994   149.996 
    6160   149.995   149.992 
    6170   149.995   149.992 
    6180   149.996   149.992 
    6190   149.995   149.993 
    6200   149.986   149.998 
    6210   149.995   149.993 
    6220   149.995   149.993 
    6230   149.994   149.992 
    6240   149.995   149.993 
    6250   149.997   149.991 
    6260   149.995   149.993 
    6270   149.995   149.993 
    6280   149.994   149.991 
    6290   149.995   149.993 
    6300   149.991   149.994 
    6310   149.995   149.992 
    6320   149.995   149.993 
    6330   197.114   239.216 
    6340   149.995   149.993 
    6350   149.995   149.992 
    6360   149.995   149.992 
    6370   149.995   149.992 
    6380   204.002    75.010 
    6390   149.995   149.993 
    6400   149.963   150.004 
    6410   149.994   149.992 
    6420   149.995   149.993 
    6430   149.994   149.993 
    6440   149.995   149.993 
    6450   149.992   149.988 
    6460   149.995   149.993 
    6470   149.995   149.993 
    6480   149.995   149.993 
    6490   149.994   149.992 
    6500   150.001   149.999 
    6510   149.995   149.993 
    6520   149.995   149.993 
    6530   149.994   149.993 
    6540   149.995   149.993 
    6550   149.989   149.996 
    6560   149.994   149.993 
    6570   149.995   149.993 
    6580   149.994   149.992 
    6590   149.995   149.993 
    6600   149.971   150.008 
    6610   149.995   149.994 
    6620   149.994   149.992 
    6630   149.994   149.992 
    6640   149.995   149.993 
    6650   149.996   149.983 
    6660   149.994   149.993 
    6670   149.995   149.993 
    6680    68.770    89.521 
    6690   149.995   149.993 
    6700   150.059   149.965 
    6710   149.995   149.994 
    6720   149.994   149.992 
    6730   149.997   149.993 
    6740   149.995   149.993 
    6750   150.000   149.911 
    6760   149.995   149.993 
    6770   149.995   149.993 
    6780   149.995   149.992 
    6790   149.995   149.993 
    6800   149.992   149.993 
    6810   149.995   149.993 
    6820   149.995   149.993 
    6830   149.995   149.992 
    6840   149.995   149.993 
    6850   149.989   149.991 
    6860   149.996   149.993 
    6870   149.995   149.993 
    6880   149.995   149.993 
    6890   149.995   149.992 
    6900   150.039   149.998 
    6910   149.994   149.993 
    6920   149.995   149.993 
    6930   149.995   149.992 
    6940   149.995   149.993 
    6950   149.977   149.924 
    6960   149.995   149.993 
    6970   149.995   149.993 
    6980   149.994   149.991 
    6990   149.995   149.993 
    7000   149.989   149.994 
    7010   149.995   149.992 
    7020   149.995   149.993 
    7030   149.995   149.993 
    7040   149.995   149.993 
    7050   149.996   149.998 
    7060   149.995   149.993 
    7070   149.995   149.993 
    7080   149.993   149.991 
    7090   149.995   149.993 
    7100   150.056   150.035 
    7110   149.995   149.993 
    7120   149.995   149.993 
    7130   149.995   149.993 
    7140   149.995   149.993 
    7150   149.974   150.034 
    7160   149.995   149.992 
    7170   149.994   149.993 
    7180   149.995   149.993 
    7190   149.994   149.992 
    7200   149.996   149.995 
    7210   149.995   149.992 
    7220   149.995   149.992 
    7230   149.995   149.993 
    7240   149.994   149.993 
    7250   149.994   149.988 
    7260   149.996   149.992 
    7270   149.994   149.992 
    7280   149.995   149.993 
    7290   149.995   149.993 
    7300   150.090   149.989 
    7310   149.994   149.991 
    7320   149.995   149.993 
    7330   149.995   149.993 
    7340   149.994   149.993 
    7350   150.179   149.951 
    7360   149.995   149.993 
    7370   149.995   149.993 
    7380   149.995   149.992 
    7390   149.995   149.993 
    7400   150.040   149.975 
    7410   149.995   149.993 
    7420   149.995   149.993 
    7430   149.994   149.993 
    7440   149.994   149.993 
    7450   149.998   149.969 
    7460   149.991   149.992 
    7470   149.995   149.993 
    7480   149.994   149.993 
    7490   149.995   149.993 
    7500   149.974   149.960 
    7510   149.995   149.993 
    7520   149.995   149.993 
    7530   149.996   149.992 
    7540   149.994   149.993 
    7550   150.002   149.996 
    7560   149.995   149.992 
    7570   149.995   149.993 
    7580   149.995   149.992 
    7590   149.995   149.993 
    7600   149.999   149.994 
    7610   149.994   149.993 
    7620   149.995   149.993 
    7630   149.994   149.992 
    7640   149.995   149.993 
    7650   149.996   149.993 
    7660   149.994   149.987 
    7670   149.995   149.993 
    7680   149.994   149.993 
    7690   149.995   149.993 
    7700   149.994   149.992 
    7710   149.995   149.993 
    7720   149.995   149.993 
    7730   149.995   149.992 
    7740   149.994   149.993 
    7750   150.067   149.966 
    7760   149.995   149.993 
    7770   149.995   149.993 
    7780   149.994   149.992 
    7790   149.995   149.993 
    7800   149.992   149.994 
    7810   149.994   149.992 
    7820   149.995   149.993 
    7830   149.995   149.994 
    7840   149.995   149.993 
    7850   149.998   149.990 
    7860   149.995   149.992 
    7870   149.995   149.993 
    7880   149.995   149.993 
    7890   149.995   149.993 
    7900   150.048   150.047 
    7910   149.995   149.993 
    7920   149.995   149.993 
    7930   149.995   149.992 
    7940   149.995   149.993 
    7950   149.999   149.991 
    7960   149.995   149.993 
    7970   149.995   149.993 
    7980   149.994   149.993 
    7990   149.995   149.993 
    8000   149.996   149.992 
    8010   149.995   149.993 
    8020   149.994   149.992 
    8030   149.994   149.992 
    8040   149.995   149.992 
    8050   149.984   150.062 
    8060   149.994   149.992 
    8070   149.995   149.993 
    8080   149.994   149.992 
    8090   149.995   149.993 
    8100   149.994   149.991 
    8110   149.996   149.992 
    8120   149.994   149.993 
    8130   149.994   149.991 
    8140   149.995   149.993 
    8150   149.955   149.999 
    8160   149.995   149.992 
    8170   149.995   149.993 
    8180   150.001   149.993 
    8190   149.995   149.993 
    8200   149.995   149.998 
    8210   149.994   149.993 
    8220   149.995   149.993 
    8230   149.995   149.992 
    8240   149.994   149.993 
    8250   149.987   149.917 
    8260   149.996   149.992 
    8270   149.995   149.993 
    8280   149.993   149.992 
    8290   149.995   149.993 
    8300   149.994   149.994 
    8310   149.994   149.992 
    8320   149.995   149.993 
    8330   149.995   149.993 
    8340   149.995   149.993 
    8350   149.994   149.995 
    8360   149.995   149.993 
    8370   149.994   149.993 
    8380   149.994   149.992 
    8390   149.995   149.992 
    8400   150.015   149.981 
    8410   149.993   149.991 
    8420   149.995   149.993 
    8430   149.995   149.994 
    8440   149.994   149.993 
    8450   149.994   149.990 
    8460   149.994   149.993 
    8470   149.995   149.993 
    8480   149.995   149.992 
    8490   149.995   149.992 
    8500   149.996   149.996 
    8510   149.995   149.993 
    8520   149.995   149.993 
    8530   149.995   149.993 
    8540   149.995   149.993 
    8550   150.001   149.991 
    8560   149.994   149.990 
    8570   149.995   149.993 
    8580   149.995   149.993 
    8590   149.995   149.993 
    8600   149.939   150.005 
    8610   149.994   149.992 
    8620   149.995   149.993 
    8630   149.995   149.993 
    8640   149.995   149.992 
    8650   149.997   149.994 
    8660   149.995   149.992 
    8670   149.995   149.993 
    8680   149.995   149.993 
    8690   149.995   149.993 
    8700   149.980   149.980 
    8710   149.995   149.993 
    8720   149.995   149.993 
    8730   149.994   149.992 
    8740   149.995   149.993 
    8750   149.995   149.990 
    8760   149.995   149.993 
    8770   149.995   149.993 
    8780   149.994   149.991 
    8790   149.995   149.993 
    8800   149.997   149.991 
    8810   149.995   149.993 
    8820   149.995   149.993 
    8830   192.313   247.244 
    8840   149.995   149.993 
    8850   149.982   149.998 
    8860   149.995   149.993 
    8870   149.995   149.993 
    8880   149.994   149.992 
    8890   149.995   149.993 
    8900   149.990   149.993 
    8910   149.996   149.996 
    8920   149.994   149.992 
    8930   149.995   149.993 
    8940   149.995   149.993 
    8950   149.995   149.991 
    8960   149.994   149.993 
    8970   149.995   149.993 
    8980   149.994   149.992 
    8990   149.995   149.993 
    9000   149.993   149.916 
    9010   149.995   149.993 
    9020   149.995   149.993 
    9030   149.995   149.992 
    9040   149.994   149.993 
    9050   149.992   149.992 
    9060   149.995   149.993 
    9070   149.995   149.993 
    9080   149.994   149.995 
    9090   149.995   149.992 
    9100   149.996   149.985 
    9110   149.994   149.993 
    9120   149.995   149.993 
    9130   149.995   149.993 
    9140   149.995   149.993 
    9150   149.993   149.991 
    9160   149.994   149.993 
    9170   149.995   149.993 
    9180   149.993   149.993 
    9190   149.995   149.993 
    9200   149.991   149.977 
    9210   149.995   149.993 
    9220   149.995   149.993 
    9230   149.995   149.992 
    9240   149.995   149.993 
    9250   150.015   150.007 
    9260   149.995   149.993 
    9270   149.995   149.993 
    9280   149.996   149.990 
    9290   149.995   149.992 
    9300   149.943   150.006 
    9310   149.995   149.993 
    9320   149.995   149.993 
    9330   149.995   149.993 
    9340   149.995   149.993 
    9350   149.996   149.990 
    9360   149.995   149.993 
    9370   149.995   149.993 
    9380   149.994   149.993 
    9390   149.995   149.993 
    9400   149.995   149.993 
    9410   149.993   149.993 
    9420   149.995   149.992 
    9430   149.993   149.993 
    9440   149.995   149.993 
    9450   149.990   149.982 
    9460   149.995   149.993 
    9470   149.995   149.993 
    9480   223.281   119.259 
    9490   149.995   149.993 
    9500   150.014   150.066 
    9510   149.995   149.993 
    9520   149.995   149.993 
    9530   149.994   149.992 
    9540   149.995   149.993 
    9550   149.997   149.991 
    9560   149.995   149.993 
    9570   149.995   149.993 
    9580   149.994   149.992 
    9590   149.995   149.993 
    9600   149.998   149.990 
    9610   149.995   149.993 
    9620   149.995   149.993 
    9630   203.399   240.853 
    9640   149.995   149.993 
    9650   150.012   149.983 
    9660   149.995   149.993 
    9670   149.995   149.993 
    9680   149.995   149.992 
    9690   149.995   149.993 
    9700   150.018   149.974 
    9710   149.994   149.992 
    9720   149.995   149.993 
    9730   149.994   149.992 
    9740   149.995   149.993 
    9750   150.067   150.060 
    9760   149.995   149.992 
    9770   149.995   149.992 
    9780   149.994   149.993 
    9790   149.995   149.993 
    9800   149.997   149.996 
    9810   149.995   149.993 
    9820   149.995   149.993 
    9830   149.995   149.992 
    9840   149.995   149.993 
    9850   149.993   149.990 
    9860   149.994   149.993 
    9870   149.995   149.993 
    9880   149.994   149.993 
    9890   149.995   149.993 
    9900   150.047   150.065 
    9910   149.995   149.992 
    9920   149.995   149.992 
    9930   149.989   149.995 
    9940   149.995   149.993 
    9950   149.993   149.989 
    9960   149.994   149.993 
    9970   149.995   149.993 
    9980   149.995   149.992 
    9990   149.995   149.993 
   10000   149.995   149.993 
