       0   130.063   130.020 
      10   134.774   134.711 
      20   135.023   134.946 
      30   134.944   134.914 
      40   134.959   134.923 
      50   134.936   134.887 
      60   135.008   134.970 
      70   135.070   134.942 
      80   135.022   134.967 
      90   135.031   134.991 
     100   135.019   134.974 
     110   135.006   134.975 
     120   135.102   134.973 
     130   135.035   134.982 
     140   135.020   134.985 
     150   135.025   134.997 
     160   135.024   134.985 
     170   135.030   134.990 
     180   135.016   135.007 
     190   135.030   134.993 
     200   135.059   135.015 
     210   135.029   134.989 
     220   135.034   134.999 
     230   135.028   134.996 
     240   135.033   134.978 
     250   135.028   134.996 
     260   135.048   135.000 
     270   135.028   135.000 
     280   135.028   134.998 
     290   135.013   135.037 
     300   135.029   135.000 
     310   135.029   134.999 
     320   135.033   135.001 
     330   135.036   135.005 
     340   135.031   135.004 
     350   134.996   135.036 
     360   135.032   135.004 
     370   135.034   135.005 
     380   135.036   135.004 
     390   135.032   135.004 
     400   134.959   134.955 
     410   135.034   135.003 
     420   135.037   135.002 
     430   135.034   135.007 
     440   135.021   134.994 
     450   134.965   134.956 
     460   135.034   135.010 
     470   135.036   135.009 
     480   135.035   135.012 
     490   135.045   135.013 
     500   135.043   135.012 
     510   135.037   135.008 
     520   135.037   135.010 
     530   135.032   135.014 
     540   135.037   135.012 
     550   135.033   135.013 
     560   135.038   135.012 
     570   135.038   135.011 
     580   135.037   135.015 
     590   135.038   135.011 
     600   135.026   135.013 
     610   135.039   135.015 
     620   135.038   135.012 
     630   135.038   135.013 
     640   135.042   135.012 
     650   135.039   135.013 
     660   135.039   135.010 
     670   135.039   135.013 
     680   135.039   135.014 
     690   135.054   135.010 
     700   135.042   135.014 
     710   135.038   135.016 
     720   135.039   135.014 
     730   135.039   135.014 
     740   135.039   135.013 
     750   135.013   135.021 
     760   135.039   135.015 
     770   135.040   135.015 
     780   135.040   135.014 
     790   135.042   135.018 
     800   135.043   135.014 
     810   135.039   135.012 
     820   135.040   135.015 
     830   135.040   135.015 
     840   135.040   135.014 
     850   135.151   135.006 
     860   135.040   135.030 
     870   135.039   135.008 
     880   135.040   135.015 
     890   135.038   135.012 
     900   135.036   135.012 
     910   135.040   135.015 
     920   135.037   135.021 
     930   135.040   135.015 
     940   135.049   135.014 
     950   135.016   135.020 
     960   135.041   135.016 
     970   135.040   135.015 
     980   135.040   135.015 
     990   135.043   135.009 
    1000   135.043   135.020 
    1010   135.040   135.015 
    1020   135.040   135.015 
    1030   135.042   135.015 
    1040   135.042   135.017 
    1050   135.040   135.016 
    1060   135.040   135.009 
    1070   135.041   135.017 
    1080   135.041   135.018 
    1090   135.041   135.016 
    1100   134.948   135.020 
    1110   135.041   135.017 
    1120   135.042   135.017 
    1130   135.042   135.015 
    1140   135.041   135.016 
    1150   135.045   135.021 
    1160   135.044   135.014 
    1170   135.043   135.016 
    1180   135.042   135.016 
    1190   135.043   135.021 
    1200   135.042   135.006 
    1210   135.047   135.017 
    1220   135.042   135.017 
    1230   135.034   135.017 
    1240   135.043   135.016 
    1250   135.077   135.042 
    1260   135.042   135.017 
    1270   135.043   135.017 
    1280   135.043   135.017 
    1290   135.045   135.017 
    1300   135.036   135.017 
    1310   135.042   135.013 
    1320   135.043   135.014 
    1330   135.043   135.017 
    1340   135.046   135.016 
    1350   135.034   135.020 
    1360   135.042   135.016 
    1370   135.042   135.015 
    1380   135.044   135.018 
    1390   135.044   135.017 
    1400   135.050   135.020 
    1410   135.042   135.019 
    1420   135.043   135.018 
    1430   135.043   135.018 
    1440   135.043   135.018 
    1450   135.051   134.996 
    1460   135.044   135.017 
    1470   135.052   135.018 
    1480   135.043   135.018 
    1490   135.043   135.016 
    1500   135.064   134.879 
    1510   135.040   135.017 
    1520   135.042   135.018 
    1530   135.043   135.018 
    1540   135.043   135.018 
    1550   135.053   135.001 
    1560   135.043   135.017 
    1570   135.041   135.017 
    1580   135.045   135.018 
    1590   135.043   135.018 
    1600   135.043   135.021 
    1610   135.044   135.018 
    1620   135.044   135.018 
    1630   135.044   135.018 
    1640   135.043   135.018 
    1650   135.043   135.013 
    1660   135.044   135.018 
    1670   135.044   135.018 
    1680   135.045   135.018 
    1690   135.044   135.018 
    1700   135.046   135.026 
    1710   135.030   135.019 
    1720   135.049   135.018 
    1730   135.044   135.019 
    1740   135.044   135.016 
    1750   135.044   135.027 
    1760   135.032   135.018 
    1770   135.044   135.019 
    1780   135.045   135.019 
    1790   135.044   135.018 
    1800   135.047   135.012 
    1810   135.044   135.018 
    1820   135.036   135.014 
    1830   135.045   135.018 
    1840   135.046   135.013 
    1850   135.036   135.049 
    1860   135.044   135.019 
    1870   135.046   135.019 
    1880   135.044   135.019 
    1890   135.042   135.022 
    1900   135.049   135.013 
    1910   135.045   135.019 
    1920   135.039   135.016 
    1930   135.044   135.019 
    1940   135.046   135.018 
    1950   135.035   135.021 
    1960   135.044   135.019 
    1970   135.044   135.019 
    1980   135.045   135.021 
    1990   135.044   135.019 
    2000   135.029   135.010 
    2010   135.045   135.018 
    2020   135.048   135.013 
    2030   135.045   135.017 
    2040   135.044   135.019 
    2050   135.048   135.021 
    2060   135.044   135.020 
    2070   135.044   135.019 
    2080   135.045   135.019 
    2090   135.047   135.020 
    2100   135.039   135.021 
    2110   135.045   135.020 
    2120   135.045   135.020 
    2130   135.044   135.020 
    2140   135.045   135.021 
    2150   135.053   135.022 
    2160   135.050   135.008 
    2170   135.046   135.019 
    2180   135.046   135.019 
    2190   135.036   135.016 
    2200   135.048   135.024 
    2210   135.045   135.020 
    2220   135.044   135.021 
    2230   135.046   135.019 
    2240   135.045   135.020 
    2250   135.049   135.022 
    2260   135.046   135.019 
    2270   135.044   135.022 
    2280   135.046   135.020 
    2290   135.048   135.022 
    2300   135.043   135.020 
    2310   135.046   135.019 
    2320   135.045   135.020 
    2330   135.041   135.032 
    2340   135.045   135.020 
    2350   134.958   135.016 
    2360   135.045   135.020 
    2370   135.045   135.021 
    2380   135.045   135.021 
    2390   135.043   135.020 
    2400   135.040   135.023 
    2410   135.047   135.025 
    2420   135.049   135.031 
    2430   135.045   135.021 
    2440   135.049   135.020 
    2450   135.044   135.025 
    2460   135.047   135.022 
    2470   135.041   135.019 
    2480   135.047   135.021 
    2490   135.046   135.022 
    2500   135.063   134.990 
    2510   135.048   135.022 
    2520   135.043   135.021 
    2530   135.046   135.021 
    2540   135.047   135.018 
    2550   135.049   135.015 
    2560   135.046   135.021 
    2570   135.046   135.022 
    2580   135.049   135.030 
    2590   135.046   135.022 
    2600   135.029   135.026 
    2610   135.046   135.022 
    2620   135.047   135.025 
    2630   135.047   135.022 
    2640   135.047   135.020 
    2650   135.028   135.083 
    2660   135.047   135.022 
    2670   135.046   135.022 
    2680   135.046   135.022 
    2690   135.047   135.020 
    2700   135.048   135.025 
    2710   135.046   135.022 
    2720   135.047   135.022 
    2730   135.046   135.022 
    2740   135.045   135.025 
    2750   135.052   135.016 
    2760   135.047   135.022 
    2770   135.047   135.023 
    2780   135.050   135.026 
    2790   135.048   135.021 
    2800   135.053   135.031 
    2810   135.051   135.021 
    2820   135.036   135.028 
    2830   135.051   135.022 
    2840   135.046   135.019 
    2850   135.052   135.030 
    2860   135.051   135.022 
    2870   135.044   135.024 
    2880   135.047   135.024 
    2890   135.048   135.019 
    2900   135.045   135.032 
    2910   135.047   135.023 
    2920   135.048   135.023 
    2930   135.049   135.022 
    2940   135.042   135.017 
    2950   135.146   135.141 
    2960   135.047   135.023 
    2970   135.047   135.025 
    2980   135.048   135.023 
    2990   135.040   135.019 
    3000   135.008   135.010 
    3010   135.047   135.024 
    3020   135.040   135.037 
    3030   135.048   135.024 
    3040   135.045   135.022 
    3050   135.052   135.026 
    3060   135.047   135.024 
    3070   135.048   135.023 
    3080   135.049   135.021 
    3090   135.047   135.024 
    3100   135.040   135.030 
    3110   135.048   135.024 
    3120   135.048   135.025 
    3130   135.047   135.023 
    3140   135.045   135.025 
    3150   135.057   135.023 
    3160   135.051   135.044 
    3170   135.044   135.008 
    3180   135.048   135.025 
    3190   135.047   135.025 
    3200   135.056   135.024 
    3210   135.047   135.046 
    3220   135.049   135.014 
    3230   135.048   135.026 
    3240   135.050   135.031 
    3250   135.039   135.028 
    3260   135.048   135.026 
    3270   135.050   135.033 
    3280   135.049   135.026 
    3290   135.065   135.013 
    3300   135.033   135.047 
    3310   135.049   135.025 
    3320   135.050   135.027 
    3330   135.049   135.025 
    3340   135.052   135.025 
    3350   134.961   135.036 
    3360   135.049   135.027 
    3370   135.048   135.027 
    3380   135.049   135.027 
    3390   135.050   135.025 
    3400   135.074   135.038 
    3410   135.048   135.027 
    3420   135.048   135.028 
    3430   135.050   135.019 
    3440   135.049   135.026 
    3450   135.053   135.022 
    3460   135.049   135.026 
    3470   135.049   135.027 
    3480   135.048   135.027 
    3490   135.077   135.000 
    3500   135.043   135.033 
    3510   135.044   135.026 
    3520   135.050   135.028 
    3530   135.050   135.028 
    3540   135.065   135.000 
    3550   135.027   135.075 
    3560   135.049   135.029 
    3570   135.050   135.028 
    3580   135.049   135.030 
    3590   135.050   135.028 
    3600   135.047   135.034 
    3610   135.050   135.028 
    3620   135.048   135.028 
    3630   135.047   135.027 
    3640   135.048   135.031 
    3650   135.057   135.025 
    3660   135.050   135.028 
    3670   135.047   135.027 
    3680   135.050   135.031 
    3690   135.050   135.026 
    3700   135.062   134.997 
    3710   135.060   135.032 
    3720   135.054   135.032 
    3730   135.049   135.031 
    3740   135.044   135.026 
    3750   135.026   135.023 
    3760   135.051   135.030 
    3770   135.057   135.019 
    3780   135.056   135.029 
    3790   135.090   135.064 
    3800   135.055   135.035 
    3810   135.051   135.033 
    3820   135.054   135.034 
    3830   135.050   135.010 
    3840   135.053   135.034 
    3850   135.045   135.029 
    3860   135.052   135.033 
    3870   135.053   135.035 
    3880   135.062   135.024 
    3890   135.049   135.033 
    3900   134.996   135.004 
    3910   135.055   135.032 
    3920   135.053   135.039 
    3930   135.053   135.037 
    3940   135.049   135.032 
    3950   135.014   135.011 
    3960   135.055   135.034 
    3970   135.054   135.036 
    3980   135.053   135.037 
    3990   135.055   135.038 
    4000   135.011   135.003 
    4010   135.047   135.040 
    4020   135.053   135.038 
    4030   135.046   135.029 
    4040   135.054   135.038 
    4050   135.060   135.043 
    4060   135.054   135.038 
    4070   135.054   135.038 
    4080   135.049   135.044 
    4090   135.051   135.035 
    4100   135.059   135.041 
    4110   135.053   135.039 
    4120   135.053   135.039 
    4130   135.055   135.050 
    4140   135.054   135.038 
    4150   135.044   135.036 
    4160   135.055   135.034 
    4170   135.055   135.039 
    4180   135.055   135.041 
    4190   135.052   135.038 
    4200   134.796   134.991 
    4210   135.056   135.037 
    4220   135.055   135.032 
    4230   135.056   135.040 
    4240   135.056   135.034 
    4250   135.058   135.019 
    4260   135.054   135.039 
    4270   135.056   135.040 
    4280   135.050   135.040 
    4290   135.056   135.039 
    4300   135.053   135.057 
    4310   135.053   135.040 
    4320   135.052   135.040 
    4330   135.046   135.043 
    4340   135.056   135.038 
    4350   135.073   134.976 
    4360   135.059   135.040 
    4370   135.042   135.041 
    4380   135.060   135.042 
    4390   135.053   135.031 
    4400   135.057   135.041 
    4410   135.058   134.942 
    4420   135.057   135.058 
    4430   135.057   135.042 
    4440   135.058   135.042 
    4450   135.062   135.047 
    4460   135.055   135.044 
    4470   135.057   135.043 
    4480   135.055   135.046 
    4490   135.048   135.035 
    4500   134.999   135.002 
    4510   135.054   135.047 
    4520   135.058   135.043 
    4530   135.055   135.048 
    4540   135.047   135.035 
    4550   134.982   134.991 
    4560   135.105   135.038 
    4570   135.023   135.040 
    4580   135.065   135.059 
    4590   135.063   135.041 
    4600   135.062   135.043 
    4610   135.059   135.026 
    4620   135.063   135.065 
    4630   135.058   135.048 
    4640   135.052   135.042 
    4650   134.995   135.035 
    4660   135.059   135.037 
    4670   135.059   135.040 
    4680   135.061   135.044 
    4690   135.059   135.045 
    4700   135.077   135.071 
    4710   135.057   135.045 
    4720   135.053   135.047 
    4730   135.077   135.039 
    4740   135.059   135.044 
    4750   135.053   135.016 
    4760   135.054   135.045 
    4770   135.061   135.044 
    4780   135.057   135.044 
    4790   135.052   135.010 
    4800   135.064   135.045 
    4810   135.058   135.048 
    4820   135.060   135.044 
    4830   135.077   135.034 
    4840   135.061   135.044 
    4850   135.065   135.049 
    4860   135.059   135.045 
    4870   135.060   135.045 
    4880   135.080   135.067 
    4890   135.063   135.036 
    4900   135.012   135.073 
    4910   135.060   135.042 
    4920   135.048   135.026 
    4930   135.060   135.045 
    4940   135.066   135.036 
    4950   135.061   135.045 
    4960   135.062   135.043 
    4970   135.061   135.043 
    4980   135.060   135.044 
    4990   135.062   135.050 
    5000   135.058   135.012 
    5010   135.059   135.044 
    5020   135.065   135.043 
    5030   135.062   135.044 
    5040   135.062   135.047 
    5050   135.080   135.093 
    5060   135.058   135.044 
    5070   135.054   135.046 
    5080   135.062   135.044 
    5090   135.063   135.049 
    5100   135.080   135.085 
    5110   135.060   135.044 
    5120   135.062   135.043 
    5130   135.060   135.043 
    5140   135.061   135.040 
    5150   135.052   135.024 
    5160   135.069   135.041 
    5170   135.062   135.043 
    5180   135.061   135.041 
    5190   135.064   135.051 
    5200   135.045   134.990 
    5210   135.063   135.042 
    5220   135.063   135.043 
    5230   135.061   135.043 
    5240   135.075   135.033 
    5250   135.015   135.079 
    5260   135.066   135.046 
    5270   135.062   135.043 
    5280   135.067   135.048 
    5290   135.067   135.036 
    5300   135.061   135.045 
    5310   135.061   135.042 
    5320   135.061   135.043 
    5330   135.063   135.043 
    5340   135.064   135.040 
    5350   135.139   134.962 
    5360   135.061   135.043 
    5370   135.063   135.044 
    5380   135.061   135.043 
    5390   135.070   135.038 
    5400   135.057   135.045 
    5410   135.061   135.041 
    5420   135.062   135.043 
    5430   135.061   135.041 
    5440   135.083   135.036 
    5450   135.001   135.063 
    5460   135.062   135.043 
    5470   135.061   135.042 
    5480   135.063   135.042 
    5490   135.065   135.036 
    5500   135.066   135.035 
    5510   135.059   135.042 
    5520   135.062   135.042 
    5530   135.063   135.043 
    5540   135.061   135.044 
    5550   135.084   134.969 
    5560   135.073   135.044 
    5570   135.062   135.042 
    5580   135.061   135.042 
    5590   135.062   135.041 
    5600   135.070   135.022 
    5610   135.061   135.041 
    5620   135.062   135.042 
    5630   135.061   135.042 
    5640   135.066   135.035 
    5650   135.030   135.103 
    5660   135.051   135.038 
    5670   135.062   135.042 
    5680   135.065   135.043 
    5690   135.062   135.042 
    5700   135.063   135.045 
    5710   135.063   135.041 
    5720   135.059   135.043 
    5730   135.058   135.045 
    5740   135.063   135.045 
    5750   135.053   135.025 
    5760   135.064   135.041 
    5770   135.062   135.042 
    5780   135.063   135.042 
    5790   135.062   135.041 
    5800   135.091   135.092 
    5810   135.067   135.040 
    5820   135.062   135.042 
    5830   135.066   135.040 
    5840   135.065   135.046 
    5850   135.055   135.035 
    5860   135.064   135.041 
    5870   135.062   135.042 
    5880   135.064   135.040 
    5890   135.054   135.035 
    5900   135.076   135.050 
    5910   135.063   135.042 
    5920   135.063   135.042 
    5930   135.061   135.043 
    5940   135.060   135.041 
    5950   134.998   135.010 
    5960   135.063   135.041 
    5970   135.062   135.042 
    5980   135.062   135.044 
    5990   135.063   135.042 
    6000   135.040   135.035 
    6010   135.064   135.040 
    6020   135.065   135.039 
    6030   135.061   135.043 
    6040   135.053   135.028 
    6050   135.060   135.039 
    6060   135.063   135.041 
    6070   135.063   135.042 
    6080   135.063   135.041 
    6090   135.054   135.039 
    6100   135.066   135.042 
    6110   135.066   135.025 
    6120   135.063   135.040 
    6130   135.063   135.042 
    6140   135.063   135.042 
    6150   135.075   135.103 
    6160   135.062   135.041 
    6170   135.063   135.041 
    6180   135.065   135.041 
    6190   135.063   135.041 
    6200   135.067   135.057 
    6210   135.062   135.041 
    6220   135.044   135.045 
    6230   135.064   135.041 
    6240   135.064   135.043 
    6250   135.066   135.044 
    6260   135.063   135.041 
    6270   135.062   135.041 
    6280   135.063   135.041 
    6290   135.057   135.026 
    6300   135.042   134.988 
    6310   135.067   135.041 
    6320   135.061   135.040 
    6330   135.064   135.041 
    6340   135.063   135.040 
    6350   135.055   134.995 
    6360   135.079   135.038 
    6370   135.065   135.041 
    6380   135.068   135.041 
    6390   135.068   135.044 
    6400   135.066   135.037 
    6410   135.063   135.040 
    6420   135.064   135.042 
    6430   135.064   135.041 
    6440   135.070   135.030 
    6450   135.076   135.040 
    6460   135.064   135.039 
    6470   135.064   135.041 
    6480   135.063   135.039 
    6490   135.067   135.040 
    6500   135.019   135.058 
    6510   135.063   135.046 
    6520   135.064   135.043 
    6530   135.064   135.039 
    6540   135.061   135.046 
    6550   135.064   135.039 
    6560   135.065   135.039 
    6570   135.052   135.046 
    6580   135.067   135.041 
    6590   135.078   135.015 
    6600   135.108   134.974 
    6610   135.064   135.039 
    6620   135.062   135.036 
    6630   135.068   135.047 
    6640   135.066   135.038 
    6650   135.128   135.016 
    6660   135.064   135.039 
    6670   135.064   135.039 
    6680   135.065   135.040 
    6690   135.071   135.037 
    6700   135.085   135.036 
    6710   135.066   135.049 
    6720   135.065   135.039 
    6730   135.065   135.039 
    6740   135.067   135.038 
    6750   135.072   135.038 
    6760   135.064   135.038 
    6770   135.064   135.039 
    6780   135.065   135.037 
    6790   135.065   135.039 
    6800   135.064   135.039 
    6810   135.064   135.037 
    6820   135.064   135.038 
    6830   135.065   135.039 
    6840   135.064   135.039 
    6850   135.072   135.039 
    6860   135.064   135.035 
    6870   135.064   135.039 
    6880   135.062   135.039 
    6890   135.065   135.041 
    6900   135.063   135.030 
    6910   135.035   135.044 
    6920   135.064   135.039 
    6930   135.063   135.039 
    6940   135.065   135.044 
    6950   135.064   135.018 
    6960   135.067   135.038 
    6970   135.065   135.038 
    6980   135.062   135.038 
    6990   135.064   135.038 
    7000   135.080   135.073 
    7010   135.064   135.040 
    7020   135.065   135.038 
    7030   135.062   135.041 
    7040   135.066   135.040 
    7050   135.077   135.049 
    7060   135.066   135.037 
    7070   135.064   135.039 
    7080   135.065   135.038 
    7090   135.049   135.031 
    7100   135.143   135.076 
    7110   135.064   135.038 
    7120   135.064   135.041 
    7130   135.065   135.038 
    7140   135.064   135.040 
    7150   134.925   135.116 
    7160   135.065   135.038 
    7170   135.064   135.039 
    7180   135.065   135.039 
    7190   135.075   135.029 
    7200   135.119   135.007 
    7210   135.065   135.038 
    7220   135.062   135.031 
    7230   135.065   135.040 
    7240   135.067   135.037 
    7250   135.010   135.061 
    7260   135.064   135.038 
    7270   135.065   135.038 
    7280   135.064   135.037 
    7290   135.065   135.038 
    7300   135.031   134.996 
    7310   135.065   135.038 
    7320   135.064   135.038 
    7330   135.064   135.037 
    7340   135.063   135.038 
    7350   135.080   135.050 
    7360   135.065   135.037 
    7370   135.063   135.038 
    7380   135.065   135.037 
    7390   135.058   135.027 
    7400   135.049   135.057 
    7410   135.065   135.038 
    7420   135.065   135.038 
    7430   135.064   135.037 
    7440   135.078   135.026 
    7450   135.071   135.053 
    7460   135.064   135.038 
    7470   135.069   135.036 
    7480   135.065   135.038 
    7490   135.065   135.039 
    7500   135.064   135.035 
    7510   135.065   135.037 
    7520   135.072   135.033 
    7530   135.063   135.038 
    7540   135.064   135.036 
    7550   135.049   135.041 
    7560   135.064   135.036 
    7570   135.065   135.038 
    7580   135.065   135.038 
    7590   135.065   135.038 
    7600   135.070   135.036 
    7610   135.064   135.035 
    7620   135.065   135.039 
    7630   135.065   135.037 
    7640   135.065   135.037 
    7650   135.063   135.038 
    7660   135.064   135.038 
    7670   135.065   135.040 
    7680    68.134   113.007 
    7690   135.064   135.037 
    7700   135.045   135.100 
    7710   135.064   135.037 
    7720   135.064   135.038 
    7730   167.347    70.582 
    7740   135.066   135.037 
    7750   135.149   135.072 
    7760   135.065   135.037 
    7770   135.064   135.037 
    7780   135.064   135.037 
    7790   135.065   135.037 
    7800   135.039   135.081 
    7810   135.065   135.037 
    7820   135.064   135.037 
    7830   135.064   135.037 
    7840   135.065   135.036 
    7850   135.094   135.040 
    7860   135.065   135.037 
    7870   135.065   135.037 
    7880   135.064   135.037 
    7890   135.065   135.036 
    7900   135.092   135.041 
    7910   135.064   135.037 
    7920   135.065   135.037 
    7930   135.065   135.038 
    7940   135.065   135.037 
    7950   135.045   135.016 
    7960   135.065   135.036 
    7970   135.065   135.038 
    7980   135.064   135.037 
    7990   135.065   135.037 
    8000   135.035   135.098 
    8010   135.064   135.037 
    8020   135.064   135.037 
    8030   135.062   135.037 
    8040   135.064   135.037 
    8050   135.024   135.020 
    8060   135.065   135.036 
    8070   135.064   135.037 
    8080   135.065   135.038 
    8090   135.065   135.036 
    8100   135.061   135.035 
    8110   135.064   135.037 
    8120   135.063   135.039 
    8130   135.064   135.036 
    8140   135.064   135.036 
    8150   135.084   135.061 
    8160   135.064   135.036 
    8170   135.064   135.036 
    8180   135.065   135.036 
    8190   135.064   135.036 
    8200   135.067   135.036 
    8210   135.064   135.036 
    8220   135.064   135.036 
    8230   135.064   135.037 
    8240   135.064   135.036 
    8250   135.060   135.036 
    8260   135.064   135.036 
    8270   135.064   135.036 
    8280   157.709    55.990 
    8290   135.064   135.036 
    8300   135.099   135.042 
    8310   135.064   135.036 
    8320   135.064   135.036 
    8330   135.065   135.036 
    8340   135.064   135.036 
    8350   135.065   135.037 
    8360   135.064   135.037 
    8370   135.065   135.034 
    8380   135.064   135.037 
    8390   135.064   135.036 
    8400   135.128   134.987 
    8410   135.064   135.036 
    8420   135.064   135.036 
    8430   135.060   135.038 
    8440   135.063   135.035 
    8450   135.069   135.042 
    8460   135.064   135.036 
    8470   135.064   135.036 
    8480   135.064   135.036 
    8490   135.064   135.036 
    8500   135.083   135.038 
    8510   135.065   135.028 
    8520   135.064   135.036 
    8530   223.968   211.116 
    8540   135.064   135.036 
    8550   135.066   135.030 
    8560   135.064   135.036 
    8570   135.064   135.036 
    8580    68.794    97.209 
    8590   135.064   135.036 
    8600   135.066   135.032 
    8610   135.064   135.036 
    8620   135.064   135.036 
    8630   135.064   135.036 
    8640   135.064   135.036 
    8650   135.061   135.132 
    8660   135.065   135.036 
    8670   135.064   135.036 
    8680   135.064   135.036 
    8690   135.064   135.036 
    8700   135.106   135.024 
    8710   135.064   135.036 
    8720   135.064   135.036 
    8730   135.064   135.035 
    8740   135.064   135.036 
    8750   135.072   135.040 
    8760   135.064   135.036 
    8770   135.064   135.037 
    8780   135.065   135.037 
    8790   135.065   135.035 
    8800   135.080   135.021 
    8810   135.064   135.036 
    8820   135.064   135.036 
    8830   135.064   135.037 
    8840   135.064   135.036 
    8850   135.071   135.033 
    8860   135.064   135.036 
    8870   135.065   135.036 
    8880   135.063   135.036 
    8890   135.064   135.036 
    8900   135.124   135.069 
    8910   135.064   135.036 
    8920   135.064   135.036 
    8930   135.064   135.037 
    8940   135.064   135.036 
    8950   135.033   135.018 
    8960   135.065   135.034 
    8970   135.064   135.036 
    8980   135.065   135.036 
    8990   135.064   135.036 
    9000   135.063   135.038 
    9010   135.064   135.036 
    9020   135.064   135.036 
    9030   135.064   135.036 
    9040   135.064   135.036 
    9050   135.063   135.037 
    9060   135.064   135.036 
    9070   135.064   135.036 
    9080   135.064   135.036 
    9090   135.064   135.036 
    9100   135.059   135.029 
    9110   135.064   135.036 
    9120   135.064   135.036 
    9130   135.064   135.037 
    9140   135.064   135.036 
    9150   135.061   135.037 
    9160   135.064   135.036 
    9170   135.064   135.036 
    9180   135.064   135.036 
    9190   135.064   135.036 
    9200   135.071   135.040 
    9210   135.064   135.036 
    9220   135.064   135.036 
    9230   135.062   135.037 
    9240   135.064   135.036 
    9250   135.065   135.045 
    9260   135.064   135.036 
    9270   135.064   135.036 
    9280   212.777   137.632 
    9290   135.064   135.036 
    9300   135.049   135.042 
    9310   135.064   135.036 
    9320   135.064   135.036 
    9330   135.064   135.036 
    9340   135.064   135.036 
    9350   135.063   135.039 
    9360   135.064   135.036 
    9370   135.064   135.036 
    9380   135.064   135.036 
    9390   135.064   135.036 
    9400   135.057   135.036 
    9410   135.064   135.036 
    9420   135.064   135.036 
    9430   135.064   135.036 
    9440   135.064   135.036 
    9450   135.063   134.988 
    9460   135.057   135.036 
    9470   135.064   135.036 
    9480   135.064   135.035 
    9490   135.064   135.036 
    9500   134.960   135.033 
    9510   135.064   135.036 
    9520   135.064   135.036 
    9530   135.063   135.036 
    9540   135.064   135.036 
    9550   135.018   135.044 
    9560   135.064   135.036 
    9570   135.064   135.036 
    9580   135.064   135.036 
    9590   135.064   135.037 
    9600   135.063   135.036 
    9610   135.064   135.036 
    9620   135.064   135.036 
    9630   135.064   135.036 
    9640   135.064   135.036 
    9650   135.065   135.056 
    9660   135.064   135.036 
    9670   135.064   135.037 
    9680   135.065   135.036 
    9690   135.064   135.036 
    9700   135.098   135.109 
    9710   135.064   135.036 
    9720   135.064   135.036 
    9730   135.064   135.036 
    9740   135.064   135.036 
    9750   135.068   135.033 
    9760   135.064   135.036 
    9770   135.064   135.036 
    9780   135.064   135.036 
    9790   135.064   135.036 
    9800   135.066   135.039 
    9810   135.063   135.037 
    9820   135.064   135.036 
    9830    40.712   244.046 
    9840   135.064   135.036 
    9850   135.060   135.033 
    9860   135.064   135.036 
    9870   135.064   135.036 
    9880   141.957    60.042 
    9890   135.064   135.036 
    9900   135.055   135.035 
    9910   135.064   135.036 
    9920   135.064   135.036 
    9930   135.064   135.038 
    9940   135.064   135.036 
    9950   135.099   135.031 
    9960   135.064   135.036 
    9970   135.064   135.036 
    9980   135.064   135.035 
    9990   135.064   135.036 
   10000   135.064   135.036 
