       0   334.937   334.824 
      10   339.669   337.193 
      20   340.538   338.877 
      30   339.662   339.344 
      40   340.011   339.527 
      50   340.035   339.594 
      60   339.929   339.738 
      70   339.958   339.773 
      80   339.967   339.776 
      90   339.902   339.757 
     100   339.929   339.760 
     110   339.935   339.768 
     120   339.937   339.777 
     130   339.936   339.773 
     140   339.936   339.786 
     150   339.944   339.763 
     160   339.936   339.780 
     170   339.936   339.779 
     180   339.936   339.771 
     190   339.936   339.783 
     200   339.949   339.833 
     210   339.936   339.782 
     220   339.936   339.783 
     230   339.936   339.803 
     240   339.937   339.774 
     250   339.945   339.822 
     260   339.937   339.784 
     270   339.937   339.784 
     280   339.936   339.804 
     290   339.928   339.784 
     300   339.935   339.784 
     310   339.937   339.789 
     320   339.937   339.787 
     330   339.937   339.784 
     340   339.937   339.777 
     350   340.095   339.844 
     360   339.937   339.786 
     370   339.937   339.786 
     380   339.937   339.786 
     390   339.937   339.788 
     400   339.537   339.786 
     410   339.937   339.784 
     420   339.937   339.785 
     430   339.939   339.784 
     440   339.937   339.786 
     450   340.014   339.714 
     460   339.937   339.786 
     470   339.938   339.786 
     480   339.937   339.784 
     490   339.937   339.787 
     500   339.937   339.786 
     510   339.937   339.785 
     520   339.937   339.787 
     530   339.937   339.772 
     540   339.937   339.786 
     550   340.219   339.801 
     560   339.937   339.786 
     570   339.937   339.787 
     580   339.937   339.784 
     590   339.938   339.786 
     600   339.939   339.787 
     610   339.937   339.788 
     620   339.937   339.785 
     630   339.938   339.788 
     640   339.967   339.787 
     650   339.942   339.787 
     660   339.938   339.787 
     670   339.938   339.787 
     680   339.937   339.810 
     690   339.938   339.787 
     700   339.872   339.782 
     710   339.938   339.787 
     720   339.938   339.789 
     730   339.940   339.787 
     740   339.938   339.787 
     750   339.928   339.871 
     760   339.949   339.787 
     770   339.939   339.787 
     780   339.938   339.790 
     790   339.938   339.787 
     800   339.955   339.787 
     810   339.938   339.787 
     820   339.938   339.787 
     830   339.938   339.795 
     840   339.938   339.788 
     850   339.938   339.788 
     860   339.938   339.787 
     870   339.945   339.787 
     880   339.937   339.788 
     890   339.938   339.786 
     900   339.725   339.781 
     910   339.938   339.788 
     920   339.938   339.787 
     930   339.940   339.787 
     940   339.938   339.788 
     950   339.954   339.754 
     960   339.938   339.787 
     970   339.938   339.787 
     980   339.939   339.788 
     990   339.938   339.787 
    1000   339.938   339.783 
    1010   339.967   339.787 
    1020   339.938   339.788 
    1030   339.938   339.788 
    1040   339.938   339.787 
    1050   340.112   339.793 
    1060   339.938   339.797 
    1070   339.938   339.786 
    1080   339.938   339.787 
    1090   339.938   339.787 
    1100   339.891   339.838 
    1110   339.938   339.787 
    1120   339.938   339.787 
    1130   339.938   339.787 
    1140   339.938   339.787 
    1150   339.928   339.805 
    1160   339.938   339.788 
    1170   339.938   339.788 
    1180   339.938   339.788 
    1190   339.938   339.788 
    1200   339.819   339.787 
    1210   339.938   339.786 
    1220   339.938   339.788 
    1230   339.938   339.792 
    1240   339.938   339.787 
    1250   339.887   339.784 
    1260   339.938   339.788 
    1270   339.938   339.788 
    1280   339.938   339.788 
    1290   339.937   339.788 
    1300   339.943   339.788 
    1310   339.938   339.788 
    1320   339.938   339.788 
    1330   339.938   339.787 
    1340   339.938   339.788 
    1350   339.955   339.787 
    1360   339.938   339.787 
    1370   339.938   339.788 
    1380   339.936   339.788 
    1390   339.938   339.787 
    1400   339.891   339.811 
    1410   339.885   339.800 
    1420   339.938   339.788 
    1430   339.939   339.789 
    1440   339.938   339.787 
    1450   339.901   339.776 
    1460   339.938   339.786 
    1470   339.938   339.788 
    1480   339.938   339.787 
    1490   339.938   339.788 
    1500   339.938   339.788 
    1510   339.938   339.788 
    1520   339.938   339.788 
    1530   339.938   339.774 
    1540   339.938   339.788 
    1550   339.929   339.785 
    1560   339.938   339.785 
    1570   339.940   339.788 
    1580   339.934   339.788 
    1590   339.938   339.788 
    1600   339.937   339.748 
    1610   339.938   339.788 
    1620   339.936   339.785 
    1630   339.942   339.788 
    1640   339.938   339.788 
    1650   339.928   339.745 
    1660   339.938   339.785 
    1670   339.938   339.788 
    1680   339.938   339.787 
    1690   339.938   339.788 
    1700   339.884   339.785 
    1710   339.938   339.787 
    1720   339.938   339.788 
    1730   339.933   339.788 
    1740   339.938   339.788 
    1750   339.938   339.778 
    1760   339.938   339.788 
    1770   339.938   339.788 
    1780   339.938   339.792 
    1790   339.938   339.788 
    1800   339.950   339.788 
    1810   339.938   339.788 
    1820   339.938   339.788 
    1830   339.938   339.788 
    1840   339.938   339.788 
    1850   339.885   339.783 
    1860   339.938   339.788 
    1870   339.938   339.787 
    1880   339.937   339.788 
    1890   339.938   339.788 
    1900   339.937   339.795 
    1910   339.938   339.787 
    1920   339.938   339.788 
    1930   339.938   339.788 
    1940   339.938   339.788 
    1950   339.947   339.788 
    1960   339.938   339.788 
    1970   339.938   339.788 
    1980   339.938   339.788 
    1990   339.938   339.788 
    2000   339.941   339.798 
    2010   339.938   339.788 
    2020   339.938   339.788 
    2030   339.938   339.788 
    2040   339.938   339.788 
    2050   339.937   339.788 
    2060   339.938   339.788 
    2070   339.938   339.787 
    2080   339.938   339.796 
    2090   339.931   339.788 
    2100   339.933   339.788 
    2110   339.938   339.788 
    2120   339.938   339.788 
    2130   339.937   339.783 
    2140   339.938   339.788 
    2150   340.074   339.856 
    2160   339.938   339.786 
    2170   339.938   339.788 
    2180   339.936   339.788 
    2190   339.938   339.788 
    2200   339.938   339.834 
    2210   339.938   339.788 
    2220   339.938   339.788 
    2230   339.943   339.788 
    2240   339.938   339.788 
    2250   339.945   339.775 
    2260   339.938   339.789 
    2270   339.937   339.785 
    2280   339.942   339.788 
    2290   339.938   339.788 
    2300   339.956   339.788 
    2310   339.938   339.788 
    2320   339.938   339.788 
    2330   339.938   339.788 
    2340   339.938   339.788 
    2350   339.863   339.788 
    2360   339.938   339.790 
    2370   339.938   339.788 
    2380   339.938   339.797 
    2390   339.938   339.788 
    2400   340.106   339.790 
    2410   339.938   339.790 
    2420   339.938   339.787 
    2430   339.938   339.787 
    2440   339.938   339.787 
    2450   339.939   339.775 
    2460   339.938   339.788 
    2470   339.938   339.788 
    2480   339.931   339.788 
    2490   339.938   339.788 
    2500   339.937   339.798 
    2510   339.938   339.788 
    2520   339.938   339.787 
    2530   339.938   339.786 
    2540   339.938   339.788 
    2550   340.128   339.787 
    2560   339.938   339.788 
    2570   339.938   339.788 
    2580   339.939   339.822 
    2590   339.938   339.788 
    2600   339.892   339.788 
    2610   339.938   339.789 
    2620   339.938   339.788 
    2630   339.938   339.780 
    2640   339.938   339.788 
    2650   339.933   339.788 
    2660   339.938   339.788 
    2670   339.938   339.788 
    2680   339.938   339.789 
    2690   339.938   339.788 
    2700   339.937   339.788 
    2710   339.938   339.788 
    2720   339.938   339.788 
    2730   339.937   339.811 
    2740   339.938   339.788 
    2750   339.938   339.788 
    2760   339.938   339.787 
    2770   339.938   339.788 
    2780   339.938   339.792 
    2790   339.938   339.788 
    2800   339.940   339.788 
    2810   339.938   339.788 
    2820   339.938   339.787 
    2830   339.938   339.793 
    2840   339.938   339.788 
    2850   339.943   339.775 
    2860   339.938   339.788 
    2870   339.938   339.788 
    2880   339.943   339.788 
    2890   339.938   339.788 
    2900   339.937   339.788 
    2910   339.938   339.788 
    2920   339.938   339.788 
    2930   339.938   339.788 
    2940   339.938   339.788 
    2950   339.909   339.730 
    2960   339.939   339.788 
    2970   339.938   339.788 
    2980   339.938   339.789 
    2990   339.938   339.788 
    3000   339.943   339.788 
    3010   339.938   339.788 
    3020   339.938   339.788 
    3030   339.934   339.782 
    3040   339.938   339.788 
    3050   340.320   339.848 
    3060   339.939   339.787 
    3070   339.938   339.788 
    3080   339.938   339.789 
    3090   339.938   339.788 
    3100   339.971   339.763 
    3110   339.938   339.788 
    3120   339.943   339.788 
    3130   339.938   339.784 
    3140   339.935   339.788 
    3150   339.899   339.786 
    3160   339.938   339.786 
    3170   339.938   339.788 
    3180   339.933   339.788 
    3190   339.938   339.788 
    3200   339.935   339.774 
    3210   339.929   339.794 
    3220   339.938   339.788 
    3230   339.938   339.796 
    3240   339.938   339.788 
    3250   339.917   339.816 
    3260   339.939   339.787 
    3270   339.938   339.788 
    3280   339.937   339.788 
    3290   339.938   339.788 
    3300   339.946   339.781 
    3310   339.940   339.788 
    3320   339.939   339.788 
    3330   339.934   339.788 
    3340   339.938   339.788 
    3350   339.938   339.777 
    3360   339.938   339.788 
    3370   339.938   339.788 
    3380   339.939   339.792 
    3390   339.938   339.788 
    3400   340.202   339.776 
    3410   339.938   339.788 
    3420   339.938   339.788 
    3430   339.938   339.788 
    3440   339.938   339.788 
    3450   339.936   339.788 
    3460   339.938   339.788 
    3470   339.938   339.788 
    3480   339.938   339.789 
    3490   339.938   339.788 
    3500   340.041   339.814 
    3510   339.938   339.788 
    3520   339.938   339.788 
    3530   339.938   339.793 
    3540   339.938   339.787 
    3550   339.963   339.801 
    3560   339.947   339.787 
    3570   339.938   339.788 
    3580   339.934   339.788 
    3590   339.938   339.788 
    3600   339.934   339.796 
    3610   339.938   339.788 
    3620   339.938   339.787 
    3630   339.942   339.788 
    3640   339.938   339.788 
    3650   339.941   339.786 
    3660   339.938   339.785 
    3670   339.939   339.788 
    3680   339.938   339.786 
    3690   339.938   339.788 
    3700   339.929   339.778 
    3710   339.947   339.788 
    3720   339.938   339.788 
    3730   339.938   339.786 
    3740   339.937   339.788 
    3750   339.931   339.782 
    3760   339.938   339.788 
    3770   339.938   339.788 
    3780   339.938   339.795 
    3790   339.938   339.788 
    3800   339.919   339.788 
    3810   339.938   339.788 
    3820   339.938   339.788 
    3830   339.939   339.819 
    3840   339.938   339.787 
    3850   339.950   339.796 
    3860   339.938   339.788 
    3870   339.938   339.788 
    3880   339.940   339.788 
    3890   339.938   339.788 
    3900   339.939   339.739 
    3910   339.956   339.788 
    3920   339.938   339.788 
    3930   339.938   339.787 
    3940   339.938   339.788 
    3950   340.001   339.788 
    3960   339.938   339.791 
    3970   339.938   339.788 
    3980   339.937   339.764 
    3990   339.938   339.788 
    4000   339.991   339.788 
    4010   339.938   339.789 
    4020   339.938   339.788 
    4030   339.938   339.787 
    4040   339.938   339.788 
    4050   339.937   339.787 
    4060   339.938   339.788 
    4070   339.938   339.788 
    4080   339.938   339.790 
    4090   339.938   339.788 
    4100   339.913   339.788 
    4110   339.938   339.788 
    4120   339.938   339.788 
    4130   339.937   339.789 
    4140   339.939   339.788 
    4150   339.937   339.787 
    4160   339.938   339.788 
    4170   339.938   339.788 
    4180   339.938   339.788 
    4190   339.938   339.787 
    4200   339.939   339.787 
    4210   339.939   339.787 
    4220   339.938   339.788 
    4230   339.938   339.788 
    4240   339.938   339.788 
    4250   339.938   339.777 
    4260   339.938   339.788 
    4270   339.938   339.788 
    4280   339.938   339.787 
    4290   339.938   339.788 
    4300   339.938   339.788 
    4310   339.938   339.788 
    4320   339.938   339.788 
    4330   339.938   339.798 
    4340   339.938   339.788 
    4350   339.508   339.789 
    4360   339.938   339.788 
    4370   339.938   339.787 
    4380   339.941   339.788 
    4390   339.938   339.788 
    4400   339.941   339.794 
    4410   339.938   339.788 
    4420   339.938   339.788 
    4430   339.938   339.788 
    4440   339.938   339.788 
    4450   339.940   339.793 
    4460   339.959   339.788 
    4470   339.938   339.788 
    4480   339.938   339.786 
    4490   339.938   339.788 
    4500   339.939   339.820 
    4510   339.938   339.788 
    4520   339.938   339.788 
    4530   339.938   339.787 
    4540   339.938   339.788 
    4550   339.936   339.790 
    4560   339.938   339.787 
    4570   339.938   339.788 
    4580   339.938   339.789 
    4590   339.938   339.788 
    4600   339.943   339.788 
    4610   339.938   339.788 
    4620   339.938   339.788 
    4630   339.938   339.786 
    4640   339.938   339.788 
    4650   339.959   339.787 
    4660   339.938   339.786 
    4670   339.938   339.787 
    4680   339.938   339.786 
    4690   339.938   339.788 
    4700   339.825   339.784 
    4710   339.938   339.788 
    4720   339.938   339.788 
    4730   339.937   339.788 
    4740   339.938   339.788 
    4750   339.937   339.786 
    4760   339.938   339.788 
    4770   339.944   339.789 
    4780   339.938   339.788 
    4790   339.938   339.788 
    4800   339.915   339.792 
    4810   339.938   339.789 
    4820   339.938   339.788 
    4830   339.930   339.788 
    4840   339.938   339.788 
    4850   339.927   339.812 
    4860   339.938   339.785 
    4870   339.938   339.788 
    4880   339.934   339.788 
    4890   339.938   339.788 
    4900   339.938   339.800 
    4910   339.938   339.788 
    4920   339.938   339.788 
    4930   339.938   339.779 
    4940   339.938   339.788 
    4950   339.938   339.800 
    4960   339.938   339.788 
    4970   339.938   339.788 
    4980   339.939   339.788 
    4990   339.938   339.788 
    5000   339.939   339.843 
    5010   339.938   339.788 
    5020   339.938   339.788 
    5030   339.938   339.787 
    5040   339.938   339.788 
    5050   340.264   339.780 
    5060   339.938   339.788 
    5070   339.938   339.788 
    5080   339.942   339.788 
    5090   339.938   339.788 
    5100   339.939   339.791 
    5110   339.938   339.787 
    5120   339.938   339.788 
    5130   339.938   339.790 
    5140   339.938   339.788 
    5150   339.934   339.788 
    5160   339.938   339.788 
    5170   339.938   339.788 
    5180   339.938   339.814 
    5190   339.938   339.788 
    5200   339.933   339.796 
    5210   339.938   339.788 
    5220   339.938   339.788 
    5230   339.940   339.789 
    5240   339.938   339.788 
    5250   339.969   339.841 
    5260   339.938   339.788 
    5270   339.938   339.788 
    5280   339.939   339.759 
    5290   339.938   339.788 
    5300   339.815   339.787 
    5310   339.938   339.786 
    5320   339.938   339.788 
    5330   339.940   339.788 
    5340   339.938   339.788 
    5350   339.949   339.672 
    5360   339.952   339.788 
    5370   339.938   339.788 
    5380   339.938   339.790 
    5390   339.937   339.788 
    5400   339.941   339.779 
    5410   339.938   339.788 
    5420   339.938   339.788 
    5430   339.938   339.788 
    5440   339.938   339.788 
    5450   339.944   339.793 
    5460   339.938   339.788 
    5470   339.938   339.788 
    5480   339.938   339.804 
    5490   339.938   339.787 
    5500   339.971   339.788 
    5510   339.938   339.788 
    5520   339.938   339.788 
    5530   339.938   339.791 
    5540   339.938   339.788 
    5550   339.933   339.788 
    5560   339.938   339.788 
    5570   339.938   339.788 
    5580   339.938   339.788 
    5590   339.938   339.788 
    5600   339.813   339.808 
    5610   339.938   339.788 
    5620   339.938   339.788 
    5630   339.938   339.788 
    5640   339.938   339.788 
    5650   339.932   339.788 
    5660   339.938   339.788 
    5670   339.938   339.788 
    5680   339.938   339.792 
    5690   339.938   339.787 
    5700   339.909   339.787 
    5710   339.938   339.787 
    5720   339.938   339.788 
    5730   339.938   339.788 
    5740   339.938   339.788 
    5750   340.344   339.787 
    5760   339.938   339.788 
    5770   339.938   339.788 
    5780   339.937   339.788 
    5790   339.938   339.788 
    5800   339.937   339.771 
    5810   339.951   339.788 
    5820   339.938   339.788 
    5830   339.938   339.787 
    5840   339.938   339.788 
    5850   339.891   339.787 
    5860   339.938   339.788 
    5870   339.938   339.788 
    5880   339.938   339.790 
    5890   339.938   339.788 
    5900   339.937   339.788 
    5910   339.938   339.788 
    5920   339.938   339.788 
    5930   339.938   339.790 
    5940   339.938   339.788 
    5950   339.958   339.798 
    5960   339.938   339.787 
    5970   339.938   339.788 
    5980   339.938   339.788 
    5990   339.938   339.788 
    6000   339.943   339.783 
    6010   339.938   339.788 
    6020   339.938   339.788 
    6030   339.938   339.796 
    6040   339.938   339.788 
    6050   339.932   339.788 
    6060   339.938   339.788 
    6070   339.938   339.788 
    6080   339.938   339.788 
    6090   339.938   339.788 
    6100   340.228   339.788 
    6110   339.938   339.788 
    6120   339.938   339.788 
    6130   339.938   339.786 
    6140   339.938   339.788 
    6150   339.938   339.786 
    6160   339.939   339.787 
    6170   339.939   339.788 
    6180   339.938   339.788 
    6190   339.938   339.788 
    6200   339.934   339.758 
    6210   339.952   339.788 
    6220   339.938   339.788 
    6230   339.938   339.791 
    6240   339.938   339.787 
    6250   339.939   339.788 
    6260   339.938   339.788 
    6270   339.938   339.788 
    6280   339.938   339.792 
    6290   339.938   339.788 
    6300   340.374   339.788 
    6310   339.938   339.788 
    6320   339.938   339.788 
    6330   339.944   339.788 
    6340   339.938   339.788 
    6350   339.985   339.834 
    6360   339.940   339.788 
    6370   339.938   339.788 
    6380   339.938   339.777 
    6390   339.938   339.788 
    6400   339.983   339.788 
    6410   339.938   339.788 
    6420   339.938   339.788 
    6430   339.938   339.790 
    6440   339.938   339.788 
    6450   339.937   339.788 
    6460   339.938   339.788 
    6470   339.938   339.788 
    6480   339.938   339.787 
    6490   339.938   339.788 
    6500   339.937   339.778 
    6510   339.938   339.788 
    6520   339.939   339.788 
    6530   339.938   339.788 
    6540   339.939   339.787 
    6550   339.938   339.788 
    6560   339.938   339.788 
    6570   339.938   339.788 
    6580   339.938   339.793 
    6590   339.938   339.788 
    6600   340.102   339.787 
    6610   339.938   339.788 
    6620   339.938   339.788 
    6630   339.938   339.786 
    6640   339.938   339.788 
    6650   340.197   339.788 
    6660   339.938   339.788 
    6670   339.938   339.788 
    6680   339.930   339.788 
    6690   339.938   339.788 
    6700   339.936   339.801 
    6710   339.937   339.782 
    6720   339.938   339.786 
    6730   339.940   339.788 
    6740   339.938   339.788 
    6750   339.829   339.773 
    6760   339.938   339.785 
    6770   339.935   339.790 
    6780   339.942   339.787 
    6790   339.938   339.788 
    6800   339.966   339.778 
    6810   339.938   339.787 
    6820   339.938   339.788 
    6830   339.941   339.788 
    6840   339.938   339.788 
    6850   339.935   339.800 
    6860   339.953   339.788 
    6870   339.938   339.788 
    6880   339.938   339.785 
    6890   339.938   339.788 
    6900   339.515   339.775 
    6910   339.938   339.788 
    6920   339.938   339.788 
    6930   339.938   339.788 
    6940   339.938   339.788 
    6950   339.996   339.790 
    6960   339.938   339.788 
    6970   339.938   339.788 
    6980   339.938   339.788 
    6990   339.938   339.788 
    7000   339.940   339.787 
    7010   339.938   339.788 
    7020   339.938   339.788 
    7030   339.939   339.746 
    7040   339.938   339.788 
    7050   339.891   339.789 
    7060   339.938   339.790 
    7070   339.938   339.788 
    7080   339.938   339.791 
    7090   339.938   339.788 
    7100   340.155   339.788 
    7110   339.938   339.789 
    7120   339.938   339.788 
    7130   339.942   339.788 
    7140   339.938   339.788 
    7150   339.971   339.862 
    7160   339.938   339.788 
    7170   339.938   339.788 
    7180   339.942   339.788 
    7190   339.938   339.788 
    7200   339.938   339.703 
    7210   339.940   339.786 
    7220   339.938   339.788 
    7230   339.938   339.788 
    7240   339.938   339.788 
    7250   339.947   339.788 
    7260   339.938   339.788 
    7270   339.938   339.788 
    7280   339.938   339.788 
    7290   339.938   339.788 
    7300   340.003   339.795 
    7310   339.938   339.789 
    7320   339.938   339.788 
    7330   339.938   339.788 
    7340   339.938   339.788 
    7350   339.978   339.795 
    7360   339.939   339.787 
    7370   339.938   339.788 
    7380   339.943   339.788 
    7390   339.938   339.788 
    7400   339.938   339.780 
    7410   339.938   339.788 
    7420   339.938   339.788 
    7430   339.938   339.788 
    7440   339.938   339.788 
    7450   339.932   339.788 
    7460   339.938   339.788 
    7470   339.938   339.788 
    7480   339.938   339.789 
    7490   339.938   339.788 
    7500   339.936   339.788 
    7510   339.938   339.789 
    7520   339.938   339.788 
    7530   339.938   339.789 
    7540   339.938   339.788 
    7550   339.939   339.788 
    7560   339.938   339.788 
    7570   339.938   339.788 
    7580   339.938   339.787 
    7590   339.938   339.788 
    7600   339.927   339.796 
    7610   339.938   339.788 
    7620   339.938   339.788 
    7630   339.930   339.788 
    7640   339.938   339.788 
    7650   339.942   339.783 
    7660   339.938   339.788 
    7670   339.939   339.789 
    7680   339.941   339.787 
    7690   339.938   339.788 
    7700   339.919   339.787 
    7710   339.938   339.785 
    7720   339.937   339.788 
    7730   339.941   339.787 
    7740   339.938   339.788 
    7750   339.910   339.814 
    7760   339.947   339.787 
    7770   339.938   339.788 
    7780   339.938   339.788 
    7790   339.938   339.788 
    7800   339.944   339.784 
    7810   339.939   339.789 
    7820   339.938   339.788 
    7830   339.936   339.788 
    7840   339.938   339.788 
    7850   339.937   339.784 
    7860   339.953   339.788 
    7870   339.938   339.788 
    7880   339.938   339.789 
    7890   339.938   339.788 
    7900   339.946   339.788 
    7910   339.938   339.788 
    7920   339.938   339.788 
    7930   339.938   339.789 
    7940   339.980   339.789 
    7950   339.930   339.788 
    7960   339.938   339.788 
    7970   339.938   339.788 
    7980   339.936   339.788 
    7990   339.937   339.787 
    8000   339.951   339.788 
    8010   339.938   339.788 
    8020   339.938   339.788 
    8030   339.938   339.784 
    8040   339.938   339.788 
    8050   339.941   339.788 
    8060   339.938   339.788 
    8070   339.938   339.788 
    8080   339.938   339.787 
    8090   339.938   339.788 
    8100   339.944   339.788 
    8110   339.938   339.788 
    8120   339.938   339.788 
    8130   339.937   339.735 
    8140   339.938   339.786 
    8150   339.939   339.788 
    8160   339.938   339.788 
    8170   339.938   339.788 
    8180   339.938   339.788 
    8190   339.938   339.788 
    8200   339.831   339.782 
    8210   339.938   339.788 
    8220   339.938   339.788 
    8230   339.938   339.788 
    8240   339.938   339.788 
    8250   339.928   339.831 
    8260   339.939   339.788 
    8270   339.937   339.788 
    8280   339.938   339.787 
    8290   339.938   339.788 
    8300   339.939   339.780 
    8310   339.939   339.788 
    8320   339.938   339.788 
    8330   339.935   339.788 
    8340   339.938   339.788 
    8350   339.942   339.721 
    8360   339.959   339.788 
    8370   339.939   339.788 
    8380   339.938   339.789 
    8390   339.938   339.788 
    8400   339.933   339.788 
    8410   339.938   339.788 
    8420   339.938   339.788 
    8430   339.938   339.782 
    8440   339.951   339.789 
    8450   339.988   339.786 
    8460   339.938   339.787 
    8470   339.938   339.788 
    8480   339.943   339.788 
    8490   339.938   339.788 
    8500   339.938   339.799 
    8510   339.938   339.788 
    8520   339.938   339.788 
    8530   339.938   339.785 
    8540   339.937   339.788 
    8550   339.866   339.787 
    8560   339.938   339.788 
    8570   339.938   339.788 
    8580   339.938   339.789 
    8590   339.938   339.788 
    8600   339.934   339.794 
    8610   339.938   339.787 
    8620   339.938   339.788 
    8630   339.942   339.787 
    8640   339.938   339.788 
    8650   339.962   339.732 
    8660   339.938   339.788 
    8670   339.937   339.788 
    8680   339.938   339.788 
    8690   339.938   339.788 
    8700   339.939   339.788 
    8710   339.938   339.787 
    8720   339.938   339.788 
    8730   339.938   339.796 
    8740   339.938   339.788 
    8750   339.894   339.782 
    8760   339.938   339.788 
    8770   339.938   339.788 
    8780   339.933   339.788 
    8790   339.938   339.788 
    8800   339.938   339.799 
    8810   339.938   339.788 
    8820   339.939   339.788 
    8830   339.938   339.787 
    8840   339.938   339.788 
    8850   339.935   339.787 
    8860   339.938   339.788 
    8870   339.938   339.788 
    8880   339.938   339.766 
    8890   339.938   339.788 
    8900   339.961   339.792 
    8910   339.938   339.788 
    8920   339.938   339.788 
    8930   339.938   339.788 
    8940   339.939   339.787 
    8950   339.954   339.788 
    8960   339.939   339.788 
    8970   339.938   339.788 
    8980   339.938   339.788 
    8990   339.938   339.788 
    9000   339.917   339.824 
    9010   339.939   339.788 
    9020   339.938   339.788 
    9030   339.943   339.788 
    9040   339.938   339.788 
    9050   339.940   339.794 
    9060   339.938   339.788 
    9070   339.939   339.788 
    9080   339.938   339.787 
    9090   339.938   339.788 
    9100   339.939   339.757 
    9110   339.938   339.787 
    9120   339.938   339.788 
    9130   339.942   339.788 
    9140   339.938   339.788 
    9150   339.951   339.707 
    9160   339.938   339.788 
    9170   339.938   339.788 
    9180   339.938   339.782 
    9190   339.938   339.788 
    9200   339.625   339.782 
    9210   339.947   339.788 
    9220   339.938   339.788 
    9230   339.938   339.793 
    9240   339.938   339.788 
    9250   339.950   339.828 
    9260   339.939   339.788 
    9270   339.938   339.788 
    9280   339.937   339.790 
    9290   339.938   339.788 
    9300   339.954   339.766 
    9310   339.938   339.794 
    9320   339.938   339.787 
    9330   339.938   339.786 
    9340   339.938   339.788 
    9350   340.364   339.788 
    9360   339.939   339.788 
    9370   339.938   339.788 
    9380   339.942   339.787 
    9390   339.938   339.788 
    9400   339.995   339.710 
    9410   339.941   339.788 
    9420   339.938   339.788 
    9430   339.925   339.788 
    9440   339.938   339.788 
    9450   339.939   339.781 
    9460   339.939   339.789 
    9470   339.938   339.788 
    9480   339.937   339.791 
    9490   339.938   339.788 
    9500   339.968   339.784 
    9510   339.938   339.787 
    9520   339.938   339.788 
    9530   339.935   339.788 
    9540   339.938   339.788 
    9550   339.931   339.792 
    9560   339.938   339.788 
    9570   339.938   339.788 
    9580   339.938   339.788 
    9590   339.938   339.788 
    9600   339.951   339.796 
    9610   339.938   339.787 
    9620   339.938   339.788 
    9630   339.938   339.788 
    9640   339.938   339.788 
    9650   339.936   339.780 
    9660   339.938   339.788 
    9670   339.938   339.788 
    9680   339.938   339.788 
    9690   339.944   339.788 
    9700   340.186   339.788 
    9710   339.938   339.788 
    9720   339.938   339.788 
    9730   339.938   339.783 
    9740   339.938   339.788 
    9750   339.937   339.788 
    9760   339.938   339.788 
    9770   339.938   339.787 
    9780   339.938   339.788 
    9790   339.938   339.787 
    9800   339.502   339.779 
    9810   339.938   339.788 
    9820   339.938   339.788 
    9830   339.938   339.788 
    9840   339.938   339.788 
    9850   339.964   339.728 
    9860   339.939   339.788 
    9870   339.938   339.788 
    9880   339.940   339.789 
    9890   339.938   339.788 
    9900   339.945   339.784 
    9910   339.938   339.788 
    9920   339.939   339.788 
    9930   339.938   339.788 
    9940   339.938   339.788 
    9950   339.368   339.788 
    9960   339.938   339.788 
    9970   339.938   339.788 
    9980   339.938   339.781 
    9990   339.939   339.788 
   10000   339.938   339.788 
