       0    -0.083     0.015 
      10     4.367     4.643 
      20     4.984     4.967 
      30     5.015     4.972 
      40     5.023     4.972 
      50     4.965     4.972 
      60     4.977     5.003 
      70     4.976     4.984 
      80     4.980     4.982 
      90     4.980     4.981 
     100     4.981     4.983 
     110     4.979     4.981 
     120     4.982     4.984 
     130     4.983     4.979 
     140     4.981     4.985 
     150     4.982     4.985 
     160     4.981     4.984 
     170     4.996     4.974 
     180     4.983     4.987 
     190     4.988     4.996 
     200     4.979     4.980 
     210     4.979     4.988 
     220     4.958     4.985 
     230     4.980     4.982 
     240     4.982     4.986 
     250     4.983     4.987 
     260     4.987     4.985 
     270     5.008     4.974 
     280     4.985     4.987 
     290     5.026     5.047 
     300     4.982     4.985 
     310     4.987     4.989 
     320     4.986     4.988 
     330     4.985     4.989 
     340     4.974     4.937 
     350     5.022     4.905 
     360     4.990     4.990 
     370     4.994     4.961 
     380     5.015     5.030 
     390     4.986     4.990 
     400     5.087     4.910 
     410     4.986     4.990 
     420     4.987     4.991 
     430     4.983     4.988 
     440     4.986     4.990 
     450     4.986     4.988 
     460     4.986     4.990 
     470     4.987     4.990 
     480     4.995     4.995 
     490     4.986     4.990 
     500     4.995     4.994 
     510     4.985     4.993 
     520     4.988     4.988 
     530     4.987     4.991 
     540     4.951     4.955 
     550     4.970     4.975 
     560     4.983     4.992 
     570     4.993     4.998 
     580     4.987     4.990 
     590     4.981     4.992 
     600     4.981     4.993 
     610     4.984     4.983 
     620     4.984     4.990 
     630     4.987     4.989 
     640     4.978     4.991 
     650     4.984     4.988 
     660     4.987     4.990 
     670     4.987     4.990 
     680     4.987     4.990 
     690     4.982     4.990 
     700     5.098     5.007 
     710     4.989     4.987 
     720     4.986     4.989 
     730     4.986     4.990 
     740     4.990     4.984 
     750     4.987     4.991 
     760     4.989     4.990 
     770     4.979     4.990 
     780     4.986     4.990 
     790     4.992     4.991 
     800     5.120     4.997 
     810     4.985     4.984 
     820     4.986     4.990 
     830     4.987     4.990 
     840     4.986     4.990 
     850     4.882     4.991 
     860     4.987     4.975 
     870     4.987     5.000 
     880     4.976     4.983 
     890     4.940     4.959 
     900     4.987     4.991 
     910     4.975     4.997 
     920     4.987     4.995 
     930     4.979     4.989 
     940     4.996     4.938 
     950     4.976     5.003 
     960     4.991     5.010 
     970     4.989     4.991 
     980     4.987     4.977 
     990     4.796     5.032 
    1000     4.987     4.991 
    1010     4.987     4.994 
    1020     4.987     4.989 
    1030     4.988     4.992 
    1040     5.003     4.989 
    1050     4.967     4.979 
    1060     4.986     4.991 
    1070     4.986     4.992 
    1080     4.986     4.990 
    1090     4.986     4.993 
    1100     4.973     5.014 
    1110     5.009     4.998 
    1120     4.985     4.992 
    1130     4.987     4.991 
    1140     4.986     4.992 
    1150     5.106     4.594 
    1160     4.997     4.993 
    1170     5.053     4.986 
    1180     4.995     4.970 
    1190     4.989     4.994 
    1200     4.998     5.027 
    1210     4.997     4.988 
    1220     4.987     4.991 
    1230     5.016     4.977 
    1240     4.980     4.995 
    1250     4.975     4.984 
    1260     4.983     4.991 
    1270     4.984     4.992 
    1280     5.005     4.988 
    1290     4.995     5.038 
    1300     4.986     4.981 
    1310     4.998     4.992 
    1320     4.981     4.993 
    1330     4.992     4.988 
    1340     4.986     4.992 
    1350     4.987     4.992 
    1360     4.984     4.991 
    1370     5.027     5.035 
    1380     4.983     4.994 
    1390     4.979     4.976 
    1400     4.993     5.003 
    1410     5.005     4.981 
    1420     4.913     5.032 
    1430     4.990     4.989 
    1440     4.978     4.995 
    1450     5.116     4.943 
    1460     4.987     4.992 
    1470     4.987     4.992 
    1480     4.983     4.977 
    1490     4.988     4.993 
    1500     4.988     4.990 
    1510     4.986     4.991 
    1520     4.987     4.991 
    1530     4.983     4.996 
    1540     4.989     4.990 
    1550     4.988     4.991 
    1560     5.001     5.001 
    1570     4.985     4.990 
    1580     4.987     4.991 
    1590     4.987     4.991 
    1600     4.983     4.415 
    1610     4.957     4.992 
    1620     4.998     4.992 
    1630     4.989     4.991 
    1640     4.987     4.991 
    1650     4.991     5.179 
    1660     5.002     4.991 
    1670     4.989     4.991 
    1680     4.988     4.991 
    1690     4.987     4.991 
    1700     4.992     5.164 
    1710     4.982     4.992 
    1720     4.987     4.990 
    1730     4.987     4.993 
    1740     4.982     4.991 
    1750     4.794     4.982 
    1760     4.991     4.924 
    1770     4.981     4.994 
    1780     4.986     4.993 
    1790     5.004     5.010 
    1800     4.991     4.995 
    1810     4.985     4.992 
    1820     4.982     4.990 
    1830     4.987     4.994 
    1840     5.018     5.003 
    1850     4.986     4.990 
    1860     4.974     5.003 
    1870     4.984     4.997 
    1880     4.988     4.986 
    1890     5.007     4.995 
    1900     4.974     4.995 
    1910     4.989     4.995 
    1920     4.988     4.992 
    1930     4.984     4.970 
    1940     4.988     4.992 
    1950     4.979     4.941 
    1960     4.986     4.992 
    1970     4.989     4.991 
    1980     4.988     4.991 
    1990     4.988     5.004 
    2000     4.975     4.925 
    2010     4.987     4.992 
    2020     4.995     4.990 
    2030     4.988     4.992 
    2040     4.988     4.991 
    2050     5.008     4.702 
    2060     4.989     4.992 
    2070     4.987     4.992 
    2080     4.987     4.992 
    2090     4.988     4.991 
    2100     4.998     4.839 
    2110     4.993     4.992 
    2120     4.987     4.992 
    2130     4.988     4.992 
    2140     4.988     4.996 
    2150     5.011     4.646 
    2160     4.989     4.992 
    2170     4.988     4.992 
    2180     4.988     4.991 
    2190     4.988     4.992 
    2200     4.993     4.931 
    2210     4.993     4.989 
    2220     4.980     4.990 
    2230     4.988     4.990 
    2240     4.977     4.990 
    2250     4.987     4.991 
    2260     4.992     4.994 
    2270     4.945     4.969 
    2280     4.990     4.993 
    2290     4.945     4.975 
    2300     5.006     4.999 
    2310     4.975     5.010 
    2320     5.008     4.974 
    2330     4.987     4.993 
    2340     4.860     5.108 
    2350     5.028     4.956 
    2360     4.990     4.994 
    2370     4.988     4.992 
    2380     4.989     4.992 
    2390     4.973     5.020 
    2400     4.988     4.993 
    2410     4.991     4.979 
    2420     4.988     4.993 
    2430     4.978     4.988 
    2440     4.988     4.991 
    2450     4.990     4.992 
    2460     4.986     5.002 
    2470     4.989     4.992 
    2480     4.988     4.991 
    2490     4.979     4.990 
    2500     4.988     4.992 
    2510     4.992     4.978 
    2520     4.987     5.011 
    2530     4.985     4.991 
    2540     4.989     4.992 
    2550     4.981     5.005 
    2560     5.024     4.978 
    2570     4.994     4.990 
    2580     4.989     4.992 
    2590     4.935     4.888 
    2600     4.987     4.985 
    2610     4.954     5.009 
    2620     4.991     4.993 
    2630     4.990     4.992 
    2640     4.984     4.983 
    2650     4.989     4.992 
    2660     4.989     4.990 
    2670     4.989     4.999 
    2680     4.989     4.997 
    2690     4.989     4.992 
    2700     4.995     5.001 
    2710     4.989     4.992 
    2720     4.989     4.992 
    2730     4.976     4.998 
    2740     4.989     4.993 
    2750     4.990     4.991 
    2760     4.991     4.993 
    2770     4.990     4.993 
    2780     4.989     4.991 
    2790     5.000     4.988 
    2800     4.988     4.993 
    2810     4.990     4.993 
    2820     4.989     4.992 
    2830     4.989     4.993 
    2840     4.940     5.053 
    2850     5.064     4.900 
    2860     4.991     4.994 
    2870     4.989     4.992 
    2880     4.989     4.992 
    2890     4.991     4.993 
    2900     4.995     4.990 
    2910     4.990     4.996 
    2920     4.983     4.973 
    2930     4.993     4.994 
    2940     4.989     4.992 
    2950     4.993     4.991 
    2960     4.989     4.991 
    2970     4.990     4.992 
    2980     4.989     4.994 
    2990     4.985     4.968 
    3000     4.928     4.981 
    3010     4.989     4.991 
    3020     4.989     4.991 
    3030     4.987     4.990 
    3040     4.990     4.991 
    3050     4.993     4.990 
    3060     4.989     4.992 
    3070     4.989     4.992 
    3080     4.975     4.973 
    3090     4.990     4.992 
    3100     4.990     4.993 
    3110     5.029     4.984 
    3120     4.998     4.991 
    3130     4.990     4.992 
    3140     4.988     4.989 
    3150     5.013     5.010 
    3160     4.990     4.992 
    3170     4.990     4.992 
    3180     4.982     5.002 
    3190     4.990     4.993 
    3200     4.987     4.994 
    3210     4.976     4.966 
    3220     4.991     4.994 
    3230     4.990     4.992 
    3240     4.897     5.034 
    3250     4.862     5.053 
    3260     4.990     4.993 
    3270     4.990     4.993 
    3280     4.990     4.993 
    3290     4.983     4.996 
    3300     4.990     4.989 
    3310     4.991     4.993 
    3320     4.990     4.993 
    3330     4.981     4.994 
    3340     4.991     4.992 
    3350     4.992     4.991 
    3360     5.000     5.008 
    3370     4.989     4.991 
    3380     4.990     4.993 
    3390     4.961     5.004 
    3400     5.061     4.965 
    3410     4.992     4.997 
    3420     4.989     4.993 
    3430     4.989     4.992 
    3440     4.992     4.986 
    3450     4.992     4.996 
    3460     4.990     4.992 
    3470     4.990     4.992 
    3480     4.990     4.993 
    3490     4.993     4.996 
    3500     4.989     4.992 
    3510     4.991     4.991 
    3520     4.991     4.991 
    3530     4.990     4.992 
    3540     4.996     4.989 
    3550     4.989     4.994 
    3560     4.988     4.991 
    3570     4.990     4.992 
    3580     4.990     4.992 
    3590     4.994     4.988 
    3600     5.013     4.983 
    3610     4.990     4.993 
    3620     4.990     4.993 
    3630     4.989     4.989 
    3640     4.990     4.993 
    3650     4.997     5.048 
    3660     4.990     4.993 
    3670     4.990     4.993 
    3680     4.987     4.994 
    3690     4.990     4.993 
    3700     4.988     4.994 
    3710     4.990     4.993 
    3720     4.990     4.993 
    3730     4.991     4.994 
    3740     4.990     4.993 
    3750     5.119     4.904 
    3760     4.990     4.993 
    3770     4.990     4.992 
    3780     4.991     4.992 
    3790     4.992     4.992 
    3800     4.956     5.013 
    3810     4.990     4.993 
    3820     4.990     4.993 
    3830     4.990     4.994 
    3840     4.990     4.993 
    3850     4.992     4.993 
    3860     4.990     4.993 
    3870     4.990     4.993 
    3880     4.990     4.991 
    3890     4.992     4.996 
    3900     4.978     4.978 
    3910     4.998     4.986 
    3920     4.991     4.993 
    3930     4.990     4.993 
    3940     4.972     4.971 
    3950     4.978     4.978 
    3960     4.993     4.993 
    3970     4.990     4.993 
    3980     4.990     4.993 
    3990     4.990     4.993 
    4000     4.991     4.993 
    4010     4.991     4.994 
    4020     4.991     4.990 
    4030    59.088    17.932 
    4040     4.990     4.993 
    4050     4.991     4.991 
    4060     4.990     4.993 
    4070     5.006     4.989 
    4080     4.988     4.996 
    4090     4.991     4.992 
    4100     4.989     4.993 
    4110     4.992     4.996 
    4120     4.989     4.994 
    4130    59.453    57.758 
    4140     4.990     4.993 
    4150     4.991     4.992 
    4160     4.994     4.997 
    4170     4.990     4.993 
    4180     4.991     4.993 
    4190     4.968     5.011 
    4200     5.027     4.963 
    4210     4.990     4.993 
    4220     4.990     4.992 
    4230     4.991     4.994 
    4240     4.990     4.993 
    4250     4.999     4.986 
    4260     4.990     4.993 
    4270     4.990     4.993 
    4280     4.990     4.993 
    4290     4.990     4.993 
    4300     4.862     5.034 
    4310     5.000     5.027 
    4320     4.991     4.995 
    4330     4.990     4.993 
    4340     4.990     4.994 
    4350     4.989     4.992 
    4360     4.992     4.993 
    4370     4.990     4.993 
    4380     4.990     4.993 
    4390     4.990     4.994 
    4400     4.990     4.997 
    4410     4.985     4.993 
    4420     4.991     4.993 
    4430     4.990     4.993 
    4440     4.990     4.992 
    4450     4.990     5.006 
    4460     4.993     4.993 
    4470     4.988     4.993 
    4480     4.993     4.993 
    4490     4.990     4.993 
    4500     4.990     5.035 
    4510     4.994     4.993 
    4520     4.990     4.993 
    4530     4.991     4.993 
    4540     4.982     4.991 
    4550     4.900     4.962 
    4560     4.993     4.979 
    4570     4.991     4.992 
    4580     4.990     4.993 
    4590     4.991     4.994 
    4600     5.019     5.002 
    4610     4.991     4.992 
    4620     4.990     4.993 
    4630    60.789   -65.617 
    4640     4.991     4.994 
    4650     4.997     4.997 
    4660     4.989     4.996 
    4670     4.991     4.993 
    4680     4.991     4.993 
    4690     4.990     4.993 
    4700     4.985     5.011 
    4710     4.990     4.993 
    4720     4.993     4.982 
    4730     4.990     4.992 
    4740     4.990     4.993 
    4750     5.011     5.063 
    4760     4.991     4.993 
    4770     4.990     4.993 
    4780     4.990     4.994 
    4790     4.988     4.994 
    4800     5.026     5.036 
    4810     4.990     4.993 
    4820     4.990     4.993 
    4830     4.990     4.994 
    4840     4.988     4.995 
    4850     4.991     4.992 
    4860     5.001     5.005 
    4870     4.989     4.992 
    4880     4.990     4.993 
    4890     4.991     4.994 
    4900     4.958     4.967 
    4910     4.990     4.993 
    4920     4.990     4.993 
    4930     4.989     4.995 
    4940     4.990     4.993 
    4950     4.992     4.995 
    4960     4.990     4.993 
    4970     4.991     4.993 
    4980     4.990     4.995 
    4990     4.990     4.996 
    5000     4.989     4.997 
    5010     4.992     4.994 
    5020     4.990     4.993 
    5030     4.990     4.994 
    5040     4.993     4.993 
    5050     4.950     5.084 
    5060     4.991     4.994 
    5070     4.990     4.993 
    5080   -64.322   -47.437 
    5090     4.990     4.994 
    5100     5.003     4.971 
    5110     4.990     4.994 
    5120     4.990     4.994 
    5130     4.991     4.996 
    5140     4.990     4.994 
    5150     5.006     4.989 
    5160     4.990     4.994 
    5170     4.990     4.994 
    5180     4.989     4.989 
    5190     4.990     4.994 
    5200     4.987     4.995 
    5210     4.990     4.993 
    5220     4.990     4.994 
    5230     4.991     4.994 
    5240     4.992     4.994 
    5250     5.204     5.056 
    5260     4.990     4.994 
    5270     4.990     4.994 
    5280     4.990     4.994 
    5290     4.990     4.994 
    5300     4.994     4.997 
    5310    57.640    55.124 
    5320     4.990     4.994 
    5330     4.989     4.996 
    5340     4.990     4.994 
    5350     4.989     4.996 
    5360     4.990     4.993 
    5370     4.990     4.993 
    5380     4.991     4.995 
    5390     4.990     4.994 
    5400     4.916     5.034 
    5410     4.990     4.994 
    5420     4.988     4.995 
    5430     4.990     4.994 
    5440     4.990     4.993 
    5450     4.987     4.998 
    5460     4.994     4.997 
    5470     4.988     4.992 
    5480     4.990     4.994 
    5490     4.985     5.000 
    5500     5.047     4.922 
    5510     4.990     4.994 
    5520     4.990     4.994 
    5530     4.987     4.991 
    5540     4.990     4.994 
    5550     4.979     5.009 
    5560     5.007     5.006 
    5570     4.989     4.995 
    5580    70.130   -14.644 
    5590     4.990     4.994 
    5600     4.985     4.966 
    5610     4.989     4.994 
    5620     4.990     4.993 
    5630     4.990     4.994 
    5640     4.992     4.993 
    5650     5.230     4.956 
    5660     4.990     4.994 
    5670     4.991     4.994 
    5680     4.990     4.993 
    5690     4.988     4.991 
    5700     4.992     4.997 
    5710     4.990     4.994 
    5720     4.989     4.994 
    5730     4.990     4.994 
    5740     4.990     4.993 
    5750     4.989     4.999 
    5760     4.987     4.993 
    5770     4.991     4.994 
    5780     4.990     4.994 
    5790     4.990     4.994 
    5800     4.986     4.998 
    5810     4.998     5.003 
    5820     4.988     4.991 
    5830     4.990     4.994 
    5840     4.990     4.994 
    5850     4.973     5.005 
    5860     4.990     4.993 
    5870     4.995     4.991 
    5880     4.990     4.993 
    5890     4.988     4.991 
    5900     4.633     4.932 
    5910     4.990     4.994 
    5920     4.990     4.994 
    5930    15.080    51.720 
    5940     4.990     4.994 
    5950     5.151     4.960 
    5960     4.990     4.994 
    5970     4.990     4.994 
    5980    19.626    55.291 
    5990     4.990     4.994 
    6000     5.013     4.988 
    6010     4.990     4.994 
    6020     4.990     4.994 
    6030    65.097    75.065 
    6040     4.990     4.994 
    6050     5.014     4.975 
    6060     4.990     4.994 
    6070     4.992     4.992 
    6080     4.991     4.995 
    6090     4.990     4.994 
    6100     4.977     4.992 
    6110     4.990     4.994 
    6120     4.990     4.994 
    6130     4.990     4.994 
    6140     4.990     4.994 
    6150     4.990     4.996 
    6160     4.975     4.990 
    6170     4.990     4.994 
    6180     4.990     4.993 
    6190     4.990     4.994 
    6200     5.014     5.006 
    6210     4.990     4.993 
    6220     4.990     4.994 
    6230     4.990     4.994 
    6240     4.993     4.995 
    6250     4.989     4.993 
    6260     4.989     4.996 
    6270     4.990     4.994 
    6280     4.991     4.996 
    6290     4.991     4.993 
    6300     4.996     4.994 
    6310     4.990     4.994 
    6320     4.990     4.994 
    6330     4.990     4.994 
    6340     4.990     4.994 
    6350     5.004     4.987 
    6360     4.979     4.970 
    6370     4.990     4.994 
    6380     4.990     4.994 
    6390     4.990     4.994 
    6400     4.972     4.991 
    6410     4.990     4.994 
    6420     4.990     4.994 
    6430     4.990     4.994 
    6440     4.990     4.994 
    6450     4.989     4.987 
    6460     4.990     4.994 
    6470     4.990     4.994 
    6480     4.990     4.994 
    6490     4.990     4.992 
    6500     4.991     4.997 
    6510     4.999     4.992 
    6520     4.990     4.994 
    6530     4.990     4.993 
    6540     4.990     4.994 
    6550     5.015     4.966 
    6560     4.990     4.994 
    6570     4.990     4.994 
    6580     4.972     4.996 
    6590     4.990     4.994 
    6600     4.984     4.997 
    6610     4.990     4.994 
    6620     4.990     4.994 
    6630     4.990     4.994 
    6640     4.990     4.994 
    6650     4.989     4.995 
    6660     4.990     4.994 
    6670     4.990     4.994 
    6680     4.989     4.993 
    6690     4.990     4.994 
    6700     4.986     4.983 
    6710     4.991     4.993 
    6720     4.990     4.994 
    6730     4.990     4.994 
    6740     4.990     4.994 
    6750     4.978     4.963 
    6760     4.990     4.994 
    6770     4.990     4.994 
    6780     4.990     4.994 
    6790     4.990     4.995 
    6800     4.988     4.986 
    6810     4.990     4.994 
    6820     4.990     4.994 
    6830     4.991     4.994 
    6840     4.990     4.995 
    6850     4.989     4.994 
    6860     4.990     4.994 
    6870     4.990     4.994 
    6880     4.989     5.001 
    6890     4.992     4.994 
    6900     4.972     4.993 
    6910     4.990     4.994 
    6920     4.990     4.994 
    6930     4.990     4.994 
    6940     4.990     4.995 
    6950     5.058     5.059 
    6960     4.990     4.994 
    6970     4.990     4.994 
    6980    62.137   -28.611 
    6990     4.990     4.994 
    7000     4.915     4.990 
    7010     4.990     4.994 
    7020     4.989     4.997 
    7030     4.991     4.994 
    7040     4.990     4.994 
    7050     4.991     4.994 
    7060     4.990     4.994 
    7070     4.989     4.994 
    7080     4.990     4.994 
    7090     4.990     4.994 
    7100     4.987     4.998 
    7110     4.990     4.994 
    7120     4.991     4.995 
    7130     4.989     4.994 
    7140     4.990     4.994 
    7150     4.986     4.983 
    7160     4.990     4.994 
    7170     4.990     4.994 
    7180     4.990     4.994 
    7190     4.990     4.994 
    7200     4.991     4.995 
    7210     4.990     4.994 
    7220     4.990     4.994 
    7230     4.990     4.995 
    7240     4.990     4.994 
    7250     4.990     4.991 
    7260     4.990     4.994 
    7270     4.990     4.994 
    7280     4.987     4.994 
    7290     4.990     4.994 
    7300     4.988     5.013 
    7310     4.990     4.994 
    7320     4.990     4.994 
    7330     4.990     4.994 
    7340     4.990     4.994 
    7350     4.972     4.995 
    7360     4.990     4.993 
    7370     4.990     4.994 
    7380     4.971     4.996 
    7390     4.990     4.994 
    7400     4.987     4.952 
    7410     4.987     4.994 
    7420     4.990     4.994 
    7430     4.990     4.994 
    7440     4.990     4.994 
    7450     4.994     4.998 
    7460     4.990     4.994 
    7470     4.990     4.994 
    7480     4.990     4.995 
    7490     4.990     4.994 
    7500     4.969     4.997 
    7510     4.989     4.989 
    7520     4.990     4.994 
    7530     4.990     4.994 
    7540     4.990     4.994 
    7550     5.084     5.070 
    7560     4.990     4.994 
    7570     4.989     4.993 
    7580     4.990     4.994 
    7590     4.990     4.994 
    7600     4.982     4.968 
    7610     4.990     4.994 
    7620     4.990     4.994 
    7630     4.990     4.994 
    7640     4.990     4.994 
    7650     4.989     4.995 
    7660     4.989     4.993 
    7670     4.990     4.994 
    7680     4.990     4.994 
    7690     4.990     4.994 
    7700     4.996     4.992 
    7710     4.990     4.994 
    7720     4.990     4.994 
    7730     4.990     4.994 
    7740     4.990     4.994 
    7750     4.991     4.999 
    7760     4.995     4.993 
    7770     4.990     4.994 
    7780     4.990     4.994 
    7790     4.990     4.994 
    7800     4.991     4.994 
    7810     4.990     4.994 
    7820     4.990     4.994 
    7830     4.990     4.994 
    7840     4.990     4.994 
    7850     4.943     5.150 
    7860     4.990     4.994 
    7870     4.990     4.994 
    7880     4.991     5.005 
    7890     4.990     4.994 
    7900     4.871     4.983 
    7910     4.990     4.994 
    7920     4.990     4.994 
    7930     4.990     4.994 
    7940     4.991     4.994 
    7950     4.673     5.013 
    7960     4.990     4.993 
    7970     4.990     4.994 
    7980     4.990     4.994 
    7990     4.990     4.994 
    8000     5.130     5.196 
    8010     4.990     4.994 
    8020     4.990     4.994 
    8030     4.991     4.993 
    8040     4.990     4.994 
    8050     4.986     4.996 
    8060     4.989     4.992 
    8070     4.990     4.994 
    8080     4.990     4.994 
    8090     4.990     4.994 
    8100     4.986     4.985 
    8110     4.990     4.994 
    8120     4.990     4.994 
    8130     4.990     4.994 
    8140     4.990     4.994 
    8150     4.992     4.994 
    8160     4.990     4.994 
    8170     4.988     4.995 
    8180     4.990     4.994 
    8190     4.990     4.994 
    8200     4.999     5.006 
    8210     4.990     4.994 
    8220     4.990     4.994 
    8230     4.989     4.993 
    8240     4.990     4.994 
    8250     4.983     4.988 
    8260     4.990     4.994 
    8270     4.990     4.994 
    8280    59.970   -53.050 
    8290     4.990     4.994 
    8300     4.972     5.018 
    8310     4.990     4.994 
    8320     4.990     4.994 
    8330     4.989     4.995 
    8340     4.990     4.994 
    8350     4.982     4.976 
    8360     4.990     4.994 
    8370     4.990     4.994 
    8380     4.992     4.994 
    8390     4.990     4.994 
    8400     4.970     4.915 
    8410     4.990     4.995 
    8420     4.990     4.994 
    8430   -42.713    78.838 
    8440     4.990     4.994 
    8450     4.996     4.997 
    8460     4.989     4.995 
    8470     4.990     4.994 
    8480     4.990     4.994 
    8490     4.990     4.994 
    8500     4.953     5.088 
    8510     4.990     4.994 
    8520     4.990     4.994 
    8530    68.363   -42.249 
    8540     4.990     4.994 
    8550     4.988     4.999 
    8560     4.991     4.995 
    8570     4.990     4.994 
    8580     4.989     4.994 
    8590     4.990     4.994 
    8600     4.988     4.996 
    8610     4.990     4.994 
    8620     4.990     4.994 
    8630     4.990     4.994 
    8640     4.990     4.994 
    8650     5.087     4.994 
    8660     4.990     4.994 
    8670     4.990     4.994 
    8680     4.984     4.994 
    8690     4.990     4.994 
    8700     4.990     4.995 
    8710     4.988     4.994 
    8720     4.990     4.994 
    8730     4.990     4.994 
    8740     4.990     4.994 
    8750     4.997     4.858 
    8760     4.990     4.994 
    8770     4.990     4.994 
    8780   107.820   -85.609 
    8790     4.990     4.994 
    8800     4.998     4.996 
    8810     4.990     4.994 
    8820     4.990     4.994 
    8830     4.990     4.994 
    8840     4.990     4.994 
    8850     4.991     4.995 
    8860     4.990     4.994 
    8870     4.990     4.994 
    8880     4.990     4.994 
    8890     4.990     4.994 
    8900     4.980     4.986 
    8910     4.990     4.994 
    8920     4.990     4.994 
    8930     4.989     4.995 
    8940     4.990     4.994 
    8950     4.988     4.993 
    8960     4.989     4.996 
    8970     4.990     4.994 
    8980     4.998     4.998 
    8990     4.991     4.993 
    9000     4.951     5.074 
    9010     4.990     4.994 
    9020     4.990     4.994 
    9030     4.991     4.991 
    9040     4.990     4.994 
    9050     5.002     4.921 
    9060     4.992     4.994 
    9070     4.990     4.994 
    9080     4.990     4.994 
    9090     4.989     4.994 
    9100     5.011     4.997 
    9110     4.990     4.994 
    9120     4.990     4.995 
    9130     4.987     4.994 
    9140     4.990     4.994 
    9150     4.993     5.016 
    9160     4.991     4.994 
    9170     4.990     4.994 
    9180     4.989     4.994 
    9190     4.990     4.994 
    9200     5.177     5.002 
    9210     4.990     4.994 
    9220     4.990     4.994 
    9230     4.990     4.995 
    9240     4.990     4.994 
    9250     4.984     4.991 
    9260     4.990     4.994 
    9270     4.990     4.994 
    9280     4.990     4.994 
    9290     4.990     4.994 
    9300     4.981     4.986 
    9310     4.992     4.993 
    9320     4.990     4.994 
    9330     4.990     4.994 
    9340     4.990     4.994 
    9350     4.990     4.992 
    9360     4.990     4.994 
    9370     4.990     4.994 
    9380     4.990     4.994 
    9390     4.992     4.997 
    9400     4.991     4.996 
    9410     4.990     4.994 
    9420     4.990     4.994 
    9430    73.004    72.077 
    9440     4.990     4.994 
    9450     5.000     4.984 
    9460     4.990     4.995 
    9470     4.992     4.992 
    9480     4.990     4.994 
    9490     4.990     4.994 
    9500     4.996     4.988 
    9510     4.990     4.995 
    9520     4.990     4.994 
    9530     4.989     4.995 
    9540     4.990     4.994 
    9550     4.992     5.003 
    9560     4.990     4.994 
    9570     4.990     4.994 
    9580     4.990     4.995 
    9590     4.986     4.986 
    9600     5.020     4.870 
    9610     4.990     4.994 
    9620     4.990     4.994 
    9630     4.990     4.994 
    9640     4.990     4.994 
    9650     5.124     5.008 
    9660     4.990     4.994 
    9670     4.990     4.994 
    9680     4.989     4.994 
    9690     4.990     4.994 
    9700     4.984     4.991 
    9710     4.990     4.994 
    9720     4.990     4.994 
    9730     4.991     4.991 
    9740     4.990     4.994 
    9750     5.046     5.015 
    9760     4.990     4.994 
    9770     4.990     4.994 
    9780     4.990     4.994 
    9790     4.990     4.994 
    9800     4.993     4.984 
    9810     4.990     4.994 
    9820     4.990     4.994 
    9830     4.990     4.995 
    9840     4.990     4.994 
    9850     5.006     4.956 
    9860     4.990     4.994 
    9870     4.990     4.994 
    9880   -54.943   -67.211 
    9890     4.990     4.994 
    9900     4.989     4.995 
    9910     4.990     4.994 
    9920     4.990     4.994 
    9930    57.206   -45.873 
    9940     4.990     4.994 
    9950     4.995     4.990 
    9960     4.990     4.994 
    9970     4.989     4.995 
    9980     4.990     4.994 
    9990     4.984     4.999 
   10000     4.990     4.994 
