       0   299.940   299.871 
      10   307.586   304.215 
      20   305.276   304.614 
      30   304.808   304.687 
      40   304.952   304.717 
      50   304.964   304.737 
      60   304.932   305.066 
      70   304.935   304.816 
      80   304.936   304.834 
      90   304.939   304.948 
     100   304.946   304.841 
     110   304.936   304.835 
     120   304.938   304.849 
     130   304.938   304.830 
     140   304.939   304.863 
     150   304.889   304.856 
     160   304.938   304.858 
     170   304.939   304.831 
     180   304.938   304.872 
     190   304.939   304.856 
     200   304.954   304.866 
     210   304.939   304.858 
     220   304.939   304.857 
     230   304.938   304.881 
     240   304.939   304.852 
     250   304.829   304.865 
     260   304.939   304.866 
     270   304.939   304.872 
     280   304.939   304.864 
     290   304.939   304.869 
     300   304.944   304.868 
     310   304.939   304.868 
     320   304.939   304.869 
     330   304.939   304.862 
     340   304.939   304.869 
     350   304.981   304.870 
     360   304.939   304.868 
     370   304.939   304.855 
     380   304.939   304.876 
     390   304.964   304.869 
     400   304.938   304.869 
     410   304.939   304.869 
     420   304.939   304.870 
     430   304.939   304.874 
     440   304.939   304.870 
     450   304.939   304.840 
     460   304.939   304.870 
     470   304.940   304.864 
     480   304.939   304.871 
     490   304.939   304.870 
     500   305.019   304.828 
     510   304.939   304.870 
     520   304.937   304.874 
     530   304.939   304.871 
     540   304.939   304.870 
     550   304.928   304.855 
     560   304.939   304.871 
     570   304.939   304.870 
     580   304.938   304.871 
     590   304.939   304.870 
     600   304.942   304.876 
     610   304.939   304.882 
     620   304.939   304.874 
     630   304.938   304.872 
     640   304.938   304.873 
     650   304.756   304.815 
     660   304.938   304.873 
     670   304.948   304.873 
     680   304.938   304.868 
     690   304.939   304.873 
     700   306.018   304.871 
     710   304.938   304.868 
     720   304.939   304.873 
     730   304.939   304.874 
     740   304.938   304.873 
     750   304.766   304.874 
     760   304.939   304.873 
     770   304.939   304.871 
     780   304.938   304.871 
     790   304.939   304.873 
     800   305.169   304.874 
     810   304.939   304.875 
     820   304.939   304.873 
     830   304.938   304.878 
     840   304.939   304.874 
     850   304.805   304.863 
     860   304.938   304.871 
     870   304.939   304.874 
     880   304.941   304.874 
     890   304.939   304.873 
     900   304.939   304.866 
     910   304.939   304.874 
     920   304.939   304.874 
     930   304.938   304.873 
     940   304.939   304.874 
     950   304.938   304.869 
     960   304.939   304.874 
     970   304.939   304.874 
     980   304.938   304.880 
     990   304.939   304.874 
    1000   304.754   304.874 
    1010   304.940   304.873 
    1020   304.939   304.874 
    1030   304.937   304.870 
    1040   304.939   304.874 
    1050   304.927   304.880 
    1060   304.940   304.873 
    1070   304.939   304.874 
    1080   304.940   304.874 
    1090   304.939   304.874 
    1100   304.931   304.867 
    1110   304.939   304.874 
    1120   304.939   304.874 
    1130   304.937   304.876 
    1140   304.939   304.874 
    1150   304.932   304.873 
    1160   304.939   304.873 
    1170   304.939   304.874 
    1180   304.941   304.869 
    1190   304.939   304.874 
    1200   304.905   304.873 
    1210   304.938   304.872 
    1220   304.939   304.874 
    1230   304.938   304.874 
    1240   304.943   304.873 
    1250   304.936   304.875 
    1260   304.939   304.874 
    1270   304.939   304.874 
    1280   304.939   304.873 
    1290   304.974   304.876 
    1300   304.920   304.874 
    1310   304.939   304.873 
    1320   304.939   304.873 
    1330   304.938   304.871 
    1340   304.939   304.874 
    1350   305.394   304.874 
    1360   304.939   304.873 
    1370   304.939   304.874 
    1380   304.938   304.874 
    1390   304.939   304.874 
    1400   305.125   304.874 
    1410   304.939   304.873 
    1420   304.939   304.874 
    1430   304.942   304.874 
    1440   304.939   304.874 
    1450   304.982   304.953 
    1460   304.939   304.875 
    1470   304.939   304.874 
    1480   304.936   304.874 
    1490   304.939   304.874 
    1500   304.937   304.862 
    1510   304.960   304.874 
    1520   304.938   304.874 
    1530   304.938   304.874 
    1540   304.939   304.874 
    1550   305.144   304.853 
    1560   304.939   304.874 
    1570   304.939   304.874 
    1580   304.938   304.874 
    1590   304.939   304.874 
    1600   304.951   304.878 
    1610   304.940   304.873 
    1620   304.939   304.874 
    1630   304.938   304.874 
    1640   304.939   304.874 
    1650   304.938   304.884 
    1660   304.939   304.876 
    1670   304.939   304.874 
    1680   304.938   304.875 
    1690   304.939   304.874 
    1700   304.654   304.924 
    1710   304.953   304.874 
    1720   304.939   304.874 
    1730   304.938   304.875 
    1740   304.938   304.874 
    1750   304.906   304.875 
    1760   304.939   304.873 
    1770   304.939   304.874 
    1780   304.939   304.873 
    1790   304.939   304.874 
    1800   304.953   304.878 
    1810   304.939   304.877 
    1820   304.939   304.874 
    1830   304.938   304.875 
    1840   304.939   304.874 
    1850   304.936   304.871 
    1860   304.939   304.873 
    1870   304.939   304.874 
    1880   304.936   304.874 
    1890   304.939   304.874 
    1900   304.937   304.872 
    1910   304.957   304.874 
    1920   304.942   304.874 
    1930   304.940   304.876 
    1940   304.939   304.874 
    1950   304.932   304.868 
    1960   304.938   304.875 
    1970   304.942   304.874 
    1980   304.935   304.885 
    1990   304.939   304.874 
    2000   304.910   304.874 
    2010   304.939   304.874 
    2020   304.939   304.874 
    2030   304.939   304.883 
    2040   304.939   304.874 
    2050   304.945   304.874 
    2060   304.938   304.872 
    2070   304.939   304.873 
    2080   304.940   304.874 
    2090   304.939   304.874 
    2100   304.939   304.900 
    2110   304.939   304.874 
    2120   304.939   304.874 
    2130   304.939   304.873 
    2140   304.939   304.875 
    2150   304.932   304.879 
    2160   304.939   304.873 
    2170   304.939   304.874 
    2180   304.941   304.874 
    2190   304.939   304.874 
    2200   304.950   304.929 
    2210   304.939   304.874 
    2220   304.939   304.874 
    2230   304.937   304.874 
    2240   304.939   304.874 
    2250   304.938   304.874 
    2260   304.938   304.875 
    2270   304.939   304.874 
    2280   304.938   304.881 
    2290   304.939   304.874 
    2300   304.791   304.874 
    2310   304.939   304.874 
    2320   304.939   304.874 
    2330   304.938   304.878 
    2340   304.939   304.874 
    2350   304.943   304.874 
    2360   304.939   304.874 
    2370   304.939   304.874 
    2380   304.938   304.873 
    2390   304.939   304.874 
    2400   304.948   304.886 
    2410   304.938   304.873 
    2420   304.939   304.874 
    2430   304.938   304.873 
    2440   304.939   304.874 
    2450   304.940   304.913 
    2460   304.940   304.876 
    2470   304.939   304.874 
    2480   304.938   304.874 
    2490   304.939   304.874 
    2500   304.936   304.864 
    2510   304.939   304.877 
    2520   304.939   304.874 
    2530   304.938   304.876 
    2540   304.939   304.874 
    2550   304.936   304.869 
    2560   304.939   304.875 
    2570   304.939   304.874 
    2580   304.938   304.874 
    2590   304.939   304.874 
    2600   304.960   304.896 
    2610   304.939   304.874 
    2620   304.939   304.874 
    2630   304.938   304.874 
    2640   304.939   304.875 
    2650   304.940   304.856 
    2660   304.939   304.874 
    2670   304.939   304.874 
    2680   304.938   304.873 
    2690   304.942   304.874 
    2700   304.940   304.874 
    2710   304.939   304.874 
    2720   304.939   304.874 
    2730   304.939   304.872 
    2740   304.939   304.874 
    2750   304.688   304.873 
    2760   304.939   304.875 
    2770   304.939   304.874 
    2780   304.958   304.877 
    2790   304.939   304.874 
    2800   304.851   304.928 
    2810   304.940   304.874 
    2820   304.939   304.874 
    2830   304.941   304.874 
    2840   304.939   304.874 
    2850   304.939   304.883 
    2860   304.958   304.874 
    2870   304.939   304.875 
    2880   304.937   304.875 
    2890   304.939   304.874 
    2900   304.940   304.875 
    2910   304.939   304.874 
    2920   304.938   304.875 
    2930   304.939   304.877 
    2940   304.939   304.874 
    2950   304.933   304.874 
    2960   304.939   304.874 
    2970   304.939   304.874 
    2980   304.938   304.875 
    2990   304.939   304.874 
    3000   304.934   304.874 
    3010   304.939   304.875 
    3020   304.939   304.874 
    3030   304.937   304.874 
    3040   304.939   304.874 
    3050   304.938   304.837 
    3060   304.939   304.874 
    3070   304.939   304.874 
    3080   304.939   304.874 
    3090   304.939   304.875 
    3100   304.691   304.909 
    3110   304.956   304.874 
    3120   304.939   304.875 
    3130   304.938   304.874 
    3140   304.939   304.874 
    3150   305.074   304.895 
    3160   304.939   304.874 
    3170   304.939   304.874 
    3180   304.937   304.874 
    3190   304.939   304.874 
    3200   304.944   304.869 
    3210   304.939   304.884 
    3220   304.939   304.874 
    3230   304.938   304.875 
    3240   304.939   304.874 
    3250   305.064   304.873 
    3260   304.940   304.874 
    3270   304.939   304.874 
    3280   304.940   304.874 
    3290   304.939   304.874 
    3300   304.942   304.865 
    3310   304.939   304.872 
    3320   304.939   304.875 
    3330   304.938   304.875 
    3340   304.939   304.874 
    3350   305.050   304.842 
    3360   304.939   304.874 
    3370   304.939   304.874 
    3380   304.938   304.872 
    3390   304.939   304.874 
    3400   305.173   304.875 
    3410   304.939   304.873 
    3420   304.939   304.874 
    3430   304.941   304.883 
    3440   304.938   304.874 
    3450   304.938   304.874 
    3460   304.939   304.874 
    3470   304.939   304.874 
    3480   304.941   304.873 
    3490   304.939   304.874 
    3500   304.761   304.914 
    3510   304.939   304.874 
    3520   304.939   304.874 
    3530   304.936   304.868 
    3540   304.939   304.875 
    3550   304.864   304.837 
    3560   304.940   304.875 
    3570   304.939   304.874 
    3580   304.938   304.875 
    3590   304.939   304.874 
    3600   304.884   304.876 
    3610   304.938   304.875 
    3620   304.939   304.874 
    3630   304.938   304.874 
    3640   304.938   304.875 
    3650   305.150   304.874 
    3660   304.939   304.874 
    3670   304.939   304.874 
    3680   304.939   304.867 
    3690   304.939   304.874 
    3700   305.172   304.875 
    3710   304.939   304.874 
    3720   304.939   304.874 
    3730   304.938   304.863 
    3740   304.939   304.874 
    3750   304.629   304.877 
    3760   304.938   304.875 
    3770   304.939   304.874 
    3780   304.938   304.875 
    3790   304.939   304.874 
    3800   304.687   304.877 
    3810   304.941   304.872 
    3820   304.939   304.874 
    3830   304.938   304.867 
    3840   304.939   304.874 
    3850   305.013   304.874 
    3860   304.939   304.874 
    3870   304.939   304.874 
    3880   304.938   304.878 
    3890   304.939   304.874 
    3900   305.381   304.873 
    3910   304.941   304.874 
    3920   304.939   304.874 
    3930   304.932   304.874 
    3940   304.939   304.874 
    3950   304.941   304.876 
    3960   304.938   304.874 
    3970   304.939   304.874 
    3980   304.938   304.874 
    3990   304.939   304.874 
    4000   305.034   304.867 
    4010   304.938   304.874 
    4020   304.939   304.874 
    4030   304.938   304.875 
    4040   304.939   304.874 
    4050   304.954   304.864 
    4060   304.939   304.874 
    4070   304.939   304.874 
    4080   304.940   304.862 
    4090   304.939   304.874 
    4100   304.939   304.874 
    4110   304.939   304.874 
    4120   304.939   304.874 
    4130   304.938   304.879 
    4140   304.938   304.874 
    4150   305.047   304.875 
    4160   304.939   304.874 
    4170   304.939   304.874 
    4180   304.939   304.877 
    4190   304.939   304.874 
    4200   305.125   304.874 
    4210   304.939   304.873 
    4220   304.939   304.874 
    4230   304.938   304.872 
    4240   304.939   304.874 
    4250   304.947   304.876 
    4260   304.939   304.879 
    4270   304.939   304.873 
    4280   304.938   304.874 
    4290   304.939   304.874 
    4300   304.939   304.880 
    4310   304.939   304.874 
    4320   304.939   304.874 
    4330   304.939   304.859 
    4340   304.939   304.874 
    4350   304.948   304.875 
    4360   304.939   304.878 
    4370   304.939   304.875 
    4380   304.939   304.875 
    4390   304.939   304.874 
    4400   304.902   304.884 
    4410   304.936   304.878 
    4420   304.938   304.873 
    4430   304.940   304.874 
    4440   304.939   304.874 
    4450   304.939   304.863 
    4460   304.939   304.874 
    4470   304.939   304.874 
    4480   304.938   304.874 
    4490   304.939   304.874 
    4500   304.926   304.872 
    4510   304.938   304.875 
    4520   304.939   304.874 
    4530   304.943   304.874 
    4540   304.939   304.875 
    4550   304.941   304.869 
    4560   304.939   304.874 
    4570   304.939   304.874 
    4580   304.938   304.874 
    4590   304.939   304.874 
    4600   304.933   304.874 
    4610   304.939   304.874 
    4620   304.939   304.875 
    4630   304.938   304.875 
    4640   304.939   304.874 
    4650   304.932   304.886 
    4660   304.939   304.874 
    4670   304.939   304.874 
    4680   304.938   304.874 
    4690   304.939   304.874 
    4700   304.722   304.880 
    4710   304.939   304.874 
    4720   304.939   304.874 
    4730   304.937   304.887 
    4740   304.939   304.876 
    4750   304.941   304.852 
    4760   304.938   304.875 
    4770   304.939   304.874 
    4780   304.938   304.875 
    4790   304.939   304.874 
    4800   304.905   304.873 
    4810   304.939   304.874 
    4820   304.939   304.874 
    4830   304.939   304.872 
    4840   304.939   304.875 
    4850   304.916   304.874 
    4860   304.939   304.873 
    4870   304.939   304.874 
    4880   304.938   304.875 
    4890   304.939   304.874 
    4900   304.936   304.876 
    4910   304.939   304.875 
    4920   304.939   304.874 
    4930   304.938   304.895 
    4940   304.939   304.874 
    4950   304.841   304.875 
    4960   304.939   304.874 
    4970   304.939   304.874 
    4980   304.938   304.877 
    4990   304.939   304.874 
    5000   304.949   304.866 
    5010   304.940   304.876 
    5020   304.939   304.874 
    5030   304.941   304.895 
    5040   304.939   304.874 
    5050   304.994   304.875 
    5060   304.939   304.876 
    5070   304.939   304.874 
    5080   304.938   304.871 
    5090   304.939   304.874 
    5100   304.938   304.874 
    5110   304.939   304.874 
    5120   304.939   304.874 
    5130   304.941   304.872 
    5140   304.938   304.874 
    5150   304.897   304.872 
    5160   304.939   304.874 
    5170   304.939   304.874 
    5180   304.938   304.873 
    5190   304.939   304.874 
    5200   304.939   304.819 
    5210   304.941   304.874 
    5220   304.939   304.874 
    5230   304.941   304.875 
    5240   304.939   304.874 
    5250   304.943   304.885 
    5260   304.936   304.870 
    5270   304.939   304.875 
    5280   304.938   304.874 
    5290   304.939   304.874 
    5300   304.935   304.868 
    5310   304.939   304.875 
    5320   304.939   304.874 
    5330   304.938   304.874 
    5340   304.939   304.874 
    5350   304.957   304.878 
    5360   304.939   304.874 
    5370   304.939   304.874 
    5380   304.938   304.876 
    5390   304.938   304.874 
    5400   305.020   304.874 
    5410   304.939   304.874 
    5420   304.939   304.874 
    5430   304.938   304.869 
    5440   304.938   304.874 
    5450   304.945   304.874 
    5460   304.939   304.874 
    5470   304.939   304.874 
    5480   304.940   304.876 
    5490   304.939   304.874 
    5500   304.964   304.874 
    5510   304.939   304.874 
    5520   304.939   304.874 
    5530   304.937   304.877 
    5540   304.939   304.874 
    5550   304.970   304.850 
    5560   304.949   304.874 
    5570   304.939   304.873 
    5580   304.941   304.874 
    5590   304.939   304.874 
    5600   304.939   304.877 
    5610   304.939   304.874 
    5620   304.939   304.874 
    5630   304.939   304.874 
    5640   304.939   304.875 
    5650   304.863   304.879 
    5660   304.940   304.875 
    5670   304.939   304.874 
    5680   304.938   304.875 
    5690   304.939   304.874 
    5700   304.953   304.872 
    5710   304.940   304.876 
    5720   304.939   304.874 
    5730   304.938   304.860 
    5740   304.939   304.874 
    5750   304.960   304.874 
    5760   304.939   304.874 
    5770   304.939   304.874 
    5780   304.938   304.872 
    5790   304.939   304.875 
    5800   304.940   304.874 
    5810   304.939   304.874 
    5820   304.939   304.874 
    5830   304.939   304.888 
    5840   304.938   304.874 
    5850   304.931   304.874 
    5860   304.939   304.875 
    5870   304.939   304.874 
    5880   304.938   304.876 
    5890   304.939   304.874 
    5900   304.937   304.874 
    5910   304.939   304.874 
    5920   304.939   304.874 
    5930   304.939   304.882 
    5940   304.939   304.875 
    5950   304.937   304.875 
    5960   304.938   304.873 
    5970   304.939   304.874 
    5980   304.938   304.875 
    5990   304.942   304.874 
    6000   304.937   304.876 
    6010   304.939   304.874 
    6020   304.939   304.874 
    6030   304.938   304.873 
    6040   304.939   304.874 
    6050   305.048   304.849 
    6060   304.939   304.875 
    6070   304.939   304.874 
    6080   304.938   304.874 
    6090   304.939   304.874 
    6100   304.939   304.841 
    6110   304.939   304.874 
    6120   304.939   304.874 
    6130   304.941   304.874 
    6140   304.939   304.874 
    6150   304.903   304.830 
    6160   304.957   304.874 
    6170   304.939   304.874 
    6180   304.939   304.875 
    6190   304.939   304.874 
    6200   304.961   304.856 
    6210   304.938   304.874 
    6220   304.939   304.874 
    6230   304.939   304.874 
    6240   304.939   304.874 
    6250   304.923   304.907 
    6260   304.939   304.874 
    6270   304.939   304.874 
    6280   304.942   304.874 
    6290   304.939   304.874 
    6300   304.939   304.868 
    6310   304.939   304.874 
    6320   304.939   304.874 
    6330   304.937   304.886 
    6340   304.940   304.874 
    6350   304.917   304.890 
    6360   304.940   304.874 
    6370   304.939   304.874 
    6380   304.938   304.874 
    6390   304.939   304.874 
    6400   304.936   304.847 
    6410   304.939   304.875 
    6420   304.939   304.874 
    6430   304.931   304.874 
    6440   304.939   304.874 
    6450   304.942   304.916 
    6460   304.940   304.873 
    6470   304.939   304.874 
    6480   304.938   304.874 
    6490   304.939   304.874 
    6500   304.934   304.880 
    6510   304.939   304.874 
    6520   304.939   304.874 
    6530   304.938   304.874 
    6540   304.939   304.874 
    6550   304.934   304.869 
    6560   304.939   304.875 
    6570   304.939   304.874 
    6580   304.936   304.874 
    6590   304.939   304.874 
    6600   304.934   304.871 
    6610   304.938   304.875 
    6620   304.939   304.874 
    6630   304.938   304.874 
    6640   304.939   304.875 
    6650   304.861   304.884 
    6660   304.939   304.874 
    6670   304.939   304.874 
    6680   304.939   304.874 
    6690   304.939   304.874 
    6700   304.975   304.825 
    6710   304.951   304.874 
    6720   304.939   304.874 
    6730   304.938   304.874 
    6740   304.939   304.874 
    6750   304.797   304.871 
    6760   304.940   304.875 
    6770   304.939   304.874 
    6780   304.938   304.871 
    6790   304.939   304.874 
    6800   304.906   304.874 
    6810   304.939   304.874 
    6820   304.939   304.874 
    6830   304.940   304.874 
    6840   304.939   304.874 
    6850   304.938   304.881 
    6860   304.939   304.876 
    6870   304.939   304.874 
    6880   304.938   304.876 
    6890   304.939   304.874 
    6900   305.053   304.874 
    6910   304.939   304.873 
    6920   304.939   304.874 
    6930   304.938   304.874 
    6940   304.939   304.874 
    6950   304.869   304.840 
    6960   304.939   304.874 
    6970   304.939   304.874 
    6980   304.938   304.877 
    6990   304.939   304.874 
    7000   304.939   304.878 
    7010   304.940   304.873 
    7020   304.939   304.874 
    7030   304.941   304.874 
    7040   304.939   304.874 
    7050   304.939   304.871 
    7060   304.939   304.874 
    7070   304.939   304.874 
    7080   304.938   304.875 
    7090   304.939   304.874 
    7100   304.936   304.875 
    7110   304.939   304.874 
    7120   304.939   304.875 
    7130   304.938   304.874 
    7140   304.939   304.874 
    7150   304.975   304.874 
    7160   304.941   304.875 
    7170   304.939   304.874 
    7180   304.938   304.871 
    7190   304.939   304.874 
    7200   304.941   304.874 
    7210   304.939   304.874 
    7220   304.939   304.874 
    7230   304.937   304.872 
    7240   304.939   304.874 
    7250   304.921   304.874 
    7260   304.938   304.874 
    7270   304.939   304.874 
    7280   304.939   304.884 
    7290   304.939   304.875 
    7300   304.902   304.875 
    7310   304.939   304.873 
    7320   304.939   304.874 
    7330   304.936   304.875 
    7340   304.939   304.874 
    7350   304.941   304.863 
    7360   304.939   304.874 
    7370   304.939   304.874 
    7380   304.939   304.874 
    7390   304.939   304.875 
    7400   304.969   304.874 
    7410   304.939   304.875 
    7420   304.939   304.874 
    7430   304.938   304.871 
    7440   304.939   304.874 
    7450   304.758   304.874 
    7460   304.939   304.873 
    7470   304.939   304.874 
    7480   304.938   304.874 
    7490   304.939   304.874 
    7500   304.923   304.873 
    7510   304.939   304.874 
    7520   304.939   304.874 
    7530   304.938   304.874 
    7540   304.939   304.874 
    7550   304.816   304.803 
    7560   304.940   304.875 
    7570   304.939   304.874 
    7580   304.942   304.874 
    7590   304.939   304.874 
    7600   304.939   304.872 
    7610   304.939   304.874 
    7620   304.939   304.874 
    7630   304.936   304.872 
    7640   304.939   304.874 
    7650   304.977   304.891 
    7660   304.946   304.875 
    7670   304.939   304.875 
    7680   304.938   304.874 
    7690   304.939   304.875 
    7700   304.940   304.874 
    7710   304.939   304.874 
    7720   304.939   304.874 
    7730   304.938   304.876 
    7740   304.939   304.874 
    7750   305.016   304.910 
    7760   304.942   304.874 
    7770   304.939   304.874 
    7780   304.938   304.874 
    7790   304.939   304.875 
    7800   304.937   304.856 
    7810   304.939   304.875 
    7820   304.939   304.874 
    7830   304.938   304.874 
    7840   304.939   304.874 
    7850   304.917   304.881 
    7860   304.939   304.874 
    7870   304.939   304.874 
    7880   304.938   304.873 
    7890   304.939   304.874 
    7900   304.980   304.877 
    7910   304.939   304.874 
    7920   304.939   304.874 
    7930   304.938   304.875 
    7940   304.939   304.874 
    7950   304.695   304.876 
    7960   304.940   304.874 
    7970   304.939   304.874 
    7980   304.937   304.867 
    7990   304.939   304.874 
    8000   304.790   304.876 
    8010   304.939   304.874 
    8020   304.939   304.874 
    8030   304.941   304.854 
    8040   304.939   304.874 
    8050   304.939   304.874 
    8060   304.939   304.874 
    8070   304.939   304.875 
    8080   304.940   304.872 
    8090   304.939   304.874 
    8100   304.929   304.876 
    8110   304.939   304.875 
    8120   304.939   304.874 
    8130   304.938   304.870 
    8140   304.939   304.874 
    8150   304.848   304.872 
    8160   304.939   304.874 
    8170   304.939   304.874 
    8180   304.939   304.874 
    8190   304.939   304.874 
    8200   304.942   304.944 
    8210   304.939   304.874 
    8220   304.939   304.874 
    8230   304.941   304.874 
    8240   304.939   304.874 
    8250   304.939   304.886 
    8260   304.939   304.874 
    8270   304.939   304.874 
    8280   304.938   304.880 
    8290   304.939   304.875 
    8300   304.943   304.874 
    8310   304.939   304.874 
    8320   304.939   304.874 
    8330   304.938   304.869 
    8340   304.939   304.874 
    8350   304.955   304.875 
    8360   304.940   304.874 
    8370   304.939   304.874 
    8380   304.938   304.862 
    8390   304.939   304.874 
    8400   304.934   304.874 
    8410   304.939   304.874 
    8420   304.939   304.874 
    8430   304.938   304.882 
    8440   304.939   304.874 
    8450   304.941   304.877 
    8460   304.940   304.876 
    8470   304.939   304.874 
    8480   304.939   304.874 
    8490   304.939   304.874 
    8500   304.940   304.866 
    8510   304.939   304.874 
    8520   304.939   304.874 
    8530   304.938   304.875 
    8540   304.939   304.874 
    8550   304.940   304.865 
    8560   304.939   304.874 
    8570   304.939   304.874 
    8580   304.939   304.882 
    8590   304.939   304.873 
    8600   304.938   304.874 
    8610   304.939   304.877 
    8620   304.939   304.874 
    8630   304.937   304.859 
    8640   304.939   304.874 
    8650   304.793   304.875 
    8660   304.939   304.875 
    8670   304.939   304.874 
    8680   304.939   304.882 
    8690   304.939   304.874 
    8700   304.694   304.877 
    8710   304.938   304.875 
    8720   304.942   304.874 
    8730   304.938   304.871 
    8740   304.939   304.874 
    8750   304.935   304.885 
    8760   304.939   304.874 
    8770   304.939   304.874 
    8780   304.943   304.874 
    8790   304.939   304.874 
    8800   304.996   304.931 
    8810   304.940   304.874 
    8820   304.939   304.874 
    8830   304.938   304.874 
    8840   304.939   304.874 
    8850   304.938   304.803 
    8860   304.939   304.874 
    8870   304.939   304.874 
    8880   304.930   304.874 
    8890   304.939   304.874 
    8900   304.949   304.871 
    8910   304.938   304.876 
    8920   304.939   304.874 
    8930   304.938   304.875 
    8940   304.938   304.878 
    8950   304.440   304.874 
    8960   304.939   304.874 
    8970   304.939   304.874 
    8980   304.937   304.874 
    8990   304.939   304.874 
    9000   304.939   304.890 
    9010   304.939   304.874 
    9020   304.939   304.874 
    9030   304.938   304.875 
    9040   304.939   304.874 
    9050   304.752   304.827 
    9060   304.941   304.875 
    9070   304.939   304.874 
    9080   304.939   304.873 
    9090   304.939   304.874 
    9100   304.912   304.874 
    9110   304.939   304.874 
    9120   304.939   304.874 
    9130   304.938   304.876 
    9140   304.939   304.874 
    9150   304.957   304.875 
    9160   304.941   304.874 
    9170   304.939   304.874 
    9180   304.938   304.874 
    9190   304.939   304.874 
    9200   304.888   304.876 
    9210   304.938   304.875 
    9220   304.938   304.874 
    9230   304.938   304.872 
    9240   304.939   304.874 
    9250   304.887   304.873 
    9260   304.940   304.875 
    9270   304.939   304.874 
    9280   304.938   304.878 
    9290   304.939   304.874 
    9300   305.169   304.874 
    9310   304.939   304.874 
    9320   304.939   304.875 
    9330   304.938   304.868 
    9340   304.939   304.874 
    9350   305.077   304.875 
    9360   304.939   304.876 
    9370   304.939   304.874 
    9380   304.938   304.874 
    9390   304.939   304.874 
    9400   304.939   304.874 
    9410   304.939   304.875 
    9420   304.939   304.874 
    9430   304.939   304.876 
    9440   304.939   304.874 
    9450   304.953   304.875 
    9460   304.939   304.877 
    9470   304.939   304.874 
    9480   304.937   304.873 
    9490   304.939   304.874 
    9500   304.938   304.873 
    9510   304.940   304.874 
    9520   304.939   304.874 
    9530   304.938   304.874 
    9540   304.939   304.874 
    9550   305.137   304.882 
    9560   304.939   304.874 
    9570   304.939   304.874 
    9580   304.939   304.874 
    9590   304.939   304.874 
    9600   304.761   304.848 
    9610   304.939   304.874 
    9620   304.939   304.874 
    9630   304.940   304.874 
    9640   304.939   304.874 
    9650   304.932   304.888 
    9660   304.938   304.874 
    9670   304.939   304.874 
    9680   304.938   304.874 
    9690   304.939   304.874 
    9700   304.905   304.875 
    9710   304.940   304.875 
    9720   304.939   304.874 
    9730   304.938   304.876 
    9740   304.939   304.874 
    9750   304.934   304.874 
    9760   304.939   304.874 
    9770   304.939   304.874 
    9780   304.938   304.874 
    9790   304.939   304.874 
    9800   304.948   304.841 
    9810   304.939   304.875 
    9820   304.939   304.874 
    9830   304.931   304.875 
    9840   304.939   304.874 
    9850   304.892   304.807 
    9860   304.957   304.874 
    9870   304.939   304.875 
    9880   304.936   304.874 
    9890   304.939   304.874 
    9900   304.930   304.876 
    9910   304.938   304.873 
    9920   304.939   304.874 
    9930   304.938   304.875 
    9940   304.939   304.874 
    9950   305.002   304.873 
    9960   304.939   304.874 
    9970   304.939   304.874 
    9980   304.938   304.873 
    9990   304.940   304.875 
   10000   304.939   304.874 
