       0   169.910   169.940 
      10   174.656   174.850 
      20   174.844   174.887 
      30   174.782   174.858 
      40   174.799   174.865 
      50   174.753   174.869 
      60   174.863   174.946 
      70   174.886   174.901 
      80   174.881   174.895 
      90   174.868   174.900 
     100   174.867   174.897 
     110   174.870   174.899 
     120   174.875   174.903 
     130   174.878   174.904 
     140   174.871   174.906 
     150   174.868   174.891 
     160   174.868   174.907 
     170   174.876   174.907 
     180   174.878   174.909 
     190   174.872   174.907 
     200   174.869   174.889 
     210   174.870   174.910 
     220   174.874   174.910 
     230   174.877   174.912 
     240   174.876   174.914 
     250   174.882   174.947 
     260   174.880   174.910 
     270   174.874   174.912 
     280   174.879   174.914 
     290   174.876   174.910 
     300   174.863   174.848 
     310   174.881   174.910 
     320   174.880   174.913 
     330   174.879   174.915 
     340   174.877   174.914 
     350   174.880   174.917 
     360   174.877   174.913 
     370   174.878   174.914 
     380   174.880   174.914 
     390   174.879   174.916 
     400   174.869   174.903 
     410   174.878   174.915 
     420   174.880   174.916 
     430   174.878   174.917 
     440   174.877   174.916 
     450   174.921   174.890 
     460   174.878   174.915 
     470   174.879   174.916 
     480   174.878   174.915 
     490   174.874   174.919 
     500   174.882   174.914 
     510   174.879   174.917 
     520   174.879   174.917 
     530   174.879   174.917 
     540   174.877   174.910 
     550   174.880   174.918 
     560   174.880   174.916 
     570   174.879   174.916 
     580   174.879   174.916 
     590   174.870   174.936 
     600   174.882   174.911 
     610   174.880   174.917 
     620   174.880   174.917 
     630   174.882   174.916 
     640   174.880   174.917 
     650   174.877   174.922 
     660   174.879   174.917 
     670   174.879   174.917 
     680   174.880   174.917 
     690   174.880   174.916 
     700   174.885   174.972 
     710   174.881   174.917 
     720   174.878   174.917 
     730   174.881   174.916 
     740   174.877   174.920 
     750   174.884   174.914 
     760   174.881   174.917 
     770   174.880   174.917 
     780   174.882   174.917 
     790   174.877   174.919 
     800   174.833   174.937 
     810   174.880   174.918 
     820   174.881   174.918 
     830   174.881   174.919 
     840   174.881   174.919 
     850   174.930   174.877 
     860   174.881   174.918 
     870   174.882   174.919 
     880   174.881   174.918 
     890   174.880   174.920 
     900   174.889   174.909 
     910   174.880   174.917 
     920   174.882   174.920 
     930   174.881   174.918 
     940   174.884   174.918 
     950   174.877   174.896 
     960   174.881   174.919 
     970   174.881   174.919 
     980   106.432   174.651 
     990   174.882   174.920 
    1000   174.882   174.852 
    1010   174.882   174.918 
    1020   174.881   174.919 
    1030   174.884   174.919 
    1040   174.881   174.919 
    1050   174.882   174.911 
    1060   174.881   174.919 
    1070   174.882   174.919 
    1080   174.883   174.919 
    1090   174.882   174.919 
    1100   174.881   174.940 
    1110   174.880   174.919 
    1120   174.884   174.919 
    1130   174.881   174.918 
    1140   174.882   174.919 
    1150   174.859   174.909 
    1160   174.882   174.919 
    1170   174.882   174.919 
    1180   174.883   174.919 
    1190   174.883   174.919 
    1200   174.902   174.923 
    1210   174.883   174.919 
    1220   174.882   174.919 
    1230   174.882   174.919 
    1240   174.883   174.919 
    1250   174.857   174.912 
    1260   174.882   174.919 
    1270   174.882   174.919 
    1280   174.884   174.918 
    1290   174.882   174.919 
    1300   174.913   174.999 
    1310   174.882   174.919 
    1320   174.882   174.919 
    1330   174.883   174.919 
    1340   174.882   174.919 
    1350   174.888   174.960 
    1360   174.882   174.919 
    1370   174.882   174.919 
    1380    73.752   177.649 
    1390   174.883   174.919 
    1400   174.882   174.883 
    1410   174.885   174.919 
    1420   174.883   174.919 
    1430   174.884   174.919 
    1440   174.883   174.919 
    1450   174.882   174.806 
    1460   174.882   174.919 
    1470   174.881   174.919 
    1480   174.884   174.920 
    1490   174.883   174.919 
    1500   174.888   174.945 
    1510   174.883   174.919 
    1520   174.881   174.919 
    1530   174.883   174.919 
    1540   174.883   174.919 
    1550   174.847   174.897 
    1560   174.883   174.919 
    1570   174.883   174.920 
    1580   174.882   174.920 
    1590   174.883   174.920 
    1600   174.884   174.976 
    1610   174.885   174.920 
    1620   174.883   174.920 
    1630   102.392   164.391 
    1640   174.883   174.920 
    1650   174.889   174.850 
    1660   174.879   174.920 
    1670   174.884   174.920 
    1680   174.883   174.919 
    1690   174.883   174.920 
    1700   174.921   174.938 
    1710   174.883   174.919 
    1720   174.883   174.920 
    1730   174.882   174.919 
    1740   174.884   174.920 
    1750   174.927   174.940 
    1760   174.883   174.920 
    1770   174.883   174.919 
    1780   174.884   174.919 
    1790   174.883   174.920 
    1800   174.888   174.920 
    1810   174.884   174.920 
    1820   174.884   174.920 
    1830   174.884   174.918 
    1840   174.884   174.920 
    1850   174.908   174.885 
    1860   174.883   174.919 
    1870   174.884   174.920 
    1880   174.883   174.920 
    1890   174.883   174.920 
    1900   174.877   174.923 
    1910   174.890   174.936 
    1920   174.884   174.920 
    1930   174.884   174.919 
    1940   174.884   174.920 
    1950   174.886   174.918 
    1960   174.884   174.920 
    1970   174.885   174.920 
    1980   174.883   174.919 
    1990   174.884   174.920 
    2000   174.915   174.884 
    2010   174.884   174.920 
    2020   174.884   174.920 
    2030   174.885   174.920 
    2040   174.884   174.920 
    2050   174.849   174.921 
    2060   174.884   174.920 
    2070   174.884   174.920 
    2080   174.884   174.920 
    2090   174.884   174.920 
    2100   174.904   174.920 
    2110   174.884   174.920 
    2120   174.884   174.920 
    2130   174.884   174.920 
    2140   174.884   174.920 
    2150   174.891   174.871 
    2160   174.884   174.920 
    2170   174.884   174.920 
    2180   174.883   174.920 
    2190   174.884   174.920 
    2200   174.904   174.834 
    2210   174.862   174.915 
    2220   174.892   174.921 
    2230   174.884   174.920 
    2240   174.884   174.920 
    2250   174.815   174.900 
    2260   174.884   174.920 
    2270   174.884   174.920 
    2280   174.885   174.920 
    2290   174.884   174.920 
    2300   174.883   174.914 
    2310   174.884   174.920 
    2320   174.884   174.920 
    2330   174.884   174.920 
    2340   174.884   174.920 
    2350   174.914   174.923 
    2360   174.884   174.919 
    2370   174.884   174.919 
    2380   174.884   174.921 
    2390   174.884   174.920 
    2400   174.861   174.849 
    2410   174.884   174.920 
    2420   174.884   174.920 
    2430   174.885   174.919 
    2440   174.884   174.920 
    2450   174.885   174.915 
    2460   174.888   174.920 
    2470   174.884   174.920 
    2480   174.884   174.919 
    2490   174.884   174.920 
    2500   174.881   174.916 
    2510   174.884   174.920 
    2520   174.884   174.920 
    2530   174.884   174.919 
    2540   174.884   174.920 
    2550   174.920   174.901 
    2560   174.884   174.920 
    2570   174.884   174.919 
    2580   174.885   174.920 
    2590   174.884   174.920 
    2600   174.896   174.876 
    2610   174.884   174.920 
    2620   174.884   174.920 
    2630   174.884   174.919 
    2640   174.884   174.920 
    2650   174.859   174.924 
    2660   174.884   174.919 
    2670   174.884   174.920 
    2680   174.885   174.920 
    2690   174.884   174.920 
    2700   174.883   174.914 
    2710   174.884   174.920 
    2720   174.884   174.920 
    2730   174.884   174.920 
    2740   174.884   174.920 
    2750   174.890   174.927 
    2760   174.883   174.920 
    2770   174.884   174.920 
    2780   174.877   174.916 
    2790   174.884   174.920 
    2800   174.952   174.954 
    2810   174.884   174.920 
    2820   174.884   174.920 
    2830   277.112    98.104 
    2840   174.884   174.920 
    2850   174.850   174.852 
    2860   174.884   174.920 
    2870   174.884   174.920 
    2880   174.884   174.920 
    2890   174.884   174.920 
    2900   174.884   174.914 
    2910   174.884   174.919 
    2920   174.884   174.920 
    2930   174.884   174.918 
    2940   174.884   174.920 
    2950   174.875   174.859 
    2960   174.884   174.920 
    2970   174.884   174.920 
    2980   174.884   174.919 
    2990   174.884   174.920 
    3000   174.885   174.918 
    3010   174.884   174.920 
    3020   174.884   174.920 
    3030   174.884   174.919 
    3040   174.884   174.920 
    3050   174.992   174.879 
    3060   174.884   174.920 
    3070   174.884   174.920 
    3080   174.884   174.919 
    3090   174.884   174.920 
    3100   174.878   174.916 
    3110   174.885   174.919 
    3120   174.884   174.919 
    3130   174.886   174.920 
    3140   174.884   174.920 
    3150   174.884   174.951 
    3160   174.884   174.919 
    3170   174.884   174.920 
    3180   174.884   174.919 
    3190   174.884   174.920 
    3200   174.834   174.928 
    3210   174.884   174.920 
    3220   174.884   174.920 
    3230   174.883   174.919 
    3240   174.884   174.920 
    3250   174.883   174.923 
    3260   174.884   174.920 
    3270   174.884   174.920 
    3280   174.885   174.921 
    3290   174.884   174.920 
    3300   174.880   174.924 
    3310   174.884   174.920 
    3320   174.884   174.920 
    3330   174.884   174.920 
    3340   174.884   174.920 
    3350   174.892   174.917 
    3360   174.884   174.920 
    3370   174.884   174.920 
    3380   174.883   174.917 
    3390   174.885   174.920 
    3400   174.837   174.938 
    3410   174.884   174.920 
    3420   174.884   174.920 
    3430   174.885   174.920 
    3440   174.884   174.920 
    3450   174.889   174.909 
    3460   174.884   174.920 
    3470   174.884   174.920 
    3480   174.882   174.919 
    3490   174.884   174.920 
    3500   174.857   175.013 
    3510   174.884   174.920 
    3520   174.884   174.920 
    3530   174.884   174.919 
    3540   174.884   174.919 
    3550   174.881   174.918 
    3560   174.884   174.920 
    3570   174.885   174.920 
    3580   174.886   174.919 
    3590   174.884   174.920 
    3600   174.886   174.923 
    3610   174.884   174.920 
    3620   174.884   174.920 
    3630   174.884   174.920 
    3640   174.884   174.919 
    3650   174.886   174.925 
    3660   174.884   174.920 
    3670   174.884   174.920 
    3680   174.884   174.920 
    3690   174.884   174.920 
    3700   174.885   174.930 
    3710   174.884   174.920 
    3720   174.884   174.920 
    3730   174.883   174.918 
    3740   174.884   174.919 
    3750   174.881   174.929 
    3760   174.884   174.920 
    3770   174.884   174.920 
    3780   174.885   174.918 
    3790   174.884   174.920 
    3800   174.911   174.870 
    3810   174.884   174.920 
    3820   174.884   174.920 
    3830   262.668   181.796 
    3840   174.884   174.920 
    3850   174.885   174.912 
    3860   174.884   174.920 
    3870   174.884   174.920 
    3880   174.885   174.921 
    3890   174.885   174.919 
    3900   174.884   174.925 
    3910   174.884   174.920 
    3920   174.884   174.920 
    3930   174.884   174.921 
    3940   174.884   174.920 
    3950   174.885   174.920 
    3960   174.884   174.920 
    3970   174.884   174.920 
    3980   174.884   174.921 
    3990   174.884   174.920 
    4000   174.884   174.909 
    4010   174.884   174.920 
    4020   174.884   174.920 
    4030   174.885   174.920 
    4040   174.884   174.920 
    4050   174.892   174.915 
    4060   174.884   174.920 
    4070   174.884   174.920 
    4080   174.884   174.921 
    4090   174.884   174.920 
    4100   174.887   174.919 
    4110   174.885   174.920 
    4120   174.884   174.920 
    4130   174.885   174.919 
    4140   174.884   174.920 
    4150   174.866   174.936 
    4160   174.884   174.920 
    4170   174.884   174.920 
    4180   174.886   174.920 
    4190   174.884   174.920 
    4200   174.886   174.914 
    4210   174.885   174.920 
    4220   174.884   174.920 
    4230   174.884   174.920 
    4240   174.884   174.920 
    4250   174.829   174.856 
    4260   174.885   174.919 
    4270   174.885   174.920 
    4280   174.884   174.919 
    4290   174.884   174.920 
    4300   174.887   174.920 
    4310   174.884   174.920 
    4320   174.884   174.920 
    4330   174.884   174.920 
    4340   174.884   174.920 
    4350   174.884   174.921 
    4360   174.884   174.920 
    4370   174.884   174.920 
    4380   174.884   174.920 
    4390   174.884   174.920 
    4400   174.906   174.846 
    4410   174.884   174.920 
    4420   174.884   174.920 
    4430   174.886   174.918 
    4440   174.884   174.920 
    4450   174.916   174.881 
    4460   174.884   174.920 
    4470   174.884   174.920 
    4480   174.884   174.919 
    4490   174.884   174.920 
    4500   174.889   174.924 
    4510   174.884   174.919 
    4520   174.885   174.920 
    4530   174.885   174.920 
    4540   174.884   174.920 
    4550   174.835   174.913 
    4560   174.884   174.920 
    4570   174.884   174.920 
    4580   174.885   174.921 
    4590   174.884   174.920 
    4600   174.897   174.951 
    4610   174.884   174.920 
    4620   174.884   174.920 
    4630   174.885   174.920 
    4640   174.884   174.920 
    4650   174.884   174.919 
    4660   174.884   174.920 
    4670   174.884   174.920 
    4680   174.883   174.918 
    4690   174.884   174.920 
    4700   174.816   174.876 
    4710   174.884   174.920 
    4720   174.884   174.920 
    4730   174.884   174.919 
    4740   174.884   174.920 
    4750   174.882   174.914 
    4760   174.884   174.920 
    4770   174.884   174.920 
    4780   174.884   174.920 
    4790   174.884   174.920 
    4800   174.894   175.070 
    4810   174.885   174.920 
    4820   174.884   174.920 
    4830   174.884   174.919 
    4840   174.885   174.919 
    4850   174.886   174.922 
    4860   174.884   174.919 
    4870   174.884   174.920 
    4880   174.884   174.920 
    4890   174.884   174.919 
    4900   174.886   174.916 
    4910   174.884   174.919 
    4920   174.884   174.920 
    4930   174.885   174.919 
    4940   174.884   174.920 
    4950   174.855   174.957 
    4960   174.884   174.920 
    4970   174.884   174.920 
    4980   174.883   174.920 
    4990   174.884   174.920 
    5000   174.911   174.956 
    5010   174.884   174.920 
    5020   174.884   174.920 
    5030   174.879   174.923 
    5040   174.884   174.920 
    5050   174.883   174.917 
    5060   174.884   174.920 
    5070   174.884   174.920 
    5080   174.884   174.920 
    5090   174.884   174.920 
    5100   174.858   174.829 
    5110   174.884   174.920 
    5120   174.884   174.920 
    5130   174.884   174.920 
    5140   174.884   174.920 
    5150   174.879   174.853 
    5160   174.884   174.920 
    5170   174.884   174.920 
    5180   174.883   174.919 
    5190   174.884   174.920 
    5200   174.911   174.909 
    5210   174.885   174.920 
    5220   174.884   174.920 
    5230   174.885   174.919 
    5240   174.884   174.920 
    5250   174.865   174.924 
    5260   174.884   174.920 
    5270   174.884   174.920 
    5280   108.181   196.889 
    5290   174.884   174.920 
    5300   174.884   174.917 
    5310   174.884   174.920 
    5320   174.884   174.920 
    5330   174.885   174.921 
    5340   174.884   174.920 
    5350   174.927   174.912 
    5360   174.884   174.920 
    5370   174.884   174.920 
    5380   174.885   174.921 
    5390   174.884   174.919 
    5400   174.894   174.924 
    5410   174.884   174.920 
    5420   174.884   174.920 
    5430   174.884   174.919 
    5440   174.884   174.920 
    5450   174.888   174.920 
    5460   174.885   174.920 
    5470   174.884   174.920 
    5480   174.883   174.919 
    5490   174.884   174.920 
    5500   174.813   174.894 
    5510   174.884   174.920 
    5520   174.884   174.920 
    5530   174.884   174.919 
    5540   174.884   174.920 
    5550   174.922   174.936 
    5560   174.884   174.920 
    5570   174.884   174.920 
    5580   174.885   174.920 
    5590   174.884   174.920 
    5600   174.816   174.890 
    5610   174.884   174.920 
    5620   174.884   174.920 
    5630   174.883   174.922 
    5640   174.884   174.920 
    5650   174.960   174.842 
    5660   174.884   174.920 
    5670   174.884   174.920 
    5680   174.887   174.920 
    5690   174.884   174.920 
    5700   174.884   174.918 
    5710   174.884   174.919 
    5720   174.884   174.920 
    5730   174.885   174.920 
    5740   174.884   174.920 
    5750   174.899   174.924 
    5760   174.884   174.920 
    5770   174.884   174.920 
    5780   174.884   174.919 
    5790   174.884   174.920 
    5800   174.803   174.938 
    5810   174.884   174.919 
    5820   174.885   174.919 
    5830   174.884   174.919 
    5840   174.884   174.920 
    5850   174.887   174.918 
    5860   174.884   174.920 
    5870   174.884   174.920 
    5880   111.997    81.799 
    5890   174.884   174.920 
    5900   174.880   174.944 
    5910   174.886   174.920 
    5920   174.884   174.920 
    5930   174.884   174.919 
    5940   174.884   174.920 
    5950   174.893   174.920 
    5960   174.884   174.922 
    5970   174.884   174.919 
    5980   174.884   174.919 
    5990   174.884   174.920 
    6000   174.888   174.920 
    6010   174.885   174.920 
    6020   174.884   174.920 
    6030   174.883   174.921 
    6040   174.884   174.920 
    6050   174.904   174.899 
    6060   174.884   174.920 
    6070   174.884   174.920 
    6080   174.884   174.920 
    6090   174.884   174.920 
    6100   174.884   174.918 
    6110   174.885   174.920 
    6120   174.884   174.920 
    6130   174.885   174.919 
    6140   174.885   174.920 
    6150   174.862   174.916 
    6160   174.884   174.919 
    6170   174.884   174.920 
    6180   174.884   174.919 
    6190   174.884   174.920 
    6200   174.901   174.877 
    6210   174.884   174.920 
    6220   174.884   174.920 
    6230   174.885   174.919 
    6240   174.884   174.920 
    6250   174.888   174.918 
    6260   174.884   174.920 
    6270   174.884   174.920 
    6280   174.884   174.919 
    6290   174.885   174.920 
    6300   174.995   174.965 
    6310   174.884   174.920 
    6320   174.884   174.920 
    6330   174.885   174.921 
    6340   174.884   174.920 
    6350   174.880   174.916 
    6360   174.884   174.920 
    6370   174.884   174.920 
    6380   174.885   174.920 
    6390   174.884   174.920 
    6400   174.940   174.952 
    6410   174.884   174.920 
    6420   174.884   174.920 
    6430   174.885   174.918 
    6440   174.884   174.920 
    6450   174.913   174.965 
    6460   174.884   174.920 
    6470   174.884   174.920 
    6480   174.883   174.919 
    6490   174.884   174.920 
    6500   174.887   174.911 
    6510   174.884   174.920 
    6520   174.884   174.920 
    6530   174.888   174.920 
    6540   174.885   174.920 
    6550   174.874   174.920 
    6560   174.884   174.920 
    6570   174.884   174.920 
    6580    97.558   130.579 
    6590   174.884   174.920 
    6600   174.885   174.919 
    6610   174.884   174.920 
    6620   174.884   174.920 
    6630   174.886   174.919 
    6640   174.884   174.920 
    6650   174.881   174.909 
    6660   174.884   174.920 
    6670   174.884   174.920 
    6680   174.885   174.921 
    6690   174.884   174.919 
    6700   174.897   174.920 
    6710   174.884   174.920 
    6720   174.884   174.920 
    6730   174.884   174.921 
    6740   174.884   174.920 
    6750   174.883   174.917 
    6760   174.884   174.920 
    6770   174.884   174.920 
    6780   174.885   174.919 
    6790   174.884   174.920 
    6800   174.858   174.860 
    6810   174.884   174.920 
    6820   174.884   174.920 
    6830   174.886   174.920 
    6840   174.884   174.920 
    6850   174.884   174.920 
    6860   174.884   174.920 
    6870   174.884   174.920 
    6880   174.883   174.920 
    6890   174.884   174.920 
    6900   174.887   174.915 
    6910   174.884   174.920 
    6920   174.884   174.920 
    6930   174.884   174.919 
    6940   174.884   174.920 
    6950   174.979   175.070 
    6960   174.884   174.920 
    6970   174.884   174.920 
    6980   174.884   174.919 
    6990   174.884   174.920 
    7000   174.801   174.923 
    7010   174.884   174.920 
    7020   174.884   174.920 
    7030   174.884   174.920 
    7040   174.884   174.920 
    7050   174.878   174.919 
    7060   174.884   174.920 
    7070   174.884   174.920 
    7080   174.884   174.922 
    7090   174.884   174.920 
    7100   174.789   174.922 
    7110   174.884   174.920 
    7120   174.884   174.920 
    7130   174.885   174.920 
    7140   174.884   174.920 
    7150   174.885   174.917 
    7160   174.885   174.920 
    7170   174.884   174.920 
    7180   174.883   174.920 
    7190   174.884   174.920 
    7200   174.883   174.942 
    7210   174.884   174.920 
    7220   174.885   174.920 
    7230   174.884   174.919 
    7240   174.884   174.920 
    7250   174.877   174.927 
    7260   174.884   174.920 
    7270   174.884   174.920 
    7280   174.884   174.920 
    7290   174.884   174.920 
    7300   174.987   174.851 
    7310   174.884   174.920 
    7320   174.884   174.920 
    7330   174.594   282.150 
    7340   174.884   174.920 
    7350   174.874   174.919 
    7360   174.884   174.920 
    7370   174.884   174.920 
    7380   174.884   174.920 
    7390   174.884   174.920 
    7400   174.863   174.930 
    7410   174.884   174.920 
    7420   174.884   174.920 
    7430   174.884   174.921 
    7440   174.884   174.919 
    7450   174.890   174.928 
    7460   174.884   174.920 
    7470   174.884   174.920 
    7480   174.884   174.920 
    7490   174.884   174.920 
    7500   174.944   174.925 
    7510   174.884   174.920 
    7520   174.884   174.920 
    7530   174.884   174.920 
    7540   174.884   174.919 
    7550   174.896   174.952 
    7560   174.884   174.920 
    7570   174.884   174.920 
    7580   174.885   174.919 
    7590   174.884   174.920 
    7600   174.882   174.920 
    7610   174.884   174.920 
    7620   174.884   174.920 
    7630   174.886   174.919 
    7640   174.884   174.920 
    7650   174.886   174.923 
    7660   174.885   174.919 
    7670   174.884   174.920 
    7680    74.029   225.580 
    7690   174.884   174.920 
    7700   174.926   174.842 
    7710   174.884   174.920 
    7720   174.884   174.920 
    7730   174.884   174.919 
    7740   174.884   174.920 
    7750   174.878   174.978 
    7760   174.882   174.918 
    7770   174.884   174.920 
    7780   174.884   174.919 
    7790   174.884   174.920 
    7800   174.876   174.972 
    7810   174.884   174.920 
    7820   174.884   174.920 
    7830   174.884   174.919 
    7840   174.885   174.920 
    7850   174.867   174.900 
    7860   174.884   174.920 
    7870   174.884   174.920 
    7880   174.884   174.920 
    7890   174.884   174.920 
    7900   174.889   174.892 
    7910   174.884   174.920 
    7920   174.884   174.920 
    7930   174.885   174.919 
    7940   174.884   174.920 
    7950   174.883   174.916 
    7960   174.884   174.920 
    7970   174.884   174.920 
    7980   174.884   174.921 
    7990   174.884   174.920 
    8000   174.824   174.950 
    8010   174.884   174.920 
    8020   174.884   174.920 
    8030   288.228   232.611 
    8040   174.884   174.920 
    8050   174.887   174.911 
    8060   174.884   174.920 
    8070   174.884   174.920 
    8080   174.887   174.918 
    8090   174.884   174.920 
    8100   174.895   174.918 
    8110   174.884   174.919 
    8120   174.884   174.920 
    8130   174.883   174.918 
    8140   174.884   174.919 
    8150   174.859   174.869 
    8160   174.884   174.920 
    8170   174.884   174.920 
    8180   174.885   174.919 
    8190   174.884   174.919 
    8200   174.882   174.871 
    8210   174.884   174.920 
    8220   174.884   174.920 
    8230   174.884   174.920 
    8240   174.884   174.920 
    8250   174.877   174.919 
    8260   174.884   174.920 
    8270   174.884   174.917 
    8280   174.886   174.920 
    8290   174.884   174.920 
    8300   174.883   174.901 
    8310   174.884   174.920 
    8320   174.884   174.920 
    8330   174.885   174.921 
    8340   174.884   174.920 
    8350   174.972   174.908 
    8360   174.884   174.920 
    8370   174.884   174.920 
    8380   174.884   174.917 
    8390   174.884   174.919 
    8400   174.881   174.921 
    8410   174.884   174.919 
    8420   174.884   174.920 
    8430   174.883   174.913 
    8440   174.884   174.920 
    8450   174.887   174.919 
    8460   174.885   174.921 
    8470   174.884   174.920 
    8480   174.884   174.920 
    8490   174.884   174.920 
    8500   174.921   174.923 
    8510   174.884   174.920 
    8520   174.884   174.920 
    8530   174.884   174.920 
    8540   174.884   174.920 
    8550   174.881   174.928 
    8560   174.884   174.920 
    8570   174.884   174.919 
    8580   174.884   174.919 
    8590   174.884   174.920 
    8600   174.878   174.901 
    8610   174.884   174.920 
    8620   174.884   174.920 
    8630   174.883   174.920 
    8640   174.884   174.920 
    8650   174.886   174.921 
    8660   174.886   174.920 
    8670   174.884   174.920 
    8680   174.884   174.920 
    8690   174.884   174.920 
    8700   174.882   174.920 
    8710   174.884   174.919 
    8720   174.884   174.920 
    8730   174.885   174.921 
    8740   174.884   174.920 
    8750   174.888   174.919 
    8760   174.884   174.920 
    8770   174.884   174.920 
    8780   174.885   174.920 
    8790   174.884   174.920 
    8800   174.879   174.920 
    8810   174.884   174.920 
    8820   174.884   174.920 
    8830   174.884   174.919 
    8840   174.884   174.920 
    8850   174.857   174.949 
    8860   174.884   174.920 
    8870   174.884   174.920 
    8880   174.883   174.920 
    8890   174.884   174.920 
    8900   174.891   174.926 
    8910   174.884   174.920 
    8920   174.884   174.920 
    8930   174.884   174.922 
    8940   174.884   174.920 
    8950   174.908   174.996 
    8960   174.884   174.920 
    8970   174.884   174.920 
    8980   174.884   174.919 
    8990   174.884   174.919 
    9000   174.876   174.856 
    9010   174.884   174.920 
    9020   174.884   174.920 
    9030   174.884   174.920 
    9040   174.884   174.920 
    9050   174.872   174.921 
    9060   174.884   174.922 
    9070   174.884   174.920 
    9080   174.883   174.918 
    9090   174.884   174.920 
    9100   174.875   174.908 
    9110   174.885   174.919 
    9120   174.884   174.920 
    9130   174.885   174.920 
    9140   174.884   174.920 
    9150   174.820   174.872 
    9160   174.884   174.920 
    9170   174.885   174.920 
    9180   174.885   174.920 
    9190   174.884   174.920 
    9200   174.814   174.890 
    9210   174.884   174.920 
    9220   174.884   174.920 
    9230   174.883   174.919 
    9240   174.884   174.920 
    9250   174.891   174.925 
    9260   174.884   174.920 
    9270   174.884   174.920 
    9280   174.884   174.921 
    9290   174.884   174.920 
    9300   174.881   174.918 
    9310   174.884   174.920 
    9320   174.884   174.920 
    9330   174.884   174.920 
    9340   174.884   174.920 
    9350   174.912   174.962 
    9360   174.884   174.920 
    9370   174.884   174.920 
    9380   174.884   174.920 
    9390   174.884   174.920 
    9400   174.884   174.932 
    9410   174.884   174.920 
    9420   174.884   174.920 
    9430   174.884   174.920 
    9440   174.884   174.920 
    9450   174.887   174.933 
    9460   174.884   174.919 
    9470   174.885   174.921 
    9480   174.884   174.920 
    9490   174.884   174.920 
    9500   174.886   174.919 
    9510   174.884   174.920 
    9520   174.885   174.919 
    9530   174.885   174.919 
    9540   174.884   174.920 
    9550   174.896   174.921 
    9560   174.884   174.920 
    9570   174.884   174.920 
    9580   174.884   174.921 
    9590   174.884   174.920 
    9600   174.888   174.920 
    9610   174.884   174.919 
    9620   174.884   174.920 
    9630   174.884   174.918 
    9640   174.884   174.920 
    9650   174.885   174.920 
    9660   174.884   174.920 
    9670   174.884   174.920 
    9680   174.885   174.920 
    9690   174.884   174.920 
    9700   174.900   174.837 
    9710   174.884   174.920 
    9720   174.884   174.920 
    9730   174.884   174.919 
    9740   174.884   174.920 
    9750   174.841   174.924 
    9760   174.885   174.920 
    9770   174.884   174.920 
    9780   174.884   174.920 
    9790   174.884   174.920 
    9800   174.897   174.916 
    9810   174.885   174.920 
    9820   174.884   174.920 
    9830   174.885   174.920 
    9840   174.884   174.920 
    9850   174.929   174.878 
    9860   174.884   174.920 
    9870   174.884   174.920 
    9880   174.883   174.920 
    9890   174.884   174.920 
    9900   174.875   174.861 
    9910   174.884   174.920 
    9920   174.884   174.920 
    9930   174.884   174.920 
    9940   174.884   174.919 
    9950   174.878   174.862 
    9960   174.884   174.920 
    9970   174.884   174.920 
    9980   174.884   174.920 
    9990   174.884   174.920 
   10000   174.884   174.920 
