       0   314.937   314.884 
      10   320.271   318.192 
      20   319.932   319.453 
      30   320.105   319.644 
      40   319.897   319.687 
      50   319.820   319.715 
      60   319.929   319.660 
      70   319.931   319.922 
      80   319.933   319.832 
      90   319.934   319.857 
     100   320.000   319.824 
     110   319.935   319.838 
     120   319.936   319.866 
     130   319.936   319.866 
     140   319.936   319.803 
     150   319.944   319.875 
     160   319.936   319.863 
     170   319.937   319.862 
     180   319.936   319.862 
     190   319.936   319.865 
     200   320.015   319.857 
     210   319.936   319.860 
     220   319.937   319.868 
     230   319.936   319.850 
     240   319.891   319.869 
     250   319.935   319.866 
     260   319.937   319.866 
     270   319.937   319.869 
     280   319.937   319.872 
     290   319.937   319.879 
     300   320.024   319.931 
     310   319.936   319.869 
     320   319.937   319.855 
     330   319.936   319.870 
     340   319.937   319.871 
     350   319.827   319.870 
     360   319.937   319.868 
     370   319.937   319.878 
     380   319.936   319.898 
     390   319.937   319.870 
     400   319.893   319.872 
     410   319.937   319.870 
     420   319.937   319.875 
     430   319.937   319.866 
     440   319.938   319.873 
     450   319.934   319.873 
     460   319.938   319.873 
     470   319.937   319.874 
     480   319.936   319.872 
     490   319.937   319.873 
     500   319.897   319.873 
     510   319.936   319.870 
     520   319.937   319.877 
     530   319.933   319.873 
     540   319.937   319.872 
     550   319.959   319.876 
     560   319.936   319.874 
     570   319.933   319.875 
     580   319.938   319.874 
     590   319.937   319.874 
     600   319.928   319.883 
     610   319.936   319.876 
     620   319.937   319.874 
     630   319.937   319.875 
     640   319.937   319.875 
     650   320.375   319.928 
     660   319.937   319.875 
     670   319.937   319.875 
     680   319.936   319.873 
     690   319.937   319.875 
     700   319.914   319.874 
     710   319.937   319.874 
     720   319.936   319.875 
     730   319.937   319.876 
     740   319.937   319.875 
     750   320.150   319.880 
     760   319.937   319.876 
     770   319.938   319.875 
     780   319.932   319.875 
     790   319.937   319.874 
     800   319.915   319.842 
     810   319.937   319.875 
     820   319.938   319.875 
     830   319.937   319.875 
     840   319.937   319.876 
     850   319.936   319.883 
     860   319.937   319.876 
     870   319.937   319.876 
     880   319.937   319.881 
     890   319.937   319.876 
     900   319.935   319.876 
     910   319.937   319.877 
     920   319.937   319.876 
     930   319.937   319.878 
     940   319.937   319.876 
     950   319.943   319.873 
     960   319.937   319.877 
     970   319.937   319.876 
     980   319.937   319.877 
     990   319.937   319.877 
    1000   319.935   319.876 
    1010   319.937   319.876 
    1020   319.937   319.876 
    1030   319.937   319.870 
    1040   319.937   319.876 
    1050   319.796   319.879 
    1060   319.937   319.878 
    1070   319.936   319.877 
    1080   319.936   319.877 
    1090   319.937   319.877 
    1100   319.939   319.877 
    1110   319.937   319.877 
    1120   319.937   319.876 
    1130   319.937   319.890 
    1140   319.937   319.875 
    1150   319.940   319.883 
    1160   319.937   319.877 
    1170   319.937   319.878 
    1180   319.937   319.878 
    1190   319.937   319.877 
    1200   320.034   319.879 
    1210   319.938   319.876 
    1220   319.937   319.878 
    1230   319.937   319.865 
    1240   319.937   319.878 
    1250   320.223   319.878 
    1260   319.937   319.877 
    1270   319.937   319.875 
    1280   319.937   319.877 
    1290   319.937   319.877 
    1300   319.930   319.888 
    1310   319.937   319.879 
    1320   319.937   319.878 
    1330   319.937   319.877 
    1340   319.937   319.878 
    1350   320.206   319.878 
    1360   319.937   319.878 
    1370   319.937   319.878 
    1380   319.935   319.866 
    1390   319.921   319.880 
    1400   319.942   319.878 
    1410   319.937   319.878 
    1420   319.937   319.878 
    1430   319.937   319.871 
    1440   319.937   319.878 
    1450   319.938   319.878 
    1460   319.937   319.878 
    1470   319.937   319.882 
    1480   319.937   319.880 
    1490   319.937   319.878 
    1500   319.935   319.883 
    1510   319.937   319.878 
    1520   319.937   319.878 
    1530   319.937   319.876 
    1540   319.937   319.878 
    1550   320.507   319.880 
    1560   319.937   319.879 
    1570   319.937   319.878 
    1580   319.940   319.878 
    1590   319.937   319.878 
    1600   319.937   319.873 
    1610   319.951   319.878 
    1620   319.937   319.878 
    1630   319.941   319.878 
    1640   319.937   319.878 
    1650   319.940   319.869 
    1660   319.937   319.878 
    1670   319.937   319.879 
    1680   319.937   319.877 
    1690   319.937   319.878 
    1700   319.616   319.879 
    1710   319.937   319.880 
    1720   319.937   319.878 
    1730   319.937   319.878 
    1740   319.937   319.878 
    1750   320.163   319.878 
    1760   319.937   319.878 
    1770   319.937   319.878 
    1780   319.935   319.910 
    1790   319.938   319.878 
    1800   319.937   319.878 
    1810   319.937   319.878 
    1820   319.937   319.878 
    1830   319.937   319.881 
    1840   319.938   319.877 
    1850   319.935   319.878 
    1860   319.937   319.878 
    1870   319.937   319.878 
    1880   319.937   319.878 
    1890   319.937   319.878 
    1900   319.929   319.873 
    1910   319.937   319.878 
    1920   319.937   319.878 
    1930   319.937   319.880 
    1940   319.937   319.878 
    1950   319.940   319.878 
    1960   319.937   319.878 
    1970   319.937   319.878 
    1980   319.937   319.880 
    1990   319.937   319.878 
    2000   319.852   319.886 
    2010   319.937   319.882 
    2020   319.937   319.879 
    2030   319.939   319.878 
    2040   319.937   319.878 
    2050   319.934   319.874 
    2060   319.968   319.878 
    2070   319.937   319.878 
    2080   319.937   319.877 
    2090   319.937   319.878 
    2100   319.931   319.879 
    2110   319.937   319.874 
    2120   319.937   319.878 
    2130   319.939   319.877 
    2140   319.937   319.878 
    2150   319.930   319.883 
    2160   319.937   319.877 
    2170   319.937   319.878 
    2180   319.939   319.878 
    2190   319.937   319.878 
    2200   319.933   319.830 
    2210   319.937   319.877 
    2220   319.937   319.876 
    2230   319.933   319.877 
    2240   319.937   319.878 
    2250   319.962   319.897 
    2260   319.937   319.878 
    2270   319.937   319.878 
    2280   319.928   319.878 
    2290   319.937   319.878 
    2300   319.940   319.889 
    2310   319.937   319.879 
    2320   319.940   319.878 
    2330   319.937   319.880 
    2340   319.936   319.878 
    2350   319.936   319.882 
    2360   319.937   319.878 
    2370   319.937   319.878 
    2380   319.937   319.879 
    2390   319.937   319.879 
    2400   319.940   319.864 
    2410   319.937   319.879 
    2420   319.937   319.878 
    2430   319.937   319.883 
    2440   319.937   319.878 
    2450   319.863   319.878 
    2460   319.937   319.878 
    2470   319.937   319.878 
    2480   319.937   319.878 
    2490   319.937   319.879 
    2500   319.942   319.878 
    2510   319.937   319.879 
    2520   319.937   319.878 
    2530   319.936   319.877 
    2540   319.937   319.878 
    2550   319.933   319.865 
    2560   319.938   319.878 
    2570   319.937   319.878 
    2580   319.937   319.877 
    2590   319.937   319.878 
    2600   319.826   319.865 
    2610   319.938   319.864 
    2620   319.937   319.877 
    2630   319.937   319.878 
    2640   319.937   319.878 
    2650   319.937   319.868 
    2660   319.937   319.878 
    2670   319.937   319.878 
    2680   319.937   319.879 
    2690   319.937   319.878 
    2700   320.182   319.877 
    2710   319.937   319.878 
    2720   319.937   319.878 
    2730   319.937   319.852 
    2740   319.937   319.876 
    2750   319.936   319.878 
    2760   319.937   319.877 
    2770   319.937   319.878 
    2780   319.934   319.879 
    2790   319.937   319.878 
    2800   319.933   319.884 
    2810   319.937   319.878 
    2820   319.937   319.878 
    2830   319.937   319.879 
    2840   319.937   319.878 
    2850   320.191   319.876 
    2860   319.937   319.878 
    2870   319.937   319.878 
    2880   319.936   319.881 
    2890   319.937   319.878 
    2900   319.934   319.878 
    2910   319.937   319.879 
    2920   319.937   319.879 
    2930   319.937   319.878 
    2940   319.937   319.878 
    2950   319.948   319.881 
    2960   319.937   319.879 
    2970   319.937   319.878 
    2980   319.937   319.879 
    2990   319.937   319.878 
    3000   319.882   319.833 
    3010   319.952   319.878 
    3020   319.937   319.879 
    3030   319.937   319.877 
    3040   319.937   319.878 
    3050   319.851   319.890 
    3060   319.937   319.878 
    3070   319.937   319.878 
    3080   319.938   319.878 
    3090   319.937   319.878 
    3100   319.937   319.884 
    3110   319.937   319.876 
    3120   319.937   319.879 
    3130   319.935   319.874 
    3140   319.937   319.879 
    3150   319.971   319.897 
    3160   319.937   319.878 
    3170   319.954   319.879 
    3180   319.937   319.879 
    3190   319.937   319.878 
    3200   319.938   319.876 
    3210   319.937   319.879 
    3220   319.940   319.879 
    3230   319.937   319.878 
    3240   319.937   319.878 
    3250   320.180   319.874 
    3260   319.937   319.878 
    3270   319.937   319.878 
    3280   319.937   319.878 
    3290   319.937   319.878 
    3300   319.942   319.879 
    3310   319.937   319.878 
    3320   319.937   319.878 
    3330   319.935   319.879 
    3340   319.937   319.878 
    3350   319.938   319.870 
    3360   319.938   319.877 
    3370   319.937   319.878 
    3380   319.937   319.885 
    3390   319.937   319.879 
    3400   319.824   319.872 
    3410   319.937   319.879 
    3420   319.937   319.878 
    3430   319.937   319.878 
    3440   319.937   319.878 
    3450   319.942   319.892 
    3460   319.938   319.877 
    3470   319.937   319.878 
    3480   319.931   319.878 
    3490   319.937   319.878 
    3500   319.937   319.875 
    3510   319.937   319.878 
    3520   319.937   319.878 
    3530   319.937   319.879 
    3540   319.937   319.879 
    3550   319.933   319.892 
    3560   319.937   319.878 
    3570   319.937   319.878 
    3580   319.937   319.879 
    3590   319.937   319.878 
    3600   319.997   319.873 
    3610   319.937   319.879 
    3620   319.937   319.879 
    3630   319.937   319.878 
    3640   319.937   319.878 
    3650   319.933   319.866 
    3660   319.927   319.885 
    3670   319.937   319.879 
    3680   319.937   319.879 
    3690   319.937   319.878 
    3700   319.928   319.883 
    3710   319.947   319.878 
    3720   319.937   319.878 
    3730   319.937   319.879 
    3740   319.937   319.878 
    3750   319.939   319.878 
    3760   319.937   319.879 
    3770   319.937   319.878 
    3780   319.937   319.879 
    3790   319.937   319.878 
    3800   319.859   319.878 
    3810   319.937   319.883 
    3820   319.937   319.878 
    3830   319.937   319.874 
    3840   319.937   319.878 
    3850   319.938   319.878 
    3860   319.937   319.878 
    3870   319.937   319.879 
    3880   319.937   319.881 
    3890   319.937   319.878 
    3900   320.350   319.878 
    3910   319.937   319.878 
    3920   319.937   319.879 
    3930   319.937   319.879 
    3940   319.937   319.878 
    3950   320.195   319.878 
    3960   319.937   319.878 
    3970   319.936   319.878 
    3980   319.937   319.879 
    3990   319.937   319.878 
    4000   319.937   319.884 
    4010   319.937   319.876 
    4020   319.937   319.877 
    4030   319.939   319.878 
    4040   319.937   319.878 
    4050   319.936   319.891 
    4060   319.938   319.878 
    4070   319.937   319.878 
    4080   319.937   319.879 
    4090   319.937   319.878 
    4100   320.147   319.888 
    4110   319.937   319.878 
    4120   319.937   319.878 
    4130   319.935   319.878 
    4140   319.937   319.878 
    4150   319.941   319.915 
    4160   319.937   319.880 
    4170   319.937   319.878 
    4180   319.937   319.878 
    4190   319.937   319.879 
    4200   319.944   319.864 
    4210   319.937   319.879 
    4220   319.937   319.878 
    4230   319.937   319.878 
    4240   319.937   319.879 
    4250   319.934   319.878 
    4260   319.937   319.878 
    4270   319.937   319.878 
    4280   319.937   319.877 
    4290   319.938   319.879 
    4300   319.931   319.878 
    4310   319.937   319.878 
    4320   319.937   319.879 
    4330   319.937   319.877 
    4340   319.937   319.879 
    4350   319.938   319.879 
    4360   319.938   319.879 
    4370   319.935   319.879 
    4380   319.938   319.877 
    4390   319.937   319.879 
    4400   319.918   319.879 
    4410   319.938   319.878 
    4420   319.937   319.879 
    4430   319.937   319.878 
    4440   319.937   319.878 
    4450   319.929   319.879 
    4460   319.937   319.879 
    4470   319.937   319.879 
    4480   319.937   319.882 
    4490   319.937   319.878 
    4500   319.863   319.890 
    4510   319.947   319.878 
    4520   319.937   319.878 
    4530   319.937   319.881 
    4540   319.937   319.879 
    4550   319.933   319.879 
    4560   319.937   319.878 
    4570   319.937   319.879 
    4580   319.937   319.880 
    4590   319.937   319.878 
    4600   319.933   319.879 
    4610   319.937   319.878 
    4620   319.937   319.879 
    4630   319.937   319.880 
    4640   319.937   319.879 
    4650   319.896   319.878 
    4660   319.937   319.879 
    4670   319.937   319.879 
    4680   319.936   319.863 
    4690   319.937   319.879 
    4700   319.979   319.871 
    4710   319.937   319.879 
    4720   319.937   319.879 
    4730   319.942   319.879 
    4740   319.937   319.879 
    4750   319.937   319.884 
    4760   319.937   319.879 
    4770   319.937   319.879 
    4780   319.936   319.874 
    4790   319.935   319.879 
    4800   319.937   319.875 
    4810   319.937   319.879 
    4820   319.937   319.879 
    4830   319.936   319.879 
    4840   319.937   319.878 
    4850   320.176   319.885 
    4860   319.937   319.879 
    4870   319.937   319.879 
    4880   319.937   319.879 
    4890   319.937   319.879 
    4900   320.231   319.878 
    4910   319.937   319.877 
    4920   319.937   319.878 
    4930   319.937   319.878 
    4940   319.937   319.878 
    4950   319.952   319.844 
    4960   319.961   319.878 
    4970   319.938   319.879 
    4980   319.937   319.878 
    4990   319.937   319.879 
    5000   319.826   319.879 
    5010   319.938   319.879 
    5020   319.937   319.879 
    5030   319.937   319.883 
    5040   319.943   319.879 
    5050   319.935   319.879 
    5060   319.937   319.878 
    5070   319.937   319.879 
    5080   319.937   319.882 
    5090   319.937   319.879 
    5100   320.015   319.879 
    5110   319.937   319.878 
    5120   319.937   319.879 
    5130   319.937   319.873 
    5140   319.937   319.879 
    5150   320.073   319.875 
    5160   319.937   319.879 
    5170   319.937   319.879 
    5180   319.936   319.870 
    5190   319.937   319.879 
    5200   319.934   319.841 
    5210   319.954   319.879 
    5220   319.937   319.879 
    5230   319.936   319.879 
    5240   319.937   319.879 
    5250   319.938   319.870 
    5260   319.960   319.879 
    5270   319.937   319.878 
    5280   319.937   319.874 
    5290   319.937   319.879 
    5300   320.477   319.880 
    5310   319.937   319.879 
    5320   319.937   319.879 
    5330   319.937   319.877 
    5340   319.937   319.879 
    5350   320.029   319.878 
    5360   319.937   319.879 
    5370   319.937   319.879 
    5380   319.936   319.877 
    5390   319.937   319.879 
    5400   319.879   319.880 
    5410   319.937   319.881 
    5420   319.937   319.878 
    5430   319.937   319.879 
    5440   319.937   319.878 
    5450   320.290   319.876 
    5460   319.937   319.879 
    5470   319.937   319.879 
    5480   319.936   319.878 
    5490   319.937   319.879 
    5500   319.942   319.873 
    5510   319.937   319.879 
    5520   319.937   319.879 
    5530   319.936   319.903 
    5540   319.937   319.881 
    5550   319.938   319.879 
    5560   319.937   319.878 
    5570   319.937   319.879 
    5580   319.937   319.897 
    5590   319.937   319.879 
    5600   319.937   319.879 
    5610   319.937   319.879 
    5620   319.937   319.879 
    5630   319.937   319.875 
    5640   319.936   319.878 
    5650   320.188   319.879 
    5660   319.937   319.879 
    5670   319.937   319.878 
    5680   319.937   319.879 
    5690   319.937   319.879 
    5700   319.949   319.877 
    5710   319.937   319.879 
    5720   319.937   319.879 
    5730   319.937   319.884 
    5740   319.937   319.879 
    5750   319.932   319.878 
    5760   319.937   319.878 
    5770   319.937   319.879 
    5780   319.937   319.880 
    5790   319.937   319.878 
    5800   319.846   319.880 
    5810   319.937   319.879 
    5820   319.937   319.879 
    5830   319.936   319.879 
    5840   319.937   319.879 
    5850   319.783   319.905 
    5860   319.939   319.878 
    5870   319.938   319.879 
    5880   319.936   319.890 
    5890   319.936   319.879 
    5900   319.936   319.906 
    5910   319.938   319.878 
    5920   319.937   319.879 
    5930   319.937   319.878 
    5940   319.940   319.880 
    5950   319.902   319.875 
    5960   319.937   319.879 
    5970   319.937   319.879 
    5980   319.937   319.878 
    5990   319.937   319.879 
    6000   319.938   319.879 
    6010   319.937   319.879 
    6020   319.937   319.879 
    6030   319.937   319.879 
    6040   319.937   319.878 
    6050   319.932   319.879 
    6060   319.937   319.879 
    6070   319.937   319.879 
    6080   319.937   319.878 
    6090   319.937   319.879 
    6100   319.936   319.878 
    6110   319.937   319.879 
    6120   319.937   319.879 
    6130   319.937   319.880 
    6140   319.937   319.878 
    6150   319.984   319.881 
    6160   319.937   319.878 
    6170   319.937   319.879 
    6180   319.937   319.888 
    6190   319.937   319.878 
    6200   319.940   319.879 
    6210   319.937   319.878 
    6220   319.937   319.878 
    6230   319.937   319.878 
    6240   319.937   319.879 
    6250   319.929   319.879 
    6260   319.937   319.879 
    6270   319.937   319.879 
    6280   319.937   319.872 
    6290   319.936   319.879 
    6300   319.938   319.875 
    6310   319.937   319.879 
    6320   319.937   319.879 
    6330   319.936   319.889 
    6340   319.937   319.879 
    6350   319.943   319.879 
    6360   319.937   319.879 
    6370   319.937   319.879 
    6380   319.937   319.880 
    6390   319.937   319.879 
    6400   319.773   319.885 
    6410   319.937   319.878 
    6420   319.937   319.879 
    6430   319.937   319.879 
    6440   319.937   319.879 
    6450   319.931   319.892 
    6460   319.937   319.878 
    6470   319.937   319.879 
    6480   319.940   319.879 
    6490   319.937   319.879 
    6500   319.937   319.872 
    6510   319.937   319.877 
    6520   319.937   319.878 
    6530   319.936   319.876 
    6540   319.937   319.879 
    6550   319.894   319.886 
    6560   319.937   319.881 
    6570   319.937   319.878 
    6580   319.937   319.879 
    6590   319.937   319.879 
    6600   319.933   319.886 
    6610   319.938   319.878 
    6620   319.937   319.879 
    6630   319.937   319.878 
    6640   319.937   319.879 
    6650   319.794   319.878 
    6660   319.937   319.879 
    6670   319.937   319.879 
    6680   319.937   319.877 
    6690   319.937   319.879 
    6700   319.938   319.878 
    6710   319.937   319.878 
    6720   319.937   319.879 
    6730   319.937   319.890 
    6740   319.937   319.879 
    6750   319.937   319.879 
    6760   319.937   319.878 
    6770   319.937   319.879 
    6780   319.937   319.878 
    6790   319.937   319.879 
    6800   319.736   319.860 
    6810   319.939   319.878 
    6820   319.937   319.879 
    6830   319.935   319.879 
    6840   319.937   319.879 
    6850   319.932   319.882 
    6860   319.937   319.877 
    6870   319.937   319.878 
    6880   319.940   319.878 
    6890   319.937   319.879 
    6900   319.939   319.876 
    6910   319.938   319.877 
    6920   319.937   319.879 
    6930   319.940   319.879 
    6940   319.937   319.879 
    6950   319.943   319.870 
    6960   319.937   319.879 
    6970   319.937   319.879 
    6980   319.937   319.868 
    6990   319.937   319.878 
    7000   319.968   319.877 
    7010   319.937   319.877 
    7020   319.937   319.878 
    7030   319.927   319.878 
    7040   319.937   319.878 
    7050   319.928   319.892 
    7060   319.937   319.878 
    7070   319.937   319.879 
    7080   319.940   319.879 
    7090   319.937   319.879 
    7100   319.938   319.887 
    7110   319.937   319.879 
    7120   319.937   319.879 
    7130   319.937   319.881 
    7140   319.938   319.878 
    7150   319.949   319.887 
    7160   319.937   319.878 
    7170   319.937   319.879 
    7180   319.938   319.879 
    7190   319.937   319.879 
    7200   319.933   319.883 
    7210   319.937   319.878 
    7220   319.937   319.879 
    7230   319.938   319.879 
    7240   319.937   319.878 
    7250   319.943   319.921 
    7260   319.938   319.878 
    7270   319.937   319.879 
    7280   319.938   319.879 
    7290   319.937   319.879 
    7300   319.932   319.877 
    7310   319.937   319.878 
    7320   319.928   319.879 
    7330   319.936   319.879 
    7340   319.941   319.877 
    7350   319.927   319.883 
    7360   319.937   319.879 
    7370   319.937   319.879 
    7380   319.937   319.864 
    7390   319.937   319.878 
    7400   320.216   319.878 
    7410   319.937   319.878 
    7420   319.937   319.879 
    7430   319.937   319.878 
    7440   319.937   319.879 
    7450   319.930   319.875 
    7460   319.937   319.879 
    7470   319.937   319.879 
    7480   319.937   319.891 
    7490   319.937   319.879 
    7500   320.096   319.879 
    7510   319.937   319.878 
    7520   319.937   319.878 
    7530   319.938   319.872 
    7540   319.935   319.878 
    7550   319.938   319.878 
    7560   319.937   319.879 
    7570   319.937   319.879 
    7580   319.937   319.878 
    7590   319.937   319.879 
    7600   320.077   319.880 
    7610   319.937   319.879 
    7620   319.937   319.879 
    7630   319.937   319.874 
    7640   319.938   319.878 
    7650   319.909   319.876 
    7660   319.937   319.879 
    7670   319.937   319.879 
    7680   319.937   319.874 
    7690   319.937   319.879 
    7700   319.928   319.881 
    7710   319.938   319.877 
    7720   319.937   319.879 
    7730   319.937   319.881 
    7740   319.937   319.879 
    7750   319.665   319.879 
    7760   319.938   319.878 
    7770   319.937   319.879 
    7780   319.937   319.879 
    7790   319.937   319.879 
    7800   319.971   319.882 
    7810   319.937   319.885 
    7820   319.937   319.878 
    7830   319.937   319.885 
    7840   319.937   319.879 
    7850   319.801   319.879 
    7860   319.937   319.879 
    7870   319.937   319.879 
    7880   319.937   319.881 
    7890   319.937   319.879 
    7900   319.835   319.873 
    7910   319.937   319.878 
    7920   319.937   319.879 
    7930   319.937   319.876 
    7940   319.937   319.879 
    7950   319.938   319.900 
    7960   319.937   319.881 
    7970   319.937   319.879 
    7980   319.937   319.879 
    7990   319.937   319.879 
    8000   319.942   319.879 
    8010   319.937   319.879 
    8020   319.937   319.879 
    8030   319.938   319.877 
    8040   319.937   319.879 
    8050   319.946   319.879 
    8060   319.937   319.879 
    8070   319.937   319.879 
    8080   319.937   319.871 
    8090   319.937   319.879 
    8100   319.948   319.879 
    8110   319.937   319.879 
    8120   319.937   319.879 
    8130   319.939   319.850 
    8140   319.943   319.879 
    8150   319.932   319.879 
    8160   319.937   319.878 
    8170   319.937   319.878 
    8180   319.937   319.878 
    8190   319.937   319.879 
    8200   319.914   319.881 
    8210   319.937   319.879 
    8220   319.937   319.879 
    8230   319.937   319.879 
    8240   319.937   319.879 
    8250   319.894   319.871 
    8260   319.937   319.879 
    8270   319.937   319.878 
    8280   319.937   319.879 
    8290   319.938   319.871 
    8300   319.938   319.878 
    8310   319.937   319.879 
    8320   319.937   319.879 
    8330   319.937   319.879 
    8340   319.937   319.879 
    8350   319.926   319.870 
    8360   319.937   319.879 
    8370   319.937   319.879 
    8380   319.937   319.878 
    8390   319.937   319.879 
    8400   319.915   319.876 
    8410   319.937   319.878 
    8420   319.937   319.879 
    8430   319.937   319.880 
    8440   319.937   319.878 
    8450   319.939   319.879 
    8460   319.937   319.879 
    8470   319.937   319.879 
    8480   319.937   319.877 
    8490   319.937   319.879 
    8500   319.651   319.879 
    8510   319.937   319.879 
    8520   319.937   319.879 
    8530   319.937   319.881 
    8540   319.937   319.879 
    8550   319.955   319.873 
    8560   319.937   319.876 
    8570   319.937   319.880 
    8580   319.940   319.879 
    8590   319.937   319.879 
    8600   319.939   319.884 
    8610   319.937   319.881 
    8620   319.937   319.878 
    8630   319.937   319.877 
    8640   319.936   319.879 
    8650   319.941   319.873 
    8660   319.937   319.878 
    8670   319.937   319.879 
    8680   319.936   319.889 
    8690   319.938   319.878 
    8700   319.935   319.878 
    8710   319.937   319.878 
    8720   319.937   319.879 
    8730   319.937   319.876 
    8740   319.937   319.879 
    8750   319.917   319.876 
    8760   319.937   319.877 
    8770   319.937   319.879 
    8780   319.937   319.879 
    8790   319.937   319.878 
    8800   319.931   319.879 
    8810   319.937   319.879 
    8820   319.937   319.878 
    8830   319.937   319.878 
    8840   319.937   319.879 
    8850   320.151   319.879 
    8860   319.937   319.879 
    8870   319.937   319.879 
    8880   319.937   319.877 
    8890   319.937   319.879 
    8900   319.996   319.875 
    8910   319.939   319.881 
    8920   319.937   319.879 
    8930   319.935   319.869 
    8940   319.937   319.879 
    8950   319.942   319.879 
    8960   319.937   319.878 
    8970   319.937   319.879 
    8980   319.937   319.876 
    8990   319.937   319.879 
    9000   320.290   319.878 
    9010   319.937   319.878 
    9020   319.937   319.878 
    9030   319.937   319.878 
    9040   319.937   319.879 
    9050   319.864   319.910 
    9060   319.959   319.878 
    9070   319.937   319.879 
    9080   319.937   319.878 
    9090   319.937   319.878 
    9100   319.918   319.879 
    9110   319.937   319.878 
    9120   319.937   319.879 
    9130   319.937   319.895 
    9140   319.937   319.879 
    9150   319.936   319.879 
    9160   319.937   319.879 
    9170   319.937   319.878 
    9180   319.937   319.879 
    9190   319.937   319.879 
    9200   320.236   319.870 
    9210   319.937   319.879 
    9220   319.937   319.879 
    9230   319.937   319.879 
    9240   319.937   319.878 
    9250   319.773   319.879 
    9260   319.937   319.879 
    9270   319.937   319.879 
    9280   319.937   319.882 
    9290   319.937   319.879 
    9300   319.985   319.849 
    9310   319.884   319.861 
    9320   319.937   319.878 
    9330   319.939   319.871 
    9340   319.938   319.879 
    9350   319.932   319.878 
    9360   319.937   319.878 
    9370   319.937   319.879 
    9380   319.936   319.876 
    9390   319.937   319.879 
    9400   319.986   319.927 
    9410   319.954   319.879 
    9420   319.937   319.879 
    9430   319.937   319.878 
    9440   319.937   319.879 
    9450   319.949   319.879 
    9460   319.937   319.879 
    9470   319.937   319.879 
    9480   319.937   319.879 
    9490   319.937   319.879 
    9500   319.932   319.883 
    9510   319.942   319.879 
    9520   319.937   319.879 
    9530   319.937   319.876 
    9540   319.937   319.879 
    9550   319.944   319.884 
    9560   319.937   319.879 
    9570   319.937   319.879 
    9580   319.937   319.880 
    9590   319.936   319.878 
    9600   319.938   319.883 
    9610   319.937   319.878 
    9620   319.937   319.879 
    9630   319.936   319.869 
    9640   319.937   319.879 
    9650   319.933   319.879 
    9660   319.937   319.879 
    9670   319.937   319.879 
    9680   319.938   319.855 
    9690   319.938   319.879 
    9700   319.905   319.880 
    9710   319.937   319.881 
    9720   319.937   319.879 
    9730   319.937   319.884 
    9740   319.937   319.879 
    9750   319.765   319.879 
    9760   319.937   319.879 
    9770   319.937   319.879 
    9780   319.935   319.877 
    9790   319.937   319.879 
    9800   319.941   319.887 
    9810   319.937   319.877 
    9820   319.937   319.877 
    9830   319.939   319.879 
    9840   319.937   319.879 
    9850   319.937   319.949 
    9860   319.948   319.878 
    9870   319.937   319.878 
    9880   319.937   319.877 
    9890   319.937   319.879 
    9900   319.888   319.873 
    9910   319.937   319.878 
    9920   319.937   319.879 
    9930   319.937   319.879 
    9940   319.937   319.878 
    9950   319.927   319.879 
    9960   319.937   319.879 
    9970   319.937   319.878 
    9980   319.937   319.879 
    9990   319.937   319.879 
   10000   319.937   319.879 
