       0    84.946    84.950 
      10    90.352    90.672 
      20    89.901    89.903 
      30    89.951    89.950 
      40    89.960    89.951 
      50    89.964    89.948 
      60    89.943    89.943 
      70    89.948    89.937 
      80    89.947    89.951 
      90    89.945    89.950 
     100    90.011    89.923 
     110    89.955    89.951 
     120    89.947    89.951 
     130    89.948    89.949 
     140    89.936    89.947 
     150    89.950    89.942 
     160    89.946    89.949 
     170    89.910    89.905 
     180    89.948    89.951 
     190    89.948    89.951 
     200    89.950    89.954 
     210    89.948    89.951 
     220    89.984    89.885 
     230    89.948    89.953 
     240    89.947    89.951 
     250    89.947    89.959 
     260    89.821    89.945 
     270    89.948    89.952 
     280    89.949    89.951 
     290    89.948    89.952 
     300    89.977    89.981 
     310    89.948    89.952 
     320    89.943    89.956 
     330    89.950    89.955 
     340    89.949    89.952 
     350    89.970    89.954 
     360    89.948    89.953 
     370    89.948    89.951 
     380    89.951    89.951 
     390    89.949    89.953 
     400    89.537    90.520 
     410    89.949    89.953 
     420    89.949    89.954 
     430    89.949    89.960 
     440    89.952    89.954 
     450    89.944    89.954 
     460    89.950    89.954 
     470    89.952    89.952 
     480    89.950    89.952 
     490    89.946    89.952 
     500    89.948    89.957 
     510    89.949    89.954 
     520    89.949    89.955 
     530    89.949    89.945 
     540    89.992    89.951 
     550    89.945    89.955 
     560    89.948    89.949 
     570    89.949    89.950 
     580    89.948    89.955 
     590    89.949    89.954 
     600    89.963    89.973 
     610    89.949    89.954 
     620    89.949    89.955 
     630    89.950    89.950 
     640    89.935    89.954 
     650    89.951    89.955 
     660    89.949    89.951 
     670    89.949    89.954 
     680    89.949    89.956 
     690    89.949    89.955 
     700    90.007    89.980 
     710    89.949    89.955 
     720    89.949    89.955 
     730    89.950    89.963 
     740    89.955    89.956 
     750    89.967    89.960 
     760    89.950    89.957 
     770    89.953    89.959 
     780    89.948    89.956 
     790    89.949    89.958 
     800    89.949    89.956 
     810    89.950    89.957 
     820    89.950    89.957 
     830    89.951    89.955 
     840    89.950    89.957 
     850    89.949    89.962 
     860    89.950    89.957 
     870    89.949    89.957 
     880    89.949    89.958 
     890    89.951    89.958 
     900    89.950    89.956 
     910    89.950    89.958 
     920    89.949    89.958 
     930    89.948    89.956 
     940    89.948    89.956 
     950    89.952    89.961 
     960    89.950    89.958 
     970    89.948    89.963 
     980    89.946    89.956 
     990    89.985    89.880 
    1000    89.950    89.959 
    1010    89.950    89.958 
    1020    89.951    89.958 
    1030    89.947    89.956 
    1040    90.031    89.841 
    1050    89.954    89.952 
    1060    89.951    89.961 
    1070    89.950    89.959 
    1080    89.950    89.959 
    1090    89.950    89.959 
    1100    89.948    89.954 
    1110    89.950    89.958 
    1120    89.950    89.959 
    1130    89.952    89.958 
    1140    89.943    89.918 
    1150    89.949    89.952 
    1160    89.950    89.959 
    1170    89.950    89.959 
    1180    89.948    89.955 
    1190    89.951    89.958 
    1200    89.739    90.147 
    1210    89.950    89.959 
    1220    89.950    89.959 
    1230    89.950    89.958 
    1240    89.952    89.956 
    1250    89.952    89.956 
    1260    89.950    89.959 
    1270    89.950    89.959 
    1280    89.950    89.959 
    1290    89.947    89.959 
    1300    89.897    89.950 
    1310    89.950    89.960 
    1320    89.947    89.967 
    1330    89.920    89.979 
    1340    89.951    89.959 
    1350    88.766    93.254 
    1360    89.950    89.960 
    1370    89.948    89.937 
    1380    89.937    89.963 
    1390    89.945    89.961 
    1400    90.054    89.943 
    1410    89.950    89.960 
    1420    89.950    89.960 
    1430    89.953    89.960 
    1440    89.950    89.961 
    1450    89.923    89.782 
    1460    89.950    89.961 
    1470    89.950    89.961 
    1480    89.950    89.958 
    1490    89.950    89.961 
    1500    89.908    89.972 
    1510    89.950    89.961 
    1520    89.950    89.961 
    1530    89.950    89.961 
    1540    89.949    89.961 
    1550    89.889    89.936 
    1560    89.950    89.961 
    1570    89.950    89.961 
    1580    89.950    89.960 
    1590    89.950    89.961 
    1600    89.951    89.959 
    1610    89.948    89.961 
    1620    89.950    89.961 
    1630    89.951    89.966 
    1640    89.949    89.961 
    1650    90.309    89.932 
    1660    89.950    89.961 
    1670    89.947    89.962 
    1680    89.950    89.961 
    1690    89.950    89.962 
    1700    89.955    89.973 
    1710    89.950    89.961 
    1720    89.950    89.961 
    1730    89.949    89.963 
    1740    89.950    89.961 
    1750    89.998    90.069 
    1760    89.950    89.961 
    1770    89.950    89.961 
    1780    89.950    89.966 
    1790    89.951    89.962 
    1800    89.525    89.951 
    1810    89.950    89.962 
    1820    89.950    89.962 
    1830    89.949    89.959 
    1840    89.949    89.962 
    1850    89.935    89.979 
    1860    89.951    89.961 
    1870    89.950    89.962 
    1880    89.950    89.960 
    1890    89.950    89.962 
    1900    89.932    89.951 
    1910    89.951    89.961 
    1920    89.945    89.966 
    1930    89.950    89.962 
    1940    89.956    89.962 
    1950    89.954    89.962 
    1960    89.950    89.945 
    1970    89.950    89.962 
    1980    89.950    89.963 
    1990    89.950    89.962 
    2000    89.762    89.962 
    2010    89.950    89.962 
    2020    89.950    89.962 
    2030    89.950    89.962 
    2040    89.956    89.962 
    2050    89.944    89.960 
    2060    89.950    89.962 
    2070    89.951    89.961 
    2080    89.950    89.962 
    2090    89.949    89.962 
    2100    89.946    89.963 
    2110    89.950    89.962 
    2120    89.950    89.964 
    2130    89.950    89.962 
    2140    89.949    89.969 
    2150    89.946    89.960 
    2160    89.950    89.962 
    2170    89.952    89.964 
    2180    89.948    89.962 
    2190    89.950    89.962 
    2200    89.953    89.940 
    2210    89.950    89.963 
    2220    89.950    89.962 
    2230    89.949    89.963 
    2240    89.946    89.901 
    2250    89.950    89.964 
    2260    89.950    89.963 
    2270    89.951    89.963 
    2280    89.950    89.963 
    2290    89.950    89.963 
    2300    89.954    90.014 
    2310    89.950    89.963 
    2320    89.950    89.963 
    2330    89.950    89.963 
    2340    89.949    90.033 
    2350    89.950    89.964 
    2360    89.952    89.963 
    2370    89.950    89.963 
    2380    89.952    89.978 
    2390    89.950    89.962 
    2400    89.978    89.979 
    2410    89.950    89.963 
    2420    89.950    89.963 
    2430    89.950    89.964 
    2440    89.950    89.963 
    2450    89.949    90.121 
    2460    89.950    89.963 
    2470    89.947    90.036 
    2480    89.953    89.945 
    2490    89.939    89.961 
    2500    89.867    90.038 
    2510    89.954    89.966 
    2520    89.950    89.963 
    2530    89.950    89.966 
    2540    89.950    89.963 
    2550    89.950    89.952 
    2560    89.950    89.963 
    2570    89.950    89.963 
    2580    89.949    89.971 
    2590    89.950    89.962 
    2600    89.950    89.964 
    2610    89.950    89.963 
    2620    89.950    89.963 
    2630    89.947    89.964 
    2640    89.950    89.964 
    2650    89.956    89.993 
    2660    89.951    89.964 
    2670    89.950    89.964 
    2680    89.924    89.966 
    2690    89.954    89.964 
    2700    89.896    89.968 
    2710    89.950    89.964 
    2720    89.950    89.964 
    2730    89.949    89.963 
    2740    89.950    89.964 
    2750    89.955    89.946 
    2760    89.950    89.964 
    2770    89.950    89.964 
    2780    89.982    90.030 
    2790    89.950    89.963 
    2800    89.949    89.960 
    2810    89.950    89.964 
    2820    89.950    89.964 
    2830    89.943    90.013 
    2840    89.950    89.964 
    2850    89.955    89.965 
    2860    89.950    89.964 
    2870    89.951    89.963 
    2880    89.948    89.968 
    2890    89.950    89.964 
    2900    89.964    89.981 
    2910    89.950    89.964 
    2920    89.950    89.964 
    2930    89.950    89.961 
    2940    89.949    89.964 
    2950    89.951    89.963 
    2960    89.950    89.964 
    2970    89.950    89.964 
    2980    89.950    89.965 
    2990    89.965    89.963 
    3000    89.947    89.965 
    3010    89.950    89.964 
    3020    89.950    89.964 
    3030    89.949    89.964 
    3040    89.950    89.964 
    3050    89.966    89.970 
    3060    89.950    89.964 
    3070    89.950    89.964 
    3080    89.950    89.966 
    3090    89.949    89.964 
    3100    89.998    89.955 
    3110    89.950    89.965 
    3120    89.950    89.964 
    3130    89.950    89.967 
    3140    89.949    89.964 
    3150    93.367    89.354 
    3160    89.931    89.951 
    3170    89.950    89.962 
    3180    89.949    89.965 
    3190    89.950    89.964 
    3200    89.962    89.920 
    3210    89.950    89.965 
    3220    89.952    89.965 
    3230    89.953    89.962 
    3240    89.949    89.965 
    3250    89.953    89.979 
    3260    89.950    89.965 
    3270    89.952    89.964 
    3280    89.950    89.965 
    3290    89.950    89.965 
    3300    89.899    89.957 
    3310    89.950    89.965 
    3320    89.950    89.964 
    3330    89.947    89.964 
    3340    89.951    89.921 
    3350    89.950    89.972 
    3360    89.962    89.965 
    3370    89.950    89.965 
    3380    89.950    89.965 
    3390    89.950    89.964 
    3400    89.952    89.965 
    3410    89.950    89.965 
    3420    89.950    89.965 
    3430    90.004    89.936 
    3440    89.943    89.953 
    3450    89.906    90.013 
    3460    89.950    89.965 
    3470    89.950    89.965 
    3480    89.946    89.962 
    3490    89.950    89.965 
    3500    89.961    89.935 
    3510    89.950    89.965 
    3520    89.950    89.965 
    3530    89.946    89.966 
    3540    89.950    89.965 
    3550    89.954    90.008 
    3560    89.950    89.965 
    3570    89.950    89.965 
    3580    89.949    89.963 
    3590    89.949    89.965 
    3600    89.951    89.959 
    3610    89.950    89.965 
    3620    89.950    89.965 
    3630    89.947    89.981 
    3640    89.950    89.965 
    3650    89.964    89.965 
    3660    89.950    89.965 
    3670    89.950    89.965 
    3680    89.950    89.970 
    3690    89.948    89.965 
    3700    90.004    89.938 
    3710    89.950    89.966 
    3720    89.945    89.964 
    3730    89.950    89.966 
    3740    89.949    89.965 
    3750    90.005    89.964 
    3760    89.950    89.965 
    3770    89.950    89.965 
    3780    89.949    89.964 
    3790    89.950    89.966 
    3800    89.945    89.948 
    3810    89.950    89.965 
    3820    89.950    89.965 
    3830    89.944    89.960 
    3840    89.949    89.966 
    3850    89.955    89.965 
    3860    89.950    89.965 
    3870    89.950    89.965 
    3880    89.949    89.967 
    3890    89.950    89.965 
    3900    89.947    89.966 
    3910    89.950    89.965 
    3920    89.950    89.965 
    3930    89.949    89.967 
    3940    89.949    89.966 
    3950    89.949    89.966 
    3960    89.950    89.965 
    3970    89.950    89.966 
    3980    89.959    89.972 
    3990    89.949    89.966 
    4000    89.934    90.036 
    4010    89.950    89.966 
    4020    89.950    89.966 
    4030    89.950    89.966 
    4040    89.949    89.966 
    4050    89.962    89.953 
    4060    89.949    89.966 
    4070    89.950    89.966 
    4080    89.950    89.962 
    4090    89.949    89.966 
    4100    89.899    89.943 
    4110    89.949    89.966 
    4120    89.950    89.965 
    4130    89.949    89.966 
    4140    89.950    89.966 
    4150    89.901    89.960 
    4160    89.950    89.966 
    4170    89.949    89.966 
    4180    89.950    89.964 
    4190    89.949    89.966 
    4200    89.952    89.954 
    4210    89.949    89.966 
    4220    89.949    89.966 
    4230    89.948    89.962 
    4240    89.949    89.966 
    4250    89.947    89.970 
    4260    89.949    89.966 
    4270    89.948    89.966 
    4280    89.927    89.969 
    4290    89.950    89.967 
    4300    89.985    90.527 
    4310    89.949    89.966 
    4320    89.949    89.966 
    4330    89.949    89.959 
    4340    89.949    89.966 
    4350    90.277    89.968 
    4360    89.950    89.966 
    4370    89.949    89.966 
    4380    89.950    89.967 
    4390    89.949    89.966 
    4400    89.951    89.965 
    4410    89.949    89.966 
    4420    89.949    89.966 
    4430    89.953    89.964 
    4440    89.949    89.965 
    4450    89.951    89.972 
    4460    89.949    89.966 
    4470    89.949    89.966 
    4480    89.945    89.964 
    4490    89.949    89.966 
    4500    89.955    89.949 
    4510    89.949    89.966 
    4520    89.949    89.966 
    4530    89.949    89.968 
    4540    89.950    89.966 
    4550    89.944    89.966 
    4560    89.949    89.966 
    4570    89.949    89.966 
    4580    89.949    89.966 
    4590    89.949    89.966 
    4600    89.951    89.951 
    4610    89.950    89.988 
    4620    89.949    89.966 
    4630    89.950    89.964 
    4640    89.949    89.966 
    4650    89.904    90.039 
    4660    89.949    89.966 
    4670    89.948    89.964 
    4680    89.949    89.962 
    4690    89.950    89.966 
    4700    89.945    89.966 
    4710    89.949    89.966 
    4720    89.949    89.966 
    4730    89.951    89.966 
    4740    89.949    89.966 
    4750    89.949    89.966 
    4760    89.949    89.966 
    4770    89.949    89.966 
    4780    89.949    89.965 
    4790    89.949    89.967 
    4800    89.948    89.974 
    4810    89.949    89.966 
    4820    89.949    89.966 
    4830    89.950    89.968 
    4840    89.949    89.966 
    4850    89.947    90.008 
    4860    89.949    89.966 
    4870    89.949    89.945 
    4880    89.950    89.966 
    4890    89.922    89.966 
    4900    89.943    89.966 
    4910    89.949    89.966 
    4920    89.949    89.966 
    4930    89.949    89.974 
    4940    89.950    89.980 
    4950    89.949    89.964 
    4960    89.949    89.966 
    4970    89.949    89.966 
    4980    89.948    89.970 
    4990    89.913    89.959 
    5000    89.950    89.969 
    5010    89.949    89.966 
    5020    89.949    89.966 
    5030    89.179    89.456 
    5040    89.950    89.969 
    5050    89.948    89.955 
    5060    89.949    89.967 
    5070    89.949    89.967 
    5080    89.949    89.970 
    5090    89.949    89.967 
    5100    90.001    89.956 
    5110    89.949    89.967 
    5120    89.949    89.966 
    5130    89.949    89.969 
    5140    89.950    89.967 
    5150    89.987    89.982 
    5160    89.949    89.967 
    5170    89.949    89.967 
    5180    89.949    89.966 
    5190    89.949    89.967 
    5200    89.960    89.975 
    5210    89.949    89.967 
    5220    89.949    89.967 
    5230    89.949    89.950 
    5240    89.949    89.967 
    5250    90.433    89.963 
    5260    89.949    89.967 
    5270    89.949    89.967 
    5280    89.950    89.969 
    5290    89.949    89.967 
    5300    89.929    90.015 
    5310    89.949    89.967 
    5320    89.949    89.967 
    5330    89.949    89.972 
    5340    89.949    89.967 
    5350    89.903    89.958 
    5360    89.949    89.967 
    5370    89.949    89.967 
    5380    89.949    89.962 
    5390    89.949    89.967 
    5400    89.890    89.965 
    5410    89.949    89.967 
    5420    89.948    89.967 
    5430    89.946    89.967 
    5440    89.950    89.959 
    5450    89.949    89.960 
    5460    89.949    89.967 
    5470    89.949    89.967 
    5480    89.944    89.960 
    5490    89.974    89.949 
    5500    89.949    89.968 
    5510    89.949    89.967 
    5520    89.949    89.967 
    5530    89.950    89.964 
    5540    89.879    89.948 
    5550    89.946    89.967 
    5560    89.949    89.967 
    5570    89.951    89.966 
    5580    89.949    89.968 
    5590    89.949    89.967 
    5600    90.252    90.182 
    5610    89.950    89.969 
    5620    89.950    89.968 
    5630    89.949    89.964 
    5640    89.949    89.967 
    5650    89.949    89.957 
    5660    89.949    89.967 
    5670    89.949    89.975 
    5680    89.912    89.999 
    5690    89.947    89.970 
    5700    89.948    89.965 
    5710    89.949    89.967 
    5720    89.949    89.967 
    5730    89.959    89.969 
    5740    89.950    89.961 
    5750    89.949    89.963 
    5760    89.949    89.967 
    5770    89.949    89.967 
    5780    89.949    89.965 
    5790    89.950    89.967 
    5800    89.950    89.946 
    5810    89.948    89.967 
    5820    89.949    89.967 
    5830    89.967    89.957 
    5840    89.950    89.970 
    5850    89.962    89.964 
    5860    89.949    89.968 
    5870    89.949    89.968 
    5880    89.949    89.973 
    5890    89.948    89.968 
    5900    89.948    89.967 
    5910    89.949    89.968 
    5920    89.949    89.968 
    5930    89.951    89.966 
    5940    89.956    89.982 
    5950    89.949    89.967 
    5960    89.949    89.968 
    5970    89.949    89.968 
    5980    89.949    89.969 
    5990    89.949    89.968 
    6000    89.948    89.967 
    6010    89.949    89.968 
    6020    89.949    89.968 
    6030    89.950    89.968 
    6040    89.949    89.968 
    6050    90.847    90.081 
    6060    89.949    89.968 
    6070    89.949    89.968 
    6080    89.949    89.974 
    6090    89.952    89.968 
    6100    89.949    89.970 
    6110    89.892    89.968 
    6120    89.949    89.968 
    6130    89.948    89.971 
    6140    89.949    89.968 
    6150    89.727    89.829 
    6160    89.949    89.968 
    6170    89.949    89.968 
    6180    89.949    89.972 
    6190    89.948    89.968 
    6200    89.991    89.958 
    6210    89.949    89.968 
    6220    89.949    89.968 
    6230    89.949    89.978 
    6240    89.968    89.968 
    6250    89.942    89.832 
    6260    89.949    89.968 
    6270    89.949    89.968 
    6280    89.948    89.942 
    6290    89.914    89.969 
    6300    89.949    89.968 
    6310    89.949    89.968 
    6320    89.949    89.967 
    6330    89.949    89.968 
    6340    89.949    89.968 
    6350    89.962    89.999 
    6360    89.949    89.968 
    6370    89.949    89.968 
    6380    89.949    89.966 
    6390    89.949    89.968 
    6400    90.005    89.974 
    6410    89.949    89.968 
    6420    89.949    89.966 
    6430    89.950    89.971 
    6440    89.949    89.968 
    6450    89.906    90.034 
    6460    89.949    89.968 
    6470    89.949    89.968 
    6480    89.955    89.968 
    6490    89.950    89.993 
    6500    89.949    89.966 
    6510    89.949    89.968 
    6520    89.949    89.968 
    6530    89.949    89.977 
    6540    89.949    89.968 
    6550    89.944    89.968 
    6560    89.949    89.968 
    6570    89.949    89.968 
    6580    89.950    89.968 
    6590    89.949    89.968 
    6600    89.949    89.958 
    6610    89.949    89.968 
    6620    89.949    89.968 
    6630    89.950    89.968 
    6640    89.949    89.968 
    6650    89.949    89.953 
    6660    89.937    89.968 
    6670    89.949    89.968 
    6680    89.748    89.614 
    6690    89.949    89.968 
    6700    89.947    89.962 
    6710    89.949    89.968 
    6720    89.949    89.968 
    6730    89.954    89.963 
    6740    89.953    89.973 
    6750    89.949    89.963 
    6760    89.949    89.968 
    6770    89.949    89.968 
    6780    89.948    89.970 
    6790    89.948    89.969 
    6800    89.976    89.948 
    6810    89.939    89.968 
    6820    89.949    89.968 
    6830    89.946    89.963 
    6840    89.957    89.964 
    6850    89.952    89.964 
    6860    89.949    89.968 
    6870    89.948    89.969 
    6880    89.948    89.968 
    6890    89.949    89.968 
    6900    89.991    89.988 
    6910    89.949    89.969 
    6920    89.949    89.968 
    6930    89.949    89.975 
    6940    89.949    89.968 
    6950    89.948    89.968 
    6960    89.949    89.968 
    6970    89.949    89.968 
    6980    89.952    89.966 
    6990    89.943    89.962 
    7000    89.948    89.966 
    7010    89.949    89.968 
    7020    89.948    89.969 
    7030    89.949    89.970 
    7040    89.954    89.969 
    7050    89.945    89.966 
    7060    89.948    89.969 
    7070    89.935    89.968 
    7080    89.949    89.968 
    7090    89.971    89.969 
    7100    89.916    89.970 
    7110    89.949    89.969 
    7120    89.949    89.969 
    7130    89.947    89.976 
    7140    89.947    89.968 
    7150    90.004    89.997 
    7160    89.948    89.969 
    7170    89.948    89.969 
    7180    89.948    89.975 
    7190    89.948    89.969 
    7200    89.561    89.969 
    7210    89.949    89.969 
    7220    89.930    89.968 
    7230    89.949    89.969 
    7240    89.949    89.969 
    7250    89.943    89.969 
    7260    89.948    89.969 
    7270    89.948    89.968 
    7280    89.949    89.969 
    7290    89.948    89.971 
    7300    89.948    89.972 
    7310    89.949    89.969 
    7320    89.948    89.969 
    7330    89.948    89.967 
    7340    89.932    89.957 
    7350    89.948    89.968 
    7360    89.948    89.969 
    7370    89.948    89.969 
    7380    89.945    89.969 
    7390    89.949    89.949 
    7400    89.949    89.971 
    7410    89.948    89.969 
    7420    89.948    89.969 
    7430    89.948    89.972 
    7440    89.948    89.969 
    7450    89.962    89.984 
    7460    89.948    89.969 
    7470    89.948    89.969 
    7480    89.948    89.970 
    7490    89.948    89.969 
    7500    89.962    89.968 
    7510    89.948    89.969 
    7520    89.942    89.927 
    7530    89.950    89.969 
    7540    89.948    89.958 
    7550    89.949    89.977 
    7560    89.943    89.969 
    7570    89.948    89.969 
    7580    89.854    89.984 
    7590    89.949    89.970 
    7600    89.954    89.963 
    7610    89.948    89.969 
    7620    89.948    89.969 
    7630    89.943    89.971 
    7640    89.942    89.956 
    7650    89.951    89.967 
    7660    89.948    89.969 
    7670    89.948    89.969 
    7680    89.948    89.965 
    7690    89.949    89.969 
    7700    89.999    89.995 
    7710    89.948    89.969 
    7720    89.948    89.969 
    7730    89.948    89.966 
    7740    89.948    89.969 
    7750    90.195    90.132 
    7760    89.948    89.969 
    7770    89.948    89.969 
    7780    89.948    89.969 
    7790    89.948    89.959 
    7800    89.948    89.962 
    7810    89.948    89.969 
    7820    89.948    89.969 
    7830    89.949    89.972 
    7840    89.933    89.966 
    7850    89.946    89.967 
    7860    89.948    89.969 
    7870    89.948    89.969 
    7880    89.948    89.969 
    7890    89.948    89.969 
    7900    91.790    89.971 
    7910    89.948    89.969 
    7920    89.948    89.969 
    7930    89.951    89.986 
    7940    89.949    89.969 
    7950    89.949    89.972 
    7960    89.948    89.970 
    7970    89.948    89.969 
    7980    89.958    89.968 
    7990    89.950    89.988 
    8000    89.948    89.967 
    8010    89.878    89.969 
    8020    89.948    89.969 
    8030    89.947    89.967 
    8040    89.939    89.967 
    8050    89.949    89.970 
    8060    89.948    89.969 
    8070    89.949    89.969 
    8080    89.952    89.969 
    8090    89.945    89.945 
    8100    89.949    89.977 
    8110    89.943    89.969 
    8120    89.948    89.969 
    8130    89.691    90.168 
    8140    89.950    89.970 
    8150    89.952    89.973 
    8160    89.948    89.969 
    8170    89.948    89.969 
    8180    89.941    89.970 
    8190    89.947    89.963 
    8200    89.949    89.980 
    8210    89.948    89.969 
    8220    89.948    89.969 
    8230    89.949    89.970 
    8240    89.948    89.970 
    8250    89.946    89.968 
    8260    89.948    89.970 
    8270    89.948    89.970 
    8280    89.947    89.968 
    8290    89.948    89.970 
    8300    89.969    89.983 
    8310    89.948    89.970 
    8320    89.948    89.970 
    8330    89.948    89.967 
    8340    89.948    89.970 
    8350    89.698    89.970 
    8360    89.948    89.970 
    8370    89.948    89.970 
    8380    89.948    89.970 
    8390    89.948    89.970 
    8400    89.967    89.796 
    8410    89.948    89.973 
    8420    89.948    89.953 
    8430    89.929    89.952 
    8440    89.950    89.968 
    8450    89.906    89.800 
    8460    89.948    89.970 
    8470    89.948    89.970 
    8480    89.948    89.973 
    8490    89.948    89.970 
    8500    90.006    89.961 
    8510    89.948    89.970 
    8520    89.948    89.970 
    8530    89.946    89.971 
    8540    89.948    89.970 
    8550    89.979    89.940 
    8560    89.948    89.968 
    8570    89.948    89.970 
    8580    89.952    89.970 
    8590    89.948    89.969 
    8600    89.942    89.980 
    8610    89.948    89.970 
    8620    89.948    89.970 
    8630    89.946    89.969 
    8640    89.950    89.947 
    8650    89.948    89.972 
    8660    89.948    89.970 
    8670    89.948    89.970 
    8680    89.948    89.968 
    8690    89.948    89.970 
    8700    89.948    89.970 
    8710    89.948    89.970 
    8720    89.948    89.970 
    8730    89.948    89.963 
    8740    89.948    89.970 
    8750    90.480    89.977 
    8760    89.948    89.970 
    8770    89.948    89.970 
    8780    89.948    89.968 
    8790    89.949    89.970 
    8800    89.953    89.970 
    8810    89.948    89.970 
    8820    89.948    89.970 
    8830    89.948    89.970 
    8840    89.948    89.970 
    8850    89.948    89.968 
    8860    89.948    89.970 
    8870    89.948    89.970 
    8880    89.952    89.969 
    8890    89.945    89.953 
    8900    89.948    89.973 
    8910    89.954    89.970 
    8920    89.948    89.970 
    8930    89.937    89.985 
    8940    89.958    89.977 
    8950    89.957    89.963 
    8960    89.948    89.970 
    8970    89.948    89.970 
    8980    89.935    89.973 
    8990    89.948    89.969 
    9000    89.951    90.031 
    9010    89.948    89.970 
    9020    89.948    89.971 
    9030    89.948    89.970 
    9040    89.948    89.970 
    9050    89.711    90.081 
    9060    89.948    89.970 
    9070    89.948    89.970 
    9080    89.949    89.970 
    9090    89.949    89.970 
    9100    89.915    89.946 
    9110    89.948    89.966 
    9120    89.948    89.970 
    9130    89.948    89.970 
    9140    89.949    89.970 
    9150    89.896    89.903 
    9160    89.948    89.970 
    9170    89.948    89.968 
    9180    89.947    89.972 
    9190    89.948    89.970 
    9200    89.751    90.039 
    9210    89.948    89.970 
    9220    89.948    89.970 
    9230    89.948    89.970 
    9240    89.949    89.970 
    9250    89.945    89.970 
    9260    89.948    89.970 
    9270    89.948    89.970 
    9280    89.948    89.970 
    9290    89.948    89.970 
    9300    89.943    89.970 
    9310    89.948    89.970 
    9320    89.948    89.971 
    9330    89.948    89.970 
    9340    89.948    89.970 
    9350    89.948    89.975 
    9360    89.948    89.971 
    9370    89.958    89.971 
    9380    89.946    89.970 
    9390    89.949    89.971 
    9400    89.918    89.895 
    9410    89.948    89.971 
    9420    89.954    89.971 
    9430    89.949    89.971 
    9440    89.947    89.971 
    9450    89.982    89.901 
    9460    89.948    89.971 
    9470    89.948    89.970 
    9480    89.948    89.967 
    9490    89.947    89.971 
    9500    89.938    89.923 
    9510    89.948    89.988 
    9520    89.948    89.943 
    9530    89.953    89.971 
    9540    89.947    89.971 
    9550    89.998    89.950 
    9560    89.948    89.971 
    9570    89.948    89.971 
    9580    89.948    89.967 
    9590    89.948    89.971 
    9600    89.919    89.972 
    9610    89.948    89.971 
    9620    89.948    89.971 
    9630    89.948    89.972 
    9640    89.947    89.971 
    9650    89.228    89.979 
    9660    89.947    89.971 
    9670    89.948    89.971 
    9680    89.953    89.971 
    9690    89.948    89.961 
    9700    89.948    89.974 
    9710    89.980    89.971 
    9720    89.948    89.971 
    9730    89.947    89.973 
    9740    89.948    89.971 
    9750    89.999    89.838 
    9760    89.948    89.971 
    9770    89.945    89.969 
    9780    89.947    89.972 
    9790    89.948    89.971 
    9800    89.913    89.991 
    9810    89.948    89.971 
    9820    89.948    89.971 
    9830    89.949    89.971 
    9840    89.948    89.978 
    9850    89.948    89.964 
    9860    89.937    89.971 
    9870    89.948    89.971 
    9880    89.947    89.973 
    9890    89.947    89.971 
    9900    89.953    89.959 
    9910    89.948    89.971 
    9920    89.948    89.971 
    9930    89.948    89.968 
    9940    89.948    89.971 
    9950    89.937    89.977 
    9960    89.948    89.971 
    9970    89.948    89.971 
    9980    89.945    89.972 
    9990    89.965    90.093 
   10000    89.948    89.971 
