       0   255.019   254.945 
      10   261.117   260.094 
      20   260.206   259.805 
      30   259.898   259.837 
      40   259.996   259.849 
      50   260.031   259.857 
      60   259.999   259.897 
      70   260.003   259.900 
      80   260.022   259.869 
      90   259.996   259.917 
     100   259.916   259.953 
     110   260.001   259.910 
     120   259.998   259.886 
     130   259.998   259.899 
     140   259.999   259.902 
     150   259.958   259.911 
     160   260.003   259.913 
     170   260.004   259.914 
     180   260.011   259.927 
     190   260.001   259.914 
     200   260.009   259.919 
     210   260.004   259.917 
     220   260.005   259.922 
     230   260.005   259.919 
     240   260.014   259.918 
     250   260.010   259.911 
     260   260.005   259.920 
     270   260.005   259.921 
     280   260.006   259.908 
     290   260.005   259.908 
     300   260.029   259.921 
     310   260.005   259.920 
     320   260.005   259.920 
     330   260.002   259.919 
     340   260.005   259.920 
     350   260.027   259.938 
     360   260.007   259.920 
     370   260.005   259.920 
     380   260.007   259.920 
     390   260.005   259.920 
     400   260.004   259.923 
     410   260.006   259.920 
     420   260.005   259.921 
     430   260.004   259.923 
     440   260.005   259.920 
     450   260.006   259.989 
     460   260.006   259.920 
     470   260.005   259.921 
     480   260.007   259.921 
     490   260.005   259.921 
     500   259.984   259.923 
     510   260.005   259.924 
     520   260.005   259.922 
     530   260.004   259.921 
     540   260.005   259.921 
     550   260.004   259.923 
     560   260.006   259.920 
     570   260.005   259.921 
     580   260.004   259.922 
     590   260.005   259.921 
     600   260.001   259.927 
     610   260.004   259.921 
     620   260.005   259.921 
     630   260.001   259.921 
     640   260.005   259.921 
     650   260.023   259.909 
     660   260.005   259.921 
     670   260.005   259.921 
     680   260.016   259.894 
     690   260.005   259.921 
     700   260.158   259.942 
     710   260.005   259.920 
     720   260.005   259.920 
     730   260.004   259.921 
     740   260.005   259.921 
     750   260.002   259.982 
     760   260.014   259.921 
     770   260.002   259.921 
     780   260.004   259.922 
     790   260.005   259.921 
     800   259.993   259.956 
     810   260.005   259.923 
     820   260.006   259.921 
     830   260.004   259.920 
     840   260.005   259.921 
     850   260.004   259.919 
     860   260.017   259.921 
     870   260.001   259.921 
     880   260.004   259.922 
     890   260.005   259.921 
     900   260.002   259.924 
     910   260.008   259.921 
     920   260.004   259.921 
     930   260.006   259.927 
     940   260.005   259.921 
     950   260.004   259.921 
     960   260.005   259.921 
     970   260.005   259.921 
     980   260.004   259.919 
     990   260.005   259.921 
    1000   260.016   260.065 
    1010   260.005   259.920 
    1020   260.005   259.921 
    1030   260.007   259.921 
    1040   260.005   259.921 
    1050   260.086   259.471 
    1060   260.005   259.919 
    1070   260.005   259.921 
    1080   260.003   259.920 
    1090   260.005   259.921 
    1100   260.006   259.920 
    1110   260.005   259.921 
    1120   260.005   259.921 
    1130   260.002   259.921 
    1140   260.005   259.921 
    1150   260.005   259.926 
    1160   260.005   259.921 
    1170   260.005   259.921 
    1180   260.003   259.924 
    1190   260.005   259.923 
    1200   260.006   259.921 
    1210   260.005   259.921 
    1220   260.005   259.921 
    1230   260.007   259.921 
    1240   260.005   259.921 
    1250   260.005   259.923 
    1260   260.005   259.920 
    1270   260.005   259.921 
    1280   260.004   259.921 
    1290   260.005   259.921 
    1300   260.006   260.000 
    1310   260.014   259.921 
    1320   260.000   259.921 
    1330   260.004   259.920 
    1340   260.004   259.921 
    1350   260.006   259.923 
    1360   260.005   259.921 
    1370   260.005   259.921 
    1380   260.008   259.936 
    1390   260.005   259.921 
    1400   260.003   259.920 
    1410   260.005   259.921 
    1420   260.005   259.921 
    1430   260.004   259.921 
    1440   260.005   259.921 
    1450   260.005   259.927 
    1460   260.005   259.921 
    1470   260.005   259.921 
    1480   259.997   259.927 
    1490   260.005   259.921 
    1500   260.029   259.914 
    1510   260.005   259.921 
    1520   260.005   259.921 
    1530   260.006   259.917 
    1540   260.005   259.921 
    1550   260.003   259.917 
    1560   260.005   259.921 
    1570   260.005   259.921 
    1580   260.004   259.920 
    1590   260.005   259.921 
    1600   260.117   259.921 
    1610   260.005   259.921 
    1620   260.005   259.921 
    1630   260.010   259.899 
    1640   260.005   259.921 
    1650   260.009   259.921 
    1660   260.005   259.921 
    1670   260.005   259.921 
    1680   260.001   259.924 
    1690   260.005   259.920 
    1700   260.006   259.921 
    1710   260.005   259.921 
    1720   260.005   259.921 
    1730   260.007   259.921 
    1740   260.005   259.921 
    1750   259.972   259.909 
    1760   260.005   259.921 
    1770   260.005   259.921 
    1780   260.000   259.936 
    1790   260.005   259.921 
    1800   260.135   259.933 
    1810   260.005   259.921 
    1820   260.005   259.921 
    1830   260.003   259.921 
    1840   260.005   259.921 
    1850   259.835   259.944 
    1860   260.002   259.923 
    1870   260.005   259.921 
    1880   260.007   259.920 
    1890   260.005   259.921 
    1900   260.055   259.887 
    1910   260.011   259.921 
    1920   260.004   259.921 
    1930   260.007   259.921 
    1940   260.005   259.921 
    1950   259.948   259.921 
    1960   260.005   259.921 
    1970   260.005   259.921 
    1980   260.012   259.896 
    1990   260.006   259.922 
    2000   259.999   259.920 
    2010   260.005   259.919 
    2020   260.005   259.921 
    2030   260.004   259.922 
    2040   260.005   259.921 
    2050   260.005   259.921 
    2060   260.006   259.920 
    2070   260.005   259.921 
    2080   260.003   259.921 
    2090   260.005   259.921 
    2100   260.005   259.918 
    2110   260.005   259.921 
    2120   260.005   259.921 
    2130   260.004   259.917 
    2140   260.005   259.922 
    2150   259.999   259.921 
    2160   260.005   259.921 
    2170   260.005   259.921 
    2180   260.016   259.927 
    2190   260.005   259.921 
    2200   260.061   259.884 
    2210   260.005   259.921 
    2220   260.005   259.921 
    2230   260.003   259.930 
    2240   260.005   259.920 
    2250   260.006   259.922 
    2260   260.005   259.920 
    2270   260.005   259.921 
    2280   260.004   259.921 
    2290   260.005   259.921 
    2300   260.006   260.001 
    2310   260.006   259.920 
    2320   260.005   259.921 
    2330   260.003   259.921 
    2340   260.005   259.920 
    2350   260.005   259.925 
    2360   260.005   259.921 
    2370   260.005   259.921 
    2380   260.005   259.921 
    2390   260.005   259.921 
    2400   259.895   259.921 
    2410   260.005   259.921 
    2420   260.005   259.921 
    2430   260.001   259.921 
    2440   260.005   259.921 
    2450   260.002   259.908 
    2460   260.010   259.921 
    2470   260.002   259.921 
    2480   260.005   259.921 
    2490   260.005   259.921 
    2500   260.006   259.841 
    2510   260.005   259.921 
    2520   260.005   259.921 
    2530   260.005   259.921 
    2540   260.005   259.921 
    2550   260.030   259.921 
    2560   260.005   259.921 
    2570   260.005   259.921 
    2580   260.002   259.921 
    2590   260.005   259.921 
    2600   260.005   259.920 
    2610   260.006   259.922 
    2620   260.005   259.921 
    2630   260.004   259.921 
    2640   260.005   259.921 
    2650   260.008   259.846 
    2660   260.006   259.921 
    2670   260.005   259.921 
    2680   260.004   259.919 
    2690   260.005   259.921 
    2700   260.006   260.000 
    2710   260.007   259.920 
    2720   260.005   259.921 
    2730   260.005   259.921 
    2740   260.005   259.921 
    2750   260.005   259.957 
    2760   260.005   259.921 
    2770   260.005   259.921 
    2780   260.004   259.921 
    2790   260.005   259.921 
    2800   260.004   259.936 
    2810   260.005   259.921 
    2820   260.005   259.921 
    2830   260.005   259.919 
    2840   260.005   259.921 
    2850   260.004   259.918 
    2860   260.005   259.921 
    2870   260.005   259.921 
    2880   399.841   327.739 
    2890   260.005   259.921 
    2900   260.013   259.912 
    2910   260.000   259.929 
    2920   260.005   259.921 
    2930   260.000   259.921 
    2940   260.005   259.921 
    2950   260.003   259.922 
    2960   260.006   259.920 
    2970   260.005   259.921 
    2980   260.007   259.912 
    2990   260.005   259.921 
    3000   260.006   259.922 
    3010   260.005   259.921 
    3020   260.005   259.921 
    3030   260.008   259.930 
    3040   260.005   259.921 
    3050   260.012   259.920 
    3060   260.005   259.921 
    3070   260.005   259.921 
    3080   260.008   259.930 
    3090   260.005   259.921 
    3100   259.902   259.933 
    3110   260.005   259.921 
    3120   260.005   259.921 
    3130   260.006   259.921 
    3140   260.005   259.921 
    3150   260.005   259.924 
    3160   260.005   259.921 
    3170   260.005   259.921 
    3180   260.004   259.921 
    3190   260.003   259.922 
    3200   259.824   259.928 
    3210   260.005   259.921 
    3220   260.005   259.921 
    3230   260.005   259.921 
    3240   260.005   259.921 
    3250   260.000   259.913 
    3260   260.005   259.920 
    3270   260.005   259.921 
    3280   260.009   259.918 
    3290   260.005   259.921 
    3300   259.999   259.922 
    3310   260.005   259.921 
    3320   260.005   259.921 
    3330   260.003   259.919 
    3340   260.005   259.921 
    3350   260.080   259.962 
    3360   260.005   259.921 
    3370   260.005   259.921 
    3380   260.004   259.919 
    3390   260.005   259.920 
    3400   260.086   259.919 
    3410   260.005   259.921 
    3420   260.005   259.921 
    3430   260.010   259.926 
    3440   260.005   259.920 
    3450   260.081   259.908 
    3460   260.005   259.921 
    3470   260.005   259.921 
    3480   260.006   259.914 
    3490   260.005   259.920 
    3500   260.004   259.921 
    3510   260.005   259.921 
    3520   260.005   259.921 
    3530   260.005   259.920 
    3540   260.005   259.921 
    3550   259.997   259.910 
    3560   260.004   259.920 
    3570   260.005   259.921 
    3580   260.006   259.921 
    3590   260.005   259.921 
    3600   260.005   259.918 
    3610   260.005   259.921 
    3620   260.005   259.921 
    3630   260.005   259.922 
    3640   260.005   259.921 
    3650   260.006   259.923 
    3660   260.006   259.920 
    3670   260.005   259.921 
    3680   260.004   259.921 
    3690   260.005   259.921 
    3700   260.070   259.907 
    3710   260.005   259.921 
    3720   260.005   259.921 
    3730   260.004   259.923 
    3740   260.005   259.920 
    3750   260.004   259.921 
    3760   260.005   259.921 
    3770   260.005   259.921 
    3780   259.986   259.945 
    3790   260.005   259.921 
    3800   260.002   259.922 
    3810   260.005   259.921 
    3820   260.005   259.921 
    3830   260.007   259.911 
    3840   260.005   259.920 
    3850   260.004   259.923 
    3860   260.013   259.921 
    3870   260.005   259.921 
    3880   260.007   259.921 
    3890   260.005   259.921 
    3900   260.005   259.925 
    3910   260.005   259.921 
    3920   260.005   259.921 
    3930   260.005   259.926 
    3940   260.005   259.922 
    3950   260.003   259.921 
    3960   260.005   259.921 
    3970   260.005   259.921 
    3980   260.000   259.933 
    3990   260.006   259.921 
    4000   259.993   259.918 
    4010   260.005   259.921 
    4020   260.005   259.921 
    4030   260.009   259.908 
    4040   260.005   259.921 
    4050   260.052   259.926 
    4060   260.005   259.921 
    4070   260.005   259.921 
    4080   260.005   259.921 
    4090   260.005   259.921 
    4100   259.992   259.960 
    4110   260.005   259.921 
    4120   260.005   259.921 
    4130   260.004   259.911 
    4140   260.005   259.921 
    4150   260.008   259.921 
    4160   260.005   259.921 
    4170   260.005   259.921 
    4180   260.004   259.915 
    4190   260.005   259.921 
    4200   260.017   259.918 
    4210   260.005   259.921 
    4220   260.005   259.921 
    4230   260.002   259.921 
    4240   260.005   259.922 
    4250   260.000   259.921 
    4260   260.005   259.920 
    4270   260.005   259.921 
    4280   260.007   259.919 
    4290   260.005   259.921 
    4300   260.063   259.937 
    4310   260.000   259.925 
    4320   260.005   259.921 
    4330   260.001   259.921 
    4340   260.005   259.921 
    4350   259.992   259.972 
    4360   260.011   259.921 
    4370   260.000   259.921 
    4380   260.004   259.921 
    4390   260.005   259.921 
    4400   260.004   259.923 
    4410   260.005   259.915 
    4420   260.005   259.920 
    4430   260.007   259.919 
    4440   260.005   259.921 
    4450   260.004   259.921 
    4460   260.005   259.921 
    4470   260.005   259.921 
    4480   260.004   259.922 
    4490   260.005   259.921 
    4500   260.007   259.923 
    4510   260.005   259.921 
    4520   260.005   259.921 
    4530   260.000   259.929 
    4540   260.005   259.921 
    4550   259.964   259.915 
    4560   260.005   259.921 
    4570   260.005   259.921 
    4580   260.005   259.921 
    4590   260.005   259.921 
    4600   259.998   259.921 
    4610   260.005   259.921 
    4620   260.005   259.921 
    4630   260.007   259.908 
    4640   260.005   259.921 
    4650   259.832   259.911 
    4660   260.005   259.921 
    4670   260.005   259.921 
    4680   260.000   259.921 
    4690   260.005   259.921 
    4700   260.005   259.922 
    4710   260.005   259.921 
    4720   260.005   259.921 
    4730   260.005   259.920 
    4740   260.006   259.920 
    4750   260.011   259.921 
    4760   260.005   259.921 
    4770   260.005   259.921 
    4780   260.007   259.921 
    4790   260.005   259.921 
    4800   259.963   259.856 
    4810   260.005   259.920 
    4820   260.005   259.921 
    4830   260.004   259.921 
    4840   260.005   259.921 
    4850   260.006   259.920 
    4860   260.007   259.921 
    4870   260.005   259.921 
    4880   260.004   259.921 
    4890   260.005   259.920 
    4900   260.006   259.907 
    4910   260.011   259.921 
    4920   260.005   259.921 
    4930   260.001   259.921 
    4940   260.005   259.921 
    4950   259.958   259.904 
    4960   260.006   259.920 
    4970   260.008   259.920 
    4980   260.004   259.916 
    4990   260.005   259.921 
    5000   260.019   259.920 
    5010   260.006   259.921 
    5020   260.005   259.921 
    5030   260.004   259.921 
    5040   260.005   259.921 
    5050   259.995   260.002 
    5060   260.005   259.921 
    5070   260.005   259.921 
    5080   260.005   259.921 
    5090   260.006   259.922 
    5100   259.880   259.922 
    5110   260.005   259.921 
    5120   260.005   259.921 
    5130   260.005   259.921 
    5140   260.006   259.922 
    5150   259.979   259.922 
    5160   260.005   259.921 
    5170   260.005   259.921 
    5180   260.006   259.920 
    5190   260.005   259.921 
    5200   260.003   259.926 
    5210   260.015   259.921 
    5220   259.998   259.921 
    5230   260.004   259.920 
    5240   260.005   259.921 
    5250   260.009   259.911 
    5260   260.015   259.920 
    5270   260.002   259.921 
    5280   260.005   259.921 
    5290   260.005   259.921 
    5300   260.005   259.921 
    5310   260.002   259.926 
    5320   260.005   259.921 
    5330   260.004   259.920 
    5340   260.005   259.921 
    5350   259.999   259.921 
    5360   260.005   259.921 
    5370   260.005   259.921 
    5380   260.005   259.921 
    5390   260.005   259.921 
    5400   260.002   259.920 
    5410   260.006   259.920 
    5420   260.005   259.921 
    5430   260.003   259.921 
    5440   260.005   259.921 
    5450   260.007   259.920 
    5460   260.005   259.920 
    5470   260.005   259.921 
    5480   260.004   259.920 
    5490   260.005   259.921 
    5500   259.999   259.914 
    5510   260.003   259.922 
    5520   260.005   259.921 
    5530   260.004   259.918 
    5540   260.005   259.921 
    5550   260.027   259.920 
    5560   260.007   259.921 
    5570   260.005   259.921 
    5580   260.004   259.921 
    5590   260.005   259.921 
    5600   260.012   259.921 
    5610   260.005   259.921 
    5620   260.005   259.921 
    5630   260.005   259.925 
    5640   260.005   259.921 
    5650   259.863   259.924 
    5660   260.005   259.921 
    5670   260.005   259.921 
    5680   260.004   259.920 
    5690   260.005   259.921 
    5700   260.003   259.922 
    5710   260.005   259.921 
    5720   260.005   259.921 
    5730   260.001   259.911 
    5740   260.005   259.921 
    5750   260.008   259.921 
    5760   260.005   259.921 
    5770   260.005   259.921 
    5780   260.005   259.921 
    5790   260.005   259.921 
    5800   260.004   259.920 
    5810   260.013   259.921 
    5820   260.001   259.921 
    5830   260.005   259.920 
    5840   260.005   259.921 
    5850   259.997   259.922 
    5860   260.006   259.921 
    5870   260.005   259.921 
    5880   260.010   259.922 
    5890   260.005   259.920 
    5900   260.011   259.921 
    5910   260.005   259.921 
    5920   260.005   259.921 
    5930   260.011   259.956 
    5940   260.005   259.921 
    5950   260.183   259.913 
    5960   260.006   259.920 
    5970   260.005   259.921 
    5980   260.007   259.931 
    5990   260.005   259.921 
    6000   260.002   259.923 
    6010   260.010   259.921 
    6020   260.000   259.921 
    6030   260.004   259.922 
    6040   260.004   259.921 
    6050   260.030   259.917 
    6060   260.005   259.921 
    6070   260.005   259.921 
    6080   260.007   259.921 
    6090   260.005   259.921 
    6100   260.163   259.918 
    6110   260.005   259.921 
    6120   260.005   259.921 
    6130   260.003   259.923 
    6140   260.005   259.921 
    6150   259.996   259.916 
    6160   260.007   259.921 
    6170   260.005   259.921 
    6180   260.011   259.898 
    6190   260.005   259.921 
    6200   259.999   259.920 
    6210   260.005   259.921 
    6220   260.005   259.921 
    6230   260.008   259.928 
    6240   260.005   259.921 
    6250   260.003   259.921 
    6260   260.005   259.921 
    6270   260.005   259.921 
    6280   260.004   259.925 
    6290   260.005   259.921 
    6300   260.005   259.920 
    6310   260.005   259.921 
    6320   260.005   259.921 
    6330   348.403   151.432 
    6340   260.005   259.921 
    6350   260.030   259.930 
    6360   260.005   259.921 
    6370   260.005   259.921 
    6380   260.006   259.925 
    6390   260.005   259.919 
    6400   260.009   259.921 
    6410   260.005   259.921 
    6420   260.005   259.921 
    6430   260.006   259.921 
    6440   260.005   259.921 
    6450   260.004   259.922 
    6460   260.005   259.918 
    6470   260.005   259.921 
    6480   260.006   259.920 
    6490   260.005   259.921 
    6500   260.062   259.852 
    6510   260.006   259.920 
    6520   260.005   259.921 
    6530   260.004   259.921 
    6540   260.005   259.921 
    6550   260.012   259.918 
    6560   260.008   259.920 
    6570   260.003   259.921 
    6580   260.005   259.918 
    6590   260.005   259.921 
    6600   260.005   259.921 
    6610   260.005   259.921 
    6620   260.005   259.922 
    6630   260.005   259.920 
    6640   260.005   259.921 
    6650   260.005   259.913 
    6660   260.006   259.921 
    6670   260.005   259.921 
    6680   260.005   259.921 
    6690   260.005   259.921 
    6700   260.005   259.913 
    6710   260.005   259.921 
    6720   260.005   259.921 
    6730   260.006   259.920 
    6740   260.005   259.921 
    6750   260.077   259.923 
    6760   260.005   259.921 
    6770   260.005   259.921 
    6780   260.004   259.920 
    6790   260.005   259.921 
    6800   259.981   259.931 
    6810   260.007   259.920 
    6820   260.005   259.921 
    6830   260.004   259.920 
    6840   260.005   259.921 
    6850   260.004   259.921 
    6860   260.005   259.921 
    6870   260.005   259.921 
    6880   260.004   259.918 
    6890   260.005   259.920 
    6900   260.004   259.920 
    6910   260.005   259.921 
    6920   260.005   259.921 
    6930   260.005   259.922 
    6940   260.005   259.921 
    6950   260.006   259.920 
    6960   260.005   259.921 
    6970   260.005   259.921 
    6980   260.004   259.922 
    6990   260.005   259.921 
    7000   260.004   259.908 
    7010   260.005   259.921 
    7020   260.005   259.921 
    7030   260.004   259.921 
    7040   260.005   259.921 
    7050   260.033   259.866 
    7060   260.005   259.921 
    7070   260.005   259.921 
    7080   260.004   259.920 
    7090   260.005   259.921 
    7100   260.001   259.913 
    7110   260.004   259.920 
    7120   260.006   259.921 
    7130   259.999   259.921 
    7140   260.005   259.921 
    7150   260.022   259.922 
    7160   260.005   259.921 
    7170   260.005   259.921 
    7180   260.012   259.915 
    7190   260.005   259.921 
    7200   260.106   259.926 
    7210   260.005   259.921 
    7220   260.005   259.921 
    7230   260.006   259.926 
    7240   260.005   259.921 
    7250   260.006   259.918 
    7260   260.005   259.921 
    7270   260.005   259.921 
    7280   260.005   259.918 
    7290   260.005   259.920 
    7300   260.004   259.921 
    7310   260.005   259.921 
    7320   260.005   259.921 
    7330   260.004   259.921 
    7340   260.005   259.920 
    7350   260.005   259.927 
    7360   260.006   259.921 
    7370   260.005   259.921 
    7380   260.004   259.920 
    7390   260.005   259.921 
    7400   260.006   259.922 
    7410   260.005   259.921 
    7420   260.005   259.921 
    7430   260.005   259.920 
    7440   260.005   259.921 
    7450   259.918   259.920 
    7460   260.005   259.925 
    7470   260.005   259.921 
    7480   260.005   259.923 
    7490   260.005   259.921 
    7500   260.007   259.921 
    7510   260.006   259.921 
    7520   260.005   259.921 
    7530   260.004   259.920 
    7540   260.006   259.921 
    7550   259.998   259.920 
    7560   260.005   259.921 
    7570   260.005   259.921 
    7580   260.004   259.927 
    7590   260.005   259.921 
    7600   259.884   259.918 
    7610   260.005   259.921 
    7620   260.005   259.921 
    7630   260.003   259.921 
    7640   260.005   259.921 
    7650   260.007   259.922 
    7660   260.005   259.921 
    7670   260.005   259.921 
    7680   260.005   259.920 
    7690   260.005   259.920 
    7700   260.006   259.921 
    7710   260.005   259.921 
    7720   260.005   259.921 
    7730   260.005   259.923 
    7740   260.005   259.921 
    7750   260.003   259.920 
    7760   260.008   259.921 
    7770   260.010   259.921 
    7780   260.004   259.920 
    7790   260.005   259.921 
    7800   259.988   259.924 
    7810   260.006   259.921 
    7820   260.005   259.921 
    7830   260.006   259.935 
    7840   260.005   259.921 
    7850   259.938   259.925 
    7860   260.006   259.921 
    7870   260.005   259.921 
    7880   260.004   259.918 
    7890   260.005   259.921 
    7900   260.005   259.921 
    7910   260.005   259.921 
    7920   260.005   259.921 
    7930   260.007   259.921 
    7940   260.005   259.921 
    7950   260.002   259.916 
    7960   260.020   259.921 
    7970   260.005   259.921 
    7980   260.000   259.921 
    7990   260.005   259.921 
    8000   260.018   259.923 
    8010   260.005   259.921 
    8020   260.005   259.921 
    8030   260.004   259.923 
    8040   260.005   259.921 
    8050   260.006   259.920 
    8060   260.005   259.921 
    8070   260.005   259.921 
    8080   260.004   259.920 
    8090   260.005   259.921 
    8100   260.004   259.923 
    8110   260.012   259.921 
    8120   260.003   259.921 
    8130   260.004   259.921 
    8140   260.005   259.921 
    8150   260.004   259.911 
    8160   260.005   259.921 
    8170   260.005   259.921 
    8180   260.006   259.921 
    8190   260.005   259.921 
    8200   259.993   259.921 
    8210   260.005   259.921 
    8220   260.005   259.921 
    8230   260.004   259.921 
    8240   260.004   259.921 
    8250   260.009   259.924 
    8260   260.005   259.921 
    8270   260.005   259.921 
    8280   260.005   259.921 
    8290   260.005   259.921 
    8300   260.008   259.911 
    8310   260.006   259.921 
    8320   260.005   259.921 
    8330   260.004   259.922 
    8340   260.006   259.921 
    8350   260.008   259.921 
    8360   260.005   259.921 
    8370   260.005   259.921 
    8380   260.004   259.919 
    8390   260.005   259.921 
    8400   260.004   259.921 
    8410   260.005   259.921 
    8420   260.005   259.921 
    8430   260.005   259.920 
    8440   260.007   259.920 
    8450   259.807   259.925 
    8460   260.005   259.921 
    8470   260.005   259.921 
    8480   260.008   259.920 
    8490   260.005   259.921 
    8500   260.060   259.925 
    8510   260.005   259.921 
    8520   260.005   259.921 
    8530   260.005   259.919 
    8540   260.005   259.920 
    8550   260.007   259.921 
    8560   260.005   259.921 
    8570   260.005   259.921 
    8580   260.005   259.926 
    8590   260.005   259.921 
    8600   260.022   259.941 
    8610   260.005   259.921 
    8620   260.005   259.921 
    8630   260.001   259.920 
    8640   260.005   259.920 
    8650   260.011   259.921 
    8660   260.005   259.921 
    8670   260.005   259.920 
    8680   260.004   259.919 
    8690   260.005   259.920 
    8700   260.002   259.922 
    8710   260.005   259.921 
    8720   260.005   259.921 
    8730   260.002   259.912 
    8740   260.005   259.922 
    8750   259.919   259.927 
    8760   260.005   259.921 
    8770   260.005   259.921 
    8780   260.003   259.922 
    8790   260.005   259.921 
    8800   259.998   259.919 
    8810   260.005   259.921 
    8820   260.005   259.921 
    8830   260.004   259.921 
    8840   260.005   259.921 
    8850   260.009   259.930 
    8860   260.005   259.921 
    8870   260.005   259.921 
    8880   260.005   259.915 
    8890   260.005   259.920 
    8900   260.006   259.921 
    8910   260.005   259.919 
    8920   260.005   259.921 
    8930   260.004   259.920 
    8940   260.005   259.921 
    8950   259.984   259.917 
    8960   260.007   259.921 
    8970   260.005   259.921 
    8980   260.003   259.921 
    8990   260.005   259.920 
    9000   259.931   259.926 
    9010   260.006   259.920 
    9020   260.005   259.921 
    9030   260.004   259.920 
    9040   260.005   259.921 
    9050   260.004   259.926 
    9060   260.006   259.920 
    9070   260.005   259.921 
    9080   260.005   259.917 
    9090   260.005   259.921 
    9100   260.008   259.921 
    9110   260.005   259.921 
    9120   260.005   259.921 
    9130   260.007   259.925 
    9140   260.005   259.921 
    9150   259.861   259.923 
    9160   260.006   259.922 
    9170   260.005   259.921 
    9180   260.005   259.921 
    9190   260.005   259.921 
    9200   259.858   259.918 
    9210   260.005   259.921 
    9220   260.005   259.921 
    9230   260.003   259.921 
    9240   260.005   259.921 
    9250   260.046   259.922 
    9260   260.005   259.921 
    9270   260.005   259.921 
    9280   260.004   259.920 
    9290   260.005   259.921 
    9300   260.024   259.957 
    9310   260.005   259.921 
    9320   260.005   259.921 
    9330   260.007   259.921 
    9340   260.005   259.921 
    9350   260.007   259.921 
    9360   260.008   259.921 
    9370   260.001   259.921 
    9380   260.004   259.922 
    9390   260.005   259.921 
    9400   260.012   259.914 
    9410   260.009   259.921 
    9420   260.003   259.921 
    9430   260.005   259.922 
    9440   260.005   259.921 
    9450   259.905   259.922 
    9460   260.005   259.921 
    9470   260.005   259.921 
    9480   260.005   259.921 
    9490   260.005   259.921 
    9500   259.853   259.922 
    9510   260.005   259.921 
    9520   260.005   259.921 
    9530   260.004   259.922 
    9540   260.005   259.920 
    9550   260.010   259.895 
    9560   260.009   259.921 
    9570   260.006   259.921 
    9580   260.001   259.921 
    9590   260.005   259.921 
    9600   259.997   259.929 
    9610   260.005   259.921 
    9620   260.005   259.921 
    9630   260.005   259.924 
    9640   260.005   259.922 
    9650   260.003   259.921 
    9660   260.005   259.921 
    9670   260.005   259.921 
    9680   260.004   259.922 
    9690   260.005   259.921 
    9700   259.999   259.871 
    9710   260.005   259.921 
    9720   260.005   259.921 
    9730   260.003   259.921 
    9740   260.005   259.921 
    9750   260.004   259.922 
    9760   259.998   259.926 
    9770   260.005   259.921 
    9780   260.003   259.923 
    9790   260.005   259.921 
    9800   260.004   259.927 
    9810   260.006   259.920 
    9820   260.005   259.921 
    9830   260.004   259.921 
    9840   260.005   259.921 
    9850   260.020   259.932 
    9860   260.006   259.922 
    9870   260.005   259.921 
    9880   260.004   259.922 
    9890   260.005   259.921 
    9900   259.956   259.897 
    9910   260.013   259.920 
    9920   260.006   259.921 
    9930   260.002   259.921 
    9940   260.005   259.921 
    9950   260.060   259.921 
    9960   260.005   259.921 
    9970   260.005   259.921 
    9980   259.999   259.932 
    9990   260.005   259.921 
   10000   260.005   259.921 
