       0    14.974    14.979 
      10    20.327    20.398 
      20    20.067    20.010 
      30    19.898    19.942 
      40    19.954    19.956 
      50    19.975    19.958 
      60    19.954    19.961 
      70    19.945    20.313 
      80    19.961    19.967 
      90    19.953    19.963 
     100    19.959    19.972 
     110    19.958    19.972 
     120    19.959    19.967 
     130    19.960    19.968 
     140    19.965    19.981 
     150    19.961    19.966 
     160    19.970    19.966 
     170    19.955    19.968 
     180    19.969    19.970 
     190    19.968    19.948 
     200    19.961    19.966 
     210    19.963    19.968 
     220    19.933    19.983 
     230    19.963    19.968 
     240    19.947    19.952 
     250    19.964    19.970 
     260    19.963    19.970 
     270    19.961    19.972 
     280    19.964    19.970 
     290    19.963    19.974 
     300    19.964    19.969 
     310    19.964    19.969 
     320    19.998    19.982 
     330    19.966    19.971 
     340    19.961    19.968 
     350    19.817    19.894 
     360    19.965    19.970 
     370    19.966    19.971 
     380    19.965    19.970 
     390    19.965    19.971 
     400    19.809    20.244 
     410    19.965    19.971 
     420    19.964    19.971 
     430    19.968    19.971 
     440    19.965    19.971 
     450    19.954    19.921 
     460    19.965    19.971 
     470    19.974    19.970 
     480    19.965    19.965 
     490    19.965    19.972 
     500    19.964    19.972 
     510    19.966    19.970 
     520    19.964    19.972 
     530    19.965    19.968 
     540    19.966    19.972 
     550    19.909    19.985 
     560    19.966    19.972 
     570    19.966    19.972 
     580    19.962    19.972 
     590    19.966    19.973 
     600    19.962    19.972 
     610    19.967    19.980 
     620    19.966    19.972 
     630    19.966    19.972 
     640    19.966    19.972 
     650    19.967    19.954 
     660    19.966    19.972 
     670    19.965    19.975 
     680    19.965    19.973 
     690    19.966    19.972 
     700    19.708    19.799 
     710    19.966    19.972 
     720    19.976    19.974 
     730    19.966    19.972 
     740    19.966    19.972 
     750    19.964    19.983 
     760    19.966    19.972 
     770    19.966    19.972 
     780    19.967    19.971 
     790    19.966    19.972 
     800    19.965    19.971 
     810    19.966    19.972 
     820    19.966    19.972 
     830    19.966    19.972 
     840    19.967    19.973 
     850    20.014    19.940 
     860    19.966    19.972 
     870    19.966    19.971 
     880    19.966    19.972 
     890    19.966    19.972 
     900    19.968    19.972 
     910    19.966    19.972 
     920    19.966    19.979 
     930    19.966    19.972 
     940    19.967    19.972 
     950    19.969    19.978 
     960    19.966    19.972 
     970    19.966    19.972 
     980    19.965    19.970 
     990    19.966    19.971 
    1000    19.912    20.053 
    1010    19.966    19.972 
    1020    19.966    19.972 
    1030    19.965    19.970 
    1040    19.967    19.972 
    1050    19.907    20.027 
    1060    19.966    19.972 
    1070    19.966    19.972 
    1080    19.968    19.973 
    1090    19.966    19.972 
    1100    19.967    19.969 
    1110    19.966    19.972 
    1120    19.966    19.972 
    1130    19.964    19.971 
    1140    19.967    19.972 
    1150    19.919    20.100 
    1160    19.966    19.973 
    1170    19.966    19.972 
    1180    19.967    19.972 
    1190    19.967    19.972 
    1200    19.964    19.969 
    1210    19.966    19.972 
    1220    19.966    19.972 
    1230    19.967    19.972 
    1240    19.967    19.973 
    1250    19.970    19.969 
    1260    19.967    19.972 
    1270    19.965    19.973 
    1280    19.965    19.973 
    1290    19.966    19.971 
    1300    19.961    19.972 
    1310    19.967    19.971 
    1320    19.966    19.973 
    1330    19.966    19.969 
    1340    19.967    19.972 
    1350    19.965    19.967 
    1360    19.966    19.972 
    1370    19.966    19.972 
    1380    19.967    19.972 
    1390    19.966    19.972 
    1400    19.967    19.982 
    1410    19.967    19.972 
    1420    19.967    19.972 
    1430    19.966    19.972 
    1440    19.967    19.972 
    1450    19.967    19.972 
    1460    19.964    19.973 
    1470    19.967    19.972 
    1480    19.967    19.972 
    1490    19.967    19.972 
    1500    19.970    19.970 
    1510    19.967    19.972 
    1520    19.966    19.972 
    1530    19.967    19.971 
    1540    19.967    19.972 
    1550    19.968    19.973 
    1560    19.967    19.972 
    1570    19.967    19.972 
    1580    19.965    19.971 
    1590    19.967    19.972 
    1600    19.966    19.974 
    1610    19.967    19.972 
    1620    19.967    19.972 
    1630    19.966    19.973 
    1640    19.966    19.972 
    1650    19.970    19.968 
    1660    19.967    19.972 
    1670    19.967    19.972 
    1680    19.967    19.972 
    1690    19.967    19.972 
    1700    19.962    19.978 
    1710    19.967    19.972 
    1720    19.967    19.972 
    1730    19.967    19.973 
    1740    19.967    19.972 
    1750    19.985    20.008 
    1760    19.967    19.972 
    1770    19.967    19.972 
    1780    19.973    19.984 
    1790    19.967    19.972 
    1800    20.022    19.930 
    1810    19.967    19.972 
    1820    19.967    19.972 
    1830    19.967    19.974 
    1840    19.966    19.974 
    1850    19.969    19.943 
    1860    19.967    19.972 
    1870    19.967    19.972 
    1880    19.967    19.972 
    1890    19.967    19.972 
    1900    19.983    19.974 
    1910    19.967    19.972 
    1920    19.967    19.973 
    1930    19.967    19.968 
    1940    19.967    19.972 
    1950    19.969    19.971 
    1960    19.967    19.972 
    1970    19.966    19.971 
    1980    19.967    19.973 
    1990    19.967    19.972 
    2000    19.960    19.967 
    2010    19.967    19.972 
    2020    19.967    19.972 
    2030    19.967    19.971 
    2040    19.967    19.972 
    2050    19.964    19.970 
    2060    19.967    19.972 
    2070    19.968    19.972 
    2080    19.967    19.973 
    2090    19.967    19.972 
    2100    19.966    19.973 
    2110    19.967    19.972 
    2120    19.967    19.972 
    2130    19.969    19.971 
    2140    19.967    19.972 
    2150    19.856    19.985 
    2160    19.967    19.972 
    2170    19.967    19.972 
    2180    19.968    19.973 
    2190    19.967    19.973 
    2200    19.969    19.998 
    2210    19.967    19.972 
    2220    19.967    19.971 
    2230    19.966    19.973 
    2240    19.967    19.972 
    2250    19.970    19.972 
    2260    19.967    19.973 
    2270    19.967    19.972 
    2280    19.968    19.972 
    2290    19.967    19.972 
    2300    19.969    19.977 
    2310    19.967    19.973 
    2320    19.965    19.969 
    2330    19.967    19.972 
    2340    19.967    19.972 
    2350    19.966    19.973 
    2360    19.967    19.972 
    2370    19.967    19.972 
    2380    19.967    19.972 
    2390    19.967    19.972 
    2400    19.962    19.978 
    2410    19.967    19.972 
    2420    19.967    19.972 
    2430    19.968    19.971 
    2440    19.966    19.973 
    2450    19.966    19.974 
    2460    19.967    19.972 
    2470    19.967    19.972 
    2480    19.968    19.973 
    2490    19.967    19.972 
    2500    19.965    19.972 
    2510    19.967    19.972 
    2520    19.967    19.972 
    2530    19.960    19.972 
    2540    19.965    19.972 
    2550    19.935    19.961 
    2560    19.967    19.972 
    2570    19.967    19.972 
    2580    19.955    19.972 
    2590    19.967    19.972 
    2600    19.963    20.219 
    2610    19.968    19.972 
    2620    19.967    19.972 
    2630    19.967    19.972 
    2640    19.967    19.972 
    2650    20.055    20.060 
    2660    19.967    19.972 
    2670    19.967    19.972 
    2680    19.966    19.973 
    2690    19.967    19.972 
    2700    19.993    19.983 
    2710    19.966    19.972 
    2720    19.967    19.972 
    2730    19.967    19.972 
    2740    19.967    19.972 
    2750    19.957    19.965 
    2760    19.967    19.972 
    2770    19.967    19.972 
    2780    19.966    19.970 
    2790    20.003    19.997 
    2800    19.949    19.960 
    2810    19.968    19.973 
    2820    19.967    19.972 
    2830    19.966    19.972 
    2840    19.967    19.972 
    2850    19.876    20.066 
    2860    19.967    19.973 
    2870    19.967    19.972 
    2880    19.967    19.973 
    2890    19.966    19.971 
    2900    19.971    19.982 
    2910    19.966    19.973 
    2920    19.967    19.972 
    2930    19.971    19.981 
    2940    19.967    19.972 
    2950    19.967    19.973 
    2960    19.967    19.972 
    2970    19.967    19.972 
    2980    19.966    19.972 
    2990    19.966    19.972 
    3000    20.018    19.916 
    3010    19.966    19.974 
    3020    19.967    19.973 
    3030    19.967    19.973 
    3040    19.967    19.972 
    3050    19.970    19.977 
    3060    19.967    19.972 
    3070    19.968    19.971 
    3080    19.967    19.970 
    3090    19.961    19.962 
    3100    19.969    19.972 
    3110    19.967    19.975 
    3120    19.967    19.972 
    3130    19.967    19.972 
    3140    19.967    19.972 
    3150    19.969    19.995 
    3160    19.979    19.972 
    3170    19.967    19.972 
    3180    19.967    19.972 
    3190    19.967    19.972 
    3200    19.967    19.978 
    3210    19.967    19.972 
    3220    19.967    19.972 
    3230    19.967    19.972 
    3240    19.967    19.971 
    3250    19.968    19.981 
    3260    19.967    19.972 
    3270    19.967    19.972 
    3280    19.966    19.972 
    3290    19.967    19.972 
    3300    19.911    19.986 
    3310    19.967    19.972 
    3320    19.967    19.972 
    3330    19.967    19.973 
    3340    19.967    19.972 
    3350    19.958    19.995 
    3360    19.967    19.972 
    3370    19.967    19.972 
    3380    19.964    19.971 
    3390    19.967    19.972 
    3400    19.966    19.974 
    3410    19.965    19.972 
    3420    19.967    19.972 
    3430    19.967    19.972 
    3440    19.967    19.972 
    3450    19.960    19.948 
    3460    19.967    19.973 
    3470    19.967    19.973 
    3480    19.967    19.972 
    3490    19.967    19.972 
    3500    19.965    19.966 
    3510    19.967    19.973 
    3520    19.967    19.976 
    3530    19.967    19.972 
    3540    19.967    19.972 
    3550    20.081    19.938 
    3560    19.967    19.972 
    3570    19.967    19.972 
    3580    19.968    19.972 
    3590    19.967    19.972 
    3600    19.934    19.982 
    3610    19.968    19.972 
    3620    19.967    19.972 
    3630    19.966    19.974 
    3640    19.967    19.972 
    3650    19.970    19.973 
    3660    19.967    19.972 
    3670    19.967    19.973 
    3680    19.967    19.972 
    3690    19.967    19.972 
    3700    19.953    19.969 
    3710    19.967    19.972 
    3720    19.967    19.972 
    3730    19.966    19.974 
    3740    19.967    19.972 
    3750    20.050    19.991 
    3760    19.967    19.973 
    3770    19.967    19.972 
    3780    19.966    19.972 
    3790    19.967    19.973 
    3800    19.965    19.985 
    3810    19.967    19.972 
    3820    19.967    19.972 
    3830    19.967    19.971 
    3840    19.967    19.972 
    3850    19.961    19.972 
    3860    19.967    19.972 
    3870    19.966    19.972 
    3880    19.967    19.971 
    3890    19.967    19.972 
    3900    19.966    19.973 
    3910    19.967    19.972 
    3920    19.967    19.972 
    3930    19.968    19.972 
    3940    19.967    19.972 
    3950    19.966    19.970 
    3960    19.967    19.972 
    3970    19.967    19.972 
    3980    19.969    19.973 
    3990    19.967    19.972 
    4000    19.967    19.969 
    4010    19.967    19.972 
    4020    19.967    19.972 
    4030    19.967    19.972 
    4040    19.967    19.972 
    4050    19.973    19.975 
    4060    19.967    19.972 
    4070    19.967    19.972 
    4080    19.967    19.973 
    4090    19.967    19.972 
    4100    19.951    19.966 
    4110    19.967    19.972 
    4120    19.967    19.972 
    4130    19.971    19.972 
    4140    19.967    19.972 
    4150    20.020    19.872 
    4160    19.966    19.975 
    4170    19.967    19.972 
    4180    19.963    19.976 
    4190    19.967    19.972 
    4200    19.966    19.971 
    4210    19.967    19.972 
    4220    19.967    19.972 
    4230    19.968    19.973 
    4240    19.967    19.972 
    4250    19.967    19.976 
    4260    19.967    19.972 
    4270    19.967    19.972 
    4280    19.966    19.972 
    4290    19.967    19.972 
    4300    19.964    19.966 
    4310    19.967    19.972 
    4320    19.967    19.972 
    4330    84.799    11.468 
    4340    19.967    19.972 
    4350    19.967    19.974 
    4360    19.972    19.972 
    4370    19.967    19.972 
    4380    19.967    19.973 
    4390    19.967    19.972 
    4400    19.966    19.972 
    4410    19.967    19.973 
    4420    19.967    19.972 
    4430    19.971    19.968 
    4440    19.967    19.972 
    4450    19.992    19.983 
    4460    19.967    19.972 
    4470    19.967    19.972 
    4480    19.967    19.972 
    4490    19.967    19.972 
    4500    19.950    19.969 
    4510    19.967    19.973 
    4520    19.964    19.972 
    4530    19.967    19.972 
    4540    19.967    19.973 
    4550    19.977    19.977 
    4560    19.967    19.972 
    4570    19.967    19.972 
    4580    19.969    19.960 
    4590    19.967    19.972 
    4600    19.952    19.969 
    4610    19.967    19.972 
    4620    19.967    19.976 
    4630    19.966    19.972 
    4640    19.968    19.973 
    4650    19.965    19.972 
    4660    19.967    19.972 
    4670    19.967    19.972 
    4680    19.965    19.972 
    4690    19.967    19.972 
    4700    20.008    19.865 
    4710    19.967    19.972 
    4720    19.967    19.972 
    4730    19.968    19.965 
    4740    19.967    19.972 
    4750    19.968    19.968 
    4760    19.967    19.972 
    4770    19.967    19.973 
    4780    19.966    19.973 
    4790    19.967    19.972 
    4800    19.964    19.974 
    4810    19.967    19.972 
    4820    19.967    19.972 
    4830    19.967    19.972 
    4840    19.967    19.972 
    4850    20.082    20.127 
    4860    19.967    19.972 
    4870    19.967    19.972 
    4880    46.569    76.238 
    4890    19.967    19.972 
    4900    19.968    19.972 
    4910    19.967    19.972 
    4920    19.967    19.972 
    4930    19.968    19.972 
    4940    19.967    19.972 
    4950    19.954    19.942 
    4960    19.967    19.972 
    4970    19.967    19.972 
    4980    19.968    19.974 
    4990    19.967    19.972 
    5000    19.975    19.981 
    5010    19.967    19.972 
    5020    19.967    19.972 
    5030    19.967    19.972 
    5040    19.967    19.972 
    5050    19.964    19.967 
    5060    19.967    19.972 
    5070    19.967    19.972 
    5080    19.967    19.972 
    5090    19.967    19.972 
    5100    19.973    19.966 
    5110    19.967    19.972 
    5120    19.967    19.972 
    5130    19.967    19.972 
    5140    19.967    19.972 
    5150    19.934    20.014 
    5160    19.966    19.974 
    5170    19.967    19.972 
    5180    19.967    19.972 
    5190    19.967    19.972 
    5200    19.828    19.858 
    5210    19.967    19.972 
    5220    19.967    19.972 
    5230    19.967    19.972 
    5240    19.967    19.972 
    5250    20.021    19.899 
    5260    19.966    19.972 
    5270    19.967    19.972 
    5280   -63.740   -40.540 
    5290    19.967    19.972 
    5300    19.965    19.974 
    5310    19.967    19.972 
    5320    19.967    19.972 
    5330    19.967    19.974 
    5340    19.967    19.972 
    5350    19.966    19.973 
    5360    19.967    19.972 
    5370    19.967    19.972 
    5380    19.965    19.975 
    5390    19.967    19.972 
    5400    19.901    19.926 
    5410    19.967    19.973 
    5420    19.967    19.972 
    5430    19.967    19.973 
    5440    19.967    19.972 
    5450    19.965    19.971 
    5460    19.967    19.972 
    5470    19.967    19.972 
    5480    19.965    19.971 
    5490    19.967    19.972 
    5500    19.953    19.990 
    5510    19.967    19.973 
    5520    19.967    19.972 
    5530    19.964    19.974 
    5540    19.967    19.972 
    5550    19.888    19.942 
    5560    19.967    19.972 
    5570    19.967    19.972 
    5580    19.964    19.974 
    5590    19.967    19.972 
    5600    19.942    19.984 
    5610    19.967    19.972 
    5620    19.967    19.972 
    5630    19.966    19.973 
    5640    19.967    19.972 
    5650    19.969    19.977 
    5660    19.967    19.972 
    5670    19.967    19.972 
    5680    19.967    19.972 
    5690    19.967    19.972 
    5700    19.952    19.983 
    5710    19.967    19.972 
    5720    19.967    19.972 
    5730    19.967    19.972 
    5740    19.967    19.973 
    5750    19.970    19.991 
    5760    19.967    19.972 
    5770    19.967    19.972 
    5780    19.967    19.972 
    5790    19.967    19.972 
    5800    19.972    19.975 
    5810    19.967    19.972 
    5820    19.967    19.972 
    5830    19.967    19.973 
    5840    19.967    19.972 
    5850    19.963    19.978 
    5860    19.967    19.972 
    5870    19.967    19.972 
    5880    19.967    19.971 
    5890    19.963    19.980 
    5900    19.965    19.968 
    5910    19.967    19.972 
    5920    19.966    19.973 
    5930    19.966    19.972 
    5940    19.967    19.972 
    5950    20.052    19.924 
    5960    19.967    19.972 
    5970    19.967    19.972 
    5980    19.963    19.976 
    5990    19.967    19.972 
    6000    19.969    19.968 
    6010    19.967    19.972 
    6020    19.967    19.972 
    6030    19.968    19.973 
    6040    19.967    19.972 
    6050    20.150    20.038 
    6060    19.967    19.972 
    6070    19.967    19.972 
    6080    19.967    19.972 
    6090    19.967    19.972 
    6100    19.969    19.965 
    6110    19.966    19.972 
    6120    19.967    19.972 
    6130    19.966    19.972 
    6140    19.967    19.972 
    6150    19.927    19.974 
    6160    19.967    19.971 
    6170    19.967    19.972 
    6180    19.967    19.972 
    6190    19.966    19.972 
    6200    19.958    19.973 
    6210    19.967    19.972 
    6220    19.967    19.972 
    6230    19.967    19.972 
    6240    19.967    19.972 
    6250    19.862    20.027 
    6260    19.967    19.972 
    6270    19.967    19.972 
    6280    79.536    58.527 
    6290    19.967    19.972 
    6300    20.033    19.833 
    6310    19.967    19.972 
    6320    19.967    19.972 
    6330    19.967    19.973 
    6340    19.967    19.972 
    6350    19.933    19.963 
    6360    19.967    19.972 
    6370    19.967    19.972 
    6380    19.967    19.972 
    6390    19.967    19.972 
    6400    19.967    19.973 
    6410    19.967    19.972 
    6420    19.967    19.972 
    6430    19.967    19.972 
    6440    19.967    19.973 
    6450    19.968    19.974 
    6460    19.967    19.972 
    6470    19.966    19.974 
    6480    19.967    19.972 
    6490    19.967    19.972 
    6500    19.976    19.970 
    6510    19.967    19.972 
    6520    19.967    19.972 
    6530    76.124   124.627 
    6540    19.967    19.972 
    6550    19.977    19.986 
    6560    19.967    19.972 
    6570    19.967    19.972 
    6580    19.967    19.974 
    6590    19.967    19.972 
    6600    19.964    19.974 
    6610    19.967    19.972 
    6620    19.967    19.972 
    6630    19.967    19.972 
    6640    19.966    19.972 
    6650    19.928    19.953 
    6660    19.967    19.972 
    6670    19.967    19.972 
    6680    19.967    19.973 
    6690    19.967    19.972 
    6700    20.005    20.019 
    6710    19.967    19.972 
    6720    19.967    19.972 
    6730    19.967    19.972 
    6740    19.968    19.972 
    6750    20.079    20.007 
    6760    19.967    19.973 
    6770    19.967    19.972 
    6780    19.968    19.974 
    6790    19.967    19.972 
    6800    19.958    20.176 
    6810    19.967    19.972 
    6820    19.967    19.973 
    6830    19.967    19.968 
    6840    19.967    19.972 
    6850    19.967    19.970 
    6860    19.965    19.973 
    6870    19.967    19.972 
    6880    19.966    19.973 
    6890    19.967    19.972 
    6900    19.968    20.056 
    6910    19.969    19.972 
    6920    19.967    19.972 
    6930    19.966    19.972 
    6940    19.967    19.972 
    6950    19.957    19.881 
    6960    19.967    19.972 
    6970    19.967    19.972 
    6980    19.966    19.971 
    6990    19.967    19.972 
    7000    19.968    19.977 
    7010    19.967    19.972 
    7020    19.967    19.973 
    7030    19.968    19.973 
    7040    19.967    19.973 
    7050    19.995    19.965 
    7060    19.967    19.973 
    7070    19.967    19.972 
    7080    19.967    19.972 
    7090    19.969    19.977 
    7100    19.972    19.969 
    7110    19.967    19.972 
    7120    19.967    19.972 
    7130    19.965    19.973 
    7140    19.967    19.973 
    7150    19.967    19.973 
    7160    19.967    19.972 
    7170    19.967    19.972 
    7180    19.967    19.972 
    7190    19.967    19.972 
    7200    19.965    19.972 
    7210    19.966    19.967 
    7220    19.967    19.973 
    7230    19.967    19.972 
    7240    19.967    19.972 
    7250    19.966    19.971 
    7260    19.967    19.972 
    7270    19.967    19.973 
    7280    19.966    19.972 
    7290    19.967    19.972 
    7300    19.967    19.967 
    7310    19.968    19.972 
    7320    19.967    19.972 
    7330    19.967    19.972 
    7340    19.966    19.968 
    7350    19.976    20.178 
    7360    19.967    19.973 
    7370    19.967    19.972 
    7380    19.967    19.973 
    7390    19.967    19.972 
    7400    19.967    19.974 
    7410    19.968    19.972 
    7420    19.967    19.972 
    7430    19.967    19.972 
    7440    19.967    19.972 
    7450    19.950    19.977 
    7460    19.967    19.972 
    7470    19.967    19.972 
    7480    19.967    19.972 
    7490    19.967    19.973 
    7500    19.963    20.029 
    7510    19.967    19.972 
    7520    19.967    19.972 
    7530    19.964    19.972 
    7540    19.967    19.972 
    7550    19.967    19.972 
    7560    19.967    19.972 
    7570    19.967    19.972 
    7580    19.960    19.962 
    7590    19.967    19.972 
    7600    19.969    19.974 
    7610    19.967    19.972 
    7620    19.967    19.972 
    7630    19.967    19.972 
    7640    19.967    19.972 
    7650    19.970    19.957 
    7660    19.967    19.972 
    7670    19.967    19.972 
    7680    19.967    19.971 
    7690    19.967    19.973 
    7700    19.940    20.011 
    7710    19.967    19.972 
    7720    19.967    19.972 
    7730    19.967    19.973 
    7740    19.967    19.972 
    7750    20.046    20.085 
    7760    19.968    19.974 
    7770    19.967    19.972 
    7780   -29.008   -56.169 
    7790    19.967    19.973 
    7800    20.009    19.957 
    7810    19.967    19.972 
    7820    19.967    19.972 
    7830    19.966    19.973 
    7840    19.967    19.972 
    7850    19.958    19.970 
    7860    19.967    19.973 
    7870    19.973    19.974 
    7880    19.966    19.975 
    7890    19.967    19.972 
    7900    20.091    19.951 
    7910    19.968    19.972 
    7920    19.967    19.972 
    7930    19.966    19.972 
    7940    19.967    19.973 
    7950    19.925    20.125 
    7960    19.967    19.974 
    7970    19.967    19.972 
    7980    19.967    19.972 
    7990    19.967    19.972 
    8000    19.952    19.913 
    8010    19.967    19.973 
    8020    19.966    19.970 
    8030    19.967    19.972 
    8040    19.967    19.972 
    8050    19.971    19.997 
    8060    19.967    19.972 
    8070    19.967    19.973 
    8080    19.967    19.972 
    8090    19.967    19.973 
    8100    19.954    20.009 
    8110    19.967    19.972 
    8120    19.967    19.972 
    8130    19.967    19.972 
    8140    19.967    19.972 
    8150    19.968    19.977 
    8160    19.966    19.973 
    8170    19.967    19.972 
    8180    19.964    19.972 
    8190    19.967    19.972 
    8200    19.692    19.738 
    8210    19.967    19.972 
    8220    19.967    19.972 
    8230    19.967    19.972 
    8240    19.967    19.972 
    8250    19.976    19.952 
    8260    19.967    19.972 
    8270    19.967    19.972 
    8280    19.965    19.972 
    8290    19.967    19.972 
    8300    19.973    19.961 
    8310    19.967    19.972 
    8320    19.967    19.972 
    8330    19.966    19.972 
    8340    19.967    19.973 
    8350    19.970    19.967 
    8360    19.967    19.972 
    8370    19.967    19.972 
    8380    19.967    19.973 
    8390    19.966    19.975 
    8400    19.990    19.895 
    8410    19.967    19.972 
    8420    19.967    19.972 
    8430    19.967    19.972 
    8440    19.967    19.972 
    8450    19.970    19.955 
    8460    19.967    19.972 
    8470    19.967    19.972 
    8480    19.967    19.973 
    8490    19.967    19.972 
    8500    19.966    19.973 
    8510    19.967    19.972 
    8520    19.967    19.972 
    8530    19.968    19.972 
    8540    19.967    19.972 
    8550    19.972    19.982 
    8560    19.967    19.972 
    8570    19.966    19.973 
    8580    19.964    19.973 
    8590    19.967    19.972 
    8600    20.000    20.093 
    8610    19.967    19.973 
    8620    19.967    19.972 
    8630    19.967    19.974 
    8640    19.967    19.972 
    8650    19.958    19.975 
    8660    19.967    19.972 
    8670    19.961    19.974 
    8680    19.967    19.972 
    8690    19.968    19.972 
    8700    19.940    19.971 
    8710    19.967    19.972 
    8720    19.967    19.972 
    8730    19.967    19.973 
    8740    19.967    19.972 
    8750    19.863    20.002 
    8760    19.967    19.973 
    8770    19.967    19.972 
    8780    19.967    19.972 
    8790    19.967    19.972 
    8800    19.966    19.967 
    8810    19.967    19.972 
    8820    19.967    19.972 
    8830    19.967    19.973 
    8840    19.967    19.972 
    8850    19.969    19.969 
    8860    19.967    19.972 
    8870    19.967    19.972 
    8880    19.965    19.974 
    8890    19.967    19.972 
    8900    19.939    19.968 
    8910    19.967    19.976 
    8920    19.967    19.972 
    8930    19.967    19.973 
    8940    19.967    19.972 
    8950    19.965    20.000 
    8960    19.966    19.972 
    8970    19.967    19.972 
    8980    19.966    19.972 
    8990    19.967    19.972 
    9000    19.976    19.974 
    9010    19.967    19.972 
    9020    19.967    19.972 
    9030    19.968    19.965 
    9040    19.967    19.972 
    9050    19.842    19.948 
    9060    19.966    19.974 
    9070    19.965    19.973 
    9080    19.967    19.972 
    9090    19.967    19.972 
    9100    19.961    19.948 
    9110    19.967    19.972 
    9120    19.967    19.972 
    9130    19.967    19.973 
    9140    19.967    19.972 
    9150    19.950    19.970 
    9160    19.967    19.972 
    9170    19.967    19.972 
    9180    19.967    19.972 
    9190    19.967    19.972 
    9200    19.973    19.970 
    9210    19.967    19.972 
    9220    19.967    19.972 
    9230    19.966    19.972 
    9240    19.967    19.972 
    9250    19.970    19.970 
    9260    19.967    19.973 
    9270    19.967    19.972 
    9280    19.966    19.972 
    9290    19.967    19.972 
    9300    19.966    19.986 
    9310    19.967    19.972 
    9320    19.967    19.972 
    9330    19.967    19.972 
    9340    19.968    19.973 
    9350    19.975    19.978 
    9360    19.967    19.972 
    9370    19.967    19.972 
    9380   -75.141    95.722 
    9390    19.967    19.972 
    9400    19.960    19.965 
    9410    19.967    19.973 
    9420    19.963    19.975 
    9430    19.968    19.972 
    9440    19.967    19.973 
    9450    19.967    19.973 
    9460    19.967    19.972 
    9470    19.967    19.972 
    9480    19.967    19.972 
    9490    19.967    19.972 
    9500    19.962    19.974 
    9510    19.967    19.972 
    9520    19.967    19.972 
    9530    19.966    19.972 
    9540    19.967    19.972 
    9550    19.987    20.050 
    9560    19.967    19.973 
    9570    19.967    19.972 
    9580    52.010   119.933 
    9590    19.967    19.972 
    9600    19.967    19.972 
    9610    19.967    19.973 
    9620    19.966    19.974 
    9630    19.968    19.971 
    9640    19.967    19.973 
    9650    20.073    20.026 
    9660    19.969    19.974 
    9670    19.967    19.972 
    9680   -46.646   -32.900 
    9690    19.967    19.972 
    9700    19.917    20.056 
    9710    19.967    19.972 
    9720    19.967    19.972 
    9730    19.967    19.976 
    9740    19.967    19.972 
    9750    19.967    19.979 
    9760    19.967    19.972 
    9770    19.967    19.972 
    9780    19.971    19.973 
    9790    19.967    19.972 
    9800    19.968    19.967 
    9810    19.967    19.972 
    9820    19.967    19.972 
    9830    19.970    19.974 
    9840    19.967    19.972 
    9850    19.980    19.944 
    9860    19.967    19.972 
    9870    19.967    19.972 
    9880    19.968    19.972 
    9890    19.967    19.973 
    9900    20.059    20.122 
    9910    19.967    19.972 
    9920    19.975    19.976 
    9930    19.967    19.972 
    9940    19.967    19.972 
    9950    20.046    19.740 
    9960    19.967    19.972 
    9970    19.967    19.972 
    9980    19.969    19.972 
    9990    19.967    19.972 
   10000    19.967    19.972 
