       0    79.943    79.942 
      10    84.927    84.975 
      20    84.935    84.963 
      30    84.936    84.982 
      40    84.937    84.925 
      50    84.937    84.915 
      60    84.940    84.938 
      70    85.139    84.945 
      80    84.941    84.935 
      90    84.942    84.941 
     100    84.948    84.940 
     110    84.943    84.941 
     120    84.945    84.939 
     130    84.945    84.941 
     140    84.943    84.941 
     150    84.955    84.963 
     160    84.944    84.941 
     170    84.950    84.944 
     180    84.939    84.964 
     190    84.943    84.941 
     200    84.946    84.946 
     210    84.941    84.942 
     220    84.944    84.942 
     230    84.943    84.942 
     240    84.942    84.918 
     250    84.945    84.945 
     260    84.920    84.943 
     270    84.946    84.945 
     280    84.938    84.947 
     290    84.943    84.940 
     300    84.945    84.941 
     310    84.944    84.942 
     320    84.947    84.943 
     330    84.944    84.942 
     340    84.945    84.942 
     350    84.946    84.941 
     360    84.944    84.942 
     370    84.945    84.943 
     380    84.944    84.944 
     390    84.945    84.943 
     400    84.965    84.952 
     410    84.947    84.944 
     420    84.938    84.945 
     430    84.946    84.943 
     440    84.944    84.944 
     450    85.069    85.166 
     460    84.945    84.943 
     470    84.942    84.948 
     480    84.947    84.945 
     490    84.945    84.947 
     500    84.982    84.945 
     510    84.945    84.966 
     520    84.945    84.944 
     530    84.946    84.945 
     540    84.945    84.945 
     550    84.946    84.940 
     560    84.956    84.947 
     570    84.946    84.945 
     580    84.945    84.947 
     590    84.946    84.945 
     600    84.952    84.850 
     610    84.953    84.946 
     620    84.946    84.946 
     630    84.945    84.946 
     640    84.946    84.941 
     650    84.949    84.880 
     660    84.946    84.946 
     670    84.946    84.946 
     680    84.944    84.949 
     690    84.946    84.946 
     700    84.843    84.898 
     710    84.946    84.946 
     720    84.946    84.946 
     730    84.942    84.944 
     740    84.946    84.946 
     750    84.882    85.083 
     760    84.945    84.946 
     770    84.946    84.946 
     780    84.944    84.950 
     790    84.946    84.946 
     800    84.834    84.905 
     810    84.945    84.946 
     820    84.946    84.946 
     830    84.946    84.944 
     840    84.946    84.946 
     850    84.958    84.949 
     860    84.946    84.946 
     870    84.947    84.946 
     880    84.946    84.946 
     890    84.946    84.946 
     900    84.946    84.945 
     910    84.946    84.946 
     920    84.909    84.929 
     930    84.945    84.946 
     940    84.938    84.939 
     950    84.944    84.947 
     960    84.946    84.947 
     970    84.946    84.946 
     980    84.939    84.953 
     990    84.947    84.946 
    1000    84.948    84.945 
    1010    84.946    84.947 
    1020    84.946    84.947 
    1030    84.946    84.946 
    1040    84.946    84.947 
    1050    84.949    84.951 
    1060    84.946    84.947 
    1070    84.946    84.947 
    1080    84.946    84.947 
    1090    84.946    84.947 
    1100    84.945    84.945 
    1110    84.946    84.947 
    1120    84.946    84.947 
    1130    84.945    84.948 
    1140    84.946    84.947 
    1150    84.722    84.755 
    1160    84.946    84.947 
    1170    84.946    84.947 
    1180    84.944    84.946 
    1190    84.945    84.948 
    1200    84.954    84.934 
    1210    84.946    84.947 
    1220    84.946    84.947 
    1230    84.946    84.947 
    1240    84.946    84.947 
    1250    84.946    84.947 
    1260    84.946    84.947 
    1270    84.946    84.947 
    1280    84.945    84.947 
    1290    84.945    84.946 
    1300    84.904    84.897 
    1310    84.946    84.947 
    1320    84.946    84.947 
    1330    84.946    84.948 
    1340    84.945    84.948 
    1350    84.943    84.944 
    1360    84.946    84.948 
    1370    84.945    84.947 
    1380    84.946    84.947 
    1390    84.944    84.947 
    1400    84.946    84.949 
    1410    84.952    84.948 
    1420    84.946    84.948 
    1430    84.946    84.947 
    1440    84.947    84.948 
    1450    85.226    84.985 
    1460    84.946    84.947 
    1470    84.946    84.948 
    1480    84.946    84.947 
    1490    84.944    84.947 
    1500    84.895    84.940 
    1510    84.943    84.964 
    1520    84.946    84.948 
    1530    84.947    84.945 
    1540    84.946    84.948 
    1550    85.339    85.033 
    1560    84.946    84.948 
    1570    85.004    84.959 
    1580    84.946    84.947 
    1590    84.935    84.946 
    1600    84.942    84.948 
    1610    84.949    84.965 
    1620    84.946    84.948 
    1630    84.946    84.948 
    1640    84.946    84.948 
    1650    85.229    84.593 
    1660    84.946    84.948 
    1670    84.914    84.924 
    1680    84.946    84.948 
    1690    84.946    84.948 
    1700    84.942    84.942 
    1710    84.947    84.948 
    1720    84.946    84.948 
    1730    84.946    84.948 
    1740    84.947    84.949 
    1750    84.944    84.945 
    1760    84.945    84.949 
    1770    84.946    84.948 
    1780    84.946    84.948 
    1790    84.947    84.949 
    1800    84.932    84.933 
    1810    84.958    84.937 
    1820    84.946    84.948 
    1830    84.947    84.948 
    1840    84.946    84.948 
    1850    84.963    84.965 
    1860    84.946    84.948 
    1870    84.946    84.948 
    1880    84.946    84.948 
    1890    84.946    84.948 
    1900    84.977    84.986 
    1910    84.946    84.948 
    1920    84.947    84.948 
    1930    84.946    84.948 
    1940    84.946    84.948 
    1950    84.958    85.180 
    1960    84.947    84.948 
    1970    84.946    84.948 
    1980    84.946    84.948 
    1990    84.946    84.948 
    2000    84.944    84.974 
    2010    84.946    84.948 
    2020    84.946    84.948 
    2030    84.946    84.948 
    2040    84.946    84.947 
    2050    84.942    84.947 
    2060    84.946    84.951 
    2070    84.946    84.948 
    2080    84.947    84.948 
    2090    84.946    84.948 
    2100    84.948    84.942 
    2110    84.947    84.948 
    2120    84.946    84.948 
    2130    84.946    84.949 
    2140    84.946    84.948 
    2150    85.133    84.657 
    2160    84.946    84.948 
    2170    84.947    84.947 
    2180    84.945    84.949 
    2190    84.947    84.949 
    2200    84.956    84.960 
    2210    84.946    84.948 
    2220    84.961    84.934 
    2230    84.946    84.948 
    2240    84.936    84.956 
    2250    84.950    84.944 
    2260    84.945    84.948 
    2270    84.946    84.948 
    2280    84.943    84.952 
    2290    84.946    84.949 
    2300    85.498    84.831 
    2310    84.946    84.949 
    2320    84.947    84.949 
    2330    84.946    84.948 
    2340    84.946    84.949 
    2350    84.947    84.957 
    2360    84.946    84.949 
    2370    84.946    84.949 
    2380    84.946    84.945 
    2390    84.947    84.949 
    2400    85.353    84.902 
    2410    84.946    84.949 
    2420    84.946    84.949 
    2430    84.943    84.949 
    2440    84.946    84.949 
    2450    84.946    84.947 
    2460    84.926    84.952 
    2470    84.946    84.949 
    2480    84.948    84.948 
    2490    84.946    84.949 
    2500    84.943    84.925 
    2510    84.946    84.949 
    2520    84.946    84.949 
    2530    84.950    84.949 
    2540    84.946    84.948 
    2550    84.947    84.958 
    2560    84.924    84.950 
    2570    84.946    84.949 
    2580    84.946    84.949 
    2590    84.946    84.949 
    2600    84.947    84.955 
    2610    84.946    84.949 
    2620    84.946    84.949 
    2630    84.946    84.948 
    2640    84.946    84.949 
    2650    84.947    84.947 
    2660    84.946    84.949 
    2670    84.953    84.952 
    2680    84.946    84.948 
    2690    84.946    84.950 
    2700    84.947    84.949 
    2710    84.946    84.949 
    2720    84.946    84.949 
    2730    84.946    84.948 
    2740    84.946    84.949 
    2750    84.950    84.946 
    2760    84.946    84.949 
    2770    84.946    84.949 
    2780    84.942    84.944 
    2790    84.947    84.948 
    2800    84.940    84.953 
    2810    84.946    84.949 
    2820    84.946    84.949 
    2830    84.940    84.940 
    2840    84.949    84.947 
    2850    84.950    84.946 
    2860    84.946    84.949 
    2870    84.943    84.946 
    2880    84.946    84.948 
    2890    84.946    84.949 
    2900    84.973    84.973 
    2910    84.946    84.949 
    2920    84.946    84.949 
    2930    84.940    84.945 
    2940    84.946    84.949 
    2950    85.050    84.789 
    2960    84.947    84.949 
    2970    84.946    84.949 
    2980    84.946    84.949 
    2990    84.946    84.949 
    3000    84.946    84.949 
    3010    84.946    84.949 
    3020    84.946    84.949 
    3030    84.945    84.952 
    3040    84.946    84.949 
    3050    84.954    84.953 
    3060    84.946    84.949 
    3070    84.946    84.949 
    3080    84.947    84.947 
    3090    84.946    84.949 
    3100    84.899    84.923 
    3110    84.946    84.949 
    3120    84.946    84.949 
    3130    84.947    84.945 
    3140    84.947    84.949 
    3150    84.953    84.951 
    3160    84.946    84.949 
    3170    84.946    84.949 
    3180    84.947    84.949 
    3190    84.948    84.949 
    3200    84.945    84.954 
    3210    84.946    84.949 
    3220    84.947    84.949 
    3230    84.946    84.949 
    3240    84.945    84.954 
    3250    84.946    84.952 
    3260    84.946    84.949 
    3270    84.945    84.962 
    3280    84.948    84.949 
    3290    84.946    84.949 
    3300    85.294    85.055 
    3310    84.946    84.949 
    3320    84.946    84.949 
    3330    84.947    84.953 
    3340    84.946    84.949 
    3350    84.964    84.946 
    3360    84.948    84.949 
    3370    84.950    84.948 
    3380    84.946    84.949 
    3390    84.946    84.949 
    3400    85.676    84.853 
    3410    84.947    84.950 
    3420    84.946    84.949 
    3430    84.946    84.952 
    3440    84.944    84.950 
    3450    84.944    84.950 
    3460    84.946    84.949 
    3470    84.946    84.950 
    3480    84.948    84.949 
    3490    84.944    84.949 
    3500    84.944    84.956 
    3510    84.946    84.949 
    3520    84.946    84.950 
    3530    84.946    84.949 
    3540    84.946    84.949 
    3550    85.295    85.107 
    3560    84.946    84.950 
    3570    84.946    84.949 
    3580    84.935    84.963 
    3590    84.945    84.951 
    3600    84.888    84.986 
    3610    84.946    84.949 
    3620    84.946    84.950 
    3630    84.949    84.948 
    3640    84.946    84.949 
    3650    84.947    84.949 
    3660    84.946    84.950 
    3670    84.946    84.950 
    3680    84.946    84.950 
    3690    84.946    84.949 
    3700    84.946    84.945 
    3710    84.946    84.950 
    3720    84.947    84.950 
    3730    84.949    84.949 
    3740    84.946    84.950 
    3750    84.962    85.418 
    3760    84.946    84.950 
    3770    84.946    84.950 
    3780    84.946    84.943 
    3790    84.943    84.950 
    3800    84.941    84.950 
    3810    84.946    84.950 
    3820    84.946    84.950 
    3830    84.946    84.958 
    3840    84.946    84.950 
    3850    84.183    84.954 
    3860    84.946    84.950 
    3870    84.946    84.950 
    3880    84.945    84.950 
    3890    84.946    84.950 
    3900    84.947    84.950 
    3910    84.946    84.950 
    3920    84.946    84.950 
    3930    84.946    84.949 
    3940    84.946    84.949 
    3950    84.940    84.950 
    3960    84.947    84.950 
    3970    84.946    84.950 
    3980    84.946    84.949 
    3990    84.947    84.950 
    4000    84.947    84.950 
    4010    84.946    84.950 
    4020    84.946    84.950 
    4030    84.948    84.953 
    4040    84.947    84.949 
    4050    84.951    84.946 
    4060    84.946    84.950 
    4070    84.946    84.948 
    4080    84.947    84.953 
    4090    84.946    84.950 
    4100    84.001    85.267 
    4110    84.946    84.950 
    4120    84.946    84.950 
    4130    84.941    84.942 
    4140    84.946    84.950 
    4150    84.945    84.950 
    4160    84.946    84.950 
    4170    84.946    84.950 
    4180    84.946    84.949 
    4190    84.946    84.949 
    4200    85.145    85.072 
    4210    84.961    84.954 
    4220    84.946    84.950 
    4230    84.945    84.951 
    4240    84.947    84.950 
    4250    84.933    84.940 
    4260    84.946    84.950 
    4270    84.946    84.950 
    4280    84.946    84.949 
    4290    84.946    84.950 
    4300    84.915    84.975 
    4310    84.946    84.950 
    4320    84.946    84.950 
    4330    84.947    84.950 
    4340    84.946    84.950 
    4350    84.947    84.948 
    4360    84.946    84.950 
    4370    84.947    84.950 
    4380    84.946    84.949 
    4390    84.946    84.950 
    4400    85.202    84.538 
    4410    84.946    84.950 
    4420    84.946    84.950 
    4430    84.945    84.953 
    4440    84.946    84.950 
    4450    86.522    85.580 
    4460    84.942    84.948 
    4470    84.947    84.950 
    4480    84.946    84.950 
    4490    84.946    84.950 
    4500    84.947    84.950 
    4510    84.946    84.950 
    4520    84.943    84.953 
    4530    84.949    84.948 
    4540    84.946    84.950 
    4550    84.813    84.728 
    4560    84.946    84.950 
    4570    84.946    84.950 
    4580    84.947    84.950 
    4590    84.946    84.950 
    4600    84.950    84.945 
    4610    84.946    84.950 
    4620    84.946    84.950 
    4630    84.946    84.949 
    4640    84.946    84.950 
    4650    84.953    84.945 
    4660    84.946    84.950 
    4670    84.946    84.950 
    4680    84.947    84.949 
    4690    84.947    84.950 
    4700    84.949    84.948 
    4710    84.946    84.950 
    4720    84.946    84.950 
    4730    84.946    84.950 
    4740    84.946    84.950 
    4750    84.885    84.964 
    4760    84.946    84.950 
    4770    84.946    84.950 
    4780    84.946    84.948 
    4790    84.947    84.950 
    4800    84.717    84.964 
    4810    84.946    84.950 
    4820    84.946    84.950 
    4830    84.947    84.953 
    4840    84.946    84.950 
    4850    84.946    84.951 
    4860    84.946    84.950 
    4870    84.946    84.950 
    4880    84.946    84.949 
    4890    84.946    84.950 
    4900    85.021    85.062 
    4910    84.946    84.950 
    4920    84.985    84.926 
    4930    84.947    84.951 
    4940    84.947    84.950 
    4950    84.942    84.950 
    4960    84.946    84.950 
    4970    84.946    84.950 
    4980    84.946    84.949 
    4990    84.946    84.950 
    5000    84.914    85.004 
    5010    84.948    84.947 
    5020    84.946    84.950 
    5030    84.946    84.950 
    5040    84.946    84.950 
    5050    84.950    84.954 
    5060    84.947    84.950 
    5070    84.946    84.950 
    5080    84.947    84.948 
    5090    84.946    84.950 
    5100    84.946    84.950 
    5110    84.946    84.951 
    5120    84.946    84.950 
    5130    84.946    84.948 
    5140    84.946    84.950 
    5150    84.945    84.950 
    5160    84.946    84.950 
    5170    84.946    84.950 
    5180    84.945    84.943 
    5190    84.946    84.949 
    5200    85.124    85.484 
    5210    84.946    84.950 
    5220    84.947    84.950 
    5230    84.944    84.952 
    5240    84.946    84.950 
    5250    84.946    84.949 
    5260    84.946    84.950 
    5270    84.946    84.950 
    5280    84.946    84.949 
    5290    84.947    84.950 
    5300    84.941    84.942 
    5310    84.946    84.950 
    5320    84.946    84.950 
    5330    84.945    84.947 
    5340    84.946    84.950 
    5350    84.792    84.810 
    5360    84.946    84.950 
    5370    84.947    84.950 
    5380    84.946    84.950 
    5390    84.947    84.949 
    5400    84.927    84.959 
    5410    84.946    84.950 
    5420    84.946    84.950 
    5430    84.948    84.948 
    5440    84.946    84.950 
    5450    84.943    84.944 
    5460    84.946    84.950 
    5470    84.946    84.950 
    5480    84.952    84.948 
    5490    84.946    84.950 
    5500    84.956    84.948 
    5510    84.946    84.950 
    5520    84.946    84.950 
    5530    84.946    84.950 
    5540    84.950    84.949 
    5550    84.956    84.950 
    5560    84.946    84.950 
    5570    84.946    84.950 
    5580    84.948    84.949 
    5590    84.947    84.949 
    5600    84.941    84.950 
    5610    84.946    84.947 
    5620    84.946    84.950 
    5630    84.946    84.950 
    5640    84.946    84.950 
    5650    84.944    85.292 
    5660    84.946    84.950 
    5670    84.946    84.950 
    5680    84.948    84.938 
    5690    84.946    84.950 
    5700    84.998    84.924 
    5710    84.946    84.950 
    5720    84.946    84.950 
    5730    84.946    84.949 
    5740    84.946    84.950 
    5750    84.946    84.949 
    5760    84.946    84.950 
    5770    84.946    84.950 
    5780    84.945    84.947 
    5790    84.946    84.949 
    5800    85.127    85.072 
    5810    84.956    84.955 
    5820    84.947    84.950 
    5830    84.945    84.951 
    5840    84.948    84.949 
    5850    84.947    84.947 
    5860    84.946    84.950 
    5870    84.946    84.950 
    5880    84.947    84.948 
    5890    84.941    84.958 
    5900    84.963    84.923 
    5910    84.946    84.950 
    5920    84.946    84.950 
    5930    84.950    84.951 
    5940    84.946    84.950 
    5950    84.945    84.954 
    5960    84.946    84.950 
    5970    84.946    84.950 
    5980    84.945    84.949 
    5990    84.946    84.950 
    6000    84.946    84.950 
    6010    84.946    84.950 
    6020    84.946    84.950 
    6030    84.946    84.949 
    6040    84.947    84.949 
    6050    84.946    84.949 
    6060    84.946    84.950 
    6070    84.946    84.950 
    6080    84.949    84.946 
    6090    84.946    84.950 
    6100    84.922    84.932 
    6110    84.951    84.955 
    6120    84.946    84.949 
    6130    84.947    84.950 
    6140    84.946    84.950 
    6150    84.956    84.985 
    6160    84.946    84.950 
    6170    84.946    84.950 
    6180    84.946    84.950 
    6190    84.946    84.950 
    6200    84.946    84.951 
    6210    84.946    84.950 
    6220    84.946    84.950 
    6230    84.946    84.949 
    6240    84.946    84.950 
    6250    84.901    84.920 
    6260    84.946    84.950 
    6270    84.946    84.952 
    6280    84.948    84.952 
    6290    84.947    84.950 
    6300    84.950    84.952 
    6310    84.946    84.950 
    6320    84.947    84.949 
    6330    84.946    84.951 
    6340    84.946    84.950 
    6350    84.945    84.951 
    6360    84.946    84.950 
    6370    84.946    84.950 
    6380    84.946    84.950 
    6390    84.947    84.949 
    6400    85.010    84.906 
    6410    84.946    84.950 
    6420    84.947    84.950 
    6430    84.948    84.953 
    6440    84.946    84.950 
    6450    84.955    84.954 
    6460    84.946    84.950 
    6470    84.947    84.949 
    6480    84.946    84.949 
    6490    84.947    84.950 
    6500    84.967    84.915 
    6510    84.946    84.950 
    6520    84.946    84.950 
    6530    84.940    84.956 
    6540    84.940    84.955 
    6550    84.912    84.970 
    6560    84.946    84.950 
    6570    84.946    84.950 
    6580    84.947    84.950 
    6590    84.946    84.950 
    6600    84.944    84.948 
    6610    84.946    84.950 
    6620    84.946    84.950 
    6630    84.947    84.950 
    6640    84.946    84.950 
    6650    84.916    84.933 
    6660    84.946    84.950 
    6670    84.946    84.950 
    6680    84.946    84.949 
    6690    84.946    84.950 
    6700    84.947    84.950 
    6710    84.946    84.950 
    6720    84.946    84.950 
    6730    84.947    84.952 
    6740    84.946    84.950 
    6750    84.941    84.955 
    6760    84.946    84.950 
    6770    84.946    84.950 
    6780    84.946    84.949 
    6790    84.946    84.950 
    6800    84.947    84.950 
    6810    84.946    84.950 
    6820    84.946    84.950 
    6830    84.947    84.950 
    6840    84.946    84.950 
    6850    84.949    84.946 
    6860    84.946    84.950 
    6870    84.946    84.950 
    6880    84.945    84.949 
    6890    84.946    84.950 
    6900    84.943    84.949 
    6910    84.946    84.950 
    6920    84.946    84.950 
    6930    84.946    84.949 
    6940    84.946    84.950 
    6950    84.946    84.943 
    6960    84.946    84.950 
    6970    84.946    84.950 
    6980    84.947    84.950 
    6990    84.946    84.950 
    7000    84.946    84.952 
    7010    84.946    84.950 
    7020    84.946    84.950 
    7030    84.947    84.950 
    7040    84.946    84.950 
    7050    84.946    84.955 
    7060    84.946    84.950 
    7070    84.946    84.950 
    7080    84.941    84.957 
    7090    84.946    84.950 
    7100    84.943    84.946 
    7110    84.946    84.950 
    7120    84.946    84.950 
    7130    84.948    84.953 
    7140    84.946    84.950 
    7150    84.899    84.915 
    7160    84.946    84.950 
    7170    84.946    84.950 
    7180    84.946    84.949 
    7190    84.946    84.950 
    7200    84.953    84.956 
    7210    84.946    84.950 
    7220    84.946    84.950 
    7230    84.947    84.949 
    7240    84.946    84.950 
    7250    84.949    84.954 
    7260    84.946    84.950 
    7270    84.946    84.950 
    7280    84.945    84.951 
    7290    84.947    84.950 
    7300    84.944    84.946 
    7310    84.946    84.950 
    7320    84.946    84.950 
    7330    84.947    84.949 
    7340    84.946    84.950 
    7350    84.944    84.946 
    7360    84.946    84.950 
    7370    84.946    84.950 
    7380    84.950    84.946 
    7390    84.946    84.950 
    7400    84.942    84.954 
    7410    84.947    84.950 
    7420    84.946    84.950 
    7430    84.946    84.950 
    7440    84.946    84.950 
    7450    84.934    84.954 
    7460    84.946    84.950 
    7470    84.946    84.950 
    7480    84.941    84.949 
    7490    84.946    84.950 
    7500    85.068    83.717 
    7510    84.946    84.950 
    7520    84.946    84.950 
    7530    84.948    84.953 
    7540    84.946    84.950 
    7550    84.963    84.939 
    7560    84.946    84.950 
    7570    84.946    84.954 
    7580    84.946    84.949 
    7590    84.943    84.968 
    7600    84.948    84.949 
    7610    84.946    84.950 
    7620    84.946    84.950 
    7630    84.946    84.950 
    7640    84.946    84.950 
    7650    84.952    84.949 
    7660    84.946    84.950 
    7670    84.946    84.950 
    7680   -61.076   113.332 
    7690    84.946    84.950 
    7700    84.922    86.034 
    7710    84.945    84.951 
    7720    84.946    84.950 
    7730    84.952    84.947 
    7740    84.947    84.950 
    7750    84.945    84.947 
    7760    84.946    84.950 
    7770    84.946    84.950 
    7780    84.939    84.953 
    7790    84.946    84.950 
    7800    84.918    85.062 
    7810    84.946    84.950 
    7820    84.946    84.950 
    7830    84.948    84.944 
    7840    84.946    84.950 
    7850    84.854    84.929 
    7860    84.946    84.950 
    7870    84.947    84.949 
    7880    84.946    84.953 
    7890    84.946    84.950 
    7900    84.961    84.957 
    7910    84.946    84.950 
    7920    84.946    84.950 
    7930    84.948    84.947 
    7940    84.946    84.950 
    7950    84.944    84.949 
    7960    84.946    84.950 
    7970    84.946    84.950 
    7980    84.940    84.952 
    7990    84.946    84.950 
    8000    84.966    84.953 
    8010    84.946    84.950 
    8020    84.946    84.950 
    8030    84.941    84.953 
    8040    84.946    84.950 
    8050    84.987    84.963 
    8060    84.946    84.950 
    8070    84.946    84.950 
    8080    84.944    84.953 
    8090    84.946    84.950 
    8100    84.949    84.952 
    8110    84.946    84.950 
    8120    84.946    84.950 
    8130    84.946    84.949 
    8140    84.948    84.951 
    8150    84.982    84.962 
    8160    84.946    84.950 
    8170    84.946    84.950 
    8180    84.944    84.948 
    8190    84.946    84.950 
    8200    84.943    84.950 
    8210    84.946    84.950 
    8220    84.946    84.950 
    8230    84.951    84.949 
    8240    84.946    84.950 
    8250    84.942    84.951 
    8260    84.946    84.950 
    8270    84.946    84.950 
    8280    84.946    84.950 
    8290    84.946    84.950 
    8300    84.951    84.949 
    8310    84.946    84.950 
    8320    84.946    84.950 
    8330    84.946    84.949 
    8340    84.946    84.950 
    8350    84.995    84.975 
    8360    84.946    84.950 
    8370    84.946    84.950 
    8380    84.947    84.950 
    8390    84.946    84.950 
    8400    84.947    84.950 
    8410    84.946    84.950 
    8420    84.946    84.950 
    8430    84.946    84.948 
    8440    84.946    84.950 
    8450    84.952    84.948 
    8460    84.946    84.950 
    8470    84.946    84.950 
    8480    84.950    84.947 
    8490    84.946    84.950 
    8500    84.946    84.949 
    8510    84.946    84.950 
    8520    84.946    84.950 
    8530    84.946    84.948 
    8540    84.946    84.950 
    8550    84.944    84.946 
    8560    84.946    84.950 
    8570    84.946    84.950 
    8580    84.946    84.950 
    8590    84.946    84.950 
    8600    84.958    84.956 
    8610    84.955    84.956 
    8620    84.946    84.949 
    8630    84.946    84.950 
    8640    84.946    84.950 
    8650    84.932    84.939 
    8660    84.946    84.950 
    8670    84.946    84.950 
    8680    84.952    84.955 
    8690    84.946    84.950 
    8700    85.037    85.037 
    8710    84.946    84.950 
    8720    84.946    84.950 
    8730    84.945    84.950 
    8740    84.946    84.950 
    8750    84.949    84.949 
    8760    84.946    84.950 
    8770    84.946    84.950 
    8780    84.945    84.945 
    8790    84.946    84.950 
    8800    84.948    84.955 
    8810    84.946    84.950 
    8820    84.946    84.950 
    8830    84.941    84.951 
    8840    84.946    84.950 
    8850    85.105    84.909 
    8860    84.946    84.950 
    8870    84.946    84.950 
    8880    84.947    84.949 
    8890    84.946    84.950 
    8900    84.925    84.907 
    8910    84.947    84.951 
    8920    84.946    84.950 
    8930    84.943    84.950 
    8940    84.946    84.950 
    8950    84.946    84.950 
    8960    84.946    84.950 
    8970    84.946    84.950 
    8980    84.946    84.950 
    8990    84.946    84.950 
    9000    84.947    84.955 
    9010    84.946    84.950 
    9020    84.945    84.950 
    9030    84.946    84.949 
    9040    84.941    84.937 
    9050    84.963    84.998 
    9060    84.946    84.950 
    9070    84.946    84.950 
    9080    84.945    84.947 
    9090    84.946    84.950 
    9100    84.818    84.888 
    9110    84.947    84.950 
    9120    84.946    84.950 
    9130    84.947    84.950 
    9140    84.946    84.950 
    9150    84.932    84.903 
    9160    84.946    84.950 
    9170    84.946    84.950 
    9180    84.943    84.952 
    9190    84.946    84.950 
    9200    84.931    84.901 
    9210    84.946    84.950 
    9220    84.946    84.950 
    9230    84.948    84.955 
    9240    84.946    84.950 
    9250    84.944    84.946 
    9260    84.946    84.950 
    9270    84.946    84.950 
    9280    84.947    84.950 
    9290    84.946    84.950 
    9300    84.946    84.950 
    9310    84.946    84.950 
    9320    84.946    84.950 
    9330    84.947    84.949 
    9340    84.946    84.950 
    9350    84.945    84.948 
    9360    84.946    84.950 
    9370    84.946    84.950 
    9380    84.947    84.950 
    9390    84.946    84.950 
    9400    84.949    84.952 
    9410    84.946    84.950 
    9420    84.946    84.950 
    9430    84.946    84.949 
    9440    84.946    84.950 
    9450    84.938    84.947 
    9460    84.951    84.954 
    9470    84.947    84.950 
    9480    84.943    84.948 
    9490    84.946    84.950 
    9500    84.950    84.954 
    9510    84.952    84.959 
    9520    84.945    84.946 
    9530    84.946    84.949 
    9540    84.946    84.950 
    9550    84.943    84.944 
    9560    84.946    84.950 
    9570    84.946    84.950 
    9580    84.945    84.948 
    9590    84.947    84.950 
    9600    84.960    84.940 
    9610    84.946    84.950 
    9620    84.946    84.950 
    9630    84.947    84.950 
    9640    84.947    84.949 
    9650    84.944    84.954 
    9660    84.946    84.950 
    9670    84.946    84.950 
    9680    84.949    84.953 
    9690    84.946    84.950 
    9700    84.935    84.962 
    9710    84.946    84.950 
    9720    84.948    84.952 
    9730    84.947    84.949 
    9740    84.946    84.950 
    9750    84.984    84.996 
    9760    84.952    84.956 
    9770    84.946    84.949 
    9780    84.946    84.950 
    9790    84.946    84.950 
    9800    84.945    84.949 
    9810    84.946    84.950 
    9820    84.946    84.950 
    9830    84.945    84.949 
    9840    84.946    84.950 
    9850    84.951    84.946 
    9860    84.946    84.950 
    9870    84.946    84.950 
    9880    84.946    84.950 
    9890    84.943    84.950 
    9900    84.940    84.946 
    9910    84.946    84.950 
    9920    84.946    84.950 
    9930    84.946    84.951 
    9940    84.946    84.950 
    9950    84.947    84.950 
    9960    84.946    84.950 
    9970    84.946    84.950 
    9980    84.945    84.949 
    9990    84.946    84.950 
   10000    84.946    84.950 
