       0   120.102   120.033 
      10   124.861   124.677 
      20   125.070   124.908 
      30   124.983   124.935 
      40   124.954   124.945 
      50   124.947   124.947 
      60   125.052   124.982 
      70   125.078   125.061 
      80   125.071   124.988 
      90   125.044   124.996 
     100   125.027   125.015 
     110   125.054   124.987 
     120   125.056   124.997 
     130   125.061   124.995 
     140   125.063   124.984 
     150   125.056   125.015 
     160   125.061   124.998 
     170   125.065   125.001 
     180   125.071   125.003 
     190   125.065   124.990 
     200   125.075   124.930 
     210   125.058   125.004 
     220   125.066   125.005 
     230   125.065   125.007 
     240   125.066   125.007 
     250   125.065   125.009 
     260   125.065   125.007 
     270   125.068   125.009 
     280   125.071   125.011 
     290   125.072   124.995 
     300   125.085   124.959 
     310   125.069   125.031 
     320   125.074   125.016 
     330   125.072   125.012 
     340   125.075   124.997 
     350   125.068   125.011 
     360   125.073   125.013 
     370   125.074   125.022 
     380   125.073   125.016 
     390   125.074   125.020 
     400   125.073   125.020 
     410   125.072   125.016 
     420   125.075   125.015 
     430   125.071   125.020 
     440   125.052   125.000 
     450   125.030   124.989 
     460   125.072   125.017 
     470   125.074   125.019 
     480   125.075   125.021 
     490   125.076   125.017 
     500   125.077   125.018 
     510   125.073   125.018 
     520   125.075   125.020 
     530   125.076   125.018 
     540   125.075   125.020 
     550   125.073   125.033 
     560   125.075   125.022 
     570   125.076   125.022 
     580   125.076   125.023 
     590   125.076   125.021 
     600   125.003   125.018 
     610   125.075   125.021 
     620   125.076   125.022 
     630   125.076   125.023 
     640   125.072   125.021 
     650   125.071   125.025 
     660   125.076   125.023 
     670   125.079   125.028 
     680   125.077   125.022 
     690   125.076   125.022 
     700   125.058   125.040 
     710   125.077   125.023 
     720   125.075   125.022 
     730   125.078   125.024 
     740   125.108   125.004 
     750   125.083   125.020 
     760   125.077   125.023 
     770   125.074   125.016 
     780   125.078   125.024 
     790   125.080   125.022 
     800   125.084   125.030 
     810   125.076   125.023 
     820   125.065   125.024 
     830   125.078   125.024 
     840   125.075   125.021 
     850   125.085   125.030 
     860   125.077   125.024 
     870   125.078   125.024 
     880   125.078   125.024 
     890   125.078   125.024 
     900   125.077   125.024 
     910   125.078   125.022 
     920   125.078   125.024 
     930   125.078   125.027 
     940   125.078   125.025 
     950   125.007   125.027 
     960   125.079   125.024 
     970   125.078   125.025 
     980   125.080   125.024 
     990   125.078   125.024 
    1000   125.075   125.019 
    1010   125.080   125.024 
    1020   125.078   125.025 
    1030    61.587   117.066 
    1040   125.078   125.025 
    1050   125.071   125.094 
    1060   125.079   125.024 
    1070   125.079   125.025 
    1080   125.079   125.025 
    1090   125.079   125.025 
    1100   125.078   125.023 
    1110   125.079   125.025 
    1120   125.079   125.024 
    1130   125.076   125.023 
    1140   125.080   125.026 
    1150   125.093   125.050 
    1160   125.079   125.025 
    1170   125.073   125.028 
    1180   125.078   125.025 
    1190   125.079   125.025 
    1200   125.080   125.028 
    1210   125.079   125.025 
    1220   125.072   125.017 
    1230   125.079   125.025 
    1240   125.080   125.024 
    1250   125.083   125.014 
    1260   125.079   125.025 
    1270   125.079   125.025 
    1280   125.079   125.025 
    1290   125.079   125.027 
    1300   125.079   125.018 
    1310   125.079   125.025 
    1320   125.080   125.026 
    1330   125.079   125.026 
    1340   125.079   125.024 
    1350   125.082   125.021 
    1360   125.079   125.025 
    1370   125.080   125.026 
    1380   125.079   125.025 
    1390   125.080   125.025 
    1400   125.080   125.023 
    1410   125.080   125.026 
    1420   125.080   125.025 
    1430   125.080   125.026 
    1440   125.080   125.025 
    1450   125.072   125.042 
    1460   125.080   125.025 
    1470   125.079   125.026 
    1480   125.079   125.025 
    1490   125.080   125.026 
    1500   125.063   125.005 
    1510   125.092   125.027 
    1520   125.078   125.026 
    1530   125.081   125.026 
    1540   125.080   125.026 
    1550   125.080   124.991 
    1560   125.080   125.027 
    1570   125.080   125.026 
    1580   125.080   125.026 
    1590   125.080   125.026 
    1600   125.111   125.031 
    1610   125.080   125.026 
    1620   125.081   125.025 
    1630   125.080   125.025 
    1640   125.080   125.025 
    1650   125.094   125.029 
    1660   125.080   125.026 
    1670   125.080   125.026 
    1680   125.081   125.025 
    1690   125.080   125.026 
    1700   125.068   125.067 
    1710   125.080   125.026 
    1720   125.080   125.026 
    1730   125.081   125.025 
    1740   125.081   125.026 
    1750   125.082   125.026 
    1760   125.081   125.026 
    1770   125.080   125.028 
    1780   125.081   125.026 
    1790   125.081   125.026 
    1800   125.075   125.021 
    1810   125.081   125.027 
    1820   125.081   125.026 
    1830    44.650   249.612 
    1840   125.081   125.026 
    1850   125.138   125.052 
    1860   125.081   125.026 
    1870   125.081   125.026 
    1880   125.081   125.026 
    1890   125.081   125.026 
    1900   125.085   125.027 
    1910   125.081   125.027 
    1920   125.081   125.026 
    1930   125.080   125.026 
    1940   125.081   125.026 
    1950   125.078   125.029 
    1960   125.081   125.026 
    1970   125.081   125.027 
    1980   125.082   125.022 
    1990   125.081   125.026 
    2000   125.077   125.025 
    2010   125.081   125.026 
    2020   125.081   125.026 
    2030   125.082   125.027 
    2040   125.082   125.027 
    2050   125.079   125.022 
    2060   125.082   125.026 
    2070   125.082   125.027 
    2080   125.082   125.027 
    2090   125.082   125.027 
    2100   125.049   125.019 
    2110   125.082   125.027 
    2120   125.082   125.027 
    2130   125.082   125.027 
    2140   125.082   125.027 
    2150   125.085   125.023 
    2160   125.081   125.027 
    2170   125.082   125.027 
    2180   125.081   125.026 
    2190   125.082   125.027 
    2200   125.061   125.059 
    2210   125.082   125.027 
    2220   125.082   125.027 
    2230   124.481   124.657 
    2240   125.082   125.027 
    2250   125.071   125.042 
    2260   125.082   125.027 
    2270   125.082   125.028 
    2280   125.082   125.027 
    2290   125.082   125.027 
    2300   125.172   125.023 
    2310   125.082   125.027 
    2320   125.082   125.027 
    2330    40.819   116.299 
    2340   125.082   125.027 
    2350   125.081   125.034 
    2360   125.082   125.027 
    2370   125.082   125.027 
    2380   125.080   125.029 
    2390   125.082   125.026 
    2400   125.083   125.025 
    2410   125.082   125.027 
    2420   125.082   125.027 
    2430   125.081   125.026 
    2440   125.082   125.027 
    2450   125.079   125.031 
    2460   125.082   125.027 
    2470   125.082   125.027 
    2480   125.081   125.025 
    2490   125.082   125.027 
    2500   125.080   125.027 
    2510   125.082   125.027 
    2520   125.082   125.027 
    2530   125.082   125.025 
    2540   125.082   125.027 
    2550   125.089   125.026 
    2560   125.082   125.027 
    2570   125.082   125.027 
    2580   116.099    46.300 
    2590   125.082   125.027 
    2600   125.091   125.026 
    2610   125.082   125.027 
    2620   125.082   125.027 
    2630   121.723    37.111 
    2640   125.082   125.027 
    2650   125.076   125.027 
    2660   125.082   125.027 
    2670   125.082   125.027 
    2680   125.082   125.027 
    2690   125.082   125.027 
    2700   125.076   125.041 
    2710   125.082   125.026 
    2720   125.082   125.027 
    2730   125.089   125.027 
    2740   125.082   125.027 
    2750   125.091   125.027 
    2760   125.082   125.026 
    2770   125.082   125.027 
    2780   125.081   125.026 
    2790   125.082   125.026 
    2800   125.078   125.025 
    2810   125.082   125.026 
    2820   125.082   125.027 
    2830   201.678    57.826 
    2840   125.082   125.027 
    2850   125.084   125.029 
    2860   125.082   125.027 
    2870   125.082   125.027 
    2880   125.082   125.026 
    2890   125.082   125.027 
    2900   125.084   125.026 
    2910   125.082   125.027 
    2920   125.082   125.027 
    2930   125.082   125.026 
    2940   125.082   125.027 
    2950   125.079   125.027 
    2960   125.082   125.027 
    2970   125.082   125.027 
    2980   125.082   125.028 
    2990   125.082   125.027 
    3000   125.075   125.028 
    3010   125.082   125.027 
    3020   125.082   125.027 
    3030   125.081   125.027 
    3040   125.082   125.027 
    3050   125.083   125.029 
    3060   125.082   125.027 
    3070   125.082   125.027 
    3080   125.082   125.026 
    3090   125.082   125.027 
    3100   125.049   125.037 
    3110   125.082   125.027 
    3120   125.082   125.027 
    3130   125.086   125.026 
    3140   125.082   125.027 
    3150   125.081   125.019 
    3160   125.082   125.027 
    3170   125.082   125.027 
    3180   125.082   125.027 
    3190   125.082   125.027 
    3200   125.081   125.028 
    3210   125.082   125.027 
    3220   125.082   125.027 
    3230   125.083   125.026 
    3240   125.082   125.027 
    3250   125.081   125.028 
    3260   125.082   125.027 
    3270   125.082   125.027 
    3280   125.082   125.027 
    3290   125.082   125.027 
    3300   125.081   125.029 
    3310   125.082   125.026 
    3320   125.082   125.027 
    3330   125.081   125.027 
    3340   125.082   125.027 
    3350   125.104   125.031 
    3360   125.082   125.027 
    3370   125.082   125.027 
    3380   125.082   125.025 
    3390   125.082   125.027 
    3400   125.089   125.031 
    3410   125.082   125.027 
    3420   125.082   125.027 
    3430   125.083   125.028 
    3440   125.082   125.027 
    3450   125.075   125.031 
    3460   125.082   125.027 
    3470   125.082   125.027 
    3480   125.082   125.026 
    3490   125.082   125.027 
    3500   125.082   125.027 
    3510   125.082   125.026 
    3520   125.082   125.027 
    3530    65.017   125.891 
    3540   125.082   125.027 
    3550   125.082   125.052 
    3560   125.082   125.027 
    3570   125.082   125.027 
    3580   125.082   125.027 
    3590   125.082   125.027 
    3600   125.082   125.043 
    3610   125.082   125.027 
    3620   125.082   125.027 
    3630   125.082   125.027 
    3640   125.082   125.027 
    3650   125.016   124.986 
    3660   125.082   125.027 
    3670   125.082   125.027 
    3680   125.082   125.024 
    3690   125.082   125.027 
    3700   125.123   125.044 
    3710   125.082   125.027 
    3720   125.082   125.027 
    3730   125.082   125.027 
    3740   125.082   125.027 
    3750   125.082   125.022 
    3760   125.082   125.027 
    3770   125.082   125.027 
    3780   125.083   125.027 
    3790   125.082   125.027 
    3800   125.082   125.028 
    3810   125.082   125.027 
    3820   125.082   125.027 
    3830   125.083   125.027 
    3840   125.082   125.027 
    3850   125.084   125.029 
    3860   125.082   125.027 
    3870   125.082   125.027 
    3880   125.083   125.028 
    3890   125.082   125.027 
    3900   125.002   125.085 
    3910   125.082   125.027 
    3920   125.082   125.027 
    3930    39.094   140.632 
    3940   125.082   125.027 
    3950   125.085   125.049 
    3960   125.082   125.027 
    3970   125.082   125.027 
    3980   125.081   125.026 
    3990   125.082   125.027 
    4000   125.071   124.997 
    4010   125.082   125.027 
    4020   125.082   125.027 
    4030   125.079   125.026 
    4040   125.082   125.027 
    4050   125.065   125.053 
    4060   125.082   125.027 
    4070   125.082   125.027 
    4080   125.082   125.026 
    4090   125.082   125.027 
    4100   125.040   125.039 
    4110   125.082   125.027 
    4120   125.082   125.027 
    4130   125.076   125.024 
    4140   125.082   125.027 
    4150   125.094   125.065 
    4160   125.082   125.027 
    4170   125.082   125.027 
    4180   125.082   125.028 
    4190   125.082   125.027 
    4200   125.012   125.056 
    4210   125.082   125.027 
    4220   125.082   125.027 
    4230   125.085   125.027 
    4240   125.082   125.027 
    4250   125.004   125.030 
    4260   125.082   125.027 
    4270   125.082   125.027 
    4280   125.082   125.027 
    4290   125.082   125.027 
    4300   125.083   125.029 
    4310   125.082   125.027 
    4320   125.082   125.027 
    4330   125.080   125.027 
    4340   125.082   125.027 
    4350   125.081   125.024 
    4360   125.082   125.027 
    4370   125.082   125.027 
    4380   125.083   125.028 
    4390   125.082   125.027 
    4400   125.077   125.019 
    4410   125.082   125.027 
    4420   125.082   125.027 
    4430   125.083   125.026 
    4440   125.082   125.026 
    4450   125.071   125.035 
    4460   125.082   125.027 
    4470   125.082   125.027 
    4480   125.082   125.027 
    4490   125.082   125.027 
    4500   125.005   125.020 
    4510   125.082   125.027 
    4520   125.082   125.027 
    4530   125.082   125.027 
    4540   125.082   125.027 
    4550   125.082   125.021 
    4560   125.078   125.027 
    4570   125.082   125.027 
    4580    35.259   124.964 
    4590   125.082   125.027 
    4600   125.079   125.030 
    4610   125.072   125.026 
    4620   125.082   125.027 
    4630   125.081   125.027 
    4640   125.082   125.027 
    4650   125.081   125.021 
    4660   125.081   125.027 
    4670   125.082   125.027 
    4680   125.081   125.027 
    4690   125.082   125.027 
    4700   125.083   125.011 
    4710   125.081   125.026 
    4720   125.082   125.027 
    4730   125.082   125.027 
    4740   125.082   125.027 
    4750   125.078   125.026 
    4760   125.082   125.026 
    4770   125.082   125.027 
    4780   111.263   201.798 
    4790   125.082   125.027 
    4800   125.095   125.001 
    4810   125.082   125.027 
    4820   125.082   125.027 
    4830   125.077   125.031 
    4840   125.082   125.027 
    4850   125.085   125.029 
    4860   125.082   125.027 
    4870   125.082   125.027 
    4880   125.084   125.025 
    4890   125.082   125.027 
    4900   125.090   125.026 
    4910   125.082   125.027 
    4920   125.082   125.027 
    4930    29.117   113.556 
    4940   125.082   125.027 
    4950   125.081   125.045 
    4960   125.082   125.027 
    4970   125.082   125.027 
    4980   125.083   125.027 
    4990   125.082   125.027 
    5000   125.082   125.025 
    5010   125.082   125.026 
    5020   125.082   125.027 
    5030   125.081   125.026 
    5040   125.082   125.027 
    5050   125.083   125.038 
    5060   125.082   125.027 
    5070   125.082   125.027 
    5080   125.079   125.027 
    5090   125.082   125.027 
    5100   125.124   125.014 
    5110   125.082   125.027 
    5120   125.083   125.027 
    5130   125.080   125.027 
    5140   125.082   125.027 
    5150   125.079   125.052 
    5160   125.082   125.027 
    5170   125.082   125.027 
    5180   125.083   125.027 
    5190   125.082   125.027 
    5200   125.078   125.089 
    5210   125.082   125.027 
    5220   125.082   125.027 
    5230   121.869   203.847 
    5240   125.082   125.027 
    5250   125.077   125.026 
    5260   125.082   125.027 
    5270   125.082   125.027 
    5280   125.082   125.026 
    5290   125.082   125.027 
    5300   125.080   125.027 
    5310   125.082   125.027 
    5320   125.083   125.027 
    5330   125.084   125.026 
    5340   125.082   125.027 
    5350   125.086   125.034 
    5360   125.081   125.026 
    5370   125.082   125.027 
    5380   125.083   125.026 
    5390   125.082   125.027 
    5400   125.078   125.021 
    5410   125.082   125.026 
    5420   125.082   125.027 
    5430   125.082   125.027 
    5440   125.082   125.027 
    5450   125.082   125.027 
    5460   125.082   125.027 
    5470   125.082   125.027 
    5480   125.082   125.027 
    5490   125.082   125.027 
    5500   125.120   125.047 
    5510   125.082   125.027 
    5520   125.082   125.027 
    5530   125.082   125.027 
    5540   125.082   125.026 
    5550   125.076   125.088 
    5560   125.082   125.027 
    5570   125.082   125.027 
    5580   125.082   125.024 
    5590   125.082   125.027 
    5600   125.076   125.026 
    5610   125.082   125.027 
    5620   125.082   125.027 
    5630   125.082   125.025 
    5640   125.082   125.027 
    5650   125.074   125.021 
    5660   125.082   125.027 
    5670   125.082   125.027 
    5680   125.082   125.028 
    5690   125.082   125.027 
    5700   125.018   125.036 
    5710   125.082   125.027 
    5720   125.082   125.027 
    5730   125.082   125.025 
    5740   125.082   125.027 
    5750   125.078   124.972 
    5760   125.082   125.027 
    5770   125.082   125.027 
    5780   125.081   125.027 
    5790   125.082   125.027 
    5800   125.080   125.030 
    5810   125.082   125.027 
    5820   125.082   125.027 
    5830   125.082   125.026 
    5840   125.082   125.027 
    5850   125.114   125.085 
    5860   125.082   125.027 
    5870   125.082   125.027 
    5880   125.083   125.027 
    5890   125.082   125.027 
    5900   125.060   125.020 
    5910   125.082   125.027 
    5920   125.082   125.027 
    5930   125.082   125.026 
    5940   125.082   125.027 
    5950   125.131   125.037 
    5960   125.082   125.027 
    5970   125.082   125.027 
    5980   125.082   125.027 
    5990   125.082   125.027 
    6000   125.081   125.027 
    6010   125.082   125.027 
    6020   125.082   125.027 
    6030   125.080   125.029 
    6040   125.082   125.027 
    6050   125.079   125.026 
    6060   125.082   125.027 
    6070   125.082   125.027 
    6080   125.083   125.026 
    6090   125.082   125.027 
    6100   125.081   125.030 
    6110   125.082   125.026 
    6120   125.082   125.027 
    6130   125.081   125.026 
    6140   125.082   125.027 
    6150   125.078   125.024 
    6160   125.082   125.027 
    6170   125.082   125.027 
    6180   125.080   125.026 
    6190   125.082   125.027 
    6200   125.103   125.047 
    6210   125.082   125.027 
    6220   125.082   125.027 
    6230   125.081   125.027 
    6240   125.082   125.027 
    6250   125.060   125.025 
    6260   125.082   125.027 
    6270   125.082   125.027 
    6280   125.082   125.027 
    6290   125.082   125.027 
    6300   125.083   125.025 
    6310   125.082   125.027 
    6320   125.082   125.027 
    6330   125.082   125.027 
    6340   125.082   125.027 
    6350   125.080   125.027 
    6360   125.082   125.026 
    6370   125.082   125.027 
    6380   125.086   125.030 
    6390   125.082   125.027 
    6400   125.093   125.039 
    6410   125.082   125.027 
    6420   125.082   125.027 
    6430   127.089   205.996 
    6440   125.082   125.027 
    6450   125.081   125.026 
    6460   125.082   125.027 
    6470   125.082   125.027 
    6480   125.081   125.026 
    6490   125.082   125.027 
    6500   125.148   125.018 
    6510   125.082   125.027 
    6520   125.082   125.027 
    6530   125.081   125.026 
    6540   125.082   125.027 
    6550   125.081   125.020 
    6560   125.082   125.027 
    6570   125.082   125.027 
    6580   125.081   125.027 
    6590   125.082   125.027 
    6600   125.107   125.023 
    6610   125.082   125.026 
    6620   125.082   125.027 
    6630   125.082   125.026 
    6640   125.082   125.027 
    6650   125.087   125.025 
    6660   125.082   125.026 
    6670   125.082   125.027 
    6680   125.082   125.027 
    6690   125.082   125.027 
    6700   125.042   125.023 
    6710   125.082   125.029 
    6720   125.082   125.027 
    6730   125.082   125.027 
    6740   125.082   125.027 
    6750   125.068   125.031 
    6760   125.082   125.027 
    6770   125.082   125.027 
    6780   125.083   125.026 
    6790   125.082   125.027 
    6800   125.085   125.031 
    6810   125.082   125.027 
    6820   125.082   125.027 
    6830    41.529   128.645 
    6840   125.082   125.027 
    6850   125.076   125.027 
    6860   125.082   125.027 
    6870   125.082   125.027 
    6880   125.084   125.032 
    6890   125.083   125.026 
    6900   125.138   125.011 
    6910   125.082   125.027 
    6920   125.082   125.027 
    6930   125.081   125.027 
    6940   125.082   125.027 
    6950   125.086   125.022 
    6960   125.082   125.027 
    6970   125.082   125.027 
    6980   125.083   125.026 
    6990   125.082   125.027 
    7000   125.075   125.093 
    7010   125.082   125.027 
    7020   125.082   125.027 
    7030   125.081   125.027 
    7040   125.082   125.027 
    7050   125.078   125.026 
    7060   125.082   125.026 
    7070   125.082   125.027 
    7080   128.744    46.446 
    7090   125.082   125.027 
    7100   125.122   125.028 
    7110   125.082   125.027 
    7120   125.082   125.027 
    7130   125.083   125.026 
    7140   125.082   125.026 
    7150   125.092   125.017 
    7160   125.082   125.026 
    7170   125.082   125.027 
    7180   125.081   125.026 
    7190   125.082   125.027 
    7200   125.137   124.989 
    7210   125.082   125.027 
    7220   125.082   125.027 
    7230   125.083   125.024 
    7240   125.082   125.027 
    7250   125.074   125.023 
    7260   125.082   125.027 
    7270   125.082   125.027 
    7280   125.084   125.032 
    7290   125.082   125.027 
    7300   125.076   125.018 
    7310   125.082   125.027 
    7320   125.082   125.027 
    7330   125.083   125.026 
    7340   125.082   125.026 
    7350   125.088   125.034 
    7360   125.083   125.027 
    7370   125.082   125.027 
    7380   125.083   125.026 
    7390   125.082   125.026 
    7400   125.085   125.024 
    7410   125.081   125.028 
    7420   125.082   125.027 
    7430   125.082   125.027 
    7440   125.082   125.027 
    7450   125.091   125.028 
    7460   125.082   125.022 
    7470   125.082   125.027 
    7480   110.703    47.680 
    7490   125.082   125.027 
    7500   125.085   125.027 
    7510   125.082   125.026 
    7520   125.082   125.027 
    7530   125.082   125.026 
    7540   125.082   125.027 
    7550   125.085   125.028 
    7560   125.082   125.027 
    7570   125.082   125.027 
    7580   125.086   125.027 
    7590   125.082   125.027 
    7600   125.044   125.030 
    7610   125.082   125.027 
    7620   125.082   125.027 
    7630   125.082   125.027 
    7640   125.082   125.027 
    7650   125.082   125.029 
    7660   125.082   125.027 
    7670   125.082   125.027 
    7680   125.081   125.027 
    7690   125.082   125.027 
    7700   125.082   125.024 
    7710   125.082   125.026 
    7720   125.082   125.027 
    7730   125.080   125.027 
    7740   125.082   125.027 
    7750   125.166   125.028 
    7760   125.082   125.027 
    7770   125.082   125.027 
    7780   125.082   125.027 
    7790   125.082   125.027 
    7800   125.059   125.034 
    7810   125.082   125.027 
    7820   125.082   125.027 
    7830   125.082   125.026 
    7840   125.082   125.027 
    7850   125.171   125.004 
    7860   125.081   125.027 
    7870   125.081   125.027 
    7880   125.084   125.027 
    7890   125.082   125.027 
    7900   125.083   125.029 
    7910   125.082   125.024 
    7920   125.082   125.027 
    7930   125.081   125.028 
    7940   125.082   125.027 
    7950   125.085   125.027 
    7960   125.082   125.027 
    7970   125.081   125.026 
    7980   234.152   133.704 
    7990   125.082   125.027 
    8000   125.086   124.971 
    8010   125.082   125.027 
    8020   125.082   125.027 
    8030   125.082   125.026 
    8040   125.082   125.027 
    8050   125.091   125.022 
    8060   125.082   125.026 
    8070   125.082   125.027 
    8080   125.082   125.026 
    8090   125.082   125.027 
    8100   125.081   125.027 
    8110   125.082   125.027 
    8120   125.082   125.027 
    8130   125.080   125.025 
    8140   125.082   125.027 
    8150   125.077   125.030 
    8160   125.082   125.027 
    8170   125.082   125.027 
    8180   155.085    41.519 
    8190   125.082   125.027 
    8200   125.077   125.026 
    8210   125.082   125.026 
    8220   125.082   125.027 
    8230   208.434    25.949 
    8240   125.082   125.027 
    8250   125.080   125.026 
    8260   125.082   125.026 
    8270   125.082   125.027 
    8280   125.082   125.029 
    8290   125.082   125.027 
    8300   125.082   125.028 
    8310   125.082   125.027 
    8320   125.082   125.027 
    8330   125.082   125.027 
    8340   125.082   125.027 
    8350   125.097   125.033 
    8360   125.082   125.027 
    8370   125.082   125.027 
    8380   125.082   125.026 
    8390   125.082   125.027 
    8400   125.082   125.027 
    8410   125.082   125.027 
    8420   125.082   125.027 
    8430   125.083   125.025 
    8440   125.082   125.027 
    8450   125.075   125.021 
    8460   125.081   125.027 
    8470   125.082   125.027 
    8480   125.082   125.027 
    8490   125.082   125.027 
    8500   125.081   125.027 
    8510   125.082   125.027 
    8520   125.082   125.027 
    8530   125.080   125.030 
    8540   125.082   125.027 
    8550   125.081   125.026 
    8560   125.082   125.027 
    8570   125.082   125.027 
    8580   125.082   125.027 
    8590   125.082   125.027 
    8600   125.080   125.018 
    8610   125.082   125.026 
    8620   125.082   125.027 
    8630   125.082   125.026 
    8640   125.082   125.027 
    8650   125.040   125.100 
    8660   125.082   125.027 
    8670   125.082   125.027 
    8680   125.082   125.027 
    8690   125.083   125.027 
    8700   125.082   125.030 
    8710   125.082   125.027 
    8720   125.082   125.027 
    8730   125.081   125.026 
    8740   125.082   125.027 
    8750   125.072   125.027 
    8760   125.082   125.027 
    8770   125.082   125.027 
    8780   125.082   125.024 
    8790   125.082   125.027 
    8800   125.124   125.033 
    8810   125.082   125.027 
    8820   125.082   125.027 
    8830   125.082   125.026 
    8840   125.082   125.027 
    8850   125.083   125.024 
    8860   125.082   125.027 
    8870   125.082   125.027 
    8880   125.082   125.026 
    8890   125.082   125.027 
    8900   125.039   125.000 
    8910   125.083   125.027 
    8920   125.082   125.027 
    8930   125.083   125.026 
    8940   125.082   125.027 
    8950   125.058   125.049 
    8960   125.082   125.027 
    8970   125.082   125.027 
    8980   125.080   125.025 
    8990   125.082   125.027 
    9000   125.081   125.028 
    9010   125.082   125.027 
    9020   125.082   125.027 
    9030   125.082   125.027 
    9040   125.082   125.027 
    9050   124.956   125.019 
    9060   125.082   125.027 
    9070   125.082   125.027 
    9080   125.081   125.027 
    9090   125.082   125.027 
    9100   125.147   125.052 
    9110   125.082   125.027 
    9120   125.082   125.027 
    9130   125.080   125.027 
    9140   125.082   125.027 
    9150   125.091   125.033 
    9160   125.082   125.027 
    9170   125.082   125.027 
    9180   125.081   125.024 
    9190   125.082   125.027 
    9200   125.066   124.967 
    9210   125.082   125.028 
    9220   125.082   125.027 
    9230   125.082   125.027 
    9240   125.082   125.027 
    9250   125.031   125.024 
    9260   125.082   125.027 
    9270   125.082   125.027 
    9280   125.082   125.026 
    9290   125.082   125.027 
    9300   125.085   125.026 
    9310   125.082   125.027 
    9320   125.082   125.027 
    9330   125.082   125.026 
    9340   125.082   125.027 
    9350   125.084   125.027 
    9360   125.082   125.027 
    9370   125.082   125.027 
    9380   125.083   125.027 
    9390   125.082   125.027 
    9400   125.200   125.028 
    9410   125.082   125.027 
    9420   125.082   125.027 
    9430   125.082   125.027 
    9440   125.082   125.027 
    9450   125.079   125.027 
    9460   125.082   125.027 
    9470   125.082   125.027 
    9480   126.331    53.666 
    9490   125.082   125.027 
    9500   125.018   125.026 
    9510   125.082   125.028 
    9520   125.082   125.027 
    9530   124.488   214.079 
    9540   125.082   125.027 
    9550   125.079   125.027 
    9560   125.082   125.026 
    9570   125.082   125.027 
    9580   125.082   125.027 
    9590   125.082   125.027 
    9600   125.006   125.038 
    9610   125.082   125.027 
    9620   125.082   125.027 
    9630   125.082   125.025 
    9640   125.082   125.027 
    9650   125.098   125.028 
    9660   125.082   125.027 
    9670   125.082   125.027 
    9680   125.082   125.028 
    9690   125.082   125.027 
    9700   125.084   125.027 
    9710   125.082   125.027 
    9720   125.082   125.027 
    9730   125.082   125.026 
    9740   125.082   125.027 
    9750   125.078   125.109 
    9760   125.082   125.026 
    9770   125.082   125.027 
    9780   125.082   125.025 
    9790   125.082   125.027 
    9800   125.073   125.022 
    9810   125.082   125.027 
    9820   125.082   125.027 
    9830   125.082   125.027 
    9840   125.082   125.027 
    9850   125.079   125.038 
    9860   125.082   125.027 
    9870   125.082   125.027 
    9880    47.306   218.776 
    9890   125.082   125.027 
    9900   125.088   125.032 
    9910   125.082   125.027 
    9920   125.082   125.027 
    9930   125.081   125.027 
    9940   125.082   125.027 
    9950   125.089   125.027 
    9960   125.082   125.027 
    9970   125.082   125.027 
    9980   104.430   275.480 
    9990   125.082   125.027 
   10000   125.082   125.027 
