       0     9.982     9.986 
      10    15.315    15.424 
      20    15.037    15.050 
      30    14.916    14.926 
      40    14.911    14.925 
      50    14.968    14.966 
      60    14.962    14.966 
      70    15.085    14.694 
      80    14.965    14.972 
      90    14.966    14.971 
     100    15.078    14.782 
     110    14.966    14.971 
     120    14.968    14.972 
     130    14.960    14.970 
     140    14.971    14.964 
     150    14.969    14.972 
     160    14.967    14.972 
     170    14.967    14.973 
     180    14.969    14.974 
     190    14.987    14.978 
     200    14.969    14.975 
     210    14.976    14.976 
     220    14.981    14.979 
     230    14.973    14.971 
     240    14.971    14.973 
     250    14.971    14.973 
     260    14.970    14.974 
     270    14.974    14.976 
     280    14.972    14.974 
     290    14.973    14.974 
     300    14.971    14.975 
     310    14.971    14.976 
     320    14.971    14.976 
     330    14.971    14.976 
     340    14.973    14.972 
     350    14.975    14.972 
     360    14.972    14.976 
     370    14.972    14.977 
     380    14.973    14.976 
     390    14.972    14.976 
     400    14.974    14.982 
     410    14.974    14.977 
     420    14.972    14.977 
     430    14.972    14.976 
     440    14.972    14.978 
     450    14.973    14.976 
     460    14.971    14.977 
     470    14.972    14.977 
     480    14.983    14.966 
     490    14.971    14.978 
     500    14.974    14.976 
     510    14.982    14.984 
     520    14.973    14.978 
     530    14.972    14.979 
     540    14.972    14.977 
     550    14.978    14.893 
     560    14.972    14.977 
     570    14.966    14.978 
     580    14.973    14.978 
     590    14.984    15.017 
     600    14.970    14.978 
     610    14.973    14.977 
     620    14.972    14.981 
     630    14.970    14.977 
     640    14.973    14.978 
     650    14.929    15.068 
     660    14.973    14.978 
     670    14.973    14.978 
     680    14.980    14.979 
     690    14.973    14.978 
     700    14.972    14.975 
     710    14.973    14.978 
     720    14.974    14.986 
     730    14.973    14.978 
     740    14.973    14.978 
     750    14.976    14.976 
     760    14.973    14.978 
     770    14.973    14.978 
     780    14.973    14.978 
     790    14.973    14.978 
     800    15.012    14.939 
     810    14.973    14.978 
     820    14.974    14.980 
     830    14.974    14.977 
     840    14.973    14.978 
     850    14.976    14.983 
     860    14.972    14.980 
     870    14.974    14.978 
     880    14.975    14.980 
     890    14.975    14.980 
     900    14.970    14.975 
     910    14.976    14.976 
     920    14.974    14.979 
     930    14.974    14.978 
     940    14.974    14.979 
     950    14.944    14.962 
     960    14.974    14.981 
     970    14.974    14.979 
     980    14.976    14.985 
     990    14.973    14.979 
    1000    15.037    14.952 
    1010    14.974    14.979 
    1020    14.974    14.979 
    1030    14.974    14.979 
    1040    14.973    14.979 
    1050    14.971    14.981 
    1060    14.974    14.979 
    1070    14.974    14.979 
    1080    82.913    86.276 
    1090    14.974    14.979 
    1100    14.962    14.965 
    1110    14.974    14.979 
    1120    14.974    14.979 
    1130    14.971    14.978 
    1140    14.974    14.978 
    1150    14.974    14.980 
    1160    14.974    14.979 
    1170    14.974    14.979 
    1180    14.974    14.979 
    1190    14.974    14.977 
    1200    14.953    15.065 
    1210    14.974    14.979 
    1220    14.974    14.979 
    1230    14.974    14.979 
    1240    14.974    14.979 
    1250    14.866    14.983 
    1260    14.974    14.978 
    1270    14.974    14.979 
    1280    14.974    14.979 
    1290    14.974    14.979 
    1300    14.973    14.975 
    1310    14.975    14.979 
    1320    14.975    14.979 
    1330    14.974    14.979 
    1340    14.974    14.978 
    1350    14.971    14.981 
    1360    14.974    14.980 
    1370    14.974    14.979 
    1380    14.974    14.979 
    1390    14.970    14.979 
    1400    14.973    14.975 
    1410    14.974    14.979 
    1420    14.974    14.979 
    1430    28.458    75.791 
    1440    14.974    14.980 
    1450    14.994    15.119 
    1460    14.974    14.979 
    1470    14.974    14.979 
    1480    14.974    14.979 
    1490    14.975    14.979 
    1500    15.125    14.949 
    1510    14.974    14.979 
    1520    14.974    14.979 
    1530    14.974    14.979 
    1540    14.974    14.979 
    1550    14.971    14.968 
    1560    14.973    14.979 
    1570    14.975    14.984 
    1580    14.974    14.979 
    1590    14.973    14.978 
    1600    15.019    15.114 
    1610    14.974    14.979 
    1620    14.974    14.979 
    1630    14.973    14.979 
    1640    14.974    14.979 
    1650    14.995    14.973 
    1660    14.974    14.979 
    1670    14.974    14.979 
    1680    14.975    14.979 
    1690    14.974    14.979 
    1700    14.986    14.975 
    1710    14.974    14.979 
    1720    14.974    14.979 
    1730    14.974    14.981 
    1740    14.974    14.979 
    1750    15.001    14.971 
    1760    14.974    14.979 
    1770    14.974    14.979 
    1780    14.974    14.979 
    1790    14.971    14.980 
    1800    14.976    14.978 
    1810    14.974    14.979 
    1820    14.974    14.979 
    1830    14.974    14.979 
    1840    14.974    14.979 
    1850    14.873    15.026 
    1860    14.956    14.946 
    1870    14.974    14.979 
    1880    14.974    14.979 
    1890    14.974    14.979 
    1900    14.992    14.978 
    1910    14.974    14.979 
    1920    14.974    14.979 
    1930    14.974    14.978 
    1940    14.974    14.979 
    1950    14.949    14.980 
    1960    14.974    14.979 
    1970    14.974    14.979 
    1980    -6.227    85.447 
    1990    14.974    14.979 
    2000    14.985    14.891 
    2010    14.974    14.979 
    2020    14.974    14.979 
    2030    14.973    14.979 
    2040    14.974    14.979 
    2050    14.971    14.980 
    2060    14.974    14.979 
    2070    14.974    14.979 
    2080    14.973    14.978 
    2090    14.974    14.979 
    2100    14.979    14.982 
    2110    14.974    14.979 
    2120    14.973    14.980 
    2130    14.974    14.980 
    2140    14.989    14.986 
    2150    14.943    14.963 
    2160    14.974    14.979 
    2170    14.974    14.979 
    2180    14.974    14.979 
    2190    14.974    14.979 
    2200    14.977    14.975 
    2210    14.974    14.979 
    2220    14.973    14.979 
    2230    68.764    59.365 
    2240    14.974    14.979 
    2250    14.966    14.968 
    2260    14.974    14.979 
    2270    14.974    14.979 
    2280    14.973    14.979 
    2290    14.974    14.979 
    2300    14.964    14.983 
    2310    14.974    14.979 
    2320    14.974    14.979 
    2330    14.970    14.981 
    2340    14.974    14.979 
    2350    15.048    14.859 
    2360    14.974    14.979 
    2370    14.974    14.979 
    2380    14.973    14.979 
    2390    14.974    14.979 
    2400    14.976    14.974 
    2410    14.974    14.979 
    2420    14.974    14.979 
    2430    14.980    14.982 
    2440    14.974    14.979 
    2450    14.995    14.932 
    2460    14.974    14.979 
    2470    14.974    14.979 
    2480    14.970    14.980 
    2490    14.974    14.979 
    2500    14.967    14.974 
    2510    14.974    14.979 
    2520    14.974    14.979 
    2530    14.974    14.981 
    2540    14.974    14.979 
    2550    15.033    13.756 
    2560    14.974    14.979 
    2570    14.974    14.979 
    2580    14.974    14.981 
    2590    14.974    14.979 
    2600    15.123    14.924 
    2610    14.974    14.979 
    2620    14.971    14.980 
    2630    14.973    14.979 
    2640    14.974    14.979 
    2650    14.978    14.979 
    2660    14.974    14.978 
    2670    14.974    14.979 
    2680    14.974    14.979 
    2690    14.974    14.979 
    2700    14.964    15.051 
    2710    14.974    14.979 
    2720    14.974    14.979 
    2730    14.974    14.979 
    2740    14.974    14.979 
    2750    14.977    14.974 
    2760    14.974    14.979 
    2770    14.974    14.979 
    2780    71.524    67.057 
    2790    14.974    14.979 
    2800    14.817    14.397 
    2810    14.974    14.979 
    2820    14.974    14.979 
    2830    14.974    14.979 
    2840    14.974    14.979 
    2850    15.009    14.981 
    2860    14.974    14.979 
    2870    14.974    14.979 
    2880    14.973    14.974 
    2890    14.974    14.979 
    2900    14.976    14.979 
    2910    14.974    14.979 
    2920    14.977    14.979 
    2930    14.975    14.979 
    2940    14.974    14.979 
    2950    14.978    14.967 
    2960    14.974    14.979 
    2970    14.974    14.979 
    2980    14.974    14.979 
    2990    14.974    14.979 
    3000    14.975    14.985 
    3010    14.974    14.979 
    3020    14.974    14.979 
    3030    14.973    14.962 
    3040    14.974    14.979 
    3050    14.975    14.974 
    3060    14.974    14.979 
    3070    14.974    14.979 
    3080    81.036    39.763 
    3090    14.974    14.979 
    3100    14.991    14.906 
    3110    14.974    14.979 
    3120    14.974    14.979 
    3130    14.973    14.984 
    3140    14.974    14.979 
    3150    14.961    15.109 
    3160    14.974    14.980 
    3170    14.974    14.979 
    3180    73.217   103.295 
    3190    14.974    14.979 
    3200    14.973    14.980 
    3210    14.974    14.979 
    3220    14.974    14.979 
    3230    14.974    14.979 
    3240    14.974    14.979 
    3250    14.975    14.981 
    3260    14.976    14.978 
    3270    14.974    14.979 
    3280    14.974    14.979 
    3290    14.974    14.979 
    3300    14.949    14.932 
    3310    14.974    14.979 
    3320    14.974    14.979 
    3330    14.974    14.979 
    3340    14.974    14.979 
    3350    14.838    15.098 
    3360    14.974    14.979 
    3370    14.972    14.980 
    3380    14.974    14.979 
    3390    14.974    14.979 
    3400    14.969    14.962 
    3410    14.974    14.979 
    3420    14.974    14.979 
    3430    14.974    14.979 
    3440    14.974    14.979 
    3450    14.993    14.993 
    3460    14.974    14.979 
    3470    14.974    14.979 
    3480    14.974    14.979 
    3490    14.974    14.979 
    3500    14.974    14.985 
    3510    14.974    14.979 
    3520    14.974    14.979 
    3530    14.964    14.979 
    3540    14.974    14.979 
    3550    14.962    14.984 
    3560    14.974    14.979 
    3570    14.974    14.979 
    3580    14.975    14.976 
    3590    14.974    14.979 
    3600    14.975    14.979 
    3610    14.974    14.979 
    3620    14.974    14.979 
    3630    14.973    14.977 
    3640    14.974    14.980 
    3650    14.942    15.062 
    3660    14.973    14.980 
    3670    14.974    14.979 
    3680    83.265    73.248 
    3690    14.974    14.979 
    3700    14.969    14.986 
    3710    14.974    14.979 
    3720    14.972    14.982 
    3730    14.974    14.979 
    3740    14.974    14.979 
    3750    14.728    14.759 
    3760    14.974    14.979 
    3770    14.974    14.979 
    3780    14.974    14.979 
    3790    14.974    14.979 
    3800    15.003    14.972 
    3810    14.974    14.979 
    3820    14.974    14.979 
    3830    14.974    14.979 
    3840    14.974    14.979 
    3850    15.010    14.982 
    3860    14.974    14.979 
    3870    14.974    14.979 
    3880     4.104    79.001 
    3890    14.974    14.979 
    3900    14.975    14.967 
    3910    14.974    14.979 
    3920    14.974    14.979 
    3930    14.974    14.979 
    3940    14.974    14.979 
    3950    14.980    14.979 
    3960    14.974    14.979 
    3970    14.974    14.979 
    3980    14.974    14.979 
    3990    14.974    14.979 
    4000    14.976    14.979 
    4010    14.974    14.979 
    4020    14.974    14.979 
    4030    14.972    14.978 
    4040    14.973    14.979 
    4050    14.959    14.976 
    4060    14.974    14.979 
    4070    14.974    14.979 
    4080    14.975    14.975 
    4090    14.974    14.979 
    4100    15.038    14.880 
    4110    14.974    14.979 
    4120    14.974    14.979 
    4130    14.974    14.974 
    4140    14.974    14.979 
    4150    14.723    14.992 
    4160    14.974    14.979 
    4170    14.971    14.979 
    4180    14.974    14.980 
    4190    14.974    14.979 
    4200    14.925    14.917 
    4210    14.974    14.979 
    4220    14.974    14.979 
    4230    14.974    14.980 
    4240    14.974    14.979 
    4250    14.892    15.103 
    4260    14.973    14.980 
    4270    14.974    14.979 
    4280    14.974    14.978 
    4290    14.974    14.979 
    4300    14.971    14.975 
    4310    14.974    14.979 
    4320    14.974    14.979 
    4330    14.977    14.982 
    4340    14.974    14.979 
    4350    14.979    14.920 
    4360    14.974    14.979 
    4370    14.974    14.979 
    4380    14.973    14.979 
    4390    14.973    14.979 
    4400    14.973    14.979 
    4410    14.974    14.979 
    4420    14.974    14.979 
    4430    14.975    14.980 
    4440    14.974    14.979 
    4450    15.028    14.878 
    4460    14.974    14.979 
    4470    14.974    14.979 
    4480    14.974    14.975 
    4490    14.974    14.979 
    4500    14.985    14.979 
    4510    14.974    14.978 
    4520    14.974    14.979 
    4530    14.974    14.979 
    4540    14.974    14.979 
    4550    14.925    15.154 
    4560    14.974    14.979 
    4570    14.974    14.979 
    4580    14.974    14.979 
    4590    14.974    14.979 
    4600    15.047    15.021 
    4610    14.974    14.979 
    4620    14.974    14.979 
    4630    14.975    14.977 
    4640    14.974    14.979 
    4650    14.980    14.978 
    4660    14.974    14.979 
    4670    14.974    14.979 
    4680    14.973    14.977 
    4690    14.974    14.979 
    4700    15.125    14.943 
    4710    14.974    14.978 
    4720    14.979    14.978 
    4730    14.974    14.979 
    4740    14.974    14.979 
    4750    14.972    14.979 
    4760    14.974    14.979 
    4770    14.974    14.979 
    4780    66.644    42.165 
    4790    14.974    14.979 
    4800    14.973    14.982 
    4810    14.974    14.979 
    4820    14.974    14.979 
    4830    14.971    14.979 
    4840    14.974    14.979 
    4850    15.021    15.008 
    4860    14.974    14.979 
    4870    14.974    14.979 
    4880    14.974    14.979 
    4890    14.974    14.979 
    4900    14.927    14.958 
    4910    14.974    14.979 
    4920    14.978    14.980 
    4930    14.974    14.979 
    4940    14.974    14.979 
    4950    14.984    14.980 
    4960    14.974    14.979 
    4970    14.974    14.979 
    4980    14.974    14.979 
    4990    14.974    14.979 
    5000    14.975    14.977 
    5010    14.974    14.979 
    5020    14.974    14.979 
    5030    14.974    14.979 
    5040    14.974    14.979 
    5050    14.998    15.020 
    5060    14.975    14.981 
    5070    14.974    14.979 
    5080    14.973    14.980 
    5090    14.974    14.979 
    5100    14.971    14.983 
    5110    14.974    14.979 
    5120    14.974    14.979 
    5130    14.973    14.979 
    5140    14.974    14.979 
    5150    14.975    14.976 
    5160    14.974    14.979 
    5170    14.974    14.979 
    5180    14.975    14.980 
    5190    14.974    14.979 
    5200    14.977    14.974 
    5210    14.974    14.979 
    5220    14.974    14.979 
    5230    14.975    14.980 
    5240    14.972    14.982 
    5250    14.987    14.924 
    5260    14.974    14.979 
    5270    14.974    14.979 
    5280    14.974    14.980 
    5290    14.974    14.979 
    5300    14.973    14.986 
    5310    14.974    14.979 
    5320    14.974    14.979 
    5330    14.974    14.979 
    5340    14.974    14.979 
    5350    14.954    15.009 
    5360    14.974    14.979 
    5370    14.974    14.979 
    5380    14.974    14.979 
    5390    14.974    14.979 
    5400    14.907    14.859 
    5410    14.974    14.979 
    5420    14.974    14.979 
    5430    14.975    14.979 
    5440    14.974    14.979 
    5450    14.975    14.980 
    5460    14.974    14.979 
    5470    14.974    14.979 
    5480    14.975    14.975 
    5490    14.974    14.979 
    5500    14.967    14.984 
    5510    14.974    14.979 
    5520    14.974    14.979 
    5530    14.974    14.979 
    5540    14.974    14.979 
    5550    14.898    14.930 
    5560    14.974    14.979 
    5570    14.974    14.979 
    5580    14.974    14.979 
    5590    14.974    14.979 
    5600    14.996    14.988 
    5610    14.974    14.979 
    5620    14.974    14.979 
    5630    14.974    14.980 
    5640    14.972    14.980 
    5650    14.972    14.975 
    5660    14.974    14.979 
    5670    14.974    14.979 
    5680    14.973    14.979 
    5690    14.974    14.979 
    5700    14.970    14.981 
    5710    14.974    14.979 
    5720    14.974    14.979 
    5730    14.974    14.979 
    5740    14.974    14.979 
    5750    14.928    14.824 
    5760    14.974    14.982 
    5770    14.974    14.979 
    5780    14.973    14.981 
    5790    14.974    14.979 
    5800    14.975    14.978 
    5810    14.974    14.979 
    5820    14.974    14.979 
    5830    14.974    14.979 
    5840    14.974    14.979 
    5850    14.972    14.979 
    5860    14.974    14.979 
    5870    14.974    14.979 
    5880    14.974    14.979 
    5890    14.974    14.979 
    5900    15.052    15.100 
    5910    14.974    14.979 
    5920    14.974    14.979 
    5930    14.973    14.978 
    5940    14.974    14.979 
    5950    14.912    15.030 
    5960    14.974    14.979 
    5970    14.974    14.979 
    5980    14.974    14.980 
    5990    14.974    14.979 
    6000    14.970    14.983 
    6010    14.974    14.979 
    6020    14.974    14.979 
    6030    14.974    14.979 
    6040    14.974    14.979 
    6050    15.056    15.075 
    6060    14.974    14.979 
    6070    14.974    14.979 
    6080    14.974    14.979 
    6090    14.974    14.979 
    6100    14.983    14.992 
    6110    14.974    14.979 
    6120    14.974    14.979 
    6130    14.974    14.979 
    6140    14.974    14.979 
    6150    14.833    14.958 
    6160    14.974    14.979 
    6170    14.974    14.979 
    6180    14.973    14.980 
    6190    14.974    14.979 
    6200    15.127    14.946 
    6210    14.974    14.979 
    6220    14.974    14.979 
    6230    14.974    14.979 
    6240    14.974    14.980 
    6250    14.948    14.978 
    6260    14.974    14.979 
    6270    14.974    14.979 
    6280    14.974    14.979 
    6290    14.974    14.979 
    6300    14.879    14.978 
    6310    14.974    14.979 
    6320    14.973    14.979 
    6330    14.974    14.979 
    6340    14.974    14.979 
    6350    14.970    14.986 
    6360    14.974    14.979 
    6370    14.972    14.983 
    6380    14.974    14.979 
    6390    14.974    14.979 
    6400    14.977    14.980 
    6410    14.974    14.979 
    6420    14.974    14.979 
    6430    14.973    14.980 
    6440    14.974    14.979 
    6450    14.969    14.980 
    6460    14.973    14.976 
    6470    14.974    14.979 
    6480    14.975    14.979 
    6490    14.974    14.979 
    6500    14.997    14.950 
    6510    14.974    14.979 
    6520    14.974    14.979 
    6530    14.973    14.979 
    6540    14.974    14.979 
    6550    14.974    14.980 
    6560    14.974    14.979 
    6570    14.974    14.979 
    6580    14.974    14.979 
    6590    14.974    14.979 
    6600    14.973    14.978 
    6610    14.973    14.980 
    6620    14.974    14.979 
    6630    14.974    14.979 
    6640    14.974    14.979 
    6650    14.972    14.980 
    6660    14.974    14.979 
    6670    14.974    14.979 
    6680    14.978    14.980 
    6690    14.974    14.979 
    6700    15.325    15.163 
    6710    14.974    14.980 
    6720    14.976    14.980 
    6730    14.967    14.986 
    6740    14.974    14.979 
    6750    14.970    14.984 
    6760    14.974    14.979 
    6770    14.974    14.979 
    6780    69.634   -10.056 
    6790    14.974    14.979 
    6800    14.982    15.003 
    6810    14.974    14.979 
    6820    14.974    14.979 
    6830    77.959    -2.910 
    6840    14.974    14.979 
    6850    14.980    14.985 
    6860    14.974    14.979 
    6870    14.974    14.979 
    6880    14.974    14.979 
    6890    14.974    14.979 
    6900    15.000    14.686 
    6910    14.974    14.979 
    6920    14.974    14.979 
    6930    14.974    14.979 
    6940    14.974    14.979 
    6950    14.931    15.034 
    6960    14.974    14.979 
    6970    14.974    14.979 
    6980    14.974    14.979 
    6990    14.974    14.979 
    7000    14.970    14.974 
    7010    14.974    14.979 
    7020    14.974    14.979 
    7030    14.973    14.979 
    7040    14.974    14.979 
    7050    14.956    14.959 
    7060    14.974    14.980 
    7070    14.974    14.979 
    7080    14.974    14.979 
    7090    14.974    14.979 
    7100    15.042    15.002 
    7110    14.974    14.979 
    7120    14.974    14.979 
    7130    14.974    14.978 
    7140    14.974    14.979 
    7150    14.844    14.995 
    7160    14.975    14.979 
    7170    14.974    14.979 
    7180    99.890   -22.378 
    7190    14.974    14.979 
    7200    14.966    14.934 
    7210    14.974    14.980 
    7220    14.974    14.979 
    7230    14.973    14.978 
    7240    14.974    14.979 
    7250    14.947    14.982 
    7260    14.975    14.987 
    7270    14.974    14.979 
    7280    14.974    14.979 
    7290    14.974    14.979 
    7300    15.012    14.992 
    7310    14.974    14.979 
    7320    14.974    14.979 
    7330    14.974    14.979 
    7340    14.974    14.979 
    7350    14.973    14.977 
    7360    14.974    14.979 
    7370    14.974    14.979 
    7380    14.973    14.972 
    7390    14.974    14.979 
    7400    14.978    15.005 
    7410    14.974    14.979 
    7420    14.974    14.979 
    7430    14.974    14.978 
    7440    14.974    14.979 
    7450    14.973    14.979 
    7460    14.974    14.979 
    7470    14.974    14.979 
    7480    14.974    14.979 
    7490    14.974    14.979 
    7500    14.983    14.985 
    7510    14.974    14.979 
    7520    14.974    14.979 
    7530    14.974    14.979 
    7540    14.974    14.980 
    7550    14.984    14.977 
    7560    14.974    14.979 
    7570    14.974    14.979 
    7580    14.974    14.977 
    7590    14.974    14.979 
    7600    14.989    14.980 
    7610    14.974    14.979 
    7620    14.973    14.980 
    7630    14.973    14.978 
    7640    14.974    14.979 
    7650    14.962    14.785 
    7660    14.974    14.980 
    7670    14.974    14.979 
    7680    14.974    14.979 
    7690    14.974    14.979 
    7700    14.937    15.015 
    7710    14.973    14.979 
    7720    14.974    14.979 
    7730    14.976    14.979 
    7740    14.974    14.979 
    7750    14.970    14.833 
    7760    14.977    14.979 
    7770    14.974    14.979 
    7780    14.974    14.982 
    7790    14.974    14.979 
    7800    14.897    14.983 
    7810    14.974    14.979 
    7820    14.974    14.979 
    7830    14.974    14.977 
    7840    14.974    14.979 
    7850    14.975    14.975 
    7860    14.974    14.979 
    7870    14.974    14.979 
    7880    14.974    14.979 
    7890    14.974    14.979 
    7900    14.889    15.044 
    7910    14.974    14.979 
    7920    14.974    14.979 
    7930    14.974    14.979 
    7940    14.974    14.979 
    7950    14.974    14.982 
    7960    14.974    14.979 
    7970    14.974    14.979 
    7980    14.974    14.979 
    7990    14.974    14.979 
    8000    14.971    15.012 
    8010    14.974    14.979 
    8020    14.974    14.979 
    8030    14.973    14.979 
    8040    14.974    14.979 
    8050    14.974    14.981 
    8060    14.974    14.979 
    8070    14.974    14.979 
    8080    14.966    14.981 
    8090    14.974    14.979 
    8100    14.938    14.788 
    8110    14.974    14.979 
    8120    14.974    14.979 
    8130    14.974    14.979 
    8140    14.974    14.979 
    8150    14.845    15.049 
    8160    14.974    14.980 
    8170    14.967    14.983 
    8180    14.974    14.978 
    8190    14.974    14.979 
    8200    14.940    14.909 
    8210    14.974    14.979 
    8220    14.974    14.979 
    8230    14.974    14.979 
    8240    14.974    14.979 
    8250    14.976    14.979 
    8260    14.974    14.982 
    8270    14.974    14.979 
    8280    14.974    14.979 
    8290    14.974    14.979 
    8300    14.907    15.036 
    8310    14.974    14.979 
    8320    14.974    14.979 
    8330    14.973    14.979 
    8340    14.974    14.979 
    8350    14.971    14.986 
    8360    14.974    14.979 
    8370    14.974    14.979 
    8380    14.974    14.979 
    8390    14.974    14.979 
    8400    14.911    14.915 
    8410    14.974    14.979 
    8420    14.974    14.979 
    8430    80.574   -44.012 
    8440    14.974    14.979 
    8450    14.976    14.982 
    8460    14.974    14.979 
    8470    14.974    14.979 
    8480    14.974    14.979 
    8490    14.974    14.979 
    8500    14.975    14.977 
    8510    14.974    14.979 
    8520    14.974    14.979 
    8530    14.973    14.980 
    8540    14.974    14.979 
    8550    14.976    15.007 
    8560    14.974    14.979 
    8570    14.974    14.979 
    8580    14.973    14.979 
    8590    14.974    14.979 
    8600    14.976    14.970 
    8610    14.974    14.979 
    8620    14.974    14.980 
    8630    14.974    14.977 
    8640    14.974    14.980 
    8650    15.009    15.035 
    8660    14.975    14.981 
    8670    14.974    14.979 
    8680    14.974    14.979 
    8690    14.974    14.979 
    8700    15.031    14.891 
    8710    14.974    14.979 
    8720    14.974    14.979 
    8730     2.053    83.750 
    8740    14.974    14.979 
    8750    14.973    14.979 
    8760    14.974    14.979 
    8770    14.974    14.979 
    8780    14.974    14.975 
    8790    14.974    14.979 
    8800    14.995    14.981 
    8810    14.975    14.963 
    8820    14.974    14.979 
    8830    14.974    14.977 
    8840    14.974    14.979 
    8850    15.012    15.029 
    8860    14.974    14.979 
    8870    14.974    14.979 
    8880    14.974    14.979 
    8890    14.974    14.979 
    8900    14.807    14.905 
    8910    14.973    14.979 
    8920    14.974    14.979 
    8930    14.973    14.977 
    8940    14.974    14.979 
    8950    14.969    14.981 
    8960    14.974    14.979 
    8970    14.974    14.979 
    8980    14.974    14.978 
    8990    14.974    14.979 
    9000    15.029    14.965 
    9010    14.974    14.980 
    9020    14.974    14.979 
    9030    14.973    14.975 
    9040    14.974    14.979 
    9050    14.949    14.969 
    9060    14.974    14.979 
    9070    14.974    14.979 
    9080    14.973    14.974 
    9090    14.974    14.979 
    9100    14.974    14.996 
    9110    14.974    14.979 
    9120    14.974    14.979 
    9130    14.974    14.979 
    9140    14.974    14.979 
    9150    14.972    14.972 
    9160    14.974    14.979 
    9170    14.974    14.979 
    9180    14.974    14.978 
    9190    14.974    14.979 
    9200    14.919    14.999 
    9210    14.974    14.979 
    9220    14.974    14.979 
    9230    14.975    14.980 
    9240    14.974    14.979 
    9250    14.976    14.976 
    9260    14.974    14.979 
    9270    14.974    14.979 
    9280    14.974    14.979 
    9290    14.974    14.979 
    9300    14.939    15.004 
    9310    14.974    14.979 
    9320    14.974    14.979 
    9330    14.974    14.978 
    9340    14.955    14.987 
    9350    14.969    14.976 
    9360    14.974    14.979 
    9370    14.974    14.979 
    9380    14.975    14.979 
    9390    14.974    14.979 
    9400    14.975    14.980 
    9410    14.974    14.979 
    9420    14.974    14.979 
    9430    14.972    14.980 
    9440    14.974    14.979 
    9450    15.010    15.019 
    9460    14.974    14.979 
    9470    14.974    14.979 
    9480    14.983    14.983 
    9490    14.974    14.979 
    9500    14.973    14.981 
    9510    14.974    14.979 
    9520    14.973    14.979 
    9530    14.974    14.979 
    9540    14.974    14.979 
    9550    14.855    14.974 
    9560    14.974    14.980 
    9570    14.974    14.979 
    9580    14.974    14.979 
    9590    14.974    14.979 
    9600    14.973    14.985 
    9610    14.976    14.979 
    9620    14.974    14.979 
    9630    14.975    14.978 
    9640    14.974    14.979 
    9650    15.005    15.021 
    9660    14.974    14.979 
    9670    14.974    14.979 
    9680    14.974    14.979 
    9690    14.974    14.979 
    9700    14.977    14.976 
    9710    14.974    14.979 
    9720    14.974    14.979 
    9730    14.972    14.980 
    9740    14.973    14.979 
    9750    14.975    14.974 
    9760    14.974    14.979 
    9770    14.975    14.979 
    9780    14.971    14.979 
    9790    14.974    14.979 
    9800    14.977    14.979 
    9810    14.974    14.979 
    9820    14.974    14.979 
    9830    14.975    14.975 
    9840    14.974    14.979 
    9850    14.987    14.991 
    9860    14.974    14.979 
    9870    14.974    14.979 
    9880    14.973    14.979 
    9890    14.974    14.979 
    9900    14.926    15.002 
    9910    14.975    14.978 
    9920    14.974    14.979 
    9930    14.974    14.979 
    9940    14.974    14.979 
    9950    14.969    14.989 
    9960    14.974    14.979 
    9970    14.974    14.979 
    9980    14.974    14.979 
    9990    14.974    14.979 
   10000    14.974    14.979 
