       0   284.952   284.872 
      10   287.774   289.862 
      20   289.583   289.681 
      30   290.001   289.726 
      40   289.881   289.749 
      50   289.858   289.762 
      60   289.940   289.886 
      70   289.944   289.804 
      80   289.944   289.838 
      90   289.945   289.844 
     100   290.059   289.864 
     110   289.944   289.844 
     120   289.951   289.923 
     130   289.946   289.852 
     140   289.945   289.851 
     150   290.033   289.892 
     160   289.946   289.851 
     170   289.947   289.862 
     180   289.947   289.859 
     190   289.947   289.817 
     200   289.954   289.863 
     210   289.947   289.851 
     220   289.947   289.860 
     230   289.944   289.861 
     240   289.947   289.860 
     250   289.948   289.858 
     260   289.947   289.859 
     270   289.947   289.863 
     280   289.945   289.861 
     290   289.948   289.864 
     300   289.971   289.882 
     310   289.956   289.864 
     320   289.952   289.865 
     330   289.947   289.865 
     340   289.948   289.864 
     350   289.958   289.862 
     360   289.949   289.864 
     370   289.948   289.865 
     380   289.949   289.865 
     390   289.947   289.866 
     400   289.950   289.861 
     410   289.948   289.867 
     420   289.947   289.867 
     430   289.947   289.868 
     440   289.947   289.867 
     450   289.964   289.867 
     460   289.947   289.869 
     470   289.948   289.873 
     480   289.947   289.868 
     490   289.947   289.867 
     500   289.948   289.858 
     510   289.947   289.868 
     520   289.947   289.868 
     530   289.947   289.864 
     540   289.947   289.871 
     550   290.043   289.856 
     560   289.947   289.868 
     570   289.947   289.868 
     580   289.946   289.867 
     590   289.947   289.868 
     600   289.946   289.868 
     610   289.947   289.867 
     620   289.947   289.869 
     630   289.946   289.859 
     640   289.948   289.869 
     650   290.163   289.867 
     660   289.948   289.870 
     670   289.947   289.869 
     680   289.946   289.868 
     690   289.947   289.869 
     700   289.945   289.871 
     710   289.947   289.869 
     720   289.947   289.868 
     730   289.946   289.869 
     740   289.947   289.869 
     750   289.946   289.870 
     760   289.947   289.860 
     770   289.947   289.869 
     780   289.946   289.868 
     790   289.947   289.869 
     800   289.946   289.865 
     810   289.962   289.869 
     820   289.946   289.868 
     830   289.946   289.866 
     840   289.947   289.869 
     850   290.018   289.869 
     860   289.947   289.869 
     870   289.947   289.869 
     880   289.946   289.869 
     890   289.947   289.869 
     900   289.947   289.879 
     910   289.947   289.869 
     920   289.947   289.869 
     930   289.946   289.867 
     940   289.947   289.869 
     950   289.942   289.872 
     960   289.946   289.870 
     970   289.947   289.869 
     980   289.946   289.870 
     990   289.947   289.870 
    1000   289.948   289.864 
    1010   289.947   289.869 
    1020   289.947   289.869 
    1030   289.946   289.869 
    1040   289.947   289.869 
    1050   289.929   289.887 
    1060   289.947   289.869 
    1070   289.947   289.869 
    1080   289.946   289.869 
    1090   289.947   289.869 
    1100   289.944   289.861 
    1110   289.947   289.869 
    1120   289.947   289.869 
    1130   289.946   289.878 
    1140   289.947   289.871 
    1150   289.947   289.869 
    1160   289.947   289.869 
    1170   289.947   289.869 
    1180   289.946   289.868 
    1190   289.947   289.869 
    1200   289.947   289.867 
    1210   289.948   289.870 
    1220   289.947   289.869 
    1230   289.946   289.869 
    1240   289.947   289.869 
    1250   289.946   289.873 
    1260   289.947   289.869 
    1270   289.947   289.869 
    1280   289.946   289.868 
    1290   289.947   289.870 
    1300   289.948   289.869 
    1310   289.947   289.869 
    1320   289.947   289.869 
    1330   289.947   289.867 
    1340   289.947   289.869 
    1350   290.053   289.872 
    1360   289.946   289.870 
    1370   289.947   289.869 
    1380   289.945   289.870 
    1390   289.947   289.869 
    1400   289.954   289.858 
    1410   289.947   289.869 
    1420   289.947   289.869 
    1430   289.945   289.870 
    1440   289.947   289.870 
    1450   290.081   289.806 
    1460   289.947   289.870 
    1470   289.947   289.869 
    1480   289.941   289.869 
    1490   289.947   289.869 
    1500   289.947   289.880 
    1510   289.947   289.869 
    1520   289.947   289.869 
    1530   289.946   289.871 
    1540   289.947   289.870 
    1550   289.951   289.874 
    1560   289.955   289.869 
    1570   289.947   289.869 
    1580   289.946   289.871 
    1590   289.947   289.870 
    1600   289.943   289.873 
    1610   289.947   289.869 
    1620   289.947   289.869 
    1630   289.942   289.870 
    1640   289.947   289.869 
    1650   289.945   289.877 
    1660   289.946   289.870 
    1670   289.949   289.869 
    1680   289.943   289.869 
    1690   289.947   289.869 
    1700   289.947   289.863 
    1710   289.947   289.870 
    1720   289.946   289.869 
    1730   289.947   289.869 
    1740   289.947   289.869 
    1750   289.947   289.806 
    1760   289.947   289.870 
    1770   289.947   289.870 
    1780   289.946   289.869 
    1790   289.947   289.869 
    1800   289.953   289.803 
    1810   289.946   289.872 
    1820   289.947   289.869 
    1830   289.949   289.869 
    1840   289.947   289.869 
    1850   289.947   289.877 
    1860   289.947   289.869 
    1870   289.947   289.869 
    1880   289.946   289.873 
    1890   289.947   289.870 
    1900   289.967   289.868 
    1910   289.947   289.865 
    1920   289.947   289.870 
    1930   289.946   289.869 
    1940   289.947   289.870 
    1950   289.946   289.869 
    1960   289.947   289.870 
    1970   289.947   289.869 
    1980   289.945   289.868 
    1990   289.947   289.869 
    2000   289.952   289.847 
    2010   289.955   289.870 
    2020   289.946   289.870 
    2030   289.946   289.871 
    2040   289.947   289.869 
    2050   289.960   289.873 
    2060   289.948   289.870 
    2070   289.947   289.869 
    2080   289.943   289.879 
    2090   289.947   289.869 
    2100   289.953   289.870 
    2110   289.947   289.869 
    2120   289.947   289.869 
    2130   289.945   289.871 
    2140   289.947   289.869 
    2150   289.946   289.890 
    2160   289.970   289.870 
    2170   289.947   289.870 
    2180   289.946   289.869 
    2190   289.947   289.870 
    2200   289.942   289.885 
    2210   289.946   289.869 
    2220   289.947   289.869 
    2230   289.944   289.869 
    2240   289.947   289.869 
    2250   289.949   289.868 
    2260   289.947   289.869 
    2270   289.947   289.869 
    2280   289.949   289.867 
    2290   289.947   289.869 
    2300   289.864   289.903 
    2310   289.947   289.869 
    2320   289.947   289.869 
    2330   289.946   289.870 
    2340   289.947   289.869 
    2350   289.953   289.869 
    2360   289.947   289.869 
    2370   289.947   289.869 
    2380   289.947   289.870 
    2390   289.947   289.870 
    2400   289.941   289.869 
    2410   289.947   289.867 
    2420   289.947   289.869 
    2430   289.947   289.869 
    2440   289.947   289.869 
    2450   289.947   289.864 
    2460   289.947   289.869 
    2470   289.947   289.869 
    2480   289.946   289.876 
    2490   289.947   289.869 
    2500   289.952   289.870 
    2510   289.947   289.870 
    2520   289.947   289.869 
    2530   289.946   289.873 
    2540   289.947   289.870 
    2550   289.947   289.872 
    2560   289.947   289.869 
    2570   289.947   289.869 
    2580   289.939   289.869 
    2590   289.947   289.869 
    2600   289.941   289.873 
    2610   289.947   289.869 
    2620   289.947   289.869 
    2630   289.946   289.873 
    2640   289.947   289.869 
    2650   289.973   289.870 
    2660   289.947   289.870 
    2670   289.947   289.869 
    2680   289.946   289.867 
    2690   289.947   289.869 
    2700   289.983   289.869 
    2710   289.947   289.869 
    2720   289.947   289.869 
    2730   289.948   289.869 
    2740   289.947   289.869 
    2750   289.946   289.872 
    2760   289.947   289.870 
    2770   289.947   289.870 
    2780   289.945   289.863 
    2790   289.947   289.870 
    2800   289.947   289.869 
    2810   289.947   289.877 
    2820   289.947   289.870 
    2830   289.946   289.866 
    2840   289.947   289.869 
    2850   289.945   289.869 
    2860   289.947   289.869 
    2870   289.947   289.869 
    2880   289.944   289.867 
    2890   289.947   289.870 
    2900   289.913   289.844 
    2910   289.952   289.869 
    2920   289.946   289.870 
    2930   289.946   289.870 
    2940   289.947   289.869 
    2950   289.958   289.867 
    2960   289.948   289.871 
    2970   289.947   289.869 
    2980   289.945   289.878 
    2990   289.946   289.869 
    3000   290.210   289.874 
    3010   289.947   289.869 
    3020   289.947   289.869 
    3030   289.946   289.869 
    3040   289.947   289.869 
    3050   289.932   289.875 
    3060   289.947   289.869 
    3070   289.947   289.870 
    3080   289.946   289.867 
    3090   289.947   289.870 
    3100   289.935   289.877 
    3110   289.948   289.871 
    3120   289.947   289.869 
    3130   289.949   289.869 
    3140   289.947   289.869 
    3150   289.878   289.911 
    3160   289.947   289.870 
    3170   289.947   289.870 
    3180   289.947   289.870 
    3190   289.947   289.869 
    3200   289.965   289.872 
    3210   289.947   289.870 
    3220   289.947   289.869 
    3230   289.946   289.869 
    3240   289.947   289.869 
    3250   289.949   289.866 
    3260   289.947   289.870 
    3270   289.947   289.869 
    3280   289.944   289.861 
    3290   289.947   289.869 
    3300   289.940   289.871 
    3310   289.948   289.870 
    3320   289.947   289.870 
    3330   289.946   289.872 
    3340   289.947   289.870 
    3350   289.943   289.876 
    3360   289.946   289.870 
    3370   289.942   289.866 
    3380   289.946   289.870 
    3390   289.947   289.869 
    3400   289.940   289.865 
    3410   289.947   289.869 
    3420   289.947   289.870 
    3430   289.946   289.869 
    3440   289.947   289.870 
    3450   290.060   289.898 
    3460   289.957   289.869 
    3470   289.948   289.869 
    3480   289.944   289.871 
    3490   289.947   289.869 
    3500   289.947   289.868 
    3510   289.948   289.869 
    3520   289.947   289.869 
    3530   289.942   289.869 
    3540   289.947   289.869 
    3550   289.947   289.880 
    3560   289.947   289.870 
    3570   289.947   289.870 
    3580   289.946   289.870 
    3590   289.947   289.869 
    3600   289.939   289.864 
    3610   289.947   289.869 
    3620   289.947   289.869 
    3630   289.946   289.871 
    3640   289.947   289.869 
    3650   289.932   289.872 
    3660   289.946   289.866 
    3670   289.947   289.869 
    3680   289.949   289.869 
    3690   289.947   289.870 
    3700   289.954   289.841 
    3710   289.947   289.869 
    3720   289.947   289.870 
    3730   289.943   289.876 
    3740   289.947   289.869 
    3750   290.068   289.874 
    3760   289.947   289.870 
    3770   289.947   289.869 
    3780   289.947   289.869 
    3790   289.947   289.869 
    3800   289.947   289.865 
    3810   289.947   289.872 
    3820   289.947   289.869 
    3830   289.946   289.869 
    3840   289.947   289.870 
    3850   289.952   289.865 
    3860   289.972   289.870 
    3870   289.947   289.869 
    3880   289.946   289.870 
    3890   289.947   289.870 
    3900   289.947   289.873 
    3910   289.947   289.869 
    3920   289.947   289.869 
    3930   289.946   289.870 
    3940   289.947   289.869 
    3950   289.969   289.841 
    3960   289.947   289.870 
    3970   289.947   289.870 
    3980   289.949   289.869 
    3990   289.947   289.869 
    4000   289.947   289.871 
    4010   289.947   289.869 
    4020   289.947   289.870 
    4030   289.943   289.869 
    4040   289.947   289.870 
    4050   289.948   289.874 
    4060   289.947   289.869 
    4070   289.947   289.870 
    4080   289.946   289.873 
    4090   289.947   289.870 
    4100   289.946   289.871 
    4110   289.948   289.869 
    4120   289.947   289.869 
    4130   289.946   289.870 
    4140   289.947   289.869 
    4150   289.946   289.858 
    4160   289.947   289.872 
    4170   289.947   289.869 
    4180   289.946   289.865 
    4190   289.947   289.869 
    4200   290.262   289.873 
    4210   289.947   289.870 
    4220   289.947   289.869 
    4230   289.946   289.869 
    4240   289.947   289.870 
    4250   289.954   289.808 
    4260   289.955   289.869 
    4270   289.947   289.869 
    4280   289.947   289.870 
    4290   289.947   289.869 
    4300   289.944   289.870 
    4310   289.947   289.869 
    4320   289.946   289.869 
    4330   289.942   289.870 
    4340   289.947   289.869 
    4350   289.927   289.870 
    4360   289.947   289.869 
    4370   289.947   289.869 
    4380   289.945   289.869 
    4390   289.947   289.870 
    4400   289.959   289.869 
    4410   289.947   289.869 
    4420   289.947   289.869 
    4430   289.946   289.868 
    4440   289.947   289.870 
    4450   289.867   289.883 
    4460   289.948   289.869 
    4470   289.947   289.870 
    4480   289.947   289.869 
    4490   289.947   289.870 
    4500   289.945   289.870 
    4510   289.947   289.870 
    4520   289.947   289.869 
    4530   289.940   289.880 
    4540   289.947   289.869 
    4550   289.839   289.860 
    4560   289.947   289.869 
    4570   289.947   289.869 
    4580   289.947   289.869 
    4590   289.947   289.870 
    4600   289.950   289.883 
    4610   289.954   289.869 
    4620   289.947   289.870 
    4630   289.946   289.870 
    4640   289.947   289.869 
    4650   289.941   289.960 
    4660   289.962   289.870 
    4670   289.943   289.869 
    4680   289.946   289.870 
    4690   289.947   289.869 
    4700   290.002   289.873 
    4710   289.947   289.869 
    4720   289.947   289.870 
    4730   289.947   289.869 
    4740   289.947   289.869 
    4750   289.956   289.869 
    4760   289.947   289.870 
    4770   289.947   289.870 
    4780   289.946   289.873 
    4790   289.947   289.869 
    4800   290.087   289.871 
    4810   289.947   289.869 
    4820   289.947   289.870 
    4830   289.959   289.858 
    4840   289.947   289.869 
    4850   289.646   289.825 
    4860   289.953   289.870 
    4870   289.943   289.869 
    4880   289.946   289.869 
    4890   289.947   289.870 
    4900   289.987   289.872 
    4910   289.947   289.870 
    4920   289.947   289.869 
    4930   289.952   289.879 
    4940   289.946   289.870 
    4950   290.090   289.858 
    4960   289.947   289.870 
    4970   289.947   289.869 
    4980   289.946   289.870 
    4990   289.947   289.870 
    5000   289.956   289.885 
    5010   289.947   289.870 
    5020   289.947   289.869 
    5030   289.943   289.869 
    5040   289.947   289.869 
    5050   289.950   289.853 
    5060   289.953   289.870 
    5070   289.947   289.869 
    5080   289.945   289.859 
    5090   289.947   289.869 
    5100   289.933   289.870 
    5110   289.947   289.870 
    5120   289.947   289.870 
    5130   289.945   289.870 
    5140   289.947   289.869 
    5150   289.951   289.872 
    5160   289.946   289.870 
    5170   289.953   289.870 
    5180   289.949   289.868 
    5190   289.947   289.869 
    5200   289.982   289.852 
    5210   289.946   289.868 
    5220   289.947   289.870 
    5230   289.942   289.870 
    5240   289.947   289.869 
    5250   289.947   289.751 
    5260   289.948   289.869 
    5270   289.947   289.869 
    5280   289.944   289.870 
    5290   289.947   289.869 
    5300   289.943   289.882 
    5310   289.953   289.869 
    5320   289.947   289.869 
    5330   289.946   289.869 
    5340   289.947   289.870 
    5350   289.946   289.867 
    5360   289.965   289.870 
    5370   289.947   289.870 
    5380   289.946   289.870 
    5390   289.947   289.869 
    5400   289.952   289.873 
    5410   289.947   289.870 
    5420   289.947   289.870 
    5430   289.945   289.867 
    5440   289.947   289.870 
    5450   290.029   289.972 
    5460   289.947   289.866 
    5470   289.947   289.870 
    5480   289.948   289.869 
    5490   289.947   289.870 
    5500   289.944   289.869 
    5510   289.948   289.869 
    5520   289.947   289.869 
    5530   289.943   289.870 
    5540   289.947   289.869 
    5550   289.946   289.870 
    5560   289.947   289.870 
    5570   289.947   289.869 
    5580   289.947   289.868 
    5590   289.947   289.870 
    5600   289.981   289.883 
    5610   289.946   289.870 
    5620   289.947   289.869 
    5630   289.945   289.858 
    5640   289.946   289.869 
    5650   290.153   289.867 
    5660   289.947   289.870 
    5670   289.947   289.870 
    5680   289.944   289.869 
    5690   289.947   289.870 
    5700   289.947   289.848 
    5710   289.947   289.869 
    5720   289.947   289.869 
    5730   289.946   289.869 
    5740   289.947   289.869 
    5750   289.934   289.911 
    5760   289.955   289.870 
    5770   289.947   289.869 
    5780   289.946   289.869 
    5790   289.947   289.870 
    5800   289.948   289.865 
    5810   289.947   289.869 
    5820   289.947   289.869 
    5830   289.945   289.864 
    5840   289.947   289.869 
    5850   289.774   289.871 
    5860   289.947   289.869 
    5870   289.947   289.870 
    5880   289.946   289.871 
    5890   289.947   289.869 
    5900   289.951   289.860 
    5910   289.947   289.869 
    5920   289.947   289.869 
    5930   289.946   289.869 
    5940   289.947   289.870 
    5950   289.955   289.869 
    5960   289.947   289.869 
    5970   289.947   289.869 
    5980   289.946   289.869 
    5990   289.947   289.869 
    6000   290.075   289.786 
    6010   289.947   289.869 
    6020   289.947   289.869 
    6030   289.946   289.869 
    6040   289.947   289.869 
    6050   289.943   289.857 
    6060   289.946   289.870 
    6070   289.947   289.869 
    6080   289.947   289.869 
    6090   289.947   289.869 
    6100   289.975   289.869 
    6110   289.947   289.869 
    6120   289.947   289.869 
    6130   289.945   289.869 
    6140   289.947   289.869 
    6150   289.946   289.800 
    6160   289.947   289.870 
    6170   289.947   289.869 
    6180   289.947   289.870 
    6190   289.947   289.869 
    6200   289.947   289.887 
    6210   289.947   289.869 
    6220   289.947   289.869 
    6230   289.945   289.869 
    6240   289.947   289.870 
    6250   289.946   289.870 
    6260   289.947   289.869 
    6270   289.947   289.869 
    6280   289.950   289.881 
    6290   289.947   289.870 
    6300   289.946   289.868 
    6310   289.946   289.869 
    6320   289.955   289.869 
    6330   289.946   289.868 
    6340   289.947   289.870 
    6350   289.984   289.905 
    6360   289.944   289.873 
    6370   289.946   289.869 
    6380   289.949   289.869 
    6390   289.947   289.870 
    6400   289.972   289.869 
    6410   289.947   289.869 
    6420   289.947   289.869 
    6430   289.946   289.871 
    6440   289.947   289.869 
    6450   289.949   289.875 
    6460   289.946   289.869 
    6470   289.947   289.869 
    6480   289.946   289.869 
    6490   289.946   289.870 
    6500   289.957   289.863 
    6510   289.947   289.869 
    6520   289.947   289.869 
    6530   289.946   289.867 
    6540   289.947   289.869 
    6550   289.960   289.875 
    6560   289.947   289.874 
    6570   289.947   289.869 
    6580   289.948   289.871 
    6590   289.947   289.869 
    6600   289.805   289.891 
    6610   289.947   289.869 
    6620   289.947   289.869 
    6630   289.946   289.869 
    6640   289.947   289.869 
    6650   289.849   289.867 
    6660   289.948   289.868 
    6670   289.947   289.870 
    6680   289.949   289.870 
    6690   289.947   289.869 
    6700   289.939   289.865 
    6710   289.946   289.872 
    6720   289.947   289.870 
    6730   289.949   289.870 
    6740   289.947   289.869 
    6750   289.846   289.797 
    6760   289.946   289.872 
    6770   289.946   289.869 
    6780   289.946   289.868 
    6790   289.947   289.869 
    6800   289.945   289.869 
    6810   289.947   289.870 
    6820   289.947   289.869 
    6830   289.946   289.872 
    6840   289.946   289.869 
    6850   289.948   289.872 
    6860   289.947   289.869 
    6870   289.947   289.870 
    6880   289.946   289.867 
    6890   289.947   289.869 
    6900   289.946   289.869 
    6910   289.948   289.870 
    6920   289.947   289.870 
    6930   289.948   289.860 
    6940   289.947   289.869 
    6950   289.966   289.870 
    6960   289.947   289.869 
    6970   289.947   289.869 
    6980   289.946   289.870 
    6990   289.947   289.869 
    7000   289.941   289.838 
    7010   289.946   289.870 
    7020   289.946   289.869 
    7030   289.946   289.875 
    7040   289.947   289.870 
    7050   290.074   289.869 
    7060   289.948   289.870 
    7070   289.947   289.869 
    7080   289.943   289.857 
    7090   289.946   289.870 
    7100   289.945   289.870 
    7110   289.947   289.870 
    7120   289.947   289.869 
    7130   289.946   289.868 
    7140   289.947   289.870 
    7150   289.943   289.870 
    7160   289.947   289.870 
    7170   289.947   289.869 
    7180   289.948   289.870 
    7190   289.947   289.868 
    7200   289.872   289.873 
    7210   289.947   289.870 
    7220   289.947   289.869 
    7230   289.946   289.867 
    7240   289.947   289.869 
    7250   289.959   289.874 
    7260   289.947   289.869 
    7270   289.947   289.870 
    7280   289.949   289.870 
    7290   289.947   289.869 
    7300   289.947   289.873 
    7310   289.947   289.870 
    7320   289.947   289.869 
    7330   289.946   289.870 
    7340   289.947   289.869 
    7350   289.950   289.901 
    7360   289.947   289.870 
    7370   289.947   289.869 
    7380   289.953   289.884 
    7390   289.946   289.870 
    7400   289.947   289.861 
    7410   289.947   289.870 
    7420   289.947   289.869 
    7430   289.947   289.887 
    7440   289.947   289.870 
    7450   289.946   289.868 
    7460   289.946   289.870 
    7470   289.947   289.869 
    7480   289.946   289.868 
    7490   289.947   289.870 
    7500   289.927   289.808 
    7510   289.960   289.870 
    7520   289.947   289.869 
    7530   289.946   289.869 
    7540   289.947   289.869 
    7550   289.965   289.867 
    7560   289.947   289.867 
    7570   289.947   289.870 
    7580   289.946   289.869 
    7590   289.947   289.870 
    7600   289.951   289.868 
    7610   289.947   289.862 
    7620   289.947   289.869 
    7630   289.946   289.869 
    7640   289.947   289.870 
    7650   289.949   289.875 
    7660   289.947   289.869 
    7670   289.947   289.870 
    7680   289.944   289.868 
    7690   289.947   289.869 
    7700   289.954   289.879 
    7710   289.953   289.869 
    7720   289.947   289.869 
    7730   289.945   289.869 
    7740   289.947   289.870 
    7750   289.946   289.868 
    7760   289.947   289.869 
    7770   289.945   289.869 
    7780   289.946   289.872 
    7790   289.947   289.870 
    7800   289.965   289.866 
    7810   289.947   289.869 
    7820   289.947   289.870 
    7830   289.946   289.869 
    7840   289.947   289.870 
    7850   289.948   289.866 
    7860   289.947   289.871 
    7870   289.947   289.869 
    7880   289.946   289.870 
    7890   289.947   289.870 
    7900   289.955   289.870 
    7910   289.947   289.870 
    7920   289.947   289.869 
    7930   289.946   289.871 
    7940   289.947   289.869 
    7950   289.953   289.870 
    7960   289.947   289.870 
    7970   289.947   289.869 
    7980   289.947   289.866 
    7990   289.947   289.869 
    8000   289.957   289.870 
    8010   289.948   289.870 
    8020   289.947   289.869 
    8030   289.946   289.866 
    8040   289.947   289.870 
    8050   289.958   289.867 
    8060   289.947   289.866 
    8070   289.947   289.869 
    8080   289.948   289.869 
    8090   289.947   289.869 
    8100   289.948   289.869 
    8110   289.947   289.869 
    8120   289.947   289.870 
    8130   289.946   289.870 
    8140   289.947   289.869 
    8150   289.990   289.875 
    8160   289.949   289.869 
    8170   289.947   289.870 
    8180   289.943   289.861 
    8190   289.947   289.869 
    8200   289.934   289.870 
    8210   289.947   289.869 
    8220   289.947   289.869 
    8230   289.943   289.871 
    8240   289.947   289.869 
    8250   289.846   289.826 
    8260   289.947   289.870 
    8270   289.947   289.869 
    8280   289.944   289.869 
    8290   289.947   289.869 
    8300   289.946   289.842 
    8310   289.963   289.870 
    8320   289.948   289.871 
    8330   289.945   289.875 
    8340   289.947   289.869 
    8350   290.124   289.872 
    8360   289.947   289.869 
    8370   289.947   289.869 
    8380   289.946   289.870 
    8390   289.947   289.870 
    8400   289.946   289.888 
    8410   289.947   289.869 
    8420   289.947   289.869 
    8430   289.947   289.872 
    8440   289.947   289.870 
    8450   290.029   289.872 
    8460   289.947   289.870 
    8470   289.947   289.870 
    8480   289.946   289.865 
    8490   289.947   289.869 
    8500   289.946   289.867 
    8510   289.954   289.869 
    8520   289.947   289.870 
    8530   289.946   289.869 
    8540   289.947   289.869 
    8550   289.945   289.936 
    8560   289.947   289.869 
    8570   289.947   289.869 
    8580   289.946   289.869 
    8590   289.947   289.870 
    8600   289.957   289.910 
    8610   289.954   289.870 
    8620   289.947   289.870 
    8630   289.946   289.870 
    8640   289.947   289.869 
    8650   289.945   289.873 
    8660   289.947   289.867 
    8670   289.947   289.869 
    8680   289.945   289.869 
    8690   289.947   289.869 
    8700   289.946   289.863 
    8710   289.947   289.869 
    8720   289.947   289.869 
    8730   289.946   289.870 
    8740   289.947   289.869 
    8750   289.947   289.908 
    8760   289.947   289.870 
    8770   289.947   289.869 
    8780   289.946   289.869 
    8790   289.947   289.869 
    8800   289.922   289.799 
    8810   289.948   289.870 
    8820   289.947   289.869 
    8830   289.942   289.869 
    8840   289.947   289.869 
    8850   289.946   289.867 
    8860   289.947   289.870 
    8870   289.947   289.870 
    8880   289.946   289.868 
    8890   289.947   289.869 
    8900   289.945   289.870 
    8910   289.947   289.870 
    8920   289.947   289.869 
    8930   289.945   289.870 
    8940   289.947   289.869 
    8950   289.946   289.887 
    8960   289.947   289.869 
    8970   289.947   289.869 
    8980   289.946   289.869 
    8990   289.947   289.870 
    9000   289.950   289.869 
    9010   289.947   289.869 
    9020   289.947   289.869 
    9030   289.950   289.883 
    9040   289.947   289.869 
    9050   289.921   289.868 
    9060   289.947   289.869 
    9070   289.947   289.870 
    9080   289.946   289.870 
    9090   289.947   289.869 
    9100   289.926   289.814 
    9110   289.947   289.870 
    9120   289.947   289.869 
    9130   289.942   289.869 
    9140   289.947   289.869 
    9150   289.948   289.878 
    9160   289.963   289.870 
    9170   289.948   289.869 
    9180   289.946   289.868 
    9190   289.947   289.869 
    9200   289.948   289.865 
    9210   289.947   289.870 
    9220   289.947   289.869 
    9230   289.946   289.874 
    9240   289.947   289.869 
    9250   290.046   289.868 
    9260   289.948   289.871 
    9270   289.947   289.869 
    9280   289.945   289.869 
    9290   289.947   289.870 
    9300   289.935   289.869 
    9310   289.947   289.869 
    9320   289.947   289.869 
    9330   289.950   289.841 
    9340   289.949   289.870 
    9350   289.947   289.871 
    9360   289.947   289.870 
    9370   289.947   289.869 
    9380   289.947   289.880 
    9390   289.946   289.870 
    9400   289.712   289.872 
    9410   289.947   289.869 
    9420   289.947   289.870 
    9430   289.946   289.869 
    9440   289.947   289.869 
    9450   289.950   289.877 
    9460   289.947   289.869 
    9470   289.947   289.869 
    9480   289.948   289.872 
    9490   289.966   289.870 
    9500   289.889   289.869 
    9510   289.947   289.869 
    9520   289.947   289.869 
    9530   289.947   289.869 
    9540   289.947   289.869 
    9550   289.949   289.865 
    9560   289.946   289.870 
    9570   289.947   289.870 
    9580   289.946   289.870 
    9590   289.947   289.870 
    9600   289.978   289.874 
    9610   289.949   289.869 
    9620   289.947   289.869 
    9630   289.948   289.892 
    9640   289.946   289.870 
    9650   289.952   289.869 
    9660   289.947   289.869 
    9670   289.947   289.869 
    9680   289.948   289.894 
    9690   289.947   289.871 
    9700   289.947   289.870 
    9710   289.947   289.869 
    9720   289.947   289.870 
    9730   289.946   289.869 
    9740   289.947   289.869 
    9750   289.942   289.877 
    9760   289.947   289.869 
    9770   289.947   289.869 
    9780   289.945   289.868 
    9790   289.947   289.869 
    9800   289.933   289.851 
    9810   289.952   289.869 
    9820   289.947   289.869 
    9830   289.945   289.884 
    9840   289.946   289.869 
    9850   289.992   289.870 
    9860   289.947   289.870 
    9870   289.947   289.869 
    9880   289.946   289.869 
    9890   289.947   289.869 
    9900   289.946   289.799 
    9910   289.947   289.869 
    9920   289.947   289.869 
    9930   289.946   289.869 
    9940   289.947   289.869 
    9950   289.944   289.811 
    9960   289.947   289.870 
    9970   289.947   289.869 
    9980   289.946   289.869 
    9990   289.947   289.870 
   10000   289.947   289.869 
