       0    34.952    34.956 
      10    39.804    39.801 
      20    39.913    39.915 
      30    39.894    39.893 
      40    39.939    39.945 
      50    39.955    39.965 
      60    39.942    39.947 
      70    39.940    39.950 
      80    39.944    39.950 
      90    39.890    39.907 
     100    39.951    39.951 
     110    39.947    39.944 
     120    39.946    39.950 
     130    39.946    39.951 
     140    39.946    39.951 
     150    39.677    39.908 
     160    39.946    39.951 
     170    39.946    39.951 
     180    39.947    39.950 
     190    39.945    39.950 
     200    39.962    39.954 
     210    39.945    39.957 
     220    39.947    39.949 
     230    39.949    39.952 
     240    39.947    39.951 
     250    39.988    39.555 
     260    39.946    39.952 
     270    39.947    39.951 
     280    39.947    39.951 
     290    39.936    39.958 
     300    39.991    39.921 
     310    39.946    39.950 
     320    39.948    39.953 
     330    39.947    39.951 
     340    39.946    39.952 
     350    40.208    39.822 
     360    39.948    39.952 
     370    39.948    39.951 
     380    39.948    39.952 
     390    39.948    39.952 
     400    40.030    40.102 
     410    39.948    39.952 
     420    39.954    39.961 
     430    39.944    39.955 
     440    39.948    39.952 
     450    40.065    40.089 
     460    39.948    39.952 
     470    39.958    39.963 
     480    39.950    39.950 
     490    39.948    39.952 
     500    39.792    39.818 
     510    39.948    39.952 
     520    39.949    39.952 
     530    39.949    39.952 
     540    39.949    39.953 
     550    39.970    39.979 
     560    39.949    39.952 
     570    39.948    39.952 
     580    39.948    39.952 
     590    39.949    39.952 
     600    39.960    39.994 
     610    39.948    39.951 
     620    39.948    39.952 
     630    39.948    39.952 
     640    39.948    39.952 
     650    39.957    39.975 
     660    39.949    39.952 
     670    39.948    39.952 
     680    39.948    39.951 
     690    39.948    39.952 
     700    40.096    39.903 
     710    39.955    39.949 
     720    39.949    39.950 
     730    39.949    39.955 
     740    39.948    39.952 
     750    40.143    39.936 
     760    39.949    39.952 
     770    39.949    39.952 
     780    39.948    39.952 
     790    39.947    39.950 
     800    39.952    39.955 
     810    39.966    39.935 
     820    39.949    39.952 
     830    39.948    39.952 
     840    39.948    39.952 
     850    39.951    39.952 
     860    39.948    39.953 
     870    39.948    39.952 
     880    39.949    39.950 
     890    39.949    39.952 
     900    39.948    39.951 
     910    39.954    39.955 
     920    39.949    39.952 
     930    39.951    39.954 
     940    39.949    39.952 
     950    39.945    39.957 
     960    39.949    39.952 
     970    39.950    39.953 
     980    39.949    39.952 
     990    39.947    39.951 
    1000    39.943    39.973 
    1010    39.949    39.952 
    1020    39.949    39.952 
    1030    39.948    39.955 
    1040    39.949    39.952 
    1050    39.951    39.952 
    1060    39.947    39.962 
    1070    39.948    39.953 
    1080    39.949    39.951 
    1090    39.949    39.952 
    1100    39.650    39.871 
    1110    39.948    39.952 
    1120    39.949    39.952 
    1130    39.943    39.956 
    1140    39.948    39.952 
    1150    39.949    39.949 
    1160    39.933    39.948 
    1170    39.949    39.952 
    1180    39.948    39.952 
    1190    39.949    39.952 
    1200    39.950    39.948 
    1210    39.949    39.952 
    1220    39.951    39.953 
    1230    39.947    39.951 
    1240    39.949    39.952 
    1250    39.957    39.934 
    1260    39.949    39.952 
    1270    39.949    39.952 
    1280    39.948    39.952 
    1290    39.949    39.952 
    1300    39.851    39.614 
    1310    39.949    39.953 
    1320    39.949    39.952 
    1330    39.950    39.951 
    1340    39.949    39.952 
    1350    39.930    39.966 
    1360    39.949    39.952 
    1370    39.948    39.951 
    1380    39.947    39.954 
    1390    39.950    39.951 
    1400    39.946    39.953 
    1410    39.951    39.957 
    1420    39.949    39.952 
    1430    39.948    39.952 
    1440    39.949    39.952 
    1450    39.956    39.915 
    1460    39.949    39.952 
    1470    39.949    39.952 
    1480    39.948    39.953 
    1490    39.949    39.952 
    1500    39.951    39.938 
    1510    39.951    39.952 
    1520    39.949    39.952 
    1530    39.949    39.952 
    1540    39.949    39.952 
    1550    39.954    39.956 
    1560    39.949    39.952 
    1570    39.949    39.952 
    1580    39.949    39.951 
    1590    39.946    39.953 
    1600    39.790    40.029 
    1610    39.953    39.951 
    1620    39.949    39.952 
    1630    39.949    39.951 
    1640    39.950    39.952 
    1650    40.077    39.797 
    1660    39.950    39.952 
    1670    39.949    39.953 
    1680    39.948    39.954 
    1690    39.950    39.952 
    1700    39.940    39.967 
    1710    39.949    39.952 
    1720    39.950    39.952 
    1730    39.949    39.953 
    1740    39.950    39.952 
    1750    39.950    39.950 
    1760    39.950    39.952 
    1770    39.950    39.952 
    1780    39.951    39.957 
    1790    39.950    39.952 
    1800    39.949    39.956 
    1810    39.944    39.951 
    1820    39.950    39.952 
    1830    39.950    39.952 
    1840    39.950    39.952 
    1850    39.950    39.948 
    1860    39.950    39.952 
    1870    39.950    39.952 
    1880    39.950    39.952 
    1890    39.950    39.952 
    1900    39.970    39.956 
    1910    39.948    39.961 
    1920    39.950    39.952 
    1930    39.950    39.952 
    1940    39.950    39.952 
    1950    40.080    39.977 
    1960    39.951    39.952 
    1970    39.950    39.952 
    1980    39.954    39.952 
    1990    39.950    39.952 
    2000    39.941    40.101 
    2010    39.950    39.952 
    2020    39.950    39.952 
    2030    39.950    39.952 
    2040    39.950    39.950 
    2050    39.954    39.888 
    2060    39.954    39.952 
    2070    39.950    39.952 
    2080    39.949    39.952 
    2090    39.951    39.952 
    2100    39.926    39.939 
    2110    39.950    39.952 
    2120    39.950    39.952 
    2130    39.948    39.953 
    2140    39.950    39.952 
    2150    39.886    39.867 
    2160    39.951    39.954 
    2170    39.949    39.952 
    2180    39.952    39.950 
    2190    39.950    39.952 
    2200    39.943    39.941 
    2210    39.950    39.952 
    2220    39.950    39.952 
    2230    39.949    39.951 
    2240    39.950    39.952 
    2250    39.951    39.951 
    2260    39.950    39.952 
    2270    39.950    39.952 
    2280    39.949    39.952 
    2290    39.950    39.953 
    2300    39.951    39.955 
    2310    39.950    39.952 
    2320    39.950    39.952 
    2330    39.953    39.951 
    2340    39.950    39.952 
    2350    39.954    39.962 
    2360    39.950    39.952 
    2370    39.950    39.952 
    2380    39.949    39.950 
    2390    39.950    39.952 
    2400    39.972    39.965 
    2410    39.950    39.952 
    2420    39.950    39.952 
    2430    39.950    39.952 
    2440    39.950    39.952 
    2450    39.940    39.969 
    2460    39.950    39.952 
    2470    39.950    39.952 
    2480    39.950    39.951 
    2490    39.953    39.947 
    2500    39.946    39.950 
    2510    39.950    39.952 
    2520    39.950    39.952 
    2530    39.951    39.952 
    2540    39.950    39.952 
    2550    40.027    39.787 
    2560    39.950    39.952 
    2570    39.950    39.952 
    2580    39.951    39.951 
    2590    39.950    39.952 
    2600    40.094    40.452 
    2610    39.950    39.952 
    2620    39.950    39.952 
    2630    39.950    39.952 
    2640    39.949    39.946 
    2650    39.952    39.957 
    2660    39.950    39.952 
    2670    39.952    39.951 
    2680    39.947    39.952 
    2690    39.950    39.952 
    2700    39.948    39.948 
    2710    39.950    39.952 
    2720    39.950    39.952 
    2730    39.946    39.953 
    2740    39.950    39.952 
    2750    39.950    39.953 
    2760    39.915    39.963 
    2770    39.950    39.952 
    2780    39.951    39.952 
    2790    39.950    39.952 
    2800    39.958    40.008 
    2810    39.950    39.952 
    2820    39.950    39.952 
    2830    39.949    39.951 
    2840    39.950    39.952 
    2850    39.984    39.833 
    2860    39.950    39.952 
    2870    39.951    39.949 
    2880    39.949    39.952 
    2890    39.950    39.952 
    2900    39.948    39.953 
    2910    39.950    39.952 
    2920    39.950    39.952 
    2930    39.954    39.948 
    2940    39.950    39.952 
    2950    39.951    39.948 
    2960    39.950    39.952 
    2970    39.951    39.951 
    2980    39.951    39.951 
    2990    39.949    39.953 
    3000    39.943    39.970 
    3010    39.950    39.952 
    3020    39.950    39.952 
    3030    39.950    39.952 
    3040    39.950    39.952 
    3050    40.087    39.955 
    3060    39.950    39.951 
    3070    39.950    39.952 
    3080    -2.630   106.477 
    3090    39.950    39.952 
    3100    40.003    40.170 
    3110    39.951    39.952 
    3120    39.950    39.952 
    3130    39.951    39.951 
    3140    39.950    39.952 
    3150    39.989    40.036 
    3160    39.951    39.952 
    3170    39.950    39.950 
    3180    39.951    39.953 
    3190    39.950    39.952 
    3200    40.000    40.130 
    3210    39.952    39.958 
    3220    39.950    39.952 
    3230    39.950    39.951 
    3240    39.950    39.952 
    3250    38.960    40.088 
    3260    39.950    39.949 
    3270    39.950    39.952 
    3280    39.950    39.951 
    3290    39.950    39.952 
    3300    39.785    39.979 
    3310    39.950    39.952 
    3320    39.951    39.952 
    3330    39.951    39.951 
    3340    39.948    39.952 
    3350    39.986    39.950 
    3360    39.950    39.952 
    3370    39.947    39.955 
    3380    39.952    39.951 
    3390    39.950    39.952 
    3400    39.948    39.897 
    3410    39.950    39.952 
    3420    39.950    39.952 
    3430    39.950    39.952 
    3440    39.950    39.952 
    3450    39.946    39.713 
    3460    39.950    39.952 
    3470    39.950    39.952 
    3480    39.950    39.952 
    3490    39.951    39.952 
    3500    39.955    39.953 
    3510    39.950    39.952 
    3520    39.950    39.952 
    3530    39.951    39.951 
    3540    39.950    39.952 
    3550    40.105    39.983 
    3560    39.953    39.952 
    3570    39.950    39.952 
    3580    39.951    39.952 
    3590    39.951    39.952 
    3600    39.919    39.962 
    3610    39.950    39.952 
    3620    39.950    39.952 
    3630    39.950    39.951 
    3640    39.950    39.952 
    3650    39.950    39.953 
    3660    39.950    39.952 
    3670    39.950    39.953 
    3680    39.950    39.952 
    3690    39.951    39.950 
    3700    39.879    39.932 
    3710    39.950    39.952 
    3720    39.950    39.952 
    3730    39.955    39.953 
    3740    39.951    39.952 
    3750    39.948    39.950 
    3760    39.951    39.952 
    3770    39.951    39.952 
    3780    39.948    39.956 
    3790    39.951    39.952 
    3800    40.061    40.027 
    3810    39.956    39.955 
    3820    39.951    39.952 
    3830    39.946    39.950 
    3840    39.951    39.952 
    3850    39.893    40.100 
    3860    39.951    39.952 
    3870    39.951    39.952 
    3880    39.952    39.952 
    3890    39.951    39.952 
    3900    39.945    39.939 
    3910    39.950    39.951 
    3920    39.950    39.952 
    3930    39.951    39.952 
    3940    39.951    39.952 
    3950    39.951    39.946 
    3960    39.951    39.952 
    3970    39.953    39.952 
    3980    39.950    39.952 
    3990    39.951    39.952 
    4000    39.953    39.944 
    4010    39.950    39.952 
    4020    39.955    39.943 
    4030    39.950    39.952 
    4040    39.951    39.951 
    4050    39.952    39.952 
    4060    39.951    39.950 
    4070    39.951    39.952 
    4080    39.951    39.951 
    4090    39.950    39.952 
    4100    39.949    39.957 
    4110    39.951    39.952 
    4120    39.951    39.952 
    4130    39.951    39.951 
    4140    39.951    39.952 
    4150    39.932    39.962 
    4160    39.951    39.952 
    4170    39.951    39.952 
    4180    39.950    39.952 
    4190    39.955    39.951 
    4200    39.953    39.978 
    4210    39.951    39.952 
    4220    39.953    39.952 
    4230    39.951    39.952 
    4240    39.950    39.951 
    4250    39.948    39.950 
    4260    39.951    39.952 
    4270    39.951    39.950 
    4280    39.951    39.952 
    4290    39.951    39.952 
    4300    39.951    39.950 
    4310    39.951    39.952 
    4320    39.951    39.952 
    4330    39.948    39.953 
    4340    39.951    39.952 
    4350    39.947    39.944 
    4360    39.951    39.952 
    4370    39.951    39.952 
    4380    39.950    39.952 
    4390    39.951    39.952 
    4400    39.946    39.953 
    4410    39.951    39.952 
    4420    39.951    39.952 
    4430    39.948    39.961 
    4440    39.951    39.952 
    4450    39.951    39.952 
    4460    39.949    39.952 
    4470    39.951    39.952 
    4480    39.951    39.952 
    4490    39.951    39.952 
    4500    39.951    39.983 
    4510    39.951    39.952 
    4520    39.951    39.952 
    4530    39.945    39.951 
    4540    39.951    39.952 
    4550    39.951    39.957 
    4560    39.980    39.953 
    4570    39.951    39.952 
    4580    39.950    39.952 
    4590    39.951    39.952 
    4600    39.948    39.944 
    4610    39.951    39.952 
    4620    39.951    39.952 
    4630    39.951    39.954 
    4640    39.951    39.954 
    4650    39.948    39.953 
    4660    39.951    39.951 
    4670    39.951    39.952 
    4680    39.952    39.951 
    4690    39.954    39.950 
    4700    39.943    39.958 
    4710    39.951    39.952 
    4720    39.951    39.952 
    4730    39.957    39.951 
    4740    39.866    40.045 
    4750    39.949    39.957 
    4760    39.942    39.950 
    4770    39.951    39.952 
    4780    39.952    39.954 
    4790    39.951    39.952 
    4800    39.949    39.952 
    4810    39.951    39.952 
    4820    39.951    39.952 
    4830    39.948    39.952 
    4840    39.951    39.952 
    4850    39.956    40.066 
    4860    39.951    39.951 
    4870    39.951    39.952 
    4880    39.953    39.951 
    4890    39.951    39.952 
    4900    39.945    39.936 
    4910    39.951    39.952 
    4920    39.951    39.952 
    4930    39.951    39.952 
    4940    39.951    39.952 
    4950    39.890    40.109 
    4960    39.951    39.952 
    4970    39.951    39.952 
    4980    39.951    39.952 
    4990    39.951    39.952 
    5000    39.953    39.954 
    5010    39.951    39.952 
    5020    39.951    39.952 
    5030    39.954    39.952 
    5040    39.951    39.952 
    5050    39.894    40.193 
    5060    39.951    39.952 
    5070    39.951    39.952 
    5080    39.949    39.952 
    5090    39.951    39.952 
    5100    39.945    39.953 
    5110    39.951    39.949 
    5120    39.951    39.952 
    5130    39.951    39.952 
    5140    39.951    39.952 
    5150    39.867    39.713 
    5160    39.951    39.952 
    5170    39.951    39.952 
    5180    39.951    39.951 
    5190    39.951    39.952 
    5200    40.362    39.691 
    5210    39.952    39.950 
    5220    39.951    39.952 
    5230    39.950    39.952 
    5240    39.951    39.952 
    5250    39.949    39.969 
    5260    39.948    39.951 
    5270    39.951    39.952 
    5280    39.950    39.952 
    5290    39.951    39.952 
    5300    39.950    39.944 
    5310    39.951    39.951 
    5320    39.951    39.952 
    5330    39.951    39.952 
    5340    39.951    39.952 
    5350    40.122    40.105 
    5360    39.951    39.953 
    5370    39.949    39.951 
    5380    39.951    39.952 
    5390    39.950    39.951 
    5400    39.952    39.952 
    5410    39.937    39.974 
    5420    39.951    39.952 
    5430    39.950    39.951 
    5440    39.951    39.952 
    5450    39.945    39.945 
    5460    39.951    39.952 
    5470    39.951    39.952 
    5480    39.952    39.954 
    5490    39.951    39.952 
    5500    39.815    40.043 
    5510    39.951    39.952 
    5520    39.951    39.952 
    5530    39.952    39.951 
    5540    39.951    39.952 
    5550    40.115    40.239 
    5560    39.951    39.952 
    5570    39.951    39.952 
    5580    39.951    39.952 
    5590    39.951    39.951 
    5600    39.950    39.953 
    5610    39.951    39.952 
    5620    39.951    39.952 
    5630    39.950    39.953 
    5640    39.963    39.931 
    5650    39.774    39.889 
    5660    39.952    39.950 
    5670    39.936    39.948 
    5680    39.952    39.954 
    5690    39.951    39.952 
    5700    39.950    39.941 
    5710    39.959    39.950 
    5720    39.951    39.952 
    5730    39.953    39.952 
    5740    39.949    39.947 
    5750    39.924    39.863 
    5760    39.951    39.952 
    5770    39.951    39.952 
    5780    39.953    39.951 
    5790    39.960    39.945 
    5800    39.956    39.947 
    5810    39.951    39.952 
    5820    39.951    39.952 
    5830    39.950    39.952 
    5840    39.953    39.952 
    5850    40.044    39.932 
    5860    39.951    39.952 
    5870    39.951    39.952 
    5880    39.950    39.952 
    5890    39.951    39.952 
    5900    39.947    39.948 
    5910    39.951    39.952 
    5920    39.951    39.952 
    5930    39.952    39.952 
    5940    39.951    39.951 
    5950    39.997    40.023 
    5960    39.951    39.952 
    5970    39.951    39.952 
    5980    39.951    39.951 
    5990    39.951    39.952 
    6000    39.961    39.962 
    6010    39.952    39.952 
    6020    39.952    39.952 
    6030    39.951    39.952 
    6040    39.951    39.951 
    6050    40.001    39.836 
    6060    39.951    39.952 
    6070    39.951    39.951 
    6080    39.952    39.951 
    6090    39.951    39.952 
    6100    40.040    39.988 
    6110    39.949    39.955 
    6120    39.951    39.952 
    6130    39.950    39.951 
    6140    39.951    39.952 
    6150    40.009    40.031 
    6160    39.950    39.958 
    6170    39.951    39.952 
    6180    39.951    39.951 
    6190    39.951    39.952 
    6200    39.954    39.944 
    6210    39.951    39.951 
    6220    39.951    39.952 
    6230    39.954    39.949 
    6240    39.951    39.952 
    6250    39.891    39.870 
    6260    39.951    39.952 
    6270    39.951    39.951 
    6280    39.949    39.951 
    6290    39.952    39.952 
    6300    39.867    40.155 
    6310    39.952    39.951 
    6320    39.952    39.951 
    6330    39.955    39.953 
    6340    39.952    39.952 
    6350    39.992    40.055 
    6360    39.950    39.953 
    6370    39.952    39.954 
    6380    39.950    39.953 
    6390    39.952    39.952 
    6400    39.965    39.966 
    6410    39.951    39.952 
    6420    39.951    39.951 
    6430    39.953    39.952 
    6440    39.951    39.956 
    6450    39.953    39.952 
    6460    39.952    39.951 
    6470    39.952    39.951 
    6480    39.952    39.952 
    6490    39.951    39.953 
    6500    39.951    39.962 
    6510    39.954    39.952 
    6520    39.945    39.951 
    6530    39.951    39.952 
    6540    39.951    39.954 
    6550    39.952    39.950 
    6560    39.952    39.954 
    6570    39.947    39.946 
    6580    39.954    39.947 
    6590    39.952    39.952 
    6600    39.983    39.984 
    6610    39.952    39.951 
    6620    39.952    39.952 
    6630    39.950    39.953 
    6640    39.954    39.954 
    6650    39.948    39.953 
    6660    39.952    39.946 
    6670    39.951    39.916 
    6680    39.949    39.953 
    6690    39.957    39.954 
    6700    39.935    40.012 
    6710    39.956    39.953 
    6720    39.952    39.951 
    6730    39.948    39.952 
    6740    39.958    39.955 
    6750    39.953    39.947 
    6760    39.954    39.953 
    6770    39.952    39.951 
    6780    39.941    39.952 
    6790    39.951    39.952 
    6800    39.951    39.957 
    6810    39.950    39.959 
    6820    39.950    39.955 
    6830    39.948    39.953 
    6840    39.993    40.101 
    6850    39.951    39.952 
    6860    39.964    39.946 
    6870    39.950    39.950 
    6880    39.945    39.946 
    6890    39.904    40.007 
    6900    39.956    39.954 
    6910    39.953    39.952 
    6920    40.184    39.976 
    6930    39.952    39.951 
    6940    40.041    39.907 
    6950    39.956    39.950 
    6960    39.952    39.951 
    6970    39.968    39.943 
    6980    39.949    39.948 
    6990    39.931    39.961 
    7000    39.943    39.956 
    7010    39.962    39.974 
    7020    39.949    39.953 
    7030    39.950    39.948 
    7040    39.927    39.958 
    7050    40.488    39.818 
    7060    39.918    39.824 
    7070    39.953    39.954 
    7080    39.949    39.955 
    7090    39.925    39.948 
    7100    40.142    40.212 
    7110    40.031    39.893 
    7120    39.950    39.954 
    7130    39.950    39.952 
    7140    39.940    39.925 
    7150    40.387    40.850 
    7160    39.951    39.951 
    7170    39.680    40.079 
    7180    39.951    39.951 
    7190    39.941    39.946 
    7200    39.952    39.952 
    7210    39.938    39.969 
    7220    39.950    39.954 
    7230    39.951    39.951 
    7240    39.951    39.953 
    7250    39.928    39.951 
    7260    39.950    39.966 
    7270    39.951    39.947 
    7280    39.951    39.951 
    7290    39.950    39.950 
    7300    39.953    39.954 
    7310    39.953    39.949 
    7320    39.951    39.951 
    7330    39.950    39.952 
    7340    39.947    39.948 
    7350    39.952    39.951 
    7360    39.953    39.941 
    7370    39.951    39.951 
    7380    39.952    39.951 
    7390    39.949    39.955 
    7400    39.951    39.952 
    7410    39.944    39.951 
    7420    39.871    39.949 
    7430    39.951    39.951 
    7440    39.946    39.951 
    7450    39.950    39.952 
    7460    39.939    39.923 
    7470    39.951    39.952 
    7480    39.951    39.951 
    7490    39.946    39.954 
    7500    40.008    39.985 
    7510    39.951    39.951 
    7520    39.952    39.949 
    7530    39.951    39.951 
    7540    39.957    39.955 
    7550    39.953    39.953 
    7560    39.951    39.951 
    7570    39.951    39.951 
    7580    39.951    39.952 
    7590    39.947    39.948 
    7600    39.944    39.983 
    7610    39.947    39.950 
    7620    39.951    39.951 
    7630    39.950    39.951 
    7640    39.950    39.956 
    7650    39.952    39.951 
    7660    39.951    39.950 
    7670    39.951    39.950 
    7680    39.951    39.951 
    7690    39.949    39.942 
    7700    39.958    39.951 
    7710    39.951    39.938 
    7720    39.951    39.948 
    7730    39.952    39.951 
    7740    39.946    39.952 
    7750    39.951    39.958 
    7760    39.892    39.952 
    7770    39.952    39.951 
    7780    39.951    39.951 
    7790    39.951    39.953 
    7800    40.010    39.898 
    7810    39.963    39.958 
    7820    39.952    39.951 
    7830    39.948    39.949 
    7840    39.951    39.951 
    7850    39.944    39.945 
    7860    39.952    39.951 
    7870    39.951    39.950 
    7880    39.954    39.950 
    7890    39.954    39.956 
    7900    39.950    39.946 
    7910    39.951    39.951 
    7920    39.929    39.956 
    7930    39.952    39.951 
    7940    39.951    39.951 
    7950    39.956    39.954 
    7960    39.947    39.961 
    7970    39.951    39.951 
    7980    39.951    39.951 
    7990    39.954    39.952 
    8000    39.937    39.984 
    8010    39.951    39.951 
    8020    39.952    39.951 
    8030    39.951    39.952 
    8040    39.951    39.953 
    8050    40.026    39.957 
    8060    39.952    39.952 
    8070    39.951    39.952 
    8080    39.947    39.955 
    8090    39.950    39.953 
    8100    39.952    39.956 
    8110    39.951    39.952 
    8120    39.944    39.953 
    8130    39.951    39.952 
    8140    39.951    39.951 
    8150    39.004    41.051 
    8160    39.951    39.952 
    8170    39.954    39.954 
    8180    39.950    39.952 
    8190    39.972    39.950 
    8200    39.956    39.948 
    8210    39.951    39.951 
    8220    39.951    39.951 
    8230    39.951    39.952 
    8240    39.952    39.949 
    8250    39.950    39.963 
    8260    39.952    39.951 
    8270    39.952    39.951 
    8280    39.953    39.948 
    8290    39.951    39.951 
    8300    39.793    39.898 
    8310    39.951    39.951 
    8320    39.948    39.964 
    8330    39.949    39.951 
    8340    39.951    39.952 
    8350    40.007    39.845 
    8360    39.937    39.952 
    8370    39.951    39.952 
    8380    39.951    39.952 
    8390    39.951    39.952 
    8400    40.022    39.962 
    8410    39.951    39.951 
    8420    39.952    39.952 
    8430    39.952    39.952 
    8440    39.953    39.951 
    8450    39.952    39.901 
    8460    39.956    39.952 
    8470    39.955    39.952 
    8480    39.954    39.952 
    8490    39.953    39.945 
    8500    39.923    39.950 
    8510    39.951    39.952 
    8520    39.951    39.952 
    8530    39.951    39.957 
    8540    39.951    39.952 
    8550    39.950    39.982 
    8560    39.951    39.952 
    8570    39.951    39.950 
    8580    39.951    39.952 
    8590    39.960    39.957 
    8600    39.959    39.947 
    8610    39.950    39.951 
    8620    39.954    39.954 
    8630    39.951    39.951 
    8640    39.951    39.954 
    8650    39.953    39.950 
    8660    39.951    39.952 
    8670    39.951    39.952 
    8680    39.952    39.952 
    8690    39.951    39.953 
    8700    39.984    39.921 
    8710    39.951    39.952 
    8720    39.956    39.941 
    8730    39.952    39.951 
    8740    39.952    39.953 
    8750    39.953    39.953 
    8760    39.951    39.952 
    8770    39.952    39.952 
    8780    39.953    39.951 
    8790    39.957    39.965 
    8800    39.948    39.951 
    8810    39.953    39.937 
    8820    39.951    39.952 
    8830    39.952    39.951 
    8840    39.951    39.952 
    8850    40.148    40.004 
    8860    39.958    39.954 
    8870    39.959    39.942 
    8880    39.949    39.956 
    8890    39.952    39.952 
    8900    39.958    39.947 
    8910    39.952    39.953 
    8920    39.948    39.949 
    8930    39.952    39.951 
    8940    39.951    39.952 
    8950    39.931    39.981 
    8960    39.954    39.951 
    8970    39.951    39.952 
    8980    39.948    39.952 
    8990    39.951    39.951 
    9000    39.950    39.951 
    9010    39.951    39.952 
    9020    39.951    39.952 
    9030    39.951    39.952 
    9040    39.950    39.954 
    9050    39.993    39.951 
    9060    39.951    39.948 
    9070    39.951    39.953 
    9080    39.950    39.952 
    9090    39.951    39.952 
    9100    39.900    39.889 
    9110    39.951    39.952 
    9120    39.951    39.952 
    9130    39.951    39.952 
    9140    39.951    39.952 
    9150    39.915    40.291 
    9160    39.951    39.952 
    9170    39.951    39.952 
    9180    39.949    39.953 
    9190    39.951    39.952 
    9200    39.415    39.169 
    9210    39.951    39.952 
    9220    39.958    39.946 
    9230    39.951    39.952 
    9240    39.951    39.952 
    9250    40.031    39.841 
    9260    39.951    39.952 
    9270    39.951    39.952 
    9280    39.951    39.952 
    9290    39.950    39.956 
    9300    39.953    39.946 
    9310    39.954    39.952 
    9320    39.951    39.952 
    9330    39.951    39.952 
    9340    39.951    39.952 
    9350    39.949    39.963 
    9360    39.951    39.952 
    9370    39.951    39.952 
    9380    39.951    39.950 
    9390    39.951    39.951 
    9400    39.951    39.951 
    9410    39.951    39.952 
    9420    39.951    39.952 
    9430    39.951    39.952 
    9440    39.951    39.952 
    9450    39.901    40.037 
    9460    39.951    39.952 
    9470    39.951    39.952 
    9480    39.953    39.954 
    9490    39.953    39.955 
    9500    39.952    39.951 
    9510    39.951    39.952 
    9520    39.951    39.952 
    9530    39.945    39.958 
    9540    39.951    39.952 
    9550    39.966    39.915 
    9560    39.951    39.952 
    9570    39.951    39.952 
    9580    39.951    39.955 
    9590    39.951    39.952 
    9600    39.953    39.952 
    9610    39.951    39.952 
    9620    39.951    39.952 
    9630    39.949    39.951 
    9640    39.951    39.951 
    9650    39.949    39.965 
    9660    39.986    39.959 
    9670    39.951    39.952 
    9680    39.951    39.953 
    9690    39.951    39.951 
    9700    39.939    39.950 
    9710    39.951    39.952 
    9720    39.951    39.952 
    9730    39.950    39.952 
    9740    39.951    39.952 
    9750    39.937    40.011 
    9760    39.950    39.957 
    9770    39.951    39.952 
    9780    39.953    39.949 
    9790    39.952    39.952 
    9800    39.961    39.959 
    9810    39.951    39.952 
    9820    39.951    39.952 
    9830    39.947    39.949 
    9840    39.952    39.952 
    9850    39.954    39.954 
    9860    39.951    39.952 
    9870    39.951    39.952 
    9880    39.949    39.951 
    9890    39.951    39.952 
    9900    39.953    39.948 
    9910    39.951    39.952 
    9920    39.951    39.952 
    9930    39.963    39.961 
    9940    39.980    39.917 
    9950    39.950    39.954 
    9960    39.951    39.952 
    9970    39.952    39.951 
    9980    39.951    39.952 
    9990    39.951    39.952 
   10000    39.951    39.952 
