       0   135.064   135.036 
      10   139.739   139.758 
      20   140.042   140.003 
      30   140.069   140.038 
      40   139.954   139.928 
      50   139.960   139.919 
      60   140.014   139.976 
      70   140.038   139.975 
      80   140.016   139.987 
      90   140.017   139.990 
     100   140.012   139.990 
     110   140.018   139.983 
     120   140.020   140.000 
     130   140.023   139.997 
     140   140.027   140.005 
     150   140.069   140.043 
     160   140.033   139.981 
     170   140.022   140.009 
     180   140.026   140.001 
     190   139.998   139.978 
     200   139.946   139.934 
     210   140.030   139.999 
     220   140.030   140.003 
     230   140.029   140.005 
     240   140.031   140.007 
     250   140.002   139.973 
     260   140.030   140.008 
     270   140.034   140.006 
     280   140.033   140.007 
     290   140.030   140.007 
     300   139.996   139.978 
     310   140.028   140.015 
     320   140.033   140.009 
     330   140.033   140.010 
     340   140.038   140.012 
     350   140.035   140.014 
     360   140.037   140.007 
     370   140.035   140.009 
     380   140.033   140.010 
     390   140.036   140.013 
     400   140.049   140.033 
     410   140.040   140.012 
     420   140.034   140.011 
     430   140.034   140.011 
     440   140.035   140.009 
     450   140.050   139.966 
     460   140.034   140.013 
     470   140.035   140.012 
     480   140.035   140.013 
     490   140.035   140.012 
     500   140.033   140.023 
     510   140.037   140.012 
     520   140.035   140.012 
     530   140.035   140.013 
     540   140.035   140.013 
     550   140.042   140.017 
     560   140.032   140.018 
     570   140.035   140.015 
     580   140.035   140.013 
     590   140.021   140.002 
     600   139.971   139.970 
     610   140.036   140.011 
     620   140.036   140.014 
     630   140.036   140.014 
     640   140.036   140.014 
     650   139.944   139.936 
     660   140.036   140.014 
     670   140.037   140.016 
     680   140.037   140.015 
     690   140.036   140.014 
     700   140.040   140.012 
     710   140.036   140.011 
     720   140.037   140.015 
     730   140.036   140.014 
     740   140.039   140.013 
     750   140.029   140.018 
     760   140.037   140.014 
     770   140.037   140.015 
     780   140.037   140.015 
     790   140.036   140.015 
     800   140.087   139.987 
     810   140.038   140.015 
     820   140.037   140.014 
     830   140.037   140.014 
     840   140.045   140.012 
     850   140.032   140.017 
     860   140.037   140.016 
     870   140.037   140.013 
     880   140.038   140.015 
     890   140.037   140.015 
     900   140.039   140.016 
     910   140.037   140.015 
     920   140.037   140.015 
     930   140.037   140.017 
     940   140.038   140.015 
     950   140.032   140.014 
     960   140.038   140.015 
     970   140.037   140.016 
     980   140.038   140.016 
     990   140.038   140.015 
    1000   140.118   140.042 
    1010   140.038   140.016 
    1020   140.038   140.016 
    1030   140.038   140.015 
    1040   140.038   140.016 
    1050   140.029   140.013 
    1060   140.036   140.021 
    1070   140.037   140.017 
    1080   140.038   140.016 
    1090   140.036   140.015 
    1100   139.971   140.011 
    1110   140.036   140.016 
    1120   140.040   140.015 
    1130   140.045   140.015 
    1140   140.038   140.016 
    1150   140.037   140.010 
    1160   140.039   140.016 
    1170   140.038   140.016 
    1180   140.038   140.016 
    1190   140.038   140.018 
    1200   140.045   140.083 
    1210   140.038   140.016 
    1220   140.034   140.017 
    1230   140.038   140.016 
    1240   140.036   140.014 
    1250   140.043   140.022 
    1260   140.038   140.012 
    1270   140.039   140.001 
    1280   140.040   140.018 
    1290   140.044   140.016 
    1300   140.026   140.028 
    1310   140.039   140.017 
    1320   140.040   140.018 
    1330   140.040   140.019 
    1340   140.039   140.018 
    1350   140.074   139.979 
    1360   140.040   140.018 
    1370   140.040   140.018 
    1380    83.444   199.754 
    1390   140.040   140.018 
    1400   140.065   139.992 
    1410   140.040   140.017 
    1420   140.040   140.023 
    1430   140.038   140.020 
    1440   140.040   140.018 
    1450   140.035   140.012 
    1460   140.041   140.017 
    1470   140.040   140.018 
    1480   140.035   140.021 
    1490   140.040   140.018 
    1500   140.006   139.977 
    1510   140.040   140.018 
    1520   140.039   140.019 
    1530   140.040   140.018 
    1540   140.040   140.018 
    1550   140.082   139.933 
    1560   140.040   140.018 
    1570   140.039   140.018 
    1580    48.129   141.677 
    1590   140.040   140.016 
    1600   140.035   140.009 
    1610   140.040   140.018 
    1620   140.038   140.019 
    1630   140.039   140.019 
    1640   140.040   140.019 
    1650   140.040   140.024 
    1660   140.040   140.018 
    1670   140.040   140.018 
    1680   140.041   140.018 
    1690   140.040   140.019 
    1700   140.041   140.019 
    1710   140.040   140.019 
    1720   140.036   140.022 
    1730   140.038   140.017 
    1740   140.040   140.019 
    1750   140.040   140.020 
    1760   140.040   140.018 
    1770   140.040   140.019 
    1780   140.040   140.019 
    1790   140.039   140.018 
    1800   140.046   140.026 
    1810   140.041   140.018 
    1820   140.040   140.019 
    1830   140.039   140.018 
    1840   140.041   140.020 
    1850   140.013   139.977 
    1860   140.040   140.019 
    1870   140.040   140.019 
    1880   140.040   140.018 
    1890   140.040   140.018 
    1900   140.048   140.021 
    1910   140.040   140.019 
    1920   140.039   140.020 
    1930   140.040   140.018 
    1940   140.040   140.019 
    1950   140.037   140.018 
    1960   140.040   140.019 
    1970   140.040   140.020 
    1980   140.040   140.018 
    1990   140.040   140.018 
    2000   140.004   140.005 
    2010   140.041   140.019 
    2020   140.042   140.018 
    2030   140.039   140.018 
    2040   140.040   140.020 
    2050   140.043   140.012 
    2060   140.040   140.019 
    2070   140.040   140.019 
    2080   140.039   140.019 
    2090   140.040   140.019 
    2100   139.992   139.965 
    2110   140.040   140.019 
    2120   140.040   140.019 
    2130   140.042   140.020 
    2140   140.040   140.019 
    2150   140.013   140.063 
    2160   140.040   140.019 
    2170   140.040   140.019 
    2180   140.040   140.020 
    2190   140.040   140.019 
    2200   140.048   140.014 
    2210   140.040   140.020 
    2220   140.040   140.019 
    2230   231.581   246.682 
    2240   140.040   140.019 
    2250   140.034   140.024 
    2260   140.040   140.019 
    2270   140.040   140.019 
    2280   140.040   140.019 
    2290   140.040   140.019 
    2300   140.038   140.102 
    2310   140.040   140.019 
    2320   140.039   140.020 
    2330   140.041   140.018 
    2340   140.040   140.019 
    2350   140.043   140.022 
    2360   140.040   140.020 
    2370   140.040   140.019 
    2380   140.793    76.797 
    2390   140.040   140.019 
    2400   140.044   140.019 
    2410   140.040   140.021 
    2420   140.040   140.019 
    2430   140.040   140.019 
    2440   140.040   140.019 
    2450   140.088   139.974 
    2460   140.040   140.019 
    2470   140.040   140.019 
    2480   140.040   140.020 
    2490   140.040   140.019 
    2500   140.035   140.021 
    2510   140.040   140.020 
    2520   140.040   140.019 
    2530   252.595   258.910 
    2540   140.040   140.019 
    2550   140.022   140.041 
    2560   140.040   140.019 
    2570   140.040   140.020 
    2580   140.040   140.019 
    2590   140.040   140.019 
    2600   140.040   140.020 
    2610   140.040   140.021 
    2620   140.040   140.019 
    2630   140.040   140.019 
    2640   140.040   140.019 
    2650   140.032   140.019 
    2660   140.040   140.019 
    2670   140.040   140.019 
    2680   140.040   140.018 
    2690   140.040   140.019 
    2700   140.033   140.042 
    2710   140.040   140.019 
    2720   140.040   140.019 
    2730   140.040   140.020 
    2740   140.040   140.019 
    2750   140.042   140.017 
    2760   140.040   140.019 
    2770   140.040   140.019 
    2780   140.035   140.020 
    2790   140.040   140.019 
    2800   140.041   140.024 
    2810   140.040   140.020 
    2820   140.040   140.019 
    2830   140.040   140.019 
    2840   140.040   140.019 
    2850   140.041   140.014 
    2860   140.040   140.019 
    2870   140.040   140.019 
    2880   140.040   140.019 
    2890   140.040   140.020 
    2900   140.041   140.021 
    2910   140.040   140.019 
    2920   140.040   140.020 
    2930   140.039   140.020 
    2940   140.040   140.020 
    2950   140.041   140.014 
    2960   140.040   140.019 
    2970   140.040   140.020 
    2980   140.040   140.019 
    2990   140.040   140.020 
    3000   140.040   140.014 
    3010   140.040   140.019 
    3020   140.040   140.020 
    3030   140.040   140.020 
    3040   140.040   140.020 
    3050   140.040   140.016 
    3060   140.040   140.019 
    3070   140.040   140.020 
    3080   140.041   140.019 
    3090   140.040   140.019 
    3100   140.029   140.034 
    3110   140.040   140.020 
    3120   140.040   140.020 
    3130   140.040   140.019 
    3140   140.040   140.020 
    3150   140.035   140.017 
    3160   140.040   140.020 
    3170   140.040   140.020 
    3180   140.040   140.019 
    3190   140.040   140.020 
    3200   140.042   140.024 
    3210   140.040   140.020 
    3220   140.040   140.020 
    3230   140.039   140.020 
    3240   140.040   140.020 
    3250   140.027   139.980 
    3260   140.040   140.020 
    3270   140.040   140.020 
    3280   140.039   140.020 
    3290   140.040   140.020 
    3300   140.038   140.017 
    3310   140.040   140.020 
    3320   140.040   140.020 
    3330   140.041   140.019 
    3340   140.040   140.020 
    3350   140.037   140.015 
    3360   140.041   140.019 
    3370   140.040   140.020 
    3380   140.041   140.019 
    3390   140.040   140.020 
    3400   140.043   140.025 
    3410   140.040   140.020 
    3420   140.040   140.020 
    3430   140.039   140.020 
    3440   140.040   140.020 
    3450   140.044   140.026 
    3460   140.040   140.020 
    3470   140.040   140.020 
    3480   140.040   140.019 
    3490   140.040   140.020 
    3500   140.034   140.015 
    3510   140.040   140.020 
    3520   140.040   140.020 
    3530   140.040   140.019 
    3540   140.040   140.020 
    3550   140.046   140.023 
    3560   140.040   140.020 
    3570   140.040   140.020 
    3580   140.039   140.023 
    3590   140.040   140.020 
    3600   140.033   140.018 
    3610   140.040   140.020 
    3620   140.040   140.020 
    3630   140.040   140.019 
    3640   140.040   140.020 
    3650   140.031   140.019 
    3660   140.040   140.020 
    3670   140.040   140.020 
    3680   140.040   140.019 
    3690   140.040   140.020 
    3700   140.032   140.094 
    3710   140.040   140.020 
    3720   140.040   140.020 
    3730   140.040   140.019 
    3740   140.040   140.019 
    3750   140.032   140.058 
    3760   140.040   140.020 
    3770   140.040   140.020 
    3780   140.040   140.020 
    3790   140.040   140.020 
    3800   140.041   140.018 
    3810   140.040   140.019 
    3820   140.040   140.020 
    3830   140.040   140.020 
    3840   140.040   140.020 
    3850   140.039   140.021 
    3860   140.040   140.020 
    3870   140.040   140.020 
    3880   140.039   140.020 
    3890   140.040   140.019 
    3900   140.068   139.965 
    3910   140.040   140.020 
    3920   140.040   140.020 
    3930   140.040   140.015 
    3940   140.040   140.020 
    3950   140.111   140.035 
    3960   140.040   140.020 
    3970   140.040   140.020 
    3980   140.039   140.020 
    3990   140.039   140.019 
    4000   139.990   139.989 
    4010   140.040   140.020 
    4020   140.040   140.020 
    4030   140.040   140.019 
    4040   140.040   140.020 
    4050   140.062   140.017 
    4060   140.040   140.020 
    4070   140.040   140.020 
    4080   140.040   140.020 
    4090   140.040   140.020 
    4100   140.041   140.019 
    4110   140.040   140.020 
    4120   140.040   140.020 
    4130   140.039   140.020 
    4140   140.040   140.020 
    4150   140.039   140.018 
    4160   140.040   140.020 
    4170   140.040   140.020 
    4180   140.039   140.020 
    4190   140.040   140.020 
    4200   140.004   139.989 
    4210   140.040   140.019 
    4220   140.040   140.021 
    4230   140.040   140.020 
    4240   140.040   140.020 
    4250   140.071   140.102 
    4260   140.040   140.021 
    4270   140.040   140.020 
    4280   140.041   140.020 
    4290   140.040   140.020 
    4300   140.042   140.013 
    4310   140.040   140.020 
    4320   140.040   140.020 
    4330   140.040   140.020 
    4340   140.040   140.020 
    4350   140.043   139.990 
    4360   140.040   140.020 
    4370   140.040   140.020 
    4380   140.038   140.020 
    4390   140.040   140.020 
    4400   140.044   140.025 
    4410   140.040   140.020 
    4420   140.040   140.020 
    4430   140.040   140.020 
    4440   140.040   140.021 
    4450   140.038   140.017 
    4460   140.040   140.020 
    4470   140.040   140.020 
    4480   140.039   140.021 
    4490   140.040   140.019 
    4500   140.066   139.987 
    4510   140.040   140.020 
    4520   140.040   140.020 
    4530   140.040   140.020 
    4540   140.040   140.020 
    4550   139.982   140.034 
    4560   140.040   140.020 
    4570   140.040   140.020 
    4580   140.040   140.020 
    4590   140.040   140.020 
    4600   140.088   140.243 
    4610   140.040   140.020 
    4620   140.039   140.021 
    4630   140.040   140.019 
    4640   140.040   140.020 
    4650   140.022   140.007 
    4660   140.039   140.022 
    4670   140.040   140.020 
    4680    69.730   104.754 
    4690   140.040   140.020 
    4700   140.042   140.016 
    4710   140.039   140.020 
    4720   140.040   140.020 
    4730   140.040   140.020 
    4740   140.040   140.020 
    4750   140.117   140.044 
    4760   140.041   140.020 
    4770   140.040   140.020 
    4780   140.040   140.020 
    4790   140.040   140.020 
    4800   140.041   140.012 
    4810   140.040   140.020 
    4820   140.040   140.020 
    4830   140.042   140.020 
    4840   140.040   140.020 
    4850   140.043   140.019 
    4860   140.040   140.020 
    4870   140.040   140.020 
    4880   140.037   140.019 
    4890   140.040   140.020 
    4900   140.060   140.030 
    4910   140.041   140.019 
    4920   140.040   140.020 
    4930   140.040   140.020 
    4940   140.040   140.020 
    4950   140.037   139.994 
    4960   140.030   140.021 
    4970   140.040   140.020 
    4980    95.493   137.805 
    4990   140.040   140.020 
    5000   140.037   140.051 
    5010   140.040   140.020 
    5020   140.040   140.020 
    5030   140.039   140.020 
    5040   140.040   140.020 
    5050   140.042   140.016 
    5060   140.039   140.019 
    5070   140.040   140.020 
    5080   140.040   140.020 
    5090   140.040   140.020 
    5100   140.083   140.031 
    5110   140.040   140.020 
    5120   140.040   140.020 
    5130   140.040   140.020 
    5140   140.040   140.020 
    5150   140.080   140.042 
    5160   140.040   140.020 
    5170   140.040   140.020 
    5180   140.039   140.020 
    5190   140.040   140.020 
    5200   140.039   140.020 
    5210   140.040   140.020 
    5220   140.040   140.020 
    5230   140.041   140.019 
    5240   140.040   140.020 
    5250   140.048   140.068 
    5260   140.040   140.020 
    5270   140.040   140.020 
    5280   140.041   140.019 
    5290   140.040   140.020 
    5300   139.995   139.967 
    5310   140.040   140.020 
    5320   140.040   140.020 
    5330   140.039   140.019 
    5340   140.040   140.020 
    5350   140.039   140.022 
    5360   140.044   140.021 
    5370   140.040   140.020 
    5380   140.039   140.013 
    5390   140.040   140.020 
    5400   140.062   140.018 
    5410   140.040   140.020 
    5420   140.040   140.020 
    5430   140.040   140.019 
    5440   140.040   140.020 
    5450   140.036   140.020 
    5460   140.040   140.020 
    5470   140.040   140.020 
    5480   140.040   140.020 
    5490   140.040   140.020 
    5500   140.043   140.020 
    5510   140.040   140.020 
    5520   140.040   140.020 
    5530   140.040   140.020 
    5540   140.040   140.020 
    5550   140.052   140.027 
    5560   140.041   140.019 
    5570   140.040   140.020 
    5580   140.039   140.019 
    5590   140.040   140.020 
    5600   139.997   139.982 
    5610   140.041   140.021 
    5620   140.040   140.020 
    5630   140.041   140.020 
    5640   140.040   140.020 
    5650   140.040   140.024 
    5660   140.040   140.020 
    5670   140.040   140.020 
    5680   140.040   140.020 
    5690   140.040   140.020 
    5700   140.040   140.025 
    5710   140.040   140.020 
    5720   140.040   140.020 
    5730   140.041   140.020 
    5740   140.041   140.020 
    5750   140.040   140.015 
    5760   140.040   140.020 
    5770   140.040   140.020 
    5780   140.040   140.020 
    5790   140.040   140.020 
    5800   139.993   140.010 
    5810   140.040   140.020 
    5820   140.040   140.020 
    5830   265.616   178.390 
    5840   140.040   140.020 
    5850   140.041   140.016 
    5860   140.040   140.019 
    5870   140.040   140.020 
    5880   140.040   140.020 
    5890   140.040   140.020 
    5900   140.073   140.083 
    5910   140.040   140.020 
    5920   140.040   140.020 
    5930   140.040   140.019 
    5940   140.040   140.020 
    5950   140.042   140.018 
    5960   140.041   140.021 
    5970   140.040   140.020 
    5980   140.040   140.020 
    5990   140.040   140.020 
    6000   140.039   140.020 
    6010   140.040   140.020 
    6020   140.040   140.020 
    6030   140.041   140.020 
    6040   140.040   140.020 
    6050   140.112   139.985 
    6060   140.040   140.020 
    6070   140.040   140.020 
    6080   140.039   140.020 
    6090   140.040   140.020 
    6100   140.042   140.017 
    6110   140.040   140.020 
    6120   140.040   140.020 
    6130   140.041   140.020 
    6140   140.040   140.020 
    6150   140.114   140.016 
    6160   140.040   140.020 
    6170   140.040   140.020 
    6180   140.041   140.020 
    6190   140.040   140.020 
    6200   140.044   140.027 
    6210   140.043   140.019 
    6220   140.040   140.020 
    6230   140.039   140.019 
    6240   140.040   140.020 
    6250   140.049   139.960 
    6260   140.040   140.020 
    6270   140.040   140.020 
    6280   140.040   140.020 
    6290   140.040   140.020 
    6300   139.979   140.004 
    6310   140.040   140.020 
    6320   140.040   140.020 
    6330   140.040   140.020 
    6340   140.040   140.020 
    6350   140.004   139.988 
    6360   140.041   140.017 
    6370   140.040   140.021 
    6380   140.040   140.020 
    6390   140.040   140.020 
    6400   140.033   140.019 
    6410   140.040   140.020 
    6420   140.040   140.020 
    6430   140.040   140.020 
    6440   140.040   140.020 
    6450   140.039   140.022 
    6460   140.040   140.020 
    6470   140.040   140.020 
    6480   140.039   140.020 
    6490   140.040   140.020 
    6500   140.036   140.020 
    6510   140.040   140.020 
    6520   140.040   140.020 
    6530   140.040   140.020 
    6540   140.040   140.020 
    6550   140.040   140.025 
    6560   140.040   140.020 
    6570   140.040   140.020 
    6580   140.041   140.020 
    6590   140.040   140.020 
    6600   140.039   140.013 
    6610   140.040   140.020 
    6620   140.040   140.020 
    6630   140.040   140.021 
    6640   140.040   140.020 
    6650   139.988   140.022 
    6660   140.040   140.020 
    6670   140.040   140.020 
    6680   140.039   140.018 
    6690   140.040   140.020 
    6700   140.025   140.095 
    6710   140.040   140.021 
    6720   140.040   140.020 
    6730   140.039   140.020 
    6740   140.040   140.020 
    6750   140.071   139.981 
    6760   140.040   140.020 
    6770   140.040   140.020 
    6780   140.040   140.020 
    6790   140.040   140.020 
    6800   140.040   140.011 
    6810   140.045   140.021 
    6820   140.039   140.020 
    6830   140.040   140.022 
    6840   140.040   140.020 
    6850   140.091   140.019 
    6860   140.040   140.020 
    6870   140.040   140.020 
    6880   140.039   140.020 
    6890   140.040   140.020 
    6900   140.039   140.019 
    6910   140.042   140.018 
    6920   140.040   140.020 
    6930   140.040   140.020 
    6940   140.040   140.020 
    6950   139.919   139.981 
    6960   140.040   140.020 
    6970   140.040   140.020 
    6980   140.039   140.021 
    6990   140.040   140.020 
    7000   140.107   140.071 
    7010   140.041   140.020 
    7020   140.040   140.020 
    7030   140.038   140.019 
    7040   140.040   140.020 
    7050   139.978   139.935 
    7060   140.041   140.021 
    7070   140.040   140.020 
    7080   140.041   140.020 
    7090   140.040   140.020 
    7100   140.006   139.987 
    7110   140.040   140.020 
    7120   140.040   140.020 
    7130   140.039   140.020 
    7140   140.040   140.020 
    7150   140.042   140.021 
    7160   140.039   140.020 
    7170   140.039   140.021 
    7180   140.040   140.020 
    7190   140.040   140.020 
    7200   140.040   140.020 
    7210   140.040   140.020 
    7220   140.040   140.020 
    7230   140.040   140.020 
    7240   140.040   140.020 
    7250   140.037   140.010 
    7260   140.039   140.020 
    7270   140.040   140.020 
    7280    74.930   153.840 
    7290   140.040   140.020 
    7300   140.042   140.030 
    7310   140.040   140.020 
    7320   140.040   140.020 
    7330   140.040   140.020 
    7340   140.040   140.020 
    7350   140.037   140.006 
    7360   140.040   140.020 
    7370   140.040   140.020 
    7380   251.262   106.845 
    7390   140.040   140.020 
    7400   140.042   140.031 
    7410   140.040   140.020 
    7420   140.040   140.020 
    7430    70.476   154.416 
    7440   140.040   140.020 
    7450   140.015   140.024 
    7460   140.040   140.020 
    7470   140.040   140.020 
    7480   140.040   140.020 
    7490   140.040   140.020 
    7500   140.040   140.022 
    7510   140.040   140.021 
    7520   140.040   140.020 
    7530   140.040   140.021 
    7540   140.040   140.020 
    7550   140.096   140.004 
    7560   140.040   140.020 
    7570   140.040   140.020 
    7580   140.040   140.020 
    7590   140.040   140.020 
    7600   140.042   140.028 
    7610   140.040   140.020 
    7620   140.040   140.020 
    7630   140.040   140.020 
    7640   140.040   140.020 
    7650   140.120   140.041 
    7660   140.038   140.024 
    7670   140.040   140.020 
    7680   140.040   140.020 
    7690   140.040   140.020 
    7700   140.025   140.039 
    7710   140.040   140.020 
    7720   140.040   140.020 
    7730   140.040   140.020 
    7740   140.040   140.020 
    7750   140.048   139.997 
    7760   140.041   140.020 
    7770   140.040   140.020 
    7780   140.040   140.020 
    7790   140.040   140.020 
    7800   140.039   140.021 
    7810   140.040   140.020 
    7820   140.040   140.020 
    7830   140.041   140.017 
    7840   140.040   140.020 
    7850   140.086   140.060 
    7860   140.041   140.021 
    7870   140.040   140.020 
    7880   140.041   140.021 
    7890   140.040   140.020 
    7900   140.034   140.010 
    7910   140.040   140.020 
    7920   140.040   140.020 
    7930   140.041   140.020 
    7940   140.040   140.020 
    7950   140.041   140.023 
    7960   140.040   140.020 
    7970   140.040   140.020 
    7980   140.040   140.020 
    7990   140.040   140.020 
    8000   139.974   140.038 
    8010   140.040   140.020 
    8020   140.040   140.020 
    8030   140.039   140.017 
    8040   140.040   140.020 
    8050   140.027   140.034 
    8060   140.040   140.020 
    8070   140.040   140.020 
    8080   140.040   140.019 
    8090   140.040   140.020 
    8100   140.040   140.020 
    8110   140.040   140.020 
    8120   140.040   140.020 
    8130   140.040   140.020 
    8140   140.040   140.020 
    8150   140.041   140.020 
    8160   140.040   140.020 
    8170   140.040   140.020 
    8180   140.040   140.020 
    8190   140.040   140.020 
    8200   140.032   140.021 
    8210   140.040   140.020 
    8220   140.040   140.020 
    8230   140.040   140.020 
    8240   140.040   140.020 
    8250   140.040   140.023 
    8260   140.040   140.020 
    8270   140.040   140.020 
    8280   140.042   140.019 
    8290   140.040   140.020 
    8300   140.049   140.091 
    8310   140.040   140.020 
    8320   140.040   140.020 
    8330   140.041   140.020 
    8340   140.040   140.020 
    8350   140.050   140.018 
    8360   140.040   140.020 
    8370   140.040   140.020 
    8380   140.040   140.020 
    8390   140.040   140.020 
    8400   140.040   140.021 
    8410   140.040   140.021 
    8420   140.040   140.020 
    8430   140.039   140.019 
    8440   140.040   140.020 
    8450   140.049   140.010 
    8460   140.040   140.020 
    8470   140.040   140.020 
    8480   140.040   140.020 
    8490   140.040   140.020 
    8500   140.048   140.016 
    8510   140.040   140.020 
    8520   140.040   140.020 
    8530   140.040   140.020 
    8540   140.040   140.020 
    8550   140.034   140.012 
    8560   140.040   140.020 
    8570   140.040   140.020 
    8580   140.040   140.019 
    8590   140.040   140.020 
    8600   140.032   140.020 
    8610   140.040   140.020 
    8620   140.040   140.020 
    8630   140.040   140.020 
    8640   140.040   140.020 
    8650   140.037   140.020 
    8660   140.038   140.020 
    8670   140.040   140.021 
    8680    74.179    94.910 
    8690   140.040   140.020 
    8700   139.974   140.043 
    8710   140.040   140.020 
    8720   140.040   140.020 
    8730   140.040   140.018 
    8740   140.040   140.020 
    8750   140.097   139.950 
    8760   140.040   140.020 
    8770   140.040   140.020 
    8780   140.039   140.021 
    8790   140.040   140.020 
    8800   140.038   140.018 
    8810   140.040   140.020 
    8820   140.040   140.020 
    8830   140.040   140.020 
    8840   140.040   140.020 
    8850   139.958   139.895 
    8860   140.040   140.020 
    8870   140.040   140.020 
    8880   140.040   140.020 
    8890   140.040   140.020 
    8900   139.982   140.073 
    8910   140.040   140.020 
    8920   140.040   140.020 
    8930   140.038   140.017 
    8940   140.040   140.020 
    8950   139.993   140.027 
    8960   140.040   140.020 
    8970   140.040   140.020 
    8980   140.040   140.018 
    8990   140.040   140.020 
    9000   140.024   139.970 
    9010   140.040   140.021 
    9020   140.040   140.020 
    9030   140.040   140.020 
    9040   140.040   140.020 
    9050   140.042   140.008 
    9060   140.039   140.020 
    9070   140.040   140.020 
    9080   140.040   140.021 
    9090   140.040   140.020 
    9100   140.045   140.019 
    9110   140.040   140.020 
    9120   140.040   140.020 
    9130   140.041   140.020 
    9140   140.040   140.020 
    9150   140.040   140.022 
    9160   140.040   140.020 
    9170   140.040   140.020 
    9180   140.038   140.020 
    9190   140.040   140.020 
    9200   140.047   139.973 
    9210   140.040   140.020 
    9220   140.040   140.020 
    9230   140.039   140.021 
    9240   140.040   140.020 
    9250   140.051   139.992 
    9260   140.040   140.020 
    9270   140.040   140.020 
    9280   140.041   140.020 
    9290   140.040   140.020 
    9300   140.039   140.022 
    9310   140.040   140.020 
    9320   140.040   140.020 
    9330   140.039   140.020 
    9340   140.040   140.020 
    9350   140.038   140.025 
    9360   140.040   140.020 
    9370   140.040   140.020 
    9380   140.041   140.020 
    9390   140.040   140.020 
    9400   140.038   140.017 
    9410   140.040   140.020 
    9420   140.040   140.020 
    9430   140.043   140.017 
    9440   140.040   140.020 
    9450   140.052   140.032 
    9460   140.040   140.020 
    9470   140.040   140.020 
    9480   140.040   140.020 
    9490   140.040   140.020 
    9500   140.031   140.024 
    9510   140.040   140.020 
    9520   140.040   140.020 
    9530   140.040   140.019 
    9540   140.040   140.020 
    9550   140.039   140.019 
    9560   140.040   140.020 
    9570   140.040   140.020 
    9580   140.043   140.021 
    9590   140.040   140.020 
    9600   139.992   140.052 
    9610   140.040   140.020 
    9620   140.040   140.020 
    9630   140.041   140.020 
    9640   140.040   140.020 
    9650   140.080   140.020 
    9660   140.040   140.020 
    9670   140.040   140.020 
    9680   140.039   140.021 
    9690   140.040   140.020 
    9700   140.040   140.021 
    9710   140.040   140.020 
    9720   140.040   140.020 
    9730   140.040   140.020 
    9740   140.040   140.020 
    9750   140.042   140.036 
    9760   140.040   140.020 
    9770   140.040   140.020 
    9780   140.038   140.020 
    9790   140.040   140.020 
    9800   140.026   140.134 
    9810   140.040   140.020 
    9820   140.040   140.020 
    9830   140.040   140.020 
    9840   140.040   140.020 
    9850   140.041   140.021 
    9860   140.040   140.020 
    9870   140.040   140.020 
    9880   140.040   140.019 
    9890   140.040   140.020 
    9900   140.048   140.029 
    9910   140.040   140.020 
    9920   140.040   140.020 
    9930   140.040   140.020 
    9940   140.040   140.020 
    9950   140.055   140.091 
    9960   140.040   140.020 
    9970   140.040   140.020 
    9980   108.868    33.709 
    9990   140.040   140.020 
   10000   140.040   140.020 
