       0    24.961    24.966 
      10    30.657    30.630 
      20    29.916    29.936 
      30    29.884    29.933 
      40    29.945    29.948 
      50    29.954    29.949 
      60    29.946    29.953 
      70    29.940    30.182 
      80    29.950    29.957 
      90    29.954    29.950 
     100    29.968    29.903 
     110    29.949    29.956 
     120    29.948    29.956 
     130    29.951    29.957 
     140    29.951    29.959 
     150    29.952    29.958 
     160    29.951    29.958 
     170    29.952    29.959 
     180    29.951    29.958 
     190    29.950    29.964 
     200    29.956    29.952 
     210    29.952    29.959 
     220    29.947    29.956 
     230    29.952    29.960 
     240    29.954    29.955 
     250    29.953    29.913 
     260    29.860    29.958 
     270    29.952    29.959 
     280    29.953    29.959 
     290    29.953    29.984 
     300    29.954    29.960 
     310    29.954    29.959 
     320    29.953    29.960 
     330    29.951    29.958 
     340    29.903    29.925 
     350    29.856    29.889 
     360    29.954    29.961 
     370    29.953    29.959 
     380    29.954    29.961 
     390    29.970    29.976 
     400    29.953    29.959 
     410    29.953    29.961 
     420    29.955    29.961 
     430    29.954    29.961 
     440    29.954    29.960 
     450    29.914    29.949 
     460    29.954    29.961 
     470    29.954    29.961 
     480    29.953    29.959 
     490    29.954    29.961 
     500    29.837    30.034 
     510    29.954    29.961 
     520    29.955    29.961 
     530    29.955    29.962 
     540    29.954    29.961 
     550    29.948    29.974 
     560    29.955    29.961 
     570    29.954    29.961 
     580    29.955    29.961 
     590    29.954    29.961 
     600    29.942    29.986 
     610    29.954    29.960 
     620    29.954    29.961 
     630    29.954    29.961 
     640    29.954    29.961 
     650    29.912    29.982 
     660    29.954    29.961 
     670    29.955    29.960 
     680    29.954    29.960 
     690    29.955    29.961 
     700    30.228    29.688 
     710    29.955    29.961 
     720    29.955    29.961 
     730    29.955    29.961 
     740    29.954    29.961 
     750    29.940    29.961 
     760    29.955    29.961 
     770    29.955    29.961 
     780    29.954    29.958 
     790    29.955    29.961 
     800    29.952    29.961 
     810    29.954    29.961 
     820    29.955    29.961 
     830    29.955    29.961 
     840    29.955    29.961 
     850    29.927    29.919 
     860    29.955    29.962 
     870    29.955    29.962 
     880    29.952    29.960 
     890    29.955    29.961 
     900    29.940    30.009 
     910    29.955    29.961 
     920    29.955    29.962 
     930    29.955    29.961 
     940    29.955    29.961 
     950    29.958    29.961 
     960    29.958    29.929 
     970    29.955    29.961 
     980    29.955    29.961 
     990    29.955    29.961 
    1000    29.990    29.793 
    1010    29.954    29.961 
    1020    29.955    29.960 
    1030    29.955    29.961 
    1040    29.955    29.961 
    1050    29.955    29.539 
    1060    29.952    29.961 
    1070    29.955    29.961 
    1080    29.955    29.961 
    1090    29.955    29.961 
    1100    29.956    29.959 
    1110    29.958    29.963 
    1120    29.955    29.961 
    1130    29.955    29.960 
    1140    29.955    29.961 
    1150    29.976    29.990 
    1160    29.955    29.961 
    1170    29.955    29.961 
    1180    29.955    29.959 
    1190    29.955    29.961 
    1200    29.956    29.961 
    1210    29.955    29.964 
    1220    29.955    29.960 
    1230    29.955    29.961 
    1240    29.955    29.962 
    1250    29.934    29.825 
    1260    29.955    29.961 
    1270    29.955    29.961 
    1280    29.956    29.961 
    1290    29.955    29.961 
    1300    29.970    29.979 
    1310    29.955    29.961 
    1320    29.955    29.961 
    1330   -50.730    75.918 
    1340    29.955    29.961 
    1350    30.093    29.918 
    1360    29.956    29.961 
    1370    29.955    29.961 
    1380    29.957    29.960 
    1390    29.955    29.961 
    1400    30.086    30.346 
    1410    29.955    29.961 
    1420    29.955    29.961 
    1430    29.956    29.960 
    1440    29.956    29.962 
    1450    29.956    29.962 
    1460    29.955    29.961 
    1470    29.955    29.961 
    1480   -48.640   165.354 
    1490    29.955    29.961 
    1500    29.956    29.951 
    1510    29.955    29.961 
    1520    29.955    29.961 
    1530    29.955    29.961 
    1540    29.956    29.961 
    1550    29.950    29.961 
    1560    29.955    29.961 
    1570    29.955    29.964 
    1580    29.955    29.961 
    1590    29.956    29.961 
    1600    30.095    29.944 
    1610    29.955    29.960 
    1620    29.955    29.961 
    1630    29.955    29.961 
    1640    29.955    29.961 
    1650    30.108    29.598 
    1660    29.955    29.961 
    1670    29.955    29.961 
    1680    29.955    29.961 
    1690    29.955    29.961 
    1700    29.865    29.939 
    1710    29.955    29.961 
    1720    29.956    29.961 
    1730    29.955    29.961 
    1740    29.956    29.961 
    1750    29.956    29.971 
    1760    29.961    29.961 
    1770    29.955    29.961 
    1780    29.955    29.961 
    1790    29.955    29.951 
    1800    29.964    30.124 
    1810    29.956    29.961 
    1820    29.955    29.963 
    1830    29.955    29.961 
    1840    29.956    29.961 
    1850    30.105    29.874 
    1860    29.955    29.961 
    1870    29.956    29.961 
    1880    29.955    29.954 
    1890    29.956    29.961 
    1900    29.957    29.961 
    1910    29.955    29.961 
    1920    29.958    29.962 
    1930    29.954    29.960 
    1940    29.956    29.961 
    1950    29.879    30.012 
    1960    29.956    29.961 
    1970    29.959    29.959 
    1980    29.955    29.961 
    1990    29.956    29.961 
    2000    30.063    29.899 
    2010    29.956    29.961 
    2020    29.956    29.961 
    2030    29.955    29.961 
    2040    29.956    29.961 
    2050    29.939    29.952 
    2060    29.956    29.961 
    2070    29.956    29.961 
    2080    29.951    29.961 
    2090    29.956    29.961 
    2100    29.955    29.956 
    2110    29.954    29.961 
    2120    29.956    29.961 
    2130    29.955    29.961 
    2140    29.957    29.961 
    2150    30.084    29.964 
    2160    29.956    29.961 
    2170    29.956    29.961 
    2180    29.956    29.961 
    2190    29.955    29.961 
    2200    29.872    29.929 
    2210    29.956    29.962 
    2220    29.956    29.961 
    2230    29.955    29.961 
    2240    29.955    29.962 
    2250    29.956    29.958 
    2260    29.957    29.961 
    2270    29.956    29.961 
    2280    29.955    29.961 
    2290    29.956    29.961 
    2300    29.957    29.961 
    2310    29.955    29.961 
    2320    29.956    29.959 
    2330    29.955    29.961 
    2340    29.956    29.961 
    2350    29.963    29.959 
    2360    29.956    29.961 
    2370    29.956    29.961 
    2380    29.955    29.959 
    2390    29.956    29.961 
    2400    29.918    29.972 
    2410    29.955    29.961 
    2420    29.956    29.961 
    2430    29.955    29.961 
    2440    29.956    29.961 
    2450    29.954    29.967 
    2460    29.956    29.961 
    2470    29.956    29.961 
    2480    29.953    29.960 
    2490    29.956    29.961 
    2500    29.945    29.970 
    2510    29.956    29.961 
    2520    29.956    29.961 
    2530    29.956    29.961 
    2540    29.956    29.961 
    2550    30.282    30.015 
    2560    29.958    29.961 
    2570    29.956    29.961 
    2580   -35.253   120.172 
    2590    29.956    29.961 
    2600    29.954    29.960 
    2610    29.956    29.961 
    2620    29.956    29.961 
    2630    29.955    29.961 
    2640    29.956    29.961 
    2650    29.954    29.965 
    2660    29.956    29.961 
    2670    29.956    29.961 
    2680    29.955    29.961 
    2690    29.956    29.961 
    2700    29.972    29.961 
    2710    29.955    29.957 
    2720    29.956    29.961 
    2730    29.956    29.961 
    2740    29.956    29.961 
    2750    29.955    29.961 
    2760    29.956    29.961 
    2770    29.956    29.961 
    2780    29.952    29.959 
    2790    29.956    29.961 
    2800    29.957    29.962 
    2810    29.956    29.961 
    2820    29.955    29.961 
    2830    29.953    29.961 
    2840    29.956    29.961 
    2850    29.954    29.955 
    2860    29.956    29.961 
    2870    29.956    29.962 
    2880    29.956    29.961 
    2890    29.956    29.961 
    2900    29.981    30.084 
    2910    29.956    29.962 
    2920    29.956    29.961 
    2930    29.959    29.958 
    2940    29.956    29.961 
    2950    29.961    29.964 
    2960    29.956    29.961 
    2970    29.956    29.961 
    2980    29.956    29.960 
    2990    29.956    29.961 
    3000    29.888    30.044 
    3010    29.956    29.961 
    3020    29.956    29.961 
    3030    29.955    29.960 
    3040    29.956    29.961 
    3050    29.937    29.986 
    3060    29.956    29.961 
    3070    29.956    29.961 
    3080    29.955    29.962 
    3090    29.956    29.961 
    3100    29.671    29.665 
    3110    29.956    29.961 
    3120    29.956    29.961 
    3130    29.956    29.961 
    3140    29.956    29.961 
    3150    29.934    29.946 
    3160    29.956    29.961 
    3170    29.956    29.961 
    3180    29.954    29.963 
    3190    29.956    29.961 
    3200    29.954    29.945 
    3210    29.957    29.961 
    3220    29.956    29.961 
    3230    29.956    29.960 
    3240    29.956    29.961 
    3250    29.952    29.945 
    3260    29.956    29.961 
    3270    29.956    29.960 
    3280    29.955    29.960 
    3290    29.956    29.961 
    3300    29.894    30.022 
    3310    29.956    29.961 
    3320    29.956    29.961 
    3330    29.955    29.963 
    3340    29.956    29.961 
    3350    29.952    29.961 
    3360    29.956    29.961 
    3370    29.956    29.961 
    3380    29.956    29.961 
    3390    29.955    29.961 
    3400    29.969    29.936 
    3410    29.956    29.961 
    3420    29.956    29.961 
    3430    29.956    29.961 
    3440    29.956    29.961 
    3450    29.959    29.938 
    3460    29.956    29.961 
    3470    29.956    29.961 
    3480    29.955    29.960 
    3490    29.956    29.961 
    3500    29.956    29.960 
    3510    29.956    29.961 
    3520    29.956    29.961 
    3530    29.956    29.962 
    3540    29.956    29.961 
    3550    29.976    29.962 
    3560    29.956    29.954 
    3570    29.956    29.961 
    3580    29.955    29.961 
    3590    29.956    29.961 
    3600    29.960    29.961 
    3610    29.955    29.961 
    3620    29.956    29.969 
    3630    29.955    29.961 
    3640    29.956    29.961 
    3650    29.955    29.961 
    3660    29.956    29.961 
    3670    29.956    29.961 
    3680    29.956    29.962 
    3690    29.956    29.961 
    3700    29.957    29.961 
    3710    29.956    29.961 
    3720    29.956    29.961 
    3730    29.956    29.961 
    3740    29.956    29.961 
    3750    29.966    29.921 
    3760    29.956    29.961 
    3770    29.956    29.961 
    3780    29.955    29.961 
    3790    29.956    29.961 
    3800    29.954    29.966 
    3810    29.956    29.961 
    3820    29.956    29.961 
    3830    29.949    29.959 
    3840    29.956    29.961 
    3850    29.944    29.974 
    3860    29.954    29.960 
    3870    29.956    29.961 
    3880    29.955    29.962 
    3890    29.956    29.961 
    3900    29.954    29.965 
    3910    29.956    29.961 
    3920    29.956    29.961 
    3930    29.956    29.960 
    3940    29.956    29.961 
    3950    29.649    29.986 
    3960    29.955    29.957 
    3970    29.956    29.961 
    3980    29.956    29.961 
    3990    29.955    29.962 
    4000    29.921    30.027 
    4010    29.956    29.961 
    4020    29.956    29.961 
    4030    29.955    29.961 
    4040    29.956    29.961 
    4050    29.956    29.956 
    4060    29.956    29.961 
    4070    29.956    29.961 
    4080    29.955    29.961 
    4090    29.956    29.961 
    4100    29.951    29.958 
    4110    29.956    29.961 
    4120    29.957    29.959 
    4130    29.956    29.961 
    4140    29.956    29.961 
    4150    29.963    29.942 
    4160    29.956    29.961 
    4170    29.956    29.961 
    4180    29.957    29.962 
    4190    29.956    29.961 
    4200    29.953    29.968 
    4210    29.956    29.961 
    4220    29.956    29.961 
    4230    29.956    29.961 
    4240    29.956    29.961 
    4250    29.956    29.953 
    4260    29.956    29.961 
    4270    29.956    29.961 
    4280    29.955    29.962 
    4290    29.956    29.961 
    4300    29.967    29.967 
    4310    29.956    29.961 
    4320    29.956    29.961 
    4330    29.956    29.961 
    4340    29.956    29.961 
    4350    29.956    29.967 
    4360    29.956    29.961 
    4370    29.956    29.961 
    4380    29.955    29.961 
    4390    29.956    29.961 
    4400    29.929    29.944 
    4410    29.956    29.961 
    4420    29.956    29.961 
    4430    29.956    29.961 
    4440    29.956    29.961 
    4450    29.953    29.966 
    4460    29.956    29.961 
    4470    29.956    29.961 
    4480    29.955    29.964 
    4490    29.956    29.961 
    4500    29.872    30.066 
    4510    29.956    29.961 
    4520    29.956    29.961 
    4530    29.956    29.961 
    4540    29.956    29.961 
    4550    29.993    29.881 
    4560    29.956    29.961 
    4570    29.956    29.961 
    4580    29.955    29.963 
    4590    29.956    29.962 
    4600    29.960    29.991 
    4610    29.956    29.961 
    4620    29.956    29.961 
    4630    29.956    29.960 
    4640    29.956    29.961 
    4650    29.958    29.953 
    4660    29.956    29.961 
    4670    29.956    29.961 
    4680    29.955    29.961 
    4690    29.956    29.961 
    4700    29.969    29.939 
    4710    29.956    29.961 
    4720    29.956    29.961 
    4730    29.955    29.960 
    4740    29.956    29.961 
    4750    29.772    29.988 
    4760    29.956    29.961 
    4770    29.956    29.961 
    4780    29.957    29.961 
    4790    29.956    29.961 
    4800    29.955    29.939 
    4810    29.955    29.961 
    4820    29.956    29.961 
    4830    29.956    29.959 
    4840    29.956    29.961 
    4850    29.987    29.971 
    4860    29.956    29.961 
    4870    29.956    29.961 
    4880    29.955    29.961 
    4890    29.960    29.963 
    4900    29.929    29.992 
    4910    29.955    29.962 
    4920    29.956    29.961 
    4930    29.954    29.959 
    4940    29.956    29.961 
    4950    29.955    29.962 
    4960    29.956    29.961 
    4970    29.956    29.961 
    4980    29.956    29.961 
    4990    29.956    29.961 
    5000    29.952    29.931 
    5010    29.956    29.961 
    5020    29.956    29.961 
    5030    29.953    29.961 
    5040    29.956    29.961 
    5050    29.951    30.164 
    5060    29.956    29.961 
    5070    29.955    29.961 
    5080    29.956    29.961 
    5090    29.956    29.961 
    5100    29.952    29.965 
    5110    29.956    29.961 
    5120    29.958    29.959 
    5130    29.956    29.961 
    5140    29.956    29.961 
    5150    29.905    29.995 
    5160    29.956    29.961 
    5170    29.956    29.961 
    5180    29.956    29.965 
    5190    29.956    29.961 
    5200    29.936    29.962 
    5210    29.956    29.961 
    5220    29.956    29.961 
    5230    29.956    29.961 
    5240    29.956    29.961 
    5250    29.947    29.972 
    5260    29.956    29.961 
    5270    29.956    29.961 
    5280    29.956    29.961 
    5290    29.956    29.961 
    5300    29.841    29.969 
    5310    29.955    29.960 
    5320    29.956    29.961 
    5330    29.956    29.961 
    5340    29.956    29.961 
    5350    29.951    29.961 
    5360    29.956    29.962 
    5370    29.956    29.961 
    5380    29.959    29.995 
    5390    29.956    29.961 
    5400    29.961    29.961 
    5410    29.956    29.960 
    5420    29.956    29.961 
    5430    29.956    29.961 
    5440    29.956    29.961 
    5450    29.951    29.962 
    5460    29.956    29.963 
    5470    29.956    29.961 
    5480    29.956    29.961 
    5490    29.956    29.961 
    5500    29.963    29.953 
    5510    29.956    29.961 
    5520    29.956    29.961 
    5530    29.956    29.962 
    5540    29.956    29.961 
    5550    29.957    29.958 
    5560    29.956    29.961 
    5570    29.956    29.961 
    5580    29.952    29.958 
    5590    29.956    29.961 
    5600    29.957    29.963 
    5610    29.956    29.961 
    5620    29.956    29.961 
    5630    29.956    29.960 
    5640    29.956    29.962 
    5650    29.946    29.952 
    5660    29.956    29.961 
    5670    29.952    29.958 
    5680    29.956    29.961 
    5690    29.956    29.961 
    5700    29.930    29.964 
    5710    29.956    29.961 
    5720    29.956    29.961 
    5730    29.957    29.961 
    5740    29.956    29.961 
    5750    30.046    31.210 
    5760    29.956    29.962 
    5770    29.954    29.961 
    5780    29.956    29.960 
    5790    29.956    29.961 
    5800    29.992    30.182 
    5810    29.956    29.961 
    5820    29.956    29.961 
    5830    29.955    29.961 
    5840    29.956    29.961 
    5850    30.083    29.871 
    5860    29.956    29.961 
    5870    29.956    29.961 
    5880    29.956    29.961 
    5890    29.956    29.961 
    5900    29.957    29.962 
    5910    29.956    29.961 
    5920    29.956    29.961 
    5930   107.588    54.416 
    5940    29.956    29.961 
    5950    29.956    29.961 
    5960    29.956    29.961 
    5970    29.956    29.961 
    5980    29.956    29.960 
    5990    29.956    29.961 
    6000    29.987    29.974 
    6010    29.956    29.960 
    6020    29.955    29.961 
    6030    29.956    29.962 
    6040    29.957    29.962 
    6050    29.943    29.944 
    6060    29.956    29.961 
    6070    29.956    29.961 
    6080    29.959    29.959 
    6090    29.956    29.961 
    6100    29.963    29.965 
    6110    29.956    29.961 
    6120    29.956    29.961 
    6130    29.951    29.962 
    6140    29.956    29.961 
    6150    29.956    29.964 
    6160    29.956    29.961 
    6170    29.956    29.961 
    6180    29.955    29.961 
    6190    29.956    29.961 
    6200    29.951    29.960 
    6210    29.956    29.961 
    6220    29.956    29.961 
    6230    29.956    29.962 
    6240    29.956    29.961 
    6250    29.950    29.959 
    6260    29.956    29.961 
    6270    29.956    29.961 
    6280    29.956    29.961 
    6290    29.956    29.961 
    6300    29.953    29.957 
    6310    29.956    29.961 
    6320    29.956    29.961 
    6330    29.956    29.961 
    6340    29.956    29.961 
    6350    29.955    29.959 
    6360    29.954    29.962 
    6370    29.956    29.961 
    6380    29.955    29.962 
    6390    29.956    29.961 
    6400    29.943    29.961 
    6410    29.956    29.961 
    6420    29.956    29.961 
    6430    29.955    29.962 
    6440    29.956    29.961 
    6450    29.919    29.952 
    6460    29.961    29.938 
    6470    29.956    29.961 
    6480    29.956    29.961 
    6490    29.956    29.961 
    6500    29.995    29.892 
    6510    29.955    29.962 
    6520    29.956    29.961 
    6530    29.905    29.979 
    6540    29.956    29.961 
    6550    29.954    29.961 
    6560    29.956    29.961 
    6570    29.956    29.961 
    6580    29.956    29.962 
    6590    29.956    29.961 
    6600    29.894    30.264 
    6610    29.956    29.961 
    6620    29.956    29.961 
    6630    29.955    29.961 
    6640    29.956    29.961 
    6650    29.963    29.971 
    6660    29.956    29.961 
    6670    29.956    29.961 
    6680    29.954    29.962 
    6690    29.956    29.961 
    6700    30.026    29.990 
    6710    29.956    29.961 
    6720    29.957    29.961 
    6730    29.956    29.961 
    6740    29.956    29.961 
    6750    29.957    29.945 
    6760    29.956    29.961 
    6770    29.956    29.961 
    6780    29.956    29.962 
    6790    29.956    29.961 
    6800    30.079    30.064 
    6810    29.956    29.962 
    6820    29.956    29.962 
    6830    29.956    29.961 
    6840    29.956    29.961 
    6850    29.960    29.966 
    6860    29.955    29.961 
    6870    29.956    29.961 
    6880    29.955    29.960 
    6890    29.956    29.961 
    6900    29.954    29.960 
    6910    29.956    29.961 
    6920    29.956    29.961 
    6930    29.948    29.959 
    6940    29.956    29.961 
    6950    29.974    29.959 
    6960    29.956    29.967 
    6970    29.956    29.961 
    6980  -143.860   126.491 
    6990    29.956    29.961 
    7000    29.961    29.952 
    7010    29.956    29.961 
    7020    29.956    29.961 
    7030    29.955    29.962 
    7040    29.956    29.961 
    7050    29.955    29.961 
    7060    29.956    29.961 
    7070    29.956    29.961 
    7080    29.956    29.961 
    7090    29.956    29.961 
    7100    29.940    29.941 
    7110    29.956    29.961 
    7120    29.956    29.961 
    7130    29.957    29.962 
    7140    29.956    29.961 
    7150    29.958    29.956 
    7160    29.956    29.961 
    7170    29.956    29.961 
    7180    29.956    29.961 
    7190    29.956    29.961 
    7200    29.957    29.963 
    7210    29.956    29.961 
    7220    29.956    29.961 
    7230    29.951    29.963 
    7240    29.956    29.961 
    7250    29.894    29.830 
    7260    29.956    29.962 
    7270    29.956    29.962 
    7280    29.957    29.961 
    7290    29.955    29.961 
    7300    29.960    29.957 
    7310    29.956    29.961 
    7320    29.956    29.961 
    7330    29.951    29.960 
    7340    29.956    29.961 
    7350    29.947    30.015 
    7360    29.956    29.961 
    7370    29.956    29.961 
    7380    29.954    29.961 
    7390    29.956    29.961 
    7400    29.959    29.966 
    7410    29.956    29.961 
    7420    29.956    29.961 
    7430    29.956    29.961 
    7440    29.956    29.961 
    7450    29.965    29.942 
    7460    29.956    29.961 
    7470    29.956    29.961 
    7480    29.956    29.956 
    7490    29.956    29.961 
    7500    29.958    29.960 
    7510    29.956    29.961 
    7520    29.956    29.961 
    7530    29.952    29.964 
    7540    29.956    29.961 
    7550    29.943    29.944 
    7560    29.956    29.961 
    7570    29.956    29.961 
    7580    29.956    29.961 
    7590    29.956    29.961 
    7600    29.956    29.956 
    7610    29.956    29.961 
    7620    29.956    29.961 
    7630    29.956    29.961 
    7640    29.956    29.961 
    7650    29.953    29.956 
    7660    29.957    29.961 
    7670    29.956    29.961 
    7680    29.956    29.961 
    7690    29.956    29.961 
    7700    29.958    29.960 
    7710    29.957    29.963 
    7720    29.956    29.961 
    7730    29.956    29.961 
    7740    29.956    29.961 
    7750    29.958    29.964 
    7760    29.956    29.961 
    7770    29.956    29.961 
    7780    29.956    29.961 
    7790    29.956    29.961 
    7800    29.957    29.969 
    7810    29.956    29.961 
    7820    29.956    29.961 
    7830    29.955    29.961 
    7840    29.956    29.961 
    7850    29.956    29.963 
    7860    29.956    29.961 
    7870    29.956    29.961 
    7880    29.956    29.961 
    7890    29.957    29.961 
    7900    29.958    29.957 
    7910    29.956    29.961 
    7920    29.956    29.961 
    7930    73.586   -37.667 
    7940    29.956    29.961 
    7950    29.975    29.897 
    7960    29.956    29.961 
    7970    29.956    29.961 
    7980    29.957    29.958 
    7990    29.956    29.961 
    8000    29.951    29.959 
    8010    29.956    29.961 
    8020    29.956    29.961 
    8030    29.956    29.961 
    8040    29.955    29.964 
    8050    29.952    29.975 
    8060    29.956    29.961 
    8070    29.956    29.961 
    8080    29.955    29.962 
    8090    29.955    29.963 
    8100    29.955    29.961 
    8110    29.956    29.961 
    8120    29.956    29.961 
    8130    29.949    29.961 
    8140    29.956    29.961 
    8150    29.968    30.170 
    8160    29.953    29.961 
    8170    29.956    29.961 
    8180    29.956    29.961 
    8190    29.956    29.961 
    8200    29.905    29.930 
    8210    29.956    29.961 
    8220    29.956    29.961 
    8230    29.956    29.961 
    8240    29.956    29.961 
    8250    29.944    29.954 
    8260    29.956    29.961 
    8270    29.956    29.961 
    8280    29.956    29.961 
    8290    29.955    29.961 
    8300    29.991    30.001 
    8310    29.956    29.961 
    8320    29.956    29.961 
    8330    29.957    29.961 
    8340    29.956    29.961 
    8350    29.957    29.962 
    8360    29.956    29.961 
    8370    29.956    29.961 
    8380    29.956    29.961 
    8390    29.956    29.962 
    8400    29.963    29.958 
    8410    29.956    29.961 
    8420    29.956    29.961 
    8430    29.955    29.961 
    8440    29.956    29.961 
    8450    29.961    29.959 
    8460    29.956    29.961 
    8470    29.956    29.961 
    8480    29.956    29.961 
    8490    29.956    29.961 
    8500    29.957    29.959 
    8510    29.956    29.961 
    8520    29.956    29.961 
    8530    29.953    29.965 
    8540    29.956    29.961 
    8550    29.854    29.888 
    8560    29.959    29.964 
    8570    29.956    29.961 
    8580    29.956    29.960 
    8590    29.956    29.961 
    8600    29.945    29.981 
    8610    29.956    29.961 
    8620    29.956    29.961 
    8630    29.956    29.961 
    8640    29.956    29.961 
    8650    29.957    29.959 
    8660    29.956    29.961 
    8670    29.956    29.961 
    8680    29.956    29.961 
    8690    29.956    29.962 
    8700    29.948    29.983 
    8710    29.956    29.961 
    8720    29.956    29.961 
    8730    29.956    29.962 
    8740    29.956    29.961 
    8750    29.940    29.966 
    8760    29.956    29.961 
    8770    29.956    29.961 
    8780    29.956    29.961 
    8790    29.956    29.961 
    8800    30.084    29.982 
    8810    29.956    29.961 
    8820    29.956    29.961 
    8830    29.956    29.961 
    8840    29.956    29.961 
    8850    30.013    29.968 
    8860    29.956    29.961 
    8870    29.956    29.961 
    8880    29.956    29.961 
    8890    29.956    29.961 
    8900    29.957    29.962 
    8910    29.956    29.961 
    8920    29.956    29.961 
    8930    29.956    29.961 
    8940    29.956    29.961 
    8950    29.949    29.948 
    8960    29.959    29.960 
    8970    29.956    29.961 
    8980    29.956    29.961 
    8990    29.956    29.961 
    9000    29.949    29.901 
    9010    29.956    29.961 
    9020    29.956    29.961 
    9030    29.955    29.961 
    9040    29.956    29.961 
    9050    30.163    29.976 
    9060    29.955    29.962 
    9070    29.956    29.961 
    9080    29.955    29.961 
    9090    29.956    29.961 
    9100    29.949    29.941 
    9110    29.956    29.961 
    9120    29.956    29.961 
    9130    29.956    29.962 
    9140    29.956    29.961 
    9150    29.844    29.959 
    9160    29.956    29.961 
    9170    29.956    29.961 
    9180    29.955    29.962 
    9190    29.956    29.961 
    9200    29.947    29.958 
    9210    29.956    29.961 
    9220    29.956    29.961 
    9230    29.956    29.961 
    9240    29.956    29.961 
    9250    30.119    30.019 
    9260    29.956    29.961 
    9270    29.956    29.961 
    9280    29.954    29.960 
    9290    29.956    29.961 
    9300    29.940    29.919 
    9310    29.956    29.961 
    9320    29.956    29.961 
    9330    29.956    29.959 
    9340    29.956    29.961 
    9350    29.944    29.956 
    9360    29.956    29.961 
    9370    29.956    29.961 
    9380    29.956    29.961 
    9390    29.956    29.961 
    9400    29.958    29.960 
    9410    29.956    29.961 
    9420    29.956    29.961 
    9430    29.956    29.961 
    9440    29.956    29.961 
    9450    29.956    30.120 
    9460    29.956    29.961 
    9470    29.956    29.960 
    9480    29.954    29.961 
    9490    29.956    29.961 
    9500    29.923    30.255 
    9510    29.955    29.961 
    9520    29.956    29.954 
    9530    29.956    29.961 
    9540    29.956    29.961 
    9550    29.952    29.961 
    9560    29.956    29.961 
    9570    29.956    29.961 
    9580    29.956    29.960 
    9590    29.956    29.961 
    9600    29.710    29.972 
    9610    29.956    29.961 
    9620    29.956    29.961 
    9630    29.956    29.961 
    9640    29.956    29.961 
    9650    29.978    30.148 
    9660    29.956    29.962 
    9670    29.956    29.961 
    9680    29.956    29.961 
    9690    29.956    29.961 
    9700    29.966    29.963 
    9710    29.956    29.961 
    9720    29.956    29.961 
    9730    29.956    29.960 
    9740    29.956    29.962 
    9750    29.950    29.960 
    9760    29.956    29.962 
    9770    29.956    29.961 
    9780    29.956    29.961 
    9790    29.956    29.961 
    9800    29.957    29.962 
    9810    29.956    29.961 
    9820    29.956    29.961 
    9830    29.959    29.962 
    9840    29.956    29.961 
    9850    29.953    29.961 
    9860    29.956    29.963 
    9870    29.956    29.961 
    9880    29.956    29.961 
    9890    29.956    29.961 
    9900    30.022    29.999 
    9910    29.956    29.961 
    9920    29.956    29.961 
    9930    29.950    29.963 
    9940    29.956    29.961 
    9950    29.961    29.960 
    9960    29.956    29.961 
    9970    29.956    29.961 
    9980    29.956    29.961 
    9990    29.956    29.961 
   10000    29.956    29.961 
