       0   184.970   184.951 
      10   189.401   189.817 
      20   189.756   189.825 
      30   189.876   189.883 
      40   189.907   189.885 
      50   189.887   189.817 
      60   189.944   189.906 
      70   189.925   189.911 
      80   189.918   189.924 
      90   189.955   189.898 
     100   189.888   189.918 
     110   189.915   189.916 
     120   189.927   189.920 
     130   189.930   189.934 
     140   189.927   189.919 
     150   189.929   189.918 
     160   189.926   189.916 
     170   189.928   189.908 
     180   189.933   189.941 
     190   189.931   189.923 
     200   189.936   189.870 
     210   189.921   189.919 
     220   189.936   189.923 
     230   189.939   189.923 
     240   189.942   189.922 
     250   190.004   189.917 
     260   189.938   189.921 
     270   189.942   189.926 
     280   189.940   189.933 
     290   189.945   189.926 
     300   189.915   189.911 
     310   189.940   189.925 
     320   189.945   189.927 
     330   189.943   189.932 
     340   189.927   189.920 
     350   189.945   189.929 
     360   189.941   189.926 
     370   189.947   189.929 
     380   189.947   189.927 
     390   189.945   189.931 
     400   189.943   189.922 
     410   189.961   189.928 
     420   189.956   189.930 
     430   189.950   189.925 
     440   189.953   189.918 
     450   189.950   189.924 
     460   189.928   189.930 
     470   189.948   189.932 
     480   189.946   189.927 
     490   189.939   189.921 
     500   190.078   190.096 
     510   189.950   189.932 
     520   189.953   189.932 
     530   189.953   189.929 
     540   189.953   189.932 
     550   190.015   189.955 
     560   189.952   189.934 
     570   189.954   189.932 
     580   189.954   189.935 
     590   189.970   189.935 
     600   189.959   189.934 
     610   189.954   189.933 
     620   189.954   189.933 
     630   189.946   189.934 
     640   189.955   189.943 
     650   189.957   189.932 
     660   189.947   189.935 
     670   189.960   189.935 
     680   189.958   189.935 
     690   189.956   189.915 
     700   189.958   189.934 
     710   189.960   189.936 
     720   189.957   189.936 
     730   189.957   189.935 
     740   189.963   189.937 
     750   189.962   189.949 
     760   189.961   189.936 
     770   189.960   189.936 
     780   189.958   189.937 
     790   189.959   189.936 
     800   189.960   189.932 
     810   189.960   189.937 
     820   189.962   189.937 
     830   189.961   189.938 
     840   189.961   189.950 
     850   189.964   190.014 
     860   189.957   189.938 
     870   189.963   189.940 
     880   189.961   189.940 
     890   189.966   189.936 
     900   189.955   189.942 
     910   189.962   189.937 
     920   189.963   189.938 
     930   189.962   189.933 
     940   189.951   189.941 
     950   189.969   189.936 
     960   189.964   189.939 
     970   189.964   189.939 
     980   189.966   189.933 
     990   189.965   189.939 
    1000   190.020   189.952 
    1010   189.961   189.938 
    1020   189.955   189.930 
    1030   189.966   189.942 
    1040   189.962   189.947 
    1050   189.963   189.942 
    1060   189.966   189.941 
    1070   189.967   189.941 
    1080   189.966   189.939 
    1090   189.962   189.933 
    1100   189.982   189.979 
    1110   189.962   189.941 
    1120   189.967   189.942 
    1130   189.969   189.941 
    1140   189.965   189.935 
    1150   189.967   189.936 
    1160   189.975   189.942 
    1170   189.972   189.943 
    1180   189.970   189.943 
    1190   189.957   189.942 
    1200   189.953   189.939 
    1210   189.968   189.942 
    1220   189.970   189.943 
    1230   189.969   189.944 
    1240   189.973   189.942 
    1250   189.964   189.945 
    1260   189.969   189.943 
    1270   189.970   189.944 
    1280   189.971   189.942 
    1290   189.973   189.945 
    1300   189.984   189.953 
    1310   189.971   189.944 
    1320   189.972   189.944 
    1330   189.969   189.943 
    1340   189.960   189.965 
    1350   189.972   189.941 
    1360   189.971   189.935 
    1370   189.972   189.946 
    1380   189.972   189.944 
    1390   189.972   189.945 
    1400   189.975   189.944 
    1410   189.972   189.945 
    1420   189.976   189.943 
    1430   189.973   189.945 
    1440   189.969   189.945 
    1450   189.956   189.943 
    1460   189.973   189.947 
    1470   189.974   189.946 
    1480   189.975   189.947 
    1490   189.968   189.946 
    1500   189.992   189.947 
    1510   189.974   189.949 
    1520   189.975   189.946 
    1530   189.974   189.948 
    1540   189.985   189.945 
    1550   190.019   189.931 
    1560   189.972   189.939 
    1570   189.976   189.947 
    1580   189.976   189.944 
    1590   189.976   189.948 
    1600   189.976   189.947 
    1610   189.978   189.953 
    1620   189.977   189.948 
    1630   189.979   189.956 
    1640   189.994   189.944 
    1650   189.974   189.950 
    1660   189.979   189.947 
    1670   189.976   189.948 
    1680   189.977   189.949 
    1690   189.977   189.950 
    1700   189.969   189.943 
    1710   189.976   189.949 
    1720   189.981   189.952 
    1730   189.980   189.947 
    1740   190.001   189.946 
    1750   189.984   189.947 
    1760   189.980   189.946 
    1770   189.980   189.952 
    1780   189.981   189.946 
    1790   189.927   189.941 
    1800   189.953   189.941 
    1810   189.977   189.949 
    1820   189.982   189.952 
    1830   189.980   189.955 
    1840   190.096   189.934 
    1850   189.828   189.987 
    1860   189.980   189.971 
    1870   189.983   189.947 
    1880   189.984   189.955 
    1890   189.974   189.953 
    1900   189.987   189.954 
    1910   189.980   189.939 
    1920   189.984   189.958 
    1930   189.983   189.956 
    1940   189.982   189.957 
    1950   189.984   189.954 
    1960   189.984   189.956 
    1970   189.984   189.958 
    1980   189.984   189.970 
    1990   189.978   189.958 
    2000   189.942   189.952 
    2010   189.965   189.940 
    2020   189.994   189.950 
    2030   189.987   189.960 
    2040   189.961   189.958 
    2050   189.984   189.961 
    2060   189.983   189.964 
    2070   190.021   189.974 
    2080   189.986   189.960 
    2090   189.983   189.959 
    2100   189.996   189.959 
    2110   189.985   189.959 
    2120   189.965   189.897 
    2130   189.986   189.962 
    2140   189.990   189.960 
    2150   189.983   189.961 
    2160   189.986   189.950 
    2170   189.988   189.968 
    2180   189.989   189.964 
    2190   189.974   189.941 
    2200   190.006   190.013 
    2210   189.985   189.962 
    2220   189.971   189.982 
    2230   189.988   189.962 
    2240   189.982   189.962 
    2250   189.926   189.954 
    2260   189.987   189.961 
    2270   189.988   189.963 
    2280   189.989   189.965 
    2290   189.991   189.960 
    2300   189.986   189.965 
    2310   189.985   189.963 
    2320   189.982   189.959 
    2330   189.989   189.963 
    2340   190.021   189.961 
    2350   189.989   189.962 
    2360   189.990   189.964 
    2370   189.988   189.964 
    2380   189.992   189.966 
    2390   189.990   189.961 
    2400   189.990   189.957 
    2410   189.985   189.964 
    2420   189.988   189.964 
    2430   189.987   189.961 
    2440   189.986   189.962 
    2450   189.986   189.960 
    2460   189.988   189.964 
    2470   189.987   189.965 
    2480   189.990   189.964 
    2490   189.988   189.964 
    2500   189.988   189.961 
    2510   189.987   189.964 
    2520   189.989   189.964 
    2530   189.990   189.963 
    2540   189.987   189.960 
    2550   189.987   189.966 
    2560   189.992   189.964 
    2570   189.989   189.964 
    2580   189.989   189.965 
    2590   189.988   189.959 
    2600   189.988   189.965 
    2610   189.999   189.964 
    2620   189.988   189.965 
    2630   189.989   189.965 
    2640   189.983   189.948 
    2650   190.004   190.025 
    2660   189.988   189.964 
    2670   189.989   189.965 
    2680   189.987   189.964 
    2690   189.979   189.960 
    2700   189.984   189.960 
    2710   189.988   189.965 
    2720   189.988   189.966 
    2730   189.987   189.966 
    2740   189.993   189.965 
    2750   189.998   189.937 
    2760   189.989   189.964 
    2770   189.989   189.965 
    2780   189.990   189.964 
    2790   189.992   189.988 
    2800   189.988   189.961 
    2810   189.989   189.964 
    2820   189.989   189.964 
    2830   189.988   189.965 
    2840   189.988   189.959 
    2850   189.991   189.967 
    2860   189.990   189.969 
    2870   189.989   189.964 
    2880   189.990   189.966 
    2890   189.990   189.964 
    2900   190.026   189.957 
    2910   189.989   189.965 
    2920   189.990   189.964 
    2930   189.989   189.969 
    2940   189.989   189.964 
    2950   189.998   189.956 
    2960   189.990   189.965 
    2970   189.992   189.961 
    2980   189.990   189.970 
    2990   189.989   189.965 
    3000   189.904   189.937 
    3010   189.990   189.964 
    3020   189.990   189.964 
    3030   189.989   189.964 
    3040   189.987   189.964 
    3050   189.991   189.964 
    3060   189.992   189.964 
    3070   189.990   189.964 
    3080   189.990   189.964 
    3090   189.989   189.969 
    3100   189.990   189.962 
    3110   189.990   189.964 
    3120   189.990   189.964 
    3130   189.991   189.965 
    3140   189.991   189.965 
    3150   189.984   189.958 
    3160   189.989   189.964 
    3170   189.994   189.962 
    3180   189.989   189.964 
    3190   189.987   189.963 
    3200   190.003   189.968 
    3210   189.990   189.964 
    3220   189.973   189.992 
    3230   189.990   189.966 
    3240   189.994   189.955 
    3250   189.983   189.986 
    3260   189.990   189.964 
    3270   189.990   189.964 
    3280   189.989   189.964 
    3290   189.992   189.963 
    3300   190.032   190.004 
    3310   189.990   189.964 
    3320   189.990   189.964 
    3330   189.987   189.961 
    3340   189.977   189.947 
    3350   190.000   189.982 
    3360   189.990   189.962 
    3370   189.990   189.967 
    3380   189.989   189.964 
    3390   189.994   189.963 
    3400   189.985   189.963 
    3410   189.990   189.965 
    3420   189.990   189.964 
    3430   189.990   189.963 
    3440   189.993   189.964 
    3450   189.948   189.968 
    3460   189.990   189.964 
    3470   189.990   189.964 
    3480   189.992   189.964 
    3490   189.990   189.962 
    3500   189.988   189.915 
    3510   189.988   189.964 
    3520   189.992   189.964 
    3530   189.988   189.964 
    3540   189.992   189.963 
    3550   189.980   189.965 
    3560   189.991   189.968 
    3570   189.991   189.975 
    3580   189.990   189.963 
    3590   189.990   189.963 
    3600   189.987   189.960 
    3610   189.990   189.963 
    3620   189.990   189.964 
    3630   189.989   189.964 
    3640   189.987   189.963 
    3650   189.987   189.939 
    3660   189.990   189.964 
    3670   189.990   189.963 
    3680   189.990   189.964 
    3690   189.991   189.963 
    3700   189.993   189.960 
    3710   189.990   189.963 
    3720   189.990   189.963 
    3730   189.990   189.963 
    3740   189.990   189.965 
    3750   189.991   189.957 
    3760   189.991   189.963 
    3770   189.990   189.964 
    3780   189.992   189.963 
    3790   189.990   189.963 
    3800   189.990   189.960 
    3810   189.984   189.963 
    3820   189.992   189.963 
    3830   189.992   189.966 
    3840   189.989   189.963 
    3850   189.999   189.965 
    3860   189.991   189.963 
    3870   189.997   189.955 
    3880   189.988   189.960 
    3890   189.989   189.961 
    3900   189.997   189.972 
    3910   189.990   189.956 
    3920   189.991   189.964 
    3930   189.991   189.963 
    3940   189.990   189.963 
    3950   189.973   189.949 
    3960   189.991   189.963 
    3970   189.988   189.965 
    3980   189.989   189.962 
    3990   189.985   189.961 
    4000   189.983   189.957 
    4010   189.992   189.948 
    4020   189.991   189.966 
    4030   189.991   189.963 
    4040   189.991   189.963 
    4050   189.968   189.959 
    4060   189.991   189.963 
    4070   189.991   189.961 
    4080   189.991   189.963 
    4090   189.992   189.963 
    4100   189.975   189.961 
    4110   189.991   189.955 
    4120   189.991   189.966 
    4130   189.991   189.962 
    4140   189.987   189.962 
    4150   189.981   189.962 
    4160   189.991   189.962 
    4170   189.992   189.964 
    4180   189.991   189.963 
    4190   189.987   189.962 
    4200   190.044   189.960 
    4210   189.991   189.963 
    4220   189.991   189.962 
    4230   189.990   189.960 
    4240   189.991   189.963 
    4250   189.958   189.975 
    4260   189.991   189.962 
    4270   189.991   189.962 
    4280   189.992   189.963 
    4290   189.991   189.962 
    4300   189.987   189.967 
    4310   189.991   189.962 
    4320   189.990   189.962 
    4330   189.990   189.963 
    4340   189.991   189.961 
    4350   189.989   189.950 
    4360   189.991   189.962 
    4370   189.991   189.962 
    4380   121.039   181.583 
    4390   189.991   189.960 
    4400   189.991   189.962 
    4410   189.991   189.962 
    4420   189.988   189.962 
    4430   189.992   189.962 
    4440   189.991   189.963 
    4450   189.988   190.052 
    4460   189.990   189.962 
    4470   189.991   189.962 
    4480   189.993   189.964 
    4490   189.991   189.962 
    4500   189.989   189.958 
    4510   189.991   189.962 
    4520   189.992   189.962 
    4530   189.989   189.962 
    4540   189.991   189.962 
    4550   189.991   189.969 
    4560   189.989   189.962 
    4570   189.993   189.962 
    4580   189.992   189.962 
    4590   189.991   189.959 
    4600   189.990   190.029 
    4610   189.988   189.962 
    4620   189.991   189.962 
    4630   189.991   189.962 
    4640   189.991   189.960 
    4650   189.993   189.965 
    4660   189.991   189.962 
    4670   189.991   189.962 
    4680   189.992   189.960 
    4690   189.992   189.961 
    4700   189.995   189.954 
    4710   189.991   189.964 
    4720   189.991   189.961 
    4730   189.991   189.960 
    4740   189.991   189.962 
    4750   189.997   190.039 
    4760   189.993   189.962 
    4770   189.992   189.962 
    4780   189.993   189.963 
    4790   189.990   189.962 
    4800   189.999   189.960 
    4810   189.992   189.961 
    4820   189.996   189.968 
    4830   189.993   189.960 
    4840   189.991   189.960 
    4850   190.002   189.980 
    4860   189.992   189.961 
    4870   189.992   189.961 
    4880   189.990   189.959 
    4890   189.992   189.961 
    4900   189.988   189.983 
    4910   189.992   189.961 
    4920   189.992   189.960 
    4930   189.991   189.960 
    4940   189.992   189.961 
    4950   189.990   189.961 
    4960   189.992   189.961 
    4970   189.992   189.961 
    4980   189.992   189.961 
    4990   189.991   189.961 
    5000   189.925   189.952 
    5010   189.992   189.961 
    5020   189.992   189.961 
    5030   189.992   189.961 
    5040   189.999   189.961 
    5050   189.952   189.949 
    5060   189.992   189.960 
    5070   189.991   189.959 
    5080   189.992   189.961 
    5090   189.992   189.961 
    5100   189.995   189.958 
    5110   189.992   189.960 
    5120   189.992   189.960 
    5130   248.728   109.979 
    5140   189.990   189.959 
    5150   189.948   189.911 
    5160   189.992   189.960 
    5170   189.992   189.960 
    5180   189.993   189.960 
    5190   189.992   189.960 
    5200   189.993   189.965 
    5210   189.992   189.960 
    5220   189.993   189.960 
    5230   189.992   189.962 
    5240   189.992   189.960 
    5250   190.001   189.956 
    5260   189.992   189.960 
    5270   189.993   189.960 
    5280   189.993   189.961 
    5290   189.992   189.960 
    5300   189.993   189.958 
    5310   189.993   189.960 
    5320   189.993   189.962 
    5330   189.993   189.960 
    5340   189.992   189.960 
    5350   189.996   189.960 
    5360   189.992   189.960 
    5370   189.992   189.960 
    5380   189.992   189.957 
    5390   189.993   189.960 
    5400   189.983   189.953 
    5410   189.992   189.960 
    5420   189.992   189.958 
    5430   189.995   189.959 
    5440   189.995   189.959 
    5450   190.002   189.948 
    5460   189.993   189.960 
    5470   189.993   189.962 
    5480   189.993   189.959 
    5490   189.992   189.959 
    5500   190.020   189.959 
    5510   189.993   189.959 
    5520   189.993   189.959 
    5530   189.993   189.959 
    5540   189.993   189.959 
    5550   189.989   189.946 
    5560   189.993   189.959 
    5570   189.993   189.959 
    5580   189.993   189.959 
    5590   189.993   189.959 
    5600   189.998   189.970 
    5610   189.995   189.958 
    5620   189.993   189.958 
    5630   189.993   189.957 
    5640   189.993   189.958 
    5650   189.995   189.952 
    5660   189.994   189.959 
    5670   189.993   189.958 
    5680   189.991   189.959 
    5690   189.993   189.958 
    5700   189.996   189.946 
    5710   189.993   189.958 
    5720   189.996   189.960 
    5730   189.993   189.955 
    5740   189.993   189.958 
    5750   190.027   189.961 
    5760   189.993   189.958 
    5770   189.993   189.958 
    5780   189.993   189.956 
    5790   189.993   189.958 
    5800   189.977   189.959 
    5810   189.994   189.958 
    5820   189.993   189.958 
    5830   189.993   189.959 
    5840   189.993   189.958 
    5850   189.943   189.942 
    5860   189.994   189.959 
    5870   189.994   189.958 
    5880   189.995   189.958 
    5890   189.994   189.958 
    5900   189.993   189.959 
    5910   189.993   189.958 
    5920   189.994   189.958 
    5930   190.005   189.960 
    5940   189.993   189.958 
    5950   190.002   189.948 
    5960   189.993   189.958 
    5970   189.993   189.958 
    5980   189.994   189.958 
    5990   189.993   189.958 
    6000   189.997   189.954 
    6010   189.994   189.958 
    6020   189.993   189.958 
    6030   189.992   189.958 
    6040   189.993   189.957 
    6050   189.997   189.967 
    6060   189.993   189.958 
    6070   189.993   189.959 
    6080   189.990   189.956 
    6090   189.993   189.958 
    6100   189.996   189.968 
    6110   189.993   189.958 
    6120   189.993   189.958 
    6130   189.994   189.959 
    6140   189.993   189.958 
    6150   189.989   189.963 
    6160   189.994   189.958 
    6170   189.993   189.958 
    6180   189.993   189.956 
    6190   189.994   189.958 
    6200   189.992   189.968 
    6210   189.994   189.958 
    6220   189.993   189.958 
    6230   189.994   189.958 
    6240   189.994   189.958 
    6250   189.992   189.966 
    6260   189.993   189.958 
    6270   189.994   189.958 
    6280   189.996   189.957 
    6290   189.994   189.958 
    6300   189.981   189.957 
    6310   189.994   189.958 
    6320   189.993   189.958 
    6330   189.994   189.956 
    6340   189.994   189.957 
    6350   189.990   189.959 
    6360   189.994   189.958 
    6370   189.993   189.958 
    6380   189.989   189.960 
    6390   189.994   189.958 
    6400   190.000   189.961 
    6410   189.994   189.958 
    6420   189.994   189.958 
    6430   189.993   189.959 
    6440   189.994   189.958 
    6450   189.995   189.959 
    6460   189.993   189.958 
    6470   189.994   189.958 
    6480   189.994   189.960 
    6490   189.994   189.958 
    6500   189.996   189.963 
    6510   189.994   189.958 
    6520   189.994   189.957 
    6530   189.993   189.961 
    6540   189.994   189.958 
    6550   189.962   189.954 
    6560   189.994   189.958 
    6570   189.994   189.958 
    6580   189.996   189.890 
    6590   189.994   189.958 
    6600   190.022   189.959 
    6610   189.994   189.958 
    6620   189.994   189.958 
    6630   287.289    68.967 
    6640   189.994   189.958 
    6650   189.958   189.929 
    6660   189.994   189.958 
    6670   189.994   189.958 
    6680   189.993   189.958 
    6690   189.994   189.958 
    6700   189.993   189.964 
    6710   189.994   189.958 
    6720   189.994   189.958 
    6730   189.994   189.958 
    6740   189.994   189.958 
    6750   189.955   189.969 
    6760   189.994   189.958 
    6770   189.994   189.958 
    6780   189.993   189.957 
    6790   189.993   189.958 
    6800   189.988   189.985 
    6810   189.994   189.958 
    6820   189.994   189.957 
    6830   189.993   189.959 
    6840   189.994   189.958 
    6850   189.956   189.942 
    6860   189.993   189.958 
    6870   189.994   189.958 
    6880   189.994   189.958 
    6890   189.994   189.958 
    6900   190.005   190.011 
    6910   189.994   189.958 
    6920   189.994   189.958 
    6930   189.992   189.957 
    6940   189.994   189.958 
    6950   189.993   189.957 
    6960   189.994   189.958 
    6970   189.994   189.958 
    6980   189.993   189.959 
    6990   189.994   189.957 
    7000   190.000   189.942 
    7010   189.994   189.958 
    7020   189.994   189.957 
    7030   189.994   189.959 
    7040   189.994   189.958 
    7050   189.994   190.016 
    7060   189.994   189.958 
    7070   189.994   189.958 
    7080   189.995   189.958 
    7090   189.994   189.958 
    7100   189.994   189.953 
    7110   189.994   189.958 
    7120   189.994   189.958 
    7130   189.994   189.958 
    7140   189.994   189.958 
    7150   190.010   189.956 
    7160   189.994   189.957 
    7170   189.994   189.958 
    7180   189.994   189.958 
    7190   189.994   189.958 
    7200   189.994   189.969 
    7210   189.994   189.958 
    7220   189.994   189.958 
    7230   189.992   189.957 
    7240   189.994   189.958 
    7250   189.986   190.016 
    7260   189.994   189.957 
    7270   189.994   189.957 
    7280   189.994   189.958 
    7290   189.994   189.958 
    7300   189.994   189.967 
    7310   189.994   189.958 
    7320   189.994   189.958 
    7330   189.994   189.960 
    7340   189.994   189.957 
    7350   189.992   189.962 
    7360   189.994   189.958 
    7370   189.994   189.958 
    7380   189.995   189.958 
    7390   189.994   189.957 
    7400   190.000   189.962 
    7410   189.994   189.957 
    7420   189.994   189.958 
    7430   189.991   189.959 
    7440   189.994   189.957 
    7450   189.995   189.967 
    7460   189.994   189.958 
    7470   189.994   189.957 
    7480   121.439   120.208 
    7490   189.994   189.957 
    7500   189.991   189.954 
    7510   189.994   189.957 
    7520   189.994   189.958 
    7530   190.013   189.950 
    7540   189.994   189.959 
    7550   189.992   189.949 
    7560   189.994   189.957 
    7570   189.994   189.957 
    7580   189.992   189.951 
    7590   189.993   189.958 
    7600   190.018   189.963 
    7610   189.994   189.958 
    7620   189.994   189.957 
    7630   189.994   189.959 
    7640   189.994   189.957 
    7650   189.990   189.959 
    7660   189.994   189.957 
    7670   189.994   189.958 
    7680   271.019   217.087 
    7690   189.994   189.957 
    7700   189.993   189.962 
    7710   189.993   189.957 
    7720   189.994   189.957 
    7730   189.992   189.962 
    7740   189.994   189.958 
    7750   189.999   189.949 
    7760   189.994   189.957 
    7770   189.994   189.957 
    7780   189.999   189.957 
    7790   189.995   189.957 
    7800   189.995   189.966 
    7810   189.994   189.957 
    7820   189.994   189.957 
    7830   189.995   189.957 
    7840   189.994   189.958 
    7850   189.989   189.947 
    7860   189.994   189.957 
    7870   189.994   189.957 
    7880   189.995   189.958 
    7890   189.994   189.958 
    7900   190.010   189.960 
    7910   189.994   189.956 
    7920   189.994   189.957 
    7930   189.994   189.958 
    7940   189.994   189.957 
    7950   189.994   189.962 
    7960   189.994   189.958 
    7970   189.994   189.957 
    7980   189.993   189.957 
    7990   189.994   189.958 
    8000   190.039   189.958 
    8010   189.994   189.957 
    8020   189.994   189.957 
    8030   189.994   189.958 
    8040   189.994   189.957 
    8050   189.996   189.957 
    8060   189.993   189.958 
    8070   189.993   189.957 
    8080   189.994   189.958 
    8090   189.994   189.957 
    8100   190.010   189.956 
    8110   189.994   189.957 
    8120   189.994   189.957 
    8130   281.055   201.115 
    8140   189.994   189.957 
    8150   189.990   190.014 
    8160   189.994   189.958 
    8170   189.994   189.957 
    8180   189.995   189.957 
    8190   189.994   189.957 
    8200   189.994   189.958 
    8210   189.994   189.957 
    8220   189.994   189.957 
    8230   189.994   189.957 
    8240   189.994   189.957 
    8250   189.987   189.965 
    8260   189.994   189.957 
    8270   189.994   189.957 
    8280   189.994   189.961 
    8290   189.994   189.957 
    8300   189.996   189.928 
    8310   189.994   189.957 
    8320   189.994   189.957 
    8330   189.993   189.958 
    8340   189.994   189.957 
    8350   189.996   189.962 
    8360   189.994   189.957 
    8370   189.994   189.957 
    8380   189.994   189.957 
    8390   189.994   189.957 
    8400   190.021   189.960 
    8410   189.994   189.957 
    8420   189.994   189.957 
    8430   189.993   189.959 
    8440   189.993   189.957 
    8450   189.981   190.006 
    8460   189.994   189.957 
    8470   189.994   189.957 
    8480   189.994   189.957 
    8490   189.994   189.957 
    8500   189.995   189.967 
    8510   189.994   189.957 
    8520   189.994   189.957 
    8530   189.995   189.957 
    8540   189.994   189.957 
    8550   189.997   189.947 
    8560   189.994   189.957 
    8570   189.994   189.957 
    8580   189.989   189.968 
    8590   189.995   189.957 
    8600   189.994   189.970 
    8610   189.994   189.957 
    8620   189.994   189.957 
    8630   189.994   189.958 
    8640   189.994   189.957 
    8650   189.997   189.965 
    8660   189.994   189.957 
    8670   189.994   189.957 
    8680   189.994   189.958 
    8690   189.994   189.957 
    8700   189.994   189.966 
    8710   189.994   189.957 
    8720   189.994   189.957 
    8730   189.994   189.957 
    8740   189.994   189.957 
    8750   189.961   189.885 
    8760   189.994   189.957 
    8770   189.994   189.957 
    8780   189.994   189.959 
    8790   189.994   189.957 
    8800   190.061   189.947 
    8810   189.992   189.957 
    8820   189.994   189.957 
    8830   189.993   189.957 
    8840   189.994   189.957 
    8850   189.993   189.947 
    8860   189.994   189.957 
    8870   189.994   189.957 
    8880   126.464   146.074 
    8890   189.993   189.958 
    8900   190.000   189.960 
    8910   189.994   189.957 
    8920   189.994   189.957 
    8930   189.971   189.948 
    8940   189.993   189.957 
    8950   190.001   189.954 
    8960   189.994   189.957 
    8970   189.994   189.957 
    8980   189.995   189.957 
    8990   189.994   189.957 
    9000   189.992   189.921 
    9010   189.994   189.957 
    9020   189.994   189.957 
    9030   189.993   189.955 
    9040   189.994   189.957 
    9050   189.994   189.955 
    9060   189.994   189.957 
    9070   189.994   189.957 
    9080   189.993   189.958 
    9090   189.994   189.957 
    9100   189.993   189.954 
    9110   189.993   189.957 
    9120   189.994   189.957 
    9130   189.994   189.956 
    9140   189.994   189.957 
    9150   189.976   189.943 
    9160   189.994   189.956 
    9170   189.994   189.957 
    9180   189.993   189.958 
    9190   189.994   189.957 
    9200   189.983   189.965 
    9210   189.994   189.957 
    9220   189.994   189.957 
    9230   189.995   189.958 
    9240   189.994   189.957 
    9250   190.005   189.959 
    9260   189.994   189.957 
    9270   189.994   189.957 
    9280   189.993   189.959 
    9290   189.994   189.957 
    9300   189.996   189.952 
    9310   189.994   189.957 
    9320   189.994   189.957 
    9330   189.993   189.954 
    9340   189.995   189.958 
    9350   190.035   190.005 
    9360   189.994   189.957 
    9370   189.994   189.957 
    9380   189.994   189.957 
    9390   189.994   189.957 
    9400   189.994   189.958 
    9410   189.994   189.957 
    9420   189.994   189.957 
    9430   189.995   189.957 
    9440   189.994   189.957 
    9450   190.004   189.884 
    9460   189.994   189.956 
    9470   189.994   189.957 
    9480   189.994   189.957 
    9490   189.994   189.957 
    9500   189.994   189.954 
    9510   189.994   189.957 
    9520   189.994   189.957 
    9530   189.996   189.961 
    9540   189.994   189.957 
    9550   190.019   189.934 
    9560   189.994   189.957 
    9570   189.994   189.957 
    9580   189.995   189.957 
    9590   189.994   189.957 
    9600   189.996   189.907 
    9610   189.994   189.957 
    9620   189.994   189.957 
    9630   189.995   189.958 
    9640   189.994   189.957 
    9650   189.995   189.956 
    9660   189.994   189.957 
    9670   189.994   189.957 
    9680   189.994   189.956 
    9690   189.994   189.957 
    9700   189.993   189.962 
    9710   189.994   189.957 
    9720   189.994   189.957 
    9730   189.994   189.959 
    9740   189.994   189.957 
    9750   189.987   190.026 
    9760   189.994   189.957 
    9770   189.994   189.957 
    9780   189.994   189.957 
    9790   189.994   189.957 
    9800   189.994   189.966 
    9810   189.994   189.957 
    9820   189.994   189.957 
    9830   189.996   189.957 
    9840   189.994   189.957 
    9850   189.994   189.964 
    9860   189.994   189.957 
    9870   189.994   189.957 
    9880   189.994   189.957 
    9890   189.994   189.957 
    9900   189.994   189.857 
    9910   189.994   189.957 
    9920   189.994   189.957 
    9930   189.994   189.958 
    9940   189.994   189.957 
    9950   189.978   189.961 
    9960   189.994   189.957 
    9970   189.994   189.957 
    9980   189.994   189.957 
    9990   189.994   189.957 
   10000   189.994   189.957 
