       0    54.944    54.941 
      10    58.882    59.705 
      20    59.968    59.983 
      30    59.932    59.914 
      40    59.941    59.901 
      50    59.926    59.899 
      60    59.941    59.934 
      70    59.936    59.929 
      80    59.939    59.938 
      90    59.939    59.936 
     100    59.928    60.163 
     110    59.941    59.936 
     120    59.943    59.936 
     130    59.942    59.936 
     140    59.940    59.937 
     150    59.965    59.896 
     160    59.941    59.937 
     170    59.889    59.876 
     180    59.940    59.936 
     190    59.942    59.940 
     200    59.942    59.936 
     210    59.942    59.937 
     220    59.941    59.937 
     230    59.939    59.935 
     240    59.941    59.937 
     250    59.938    59.939 
     260    59.941    59.937 
     270    59.941    59.937 
     280    59.950    59.925 
     290    59.945    59.940 
     300    59.938    59.936 
     310    59.941    59.937 
     320    59.942    59.937 
     330    59.941    59.930 
     340    59.942    59.937 
     350    60.038    59.941 
     360    59.941    59.937 
     370    59.942    59.937 
     380    59.924    59.934 
     390    59.941    59.937 
     400    59.970    59.949 
     410    59.942    59.937 
     420    59.942    59.937 
     430    59.942    59.932 
     440    59.942    59.937 
     450    59.863    59.936 
     460    59.942    59.937 
     470    59.941    59.937 
     480    59.942    59.937 
     490    59.942    59.943 
     500    59.940    59.937 
     510    59.943    59.917 
     520    59.942    59.937 
     530    59.951    59.940 
     540    59.942    59.937 
     550    59.940    59.942 
     560    59.939    59.941 
     570    59.942    59.937 
     580    59.941    59.938 
     590    59.942    59.937 
     600    60.007    59.633 
     610    59.942    59.938 
     620    59.942    59.937 
     630    59.940    59.932 
     640    59.942    59.938 
     650    59.956    59.933 
     660    59.943    59.937 
     670    59.942    59.937 
     680    59.946    59.946 
     690    59.942    59.937 
     700    59.990    59.908 
     710    59.942    59.937 
     720    59.942    59.937 
     730    59.942    59.939 
     740    59.942    59.937 
     750    60.456    59.917 
     760    59.942    59.937 
     770    59.942    59.938 
     780    59.943    59.938 
     790    59.942    59.937 
     800    59.950    59.981 
     810    59.943    59.937 
     820    59.941    59.938 
     830    59.942    59.938 
     840    59.942    59.938 
     850    59.947    59.936 
     860    59.942    59.937 
     870    59.942    59.937 
     880    59.944    59.928 
     890    59.942    59.937 
     900    59.995    59.946 
     910    59.942    59.937 
     920    59.942    59.937 
     930    59.942    59.942 
     940    59.942    59.937 
     950    59.913    59.936 
     960    59.942    59.942 
     970    59.942    59.937 
     980    59.943    59.937 
     990    59.942    59.937 
    1000    59.958    59.938 
    1010    59.942    59.938 
    1020    59.942    59.937 
    1030    59.941    59.937 
    1040    59.942    59.937 
    1050    59.911    59.901 
    1060    59.942    59.937 
    1070    59.942    59.937 
    1080    59.942    59.937 
    1090    59.942    59.939 
    1100    59.942    59.942 
    1110    59.941    59.937 
    1120    59.942    59.937 
    1130    59.942    59.941 
    1140    59.942    59.937 
    1150    59.942    59.933 
    1160    59.943    59.938 
    1170    59.943    59.938 
    1180    59.942    59.938 
    1190    59.942    59.938 
    1200    59.944    59.959 
    1210    59.942    59.937 
    1220    59.942    59.937 
    1230    59.939    59.938 
    1240    59.942    59.937 
    1250    59.942    59.939 
    1260    59.942    59.937 
    1270    59.942    59.937 
    1280    59.941    59.938 
    1290    59.942    59.937 
    1300    60.046    60.024 
    1310    59.942    59.937 
    1320    59.942    59.937 
    1330    59.944    59.954 
    1340    59.943    59.937 
    1350    59.947    59.959 
    1360    59.942    59.937 
    1370    59.942    59.937 
    1380    59.936    59.938 
    1390    59.942    59.937 
    1400    59.943    59.895 
    1410    59.943    59.937 
    1420    59.942    59.938 
    1430    59.047   157.807 
    1440    59.942    59.937 
    1450    60.059    59.943 
    1460    59.951    59.938 
    1470    59.942    59.938 
    1480    59.940    59.938 
    1490    59.943    59.939 
    1500    60.052    60.098 
    1510    59.943    59.938 
    1520    59.942    59.937 
    1530    59.940    59.937 
    1540    59.942    59.937 
    1550    59.935    59.923 
    1560    59.943    59.938 
    1570    59.942    59.937 
    1580    59.941    59.942 
    1590    59.942    59.937 
    1600    60.206    59.964 
    1610    59.946    59.938 
    1620    59.942    59.937 
    1630    59.941    59.938 
    1640    59.942    59.937 
    1650    60.203    60.733 
    1660    59.945    59.937 
    1670    59.942    59.937 
    1680    59.942    59.937 
    1690    59.942    59.938 
    1700    59.942    59.956 
    1710    59.942    59.938 
    1720    59.942    59.937 
    1730    59.942    59.937 
    1740    59.942    59.938 
    1750    59.926    59.944 
    1760    59.942    59.938 
    1770    59.943    59.947 
    1780    59.945    59.941 
    1790    59.942    59.937 
    1800    59.978    59.922 
    1810    59.942    59.938 
    1820    59.942    59.938 
    1830    59.937    59.938 
    1840    59.948    59.937 
    1850    59.942    59.932 
    1860    59.942    59.938 
    1870    59.942    59.938 
    1880    59.942    59.938 
    1890    59.942    59.938 
    1900    59.943    60.021 
    1910    59.942    59.938 
    1920    59.942    59.938 
    1930    59.942    59.938 
    1940    59.942    59.938 
    1950    59.917    59.796 
    1960    59.942    59.937 
    1970    59.941    59.937 
    1980    59.942    59.941 
    1990    59.942    59.937 
    2000    59.941    59.937 
    2010    59.942    59.936 
    2020    59.942    59.938 
    2030    59.942    59.937 
    2040    59.942    59.938 
    2050    60.063    59.936 
    2060    59.944    59.938 
    2070    59.941    59.938 
    2080    59.943    59.939 
    2090    59.942    59.938 
    2100    60.063    59.926 
    2110    59.942    59.938 
    2120    59.945    59.937 
    2130    59.939    59.938 
    2140    59.942    59.938 
    2150    60.045    60.215 
    2160    59.943    59.938 
    2170    59.942    59.938 
    2180    59.938    59.936 
    2190    59.942    59.938 
    2200    59.635    60.484 
    2210    59.942    59.938 
    2220    59.942    59.938 
    2230    59.946    59.937 
    2240    59.942    59.938 
    2250    59.942    59.937 
    2260    59.942    59.938 
    2270    59.942    59.938 
    2280    59.937    59.955 
    2290    59.942    59.938 
    2300    59.940    59.942 
    2310    59.942    59.938 
    2320    59.942    59.938 
    2330    59.942    59.937 
    2340    59.942    59.938 
    2350    59.935    59.458 
    2360    59.942    59.937 
    2370    59.942    59.938 
    2380    59.935    59.937 
    2390    59.942    59.938 
    2400    59.923    60.151 
    2410    59.942    59.937 
    2420    59.942    59.938 
    2430    59.937    59.941 
    2440    59.942    59.937 
    2450    60.302    60.428 
    2460    59.943    59.938 
    2470    59.942    59.938 
    2480    59.937    59.938 
    2490    59.942    59.937 
    2500    59.944    59.947 
    2510    59.942    59.938 
    2520    59.942    59.938 
    2530    59.945    59.930 
    2540    59.943    59.938 
    2550    59.861    59.910 
    2560    59.942    59.938 
    2570    59.942    59.938 
    2580    59.942    59.937 
    2590    59.942    59.938 
    2600    59.957    59.892 
    2610    59.942    59.937 
    2620    59.942    59.938 
    2630    59.943    59.939 
    2640    59.942    59.938 
    2650    59.940    59.938 
    2660    59.942    59.938 
    2670    59.942    59.938 
    2680    59.948    59.937 
    2690    59.942    59.937 
    2700    59.942    59.935 
    2710    59.942    59.938 
    2720    59.942    59.938 
    2730    59.944    59.945 
    2740    59.942    59.938 
    2750    60.105    59.902 
    2760    59.942    59.938 
    2770    59.942    59.938 
    2780    59.945    59.938 
    2790    59.942    59.937 
    2800    59.983    59.940 
    2810    59.942    59.938 
    2820    59.942    59.937 
    2830    59.936    59.937 
    2840    59.942    59.937 
    2850    59.872    60.497 
    2860    59.942    59.938 
    2870    59.943    59.938 
    2880    59.942    59.938 
    2890    59.942    59.938 
    2900    59.882    60.216 
    2910    59.942    59.938 
    2920    59.942    59.938 
    2930    59.944    59.947 
    2940    59.942    59.938 
    2950    60.018    59.924 
    2960    59.942    59.938 
    2970    59.942    59.938 
    2980    59.942    59.932 
    2990    59.942    59.938 
    3000    60.147    59.883 
    3010    59.942    59.938 
    3020    59.942    59.937 
    3030    59.940    59.938 
    3040    59.942    59.938 
    3050    59.942    59.937 
    3060    59.942    59.938 
    3070    59.942    59.938 
    3080    59.942    59.938 
    3090    59.942    59.938 
    3100    59.942    59.951 
    3110    59.929    59.938 
    3120    59.942    59.938 
    3130    59.942    59.938 
    3140    59.942    59.938 
    3150    59.927    59.954 
    3160    59.942    59.938 
    3170    59.942    59.938 
    3180    59.937    59.938 
    3190    59.942    59.938 
    3200    59.944    60.112 
    3210    59.943    59.938 
    3220    59.942    59.938 
    3230    59.940    59.937 
    3240    59.942    59.938 
    3250    59.943    59.941 
    3260    59.942    59.938 
    3270    59.942    59.938 
    3280    59.938    59.938 
    3290    59.942    59.938 
    3300    59.934    59.893 
    3310    59.942    59.938 
    3320    59.942    59.938 
    3330    59.942    59.938 
    3340    59.942    59.937 
    3350    59.939    59.878 
    3360    59.942    59.938 
    3370    59.942    59.938 
    3380    59.940    59.938 
    3390    59.942    59.938 
    3400    59.945    59.934 
    3410    59.942    59.938 
    3420    59.942    59.938 
    3430    59.942    59.934 
    3440    59.942    59.938 
    3450    59.943    59.903 
    3460    59.942    59.938 
    3470    59.943    59.938 
    3480    59.944    59.939 
    3490    59.942    59.938 
    3500    59.938    59.940 
    3510    59.942    59.938 
    3520    59.942    59.938 
    3530    59.939    59.938 
    3540    59.945    59.944 
    3550    59.940    59.933 
    3560    59.942    59.938 
    3570    59.942    59.938 
    3580    59.945    59.936 
    3590    59.942    59.938 
    3600    59.666    59.666 
    3610    59.942    59.938 
    3620    59.942    59.938 
    3630    59.939    59.936 
    3640    59.942    59.938 
    3650    59.942    59.938 
    3660    59.942    59.938 
    3670    59.942    59.938 
    3680    59.942    59.935 
    3690    59.942    59.938 
    3700    60.185    59.961 
    3710    59.942    59.938 
    3720    59.941    59.938 
    3730    59.943    59.937 
    3740    59.942    59.938 
    3750    59.952    59.943 
    3760    59.942    59.938 
    3770    59.942    59.938 
    3780    59.930    59.931 
    3790    59.942    59.938 
    3800    60.065    60.045 
    3810    59.942    59.938 
    3820    59.943    59.938 
    3830    59.942    59.933 
    3840    59.942    59.938 
    3850    59.927    59.938 
    3860    59.942    59.938 
    3870    59.942    59.938 
    3880    59.943    59.938 
    3890    59.943    59.937 
    3900    59.938    59.930 
    3910    59.942    59.937 
    3920    59.942    59.938 
    3930    59.941    59.938 
    3940    59.942    59.938 
    3950    59.884    60.105 
    3960    59.943    59.937 
    3970    59.942    59.938 
    3980    59.942    59.940 
    3990    59.942    59.938 
    4000    60.073    59.910 
    4010    59.955    59.937 
    4020    59.942    59.938 
    4030    59.949    59.938 
    4040    59.942    59.938 
    4050    59.986    59.148 
    4060    59.942    59.937 
    4070    59.942    59.938 
    4080    59.946    59.938 
    4090    59.942    59.938 
    4100    59.942    59.936 
    4110    59.942    59.938 
    4120    59.942    59.938 
    4130    59.942    59.938 
    4140    59.942    59.938 
    4150    59.927    60.227 
    4160    59.942    59.939 
    4170    59.942    59.938 
    4180    59.958    59.946 
    4190    59.942    59.938 
    4200    59.847    60.065 
    4210    59.942    59.938 
    4220    59.942    59.938 
    4230    59.943    59.944 
    4240    59.943    59.937 
    4250    59.942    59.939 
    4260    59.942    59.938 
    4270    59.942    59.938 
    4280    59.942    59.938 
    4290    59.942    59.938 
    4300    59.937    59.938 
    4310    59.942    59.938 
    4320    59.942    59.938 
    4330    59.943    59.940 
    4340    59.942    59.938 
    4350    59.799    59.981 
    4360    59.942    59.938 
    4370    59.942    59.938 
    4380    59.944    59.935 
    4390    59.942    59.938 
    4400    58.252    59.147 
    4410    59.824    59.930 
    4420    59.943    59.938 
    4430    59.938    59.938 
    4440    59.942    59.938 
    4450    59.942    60.342 
    4460    59.939    59.937 
    4470    59.942    59.938 
    4480    59.943    59.940 
    4490    59.942    59.938 
    4500    60.125    59.902 
    4510    59.942    59.938 
    4520    59.942    59.937 
    4530    59.940    59.938 
    4540    59.942    59.938 
    4550    59.974    60.001 
    4560    59.943    59.937 
    4570    59.941    59.939 
    4580    59.942    59.938 
    4590    59.942    59.938 
    4600    59.970    59.972 
    4610    59.942    59.938 
    4620    59.942    59.938 
    4630    59.942    59.935 
    4640    59.942    59.938 
    4650    59.942    59.919 
    4660    59.942    59.938 
    4670    59.942    59.938 
    4680    59.942    59.937 
    4690    59.942    59.938 
    4700    58.176    59.900 
    4710    59.945    59.938 
    4720    59.943    59.938 
    4730    59.942    59.938 
    4740    59.942    59.938 
    4750    59.969    59.960 
    4760    59.942    59.938 
    4770    59.942    59.938 
    4780    59.941    59.938 
    4790    59.944    59.934 
    4800    59.944    59.933 
    4810    59.942    59.938 
    4820    59.942    59.938 
    4830    59.943    59.938 
    4840    59.942    59.938 
    4850    59.764    60.034 
    4860    59.942    59.938 
    4870    59.942    59.938 
    4880    59.942    59.938 
    4890    59.942    59.938 
    4900    59.943    59.929 
    4910    59.942    59.938 
    4920    59.942    59.938 
    4930    59.939    59.938 
    4940    59.942    59.938 
    4950    59.942    59.937 
    4960    59.942    59.938 
    4970    59.942    59.938 
    4980    59.961    59.917 
    4990    59.942    59.938 
    5000    59.945    59.938 
    5010    59.942    59.938 
    5020    59.942    59.938 
    5030    59.942    59.938 
    5040    59.942    59.938 
    5050    59.921    59.713 
    5060    59.942    59.937 
    5070    59.942    59.938 
    5080    59.941    59.934 
    5090    59.942    59.938 
    5100    60.244    59.868 
    5110    59.943    59.938 
    5120    59.942    59.938 
    5130    59.942    59.937 
    5140    59.942    59.938 
    5150    59.953    59.998 
    5160    59.943    59.937 
    5170    59.949    59.924 
    5180    59.942    59.939 
    5190    59.943    59.938 
    5200    60.182    59.949 
    5210    59.942    59.938 
    5220    59.942    59.938 
    5230    59.942    59.935 
    5240    59.943    59.938 
    5250    59.944    59.938 
    5260    59.942    59.934 
    5270    59.942    59.938 
    5280    59.942    59.938 
    5290    59.943    59.934 
    5300    59.942    59.943 
    5310    59.942    59.938 
    5320    59.942    59.938 
    5330    59.942    59.938 
    5340    59.942    59.938 
    5350    59.941    59.776 
    5360    59.942    59.938 
    5370    59.942    59.938 
    5380    59.944    59.938 
    5390    59.942    59.937 
    5400    59.942    59.936 
    5410    59.946    59.938 
    5420    59.942    59.938 
    5430    59.942    59.938 
    5440    59.942    59.938 
    5450    59.941    59.951 
    5460    59.957    59.938 
    5470    59.942    59.938 
    5480    59.940    59.938 
    5490    59.942    59.938 
    5500    59.014    60.619 
    5510    59.943    59.938 
    5520    59.940    59.966 
    5530    59.942    59.938 
    5540    59.942    59.938 
    5550    59.942    59.939 
    5560    59.942    59.938 
    5570    59.943    59.938 
    5580    59.943    59.937 
    5590    59.942    59.938 
    5600    59.963    59.945 
    5610    59.942    59.938 
    5620    59.943    59.938 
    5630    59.942    59.939 
    5640    59.942    59.938 
    5650    59.954    59.906 
    5660    59.942    59.938 
    5670    59.942    59.938 
    5680    59.943    59.938 
    5690    59.942    59.938 
    5700    59.933    59.941 
    5710    59.942    59.938 
    5720    59.942    59.937 
    5730    59.942    59.939 
    5740    59.942    59.938 
    5750    59.939    59.938 
    5760    59.942    59.938 
    5770    59.942    59.938 
    5780    59.942    59.937 
    5790    59.942    59.938 
    5800    60.026    59.949 
    5810    59.942    59.938 
    5820    59.942    59.938 
    5830    59.942    59.940 
    5840    59.942    59.938 
    5850    59.922    59.987 
    5860    59.942    59.938 
    5870    59.942    59.938 
    5880    59.943    59.938 
    5890    59.942    59.938 
    5900    59.978    59.909 
    5910    59.942    59.938 
    5920    59.942    59.938 
    5930    59.944    59.934 
    5940    59.945    59.931 
    5950    59.945    59.937 
    5960    59.942    59.938 
    5970    59.942    59.938 
    5980    59.938    59.938 
    5990    59.949    59.936 
    6000    59.947    59.940 
    6010    59.942    59.938 
    6020    59.942    59.938 
    6030    59.907    59.917 
    6040    59.942    59.938 
    6050    59.938    59.943 
    6060    59.942    59.938 
    6070    59.942    59.938 
    6080    59.944    59.938 
    6090    59.943    59.940 
    6100    59.946    59.949 
    6110    59.944    59.938 
    6120    59.942    59.938 
    6130    59.942    59.938 
    6140    59.942    59.938 
    6150    59.929    59.872 
    6160    59.942    59.938 
    6170    59.942    59.938 
    6180    59.993    59.876 
    6190    59.944    59.936 
    6200    59.957    59.938 
    6210    59.942    59.925 
    6220    59.942    59.938 
    6230    59.941    59.935 
    6240    59.942    59.938 
    6250    59.945    59.938 
    6260    59.942    59.938 
    6270    59.942    59.938 
    6280    59.940    59.938 
    6290    59.942    59.938 
    6300    59.958    59.995 
    6310    59.942    59.937 
    6320    59.942    59.938 
    6330    59.943    59.938 
    6340    59.942    59.938 
    6350    60.044    59.845 
    6360    59.942    59.939 
    6370    59.942    59.938 
    6380    59.944    59.938 
    6390    59.942    59.938 
    6400    59.933    59.820 
    6410    59.954    59.944 
    6420    59.943    59.938 
    6430    59.941    59.940 
    6440    59.941    59.939 
    6450    59.941    59.938 
    6460    59.942    59.938 
    6470    59.942    59.938 
    6480    59.951    59.934 
    6490    59.942    59.938 
    6500    59.878    59.823 
    6510    59.942    59.938 
    6520    59.942    59.938 
    6530    59.942    59.938 
    6540    59.942    59.938 
    6550    59.933    59.936 
    6560    59.942    59.938 
    6570    59.942    59.938 
    6580    59.934    59.937 
    6590    59.943    59.938 
    6600    59.944    59.938 
    6610    59.943    59.938 
    6620    59.942    59.938 
    6630    59.942    59.938 
    6640    59.942    59.938 
    6650    59.943    59.939 
    6660    59.942    59.938 
    6670    59.942    59.938 
    6680    59.942    59.938 
    6690    59.942    59.936 
    6700    59.938    60.011 
    6710    59.943    59.942 
    6720    59.942    59.938 
    6730    59.943    59.937 
    6740    59.942    59.938 
    6750    59.470    59.923 
    6760    59.942    59.938 
    6770    59.942    59.938 
    6780    59.943    59.936 
    6790    59.942    59.938 
    6800    60.146    60.017 
    6810    59.942    59.938 
    6820    59.942    59.938 
    6830    59.944    59.937 
    6840    59.942    59.938 
    6850    59.977    59.990 
    6860    59.942    59.938 
    6870    59.942    59.938 
    6880    59.942    59.937 
    6890    59.942    59.939 
    6900    59.942    59.933 
    6910    59.942    59.938 
    6920    59.942    59.938 
    6930    59.942    59.938 
    6940    59.942    59.938 
    6950    59.976    59.929 
    6960    59.942    59.938 
    6970    59.942    59.938 
    6980    59.941    59.943 
    6990    59.942    59.938 
    7000    59.938    59.935 
    7010    59.942    59.938 
    7020    59.942    59.938 
    7030    59.944    59.940 
    7040    59.942    59.938 
    7050    60.092    59.814 
    7060    59.942    59.938 
    7070    59.942    59.938 
    7080    59.942    59.938 
    7090    59.942    59.938 
    7100    59.941    59.933 
    7110    59.942    59.938 
    7120    59.942    59.938 
    7130    59.942    59.938 
    7140    59.943    59.938 
    7150    59.787    59.930 
    7160    59.945    59.938 
    7170    59.942    59.938 
    7180    59.941    59.937 
    7190    59.942    59.938 
    7200    59.892    60.045 
    7210    59.942    59.938 
    7220    59.942    59.938 
    7230    59.942    59.938 
    7240    59.942    59.938 
    7250    59.899    59.957 
    7260    59.942    59.938 
    7270    59.942    59.938 
    7280    59.940    59.939 
    7290    59.942    59.938 
    7300    59.973    59.966 
    7310    59.942    59.938 
    7320    59.942    59.938 
    7330    59.942    59.938 
    7340    59.942    59.938 
    7350    59.892    59.938 
    7360    59.942    59.938 
    7370    59.942    59.938 
    7380    59.942    59.937 
    7390    59.942    59.938 
    7400    59.419    59.940 
    7410    59.942    59.938 
    7420    59.942    59.938 
    7430    59.944    59.937 
    7440    59.942    59.938 
    7450    60.033    60.071 
    7460    59.942    59.938 
    7470    59.942    59.938 
    7480    59.942    59.938 
    7490    59.942    59.936 
    7500    59.944    59.943 
    7510    59.942    59.938 
    7520    59.942    59.938 
    7530    59.942    59.939 
    7540    59.942    59.938 
    7550    60.125    59.932 
    7560    59.942    59.938 
    7570    59.942    59.938 
    7580    59.942    59.934 
    7590    59.942    59.938 
    7600    59.928    59.938 
    7610    59.942    59.938 
    7620    59.942    59.938 
    7630    59.942    59.937 
    7640    59.942    59.938 
    7650    59.896    59.861 
    7660    59.942    59.938 
    7670    59.942    59.938 
    7680    59.942    59.938 
    7690    59.942    59.938 
    7700    59.935    60.108 
    7710    59.942    59.938 
    7720    59.942    59.938 
    7730    59.942    59.937 
    7740    59.942    59.938 
    7750    60.189    59.965 
    7760    59.942    59.938 
    7770    59.942    59.938 
    7780    59.938    59.938 
    7790    59.942    59.938 
    7800    59.849    59.228 
    7810    59.942    59.938 
    7820    59.942    59.938 
    7830    59.938    59.938 
    7840    59.942    59.938 
    7850    59.942    59.939 
    7860    59.942    59.938 
    7870    59.945    59.938 
    7880    59.942    59.938 
    7890    59.942    59.938 
    7900    59.913    59.938 
    7910    59.942    59.937 
    7920    59.942    59.938 
    7930    59.942    59.938 
    7940    59.941    59.938 
    7950    59.942    59.939 
    7960    59.942    59.938 
    7970    59.942    59.938 
    7980    59.942    59.936 
    7990    59.943    59.939 
    8000    60.073    60.048 
    8010    59.943    59.938 
    8020    59.942    59.938 
    8030    59.941    59.938 
    8040    59.942    59.939 
    8050    59.942    59.940 
    8060    59.942    59.938 
    8070    59.942    59.938 
    8080    59.935    59.937 
    8090    59.942    59.938 
    8100    59.946    59.914 
    8110    59.942    59.938 
    8120    59.942    59.938 
    8130    59.939    59.933 
    8140    59.942    59.938 
    8150    59.945    59.936 
    8160    59.942    59.938 
    8170    59.942    59.938 
    8180    59.944    59.926 
    8190    59.942    59.938 
    8200    59.938    59.930 
    8210    59.942    59.938 
    8220    59.943    59.938 
    8230    59.943    59.938 
    8240    59.943    59.937 
    8250    59.945    59.934 
    8260    59.942    59.938 
    8270    59.942    59.938 
    8280    59.950    59.917 
    8290    59.942    59.938 
    8300    59.944    59.936 
    8310    59.942    59.938 
    8320    59.942    59.938 
    8330    59.942    59.938 
    8340    59.942    59.938 
    8350    59.942    59.936 
    8360    59.942    59.938 
    8370    59.942    59.938 
    8380    59.933    59.938 
    8390    59.942    59.938 
    8400    59.966    60.189 
    8410    59.942    59.938 
    8420    59.942    59.938 
    8430    59.940    59.939 
    8440    59.942    59.938 
    8450    60.079    60.106 
    8460    59.942    59.938 
    8470    59.942    59.938 
    8480    59.942    59.938 
    8490    59.942    59.938 
    8500    60.047    59.935 
    8510    59.942    59.938 
    8520    59.942    59.938 
    8530    59.943    59.938 
    8540    59.943    59.938 
    8550    60.039    60.025 
    8560    59.943    59.938 
    8570    59.942    59.938 
    8580    59.942    59.937 
    8590    59.942    59.938 
    8600    60.212    59.934 
    8610    59.942    59.938 
    8620    59.943    59.938 
    8630    59.940    59.937 
    8640    59.937    59.937 
    8650    59.938    59.940 
    8660    59.942    59.938 
    8670    59.942    59.938 
    8680    59.941    59.946 
    8690    59.942    59.938 
    8700    59.911    59.934 
    8710    59.942    59.938 
    8720    59.942    59.938 
    8730    59.942    59.935 
    8740    59.942    59.938 
    8750    59.944    59.938 
    8760    59.942    59.938 
    8770    59.942    59.938 
    8780    59.941    59.938 
    8790    59.942    59.938 
    8800    59.939    59.761 
    8810    59.942    59.938 
    8820    59.942    59.938 
    8830    59.937    59.939 
    8840    59.942    59.938 
    8850    60.012    60.239 
    8860    59.943    59.939 
    8870    59.942    59.938 
    8880    59.942    59.938 
    8890    59.942    59.939 
    8900    59.942    59.941 
    8910    59.942    59.938 
    8920    59.942    59.938 
    8930    59.946    59.937 
    8940    59.942    59.938 
    8950    59.904    59.753 
    8960    59.943    59.938 
    8970    59.941    59.939 
    8980    59.942    59.938 
    8990    59.943    59.941 
    9000    59.948    59.937 
    9010    59.942    59.938 
    9020    59.942    59.938 
    9030    59.943    59.938 
    9040    59.942    59.938 
    9050    59.947    59.937 
    9060    59.942    59.938 
    9070    59.942    59.938 
    9080    59.944    59.940 
    9090    59.942    59.938 
    9100    60.203    59.736 
    9110    59.943    59.938 
    9120    59.942    59.938 
    9130    59.941    59.938 
    9140    59.942    59.938 
    9150    59.947    59.935 
    9160    59.942    59.938 
    9170    59.942    59.938 
    9180    59.949    59.934 
    9190    59.942    59.938 
    9200    59.944    59.941 
    9210    59.942    59.938 
    9220    59.942    59.938 
    9230    59.942    59.938 
    9240    59.942    59.935 
    9250    59.932    59.939 
    9260    59.942    59.938 
    9270    59.942    59.936 
    9280    59.944    59.938 
    9290    59.942    59.938 
    9300    59.939    59.883 
    9310    59.943    59.938 
    9320    59.942    59.936 
    9330    59.940    59.938 
    9340    59.942    59.938 
    9350    59.943    59.937 
    9360    59.942    59.938 
    9370    59.942    59.938 
    9380    59.944    59.938 
    9390    59.942    59.938 
    9400    59.942    59.942 
    9410    59.941    59.938 
    9420    59.942    59.938 
    9430    59.944    59.938 
    9440    59.942    59.938 
    9450    59.942    59.940 
    9460    59.942    59.938 
    9470    59.944    59.937 
    9480    59.944    59.941 
    9490    59.942    59.938 
    9500    59.936    59.940 
    9510    59.949    59.937 
    9520    59.942    59.938 
    9530    59.943    59.937 
    9540    59.942    59.938 
    9550    60.005    60.129 
    9560    59.942    59.938 
    9570    59.942    59.937 
    9580    59.943    59.937 
    9590    59.942    59.938 
    9600    59.942    59.939 
    9610    59.942    59.938 
    9620    59.942    59.938 
    9630    59.939    59.947 
    9640    59.942    59.938 
    9650    59.989    59.948 
    9660    59.942    59.938 
    9670    59.942    59.938 
    9680    59.942    59.942 
    9690    59.942    59.938 
    9700    59.966    59.937 
    9710    59.942    59.920 
    9720    59.942    59.938 
    9730    59.942    59.939 
    9740    59.943    59.940 
    9750    59.936    59.942 
    9760    59.947    59.937 
    9770    59.942    59.938 
    9780    59.942    59.938 
    9790    59.942    59.938 
    9800    59.661    59.957 
    9810    59.942    59.938 
    9820    59.942    59.938 
    9830    59.942    59.935 
    9840    59.943    59.938 
    9850    59.936    59.938 
    9860    59.942    59.924 
    9870    59.942    59.938 
    9880    59.940    59.938 
    9890    59.942    59.938 
    9900    59.927    59.947 
    9910    59.942    59.938 
    9920    59.942    59.938 
    9930    59.934    59.942 
    9940    59.942    59.938 
    9950    59.943    59.939 
    9960    59.942    59.938 
    9970    59.942    59.938 
    9980    59.943    59.938 
    9990    59.942    59.936 
   10000    59.942    59.938 
